[2022-03-24 02:47:30,124] {processor.py:163} INFO - Started process (PID=94) to work on /home/airflow/.local/lib/python3.7/site-packages/airflow/example_dags/example_trigger_controller_dag.py
[2022-03-24 02:47:30,362] {processor.py:642} INFO - Processing file /home/airflow/.local/lib/python3.7/site-packages/airflow/example_dags/example_trigger_controller_dag.py for tasks to queue
[2022-03-24 02:47:30,411] {logging_mixin.py:109} INFO - [2022-03-24 02:47:30,409] {dagbag.py:500} INFO - Filling up the DagBag from /home/airflow/.local/lib/python3.7/site-packages/airflow/example_dags/example_trigger_controller_dag.py
[2022-03-24 02:47:30,546] {processor.py:654} INFO - DAG(s) dict_keys(['example_trigger_controller_dag']) retrieved from /home/airflow/.local/lib/python3.7/site-packages/airflow/example_dags/example_trigger_controller_dag.py
[2022-03-24 02:47:46,166] {logging_mixin.py:109} INFO - [2022-03-24 02:47:46,165] {manager.py:496} INFO - Created Permission View: can edit on DAG:example_trigger_controller_dag
[2022-03-24 02:47:46,223] {logging_mixin.py:109} INFO - [2022-03-24 02:47:46,223] {manager.py:496} INFO - Created Permission View: can read on DAG:example_trigger_controller_dag
[2022-03-24 02:47:46,231] {logging_mixin.py:109} INFO - [2022-03-24 02:47:46,230] {dag.py:2398} INFO - Sync 1 DAGs
[2022-03-24 02:47:46,305] {logging_mixin.py:109} INFO - [2022-03-24 02:47:46,304] {dag.py:2417} INFO - Creating ORM DAG for example_trigger_controller_dag
[2022-03-24 02:47:46,356] {logging_mixin.py:109} INFO - [2022-03-24 02:47:46,356] {dag.py:2937} INFO - Setting next_dagrun for example_trigger_controller_dag to 2021-01-01T00:00:00+00:00
[2022-03-24 02:47:46,453] {processor.py:171} INFO - Processing /home/airflow/.local/lib/python3.7/site-packages/airflow/example_dags/example_trigger_controller_dag.py took 16.342 seconds
[2022-03-24 02:49:36,593] {processor.py:163} INFO - Started process (PID=174) to work on /home/airflow/.local/lib/python3.7/site-packages/airflow/example_dags/example_trigger_controller_dag.py
[2022-03-24 02:49:36,621] {processor.py:642} INFO - Processing file /home/airflow/.local/lib/python3.7/site-packages/airflow/example_dags/example_trigger_controller_dag.py for tasks to queue
[2022-03-24 02:49:36,693] {logging_mixin.py:109} INFO - [2022-03-24 02:49:36,692] {dagbag.py:500} INFO - Filling up the DagBag from /home/airflow/.local/lib/python3.7/site-packages/airflow/example_dags/example_trigger_controller_dag.py
[2022-03-24 02:49:37,159] {processor.py:654} INFO - DAG(s) dict_keys(['example_trigger_controller_dag']) retrieved from /home/airflow/.local/lib/python3.7/site-packages/airflow/example_dags/example_trigger_controller_dag.py
[2022-03-24 02:49:37,331] {logging_mixin.py:109} INFO - [2022-03-24 02:49:37,330] {dag.py:2398} INFO - Sync 1 DAGs
[2022-03-24 02:49:37,727] {logging_mixin.py:109} INFO - [2022-03-24 02:49:37,727] {dag.py:2937} INFO - Setting next_dagrun for example_trigger_controller_dag to 2021-01-01T00:00:00+00:00
[2022-03-24 02:49:37,933] {processor.py:171} INFO - Processing /home/airflow/.local/lib/python3.7/site-packages/airflow/example_dags/example_trigger_controller_dag.py took 1.497 seconds
[2022-03-24 02:50:44,582] {processor.py:163} INFO - Started process (PID=285) to work on /home/airflow/.local/lib/python3.7/site-packages/airflow/example_dags/example_trigger_controller_dag.py
[2022-03-24 02:50:44,586] {processor.py:642} INFO - Processing file /home/airflow/.local/lib/python3.7/site-packages/airflow/example_dags/example_trigger_controller_dag.py for tasks to queue
[2022-03-24 02:50:44,590] {logging_mixin.py:109} INFO - [2022-03-24 02:50:44,589] {dagbag.py:500} INFO - Filling up the DagBag from /home/airflow/.local/lib/python3.7/site-packages/airflow/example_dags/example_trigger_controller_dag.py
[2022-03-24 02:50:44,657] {processor.py:654} INFO - DAG(s) dict_keys(['example_trigger_controller_dag']) retrieved from /home/airflow/.local/lib/python3.7/site-packages/airflow/example_dags/example_trigger_controller_dag.py
[2022-03-24 02:50:44,679] {logging_mixin.py:109} INFO - [2022-03-24 02:50:44,678] {dag.py:2398} INFO - Sync 1 DAGs
[2022-03-24 02:50:44,696] {logging_mixin.py:109} INFO - [2022-03-24 02:50:44,696] {dag.py:2937} INFO - Setting next_dagrun for example_trigger_controller_dag to 2021-01-01T00:00:00+00:00
[2022-03-24 02:50:44,709] {processor.py:171} INFO - Processing /home/airflow/.local/lib/python3.7/site-packages/airflow/example_dags/example_trigger_controller_dag.py took 0.136 seconds
[2022-03-24 02:51:15,444] {processor.py:163} INFO - Started process (PID=337) to work on /home/airflow/.local/lib/python3.7/site-packages/airflow/example_dags/example_trigger_controller_dag.py
[2022-03-24 02:51:15,452] {processor.py:642} INFO - Processing file /home/airflow/.local/lib/python3.7/site-packages/airflow/example_dags/example_trigger_controller_dag.py for tasks to queue
[2022-03-24 02:51:15,456] {logging_mixin.py:109} INFO - [2022-03-24 02:51:15,455] {dagbag.py:500} INFO - Filling up the DagBag from /home/airflow/.local/lib/python3.7/site-packages/airflow/example_dags/example_trigger_controller_dag.py
[2022-03-24 02:51:15,550] {processor.py:654} INFO - DAG(s) dict_keys(['example_trigger_controller_dag']) retrieved from /home/airflow/.local/lib/python3.7/site-packages/airflow/example_dags/example_trigger_controller_dag.py
[2022-03-24 02:51:15,588] {logging_mixin.py:109} INFO - [2022-03-24 02:51:15,588] {dag.py:2398} INFO - Sync 1 DAGs
[2022-03-24 02:51:15,634] {logging_mixin.py:109} INFO - [2022-03-24 02:51:15,627] {dag.py:2937} INFO - Setting next_dagrun for example_trigger_controller_dag to 2021-01-01T00:00:00+00:00
[2022-03-24 02:51:15,659] {processor.py:171} INFO - Processing /home/airflow/.local/lib/python3.7/site-packages/airflow/example_dags/example_trigger_controller_dag.py took 0.228 seconds
[2022-03-24 02:51:46,266] {processor.py:163} INFO - Started process (PID=386) to work on /home/airflow/.local/lib/python3.7/site-packages/airflow/example_dags/example_trigger_controller_dag.py
[2022-03-24 02:51:46,271] {processor.py:642} INFO - Processing file /home/airflow/.local/lib/python3.7/site-packages/airflow/example_dags/example_trigger_controller_dag.py for tasks to queue
[2022-03-24 02:51:46,273] {logging_mixin.py:109} INFO - [2022-03-24 02:51:46,273] {dagbag.py:500} INFO - Filling up the DagBag from /home/airflow/.local/lib/python3.7/site-packages/airflow/example_dags/example_trigger_controller_dag.py
[2022-03-24 02:51:46,350] {processor.py:654} INFO - DAG(s) dict_keys(['example_trigger_controller_dag']) retrieved from /home/airflow/.local/lib/python3.7/site-packages/airflow/example_dags/example_trigger_controller_dag.py
[2022-03-24 02:51:46,374] {logging_mixin.py:109} INFO - [2022-03-24 02:51:46,374] {dag.py:2398} INFO - Sync 1 DAGs
[2022-03-24 02:51:46,402] {logging_mixin.py:109} INFO - [2022-03-24 02:51:46,402] {dag.py:2937} INFO - Setting next_dagrun for example_trigger_controller_dag to 2021-01-01T00:00:00+00:00
[2022-03-24 02:51:46,422] {processor.py:171} INFO - Processing /home/airflow/.local/lib/python3.7/site-packages/airflow/example_dags/example_trigger_controller_dag.py took 0.161 seconds
[2022-03-24 02:52:16,629] {processor.py:163} INFO - Started process (PID=436) to work on /home/airflow/.local/lib/python3.7/site-packages/airflow/example_dags/example_trigger_controller_dag.py
[2022-03-24 02:52:16,632] {processor.py:642} INFO - Processing file /home/airflow/.local/lib/python3.7/site-packages/airflow/example_dags/example_trigger_controller_dag.py for tasks to queue
[2022-03-24 02:52:16,635] {logging_mixin.py:109} INFO - [2022-03-24 02:52:16,635] {dagbag.py:500} INFO - Filling up the DagBag from /home/airflow/.local/lib/python3.7/site-packages/airflow/example_dags/example_trigger_controller_dag.py
[2022-03-24 02:52:16,682] {processor.py:654} INFO - DAG(s) dict_keys(['example_trigger_controller_dag']) retrieved from /home/airflow/.local/lib/python3.7/site-packages/airflow/example_dags/example_trigger_controller_dag.py
[2022-03-24 02:52:16,700] {logging_mixin.py:109} INFO - [2022-03-24 02:52:16,700] {dag.py:2398} INFO - Sync 1 DAGs
[2022-03-24 02:52:16,723] {logging_mixin.py:109} INFO - [2022-03-24 02:52:16,723] {dag.py:2937} INFO - Setting next_dagrun for example_trigger_controller_dag to 2021-01-01T00:00:00+00:00
[2022-03-24 02:52:16,742] {processor.py:171} INFO - Processing /home/airflow/.local/lib/python3.7/site-packages/airflow/example_dags/example_trigger_controller_dag.py took 0.124 seconds
[2022-03-24 02:52:47,268] {processor.py:163} INFO - Started process (PID=486) to work on /home/airflow/.local/lib/python3.7/site-packages/airflow/example_dags/example_trigger_controller_dag.py
[2022-03-24 02:52:47,276] {processor.py:642} INFO - Processing file /home/airflow/.local/lib/python3.7/site-packages/airflow/example_dags/example_trigger_controller_dag.py for tasks to queue
[2022-03-24 02:52:47,283] {logging_mixin.py:109} INFO - [2022-03-24 02:52:47,283] {dagbag.py:500} INFO - Filling up the DagBag from /home/airflow/.local/lib/python3.7/site-packages/airflow/example_dags/example_trigger_controller_dag.py
[2022-03-24 02:52:47,414] {processor.py:654} INFO - DAG(s) dict_keys(['example_trigger_controller_dag']) retrieved from /home/airflow/.local/lib/python3.7/site-packages/airflow/example_dags/example_trigger_controller_dag.py
[2022-03-24 02:52:47,450] {logging_mixin.py:109} INFO - [2022-03-24 02:52:47,450] {dag.py:2398} INFO - Sync 1 DAGs
[2022-03-24 02:52:47,513] {logging_mixin.py:109} INFO - [2022-03-24 02:52:47,513] {dag.py:2937} INFO - Setting next_dagrun for example_trigger_controller_dag to 2021-01-01T00:00:00+00:00
[2022-03-24 02:52:47,551] {processor.py:171} INFO - Processing /home/airflow/.local/lib/python3.7/site-packages/airflow/example_dags/example_trigger_controller_dag.py took 0.296 seconds
[2022-03-24 02:53:17,860] {processor.py:163} INFO - Started process (PID=543) to work on /home/airflow/.local/lib/python3.7/site-packages/airflow/example_dags/example_trigger_controller_dag.py
[2022-03-24 02:53:17,862] {processor.py:642} INFO - Processing file /home/airflow/.local/lib/python3.7/site-packages/airflow/example_dags/example_trigger_controller_dag.py for tasks to queue
[2022-03-24 02:53:17,873] {logging_mixin.py:109} INFO - [2022-03-24 02:53:17,873] {dagbag.py:500} INFO - Filling up the DagBag from /home/airflow/.local/lib/python3.7/site-packages/airflow/example_dags/example_trigger_controller_dag.py
[2022-03-24 02:53:18,014] {processor.py:654} INFO - DAG(s) dict_keys(['example_trigger_controller_dag']) retrieved from /home/airflow/.local/lib/python3.7/site-packages/airflow/example_dags/example_trigger_controller_dag.py
[2022-03-24 02:53:18,059] {logging_mixin.py:109} INFO - [2022-03-24 02:53:18,059] {dag.py:2398} INFO - Sync 1 DAGs
[2022-03-24 02:53:18,113] {logging_mixin.py:109} INFO - [2022-03-24 02:53:18,112] {dag.py:2937} INFO - Setting next_dagrun for example_trigger_controller_dag to 2021-01-01T00:00:00+00:00
[2022-03-24 02:53:18,160] {processor.py:171} INFO - Processing /home/airflow/.local/lib/python3.7/site-packages/airflow/example_dags/example_trigger_controller_dag.py took 0.337 seconds
[2022-03-24 02:53:48,236] {processor.py:163} INFO - Started process (PID=592) to work on /home/airflow/.local/lib/python3.7/site-packages/airflow/example_dags/example_trigger_controller_dag.py
[2022-03-24 02:53:48,256] {processor.py:642} INFO - Processing file /home/airflow/.local/lib/python3.7/site-packages/airflow/example_dags/example_trigger_controller_dag.py for tasks to queue
[2022-03-24 02:53:48,261] {logging_mixin.py:109} INFO - [2022-03-24 02:53:48,261] {dagbag.py:500} INFO - Filling up the DagBag from /home/airflow/.local/lib/python3.7/site-packages/airflow/example_dags/example_trigger_controller_dag.py
[2022-03-24 02:53:48,305] {processor.py:654} INFO - DAG(s) dict_keys(['example_trigger_controller_dag']) retrieved from /home/airflow/.local/lib/python3.7/site-packages/airflow/example_dags/example_trigger_controller_dag.py
[2022-03-24 02:53:48,325] {logging_mixin.py:109} INFO - [2022-03-24 02:53:48,325] {dag.py:2398} INFO - Sync 1 DAGs
[2022-03-24 02:53:48,342] {logging_mixin.py:109} INFO - [2022-03-24 02:53:48,341] {dag.py:2937} INFO - Setting next_dagrun for example_trigger_controller_dag to 2021-01-01T00:00:00+00:00
[2022-03-24 02:53:48,357] {processor.py:171} INFO - Processing /home/airflow/.local/lib/python3.7/site-packages/airflow/example_dags/example_trigger_controller_dag.py took 0.128 seconds
[2022-03-24 02:54:18,537] {processor.py:163} INFO - Started process (PID=643) to work on /home/airflow/.local/lib/python3.7/site-packages/airflow/example_dags/example_trigger_controller_dag.py
[2022-03-24 02:54:18,545] {processor.py:642} INFO - Processing file /home/airflow/.local/lib/python3.7/site-packages/airflow/example_dags/example_trigger_controller_dag.py for tasks to queue
[2022-03-24 02:54:18,548] {logging_mixin.py:109} INFO - [2022-03-24 02:54:18,548] {dagbag.py:500} INFO - Filling up the DagBag from /home/airflow/.local/lib/python3.7/site-packages/airflow/example_dags/example_trigger_controller_dag.py
[2022-03-24 02:54:18,765] {processor.py:654} INFO - DAG(s) dict_keys(['example_trigger_controller_dag']) retrieved from /home/airflow/.local/lib/python3.7/site-packages/airflow/example_dags/example_trigger_controller_dag.py
[2022-03-24 02:54:18,803] {logging_mixin.py:109} INFO - [2022-03-24 02:54:18,803] {dag.py:2398} INFO - Sync 1 DAGs
[2022-03-24 02:54:18,839] {logging_mixin.py:109} INFO - [2022-03-24 02:54:18,839] {dag.py:2937} INFO - Setting next_dagrun for example_trigger_controller_dag to 2021-01-01T00:00:00+00:00
[2022-03-24 02:54:18,867] {processor.py:171} INFO - Processing /home/airflow/.local/lib/python3.7/site-packages/airflow/example_dags/example_trigger_controller_dag.py took 0.334 seconds
[2022-03-24 02:54:50,070] {processor.py:163} INFO - Started process (PID=685) to work on /home/airflow/.local/lib/python3.7/site-packages/airflow/example_dags/example_trigger_controller_dag.py
[2022-03-24 02:54:50,086] {processor.py:642} INFO - Processing file /home/airflow/.local/lib/python3.7/site-packages/airflow/example_dags/example_trigger_controller_dag.py for tasks to queue
[2022-03-24 02:54:50,108] {logging_mixin.py:109} INFO - [2022-03-24 02:54:50,107] {dagbag.py:500} INFO - Filling up the DagBag from /home/airflow/.local/lib/python3.7/site-packages/airflow/example_dags/example_trigger_controller_dag.py
[2022-03-24 02:54:50,353] {processor.py:654} INFO - DAG(s) dict_keys(['example_trigger_controller_dag']) retrieved from /home/airflow/.local/lib/python3.7/site-packages/airflow/example_dags/example_trigger_controller_dag.py
[2022-03-24 02:54:50,442] {logging_mixin.py:109} INFO - [2022-03-24 02:54:50,442] {dag.py:2398} INFO - Sync 1 DAGs
[2022-03-24 02:54:50,520] {logging_mixin.py:109} INFO - [2022-03-24 02:54:50,518] {dag.py:2937} INFO - Setting next_dagrun for example_trigger_controller_dag to 2021-01-01T00:00:00+00:00
[2022-03-24 02:54:50,827] {processor.py:171} INFO - Processing /home/airflow/.local/lib/python3.7/site-packages/airflow/example_dags/example_trigger_controller_dag.py took 0.780 seconds
[2022-03-24 02:55:21,816] {processor.py:163} INFO - Started process (PID=743) to work on /home/airflow/.local/lib/python3.7/site-packages/airflow/example_dags/example_trigger_controller_dag.py
[2022-03-24 02:55:21,819] {processor.py:642} INFO - Processing file /home/airflow/.local/lib/python3.7/site-packages/airflow/example_dags/example_trigger_controller_dag.py for tasks to queue
[2022-03-24 02:55:21,821] {logging_mixin.py:109} INFO - [2022-03-24 02:55:21,820] {dagbag.py:500} INFO - Filling up the DagBag from /home/airflow/.local/lib/python3.7/site-packages/airflow/example_dags/example_trigger_controller_dag.py
[2022-03-24 02:55:21,976] {processor.py:654} INFO - DAG(s) dict_keys(['example_trigger_controller_dag']) retrieved from /home/airflow/.local/lib/python3.7/site-packages/airflow/example_dags/example_trigger_controller_dag.py
[2022-03-24 02:55:22,047] {logging_mixin.py:109} INFO - [2022-03-24 02:55:22,047] {dag.py:2398} INFO - Sync 1 DAGs
[2022-03-24 02:55:22,118] {logging_mixin.py:109} INFO - [2022-03-24 02:55:22,117] {dag.py:2937} INFO - Setting next_dagrun for example_trigger_controller_dag to 2021-01-01T00:00:00+00:00
[2022-03-24 02:55:22,150] {processor.py:171} INFO - Processing /home/airflow/.local/lib/python3.7/site-packages/airflow/example_dags/example_trigger_controller_dag.py took 0.358 seconds
[2022-03-24 02:55:52,598] {processor.py:163} INFO - Started process (PID=786) to work on /home/airflow/.local/lib/python3.7/site-packages/airflow/example_dags/example_trigger_controller_dag.py
[2022-03-24 02:55:52,603] {processor.py:642} INFO - Processing file /home/airflow/.local/lib/python3.7/site-packages/airflow/example_dags/example_trigger_controller_dag.py for tasks to queue
[2022-03-24 02:55:52,608] {logging_mixin.py:109} INFO - [2022-03-24 02:55:52,608] {dagbag.py:500} INFO - Filling up the DagBag from /home/airflow/.local/lib/python3.7/site-packages/airflow/example_dags/example_trigger_controller_dag.py
[2022-03-24 02:55:52,732] {processor.py:654} INFO - DAG(s) dict_keys(['example_trigger_controller_dag']) retrieved from /home/airflow/.local/lib/python3.7/site-packages/airflow/example_dags/example_trigger_controller_dag.py
[2022-03-24 02:55:52,769] {logging_mixin.py:109} INFO - [2022-03-24 02:55:52,769] {dag.py:2398} INFO - Sync 1 DAGs
[2022-03-24 02:55:52,814] {logging_mixin.py:109} INFO - [2022-03-24 02:55:52,813] {dag.py:2937} INFO - Setting next_dagrun for example_trigger_controller_dag to 2021-01-01T00:00:00+00:00
[2022-03-24 02:55:52,846] {processor.py:171} INFO - Processing /home/airflow/.local/lib/python3.7/site-packages/airflow/example_dags/example_trigger_controller_dag.py took 0.259 seconds
[2022-03-24 02:56:30,156] {processor.py:163} INFO - Started process (PID=845) to work on /home/airflow/.local/lib/python3.7/site-packages/airflow/example_dags/example_trigger_controller_dag.py
[2022-03-24 02:56:30,247] {processor.py:642} INFO - Processing file /home/airflow/.local/lib/python3.7/site-packages/airflow/example_dags/example_trigger_controller_dag.py for tasks to queue
[2022-03-24 02:56:30,601] {logging_mixin.py:109} INFO - [2022-03-24 02:56:30,601] {dagbag.py:500} INFO - Filling up the DagBag from /home/airflow/.local/lib/python3.7/site-packages/airflow/example_dags/example_trigger_controller_dag.py
[2022-03-24 02:56:30,671] {processor.py:654} INFO - DAG(s) dict_keys(['example_trigger_controller_dag']) retrieved from /home/airflow/.local/lib/python3.7/site-packages/airflow/example_dags/example_trigger_controller_dag.py
[2022-03-24 02:56:31,137] {logging_mixin.py:109} INFO - [2022-03-24 02:56:31,134] {dag.py:2398} INFO - Sync 1 DAGs
[2022-03-24 02:56:32,583] {logging_mixin.py:109} INFO - [2022-03-24 02:56:32,583] {dag.py:2937} INFO - Setting next_dagrun for example_trigger_controller_dag to 2021-01-01T00:00:00+00:00
[2022-03-24 02:56:33,374] {processor.py:171} INFO - Processing /home/airflow/.local/lib/python3.7/site-packages/airflow/example_dags/example_trigger_controller_dag.py took 3.227 seconds
[2022-03-24 02:57:04,557] {processor.py:163} INFO - Started process (PID=895) to work on /home/airflow/.local/lib/python3.7/site-packages/airflow/example_dags/example_trigger_controller_dag.py
[2022-03-24 02:57:04,560] {processor.py:642} INFO - Processing file /home/airflow/.local/lib/python3.7/site-packages/airflow/example_dags/example_trigger_controller_dag.py for tasks to queue
[2022-03-24 02:57:04,564] {logging_mixin.py:109} INFO - [2022-03-24 02:57:04,564] {dagbag.py:500} INFO - Filling up the DagBag from /home/airflow/.local/lib/python3.7/site-packages/airflow/example_dags/example_trigger_controller_dag.py
[2022-03-24 02:57:04,607] {processor.py:654} INFO - DAG(s) dict_keys(['example_trigger_controller_dag']) retrieved from /home/airflow/.local/lib/python3.7/site-packages/airflow/example_dags/example_trigger_controller_dag.py
[2022-03-24 02:57:04,628] {logging_mixin.py:109} INFO - [2022-03-24 02:57:04,628] {dag.py:2398} INFO - Sync 1 DAGs
[2022-03-24 02:57:04,649] {logging_mixin.py:109} INFO - [2022-03-24 02:57:04,649] {dag.py:2937} INFO - Setting next_dagrun for example_trigger_controller_dag to 2021-01-01T00:00:00+00:00
[2022-03-24 02:57:04,667] {processor.py:171} INFO - Processing /home/airflow/.local/lib/python3.7/site-packages/airflow/example_dags/example_trigger_controller_dag.py took 0.114 seconds
[2022-03-24 02:57:35,107] {processor.py:163} INFO - Started process (PID=945) to work on /home/airflow/.local/lib/python3.7/site-packages/airflow/example_dags/example_trigger_controller_dag.py
[2022-03-24 02:57:35,109] {processor.py:642} INFO - Processing file /home/airflow/.local/lib/python3.7/site-packages/airflow/example_dags/example_trigger_controller_dag.py for tasks to queue
[2022-03-24 02:57:35,111] {logging_mixin.py:109} INFO - [2022-03-24 02:57:35,111] {dagbag.py:500} INFO - Filling up the DagBag from /home/airflow/.local/lib/python3.7/site-packages/airflow/example_dags/example_trigger_controller_dag.py
[2022-03-24 02:57:35,156] {processor.py:654} INFO - DAG(s) dict_keys(['example_trigger_controller_dag']) retrieved from /home/airflow/.local/lib/python3.7/site-packages/airflow/example_dags/example_trigger_controller_dag.py
[2022-03-24 02:57:35,176] {logging_mixin.py:109} INFO - [2022-03-24 02:57:35,176] {dag.py:2398} INFO - Sync 1 DAGs
[2022-03-24 02:57:35,200] {logging_mixin.py:109} INFO - [2022-03-24 02:57:35,200] {dag.py:2937} INFO - Setting next_dagrun for example_trigger_controller_dag to 2021-01-01T00:00:00+00:00
[2022-03-24 02:57:35,218] {processor.py:171} INFO - Processing /home/airflow/.local/lib/python3.7/site-packages/airflow/example_dags/example_trigger_controller_dag.py took 0.115 seconds
[2022-03-24 02:58:06,062] {processor.py:163} INFO - Started process (PID=997) to work on /home/airflow/.local/lib/python3.7/site-packages/airflow/example_dags/example_trigger_controller_dag.py
[2022-03-24 02:58:06,067] {processor.py:642} INFO - Processing file /home/airflow/.local/lib/python3.7/site-packages/airflow/example_dags/example_trigger_controller_dag.py for tasks to queue
[2022-03-24 02:58:06,069] {logging_mixin.py:109} INFO - [2022-03-24 02:58:06,069] {dagbag.py:500} INFO - Filling up the DagBag from /home/airflow/.local/lib/python3.7/site-packages/airflow/example_dags/example_trigger_controller_dag.py
[2022-03-24 02:58:06,125] {processor.py:654} INFO - DAG(s) dict_keys(['example_trigger_controller_dag']) retrieved from /home/airflow/.local/lib/python3.7/site-packages/airflow/example_dags/example_trigger_controller_dag.py
[2022-03-24 02:58:06,152] {logging_mixin.py:109} INFO - [2022-03-24 02:58:06,151] {dag.py:2398} INFO - Sync 1 DAGs
[2022-03-24 02:58:06,205] {logging_mixin.py:109} INFO - [2022-03-24 02:58:06,205] {dag.py:2937} INFO - Setting next_dagrun for example_trigger_controller_dag to 2021-01-01T00:00:00+00:00
[2022-03-24 02:58:06,234] {processor.py:171} INFO - Processing /home/airflow/.local/lib/python3.7/site-packages/airflow/example_dags/example_trigger_controller_dag.py took 0.183 seconds
[2022-03-24 02:58:36,808] {processor.py:163} INFO - Started process (PID=1047) to work on /home/airflow/.local/lib/python3.7/site-packages/airflow/example_dags/example_trigger_controller_dag.py
[2022-03-24 02:58:36,812] {processor.py:642} INFO - Processing file /home/airflow/.local/lib/python3.7/site-packages/airflow/example_dags/example_trigger_controller_dag.py for tasks to queue
[2022-03-24 02:58:36,817] {logging_mixin.py:109} INFO - [2022-03-24 02:58:36,816] {dagbag.py:500} INFO - Filling up the DagBag from /home/airflow/.local/lib/python3.7/site-packages/airflow/example_dags/example_trigger_controller_dag.py
[2022-03-24 02:58:36,895] {processor.py:654} INFO - DAG(s) dict_keys(['example_trigger_controller_dag']) retrieved from /home/airflow/.local/lib/python3.7/site-packages/airflow/example_dags/example_trigger_controller_dag.py
[2022-03-24 02:58:36,929] {logging_mixin.py:109} INFO - [2022-03-24 02:58:36,929] {dag.py:2398} INFO - Sync 1 DAGs
[2022-03-24 02:58:36,971] {logging_mixin.py:109} INFO - [2022-03-24 02:58:36,971] {dag.py:2937} INFO - Setting next_dagrun for example_trigger_controller_dag to 2021-01-01T00:00:00+00:00
[2022-03-24 02:58:37,001] {processor.py:171} INFO - Processing /home/airflow/.local/lib/python3.7/site-packages/airflow/example_dags/example_trigger_controller_dag.py took 0.201 seconds
[2022-03-24 02:59:07,182] {processor.py:163} INFO - Started process (PID=1108) to work on /home/airflow/.local/lib/python3.7/site-packages/airflow/example_dags/example_trigger_controller_dag.py
[2022-03-24 02:59:07,192] {processor.py:642} INFO - Processing file /home/airflow/.local/lib/python3.7/site-packages/airflow/example_dags/example_trigger_controller_dag.py for tasks to queue
[2022-03-24 02:59:07,201] {logging_mixin.py:109} INFO - [2022-03-24 02:59:07,196] {dagbag.py:500} INFO - Filling up the DagBag from /home/airflow/.local/lib/python3.7/site-packages/airflow/example_dags/example_trigger_controller_dag.py
[2022-03-24 02:59:07,338] {processor.py:654} INFO - DAG(s) dict_keys(['example_trigger_controller_dag']) retrieved from /home/airflow/.local/lib/python3.7/site-packages/airflow/example_dags/example_trigger_controller_dag.py
[2022-03-24 02:59:07,489] {logging_mixin.py:109} INFO - [2022-03-24 02:59:07,488] {dag.py:2398} INFO - Sync 1 DAGs
[2022-03-24 02:59:07,542] {logging_mixin.py:109} INFO - [2022-03-24 02:59:07,542] {dag.py:2937} INFO - Setting next_dagrun for example_trigger_controller_dag to 2021-01-01T00:00:00+00:00
[2022-03-24 02:59:07,565] {processor.py:171} INFO - Processing /home/airflow/.local/lib/python3.7/site-packages/airflow/example_dags/example_trigger_controller_dag.py took 0.402 seconds
[2022-03-24 02:59:38,488] {processor.py:163} INFO - Started process (PID=1161) to work on /home/airflow/.local/lib/python3.7/site-packages/airflow/example_dags/example_trigger_controller_dag.py
[2022-03-24 02:59:38,494] {processor.py:642} INFO - Processing file /home/airflow/.local/lib/python3.7/site-packages/airflow/example_dags/example_trigger_controller_dag.py for tasks to queue
[2022-03-24 02:59:38,497] {logging_mixin.py:109} INFO - [2022-03-24 02:59:38,497] {dagbag.py:500} INFO - Filling up the DagBag from /home/airflow/.local/lib/python3.7/site-packages/airflow/example_dags/example_trigger_controller_dag.py
[2022-03-24 02:59:38,659] {processor.py:654} INFO - DAG(s) dict_keys(['example_trigger_controller_dag']) retrieved from /home/airflow/.local/lib/python3.7/site-packages/airflow/example_dags/example_trigger_controller_dag.py
[2022-03-24 02:59:38,706] {logging_mixin.py:109} INFO - [2022-03-24 02:59:38,706] {dag.py:2398} INFO - Sync 1 DAGs
[2022-03-24 02:59:38,845] {logging_mixin.py:109} INFO - [2022-03-24 02:59:38,844] {dag.py:2937} INFO - Setting next_dagrun for example_trigger_controller_dag to 2021-01-01T00:00:00+00:00
[2022-03-24 02:59:38,900] {processor.py:171} INFO - Processing /home/airflow/.local/lib/python3.7/site-packages/airflow/example_dags/example_trigger_controller_dag.py took 0.416 seconds
[2022-03-24 03:00:09,557] {processor.py:163} INFO - Started process (PID=1211) to work on /home/airflow/.local/lib/python3.7/site-packages/airflow/example_dags/example_trigger_controller_dag.py
[2022-03-24 03:00:09,570] {processor.py:642} INFO - Processing file /home/airflow/.local/lib/python3.7/site-packages/airflow/example_dags/example_trigger_controller_dag.py for tasks to queue
[2022-03-24 03:00:09,574] {logging_mixin.py:109} INFO - [2022-03-24 03:00:09,573] {dagbag.py:500} INFO - Filling up the DagBag from /home/airflow/.local/lib/python3.7/site-packages/airflow/example_dags/example_trigger_controller_dag.py
[2022-03-24 03:00:09,778] {processor.py:654} INFO - DAG(s) dict_keys(['example_trigger_controller_dag']) retrieved from /home/airflow/.local/lib/python3.7/site-packages/airflow/example_dags/example_trigger_controller_dag.py
[2022-03-24 03:00:09,851] {logging_mixin.py:109} INFO - [2022-03-24 03:00:09,851] {dag.py:2398} INFO - Sync 1 DAGs
[2022-03-24 03:00:09,936] {logging_mixin.py:109} INFO - [2022-03-24 03:00:09,935] {dag.py:2937} INFO - Setting next_dagrun for example_trigger_controller_dag to 2021-01-01T00:00:00+00:00
[2022-03-24 03:00:10,010] {processor.py:171} INFO - Processing /home/airflow/.local/lib/python3.7/site-packages/airflow/example_dags/example_trigger_controller_dag.py took 0.469 seconds
[2022-03-24 03:00:40,698] {processor.py:163} INFO - Started process (PID=1259) to work on /home/airflow/.local/lib/python3.7/site-packages/airflow/example_dags/example_trigger_controller_dag.py
[2022-03-24 03:00:40,715] {processor.py:642} INFO - Processing file /home/airflow/.local/lib/python3.7/site-packages/airflow/example_dags/example_trigger_controller_dag.py for tasks to queue
[2022-03-24 03:00:40,727] {logging_mixin.py:109} INFO - [2022-03-24 03:00:40,726] {dagbag.py:500} INFO - Filling up the DagBag from /home/airflow/.local/lib/python3.7/site-packages/airflow/example_dags/example_trigger_controller_dag.py
[2022-03-24 03:00:40,906] {processor.py:654} INFO - DAG(s) dict_keys(['example_trigger_controller_dag']) retrieved from /home/airflow/.local/lib/python3.7/site-packages/airflow/example_dags/example_trigger_controller_dag.py
[2022-03-24 03:00:40,975] {logging_mixin.py:109} INFO - [2022-03-24 03:00:40,975] {dag.py:2398} INFO - Sync 1 DAGs
[2022-03-24 03:00:41,063] {logging_mixin.py:109} INFO - [2022-03-24 03:00:41,063] {dag.py:2937} INFO - Setting next_dagrun for example_trigger_controller_dag to 2021-01-01T00:00:00+00:00
[2022-03-24 03:00:41,115] {processor.py:171} INFO - Processing /home/airflow/.local/lib/python3.7/site-packages/airflow/example_dags/example_trigger_controller_dag.py took 0.439 seconds
[2022-03-24 03:01:11,457] {processor.py:163} INFO - Started process (PID=1309) to work on /home/airflow/.local/lib/python3.7/site-packages/airflow/example_dags/example_trigger_controller_dag.py
[2022-03-24 03:01:11,485] {processor.py:642} INFO - Processing file /home/airflow/.local/lib/python3.7/site-packages/airflow/example_dags/example_trigger_controller_dag.py for tasks to queue
[2022-03-24 03:01:11,490] {logging_mixin.py:109} INFO - [2022-03-24 03:01:11,490] {dagbag.py:500} INFO - Filling up the DagBag from /home/airflow/.local/lib/python3.7/site-packages/airflow/example_dags/example_trigger_controller_dag.py
[2022-03-24 03:01:11,814] {processor.py:654} INFO - DAG(s) dict_keys(['example_trigger_controller_dag']) retrieved from /home/airflow/.local/lib/python3.7/site-packages/airflow/example_dags/example_trigger_controller_dag.py
[2022-03-24 03:01:11,876] {logging_mixin.py:109} INFO - [2022-03-24 03:01:11,876] {dag.py:2398} INFO - Sync 1 DAGs
[2022-03-24 03:01:11,949] {logging_mixin.py:109} INFO - [2022-03-24 03:01:11,949] {dag.py:2937} INFO - Setting next_dagrun for example_trigger_controller_dag to 2021-01-01T00:00:00+00:00
[2022-03-24 03:01:11,988] {processor.py:171} INFO - Processing /home/airflow/.local/lib/python3.7/site-packages/airflow/example_dags/example_trigger_controller_dag.py took 0.569 seconds
[2022-03-24 03:01:44,290] {processor.py:163} INFO - Started process (PID=1353) to work on /home/airflow/.local/lib/python3.7/site-packages/airflow/example_dags/example_trigger_controller_dag.py
[2022-03-24 03:01:44,297] {processor.py:642} INFO - Processing file /home/airflow/.local/lib/python3.7/site-packages/airflow/example_dags/example_trigger_controller_dag.py for tasks to queue
[2022-03-24 03:01:44,302] {logging_mixin.py:109} INFO - [2022-03-24 03:01:44,301] {dagbag.py:500} INFO - Filling up the DagBag from /home/airflow/.local/lib/python3.7/site-packages/airflow/example_dags/example_trigger_controller_dag.py
[2022-03-24 03:01:44,417] {processor.py:654} INFO - DAG(s) dict_keys(['example_trigger_controller_dag']) retrieved from /home/airflow/.local/lib/python3.7/site-packages/airflow/example_dags/example_trigger_controller_dag.py
[2022-03-24 03:01:44,492] {logging_mixin.py:109} INFO - [2022-03-24 03:01:44,492] {dag.py:2398} INFO - Sync 1 DAGs
[2022-03-24 03:01:44,596] {logging_mixin.py:109} INFO - [2022-03-24 03:01:44,595] {dag.py:2937} INFO - Setting next_dagrun for example_trigger_controller_dag to 2021-01-01T00:00:00+00:00
[2022-03-24 03:01:44,650] {processor.py:171} INFO - Processing /home/airflow/.local/lib/python3.7/site-packages/airflow/example_dags/example_trigger_controller_dag.py took 0.371 seconds
[2022-03-24 03:02:14,754] {processor.py:163} INFO - Started process (PID=1412) to work on /home/airflow/.local/lib/python3.7/site-packages/airflow/example_dags/example_trigger_controller_dag.py
[2022-03-24 03:02:14,779] {processor.py:642} INFO - Processing file /home/airflow/.local/lib/python3.7/site-packages/airflow/example_dags/example_trigger_controller_dag.py for tasks to queue
[2022-03-24 03:02:14,788] {logging_mixin.py:109} INFO - [2022-03-24 03:02:14,788] {dagbag.py:500} INFO - Filling up the DagBag from /home/airflow/.local/lib/python3.7/site-packages/airflow/example_dags/example_trigger_controller_dag.py
[2022-03-24 03:02:14,872] {processor.py:654} INFO - DAG(s) dict_keys(['example_trigger_controller_dag']) retrieved from /home/airflow/.local/lib/python3.7/site-packages/airflow/example_dags/example_trigger_controller_dag.py
[2022-03-24 03:02:14,919] {logging_mixin.py:109} INFO - [2022-03-24 03:02:14,919] {dag.py:2398} INFO - Sync 1 DAGs
[2022-03-24 03:02:14,956] {logging_mixin.py:109} INFO - [2022-03-24 03:02:14,956] {dag.py:2937} INFO - Setting next_dagrun for example_trigger_controller_dag to 2021-01-01T00:00:00+00:00
[2022-03-24 03:02:14,988] {processor.py:171} INFO - Processing /home/airflow/.local/lib/python3.7/site-packages/airflow/example_dags/example_trigger_controller_dag.py took 0.246 seconds
[2022-03-24 03:02:45,040] {processor.py:163} INFO - Started process (PID=1465) to work on /home/airflow/.local/lib/python3.7/site-packages/airflow/example_dags/example_trigger_controller_dag.py
[2022-03-24 03:02:45,043] {processor.py:642} INFO - Processing file /home/airflow/.local/lib/python3.7/site-packages/airflow/example_dags/example_trigger_controller_dag.py for tasks to queue
[2022-03-24 03:02:45,044] {logging_mixin.py:109} INFO - [2022-03-24 03:02:45,044] {dagbag.py:500} INFO - Filling up the DagBag from /home/airflow/.local/lib/python3.7/site-packages/airflow/example_dags/example_trigger_controller_dag.py
[2022-03-24 03:02:45,084] {processor.py:654} INFO - DAG(s) dict_keys(['example_trigger_controller_dag']) retrieved from /home/airflow/.local/lib/python3.7/site-packages/airflow/example_dags/example_trigger_controller_dag.py
[2022-03-24 03:02:45,101] {logging_mixin.py:109} INFO - [2022-03-24 03:02:45,100] {dag.py:2398} INFO - Sync 1 DAGs
[2022-03-24 03:02:45,117] {logging_mixin.py:109} INFO - [2022-03-24 03:02:45,117] {dag.py:2937} INFO - Setting next_dagrun for example_trigger_controller_dag to 2021-01-01T00:00:00+00:00
[2022-03-24 03:02:45,131] {processor.py:171} INFO - Processing /home/airflow/.local/lib/python3.7/site-packages/airflow/example_dags/example_trigger_controller_dag.py took 0.095 seconds
[2022-03-24 03:03:15,405] {processor.py:163} INFO - Started process (PID=1513) to work on /home/airflow/.local/lib/python3.7/site-packages/airflow/example_dags/example_trigger_controller_dag.py
[2022-03-24 03:03:15,408] {processor.py:642} INFO - Processing file /home/airflow/.local/lib/python3.7/site-packages/airflow/example_dags/example_trigger_controller_dag.py for tasks to queue
[2022-03-24 03:03:15,411] {logging_mixin.py:109} INFO - [2022-03-24 03:03:15,411] {dagbag.py:500} INFO - Filling up the DagBag from /home/airflow/.local/lib/python3.7/site-packages/airflow/example_dags/example_trigger_controller_dag.py
[2022-03-24 03:03:15,471] {processor.py:654} INFO - DAG(s) dict_keys(['example_trigger_controller_dag']) retrieved from /home/airflow/.local/lib/python3.7/site-packages/airflow/example_dags/example_trigger_controller_dag.py
[2022-03-24 03:03:15,495] {logging_mixin.py:109} INFO - [2022-03-24 03:03:15,495] {dag.py:2398} INFO - Sync 1 DAGs
[2022-03-24 03:03:15,527] {logging_mixin.py:109} INFO - [2022-03-24 03:03:15,526] {dag.py:2937} INFO - Setting next_dagrun for example_trigger_controller_dag to 2021-01-01T00:00:00+00:00
[2022-03-24 03:03:15,556] {processor.py:171} INFO - Processing /home/airflow/.local/lib/python3.7/site-packages/airflow/example_dags/example_trigger_controller_dag.py took 0.159 seconds
[2022-03-24 03:03:45,903] {processor.py:163} INFO - Started process (PID=1566) to work on /home/airflow/.local/lib/python3.7/site-packages/airflow/example_dags/example_trigger_controller_dag.py
[2022-03-24 03:03:45,916] {processor.py:642} INFO - Processing file /home/airflow/.local/lib/python3.7/site-packages/airflow/example_dags/example_trigger_controller_dag.py for tasks to queue
[2022-03-24 03:03:45,931] {logging_mixin.py:109} INFO - [2022-03-24 03:03:45,931] {dagbag.py:500} INFO - Filling up the DagBag from /home/airflow/.local/lib/python3.7/site-packages/airflow/example_dags/example_trigger_controller_dag.py
[2022-03-24 03:03:46,117] {processor.py:654} INFO - DAG(s) dict_keys(['example_trigger_controller_dag']) retrieved from /home/airflow/.local/lib/python3.7/site-packages/airflow/example_dags/example_trigger_controller_dag.py
[2022-03-24 03:03:46,180] {logging_mixin.py:109} INFO - [2022-03-24 03:03:46,180] {dag.py:2398} INFO - Sync 1 DAGs
[2022-03-24 03:03:46,209] {logging_mixin.py:109} INFO - [2022-03-24 03:03:46,209] {dag.py:2937} INFO - Setting next_dagrun for example_trigger_controller_dag to 2021-01-01T00:00:00+00:00
[2022-03-24 03:03:46,225] {processor.py:171} INFO - Processing /home/airflow/.local/lib/python3.7/site-packages/airflow/example_dags/example_trigger_controller_dag.py took 0.360 seconds
[2022-03-24 03:04:16,329] {processor.py:163} INFO - Started process (PID=1627) to work on /home/airflow/.local/lib/python3.7/site-packages/airflow/example_dags/example_trigger_controller_dag.py
[2022-03-24 03:04:16,375] {processor.py:642} INFO - Processing file /home/airflow/.local/lib/python3.7/site-packages/airflow/example_dags/example_trigger_controller_dag.py for tasks to queue
[2022-03-24 03:04:16,377] {logging_mixin.py:109} INFO - [2022-03-24 03:04:16,377] {dagbag.py:500} INFO - Filling up the DagBag from /home/airflow/.local/lib/python3.7/site-packages/airflow/example_dags/example_trigger_controller_dag.py
[2022-03-24 03:04:16,457] {processor.py:654} INFO - DAG(s) dict_keys(['example_trigger_controller_dag']) retrieved from /home/airflow/.local/lib/python3.7/site-packages/airflow/example_dags/example_trigger_controller_dag.py
[2022-03-24 03:04:16,503] {logging_mixin.py:109} INFO - [2022-03-24 03:04:16,503] {dag.py:2398} INFO - Sync 1 DAGs
[2022-03-24 03:04:16,562] {logging_mixin.py:109} INFO - [2022-03-24 03:04:16,561] {dag.py:2937} INFO - Setting next_dagrun for example_trigger_controller_dag to 2021-01-01T00:00:00+00:00
[2022-03-24 03:04:16,586] {processor.py:171} INFO - Processing /home/airflow/.local/lib/python3.7/site-packages/airflow/example_dags/example_trigger_controller_dag.py took 0.269 seconds
[2022-03-24 03:04:46,648] {processor.py:163} INFO - Started process (PID=1676) to work on /home/airflow/.local/lib/python3.7/site-packages/airflow/example_dags/example_trigger_controller_dag.py
[2022-03-24 03:04:46,651] {processor.py:642} INFO - Processing file /home/airflow/.local/lib/python3.7/site-packages/airflow/example_dags/example_trigger_controller_dag.py for tasks to queue
[2022-03-24 03:04:46,664] {logging_mixin.py:109} INFO - [2022-03-24 03:04:46,664] {dagbag.py:500} INFO - Filling up the DagBag from /home/airflow/.local/lib/python3.7/site-packages/airflow/example_dags/example_trigger_controller_dag.py
[2022-03-24 03:04:46,704] {processor.py:654} INFO - DAG(s) dict_keys(['example_trigger_controller_dag']) retrieved from /home/airflow/.local/lib/python3.7/site-packages/airflow/example_dags/example_trigger_controller_dag.py
[2022-03-24 03:04:46,904] {logging_mixin.py:109} INFO - [2022-03-24 03:04:46,904] {dag.py:2398} INFO - Sync 1 DAGs
[2022-03-24 03:04:46,949] {logging_mixin.py:109} INFO - [2022-03-24 03:04:46,949] {dag.py:2937} INFO - Setting next_dagrun for example_trigger_controller_dag to 2021-01-01T00:00:00+00:00
[2022-03-24 03:04:46,976] {processor.py:171} INFO - Processing /home/airflow/.local/lib/python3.7/site-packages/airflow/example_dags/example_trigger_controller_dag.py took 0.332 seconds
[2022-03-24 03:05:17,023] {processor.py:163} INFO - Started process (PID=1730) to work on /home/airflow/.local/lib/python3.7/site-packages/airflow/example_dags/example_trigger_controller_dag.py
[2022-03-24 03:05:17,029] {processor.py:642} INFO - Processing file /home/airflow/.local/lib/python3.7/site-packages/airflow/example_dags/example_trigger_controller_dag.py for tasks to queue
[2022-03-24 03:05:17,030] {logging_mixin.py:109} INFO - [2022-03-24 03:05:17,030] {dagbag.py:500} INFO - Filling up the DagBag from /home/airflow/.local/lib/python3.7/site-packages/airflow/example_dags/example_trigger_controller_dag.py
[2022-03-24 03:05:17,075] {processor.py:654} INFO - DAG(s) dict_keys(['example_trigger_controller_dag']) retrieved from /home/airflow/.local/lib/python3.7/site-packages/airflow/example_dags/example_trigger_controller_dag.py
[2022-03-24 03:05:17,088] {logging_mixin.py:109} INFO - [2022-03-24 03:05:17,088] {dag.py:2398} INFO - Sync 1 DAGs
[2022-03-24 03:05:17,106] {logging_mixin.py:109} INFO - [2022-03-24 03:05:17,106] {dag.py:2937} INFO - Setting next_dagrun for example_trigger_controller_dag to 2021-01-01T00:00:00+00:00
[2022-03-24 03:05:17,123] {processor.py:171} INFO - Processing /home/airflow/.local/lib/python3.7/site-packages/airflow/example_dags/example_trigger_controller_dag.py took 0.103 seconds
[2022-03-24 03:05:47,431] {processor.py:163} INFO - Started process (PID=1783) to work on /home/airflow/.local/lib/python3.7/site-packages/airflow/example_dags/example_trigger_controller_dag.py
[2022-03-24 03:05:47,433] {processor.py:642} INFO - Processing file /home/airflow/.local/lib/python3.7/site-packages/airflow/example_dags/example_trigger_controller_dag.py for tasks to queue
[2022-03-24 03:05:47,436] {logging_mixin.py:109} INFO - [2022-03-24 03:05:47,435] {dagbag.py:500} INFO - Filling up the DagBag from /home/airflow/.local/lib/python3.7/site-packages/airflow/example_dags/example_trigger_controller_dag.py
[2022-03-24 03:05:47,490] {processor.py:654} INFO - DAG(s) dict_keys(['example_trigger_controller_dag']) retrieved from /home/airflow/.local/lib/python3.7/site-packages/airflow/example_dags/example_trigger_controller_dag.py
[2022-03-24 03:05:47,511] {logging_mixin.py:109} INFO - [2022-03-24 03:05:47,511] {dag.py:2398} INFO - Sync 1 DAGs
[2022-03-24 03:05:47,544] {logging_mixin.py:109} INFO - [2022-03-24 03:05:47,543] {dag.py:2937} INFO - Setting next_dagrun for example_trigger_controller_dag to 2021-01-01T00:00:00+00:00
[2022-03-24 03:05:47,561] {processor.py:171} INFO - Processing /home/airflow/.local/lib/python3.7/site-packages/airflow/example_dags/example_trigger_controller_dag.py took 0.134 seconds
[2022-03-24 03:06:17,651] {processor.py:163} INFO - Started process (PID=1833) to work on /home/airflow/.local/lib/python3.7/site-packages/airflow/example_dags/example_trigger_controller_dag.py
[2022-03-24 03:06:17,804] {processor.py:642} INFO - Processing file /home/airflow/.local/lib/python3.7/site-packages/airflow/example_dags/example_trigger_controller_dag.py for tasks to queue
[2022-03-24 03:06:17,808] {logging_mixin.py:109} INFO - [2022-03-24 03:06:17,808] {dagbag.py:500} INFO - Filling up the DagBag from /home/airflow/.local/lib/python3.7/site-packages/airflow/example_dags/example_trigger_controller_dag.py
[2022-03-24 03:06:17,850] {processor.py:654} INFO - DAG(s) dict_keys(['example_trigger_controller_dag']) retrieved from /home/airflow/.local/lib/python3.7/site-packages/airflow/example_dags/example_trigger_controller_dag.py
[2022-03-24 03:06:17,863] {logging_mixin.py:109} INFO - [2022-03-24 03:06:17,863] {dag.py:2398} INFO - Sync 1 DAGs
[2022-03-24 03:06:17,886] {logging_mixin.py:109} INFO - [2022-03-24 03:06:17,885] {dag.py:2937} INFO - Setting next_dagrun for example_trigger_controller_dag to 2021-01-01T00:00:00+00:00
[2022-03-24 03:06:17,906] {processor.py:171} INFO - Processing /home/airflow/.local/lib/python3.7/site-packages/airflow/example_dags/example_trigger_controller_dag.py took 0.259 seconds
[2022-03-24 03:06:48,044] {processor.py:163} INFO - Started process (PID=1882) to work on /home/airflow/.local/lib/python3.7/site-packages/airflow/example_dags/example_trigger_controller_dag.py
[2022-03-24 03:06:48,047] {processor.py:642} INFO - Processing file /home/airflow/.local/lib/python3.7/site-packages/airflow/example_dags/example_trigger_controller_dag.py for tasks to queue
[2022-03-24 03:06:48,048] {logging_mixin.py:109} INFO - [2022-03-24 03:06:48,048] {dagbag.py:500} INFO - Filling up the DagBag from /home/airflow/.local/lib/python3.7/site-packages/airflow/example_dags/example_trigger_controller_dag.py
[2022-03-24 03:06:48,090] {processor.py:654} INFO - DAG(s) dict_keys(['example_trigger_controller_dag']) retrieved from /home/airflow/.local/lib/python3.7/site-packages/airflow/example_dags/example_trigger_controller_dag.py
[2022-03-24 03:06:48,101] {logging_mixin.py:109} INFO - [2022-03-24 03:06:48,101] {dag.py:2398} INFO - Sync 1 DAGs
[2022-03-24 03:06:48,117] {logging_mixin.py:109} INFO - [2022-03-24 03:06:48,117] {dag.py:2937} INFO - Setting next_dagrun for example_trigger_controller_dag to 2021-01-01T00:00:00+00:00
[2022-03-24 03:06:48,127] {processor.py:171} INFO - Processing /home/airflow/.local/lib/python3.7/site-packages/airflow/example_dags/example_trigger_controller_dag.py took 0.087 seconds
[2022-03-24 03:07:18,827] {processor.py:163} INFO - Started process (PID=1933) to work on /home/airflow/.local/lib/python3.7/site-packages/airflow/example_dags/example_trigger_controller_dag.py
[2022-03-24 03:07:18,829] {processor.py:642} INFO - Processing file /home/airflow/.local/lib/python3.7/site-packages/airflow/example_dags/example_trigger_controller_dag.py for tasks to queue
[2022-03-24 03:07:18,835] {logging_mixin.py:109} INFO - [2022-03-24 03:07:18,834] {dagbag.py:500} INFO - Filling up the DagBag from /home/airflow/.local/lib/python3.7/site-packages/airflow/example_dags/example_trigger_controller_dag.py
[2022-03-24 03:07:18,908] {processor.py:654} INFO - DAG(s) dict_keys(['example_trigger_controller_dag']) retrieved from /home/airflow/.local/lib/python3.7/site-packages/airflow/example_dags/example_trigger_controller_dag.py
[2022-03-24 03:07:18,924] {logging_mixin.py:109} INFO - [2022-03-24 03:07:18,924] {dag.py:2398} INFO - Sync 1 DAGs
[2022-03-24 03:07:18,943] {logging_mixin.py:109} INFO - [2022-03-24 03:07:18,943] {dag.py:2937} INFO - Setting next_dagrun for example_trigger_controller_dag to 2021-01-01T00:00:00+00:00
[2022-03-24 03:07:18,955] {processor.py:171} INFO - Processing /home/airflow/.local/lib/python3.7/site-packages/airflow/example_dags/example_trigger_controller_dag.py took 0.137 seconds
[2022-03-24 03:07:49,513] {processor.py:163} INFO - Started process (PID=1985) to work on /home/airflow/.local/lib/python3.7/site-packages/airflow/example_dags/example_trigger_controller_dag.py
[2022-03-24 03:07:49,537] {processor.py:642} INFO - Processing file /home/airflow/.local/lib/python3.7/site-packages/airflow/example_dags/example_trigger_controller_dag.py for tasks to queue
[2022-03-24 03:07:49,542] {logging_mixin.py:109} INFO - [2022-03-24 03:07:49,542] {dagbag.py:500} INFO - Filling up the DagBag from /home/airflow/.local/lib/python3.7/site-packages/airflow/example_dags/example_trigger_controller_dag.py
[2022-03-24 03:07:49,591] {processor.py:654} INFO - DAG(s) dict_keys(['example_trigger_controller_dag']) retrieved from /home/airflow/.local/lib/python3.7/site-packages/airflow/example_dags/example_trigger_controller_dag.py
[2022-03-24 03:07:49,710] {logging_mixin.py:109} INFO - [2022-03-24 03:07:49,710] {dag.py:2398} INFO - Sync 1 DAGs
[2022-03-24 03:07:50,266] {logging_mixin.py:109} INFO - [2022-03-24 03:07:50,266] {dag.py:2937} INFO - Setting next_dagrun for example_trigger_controller_dag to 2021-01-01T00:00:00+00:00
[2022-03-24 03:07:50,345] {processor.py:171} INFO - Processing /home/airflow/.local/lib/python3.7/site-packages/airflow/example_dags/example_trigger_controller_dag.py took 0.837 seconds
[2022-03-24 03:08:21,260] {processor.py:163} INFO - Started process (PID=2036) to work on /home/airflow/.local/lib/python3.7/site-packages/airflow/example_dags/example_trigger_controller_dag.py
[2022-03-24 03:08:21,264] {processor.py:642} INFO - Processing file /home/airflow/.local/lib/python3.7/site-packages/airflow/example_dags/example_trigger_controller_dag.py for tasks to queue
[2022-03-24 03:08:21,266] {logging_mixin.py:109} INFO - [2022-03-24 03:08:21,266] {dagbag.py:500} INFO - Filling up the DagBag from /home/airflow/.local/lib/python3.7/site-packages/airflow/example_dags/example_trigger_controller_dag.py
[2022-03-24 03:08:21,467] {processor.py:654} INFO - DAG(s) dict_keys(['example_trigger_controller_dag']) retrieved from /home/airflow/.local/lib/python3.7/site-packages/airflow/example_dags/example_trigger_controller_dag.py
[2022-03-24 03:08:21,496] {logging_mixin.py:109} INFO - [2022-03-24 03:08:21,496] {dag.py:2398} INFO - Sync 1 DAGs
[2022-03-24 03:08:21,544] {logging_mixin.py:109} INFO - [2022-03-24 03:08:21,543] {dag.py:2937} INFO - Setting next_dagrun for example_trigger_controller_dag to 2021-01-01T00:00:00+00:00
[2022-03-24 03:08:21,570] {processor.py:171} INFO - Processing /home/airflow/.local/lib/python3.7/site-packages/airflow/example_dags/example_trigger_controller_dag.py took 0.328 seconds
[2022-03-24 03:08:51,954] {processor.py:163} INFO - Started process (PID=2100) to work on /home/airflow/.local/lib/python3.7/site-packages/airflow/example_dags/example_trigger_controller_dag.py
[2022-03-24 03:08:51,958] {processor.py:642} INFO - Processing file /home/airflow/.local/lib/python3.7/site-packages/airflow/example_dags/example_trigger_controller_dag.py for tasks to queue
[2022-03-24 03:08:51,963] {logging_mixin.py:109} INFO - [2022-03-24 03:08:51,961] {dagbag.py:500} INFO - Filling up the DagBag from /home/airflow/.local/lib/python3.7/site-packages/airflow/example_dags/example_trigger_controller_dag.py
[2022-03-24 03:08:52,088] {processor.py:654} INFO - DAG(s) dict_keys(['example_trigger_controller_dag']) retrieved from /home/airflow/.local/lib/python3.7/site-packages/airflow/example_dags/example_trigger_controller_dag.py
[2022-03-24 03:08:52,142] {logging_mixin.py:109} INFO - [2022-03-24 03:08:52,141] {dag.py:2398} INFO - Sync 1 DAGs
[2022-03-24 03:08:52,183] {logging_mixin.py:109} INFO - [2022-03-24 03:08:52,183] {dag.py:2937} INFO - Setting next_dagrun for example_trigger_controller_dag to 2021-01-01T00:00:00+00:00
[2022-03-24 03:08:52,210] {processor.py:171} INFO - Processing /home/airflow/.local/lib/python3.7/site-packages/airflow/example_dags/example_trigger_controller_dag.py took 0.277 seconds
[2022-03-24 03:09:22,454] {processor.py:163} INFO - Started process (PID=2151) to work on /home/airflow/.local/lib/python3.7/site-packages/airflow/example_dags/example_trigger_controller_dag.py
[2022-03-24 03:09:22,462] {processor.py:642} INFO - Processing file /home/airflow/.local/lib/python3.7/site-packages/airflow/example_dags/example_trigger_controller_dag.py for tasks to queue
[2022-03-24 03:09:22,467] {logging_mixin.py:109} INFO - [2022-03-24 03:09:22,467] {dagbag.py:500} INFO - Filling up the DagBag from /home/airflow/.local/lib/python3.7/site-packages/airflow/example_dags/example_trigger_controller_dag.py
[2022-03-24 03:09:22,548] {processor.py:654} INFO - DAG(s) dict_keys(['example_trigger_controller_dag']) retrieved from /home/airflow/.local/lib/python3.7/site-packages/airflow/example_dags/example_trigger_controller_dag.py
[2022-03-24 03:09:22,662] {logging_mixin.py:109} INFO - [2022-03-24 03:09:22,662] {dag.py:2398} INFO - Sync 1 DAGs
[2022-03-24 03:09:22,703] {logging_mixin.py:109} INFO - [2022-03-24 03:09:22,703] {dag.py:2937} INFO - Setting next_dagrun for example_trigger_controller_dag to 2021-01-01T00:00:00+00:00
[2022-03-24 03:09:22,742] {processor.py:171} INFO - Processing /home/airflow/.local/lib/python3.7/site-packages/airflow/example_dags/example_trigger_controller_dag.py took 0.300 seconds
[2022-03-24 03:09:52,893] {processor.py:163} INFO - Started process (PID=2202) to work on /home/airflow/.local/lib/python3.7/site-packages/airflow/example_dags/example_trigger_controller_dag.py
[2022-03-24 03:09:52,900] {processor.py:642} INFO - Processing file /home/airflow/.local/lib/python3.7/site-packages/airflow/example_dags/example_trigger_controller_dag.py for tasks to queue
[2022-03-24 03:09:52,905] {logging_mixin.py:109} INFO - [2022-03-24 03:09:52,905] {dagbag.py:500} INFO - Filling up the DagBag from /home/airflow/.local/lib/python3.7/site-packages/airflow/example_dags/example_trigger_controller_dag.py
[2022-03-24 03:09:53,475] {processor.py:654} INFO - DAG(s) dict_keys(['example_trigger_controller_dag']) retrieved from /home/airflow/.local/lib/python3.7/site-packages/airflow/example_dags/example_trigger_controller_dag.py
[2022-03-24 03:09:53,558] {logging_mixin.py:109} INFO - [2022-03-24 03:09:53,558] {dag.py:2398} INFO - Sync 1 DAGs
[2022-03-24 03:09:53,684] {logging_mixin.py:109} INFO - [2022-03-24 03:09:53,683] {dag.py:2937} INFO - Setting next_dagrun for example_trigger_controller_dag to 2021-01-01T00:00:00+00:00
[2022-03-24 03:09:53,736] {processor.py:171} INFO - Processing /home/airflow/.local/lib/python3.7/site-packages/airflow/example_dags/example_trigger_controller_dag.py took 0.866 seconds
[2022-03-24 03:10:24,113] {processor.py:163} INFO - Started process (PID=2245) to work on /home/airflow/.local/lib/python3.7/site-packages/airflow/example_dags/example_trigger_controller_dag.py
[2022-03-24 03:10:24,118] {processor.py:642} INFO - Processing file /home/airflow/.local/lib/python3.7/site-packages/airflow/example_dags/example_trigger_controller_dag.py for tasks to queue
[2022-03-24 03:10:24,121] {logging_mixin.py:109} INFO - [2022-03-24 03:10:24,121] {dagbag.py:500} INFO - Filling up the DagBag from /home/airflow/.local/lib/python3.7/site-packages/airflow/example_dags/example_trigger_controller_dag.py
[2022-03-24 03:10:24,181] {processor.py:654} INFO - DAG(s) dict_keys(['example_trigger_controller_dag']) retrieved from /home/airflow/.local/lib/python3.7/site-packages/airflow/example_dags/example_trigger_controller_dag.py
[2022-03-24 03:10:24,195] {logging_mixin.py:109} INFO - [2022-03-24 03:10:24,195] {dag.py:2398} INFO - Sync 1 DAGs
[2022-03-24 03:10:24,219] {logging_mixin.py:109} INFO - [2022-03-24 03:10:24,219] {dag.py:2937} INFO - Setting next_dagrun for example_trigger_controller_dag to 2021-01-01T00:00:00+00:00
[2022-03-24 03:10:24,318] {processor.py:171} INFO - Processing /home/airflow/.local/lib/python3.7/site-packages/airflow/example_dags/example_trigger_controller_dag.py took 0.217 seconds
[2022-03-24 03:10:55,222] {processor.py:163} INFO - Started process (PID=2295) to work on /home/airflow/.local/lib/python3.7/site-packages/airflow/example_dags/example_trigger_controller_dag.py
[2022-03-24 03:10:55,226] {processor.py:642} INFO - Processing file /home/airflow/.local/lib/python3.7/site-packages/airflow/example_dags/example_trigger_controller_dag.py for tasks to queue
[2022-03-24 03:10:55,229] {logging_mixin.py:109} INFO - [2022-03-24 03:10:55,229] {dagbag.py:500} INFO - Filling up the DagBag from /home/airflow/.local/lib/python3.7/site-packages/airflow/example_dags/example_trigger_controller_dag.py
[2022-03-24 03:10:55,348] {processor.py:654} INFO - DAG(s) dict_keys(['example_trigger_controller_dag']) retrieved from /home/airflow/.local/lib/python3.7/site-packages/airflow/example_dags/example_trigger_controller_dag.py
[2022-03-24 03:10:56,149] {logging_mixin.py:109} INFO - [2022-03-24 03:10:56,149] {dag.py:2398} INFO - Sync 1 DAGs
[2022-03-24 03:10:56,209] {logging_mixin.py:109} INFO - [2022-03-24 03:10:56,209] {dag.py:2937} INFO - Setting next_dagrun for example_trigger_controller_dag to 2021-01-01T00:00:00+00:00
[2022-03-24 03:10:56,290] {processor.py:171} INFO - Processing /home/airflow/.local/lib/python3.7/site-packages/airflow/example_dags/example_trigger_controller_dag.py took 1.082 seconds
[2022-03-24 03:11:27,054] {processor.py:163} INFO - Started process (PID=2353) to work on /home/airflow/.local/lib/python3.7/site-packages/airflow/example_dags/example_trigger_controller_dag.py
[2022-03-24 03:11:27,079] {processor.py:642} INFO - Processing file /home/airflow/.local/lib/python3.7/site-packages/airflow/example_dags/example_trigger_controller_dag.py for tasks to queue
[2022-03-24 03:11:27,093] {logging_mixin.py:109} INFO - [2022-03-24 03:11:27,091] {dagbag.py:500} INFO - Filling up the DagBag from /home/airflow/.local/lib/python3.7/site-packages/airflow/example_dags/example_trigger_controller_dag.py
[2022-03-24 03:11:27,285] {processor.py:654} INFO - DAG(s) dict_keys(['example_trigger_controller_dag']) retrieved from /home/airflow/.local/lib/python3.7/site-packages/airflow/example_dags/example_trigger_controller_dag.py
[2022-03-24 03:11:27,376] {logging_mixin.py:109} INFO - [2022-03-24 03:11:27,376] {dag.py:2398} INFO - Sync 1 DAGs
[2022-03-24 03:11:27,459] {logging_mixin.py:109} INFO - [2022-03-24 03:11:27,459] {dag.py:2937} INFO - Setting next_dagrun for example_trigger_controller_dag to 2021-01-01T00:00:00+00:00
[2022-03-24 03:11:27,528] {processor.py:171} INFO - Processing /home/airflow/.local/lib/python3.7/site-packages/airflow/example_dags/example_trigger_controller_dag.py took 0.521 seconds
[2022-03-24 03:11:58,473] {processor.py:163} INFO - Started process (PID=2404) to work on /home/airflow/.local/lib/python3.7/site-packages/airflow/example_dags/example_trigger_controller_dag.py
[2022-03-24 03:11:58,491] {processor.py:642} INFO - Processing file /home/airflow/.local/lib/python3.7/site-packages/airflow/example_dags/example_trigger_controller_dag.py for tasks to queue
[2022-03-24 03:11:58,496] {logging_mixin.py:109} INFO - [2022-03-24 03:11:58,494] {dagbag.py:500} INFO - Filling up the DagBag from /home/airflow/.local/lib/python3.7/site-packages/airflow/example_dags/example_trigger_controller_dag.py
[2022-03-24 03:11:58,686] {processor.py:654} INFO - DAG(s) dict_keys(['example_trigger_controller_dag']) retrieved from /home/airflow/.local/lib/python3.7/site-packages/airflow/example_dags/example_trigger_controller_dag.py
[2022-03-24 03:11:58,736] {logging_mixin.py:109} INFO - [2022-03-24 03:11:58,736] {dag.py:2398} INFO - Sync 1 DAGs
[2022-03-24 03:11:58,796] {logging_mixin.py:109} INFO - [2022-03-24 03:11:58,796] {dag.py:2937} INFO - Setting next_dagrun for example_trigger_controller_dag to 2021-01-01T00:00:00+00:00
[2022-03-24 03:11:58,853] {processor.py:171} INFO - Processing /home/airflow/.local/lib/python3.7/site-packages/airflow/example_dags/example_trigger_controller_dag.py took 0.392 seconds
[2022-03-24 03:12:28,953] {processor.py:163} INFO - Started process (PID=2455) to work on /home/airflow/.local/lib/python3.7/site-packages/airflow/example_dags/example_trigger_controller_dag.py
[2022-03-24 03:12:28,964] {processor.py:642} INFO - Processing file /home/airflow/.local/lib/python3.7/site-packages/airflow/example_dags/example_trigger_controller_dag.py for tasks to queue
[2022-03-24 03:12:28,966] {logging_mixin.py:109} INFO - [2022-03-24 03:12:28,966] {dagbag.py:500} INFO - Filling up the DagBag from /home/airflow/.local/lib/python3.7/site-packages/airflow/example_dags/example_trigger_controller_dag.py
[2022-03-24 03:12:29,110] {processor.py:654} INFO - DAG(s) dict_keys(['example_trigger_controller_dag']) retrieved from /home/airflow/.local/lib/python3.7/site-packages/airflow/example_dags/example_trigger_controller_dag.py
[2022-03-24 03:12:29,167] {logging_mixin.py:109} INFO - [2022-03-24 03:12:29,167] {dag.py:2398} INFO - Sync 1 DAGs
[2022-03-24 03:12:29,257] {logging_mixin.py:109} INFO - [2022-03-24 03:12:29,256] {dag.py:2937} INFO - Setting next_dagrun for example_trigger_controller_dag to 2021-01-01T00:00:00+00:00
[2022-03-24 03:12:29,304] {processor.py:171} INFO - Processing /home/airflow/.local/lib/python3.7/site-packages/airflow/example_dags/example_trigger_controller_dag.py took 0.355 seconds
[2022-03-24 03:12:59,407] {processor.py:163} INFO - Started process (PID=2508) to work on /home/airflow/.local/lib/python3.7/site-packages/airflow/example_dags/example_trigger_controller_dag.py
[2022-03-24 03:12:59,409] {processor.py:642} INFO - Processing file /home/airflow/.local/lib/python3.7/site-packages/airflow/example_dags/example_trigger_controller_dag.py for tasks to queue
[2022-03-24 03:12:59,411] {logging_mixin.py:109} INFO - [2022-03-24 03:12:59,411] {dagbag.py:500} INFO - Filling up the DagBag from /home/airflow/.local/lib/python3.7/site-packages/airflow/example_dags/example_trigger_controller_dag.py
[2022-03-24 03:12:59,461] {processor.py:654} INFO - DAG(s) dict_keys(['example_trigger_controller_dag']) retrieved from /home/airflow/.local/lib/python3.7/site-packages/airflow/example_dags/example_trigger_controller_dag.py
[2022-03-24 03:12:59,475] {logging_mixin.py:109} INFO - [2022-03-24 03:12:59,474] {dag.py:2398} INFO - Sync 1 DAGs
[2022-03-24 03:12:59,495] {logging_mixin.py:109} INFO - [2022-03-24 03:12:59,495] {dag.py:2937} INFO - Setting next_dagrun for example_trigger_controller_dag to 2021-01-01T00:00:00+00:00
[2022-03-24 03:12:59,536] {processor.py:171} INFO - Processing /home/airflow/.local/lib/python3.7/site-packages/airflow/example_dags/example_trigger_controller_dag.py took 0.133 seconds
[2022-03-24 03:13:29,626] {processor.py:163} INFO - Started process (PID=2560) to work on /home/airflow/.local/lib/python3.7/site-packages/airflow/example_dags/example_trigger_controller_dag.py
[2022-03-24 03:13:29,628] {processor.py:642} INFO - Processing file /home/airflow/.local/lib/python3.7/site-packages/airflow/example_dags/example_trigger_controller_dag.py for tasks to queue
[2022-03-24 03:13:29,630] {logging_mixin.py:109} INFO - [2022-03-24 03:13:29,630] {dagbag.py:500} INFO - Filling up the DagBag from /home/airflow/.local/lib/python3.7/site-packages/airflow/example_dags/example_trigger_controller_dag.py
[2022-03-24 03:13:29,674] {processor.py:654} INFO - DAG(s) dict_keys(['example_trigger_controller_dag']) retrieved from /home/airflow/.local/lib/python3.7/site-packages/airflow/example_dags/example_trigger_controller_dag.py
[2022-03-24 03:13:29,735] {logging_mixin.py:109} INFO - [2022-03-24 03:13:29,735] {dag.py:2398} INFO - Sync 1 DAGs
[2022-03-24 03:13:29,756] {logging_mixin.py:109} INFO - [2022-03-24 03:13:29,756] {dag.py:2937} INFO - Setting next_dagrun for example_trigger_controller_dag to 2021-01-01T00:00:00+00:00
[2022-03-24 03:13:29,773] {processor.py:171} INFO - Processing /home/airflow/.local/lib/python3.7/site-packages/airflow/example_dags/example_trigger_controller_dag.py took 0.153 seconds
[2022-03-24 03:14:00,334] {processor.py:163} INFO - Started process (PID=2613) to work on /home/airflow/.local/lib/python3.7/site-packages/airflow/example_dags/example_trigger_controller_dag.py
[2022-03-24 03:14:00,337] {processor.py:642} INFO - Processing file /home/airflow/.local/lib/python3.7/site-packages/airflow/example_dags/example_trigger_controller_dag.py for tasks to queue
[2022-03-24 03:14:00,343] {logging_mixin.py:109} INFO - [2022-03-24 03:14:00,343] {dagbag.py:500} INFO - Filling up the DagBag from /home/airflow/.local/lib/python3.7/site-packages/airflow/example_dags/example_trigger_controller_dag.py
[2022-03-24 03:14:00,403] {processor.py:654} INFO - DAG(s) dict_keys(['example_trigger_controller_dag']) retrieved from /home/airflow/.local/lib/python3.7/site-packages/airflow/example_dags/example_trigger_controller_dag.py
[2022-03-24 03:14:00,419] {logging_mixin.py:109} INFO - [2022-03-24 03:14:00,419] {dag.py:2398} INFO - Sync 1 DAGs
[2022-03-24 03:14:00,445] {logging_mixin.py:109} INFO - [2022-03-24 03:14:00,445] {dag.py:2937} INFO - Setting next_dagrun for example_trigger_controller_dag to 2021-01-01T00:00:00+00:00
[2022-03-24 03:14:00,475] {processor.py:171} INFO - Processing /home/airflow/.local/lib/python3.7/site-packages/airflow/example_dags/example_trigger_controller_dag.py took 0.149 seconds
[2022-03-24 03:14:30,656] {processor.py:163} INFO - Started process (PID=2664) to work on /home/airflow/.local/lib/python3.7/site-packages/airflow/example_dags/example_trigger_controller_dag.py
[2022-03-24 03:14:30,659] {processor.py:642} INFO - Processing file /home/airflow/.local/lib/python3.7/site-packages/airflow/example_dags/example_trigger_controller_dag.py for tasks to queue
[2022-03-24 03:14:30,660] {logging_mixin.py:109} INFO - [2022-03-24 03:14:30,660] {dagbag.py:500} INFO - Filling up the DagBag from /home/airflow/.local/lib/python3.7/site-packages/airflow/example_dags/example_trigger_controller_dag.py
[2022-03-24 03:14:30,701] {processor.py:654} INFO - DAG(s) dict_keys(['example_trigger_controller_dag']) retrieved from /home/airflow/.local/lib/python3.7/site-packages/airflow/example_dags/example_trigger_controller_dag.py
[2022-03-24 03:14:30,717] {logging_mixin.py:109} INFO - [2022-03-24 03:14:30,717] {dag.py:2398} INFO - Sync 1 DAGs
[2022-03-24 03:14:30,776] {logging_mixin.py:109} INFO - [2022-03-24 03:14:30,776] {dag.py:2937} INFO - Setting next_dagrun for example_trigger_controller_dag to 2021-01-01T00:00:00+00:00
[2022-03-24 03:14:30,792] {processor.py:171} INFO - Processing /home/airflow/.local/lib/python3.7/site-packages/airflow/example_dags/example_trigger_controller_dag.py took 0.139 seconds
[2022-03-24 03:15:01,307] {processor.py:163} INFO - Started process (PID=2717) to work on /home/airflow/.local/lib/python3.7/site-packages/airflow/example_dags/example_trigger_controller_dag.py
[2022-03-24 03:15:01,310] {processor.py:642} INFO - Processing file /home/airflow/.local/lib/python3.7/site-packages/airflow/example_dags/example_trigger_controller_dag.py for tasks to queue
[2022-03-24 03:15:01,312] {logging_mixin.py:109} INFO - [2022-03-24 03:15:01,312] {dagbag.py:500} INFO - Filling up the DagBag from /home/airflow/.local/lib/python3.7/site-packages/airflow/example_dags/example_trigger_controller_dag.py
[2022-03-24 03:15:01,356] {processor.py:654} INFO - DAG(s) dict_keys(['example_trigger_controller_dag']) retrieved from /home/airflow/.local/lib/python3.7/site-packages/airflow/example_dags/example_trigger_controller_dag.py
[2022-03-24 03:15:01,367] {logging_mixin.py:109} INFO - [2022-03-24 03:15:01,367] {dag.py:2398} INFO - Sync 1 DAGs
[2022-03-24 03:15:01,383] {logging_mixin.py:109} INFO - [2022-03-24 03:15:01,383] {dag.py:2937} INFO - Setting next_dagrun for example_trigger_controller_dag to 2021-01-01T00:00:00+00:00
[2022-03-24 03:15:01,397] {processor.py:171} INFO - Processing /home/airflow/.local/lib/python3.7/site-packages/airflow/example_dags/example_trigger_controller_dag.py took 0.094 seconds
[2022-03-24 03:15:31,510] {processor.py:163} INFO - Started process (PID=2771) to work on /home/airflow/.local/lib/python3.7/site-packages/airflow/example_dags/example_trigger_controller_dag.py
[2022-03-24 03:15:31,516] {processor.py:642} INFO - Processing file /home/airflow/.local/lib/python3.7/site-packages/airflow/example_dags/example_trigger_controller_dag.py for tasks to queue
[2022-03-24 03:15:31,518] {logging_mixin.py:109} INFO - [2022-03-24 03:15:31,517] {dagbag.py:500} INFO - Filling up the DagBag from /home/airflow/.local/lib/python3.7/site-packages/airflow/example_dags/example_trigger_controller_dag.py
[2022-03-24 03:15:31,556] {processor.py:654} INFO - DAG(s) dict_keys(['example_trigger_controller_dag']) retrieved from /home/airflow/.local/lib/python3.7/site-packages/airflow/example_dags/example_trigger_controller_dag.py
[2022-03-24 03:15:31,574] {logging_mixin.py:109} INFO - [2022-03-24 03:15:31,574] {dag.py:2398} INFO - Sync 1 DAGs
[2022-03-24 03:15:31,593] {logging_mixin.py:109} INFO - [2022-03-24 03:15:31,593] {dag.py:2937} INFO - Setting next_dagrun for example_trigger_controller_dag to 2021-01-01T00:00:00+00:00
[2022-03-24 03:15:31,610] {processor.py:171} INFO - Processing /home/airflow/.local/lib/python3.7/site-packages/airflow/example_dags/example_trigger_controller_dag.py took 0.103 seconds
[2022-03-24 03:16:01,777] {processor.py:163} INFO - Started process (PID=2819) to work on /home/airflow/.local/lib/python3.7/site-packages/airflow/example_dags/example_trigger_controller_dag.py
[2022-03-24 03:16:01,781] {processor.py:642} INFO - Processing file /home/airflow/.local/lib/python3.7/site-packages/airflow/example_dags/example_trigger_controller_dag.py for tasks to queue
[2022-03-24 03:16:01,783] {logging_mixin.py:109} INFO - [2022-03-24 03:16:01,783] {dagbag.py:500} INFO - Filling up the DagBag from /home/airflow/.local/lib/python3.7/site-packages/airflow/example_dags/example_trigger_controller_dag.py
[2022-03-24 03:16:01,839] {processor.py:654} INFO - DAG(s) dict_keys(['example_trigger_controller_dag']) retrieved from /home/airflow/.local/lib/python3.7/site-packages/airflow/example_dags/example_trigger_controller_dag.py
[2022-03-24 03:16:01,859] {logging_mixin.py:109} INFO - [2022-03-24 03:16:01,859] {dag.py:2398} INFO - Sync 1 DAGs
[2022-03-24 03:16:01,883] {logging_mixin.py:109} INFO - [2022-03-24 03:16:01,883] {dag.py:2937} INFO - Setting next_dagrun for example_trigger_controller_dag to 2021-01-01T00:00:00+00:00
[2022-03-24 03:16:01,900] {processor.py:171} INFO - Processing /home/airflow/.local/lib/python3.7/site-packages/airflow/example_dags/example_trigger_controller_dag.py took 0.127 seconds
[2022-03-24 03:16:31,982] {processor.py:163} INFO - Started process (PID=2869) to work on /home/airflow/.local/lib/python3.7/site-packages/airflow/example_dags/example_trigger_controller_dag.py
[2022-03-24 03:16:32,126] {processor.py:642} INFO - Processing file /home/airflow/.local/lib/python3.7/site-packages/airflow/example_dags/example_trigger_controller_dag.py for tasks to queue
[2022-03-24 03:16:32,129] {logging_mixin.py:109} INFO - [2022-03-24 03:16:32,128] {dagbag.py:500} INFO - Filling up the DagBag from /home/airflow/.local/lib/python3.7/site-packages/airflow/example_dags/example_trigger_controller_dag.py
[2022-03-24 03:16:32,198] {processor.py:654} INFO - DAG(s) dict_keys(['example_trigger_controller_dag']) retrieved from /home/airflow/.local/lib/python3.7/site-packages/airflow/example_dags/example_trigger_controller_dag.py
[2022-03-24 03:16:32,231] {logging_mixin.py:109} INFO - [2022-03-24 03:16:32,231] {dag.py:2398} INFO - Sync 1 DAGs
[2022-03-24 03:16:32,257] {logging_mixin.py:109} INFO - [2022-03-24 03:16:32,257] {dag.py:2937} INFO - Setting next_dagrun for example_trigger_controller_dag to 2021-01-01T00:00:00+00:00
[2022-03-24 03:16:32,273] {processor.py:171} INFO - Processing /home/airflow/.local/lib/python3.7/site-packages/airflow/example_dags/example_trigger_controller_dag.py took 0.295 seconds
[2022-03-24 03:17:02,597] {processor.py:163} INFO - Started process (PID=2921) to work on /home/airflow/.local/lib/python3.7/site-packages/airflow/example_dags/example_trigger_controller_dag.py
[2022-03-24 03:17:02,600] {processor.py:642} INFO - Processing file /home/airflow/.local/lib/python3.7/site-packages/airflow/example_dags/example_trigger_controller_dag.py for tasks to queue
[2022-03-24 03:17:02,604] {logging_mixin.py:109} INFO - [2022-03-24 03:17:02,604] {dagbag.py:500} INFO - Filling up the DagBag from /home/airflow/.local/lib/python3.7/site-packages/airflow/example_dags/example_trigger_controller_dag.py
[2022-03-24 03:17:02,682] {processor.py:654} INFO - DAG(s) dict_keys(['example_trigger_controller_dag']) retrieved from /home/airflow/.local/lib/python3.7/site-packages/airflow/example_dags/example_trigger_controller_dag.py
[2022-03-24 03:17:02,695] {logging_mixin.py:109} INFO - [2022-03-24 03:17:02,694] {dag.py:2398} INFO - Sync 1 DAGs
[2022-03-24 03:17:02,711] {logging_mixin.py:109} INFO - [2022-03-24 03:17:02,711] {dag.py:2937} INFO - Setting next_dagrun for example_trigger_controller_dag to 2021-01-01T00:00:00+00:00
[2022-03-24 03:17:02,721] {processor.py:171} INFO - Processing /home/airflow/.local/lib/python3.7/site-packages/airflow/example_dags/example_trigger_controller_dag.py took 0.132 seconds
[2022-03-24 03:17:32,948] {processor.py:163} INFO - Started process (PID=2970) to work on /home/airflow/.local/lib/python3.7/site-packages/airflow/example_dags/example_trigger_controller_dag.py
[2022-03-24 03:17:32,955] {processor.py:642} INFO - Processing file /home/airflow/.local/lib/python3.7/site-packages/airflow/example_dags/example_trigger_controller_dag.py for tasks to queue
[2022-03-24 03:17:32,957] {logging_mixin.py:109} INFO - [2022-03-24 03:17:32,957] {dagbag.py:500} INFO - Filling up the DagBag from /home/airflow/.local/lib/python3.7/site-packages/airflow/example_dags/example_trigger_controller_dag.py
[2022-03-24 03:17:33,011] {processor.py:654} INFO - DAG(s) dict_keys(['example_trigger_controller_dag']) retrieved from /home/airflow/.local/lib/python3.7/site-packages/airflow/example_dags/example_trigger_controller_dag.py
[2022-03-24 03:17:33,043] {logging_mixin.py:109} INFO - [2022-03-24 03:17:33,042] {dag.py:2398} INFO - Sync 1 DAGs
[2022-03-24 03:17:33,086] {logging_mixin.py:109} INFO - [2022-03-24 03:17:33,086] {dag.py:2937} INFO - Setting next_dagrun for example_trigger_controller_dag to 2021-01-01T00:00:00+00:00
[2022-03-24 03:17:33,118] {processor.py:171} INFO - Processing /home/airflow/.local/lib/python3.7/site-packages/airflow/example_dags/example_trigger_controller_dag.py took 0.181 seconds
[2022-03-24 03:18:03,860] {processor.py:163} INFO - Started process (PID=3031) to work on /home/airflow/.local/lib/python3.7/site-packages/airflow/example_dags/example_trigger_controller_dag.py
[2022-03-24 03:18:03,862] {processor.py:642} INFO - Processing file /home/airflow/.local/lib/python3.7/site-packages/airflow/example_dags/example_trigger_controller_dag.py for tasks to queue
[2022-03-24 03:18:03,864] {logging_mixin.py:109} INFO - [2022-03-24 03:18:03,864] {dagbag.py:500} INFO - Filling up the DagBag from /home/airflow/.local/lib/python3.7/site-packages/airflow/example_dags/example_trigger_controller_dag.py
[2022-03-24 03:18:03,975] {processor.py:654} INFO - DAG(s) dict_keys(['example_trigger_controller_dag']) retrieved from /home/airflow/.local/lib/python3.7/site-packages/airflow/example_dags/example_trigger_controller_dag.py
[2022-03-24 03:18:04,016] {logging_mixin.py:109} INFO - [2022-03-24 03:18:04,016] {dag.py:2398} INFO - Sync 1 DAGs
[2022-03-24 03:18:04,049] {logging_mixin.py:109} INFO - [2022-03-24 03:18:04,049] {dag.py:2937} INFO - Setting next_dagrun for example_trigger_controller_dag to 2021-01-01T00:00:00+00:00
[2022-03-24 03:18:04,080] {processor.py:171} INFO - Processing /home/airflow/.local/lib/python3.7/site-packages/airflow/example_dags/example_trigger_controller_dag.py took 0.224 seconds
[2022-03-24 03:18:34,367] {processor.py:163} INFO - Started process (PID=3084) to work on /home/airflow/.local/lib/python3.7/site-packages/airflow/example_dags/example_trigger_controller_dag.py
[2022-03-24 03:18:34,375] {processor.py:642} INFO - Processing file /home/airflow/.local/lib/python3.7/site-packages/airflow/example_dags/example_trigger_controller_dag.py for tasks to queue
[2022-03-24 03:18:34,380] {logging_mixin.py:109} INFO - [2022-03-24 03:18:34,379] {dagbag.py:500} INFO - Filling up the DagBag from /home/airflow/.local/lib/python3.7/site-packages/airflow/example_dags/example_trigger_controller_dag.py
[2022-03-24 03:18:34,454] {processor.py:654} INFO - DAG(s) dict_keys(['example_trigger_controller_dag']) retrieved from /home/airflow/.local/lib/python3.7/site-packages/airflow/example_dags/example_trigger_controller_dag.py
[2022-03-24 03:18:34,487] {logging_mixin.py:109} INFO - [2022-03-24 03:18:34,486] {dag.py:2398} INFO - Sync 1 DAGs
[2022-03-24 03:18:34,520] {logging_mixin.py:109} INFO - [2022-03-24 03:18:34,520] {dag.py:2937} INFO - Setting next_dagrun for example_trigger_controller_dag to 2021-01-01T00:00:00+00:00
[2022-03-24 03:18:34,546] {processor.py:171} INFO - Processing /home/airflow/.local/lib/python3.7/site-packages/airflow/example_dags/example_trigger_controller_dag.py took 0.190 seconds
[2022-03-24 03:19:04,670] {processor.py:163} INFO - Started process (PID=3139) to work on /home/airflow/.local/lib/python3.7/site-packages/airflow/example_dags/example_trigger_controller_dag.py
[2022-03-24 03:19:04,680] {processor.py:642} INFO - Processing file /home/airflow/.local/lib/python3.7/site-packages/airflow/example_dags/example_trigger_controller_dag.py for tasks to queue
[2022-03-24 03:19:04,683] {logging_mixin.py:109} INFO - [2022-03-24 03:19:04,682] {dagbag.py:500} INFO - Filling up the DagBag from /home/airflow/.local/lib/python3.7/site-packages/airflow/example_dags/example_trigger_controller_dag.py
[2022-03-24 03:19:04,729] {processor.py:654} INFO - DAG(s) dict_keys(['example_trigger_controller_dag']) retrieved from /home/airflow/.local/lib/python3.7/site-packages/airflow/example_dags/example_trigger_controller_dag.py
[2022-03-24 03:19:04,746] {logging_mixin.py:109} INFO - [2022-03-24 03:19:04,746] {dag.py:2398} INFO - Sync 1 DAGs
[2022-03-24 03:19:04,768] {logging_mixin.py:109} INFO - [2022-03-24 03:19:04,768] {dag.py:2937} INFO - Setting next_dagrun for example_trigger_controller_dag to 2021-01-01T00:00:00+00:00
[2022-03-24 03:19:04,786] {processor.py:171} INFO - Processing /home/airflow/.local/lib/python3.7/site-packages/airflow/example_dags/example_trigger_controller_dag.py took 0.128 seconds
[2022-03-24 03:19:34,989] {processor.py:163} INFO - Started process (PID=3191) to work on /home/airflow/.local/lib/python3.7/site-packages/airflow/example_dags/example_trigger_controller_dag.py
[2022-03-24 03:19:34,996] {processor.py:642} INFO - Processing file /home/airflow/.local/lib/python3.7/site-packages/airflow/example_dags/example_trigger_controller_dag.py for tasks to queue
[2022-03-24 03:19:35,000] {logging_mixin.py:109} INFO - [2022-03-24 03:19:34,999] {dagbag.py:500} INFO - Filling up the DagBag from /home/airflow/.local/lib/python3.7/site-packages/airflow/example_dags/example_trigger_controller_dag.py
[2022-03-24 03:19:35,059] {processor.py:654} INFO - DAG(s) dict_keys(['example_trigger_controller_dag']) retrieved from /home/airflow/.local/lib/python3.7/site-packages/airflow/example_dags/example_trigger_controller_dag.py
[2022-03-24 03:19:35,077] {logging_mixin.py:109} INFO - [2022-03-24 03:19:35,077] {dag.py:2398} INFO - Sync 1 DAGs
[2022-03-24 03:19:35,100] {logging_mixin.py:109} INFO - [2022-03-24 03:19:35,099] {dag.py:2937} INFO - Setting next_dagrun for example_trigger_controller_dag to 2021-01-01T00:00:00+00:00
[2022-03-24 03:19:35,125] {processor.py:171} INFO - Processing /home/airflow/.local/lib/python3.7/site-packages/airflow/example_dags/example_trigger_controller_dag.py took 0.147 seconds
[2022-03-24 03:20:05,735] {processor.py:163} INFO - Started process (PID=3246) to work on /home/airflow/.local/lib/python3.7/site-packages/airflow/example_dags/example_trigger_controller_dag.py
[2022-03-24 03:20:05,738] {processor.py:642} INFO - Processing file /home/airflow/.local/lib/python3.7/site-packages/airflow/example_dags/example_trigger_controller_dag.py for tasks to queue
[2022-03-24 03:20:05,739] {logging_mixin.py:109} INFO - [2022-03-24 03:20:05,739] {dagbag.py:500} INFO - Filling up the DagBag from /home/airflow/.local/lib/python3.7/site-packages/airflow/example_dags/example_trigger_controller_dag.py
[2022-03-24 03:20:05,779] {processor.py:654} INFO - DAG(s) dict_keys(['example_trigger_controller_dag']) retrieved from /home/airflow/.local/lib/python3.7/site-packages/airflow/example_dags/example_trigger_controller_dag.py
[2022-03-24 03:20:05,791] {logging_mixin.py:109} INFO - [2022-03-24 03:20:05,790] {dag.py:2398} INFO - Sync 1 DAGs
[2022-03-24 03:20:05,811] {logging_mixin.py:109} INFO - [2022-03-24 03:20:05,811] {dag.py:2937} INFO - Setting next_dagrun for example_trigger_controller_dag to 2021-01-01T00:00:00+00:00
[2022-03-24 03:20:05,823] {processor.py:171} INFO - Processing /home/airflow/.local/lib/python3.7/site-packages/airflow/example_dags/example_trigger_controller_dag.py took 0.092 seconds
[2022-03-24 03:20:36,336] {processor.py:163} INFO - Started process (PID=3297) to work on /home/airflow/.local/lib/python3.7/site-packages/airflow/example_dags/example_trigger_controller_dag.py
[2022-03-24 03:20:36,339] {processor.py:642} INFO - Processing file /home/airflow/.local/lib/python3.7/site-packages/airflow/example_dags/example_trigger_controller_dag.py for tasks to queue
[2022-03-24 03:20:36,342] {logging_mixin.py:109} INFO - [2022-03-24 03:20:36,342] {dagbag.py:500} INFO - Filling up the DagBag from /home/airflow/.local/lib/python3.7/site-packages/airflow/example_dags/example_trigger_controller_dag.py
[2022-03-24 03:20:36,418] {processor.py:654} INFO - DAG(s) dict_keys(['example_trigger_controller_dag']) retrieved from /home/airflow/.local/lib/python3.7/site-packages/airflow/example_dags/example_trigger_controller_dag.py
[2022-03-24 03:20:36,453] {logging_mixin.py:109} INFO - [2022-03-24 03:20:36,453] {dag.py:2398} INFO - Sync 1 DAGs
[2022-03-24 03:20:36,508] {logging_mixin.py:109} INFO - [2022-03-24 03:20:36,508] {dag.py:2937} INFO - Setting next_dagrun for example_trigger_controller_dag to 2021-01-01T00:00:00+00:00
[2022-03-24 03:20:36,555] {processor.py:171} INFO - Processing /home/airflow/.local/lib/python3.7/site-packages/airflow/example_dags/example_trigger_controller_dag.py took 0.229 seconds
