[2022-03-24 02:49:40,723] {processor.py:163} INFO - Started process (PID=186) to work on /home/airflow/.local/lib/python3.7/site-packages/airflow/example_dags/example_skip_dag.py
[2022-03-24 02:49:40,747] {processor.py:642} INFO - Processing file /home/airflow/.local/lib/python3.7/site-packages/airflow/example_dags/example_skip_dag.py for tasks to queue
[2022-03-24 02:49:40,761] {logging_mixin.py:109} INFO - [2022-03-24 02:49:40,758] {dagbag.py:500} INFO - Filling up the DagBag from /home/airflow/.local/lib/python3.7/site-packages/airflow/example_dags/example_skip_dag.py
[2022-03-24 02:49:40,897] {processor.py:654} INFO - DAG(s) dict_keys(['example_skip_dag']) retrieved from /home/airflow/.local/lib/python3.7/site-packages/airflow/example_dags/example_skip_dag.py
[2022-03-24 02:49:53,942] {logging_mixin.py:109} INFO - [2022-03-24 02:49:53,941] {manager.py:496} INFO - Created Permission View: can edit on DAG:example_skip_dag
[2022-03-24 02:49:53,973] {logging_mixin.py:109} INFO - [2022-03-24 02:49:53,972] {manager.py:496} INFO - Created Permission View: can read on DAG:example_skip_dag
[2022-03-24 02:49:53,975] {logging_mixin.py:109} INFO - [2022-03-24 02:49:53,974] {dag.py:2398} INFO - Sync 1 DAGs
[2022-03-24 02:49:53,995] {logging_mixin.py:109} INFO - [2022-03-24 02:49:53,994] {dag.py:2417} INFO - Creating ORM DAG for example_skip_dag
[2022-03-24 02:49:54,016] {logging_mixin.py:109} INFO - [2022-03-24 02:49:54,016] {dag.py:2937} INFO - Setting next_dagrun for example_skip_dag to 2022-03-23T02:49:54.016440+00:00
[2022-03-24 02:49:54,053] {processor.py:171} INFO - Processing /home/airflow/.local/lib/python3.7/site-packages/airflow/example_dags/example_skip_dag.py took 13.375 seconds
[2022-03-24 02:50:45,595] {processor.py:163} INFO - Started process (PID=290) to work on /home/airflow/.local/lib/python3.7/site-packages/airflow/example_dags/example_skip_dag.py
[2022-03-24 02:50:45,599] {processor.py:642} INFO - Processing file /home/airflow/.local/lib/python3.7/site-packages/airflow/example_dags/example_skip_dag.py for tasks to queue
[2022-03-24 02:50:45,601] {logging_mixin.py:109} INFO - [2022-03-24 02:50:45,601] {dagbag.py:500} INFO - Filling up the DagBag from /home/airflow/.local/lib/python3.7/site-packages/airflow/example_dags/example_skip_dag.py
[2022-03-24 02:50:45,651] {processor.py:654} INFO - DAG(s) dict_keys(['example_skip_dag']) retrieved from /home/airflow/.local/lib/python3.7/site-packages/airflow/example_dags/example_skip_dag.py
[2022-03-24 02:50:45,683] {logging_mixin.py:109} INFO - [2022-03-24 02:50:45,682] {dag.py:2398} INFO - Sync 1 DAGs
[2022-03-24 02:50:45,700] {logging_mixin.py:109} INFO - [2022-03-24 02:50:45,700] {dag.py:2937} INFO - Setting next_dagrun for example_skip_dag to 2022-03-23T02:50:45.700098+00:00
[2022-03-24 02:50:45,714] {processor.py:171} INFO - Processing /home/airflow/.local/lib/python3.7/site-packages/airflow/example_dags/example_skip_dag.py took 0.136 seconds
[2022-03-24 02:51:17,037] {processor.py:163} INFO - Started process (PID=342) to work on /home/airflow/.local/lib/python3.7/site-packages/airflow/example_dags/example_skip_dag.py
[2022-03-24 02:51:17,338] {processor.py:642} INFO - Processing file /home/airflow/.local/lib/python3.7/site-packages/airflow/example_dags/example_skip_dag.py for tasks to queue
[2022-03-24 02:51:17,340] {logging_mixin.py:109} INFO - [2022-03-24 02:51:17,340] {dagbag.py:500} INFO - Filling up the DagBag from /home/airflow/.local/lib/python3.7/site-packages/airflow/example_dags/example_skip_dag.py
[2022-03-24 02:51:17,475] {processor.py:654} INFO - DAG(s) dict_keys(['example_skip_dag']) retrieved from /home/airflow/.local/lib/python3.7/site-packages/airflow/example_dags/example_skip_dag.py
[2022-03-24 02:51:17,551] {logging_mixin.py:109} INFO - [2022-03-24 02:51:17,551] {dag.py:2398} INFO - Sync 1 DAGs
[2022-03-24 02:51:17,610] {logging_mixin.py:109} INFO - [2022-03-24 02:51:17,610] {dag.py:2937} INFO - Setting next_dagrun for example_skip_dag to 2022-03-23T02:51:17.609748+00:00
[2022-03-24 02:51:17,653] {processor.py:171} INFO - Processing /home/airflow/.local/lib/python3.7/site-packages/airflow/example_dags/example_skip_dag.py took 0.619 seconds
[2022-03-24 02:51:48,388] {processor.py:163} INFO - Started process (PID=399) to work on /home/airflow/.local/lib/python3.7/site-packages/airflow/example_dags/example_skip_dag.py
[2022-03-24 02:51:48,397] {processor.py:642} INFO - Processing file /home/airflow/.local/lib/python3.7/site-packages/airflow/example_dags/example_skip_dag.py for tasks to queue
[2022-03-24 02:51:48,401] {logging_mixin.py:109} INFO - [2022-03-24 02:51:48,401] {dagbag.py:500} INFO - Filling up the DagBag from /home/airflow/.local/lib/python3.7/site-packages/airflow/example_dags/example_skip_dag.py
[2022-03-24 02:51:48,592] {processor.py:654} INFO - DAG(s) dict_keys(['example_skip_dag']) retrieved from /home/airflow/.local/lib/python3.7/site-packages/airflow/example_dags/example_skip_dag.py
[2022-03-24 02:51:48,665] {logging_mixin.py:109} INFO - [2022-03-24 02:51:48,665] {dag.py:2398} INFO - Sync 1 DAGs
[2022-03-24 02:51:48,759] {logging_mixin.py:109} INFO - [2022-03-24 02:51:48,759] {dag.py:2937} INFO - Setting next_dagrun for example_skip_dag to 2022-03-23T02:51:48.758240+00:00
[2022-03-24 02:51:48,824] {processor.py:171} INFO - Processing /home/airflow/.local/lib/python3.7/site-packages/airflow/example_dags/example_skip_dag.py took 0.472 seconds
[2022-03-24 02:52:19,786] {processor.py:163} INFO - Started process (PID=450) to work on /home/airflow/.local/lib/python3.7/site-packages/airflow/example_dags/example_skip_dag.py
[2022-03-24 02:52:19,791] {processor.py:642} INFO - Processing file /home/airflow/.local/lib/python3.7/site-packages/airflow/example_dags/example_skip_dag.py for tasks to queue
[2022-03-24 02:52:19,796] {logging_mixin.py:109} INFO - [2022-03-24 02:52:19,795] {dagbag.py:500} INFO - Filling up the DagBag from /home/airflow/.local/lib/python3.7/site-packages/airflow/example_dags/example_skip_dag.py
[2022-03-24 02:52:19,921] {processor.py:654} INFO - DAG(s) dict_keys(['example_skip_dag']) retrieved from /home/airflow/.local/lib/python3.7/site-packages/airflow/example_dags/example_skip_dag.py
[2022-03-24 02:52:19,966] {logging_mixin.py:109} INFO - [2022-03-24 02:52:19,965] {dag.py:2398} INFO - Sync 1 DAGs
[2022-03-24 02:52:20,025] {logging_mixin.py:109} INFO - [2022-03-24 02:52:20,025] {dag.py:2937} INFO - Setting next_dagrun for example_skip_dag to 2022-03-23T02:52:20.025178+00:00
[2022-03-24 02:52:20,083] {processor.py:171} INFO - Processing /home/airflow/.local/lib/python3.7/site-packages/airflow/example_dags/example_skip_dag.py took 0.317 seconds
[2022-03-24 02:52:50,503] {processor.py:163} INFO - Started process (PID=502) to work on /home/airflow/.local/lib/python3.7/site-packages/airflow/example_dags/example_skip_dag.py
[2022-03-24 02:52:50,513] {processor.py:642} INFO - Processing file /home/airflow/.local/lib/python3.7/site-packages/airflow/example_dags/example_skip_dag.py for tasks to queue
[2022-03-24 02:52:50,518] {logging_mixin.py:109} INFO - [2022-03-24 02:52:50,516] {dagbag.py:500} INFO - Filling up the DagBag from /home/airflow/.local/lib/python3.7/site-packages/airflow/example_dags/example_skip_dag.py
[2022-03-24 02:52:50,637] {processor.py:654} INFO - DAG(s) dict_keys(['example_skip_dag']) retrieved from /home/airflow/.local/lib/python3.7/site-packages/airflow/example_dags/example_skip_dag.py
[2022-03-24 02:52:50,651] {logging_mixin.py:109} INFO - [2022-03-24 02:52:50,651] {dag.py:2398} INFO - Sync 1 DAGs
[2022-03-24 02:52:50,687] {logging_mixin.py:109} INFO - [2022-03-24 02:52:50,686] {dag.py:2937} INFO - Setting next_dagrun for example_skip_dag to 2022-03-23T02:52:50.686480+00:00
[2022-03-24 02:52:50,717] {processor.py:171} INFO - Processing /home/airflow/.local/lib/python3.7/site-packages/airflow/example_dags/example_skip_dag.py took 0.227 seconds
[2022-03-24 02:53:21,204] {processor.py:163} INFO - Started process (PID=550) to work on /home/airflow/.local/lib/python3.7/site-packages/airflow/example_dags/example_skip_dag.py
[2022-03-24 02:53:21,210] {processor.py:642} INFO - Processing file /home/airflow/.local/lib/python3.7/site-packages/airflow/example_dags/example_skip_dag.py for tasks to queue
[2022-03-24 02:53:21,213] {logging_mixin.py:109} INFO - [2022-03-24 02:53:21,213] {dagbag.py:500} INFO - Filling up the DagBag from /home/airflow/.local/lib/python3.7/site-packages/airflow/example_dags/example_skip_dag.py
[2022-03-24 02:53:21,321] {processor.py:654} INFO - DAG(s) dict_keys(['example_skip_dag']) retrieved from /home/airflow/.local/lib/python3.7/site-packages/airflow/example_dags/example_skip_dag.py
[2022-03-24 02:53:21,351] {logging_mixin.py:109} INFO - [2022-03-24 02:53:21,351] {dag.py:2398} INFO - Sync 1 DAGs
[2022-03-24 02:53:21,397] {logging_mixin.py:109} INFO - [2022-03-24 02:53:21,397] {dag.py:2937} INFO - Setting next_dagrun for example_skip_dag to 2022-03-23T02:53:21.394570+00:00
[2022-03-24 02:53:21,432] {processor.py:171} INFO - Processing /home/airflow/.local/lib/python3.7/site-packages/airflow/example_dags/example_skip_dag.py took 0.236 seconds
[2022-03-24 02:53:52,070] {processor.py:163} INFO - Started process (PID=600) to work on /home/airflow/.local/lib/python3.7/site-packages/airflow/example_dags/example_skip_dag.py
[2022-03-24 02:53:52,078] {processor.py:642} INFO - Processing file /home/airflow/.local/lib/python3.7/site-packages/airflow/example_dags/example_skip_dag.py for tasks to queue
[2022-03-24 02:53:52,088] {logging_mixin.py:109} INFO - [2022-03-24 02:53:52,088] {dagbag.py:500} INFO - Filling up the DagBag from /home/airflow/.local/lib/python3.7/site-packages/airflow/example_dags/example_skip_dag.py
[2022-03-24 02:53:52,156] {processor.py:654} INFO - DAG(s) dict_keys(['example_skip_dag']) retrieved from /home/airflow/.local/lib/python3.7/site-packages/airflow/example_dags/example_skip_dag.py
[2022-03-24 02:53:52,235] {logging_mixin.py:109} INFO - [2022-03-24 02:53:52,234] {dag.py:2398} INFO - Sync 1 DAGs
[2022-03-24 02:53:52,289] {logging_mixin.py:109} INFO - [2022-03-24 02:53:52,287] {dag.py:2937} INFO - Setting next_dagrun for example_skip_dag to 2022-03-23T02:53:52.285196+00:00
[2022-03-24 02:53:52,387] {processor.py:171} INFO - Processing /home/airflow/.local/lib/python3.7/site-packages/airflow/example_dags/example_skip_dag.py took 0.328 seconds
[2022-03-24 02:54:22,476] {processor.py:163} INFO - Started process (PID=650) to work on /home/airflow/.local/lib/python3.7/site-packages/airflow/example_dags/example_skip_dag.py
[2022-03-24 02:54:22,478] {processor.py:642} INFO - Processing file /home/airflow/.local/lib/python3.7/site-packages/airflow/example_dags/example_skip_dag.py for tasks to queue
[2022-03-24 02:54:22,480] {logging_mixin.py:109} INFO - [2022-03-24 02:54:22,480] {dagbag.py:500} INFO - Filling up the DagBag from /home/airflow/.local/lib/python3.7/site-packages/airflow/example_dags/example_skip_dag.py
[2022-03-24 02:54:22,529] {processor.py:654} INFO - DAG(s) dict_keys(['example_skip_dag']) retrieved from /home/airflow/.local/lib/python3.7/site-packages/airflow/example_dags/example_skip_dag.py
[2022-03-24 02:54:22,545] {logging_mixin.py:109} INFO - [2022-03-24 02:54:22,545] {dag.py:2398} INFO - Sync 1 DAGs
[2022-03-24 02:54:22,565] {logging_mixin.py:109} INFO - [2022-03-24 02:54:22,565] {dag.py:2937} INFO - Setting next_dagrun for example_skip_dag to 2022-03-23T02:54:22.565258+00:00
[2022-03-24 02:54:22,579] {processor.py:171} INFO - Processing /home/airflow/.local/lib/python3.7/site-packages/airflow/example_dags/example_skip_dag.py took 0.107 seconds
[2022-03-24 02:54:53,419] {processor.py:163} INFO - Started process (PID=700) to work on /home/airflow/.local/lib/python3.7/site-packages/airflow/example_dags/example_skip_dag.py
[2022-03-24 02:54:53,430] {processor.py:642} INFO - Processing file /home/airflow/.local/lib/python3.7/site-packages/airflow/example_dags/example_skip_dag.py for tasks to queue
[2022-03-24 02:54:53,432] {logging_mixin.py:109} INFO - [2022-03-24 02:54:53,432] {dagbag.py:500} INFO - Filling up the DagBag from /home/airflow/.local/lib/python3.7/site-packages/airflow/example_dags/example_skip_dag.py
[2022-03-24 02:54:53,571] {processor.py:654} INFO - DAG(s) dict_keys(['example_skip_dag']) retrieved from /home/airflow/.local/lib/python3.7/site-packages/airflow/example_dags/example_skip_dag.py
[2022-03-24 02:54:53,629] {logging_mixin.py:109} INFO - [2022-03-24 02:54:53,629] {dag.py:2398} INFO - Sync 1 DAGs
[2022-03-24 02:54:53,681] {logging_mixin.py:109} INFO - [2022-03-24 02:54:53,681] {dag.py:2937} INFO - Setting next_dagrun for example_skip_dag to 2022-03-23T02:54:53.680729+00:00
[2022-03-24 02:54:53,831] {processor.py:171} INFO - Processing /home/airflow/.local/lib/python3.7/site-packages/airflow/example_dags/example_skip_dag.py took 0.429 seconds
[2022-03-24 02:55:24,588] {processor.py:163} INFO - Started process (PID=752) to work on /home/airflow/.local/lib/python3.7/site-packages/airflow/example_dags/example_skip_dag.py
[2022-03-24 02:55:24,609] {processor.py:642} INFO - Processing file /home/airflow/.local/lib/python3.7/site-packages/airflow/example_dags/example_skip_dag.py for tasks to queue
[2022-03-24 02:55:24,615] {logging_mixin.py:109} INFO - [2022-03-24 02:55:24,613] {dagbag.py:500} INFO - Filling up the DagBag from /home/airflow/.local/lib/python3.7/site-packages/airflow/example_dags/example_skip_dag.py
[2022-03-24 02:55:24,836] {processor.py:654} INFO - DAG(s) dict_keys(['example_skip_dag']) retrieved from /home/airflow/.local/lib/python3.7/site-packages/airflow/example_dags/example_skip_dag.py
[2022-03-24 02:55:24,890] {logging_mixin.py:109} INFO - [2022-03-24 02:55:24,890] {dag.py:2398} INFO - Sync 1 DAGs
[2022-03-24 02:55:24,966] {logging_mixin.py:109} INFO - [2022-03-24 02:55:24,966] {dag.py:2937} INFO - Setting next_dagrun for example_skip_dag to 2022-03-23T02:55:24.966370+00:00
[2022-03-24 02:55:25,034] {processor.py:171} INFO - Processing /home/airflow/.local/lib/python3.7/site-packages/airflow/example_dags/example_skip_dag.py took 0.462 seconds
[2022-03-24 02:55:55,667] {processor.py:163} INFO - Started process (PID=802) to work on /home/airflow/.local/lib/python3.7/site-packages/airflow/example_dags/example_skip_dag.py
[2022-03-24 02:55:55,670] {processor.py:642} INFO - Processing file /home/airflow/.local/lib/python3.7/site-packages/airflow/example_dags/example_skip_dag.py for tasks to queue
[2022-03-24 02:55:55,683] {logging_mixin.py:109} INFO - [2022-03-24 02:55:55,683] {dagbag.py:500} INFO - Filling up the DagBag from /home/airflow/.local/lib/python3.7/site-packages/airflow/example_dags/example_skip_dag.py
[2022-03-24 02:55:55,860] {processor.py:654} INFO - DAG(s) dict_keys(['example_skip_dag']) retrieved from /home/airflow/.local/lib/python3.7/site-packages/airflow/example_dags/example_skip_dag.py
[2022-03-24 02:55:55,955] {logging_mixin.py:109} INFO - [2022-03-24 02:55:55,955] {dag.py:2398} INFO - Sync 1 DAGs
[2022-03-24 02:55:56,038] {logging_mixin.py:109} INFO - [2022-03-24 02:55:56,038] {dag.py:2937} INFO - Setting next_dagrun for example_skip_dag to 2022-03-23T02:55:56.038079+00:00
[2022-03-24 02:55:56,090] {processor.py:171} INFO - Processing /home/airflow/.local/lib/python3.7/site-packages/airflow/example_dags/example_skip_dag.py took 0.443 seconds
[2022-03-24 02:56:37,999] {processor.py:163} INFO - Started process (PID=850) to work on /home/airflow/.local/lib/python3.7/site-packages/airflow/example_dags/example_skip_dag.py
[2022-03-24 02:56:38,008] {processor.py:642} INFO - Processing file /home/airflow/.local/lib/python3.7/site-packages/airflow/example_dags/example_skip_dag.py for tasks to queue
[2022-03-24 02:56:38,010] {logging_mixin.py:109} INFO - [2022-03-24 02:56:38,010] {dagbag.py:500} INFO - Filling up the DagBag from /home/airflow/.local/lib/python3.7/site-packages/airflow/example_dags/example_skip_dag.py
[2022-03-24 02:56:38,068] {processor.py:654} INFO - DAG(s) dict_keys(['example_skip_dag']) retrieved from /home/airflow/.local/lib/python3.7/site-packages/airflow/example_dags/example_skip_dag.py
[2022-03-24 02:56:38,192] {logging_mixin.py:109} INFO - [2022-03-24 02:56:38,192] {dag.py:2398} INFO - Sync 1 DAGs
[2022-03-24 02:56:38,267] {logging_mixin.py:109} INFO - [2022-03-24 02:56:38,266] {dag.py:2937} INFO - Setting next_dagrun for example_skip_dag to 2022-03-23T02:56:38.266431+00:00
[2022-03-24 02:56:38,310] {processor.py:171} INFO - Processing /home/airflow/.local/lib/python3.7/site-packages/airflow/example_dags/example_skip_dag.py took 0.316 seconds
[2022-03-24 02:57:09,153] {processor.py:163} INFO - Started process (PID=900) to work on /home/airflow/.local/lib/python3.7/site-packages/airflow/example_dags/example_skip_dag.py
[2022-03-24 02:57:09,172] {processor.py:642} INFO - Processing file /home/airflow/.local/lib/python3.7/site-packages/airflow/example_dags/example_skip_dag.py for tasks to queue
[2022-03-24 02:57:09,176] {logging_mixin.py:109} INFO - [2022-03-24 02:57:09,176] {dagbag.py:500} INFO - Filling up the DagBag from /home/airflow/.local/lib/python3.7/site-packages/airflow/example_dags/example_skip_dag.py
[2022-03-24 02:57:09,234] {processor.py:654} INFO - DAG(s) dict_keys(['example_skip_dag']) retrieved from /home/airflow/.local/lib/python3.7/site-packages/airflow/example_dags/example_skip_dag.py
[2022-03-24 02:57:09,249] {logging_mixin.py:109} INFO - [2022-03-24 02:57:09,249] {dag.py:2398} INFO - Sync 1 DAGs
[2022-03-24 02:57:09,268] {logging_mixin.py:109} INFO - [2022-03-24 02:57:09,268] {dag.py:2937} INFO - Setting next_dagrun for example_skip_dag to 2022-03-23T02:57:09.267892+00:00
[2022-03-24 02:57:09,294] {processor.py:171} INFO - Processing /home/airflow/.local/lib/python3.7/site-packages/airflow/example_dags/example_skip_dag.py took 0.154 seconds
[2022-03-24 02:57:39,783] {processor.py:163} INFO - Started process (PID=950) to work on /home/airflow/.local/lib/python3.7/site-packages/airflow/example_dags/example_skip_dag.py
[2022-03-24 02:57:39,787] {processor.py:642} INFO - Processing file /home/airflow/.local/lib/python3.7/site-packages/airflow/example_dags/example_skip_dag.py for tasks to queue
[2022-03-24 02:57:39,791] {logging_mixin.py:109} INFO - [2022-03-24 02:57:39,791] {dagbag.py:500} INFO - Filling up the DagBag from /home/airflow/.local/lib/python3.7/site-packages/airflow/example_dags/example_skip_dag.py
[2022-03-24 02:57:39,915] {processor.py:654} INFO - DAG(s) dict_keys(['example_skip_dag']) retrieved from /home/airflow/.local/lib/python3.7/site-packages/airflow/example_dags/example_skip_dag.py
[2022-03-24 02:57:39,948] {logging_mixin.py:109} INFO - [2022-03-24 02:57:39,948] {dag.py:2398} INFO - Sync 1 DAGs
[2022-03-24 02:57:40,021] {logging_mixin.py:109} INFO - [2022-03-24 02:57:40,021] {dag.py:2937} INFO - Setting next_dagrun for example_skip_dag to 2022-03-23T02:57:40.020401+00:00
[2022-03-24 02:57:40,071] {processor.py:171} INFO - Processing /home/airflow/.local/lib/python3.7/site-packages/airflow/example_dags/example_skip_dag.py took 0.301 seconds
[2022-03-24 02:58:11,099] {processor.py:163} INFO - Started process (PID=1011) to work on /home/airflow/.local/lib/python3.7/site-packages/airflow/example_dags/example_skip_dag.py
[2022-03-24 02:58:11,112] {processor.py:642} INFO - Processing file /home/airflow/.local/lib/python3.7/site-packages/airflow/example_dags/example_skip_dag.py for tasks to queue
[2022-03-24 02:58:11,122] {logging_mixin.py:109} INFO - [2022-03-24 02:58:11,121] {dagbag.py:500} INFO - Filling up the DagBag from /home/airflow/.local/lib/python3.7/site-packages/airflow/example_dags/example_skip_dag.py
[2022-03-24 02:58:11,264] {processor.py:654} INFO - DAG(s) dict_keys(['example_skip_dag']) retrieved from /home/airflow/.local/lib/python3.7/site-packages/airflow/example_dags/example_skip_dag.py
[2022-03-24 02:58:11,301] {logging_mixin.py:109} INFO - [2022-03-24 02:58:11,301] {dag.py:2398} INFO - Sync 1 DAGs
[2022-03-24 02:58:11,383] {logging_mixin.py:109} INFO - [2022-03-24 02:58:11,383] {dag.py:2937} INFO - Setting next_dagrun for example_skip_dag to 2022-03-23T02:58:11.383090+00:00
[2022-03-24 02:58:11,409] {processor.py:171} INFO - Processing /home/airflow/.local/lib/python3.7/site-packages/airflow/example_dags/example_skip_dag.py took 0.336 seconds
[2022-03-24 02:58:42,017] {processor.py:163} INFO - Started process (PID=1063) to work on /home/airflow/.local/lib/python3.7/site-packages/airflow/example_dags/example_skip_dag.py
[2022-03-24 02:58:42,251] {processor.py:642} INFO - Processing file /home/airflow/.local/lib/python3.7/site-packages/airflow/example_dags/example_skip_dag.py for tasks to queue
[2022-03-24 02:58:42,254] {logging_mixin.py:109} INFO - [2022-03-24 02:58:42,254] {dagbag.py:500} INFO - Filling up the DagBag from /home/airflow/.local/lib/python3.7/site-packages/airflow/example_dags/example_skip_dag.py
[2022-03-24 02:58:42,333] {processor.py:654} INFO - DAG(s) dict_keys(['example_skip_dag']) retrieved from /home/airflow/.local/lib/python3.7/site-packages/airflow/example_dags/example_skip_dag.py
[2022-03-24 02:58:42,364] {logging_mixin.py:109} INFO - [2022-03-24 02:58:42,364] {dag.py:2398} INFO - Sync 1 DAGs
[2022-03-24 02:58:42,400] {logging_mixin.py:109} INFO - [2022-03-24 02:58:42,400] {dag.py:2937} INFO - Setting next_dagrun for example_skip_dag to 2022-03-23T02:58:42.399998+00:00
[2022-03-24 02:58:42,421] {processor.py:171} INFO - Processing /home/airflow/.local/lib/python3.7/site-packages/airflow/example_dags/example_skip_dag.py took 0.408 seconds
[2022-03-24 02:59:12,978] {processor.py:163} INFO - Started process (PID=1115) to work on /home/airflow/.local/lib/python3.7/site-packages/airflow/example_dags/example_skip_dag.py
[2022-03-24 02:59:13,153] {processor.py:642} INFO - Processing file /home/airflow/.local/lib/python3.7/site-packages/airflow/example_dags/example_skip_dag.py for tasks to queue
[2022-03-24 02:59:13,178] {logging_mixin.py:109} INFO - [2022-03-24 02:59:13,178] {dagbag.py:500} INFO - Filling up the DagBag from /home/airflow/.local/lib/python3.7/site-packages/airflow/example_dags/example_skip_dag.py
[2022-03-24 02:59:13,310] {processor.py:654} INFO - DAG(s) dict_keys(['example_skip_dag']) retrieved from /home/airflow/.local/lib/python3.7/site-packages/airflow/example_dags/example_skip_dag.py
[2022-03-24 02:59:13,351] {logging_mixin.py:109} INFO - [2022-03-24 02:59:13,351] {dag.py:2398} INFO - Sync 1 DAGs
[2022-03-24 02:59:13,424] {logging_mixin.py:109} INFO - [2022-03-24 02:59:13,424] {dag.py:2937} INFO - Setting next_dagrun for example_skip_dag to 2022-03-23T02:59:13.423945+00:00
[2022-03-24 02:59:13,509] {processor.py:171} INFO - Processing /home/airflow/.local/lib/python3.7/site-packages/airflow/example_dags/example_skip_dag.py took 0.536 seconds
[2022-03-24 02:59:44,312] {processor.py:163} INFO - Started process (PID=1168) to work on /home/airflow/.local/lib/python3.7/site-packages/airflow/example_dags/example_skip_dag.py
[2022-03-24 02:59:44,318] {processor.py:642} INFO - Processing file /home/airflow/.local/lib/python3.7/site-packages/airflow/example_dags/example_skip_dag.py for tasks to queue
[2022-03-24 02:59:44,319] {logging_mixin.py:109} INFO - [2022-03-24 02:59:44,319] {dagbag.py:500} INFO - Filling up the DagBag from /home/airflow/.local/lib/python3.7/site-packages/airflow/example_dags/example_skip_dag.py
[2022-03-24 02:59:44,362] {processor.py:654} INFO - DAG(s) dict_keys(['example_skip_dag']) retrieved from /home/airflow/.local/lib/python3.7/site-packages/airflow/example_dags/example_skip_dag.py
[2022-03-24 02:59:44,380] {logging_mixin.py:109} INFO - [2022-03-24 02:59:44,380] {dag.py:2398} INFO - Sync 1 DAGs
[2022-03-24 02:59:44,399] {logging_mixin.py:109} INFO - [2022-03-24 02:59:44,399] {dag.py:2937} INFO - Setting next_dagrun for example_skip_dag to 2022-03-23T02:59:44.399449+00:00
[2022-03-24 02:59:44,426] {processor.py:171} INFO - Processing /home/airflow/.local/lib/python3.7/site-packages/airflow/example_dags/example_skip_dag.py took 0.118 seconds
[2022-03-24 03:00:15,353] {processor.py:163} INFO - Started process (PID=1218) to work on /home/airflow/.local/lib/python3.7/site-packages/airflow/example_dags/example_skip_dag.py
[2022-03-24 03:00:15,358] {processor.py:642} INFO - Processing file /home/airflow/.local/lib/python3.7/site-packages/airflow/example_dags/example_skip_dag.py for tasks to queue
[2022-03-24 03:00:15,362] {logging_mixin.py:109} INFO - [2022-03-24 03:00:15,361] {dagbag.py:500} INFO - Filling up the DagBag from /home/airflow/.local/lib/python3.7/site-packages/airflow/example_dags/example_skip_dag.py
[2022-03-24 03:00:15,415] {processor.py:654} INFO - DAG(s) dict_keys(['example_skip_dag']) retrieved from /home/airflow/.local/lib/python3.7/site-packages/airflow/example_dags/example_skip_dag.py
[2022-03-24 03:00:15,439] {logging_mixin.py:109} INFO - [2022-03-24 03:00:15,439] {dag.py:2398} INFO - Sync 1 DAGs
[2022-03-24 03:00:15,477] {logging_mixin.py:109} INFO - [2022-03-24 03:00:15,477] {dag.py:2937} INFO - Setting next_dagrun for example_skip_dag to 2022-03-23T03:00:15.477303+00:00
[2022-03-24 03:00:15,501] {processor.py:171} INFO - Processing /home/airflow/.local/lib/python3.7/site-packages/airflow/example_dags/example_skip_dag.py took 0.159 seconds
[2022-03-24 03:00:45,984] {processor.py:163} INFO - Started process (PID=1268) to work on /home/airflow/.local/lib/python3.7/site-packages/airflow/example_dags/example_skip_dag.py
[2022-03-24 03:00:45,990] {processor.py:642} INFO - Processing file /home/airflow/.local/lib/python3.7/site-packages/airflow/example_dags/example_skip_dag.py for tasks to queue
[2022-03-24 03:00:45,991] {logging_mixin.py:109} INFO - [2022-03-24 03:00:45,991] {dagbag.py:500} INFO - Filling up the DagBag from /home/airflow/.local/lib/python3.7/site-packages/airflow/example_dags/example_skip_dag.py
[2022-03-24 03:00:46,059] {processor.py:654} INFO - DAG(s) dict_keys(['example_skip_dag']) retrieved from /home/airflow/.local/lib/python3.7/site-packages/airflow/example_dags/example_skip_dag.py
[2022-03-24 03:00:46,076] {logging_mixin.py:109} INFO - [2022-03-24 03:00:46,075] {dag.py:2398} INFO - Sync 1 DAGs
[2022-03-24 03:00:46,100] {logging_mixin.py:109} INFO - [2022-03-24 03:00:46,100] {dag.py:2937} INFO - Setting next_dagrun for example_skip_dag to 2022-03-23T03:00:46.099907+00:00
[2022-03-24 03:00:46,121] {processor.py:171} INFO - Processing /home/airflow/.local/lib/python3.7/site-packages/airflow/example_dags/example_skip_dag.py took 0.141 seconds
[2022-03-24 03:01:17,009] {processor.py:163} INFO - Started process (PID=1318) to work on /home/airflow/.local/lib/python3.7/site-packages/airflow/example_dags/example_skip_dag.py
[2022-03-24 03:01:17,014] {processor.py:642} INFO - Processing file /home/airflow/.local/lib/python3.7/site-packages/airflow/example_dags/example_skip_dag.py for tasks to queue
[2022-03-24 03:01:17,017] {logging_mixin.py:109} INFO - [2022-03-24 03:01:17,017] {dagbag.py:500} INFO - Filling up the DagBag from /home/airflow/.local/lib/python3.7/site-packages/airflow/example_dags/example_skip_dag.py
[2022-03-24 03:01:17,073] {processor.py:654} INFO - DAG(s) dict_keys(['example_skip_dag']) retrieved from /home/airflow/.local/lib/python3.7/site-packages/airflow/example_dags/example_skip_dag.py
[2022-03-24 03:01:17,092] {logging_mixin.py:109} INFO - [2022-03-24 03:01:17,091] {dag.py:2398} INFO - Sync 1 DAGs
[2022-03-24 03:01:17,108] {logging_mixin.py:109} INFO - [2022-03-24 03:01:17,108] {dag.py:2937} INFO - Setting next_dagrun for example_skip_dag to 2022-03-23T03:01:17.107909+00:00
[2022-03-24 03:01:17,133] {processor.py:171} INFO - Processing /home/airflow/.local/lib/python3.7/site-packages/airflow/example_dags/example_skip_dag.py took 0.135 seconds
[2022-03-24 03:01:47,686] {processor.py:163} INFO - Started process (PID=1370) to work on /home/airflow/.local/lib/python3.7/site-packages/airflow/example_dags/example_skip_dag.py
[2022-03-24 03:01:47,694] {processor.py:642} INFO - Processing file /home/airflow/.local/lib/python3.7/site-packages/airflow/example_dags/example_skip_dag.py for tasks to queue
[2022-03-24 03:01:47,696] {logging_mixin.py:109} INFO - [2022-03-24 03:01:47,696] {dagbag.py:500} INFO - Filling up the DagBag from /home/airflow/.local/lib/python3.7/site-packages/airflow/example_dags/example_skip_dag.py
[2022-03-24 03:01:47,782] {processor.py:654} INFO - DAG(s) dict_keys(['example_skip_dag']) retrieved from /home/airflow/.local/lib/python3.7/site-packages/airflow/example_dags/example_skip_dag.py
[2022-03-24 03:01:47,796] {logging_mixin.py:109} INFO - [2022-03-24 03:01:47,796] {dag.py:2398} INFO - Sync 1 DAGs
[2022-03-24 03:01:47,818] {logging_mixin.py:109} INFO - [2022-03-24 03:01:47,817] {dag.py:2937} INFO - Setting next_dagrun for example_skip_dag to 2022-03-23T03:01:47.817596+00:00
[2022-03-24 03:01:47,846] {processor.py:171} INFO - Processing /home/airflow/.local/lib/python3.7/site-packages/airflow/example_dags/example_skip_dag.py took 0.183 seconds
[2022-03-24 03:02:18,076] {processor.py:163} INFO - Started process (PID=1421) to work on /home/airflow/.local/lib/python3.7/site-packages/airflow/example_dags/example_skip_dag.py
[2022-03-24 03:02:18,083] {processor.py:642} INFO - Processing file /home/airflow/.local/lib/python3.7/site-packages/airflow/example_dags/example_skip_dag.py for tasks to queue
[2022-03-24 03:02:18,087] {logging_mixin.py:109} INFO - [2022-03-24 03:02:18,087] {dagbag.py:500} INFO - Filling up the DagBag from /home/airflow/.local/lib/python3.7/site-packages/airflow/example_dags/example_skip_dag.py
[2022-03-24 03:02:18,165] {processor.py:654} INFO - DAG(s) dict_keys(['example_skip_dag']) retrieved from /home/airflow/.local/lib/python3.7/site-packages/airflow/example_dags/example_skip_dag.py
[2022-03-24 03:02:18,221] {logging_mixin.py:109} INFO - [2022-03-24 03:02:18,221] {dag.py:2398} INFO - Sync 1 DAGs
[2022-03-24 03:02:18,254] {logging_mixin.py:109} INFO - [2022-03-24 03:02:18,254] {dag.py:2937} INFO - Setting next_dagrun for example_skip_dag to 2022-03-23T03:02:18.253643+00:00
[2022-03-24 03:02:18,282] {processor.py:171} INFO - Processing /home/airflow/.local/lib/python3.7/site-packages/airflow/example_dags/example_skip_dag.py took 0.221 seconds
[2022-03-24 03:02:48,471] {processor.py:163} INFO - Started process (PID=1473) to work on /home/airflow/.local/lib/python3.7/site-packages/airflow/example_dags/example_skip_dag.py
[2022-03-24 03:02:48,557] {processor.py:642} INFO - Processing file /home/airflow/.local/lib/python3.7/site-packages/airflow/example_dags/example_skip_dag.py for tasks to queue
[2022-03-24 03:02:48,560] {logging_mixin.py:109} INFO - [2022-03-24 03:02:48,560] {dagbag.py:500} INFO - Filling up the DagBag from /home/airflow/.local/lib/python3.7/site-packages/airflow/example_dags/example_skip_dag.py
[2022-03-24 03:02:48,636] {processor.py:654} INFO - DAG(s) dict_keys(['example_skip_dag']) retrieved from /home/airflow/.local/lib/python3.7/site-packages/airflow/example_dags/example_skip_dag.py
[2022-03-24 03:02:48,651] {logging_mixin.py:109} INFO - [2022-03-24 03:02:48,651] {dag.py:2398} INFO - Sync 1 DAGs
[2022-03-24 03:02:48,810] {logging_mixin.py:109} INFO - [2022-03-24 03:02:48,810] {dag.py:2937} INFO - Setting next_dagrun for example_skip_dag to 2022-03-23T03:02:48.809791+00:00
[2022-03-24 03:02:48,838] {processor.py:171} INFO - Processing /home/airflow/.local/lib/python3.7/site-packages/airflow/example_dags/example_skip_dag.py took 0.371 seconds
[2022-03-24 03:03:20,024] {processor.py:163} INFO - Started process (PID=1524) to work on /home/airflow/.local/lib/python3.7/site-packages/airflow/example_dags/example_skip_dag.py
[2022-03-24 03:03:20,282] {processor.py:642} INFO - Processing file /home/airflow/.local/lib/python3.7/site-packages/airflow/example_dags/example_skip_dag.py for tasks to queue
[2022-03-24 03:03:20,289] {logging_mixin.py:109} INFO - [2022-03-24 03:03:20,289] {dagbag.py:500} INFO - Filling up the DagBag from /home/airflow/.local/lib/python3.7/site-packages/airflow/example_dags/example_skip_dag.py
[2022-03-24 03:03:20,343] {processor.py:654} INFO - DAG(s) dict_keys(['example_skip_dag']) retrieved from /home/airflow/.local/lib/python3.7/site-packages/airflow/example_dags/example_skip_dag.py
[2022-03-24 03:03:20,531] {logging_mixin.py:109} INFO - [2022-03-24 03:03:20,531] {dag.py:2398} INFO - Sync 1 DAGs
[2022-03-24 03:03:20,554] {logging_mixin.py:109} INFO - [2022-03-24 03:03:20,553] {dag.py:2937} INFO - Setting next_dagrun for example_skip_dag to 2022-03-23T03:03:20.553582+00:00
[2022-03-24 03:03:20,772] {processor.py:171} INFO - Processing /home/airflow/.local/lib/python3.7/site-packages/airflow/example_dags/example_skip_dag.py took 0.762 seconds
[2022-03-24 03:03:51,598] {processor.py:163} INFO - Started process (PID=1586) to work on /home/airflow/.local/lib/python3.7/site-packages/airflow/example_dags/example_skip_dag.py
[2022-03-24 03:03:51,786] {processor.py:642} INFO - Processing file /home/airflow/.local/lib/python3.7/site-packages/airflow/example_dags/example_skip_dag.py for tasks to queue
[2022-03-24 03:03:52,008] {logging_mixin.py:109} INFO - [2022-03-24 03:03:52,008] {dagbag.py:500} INFO - Filling up the DagBag from /home/airflow/.local/lib/python3.7/site-packages/airflow/example_dags/example_skip_dag.py
[2022-03-24 03:03:52,106] {processor.py:654} INFO - DAG(s) dict_keys(['example_skip_dag']) retrieved from /home/airflow/.local/lib/python3.7/site-packages/airflow/example_dags/example_skip_dag.py
[2022-03-24 03:03:52,223] {logging_mixin.py:109} INFO - [2022-03-24 03:03:52,223] {dag.py:2398} INFO - Sync 1 DAGs
[2022-03-24 03:03:52,321] {logging_mixin.py:109} INFO - [2022-03-24 03:03:52,320] {dag.py:2937} INFO - Setting next_dagrun for example_skip_dag to 2022-03-23T03:03:52.320078+00:00
[2022-03-24 03:03:52,385] {processor.py:171} INFO - Processing /home/airflow/.local/lib/python3.7/site-packages/airflow/example_dags/example_skip_dag.py took 0.857 seconds
[2022-03-24 03:04:23,018] {processor.py:163} INFO - Started process (PID=1638) to work on /home/airflow/.local/lib/python3.7/site-packages/airflow/example_dags/example_skip_dag.py
[2022-03-24 03:04:23,020] {processor.py:642} INFO - Processing file /home/airflow/.local/lib/python3.7/site-packages/airflow/example_dags/example_skip_dag.py for tasks to queue
[2022-03-24 03:04:23,022] {logging_mixin.py:109} INFO - [2022-03-24 03:04:23,022] {dagbag.py:500} INFO - Filling up the DagBag from /home/airflow/.local/lib/python3.7/site-packages/airflow/example_dags/example_skip_dag.py
[2022-03-24 03:04:23,059] {processor.py:654} INFO - DAG(s) dict_keys(['example_skip_dag']) retrieved from /home/airflow/.local/lib/python3.7/site-packages/airflow/example_dags/example_skip_dag.py
[2022-03-24 03:04:23,081] {logging_mixin.py:109} INFO - [2022-03-24 03:04:23,081] {dag.py:2398} INFO - Sync 1 DAGs
[2022-03-24 03:04:23,101] {logging_mixin.py:109} INFO - [2022-03-24 03:04:23,101] {dag.py:2937} INFO - Setting next_dagrun for example_skip_dag to 2022-03-23T03:04:23.100987+00:00
[2022-03-24 03:04:23,121] {processor.py:171} INFO - Processing /home/airflow/.local/lib/python3.7/site-packages/airflow/example_dags/example_skip_dag.py took 0.107 seconds
[2022-03-24 03:04:53,213] {processor.py:163} INFO - Started process (PID=1688) to work on /home/airflow/.local/lib/python3.7/site-packages/airflow/example_dags/example_skip_dag.py
[2022-03-24 03:04:53,215] {processor.py:642} INFO - Processing file /home/airflow/.local/lib/python3.7/site-packages/airflow/example_dags/example_skip_dag.py for tasks to queue
[2022-03-24 03:04:53,217] {logging_mixin.py:109} INFO - [2022-03-24 03:04:53,217] {dagbag.py:500} INFO - Filling up the DagBag from /home/airflow/.local/lib/python3.7/site-packages/airflow/example_dags/example_skip_dag.py
[2022-03-24 03:04:53,257] {processor.py:654} INFO - DAG(s) dict_keys(['example_skip_dag']) retrieved from /home/airflow/.local/lib/python3.7/site-packages/airflow/example_dags/example_skip_dag.py
[2022-03-24 03:04:53,269] {logging_mixin.py:109} INFO - [2022-03-24 03:04:53,269] {dag.py:2398} INFO - Sync 1 DAGs
[2022-03-24 03:04:53,287] {logging_mixin.py:109} INFO - [2022-03-24 03:04:53,287] {dag.py:2937} INFO - Setting next_dagrun for example_skip_dag to 2022-03-23T03:04:53.286868+00:00
[2022-03-24 03:04:53,300] {processor.py:171} INFO - Processing /home/airflow/.local/lib/python3.7/site-packages/airflow/example_dags/example_skip_dag.py took 0.091 seconds
[2022-03-24 03:05:23,588] {processor.py:163} INFO - Started process (PID=1752) to work on /home/airflow/.local/lib/python3.7/site-packages/airflow/example_dags/example_skip_dag.py
[2022-03-24 03:05:23,706] {processor.py:642} INFO - Processing file /home/airflow/.local/lib/python3.7/site-packages/airflow/example_dags/example_skip_dag.py for tasks to queue
[2022-03-24 03:05:24,128] {logging_mixin.py:109} INFO - [2022-03-24 03:05:24,128] {dagbag.py:500} INFO - Filling up the DagBag from /home/airflow/.local/lib/python3.7/site-packages/airflow/example_dags/example_skip_dag.py
[2022-03-24 03:05:24,646] {processor.py:654} INFO - DAG(s) dict_keys(['example_skip_dag']) retrieved from /home/airflow/.local/lib/python3.7/site-packages/airflow/example_dags/example_skip_dag.py
[2022-03-24 03:05:24,711] {logging_mixin.py:109} INFO - [2022-03-24 03:05:24,711] {dag.py:2398} INFO - Sync 1 DAGs
[2022-03-24 03:05:24,772] {logging_mixin.py:109} INFO - [2022-03-24 03:05:24,772] {dag.py:2937} INFO - Setting next_dagrun for example_skip_dag to 2022-03-23T03:05:24.772288+00:00
[2022-03-24 03:05:24,869] {processor.py:171} INFO - Processing /home/airflow/.local/lib/python3.7/site-packages/airflow/example_dags/example_skip_dag.py took 1.289 seconds
[2022-03-24 03:05:55,474] {processor.py:163} INFO - Started process (PID=1803) to work on /home/airflow/.local/lib/python3.7/site-packages/airflow/example_dags/example_skip_dag.py
[2022-03-24 03:05:55,479] {processor.py:642} INFO - Processing file /home/airflow/.local/lib/python3.7/site-packages/airflow/example_dags/example_skip_dag.py for tasks to queue
[2022-03-24 03:05:55,481] {logging_mixin.py:109} INFO - [2022-03-24 03:05:55,481] {dagbag.py:500} INFO - Filling up the DagBag from /home/airflow/.local/lib/python3.7/site-packages/airflow/example_dags/example_skip_dag.py
[2022-03-24 03:05:55,656] {processor.py:654} INFO - DAG(s) dict_keys(['example_skip_dag']) retrieved from /home/airflow/.local/lib/python3.7/site-packages/airflow/example_dags/example_skip_dag.py
[2022-03-24 03:05:55,717] {logging_mixin.py:109} INFO - [2022-03-24 03:05:55,717] {dag.py:2398} INFO - Sync 1 DAGs
[2022-03-24 03:05:55,779] {logging_mixin.py:109} INFO - [2022-03-24 03:05:55,778] {dag.py:2937} INFO - Setting next_dagrun for example_skip_dag to 2022-03-23T03:05:55.778500+00:00
[2022-03-24 03:05:55,831] {processor.py:171} INFO - Processing /home/airflow/.local/lib/python3.7/site-packages/airflow/example_dags/example_skip_dag.py took 0.371 seconds
[2022-03-24 03:06:26,266] {processor.py:163} INFO - Started process (PID=1852) to work on /home/airflow/.local/lib/python3.7/site-packages/airflow/example_dags/example_skip_dag.py
[2022-03-24 03:06:26,362] {processor.py:642} INFO - Processing file /home/airflow/.local/lib/python3.7/site-packages/airflow/example_dags/example_skip_dag.py for tasks to queue
[2022-03-24 03:06:26,363] {logging_mixin.py:109} INFO - [2022-03-24 03:06:26,363] {dagbag.py:500} INFO - Filling up the DagBag from /home/airflow/.local/lib/python3.7/site-packages/airflow/example_dags/example_skip_dag.py
[2022-03-24 03:06:26,533] {processor.py:654} INFO - DAG(s) dict_keys(['example_skip_dag']) retrieved from /home/airflow/.local/lib/python3.7/site-packages/airflow/example_dags/example_skip_dag.py
[2022-03-24 03:06:26,599] {logging_mixin.py:109} INFO - [2022-03-24 03:06:26,598] {dag.py:2398} INFO - Sync 1 DAGs
[2022-03-24 03:06:26,655] {logging_mixin.py:109} INFO - [2022-03-24 03:06:26,655] {dag.py:2937} INFO - Setting next_dagrun for example_skip_dag to 2022-03-23T03:06:26.654952+00:00
[2022-03-24 03:06:26,754] {processor.py:171} INFO - Processing /home/airflow/.local/lib/python3.7/site-packages/airflow/example_dags/example_skip_dag.py took 0.500 seconds
[2022-03-24 03:06:57,173] {processor.py:163} INFO - Started process (PID=1904) to work on /home/airflow/.local/lib/python3.7/site-packages/airflow/example_dags/example_skip_dag.py
[2022-03-24 03:06:57,182] {processor.py:642} INFO - Processing file /home/airflow/.local/lib/python3.7/site-packages/airflow/example_dags/example_skip_dag.py for tasks to queue
[2022-03-24 03:06:57,184] {logging_mixin.py:109} INFO - [2022-03-24 03:06:57,184] {dagbag.py:500} INFO - Filling up the DagBag from /home/airflow/.local/lib/python3.7/site-packages/airflow/example_dags/example_skip_dag.py
[2022-03-24 03:06:57,355] {processor.py:654} INFO - DAG(s) dict_keys(['example_skip_dag']) retrieved from /home/airflow/.local/lib/python3.7/site-packages/airflow/example_dags/example_skip_dag.py
[2022-03-24 03:06:57,414] {logging_mixin.py:109} INFO - [2022-03-24 03:06:57,413] {dag.py:2398} INFO - Sync 1 DAGs
[2022-03-24 03:06:57,491] {logging_mixin.py:109} INFO - [2022-03-24 03:06:57,491] {dag.py:2937} INFO - Setting next_dagrun for example_skip_dag to 2022-03-23T03:06:57.491021+00:00
[2022-03-24 03:06:57,539] {processor.py:171} INFO - Processing /home/airflow/.local/lib/python3.7/site-packages/airflow/example_dags/example_skip_dag.py took 0.381 seconds
[2022-03-24 03:07:28,401] {processor.py:163} INFO - Started process (PID=1954) to work on /home/airflow/.local/lib/python3.7/site-packages/airflow/example_dags/example_skip_dag.py
[2022-03-24 03:07:28,409] {processor.py:642} INFO - Processing file /home/airflow/.local/lib/python3.7/site-packages/airflow/example_dags/example_skip_dag.py for tasks to queue
[2022-03-24 03:07:28,413] {logging_mixin.py:109} INFO - [2022-03-24 03:07:28,413] {dagbag.py:500} INFO - Filling up the DagBag from /home/airflow/.local/lib/python3.7/site-packages/airflow/example_dags/example_skip_dag.py
[2022-03-24 03:07:28,497] {processor.py:654} INFO - DAG(s) dict_keys(['example_skip_dag']) retrieved from /home/airflow/.local/lib/python3.7/site-packages/airflow/example_dags/example_skip_dag.py
[2022-03-24 03:07:28,533] {logging_mixin.py:109} INFO - [2022-03-24 03:07:28,533] {dag.py:2398} INFO - Sync 1 DAGs
[2022-03-24 03:07:28,579] {logging_mixin.py:109} INFO - [2022-03-24 03:07:28,579] {dag.py:2937} INFO - Setting next_dagrun for example_skip_dag to 2022-03-23T03:07:28.579084+00:00
[2022-03-24 03:07:28,608] {processor.py:171} INFO - Processing /home/airflow/.local/lib/python3.7/site-packages/airflow/example_dags/example_skip_dag.py took 0.218 seconds
[2022-03-24 03:07:58,931] {processor.py:163} INFO - Started process (PID=2004) to work on /home/airflow/.local/lib/python3.7/site-packages/airflow/example_dags/example_skip_dag.py
[2022-03-24 03:07:58,934] {processor.py:642} INFO - Processing file /home/airflow/.local/lib/python3.7/site-packages/airflow/example_dags/example_skip_dag.py for tasks to queue
[2022-03-24 03:07:58,937] {logging_mixin.py:109} INFO - [2022-03-24 03:07:58,936] {dagbag.py:500} INFO - Filling up the DagBag from /home/airflow/.local/lib/python3.7/site-packages/airflow/example_dags/example_skip_dag.py
[2022-03-24 03:07:58,986] {processor.py:654} INFO - DAG(s) dict_keys(['example_skip_dag']) retrieved from /home/airflow/.local/lib/python3.7/site-packages/airflow/example_dags/example_skip_dag.py
[2022-03-24 03:07:59,000] {logging_mixin.py:109} INFO - [2022-03-24 03:07:59,000] {dag.py:2398} INFO - Sync 1 DAGs
[2022-03-24 03:07:59,022] {logging_mixin.py:109} INFO - [2022-03-24 03:07:59,022] {dag.py:2937} INFO - Setting next_dagrun for example_skip_dag to 2022-03-23T03:07:59.020569+00:00
[2022-03-24 03:07:59,036] {processor.py:171} INFO - Processing /home/airflow/.local/lib/python3.7/site-packages/airflow/example_dags/example_skip_dag.py took 0.110 seconds
[2022-03-24 03:08:29,105] {processor.py:163} INFO - Started process (PID=2055) to work on /home/airflow/.local/lib/python3.7/site-packages/airflow/example_dags/example_skip_dag.py
[2022-03-24 03:08:29,357] {processor.py:642} INFO - Processing file /home/airflow/.local/lib/python3.7/site-packages/airflow/example_dags/example_skip_dag.py for tasks to queue
[2022-03-24 03:08:29,359] {logging_mixin.py:109} INFO - [2022-03-24 03:08:29,359] {dagbag.py:500} INFO - Filling up the DagBag from /home/airflow/.local/lib/python3.7/site-packages/airflow/example_dags/example_skip_dag.py
[2022-03-24 03:08:29,404] {processor.py:654} INFO - DAG(s) dict_keys(['example_skip_dag']) retrieved from /home/airflow/.local/lib/python3.7/site-packages/airflow/example_dags/example_skip_dag.py
[2022-03-24 03:08:29,717] {logging_mixin.py:109} INFO - [2022-03-24 03:08:29,717] {dag.py:2398} INFO - Sync 1 DAGs
[2022-03-24 03:08:29,744] {logging_mixin.py:109} INFO - [2022-03-24 03:08:29,743] {dag.py:2937} INFO - Setting next_dagrun for example_skip_dag to 2022-03-23T03:08:29.742975+00:00
[2022-03-24 03:08:30,369] {processor.py:171} INFO - Processing /home/airflow/.local/lib/python3.7/site-packages/airflow/example_dags/example_skip_dag.py took 1.269 seconds
[2022-03-24 03:09:00,680] {processor.py:163} INFO - Started process (PID=2110) to work on /home/airflow/.local/lib/python3.7/site-packages/airflow/example_dags/example_skip_dag.py
[2022-03-24 03:09:00,683] {processor.py:642} INFO - Processing file /home/airflow/.local/lib/python3.7/site-packages/airflow/example_dags/example_skip_dag.py for tasks to queue
[2022-03-24 03:09:00,685] {logging_mixin.py:109} INFO - [2022-03-24 03:09:00,685] {dagbag.py:500} INFO - Filling up the DagBag from /home/airflow/.local/lib/python3.7/site-packages/airflow/example_dags/example_skip_dag.py
[2022-03-24 03:09:00,729] {processor.py:654} INFO - DAG(s) dict_keys(['example_skip_dag']) retrieved from /home/airflow/.local/lib/python3.7/site-packages/airflow/example_dags/example_skip_dag.py
[2022-03-24 03:09:00,750] {logging_mixin.py:109} INFO - [2022-03-24 03:09:00,750] {dag.py:2398} INFO - Sync 1 DAGs
[2022-03-24 03:09:00,771] {logging_mixin.py:109} INFO - [2022-03-24 03:09:00,771] {dag.py:2937} INFO - Setting next_dagrun for example_skip_dag to 2022-03-23T03:09:00.771469+00:00
[2022-03-24 03:09:00,788] {processor.py:171} INFO - Processing /home/airflow/.local/lib/python3.7/site-packages/airflow/example_dags/example_skip_dag.py took 0.117 seconds
[2022-03-24 03:09:31,137] {processor.py:163} INFO - Started process (PID=2160) to work on /home/airflow/.local/lib/python3.7/site-packages/airflow/example_dags/example_skip_dag.py
[2022-03-24 03:09:31,143] {processor.py:642} INFO - Processing file /home/airflow/.local/lib/python3.7/site-packages/airflow/example_dags/example_skip_dag.py for tasks to queue
[2022-03-24 03:09:31,148] {logging_mixin.py:109} INFO - [2022-03-24 03:09:31,148] {dagbag.py:500} INFO - Filling up the DagBag from /home/airflow/.local/lib/python3.7/site-packages/airflow/example_dags/example_skip_dag.py
[2022-03-24 03:09:31,215] {processor.py:654} INFO - DAG(s) dict_keys(['example_skip_dag']) retrieved from /home/airflow/.local/lib/python3.7/site-packages/airflow/example_dags/example_skip_dag.py
[2022-03-24 03:09:31,244] {logging_mixin.py:109} INFO - [2022-03-24 03:09:31,244] {dag.py:2398} INFO - Sync 1 DAGs
[2022-03-24 03:09:31,311] {logging_mixin.py:109} INFO - [2022-03-24 03:09:31,311] {dag.py:2937} INFO - Setting next_dagrun for example_skip_dag to 2022-03-23T03:09:31.310675+00:00
[2022-03-24 03:09:31,351] {processor.py:171} INFO - Processing /home/airflow/.local/lib/python3.7/site-packages/airflow/example_dags/example_skip_dag.py took 0.249 seconds
[2022-03-24 03:10:01,457] {processor.py:163} INFO - Started process (PID=2210) to work on /home/airflow/.local/lib/python3.7/site-packages/airflow/example_dags/example_skip_dag.py
[2022-03-24 03:10:01,463] {processor.py:642} INFO - Processing file /home/airflow/.local/lib/python3.7/site-packages/airflow/example_dags/example_skip_dag.py for tasks to queue
[2022-03-24 03:10:01,465] {logging_mixin.py:109} INFO - [2022-03-24 03:10:01,464] {dagbag.py:500} INFO - Filling up the DagBag from /home/airflow/.local/lib/python3.7/site-packages/airflow/example_dags/example_skip_dag.py
[2022-03-24 03:10:01,506] {processor.py:654} INFO - DAG(s) dict_keys(['example_skip_dag']) retrieved from /home/airflow/.local/lib/python3.7/site-packages/airflow/example_dags/example_skip_dag.py
[2022-03-24 03:10:01,519] {logging_mixin.py:109} INFO - [2022-03-24 03:10:01,519] {dag.py:2398} INFO - Sync 1 DAGs
[2022-03-24 03:10:01,548] {logging_mixin.py:109} INFO - [2022-03-24 03:10:01,547] {dag.py:2937} INFO - Setting next_dagrun for example_skip_dag to 2022-03-23T03:10:01.547618+00:00
[2022-03-24 03:10:01,561] {processor.py:171} INFO - Processing /home/airflow/.local/lib/python3.7/site-packages/airflow/example_dags/example_skip_dag.py took 0.111 seconds
[2022-03-24 03:10:32,380] {processor.py:163} INFO - Started process (PID=2262) to work on /home/airflow/.local/lib/python3.7/site-packages/airflow/example_dags/example_skip_dag.py
[2022-03-24 03:10:32,697] {processor.py:642} INFO - Processing file /home/airflow/.local/lib/python3.7/site-packages/airflow/example_dags/example_skip_dag.py for tasks to queue
[2022-03-24 03:10:32,986] {logging_mixin.py:109} INFO - [2022-03-24 03:10:32,986] {dagbag.py:500} INFO - Filling up the DagBag from /home/airflow/.local/lib/python3.7/site-packages/airflow/example_dags/example_skip_dag.py
[2022-03-24 03:10:33,033] {processor.py:654} INFO - DAG(s) dict_keys(['example_skip_dag']) retrieved from /home/airflow/.local/lib/python3.7/site-packages/airflow/example_dags/example_skip_dag.py
[2022-03-24 03:10:33,189] {logging_mixin.py:109} INFO - [2022-03-24 03:10:33,189] {dag.py:2398} INFO - Sync 1 DAGs
[2022-03-24 03:10:33,220] {logging_mixin.py:109} INFO - [2022-03-24 03:10:33,220] {dag.py:2937} INFO - Setting next_dagrun for example_skip_dag to 2022-03-23T03:10:33.219642+00:00
[2022-03-24 03:10:33,245] {processor.py:171} INFO - Processing /home/airflow/.local/lib/python3.7/site-packages/airflow/example_dags/example_skip_dag.py took 0.870 seconds
[2022-03-24 03:11:03,328] {processor.py:163} INFO - Started process (PID=2311) to work on /home/airflow/.local/lib/python3.7/site-packages/airflow/example_dags/example_skip_dag.py
[2022-03-24 03:11:03,336] {processor.py:642} INFO - Processing file /home/airflow/.local/lib/python3.7/site-packages/airflow/example_dags/example_skip_dag.py for tasks to queue
[2022-03-24 03:11:03,338] {logging_mixin.py:109} INFO - [2022-03-24 03:11:03,337] {dagbag.py:500} INFO - Filling up the DagBag from /home/airflow/.local/lib/python3.7/site-packages/airflow/example_dags/example_skip_dag.py
[2022-03-24 03:11:03,385] {processor.py:654} INFO - DAG(s) dict_keys(['example_skip_dag']) retrieved from /home/airflow/.local/lib/python3.7/site-packages/airflow/example_dags/example_skip_dag.py
[2022-03-24 03:11:03,400] {logging_mixin.py:109} INFO - [2022-03-24 03:11:03,400] {dag.py:2398} INFO - Sync 1 DAGs
[2022-03-24 03:11:03,426] {logging_mixin.py:109} INFO - [2022-03-24 03:11:03,426] {dag.py:2937} INFO - Setting next_dagrun for example_skip_dag to 2022-03-23T03:11:03.426395+00:00
[2022-03-24 03:11:03,447] {processor.py:171} INFO - Processing /home/airflow/.local/lib/python3.7/site-packages/airflow/example_dags/example_skip_dag.py took 0.123 seconds
[2022-03-24 03:11:34,359] {processor.py:163} INFO - Started process (PID=2362) to work on /home/airflow/.local/lib/python3.7/site-packages/airflow/example_dags/example_skip_dag.py
[2022-03-24 03:11:34,363] {processor.py:642} INFO - Processing file /home/airflow/.local/lib/python3.7/site-packages/airflow/example_dags/example_skip_dag.py for tasks to queue
[2022-03-24 03:11:34,366] {logging_mixin.py:109} INFO - [2022-03-24 03:11:34,366] {dagbag.py:500} INFO - Filling up the DagBag from /home/airflow/.local/lib/python3.7/site-packages/airflow/example_dags/example_skip_dag.py
[2022-03-24 03:11:34,420] {processor.py:654} INFO - DAG(s) dict_keys(['example_skip_dag']) retrieved from /home/airflow/.local/lib/python3.7/site-packages/airflow/example_dags/example_skip_dag.py
[2022-03-24 03:11:34,445] {logging_mixin.py:109} INFO - [2022-03-24 03:11:34,445] {dag.py:2398} INFO - Sync 1 DAGs
[2022-03-24 03:11:34,485] {logging_mixin.py:109} INFO - [2022-03-24 03:11:34,485] {dag.py:2937} INFO - Setting next_dagrun for example_skip_dag to 2022-03-23T03:11:34.485448+00:00
[2022-03-24 03:11:34,505] {processor.py:171} INFO - Processing /home/airflow/.local/lib/python3.7/site-packages/airflow/example_dags/example_skip_dag.py took 0.156 seconds
[2022-03-24 03:12:04,568] {processor.py:163} INFO - Started process (PID=2411) to work on /home/airflow/.local/lib/python3.7/site-packages/airflow/example_dags/example_skip_dag.py
[2022-03-24 03:12:04,575] {processor.py:642} INFO - Processing file /home/airflow/.local/lib/python3.7/site-packages/airflow/example_dags/example_skip_dag.py for tasks to queue
[2022-03-24 03:12:04,577] {logging_mixin.py:109} INFO - [2022-03-24 03:12:04,577] {dagbag.py:500} INFO - Filling up the DagBag from /home/airflow/.local/lib/python3.7/site-packages/airflow/example_dags/example_skip_dag.py
[2022-03-24 03:12:04,631] {processor.py:654} INFO - DAG(s) dict_keys(['example_skip_dag']) retrieved from /home/airflow/.local/lib/python3.7/site-packages/airflow/example_dags/example_skip_dag.py
[2022-03-24 03:12:04,655] {logging_mixin.py:109} INFO - [2022-03-24 03:12:04,655] {dag.py:2398} INFO - Sync 1 DAGs
[2022-03-24 03:12:04,689] {logging_mixin.py:109} INFO - [2022-03-24 03:12:04,689] {dag.py:2937} INFO - Setting next_dagrun for example_skip_dag to 2022-03-23T03:12:04.689233+00:00
[2022-03-24 03:12:04,703] {processor.py:171} INFO - Processing /home/airflow/.local/lib/python3.7/site-packages/airflow/example_dags/example_skip_dag.py took 0.139 seconds
[2022-03-24 03:12:35,132] {processor.py:163} INFO - Started process (PID=2462) to work on /home/airflow/.local/lib/python3.7/site-packages/airflow/example_dags/example_skip_dag.py
[2022-03-24 03:12:35,138] {processor.py:642} INFO - Processing file /home/airflow/.local/lib/python3.7/site-packages/airflow/example_dags/example_skip_dag.py for tasks to queue
[2022-03-24 03:12:35,140] {logging_mixin.py:109} INFO - [2022-03-24 03:12:35,140] {dagbag.py:500} INFO - Filling up the DagBag from /home/airflow/.local/lib/python3.7/site-packages/airflow/example_dags/example_skip_dag.py
[2022-03-24 03:12:35,184] {processor.py:654} INFO - DAG(s) dict_keys(['example_skip_dag']) retrieved from /home/airflow/.local/lib/python3.7/site-packages/airflow/example_dags/example_skip_dag.py
[2022-03-24 03:12:35,198] {logging_mixin.py:109} INFO - [2022-03-24 03:12:35,198] {dag.py:2398} INFO - Sync 1 DAGs
[2022-03-24 03:12:35,222] {logging_mixin.py:109} INFO - [2022-03-24 03:12:35,220] {dag.py:2937} INFO - Setting next_dagrun for example_skip_dag to 2022-03-23T03:12:35.216591+00:00
[2022-03-24 03:12:35,241] {processor.py:171} INFO - Processing /home/airflow/.local/lib/python3.7/site-packages/airflow/example_dags/example_skip_dag.py took 0.112 seconds
[2022-03-24 03:13:05,496] {processor.py:163} INFO - Started process (PID=2515) to work on /home/airflow/.local/lib/python3.7/site-packages/airflow/example_dags/example_skip_dag.py
[2022-03-24 03:13:05,503] {processor.py:642} INFO - Processing file /home/airflow/.local/lib/python3.7/site-packages/airflow/example_dags/example_skip_dag.py for tasks to queue
[2022-03-24 03:13:05,508] {logging_mixin.py:109} INFO - [2022-03-24 03:13:05,508] {dagbag.py:500} INFO - Filling up the DagBag from /home/airflow/.local/lib/python3.7/site-packages/airflow/example_dags/example_skip_dag.py
[2022-03-24 03:13:05,568] {processor.py:654} INFO - DAG(s) dict_keys(['example_skip_dag']) retrieved from /home/airflow/.local/lib/python3.7/site-packages/airflow/example_dags/example_skip_dag.py
[2022-03-24 03:13:05,600] {logging_mixin.py:109} INFO - [2022-03-24 03:13:05,600] {dag.py:2398} INFO - Sync 1 DAGs
[2022-03-24 03:13:05,619] {logging_mixin.py:109} INFO - [2022-03-24 03:13:05,619] {dag.py:2937} INFO - Setting next_dagrun for example_skip_dag to 2022-03-23T03:13:05.619046+00:00
[2022-03-24 03:13:05,634] {processor.py:171} INFO - Processing /home/airflow/.local/lib/python3.7/site-packages/airflow/example_dags/example_skip_dag.py took 0.144 seconds
[2022-03-24 03:13:36,369] {processor.py:163} INFO - Started process (PID=2567) to work on /home/airflow/.local/lib/python3.7/site-packages/airflow/example_dags/example_skip_dag.py
[2022-03-24 03:13:36,376] {processor.py:642} INFO - Processing file /home/airflow/.local/lib/python3.7/site-packages/airflow/example_dags/example_skip_dag.py for tasks to queue
[2022-03-24 03:13:36,379] {logging_mixin.py:109} INFO - [2022-03-24 03:13:36,379] {dagbag.py:500} INFO - Filling up the DagBag from /home/airflow/.local/lib/python3.7/site-packages/airflow/example_dags/example_skip_dag.py
[2022-03-24 03:13:36,469] {processor.py:654} INFO - DAG(s) dict_keys(['example_skip_dag']) retrieved from /home/airflow/.local/lib/python3.7/site-packages/airflow/example_dags/example_skip_dag.py
[2022-03-24 03:13:36,497] {logging_mixin.py:109} INFO - [2022-03-24 03:13:36,497] {dag.py:2398} INFO - Sync 1 DAGs
[2022-03-24 03:13:36,547] {logging_mixin.py:109} INFO - [2022-03-24 03:13:36,547] {dag.py:2937} INFO - Setting next_dagrun for example_skip_dag to 2022-03-23T03:13:36.546857+00:00
[2022-03-24 03:13:36,581] {processor.py:171} INFO - Processing /home/airflow/.local/lib/python3.7/site-packages/airflow/example_dags/example_skip_dag.py took 0.229 seconds
[2022-03-24 03:14:06,780] {processor.py:163} INFO - Started process (PID=2621) to work on /home/airflow/.local/lib/python3.7/site-packages/airflow/example_dags/example_skip_dag.py
[2022-03-24 03:14:06,788] {processor.py:642} INFO - Processing file /home/airflow/.local/lib/python3.7/site-packages/airflow/example_dags/example_skip_dag.py for tasks to queue
[2022-03-24 03:14:06,790] {logging_mixin.py:109} INFO - [2022-03-24 03:14:06,790] {dagbag.py:500} INFO - Filling up the DagBag from /home/airflow/.local/lib/python3.7/site-packages/airflow/example_dags/example_skip_dag.py
[2022-03-24 03:14:06,835] {processor.py:654} INFO - DAG(s) dict_keys(['example_skip_dag']) retrieved from /home/airflow/.local/lib/python3.7/site-packages/airflow/example_dags/example_skip_dag.py
[2022-03-24 03:14:06,850] {logging_mixin.py:109} INFO - [2022-03-24 03:14:06,850] {dag.py:2398} INFO - Sync 1 DAGs
[2022-03-24 03:14:06,878] {logging_mixin.py:109} INFO - [2022-03-24 03:14:06,878] {dag.py:2937} INFO - Setting next_dagrun for example_skip_dag to 2022-03-23T03:14:06.878160+00:00
[2022-03-24 03:14:06,894] {processor.py:171} INFO - Processing /home/airflow/.local/lib/python3.7/site-packages/airflow/example_dags/example_skip_dag.py took 0.118 seconds
[2022-03-24 03:14:37,461] {processor.py:163} INFO - Started process (PID=2682) to work on /home/airflow/.local/lib/python3.7/site-packages/airflow/example_dags/example_skip_dag.py
[2022-03-24 03:14:37,467] {processor.py:642} INFO - Processing file /home/airflow/.local/lib/python3.7/site-packages/airflow/example_dags/example_skip_dag.py for tasks to queue
[2022-03-24 03:14:37,471] {logging_mixin.py:109} INFO - [2022-03-24 03:14:37,470] {dagbag.py:500} INFO - Filling up the DagBag from /home/airflow/.local/lib/python3.7/site-packages/airflow/example_dags/example_skip_dag.py
[2022-03-24 03:14:37,561] {processor.py:654} INFO - DAG(s) dict_keys(['example_skip_dag']) retrieved from /home/airflow/.local/lib/python3.7/site-packages/airflow/example_dags/example_skip_dag.py
[2022-03-24 03:14:37,817] {logging_mixin.py:109} INFO - [2022-03-24 03:14:37,817] {dag.py:2398} INFO - Sync 1 DAGs
[2022-03-24 03:14:37,866] {logging_mixin.py:109} INFO - [2022-03-24 03:14:37,866] {dag.py:2937} INFO - Setting next_dagrun for example_skip_dag to 2022-03-23T03:14:37.865917+00:00
[2022-03-24 03:14:37,897] {processor.py:171} INFO - Processing /home/airflow/.local/lib/python3.7/site-packages/airflow/example_dags/example_skip_dag.py took 0.452 seconds
[2022-03-24 03:15:08,746] {processor.py:163} INFO - Started process (PID=2739) to work on /home/airflow/.local/lib/python3.7/site-packages/airflow/example_dags/example_skip_dag.py
[2022-03-24 03:15:08,785] {processor.py:642} INFO - Processing file /home/airflow/.local/lib/python3.7/site-packages/airflow/example_dags/example_skip_dag.py for tasks to queue
[2022-03-24 03:15:08,788] {logging_mixin.py:109} INFO - [2022-03-24 03:15:08,787] {dagbag.py:500} INFO - Filling up the DagBag from /home/airflow/.local/lib/python3.7/site-packages/airflow/example_dags/example_skip_dag.py
[2022-03-24 03:15:08,986] {processor.py:654} INFO - DAG(s) dict_keys(['example_skip_dag']) retrieved from /home/airflow/.local/lib/python3.7/site-packages/airflow/example_dags/example_skip_dag.py
[2022-03-24 03:15:09,202] {logging_mixin.py:109} INFO - [2022-03-24 03:15:09,202] {dag.py:2398} INFO - Sync 1 DAGs
[2022-03-24 03:15:09,345] {logging_mixin.py:109} INFO - [2022-03-24 03:15:09,345] {dag.py:2937} INFO - Setting next_dagrun for example_skip_dag to 2022-03-23T03:15:09.345231+00:00
[2022-03-24 03:15:09,879] {processor.py:171} INFO - Processing /home/airflow/.local/lib/python3.7/site-packages/airflow/example_dags/example_skip_dag.py took 1.159 seconds
[2022-03-24 03:15:40,475] {processor.py:163} INFO - Started process (PID=2784) to work on /home/airflow/.local/lib/python3.7/site-packages/airflow/example_dags/example_skip_dag.py
[2022-03-24 03:15:40,512] {processor.py:642} INFO - Processing file /home/airflow/.local/lib/python3.7/site-packages/airflow/example_dags/example_skip_dag.py for tasks to queue
[2022-03-24 03:15:40,516] {logging_mixin.py:109} INFO - [2022-03-24 03:15:40,515] {dagbag.py:500} INFO - Filling up the DagBag from /home/airflow/.local/lib/python3.7/site-packages/airflow/example_dags/example_skip_dag.py
[2022-03-24 03:15:40,718] {processor.py:654} INFO - DAG(s) dict_keys(['example_skip_dag']) retrieved from /home/airflow/.local/lib/python3.7/site-packages/airflow/example_dags/example_skip_dag.py
[2022-03-24 03:15:40,819] {logging_mixin.py:109} INFO - [2022-03-24 03:15:40,819] {dag.py:2398} INFO - Sync 1 DAGs
[2022-03-24 03:15:40,920] {logging_mixin.py:109} INFO - [2022-03-24 03:15:40,920] {dag.py:2937} INFO - Setting next_dagrun for example_skip_dag to 2022-03-23T03:15:40.919808+00:00
[2022-03-24 03:15:40,987] {processor.py:171} INFO - Processing /home/airflow/.local/lib/python3.7/site-packages/airflow/example_dags/example_skip_dag.py took 0.547 seconds
[2022-03-24 03:16:11,687] {processor.py:163} INFO - Started process (PID=2836) to work on /home/airflow/.local/lib/python3.7/site-packages/airflow/example_dags/example_skip_dag.py
[2022-03-24 03:16:11,700] {processor.py:642} INFO - Processing file /home/airflow/.local/lib/python3.7/site-packages/airflow/example_dags/example_skip_dag.py for tasks to queue
[2022-03-24 03:16:11,702] {logging_mixin.py:109} INFO - [2022-03-24 03:16:11,702] {dagbag.py:500} INFO - Filling up the DagBag from /home/airflow/.local/lib/python3.7/site-packages/airflow/example_dags/example_skip_dag.py
[2022-03-24 03:16:11,942] {processor.py:654} INFO - DAG(s) dict_keys(['example_skip_dag']) retrieved from /home/airflow/.local/lib/python3.7/site-packages/airflow/example_dags/example_skip_dag.py
[2022-03-24 03:16:12,010] {logging_mixin.py:109} INFO - [2022-03-24 03:16:12,009] {dag.py:2398} INFO - Sync 1 DAGs
[2022-03-24 03:16:12,101] {logging_mixin.py:109} INFO - [2022-03-24 03:16:12,101] {dag.py:2937} INFO - Setting next_dagrun for example_skip_dag to 2022-03-23T03:16:12.095613+00:00
[2022-03-24 03:16:12,178] {processor.py:171} INFO - Processing /home/airflow/.local/lib/python3.7/site-packages/airflow/example_dags/example_skip_dag.py took 0.503 seconds
[2022-03-24 03:16:42,536] {processor.py:163} INFO - Started process (PID=2886) to work on /home/airflow/.local/lib/python3.7/site-packages/airflow/example_dags/example_skip_dag.py
[2022-03-24 03:16:42,560] {processor.py:642} INFO - Processing file /home/airflow/.local/lib/python3.7/site-packages/airflow/example_dags/example_skip_dag.py for tasks to queue
[2022-03-24 03:16:42,562] {logging_mixin.py:109} INFO - [2022-03-24 03:16:42,562] {dagbag.py:500} INFO - Filling up the DagBag from /home/airflow/.local/lib/python3.7/site-packages/airflow/example_dags/example_skip_dag.py
[2022-03-24 03:16:42,706] {processor.py:654} INFO - DAG(s) dict_keys(['example_skip_dag']) retrieved from /home/airflow/.local/lib/python3.7/site-packages/airflow/example_dags/example_skip_dag.py
[2022-03-24 03:16:42,743] {logging_mixin.py:109} INFO - [2022-03-24 03:16:42,742] {dag.py:2398} INFO - Sync 1 DAGs
[2022-03-24 03:16:42,772] {logging_mixin.py:109} INFO - [2022-03-24 03:16:42,772] {dag.py:2937} INFO - Setting next_dagrun for example_skip_dag to 2022-03-23T03:16:42.772491+00:00
[2022-03-24 03:16:42,801] {processor.py:171} INFO - Processing /home/airflow/.local/lib/python3.7/site-packages/airflow/example_dags/example_skip_dag.py took 0.291 seconds
[2022-03-24 03:17:13,045] {processor.py:163} INFO - Started process (PID=2939) to work on /home/airflow/.local/lib/python3.7/site-packages/airflow/example_dags/example_skip_dag.py
[2022-03-24 03:17:13,048] {processor.py:642} INFO - Processing file /home/airflow/.local/lib/python3.7/site-packages/airflow/example_dags/example_skip_dag.py for tasks to queue
[2022-03-24 03:17:13,049] {logging_mixin.py:109} INFO - [2022-03-24 03:17:13,049] {dagbag.py:500} INFO - Filling up the DagBag from /home/airflow/.local/lib/python3.7/site-packages/airflow/example_dags/example_skip_dag.py
[2022-03-24 03:17:13,108] {processor.py:654} INFO - DAG(s) dict_keys(['example_skip_dag']) retrieved from /home/airflow/.local/lib/python3.7/site-packages/airflow/example_dags/example_skip_dag.py
[2022-03-24 03:17:13,125] {logging_mixin.py:109} INFO - [2022-03-24 03:17:13,124] {dag.py:2398} INFO - Sync 1 DAGs
[2022-03-24 03:17:13,142] {logging_mixin.py:109} INFO - [2022-03-24 03:17:13,142] {dag.py:2937} INFO - Setting next_dagrun for example_skip_dag to 2022-03-23T03:17:13.142418+00:00
[2022-03-24 03:17:13,157] {processor.py:171} INFO - Processing /home/airflow/.local/lib/python3.7/site-packages/airflow/example_dags/example_skip_dag.py took 0.120 seconds
[2022-03-24 03:17:43,739] {processor.py:163} INFO - Started process (PID=2991) to work on /home/airflow/.local/lib/python3.7/site-packages/airflow/example_dags/example_skip_dag.py
[2022-03-24 03:17:43,741] {processor.py:642} INFO - Processing file /home/airflow/.local/lib/python3.7/site-packages/airflow/example_dags/example_skip_dag.py for tasks to queue
[2022-03-24 03:17:43,744] {logging_mixin.py:109} INFO - [2022-03-24 03:17:43,743] {dagbag.py:500} INFO - Filling up the DagBag from /home/airflow/.local/lib/python3.7/site-packages/airflow/example_dags/example_skip_dag.py
[2022-03-24 03:17:43,800] {processor.py:654} INFO - DAG(s) dict_keys(['example_skip_dag']) retrieved from /home/airflow/.local/lib/python3.7/site-packages/airflow/example_dags/example_skip_dag.py
[2022-03-24 03:17:43,813] {logging_mixin.py:109} INFO - [2022-03-24 03:17:43,812] {dag.py:2398} INFO - Sync 1 DAGs
[2022-03-24 03:17:43,829] {logging_mixin.py:109} INFO - [2022-03-24 03:17:43,829] {dag.py:2937} INFO - Setting next_dagrun for example_skip_dag to 2022-03-23T03:17:43.828745+00:00
[2022-03-24 03:17:43,841] {processor.py:171} INFO - Processing /home/airflow/.local/lib/python3.7/site-packages/airflow/example_dags/example_skip_dag.py took 0.107 seconds
[2022-03-24 03:18:14,147] {processor.py:163} INFO - Started process (PID=3043) to work on /home/airflow/.local/lib/python3.7/site-packages/airflow/example_dags/example_skip_dag.py
[2022-03-24 03:18:14,151] {processor.py:642} INFO - Processing file /home/airflow/.local/lib/python3.7/site-packages/airflow/example_dags/example_skip_dag.py for tasks to queue
[2022-03-24 03:18:14,154] {logging_mixin.py:109} INFO - [2022-03-24 03:18:14,153] {dagbag.py:500} INFO - Filling up the DagBag from /home/airflow/.local/lib/python3.7/site-packages/airflow/example_dags/example_skip_dag.py
[2022-03-24 03:18:14,207] {processor.py:654} INFO - DAG(s) dict_keys(['example_skip_dag']) retrieved from /home/airflow/.local/lib/python3.7/site-packages/airflow/example_dags/example_skip_dag.py
[2022-03-24 03:18:14,221] {logging_mixin.py:109} INFO - [2022-03-24 03:18:14,221] {dag.py:2398} INFO - Sync 1 DAGs
[2022-03-24 03:18:14,238] {logging_mixin.py:109} INFO - [2022-03-24 03:18:14,238] {dag.py:2937} INFO - Setting next_dagrun for example_skip_dag to 2022-03-23T03:18:14.237942+00:00
[2022-03-24 03:18:14,249] {processor.py:171} INFO - Processing /home/airflow/.local/lib/python3.7/site-packages/airflow/example_dags/example_skip_dag.py took 0.110 seconds
[2022-03-24 03:18:44,612] {processor.py:163} INFO - Started process (PID=3094) to work on /home/airflow/.local/lib/python3.7/site-packages/airflow/example_dags/example_skip_dag.py
[2022-03-24 03:18:44,618] {processor.py:642} INFO - Processing file /home/airflow/.local/lib/python3.7/site-packages/airflow/example_dags/example_skip_dag.py for tasks to queue
[2022-03-24 03:18:44,621] {logging_mixin.py:109} INFO - [2022-03-24 03:18:44,621] {dagbag.py:500} INFO - Filling up the DagBag from /home/airflow/.local/lib/python3.7/site-packages/airflow/example_dags/example_skip_dag.py
[2022-03-24 03:18:44,670] {processor.py:654} INFO - DAG(s) dict_keys(['example_skip_dag']) retrieved from /home/airflow/.local/lib/python3.7/site-packages/airflow/example_dags/example_skip_dag.py
[2022-03-24 03:18:44,689] {logging_mixin.py:109} INFO - [2022-03-24 03:18:44,689] {dag.py:2398} INFO - Sync 1 DAGs
[2022-03-24 03:18:44,709] {logging_mixin.py:109} INFO - [2022-03-24 03:18:44,709] {dag.py:2937} INFO - Setting next_dagrun for example_skip_dag to 2022-03-23T03:18:44.709404+00:00
[2022-03-24 03:18:44,728] {processor.py:171} INFO - Processing /home/airflow/.local/lib/python3.7/site-packages/airflow/example_dags/example_skip_dag.py took 0.119 seconds
[2022-03-24 03:19:15,615] {processor.py:163} INFO - Started process (PID=3156) to work on /home/airflow/.local/lib/python3.7/site-packages/airflow/example_dags/example_skip_dag.py
[2022-03-24 03:19:15,638] {processor.py:642} INFO - Processing file /home/airflow/.local/lib/python3.7/site-packages/airflow/example_dags/example_skip_dag.py for tasks to queue
[2022-03-24 03:19:15,646] {logging_mixin.py:109} INFO - [2022-03-24 03:19:15,644] {dagbag.py:500} INFO - Filling up the DagBag from /home/airflow/.local/lib/python3.7/site-packages/airflow/example_dags/example_skip_dag.py
[2022-03-24 03:19:15,760] {processor.py:654} INFO - DAG(s) dict_keys(['example_skip_dag']) retrieved from /home/airflow/.local/lib/python3.7/site-packages/airflow/example_dags/example_skip_dag.py
[2022-03-24 03:19:15,807] {logging_mixin.py:109} INFO - [2022-03-24 03:19:15,806] {dag.py:2398} INFO - Sync 1 DAGs
[2022-03-24 03:19:15,855] {logging_mixin.py:109} INFO - [2022-03-24 03:19:15,855] {dag.py:2937} INFO - Setting next_dagrun for example_skip_dag to 2022-03-23T03:19:15.854920+00:00
[2022-03-24 03:19:15,879] {processor.py:171} INFO - Processing /home/airflow/.local/lib/python3.7/site-packages/airflow/example_dags/example_skip_dag.py took 0.275 seconds
[2022-03-24 03:19:46,913] {processor.py:163} INFO - Started process (PID=3215) to work on /home/airflow/.local/lib/python3.7/site-packages/airflow/example_dags/example_skip_dag.py
[2022-03-24 03:19:47,068] {processor.py:642} INFO - Processing file /home/airflow/.local/lib/python3.7/site-packages/airflow/example_dags/example_skip_dag.py for tasks to queue
[2022-03-24 03:19:47,248] {logging_mixin.py:109} INFO - [2022-03-24 03:19:47,247] {dagbag.py:500} INFO - Filling up the DagBag from /home/airflow/.local/lib/python3.7/site-packages/airflow/example_dags/example_skip_dag.py
[2022-03-24 03:19:47,592] {processor.py:654} INFO - DAG(s) dict_keys(['example_skip_dag']) retrieved from /home/airflow/.local/lib/python3.7/site-packages/airflow/example_dags/example_skip_dag.py
[2022-03-24 03:19:47,844] {logging_mixin.py:109} INFO - [2022-03-24 03:19:47,844] {dag.py:2398} INFO - Sync 1 DAGs
[2022-03-24 03:19:48,007] {logging_mixin.py:109} INFO - [2022-03-24 03:19:48,006] {dag.py:2937} INFO - Setting next_dagrun for example_skip_dag to 2022-03-23T03:19:48.006557+00:00
[2022-03-24 03:19:48,228] {processor.py:171} INFO - Processing /home/airflow/.local/lib/python3.7/site-packages/airflow/example_dags/example_skip_dag.py took 1.327 seconds
[2022-03-24 03:20:18,787] {processor.py:163} INFO - Started process (PID=3266) to work on /home/airflow/.local/lib/python3.7/site-packages/airflow/example_dags/example_skip_dag.py
[2022-03-24 03:20:18,791] {processor.py:642} INFO - Processing file /home/airflow/.local/lib/python3.7/site-packages/airflow/example_dags/example_skip_dag.py for tasks to queue
[2022-03-24 03:20:18,794] {logging_mixin.py:109} INFO - [2022-03-24 03:20:18,794] {dagbag.py:500} INFO - Filling up the DagBag from /home/airflow/.local/lib/python3.7/site-packages/airflow/example_dags/example_skip_dag.py
[2022-03-24 03:20:18,854] {processor.py:654} INFO - DAG(s) dict_keys(['example_skip_dag']) retrieved from /home/airflow/.local/lib/python3.7/site-packages/airflow/example_dags/example_skip_dag.py
[2022-03-24 03:20:18,877] {logging_mixin.py:109} INFO - [2022-03-24 03:20:18,876] {dag.py:2398} INFO - Sync 1 DAGs
[2022-03-24 03:20:18,911] {logging_mixin.py:109} INFO - [2022-03-24 03:20:18,911] {dag.py:2937} INFO - Setting next_dagrun for example_skip_dag to 2022-03-23T03:20:18.909940+00:00
[2022-03-24 03:20:18,939] {processor.py:171} INFO - Processing /home/airflow/.local/lib/python3.7/site-packages/airflow/example_dags/example_skip_dag.py took 0.160 seconds
