[2022-03-24 02:47:16,585] {processor.py:163} INFO - Started process (PID=87) to work on /home/airflow/.local/lib/python3.7/site-packages/airflow/example_dags/example_latest_only_with_trigger.py
[2022-03-24 02:47:16,609] {processor.py:642} INFO - Processing file /home/airflow/.local/lib/python3.7/site-packages/airflow/example_dags/example_latest_only_with_trigger.py for tasks to queue
[2022-03-24 02:47:16,639] {logging_mixin.py:109} INFO - [2022-03-24 02:47:16,638] {dagbag.py:500} INFO - Filling up the DagBag from /home/airflow/.local/lib/python3.7/site-packages/airflow/example_dags/example_latest_only_with_trigger.py
[2022-03-24 02:47:16,956] {processor.py:654} INFO - DAG(s) dict_keys(['latest_only_with_trigger']) retrieved from /home/airflow/.local/lib/python3.7/site-packages/airflow/example_dags/example_latest_only_with_trigger.py
[2022-03-24 02:47:28,028] {logging_mixin.py:109} INFO - [2022-03-24 02:47:28,028] {manager.py:496} INFO - Created Permission View: can edit on DAG:latest_only_with_trigger
[2022-03-24 02:47:28,083] {logging_mixin.py:109} INFO - [2022-03-24 02:47:28,083] {manager.py:496} INFO - Created Permission View: can read on DAG:latest_only_with_trigger
[2022-03-24 02:47:28,093] {logging_mixin.py:109} INFO - [2022-03-24 02:47:28,086] {dag.py:2398} INFO - Sync 1 DAGs
[2022-03-24 02:47:28,136] {logging_mixin.py:109} INFO - [2022-03-24 02:47:28,135] {dag.py:2417} INFO - Creating ORM DAG for latest_only_with_trigger
[2022-03-24 02:47:28,199] {logging_mixin.py:109} INFO - [2022-03-24 02:47:28,198] {dag.py:2937} INFO - Setting next_dagrun for latest_only_with_trigger to 2022-03-23T22:47:28.198664+00:00
[2022-03-24 02:47:28,890] {processor.py:171} INFO - Processing /home/airflow/.local/lib/python3.7/site-packages/airflow/example_dags/example_latest_only_with_trigger.py took 12.395 seconds
[2022-03-24 02:49:29,614] {processor.py:163} INFO - Started process (PID=171) to work on /home/airflow/.local/lib/python3.7/site-packages/airflow/example_dags/example_latest_only_with_trigger.py
[2022-03-24 02:49:29,678] {processor.py:642} INFO - Processing file /home/airflow/.local/lib/python3.7/site-packages/airflow/example_dags/example_latest_only_with_trigger.py for tasks to queue
[2022-03-24 02:49:29,874] {logging_mixin.py:109} INFO - [2022-03-24 02:49:29,874] {dagbag.py:500} INFO - Filling up the DagBag from /home/airflow/.local/lib/python3.7/site-packages/airflow/example_dags/example_latest_only_with_trigger.py
[2022-03-24 02:49:30,247] {processor.py:654} INFO - DAG(s) dict_keys(['latest_only_with_trigger']) retrieved from /home/airflow/.local/lib/python3.7/site-packages/airflow/example_dags/example_latest_only_with_trigger.py
[2022-03-24 02:49:30,328] {logging_mixin.py:109} INFO - [2022-03-24 02:49:30,328] {dag.py:2398} INFO - Sync 1 DAGs
[2022-03-24 02:49:30,392] {logging_mixin.py:109} INFO - [2022-03-24 02:49:30,392] {dag.py:2937} INFO - Setting next_dagrun for latest_only_with_trigger to 2022-03-23T22:49:30.392376+00:00
[2022-03-24 02:49:30,437] {processor.py:171} INFO - Processing /home/airflow/.local/lib/python3.7/site-packages/airflow/example_dags/example_latest_only_with_trigger.py took 0.868 seconds
[2022-03-24 02:50:43,773] {processor.py:163} INFO - Started process (PID=281) to work on /home/airflow/.local/lib/python3.7/site-packages/airflow/example_dags/example_latest_only_with_trigger.py
[2022-03-24 02:50:43,776] {processor.py:642} INFO - Processing file /home/airflow/.local/lib/python3.7/site-packages/airflow/example_dags/example_latest_only_with_trigger.py for tasks to queue
[2022-03-24 02:50:43,777] {logging_mixin.py:109} INFO - [2022-03-24 02:50:43,777] {dagbag.py:500} INFO - Filling up the DagBag from /home/airflow/.local/lib/python3.7/site-packages/airflow/example_dags/example_latest_only_with_trigger.py
[2022-03-24 02:50:43,823] {processor.py:654} INFO - DAG(s) dict_keys(['latest_only_with_trigger']) retrieved from /home/airflow/.local/lib/python3.7/site-packages/airflow/example_dags/example_latest_only_with_trigger.py
[2022-03-24 02:50:43,836] {logging_mixin.py:109} INFO - [2022-03-24 02:50:43,835] {dag.py:2398} INFO - Sync 1 DAGs
[2022-03-24 02:50:43,855] {logging_mixin.py:109} INFO - [2022-03-24 02:50:43,855] {dag.py:2937} INFO - Setting next_dagrun for latest_only_with_trigger to 2022-03-23T22:50:43.854892+00:00
[2022-03-24 02:50:43,866] {processor.py:171} INFO - Processing /home/airflow/.local/lib/python3.7/site-packages/airflow/example_dags/example_latest_only_with_trigger.py took 0.097 seconds
[2022-03-24 02:51:14,606] {processor.py:163} INFO - Started process (PID=334) to work on /home/airflow/.local/lib/python3.7/site-packages/airflow/example_dags/example_latest_only_with_trigger.py
[2022-03-24 02:51:14,610] {processor.py:642} INFO - Processing file /home/airflow/.local/lib/python3.7/site-packages/airflow/example_dags/example_latest_only_with_trigger.py for tasks to queue
[2022-03-24 02:51:14,613] {logging_mixin.py:109} INFO - [2022-03-24 02:51:14,612] {dagbag.py:500} INFO - Filling up the DagBag from /home/airflow/.local/lib/python3.7/site-packages/airflow/example_dags/example_latest_only_with_trigger.py
[2022-03-24 02:51:14,665] {processor.py:654} INFO - DAG(s) dict_keys(['latest_only_with_trigger']) retrieved from /home/airflow/.local/lib/python3.7/site-packages/airflow/example_dags/example_latest_only_with_trigger.py
[2022-03-24 02:51:14,687] {logging_mixin.py:109} INFO - [2022-03-24 02:51:14,687] {dag.py:2398} INFO - Sync 1 DAGs
[2022-03-24 02:51:14,705] {logging_mixin.py:109} INFO - [2022-03-24 02:51:14,705] {dag.py:2937} INFO - Setting next_dagrun for latest_only_with_trigger to 2022-03-23T22:51:14.704772+00:00
[2022-03-24 02:51:14,719] {processor.py:171} INFO - Processing /home/airflow/.local/lib/python3.7/site-packages/airflow/example_dags/example_latest_only_with_trigger.py took 0.116 seconds
[2022-03-24 02:51:45,004] {processor.py:163} INFO - Started process (PID=383) to work on /home/airflow/.local/lib/python3.7/site-packages/airflow/example_dags/example_latest_only_with_trigger.py
[2022-03-24 02:51:45,007] {processor.py:642} INFO - Processing file /home/airflow/.local/lib/python3.7/site-packages/airflow/example_dags/example_latest_only_with_trigger.py for tasks to queue
[2022-03-24 02:51:45,009] {logging_mixin.py:109} INFO - [2022-03-24 02:51:45,009] {dagbag.py:500} INFO - Filling up the DagBag from /home/airflow/.local/lib/python3.7/site-packages/airflow/example_dags/example_latest_only_with_trigger.py
[2022-03-24 02:51:45,058] {processor.py:654} INFO - DAG(s) dict_keys(['latest_only_with_trigger']) retrieved from /home/airflow/.local/lib/python3.7/site-packages/airflow/example_dags/example_latest_only_with_trigger.py
[2022-03-24 02:51:45,077] {logging_mixin.py:109} INFO - [2022-03-24 02:51:45,076] {dag.py:2398} INFO - Sync 1 DAGs
[2022-03-24 02:51:45,100] {logging_mixin.py:109} INFO - [2022-03-24 02:51:45,100] {dag.py:2937} INFO - Setting next_dagrun for latest_only_with_trigger to 2022-03-23T22:51:45.099833+00:00
[2022-03-24 02:51:45,120] {processor.py:171} INFO - Processing /home/airflow/.local/lib/python3.7/site-packages/airflow/example_dags/example_latest_only_with_trigger.py took 0.120 seconds
[2022-03-24 02:52:15,782] {processor.py:163} INFO - Started process (PID=433) to work on /home/airflow/.local/lib/python3.7/site-packages/airflow/example_dags/example_latest_only_with_trigger.py
[2022-03-24 02:52:15,797] {processor.py:642} INFO - Processing file /home/airflow/.local/lib/python3.7/site-packages/airflow/example_dags/example_latest_only_with_trigger.py for tasks to queue
[2022-03-24 02:52:15,799] {logging_mixin.py:109} INFO - [2022-03-24 02:52:15,799] {dagbag.py:500} INFO - Filling up the DagBag from /home/airflow/.local/lib/python3.7/site-packages/airflow/example_dags/example_latest_only_with_trigger.py
[2022-03-24 02:52:15,884] {processor.py:654} INFO - DAG(s) dict_keys(['latest_only_with_trigger']) retrieved from /home/airflow/.local/lib/python3.7/site-packages/airflow/example_dags/example_latest_only_with_trigger.py
[2022-03-24 02:52:15,950] {logging_mixin.py:109} INFO - [2022-03-24 02:52:15,949] {dag.py:2398} INFO - Sync 1 DAGs
[2022-03-24 02:52:16,016] {logging_mixin.py:109} INFO - [2022-03-24 02:52:16,016] {dag.py:2937} INFO - Setting next_dagrun for latest_only_with_trigger to 2022-03-23T22:52:16.009486+00:00
[2022-03-24 02:52:16,043] {processor.py:171} INFO - Processing /home/airflow/.local/lib/python3.7/site-packages/airflow/example_dags/example_latest_only_with_trigger.py took 0.265 seconds
[2022-03-24 02:52:46,203] {processor.py:163} INFO - Started process (PID=484) to work on /home/airflow/.local/lib/python3.7/site-packages/airflow/example_dags/example_latest_only_with_trigger.py
[2022-03-24 02:52:46,211] {processor.py:642} INFO - Processing file /home/airflow/.local/lib/python3.7/site-packages/airflow/example_dags/example_latest_only_with_trigger.py for tasks to queue
[2022-03-24 02:52:46,212] {logging_mixin.py:109} INFO - [2022-03-24 02:52:46,212] {dagbag.py:500} INFO - Filling up the DagBag from /home/airflow/.local/lib/python3.7/site-packages/airflow/example_dags/example_latest_only_with_trigger.py
[2022-03-24 02:52:46,258] {processor.py:654} INFO - DAG(s) dict_keys(['latest_only_with_trigger']) retrieved from /home/airflow/.local/lib/python3.7/site-packages/airflow/example_dags/example_latest_only_with_trigger.py
[2022-03-24 02:52:46,277] {logging_mixin.py:109} INFO - [2022-03-24 02:52:46,277] {dag.py:2398} INFO - Sync 1 DAGs
[2022-03-24 02:52:46,293] {logging_mixin.py:109} INFO - [2022-03-24 02:52:46,293] {dag.py:2937} INFO - Setting next_dagrun for latest_only_with_trigger to 2022-03-23T22:52:46.293221+00:00
[2022-03-24 02:52:46,311] {processor.py:171} INFO - Processing /home/airflow/.local/lib/python3.7/site-packages/airflow/example_dags/example_latest_only_with_trigger.py took 0.112 seconds
[2022-03-24 02:53:16,639] {processor.py:163} INFO - Started process (PID=533) to work on /home/airflow/.local/lib/python3.7/site-packages/airflow/example_dags/example_latest_only_with_trigger.py
[2022-03-24 02:53:16,644] {processor.py:642} INFO - Processing file /home/airflow/.local/lib/python3.7/site-packages/airflow/example_dags/example_latest_only_with_trigger.py for tasks to queue
[2022-03-24 02:53:16,646] {logging_mixin.py:109} INFO - [2022-03-24 02:53:16,646] {dagbag.py:500} INFO - Filling up the DagBag from /home/airflow/.local/lib/python3.7/site-packages/airflow/example_dags/example_latest_only_with_trigger.py
[2022-03-24 02:53:16,734] {processor.py:654} INFO - DAG(s) dict_keys(['latest_only_with_trigger']) retrieved from /home/airflow/.local/lib/python3.7/site-packages/airflow/example_dags/example_latest_only_with_trigger.py
[2022-03-24 02:53:16,816] {logging_mixin.py:109} INFO - [2022-03-24 02:53:16,816] {dag.py:2398} INFO - Sync 1 DAGs
[2022-03-24 02:53:16,864] {logging_mixin.py:109} INFO - [2022-03-24 02:53:16,864] {dag.py:2937} INFO - Setting next_dagrun for latest_only_with_trigger to 2022-03-23T22:53:16.863770+00:00
[2022-03-24 02:53:16,887] {processor.py:171} INFO - Processing /home/airflow/.local/lib/python3.7/site-packages/airflow/example_dags/example_latest_only_with_trigger.py took 0.256 seconds
[2022-03-24 02:53:47,259] {processor.py:163} INFO - Started process (PID=591) to work on /home/airflow/.local/lib/python3.7/site-packages/airflow/example_dags/example_latest_only_with_trigger.py
[2022-03-24 02:53:47,266] {processor.py:642} INFO - Processing file /home/airflow/.local/lib/python3.7/site-packages/airflow/example_dags/example_latest_only_with_trigger.py for tasks to queue
[2022-03-24 02:53:47,270] {logging_mixin.py:109} INFO - [2022-03-24 02:53:47,270] {dagbag.py:500} INFO - Filling up the DagBag from /home/airflow/.local/lib/python3.7/site-packages/airflow/example_dags/example_latest_only_with_trigger.py
[2022-03-24 02:53:47,359] {processor.py:654} INFO - DAG(s) dict_keys(['latest_only_with_trigger']) retrieved from /home/airflow/.local/lib/python3.7/site-packages/airflow/example_dags/example_latest_only_with_trigger.py
[2022-03-24 02:53:47,387] {logging_mixin.py:109} INFO - [2022-03-24 02:53:47,387] {dag.py:2398} INFO - Sync 1 DAGs
[2022-03-24 02:53:47,424] {logging_mixin.py:109} INFO - [2022-03-24 02:53:47,424] {dag.py:2937} INFO - Setting next_dagrun for latest_only_with_trigger to 2022-03-23T22:53:47.424335+00:00
[2022-03-24 02:53:47,453] {processor.py:171} INFO - Processing /home/airflow/.local/lib/python3.7/site-packages/airflow/example_dags/example_latest_only_with_trigger.py took 0.209 seconds
[2022-03-24 02:54:18,310] {processor.py:163} INFO - Started process (PID=642) to work on /home/airflow/.local/lib/python3.7/site-packages/airflow/example_dags/example_latest_only_with_trigger.py
[2022-03-24 02:54:18,316] {processor.py:642} INFO - Processing file /home/airflow/.local/lib/python3.7/site-packages/airflow/example_dags/example_latest_only_with_trigger.py for tasks to queue
[2022-03-24 02:54:18,318] {logging_mixin.py:109} INFO - [2022-03-24 02:54:18,318] {dagbag.py:500} INFO - Filling up the DagBag from /home/airflow/.local/lib/python3.7/site-packages/airflow/example_dags/example_latest_only_with_trigger.py
[2022-03-24 02:54:18,390] {processor.py:654} INFO - DAG(s) dict_keys(['latest_only_with_trigger']) retrieved from /home/airflow/.local/lib/python3.7/site-packages/airflow/example_dags/example_latest_only_with_trigger.py
[2022-03-24 02:54:18,413] {logging_mixin.py:109} INFO - [2022-03-24 02:54:18,413] {dag.py:2398} INFO - Sync 1 DAGs
[2022-03-24 02:54:18,446] {logging_mixin.py:109} INFO - [2022-03-24 02:54:18,446] {dag.py:2937} INFO - Setting next_dagrun for latest_only_with_trigger to 2022-03-23T22:54:18.445937+00:00
[2022-03-24 02:54:18,466] {processor.py:171} INFO - Processing /home/airflow/.local/lib/python3.7/site-packages/airflow/example_dags/example_latest_only_with_trigger.py took 0.160 seconds
[2022-03-24 02:54:48,676] {processor.py:163} INFO - Started process (PID=675) to work on /home/airflow/.local/lib/python3.7/site-packages/airflow/example_dags/example_latest_only_with_trigger.py
[2022-03-24 02:54:48,679] {processor.py:642} INFO - Processing file /home/airflow/.local/lib/python3.7/site-packages/airflow/example_dags/example_latest_only_with_trigger.py for tasks to queue
[2022-03-24 02:54:48,681] {logging_mixin.py:109} INFO - [2022-03-24 02:54:48,681] {dagbag.py:500} INFO - Filling up the DagBag from /home/airflow/.local/lib/python3.7/site-packages/airflow/example_dags/example_latest_only_with_trigger.py
[2022-03-24 02:54:48,724] {processor.py:654} INFO - DAG(s) dict_keys(['latest_only_with_trigger']) retrieved from /home/airflow/.local/lib/python3.7/site-packages/airflow/example_dags/example_latest_only_with_trigger.py
[2022-03-24 02:54:48,738] {logging_mixin.py:109} INFO - [2022-03-24 02:54:48,738] {dag.py:2398} INFO - Sync 1 DAGs
[2022-03-24 02:54:48,756] {logging_mixin.py:109} INFO - [2022-03-24 02:54:48,756] {dag.py:2937} INFO - Setting next_dagrun for latest_only_with_trigger to 2022-03-23T22:54:48.755722+00:00
[2022-03-24 02:54:48,769] {processor.py:171} INFO - Processing /home/airflow/.local/lib/python3.7/site-packages/airflow/example_dags/example_latest_only_with_trigger.py took 0.097 seconds
[2022-03-24 02:55:18,861] {processor.py:163} INFO - Started process (PID=725) to work on /home/airflow/.local/lib/python3.7/site-packages/airflow/example_dags/example_latest_only_with_trigger.py
[2022-03-24 02:55:18,866] {processor.py:642} INFO - Processing file /home/airflow/.local/lib/python3.7/site-packages/airflow/example_dags/example_latest_only_with_trigger.py for tasks to queue
[2022-03-24 02:55:18,868] {logging_mixin.py:109} INFO - [2022-03-24 02:55:18,868] {dagbag.py:500} INFO - Filling up the DagBag from /home/airflow/.local/lib/python3.7/site-packages/airflow/example_dags/example_latest_only_with_trigger.py
[2022-03-24 02:55:18,936] {processor.py:654} INFO - DAG(s) dict_keys(['latest_only_with_trigger']) retrieved from /home/airflow/.local/lib/python3.7/site-packages/airflow/example_dags/example_latest_only_with_trigger.py
[2022-03-24 02:55:18,954] {logging_mixin.py:109} INFO - [2022-03-24 02:55:18,954] {dag.py:2398} INFO - Sync 1 DAGs
[2022-03-24 02:55:18,990] {logging_mixin.py:109} INFO - [2022-03-24 02:55:18,990] {dag.py:2937} INFO - Setting next_dagrun for latest_only_with_trigger to 2022-03-23T22:55:18.989455+00:00
[2022-03-24 02:55:19,007] {processor.py:171} INFO - Processing /home/airflow/.local/lib/python3.7/site-packages/airflow/example_dags/example_latest_only_with_trigger.py took 0.157 seconds
[2022-03-24 02:55:49,762] {processor.py:163} INFO - Started process (PID=774) to work on /home/airflow/.local/lib/python3.7/site-packages/airflow/example_dags/example_latest_only_with_trigger.py
[2022-03-24 02:55:49,771] {processor.py:642} INFO - Processing file /home/airflow/.local/lib/python3.7/site-packages/airflow/example_dags/example_latest_only_with_trigger.py for tasks to queue
[2022-03-24 02:55:49,780] {logging_mixin.py:109} INFO - [2022-03-24 02:55:49,776] {dagbag.py:500} INFO - Filling up the DagBag from /home/airflow/.local/lib/python3.7/site-packages/airflow/example_dags/example_latest_only_with_trigger.py
[2022-03-24 02:55:49,898] {processor.py:654} INFO - DAG(s) dict_keys(['latest_only_with_trigger']) retrieved from /home/airflow/.local/lib/python3.7/site-packages/airflow/example_dags/example_latest_only_with_trigger.py
[2022-03-24 02:55:49,929] {logging_mixin.py:109} INFO - [2022-03-24 02:55:49,929] {dag.py:2398} INFO - Sync 1 DAGs
[2022-03-24 02:55:49,952] {logging_mixin.py:109} INFO - [2022-03-24 02:55:49,952] {dag.py:2937} INFO - Setting next_dagrun for latest_only_with_trigger to 2022-03-23T22:55:49.951561+00:00
[2022-03-24 02:55:49,969] {processor.py:171} INFO - Processing /home/airflow/.local/lib/python3.7/site-packages/airflow/example_dags/example_latest_only_with_trigger.py took 0.213 seconds
[2022-03-24 02:56:21,125] {processor.py:163} INFO - Started process (PID=824) to work on /home/airflow/.local/lib/python3.7/site-packages/airflow/example_dags/example_latest_only_with_trigger.py
[2022-03-24 02:56:21,129] {processor.py:642} INFO - Processing file /home/airflow/.local/lib/python3.7/site-packages/airflow/example_dags/example_latest_only_with_trigger.py for tasks to queue
[2022-03-24 02:56:21,132] {logging_mixin.py:109} INFO - [2022-03-24 02:56:21,131] {dagbag.py:500} INFO - Filling up the DagBag from /home/airflow/.local/lib/python3.7/site-packages/airflow/example_dags/example_latest_only_with_trigger.py
[2022-03-24 02:56:21,225] {processor.py:654} INFO - DAG(s) dict_keys(['latest_only_with_trigger']) retrieved from /home/airflow/.local/lib/python3.7/site-packages/airflow/example_dags/example_latest_only_with_trigger.py
[2022-03-24 02:56:21,300] {logging_mixin.py:109} INFO - [2022-03-24 02:56:21,299] {dag.py:2398} INFO - Sync 1 DAGs
[2022-03-24 02:56:21,335] {logging_mixin.py:109} INFO - [2022-03-24 02:56:21,335] {dag.py:2937} INFO - Setting next_dagrun for latest_only_with_trigger to 2022-03-23T22:56:21.334089+00:00
[2022-03-24 02:56:21,354] {processor.py:171} INFO - Processing /home/airflow/.local/lib/python3.7/site-packages/airflow/example_dags/example_latest_only_with_trigger.py took 0.234 seconds
[2022-03-24 02:56:51,441] {processor.py:163} INFO - Started process (PID=874) to work on /home/airflow/.local/lib/python3.7/site-packages/airflow/example_dags/example_latest_only_with_trigger.py
[2022-03-24 02:56:51,447] {processor.py:642} INFO - Processing file /home/airflow/.local/lib/python3.7/site-packages/airflow/example_dags/example_latest_only_with_trigger.py for tasks to queue
[2022-03-24 02:56:51,449] {logging_mixin.py:109} INFO - [2022-03-24 02:56:51,449] {dagbag.py:500} INFO - Filling up the DagBag from /home/airflow/.local/lib/python3.7/site-packages/airflow/example_dags/example_latest_only_with_trigger.py
[2022-03-24 02:56:51,530] {processor.py:654} INFO - DAG(s) dict_keys(['latest_only_with_trigger']) retrieved from /home/airflow/.local/lib/python3.7/site-packages/airflow/example_dags/example_latest_only_with_trigger.py
[2022-03-24 02:56:51,558] {logging_mixin.py:109} INFO - [2022-03-24 02:56:51,557] {dag.py:2398} INFO - Sync 1 DAGs
[2022-03-24 02:56:51,576] {logging_mixin.py:109} INFO - [2022-03-24 02:56:51,575] {dag.py:2937} INFO - Setting next_dagrun for latest_only_with_trigger to 2022-03-23T22:56:51.575512+00:00
[2022-03-24 02:56:51,592] {processor.py:171} INFO - Processing /home/airflow/.local/lib/python3.7/site-packages/airflow/example_dags/example_latest_only_with_trigger.py took 0.165 seconds
[2022-03-24 02:57:21,845] {processor.py:163} INFO - Started process (PID=924) to work on /home/airflow/.local/lib/python3.7/site-packages/airflow/example_dags/example_latest_only_with_trigger.py
[2022-03-24 02:57:21,847] {processor.py:642} INFO - Processing file /home/airflow/.local/lib/python3.7/site-packages/airflow/example_dags/example_latest_only_with_trigger.py for tasks to queue
[2022-03-24 02:57:21,849] {logging_mixin.py:109} INFO - [2022-03-24 02:57:21,849] {dagbag.py:500} INFO - Filling up the DagBag from /home/airflow/.local/lib/python3.7/site-packages/airflow/example_dags/example_latest_only_with_trigger.py
[2022-03-24 02:57:21,902] {processor.py:654} INFO - DAG(s) dict_keys(['latest_only_with_trigger']) retrieved from /home/airflow/.local/lib/python3.7/site-packages/airflow/example_dags/example_latest_only_with_trigger.py
[2022-03-24 02:57:21,927] {logging_mixin.py:109} INFO - [2022-03-24 02:57:21,926] {dag.py:2398} INFO - Sync 1 DAGs
[2022-03-24 02:57:21,951] {logging_mixin.py:109} INFO - [2022-03-24 02:57:21,951] {dag.py:2937} INFO - Setting next_dagrun for latest_only_with_trigger to 2022-03-23T22:57:21.951152+00:00
[2022-03-24 02:57:21,967] {processor.py:171} INFO - Processing /home/airflow/.local/lib/python3.7/site-packages/airflow/example_dags/example_latest_only_with_trigger.py took 0.128 seconds
[2022-03-24 02:57:52,121] {processor.py:163} INFO - Started process (PID=974) to work on /home/airflow/.local/lib/python3.7/site-packages/airflow/example_dags/example_latest_only_with_trigger.py
[2022-03-24 02:57:52,128] {processor.py:642} INFO - Processing file /home/airflow/.local/lib/python3.7/site-packages/airflow/example_dags/example_latest_only_with_trigger.py for tasks to queue
[2022-03-24 02:57:52,134] {logging_mixin.py:109} INFO - [2022-03-24 02:57:52,131] {dagbag.py:500} INFO - Filling up the DagBag from /home/airflow/.local/lib/python3.7/site-packages/airflow/example_dags/example_latest_only_with_trigger.py
[2022-03-24 02:57:52,227] {processor.py:654} INFO - DAG(s) dict_keys(['latest_only_with_trigger']) retrieved from /home/airflow/.local/lib/python3.7/site-packages/airflow/example_dags/example_latest_only_with_trigger.py
[2022-03-24 02:57:52,246] {logging_mixin.py:109} INFO - [2022-03-24 02:57:52,246] {dag.py:2398} INFO - Sync 1 DAGs
[2022-03-24 02:57:52,275] {logging_mixin.py:109} INFO - [2022-03-24 02:57:52,274] {dag.py:2937} INFO - Setting next_dagrun for latest_only_with_trigger to 2022-03-23T22:57:52.274558+00:00
[2022-03-24 02:57:52,322] {processor.py:171} INFO - Processing /home/airflow/.local/lib/python3.7/site-packages/airflow/example_dags/example_latest_only_with_trigger.py took 0.226 seconds
[2022-03-24 02:58:22,853] {processor.py:163} INFO - Started process (PID=1025) to work on /home/airflow/.local/lib/python3.7/site-packages/airflow/example_dags/example_latest_only_with_trigger.py
[2022-03-24 02:58:22,859] {processor.py:642} INFO - Processing file /home/airflow/.local/lib/python3.7/site-packages/airflow/example_dags/example_latest_only_with_trigger.py for tasks to queue
[2022-03-24 02:58:22,863] {logging_mixin.py:109} INFO - [2022-03-24 02:58:22,861] {dagbag.py:500} INFO - Filling up the DagBag from /home/airflow/.local/lib/python3.7/site-packages/airflow/example_dags/example_latest_only_with_trigger.py
[2022-03-24 02:58:23,006] {processor.py:654} INFO - DAG(s) dict_keys(['latest_only_with_trigger']) retrieved from /home/airflow/.local/lib/python3.7/site-packages/airflow/example_dags/example_latest_only_with_trigger.py
[2022-03-24 02:58:23,070] {logging_mixin.py:109} INFO - [2022-03-24 02:58:23,069] {dag.py:2398} INFO - Sync 1 DAGs
[2022-03-24 02:58:23,148] {logging_mixin.py:109} INFO - [2022-03-24 02:58:23,147] {dag.py:2937} INFO - Setting next_dagrun for latest_only_with_trigger to 2022-03-23T22:58:23.147442+00:00
[2022-03-24 02:58:23,176] {processor.py:171} INFO - Processing /home/airflow/.local/lib/python3.7/site-packages/airflow/example_dags/example_latest_only_with_trigger.py took 0.343 seconds
[2022-03-24 02:58:53,952] {processor.py:163} INFO - Started process (PID=1087) to work on /home/airflow/.local/lib/python3.7/site-packages/airflow/example_dags/example_latest_only_with_trigger.py
[2022-03-24 02:58:53,975] {processor.py:642} INFO - Processing file /home/airflow/.local/lib/python3.7/site-packages/airflow/example_dags/example_latest_only_with_trigger.py for tasks to queue
[2022-03-24 02:58:53,978] {logging_mixin.py:109} INFO - [2022-03-24 02:58:53,978] {dagbag.py:500} INFO - Filling up the DagBag from /home/airflow/.local/lib/python3.7/site-packages/airflow/example_dags/example_latest_only_with_trigger.py
[2022-03-24 02:58:54,074] {processor.py:654} INFO - DAG(s) dict_keys(['latest_only_with_trigger']) retrieved from /home/airflow/.local/lib/python3.7/site-packages/airflow/example_dags/example_latest_only_with_trigger.py
[2022-03-24 02:58:54,109] {logging_mixin.py:109} INFO - [2022-03-24 02:58:54,108] {dag.py:2398} INFO - Sync 1 DAGs
[2022-03-24 02:58:54,149] {logging_mixin.py:109} INFO - [2022-03-24 02:58:54,149] {dag.py:2937} INFO - Setting next_dagrun for latest_only_with_trigger to 2022-03-23T22:58:54.149117+00:00
[2022-03-24 02:58:54,197] {processor.py:171} INFO - Processing /home/airflow/.local/lib/python3.7/site-packages/airflow/example_dags/example_latest_only_with_trigger.py took 0.250 seconds
[2022-03-24 02:59:24,896] {processor.py:163} INFO - Started process (PID=1139) to work on /home/airflow/.local/lib/python3.7/site-packages/airflow/example_dags/example_latest_only_with_trigger.py
[2022-03-24 02:59:24,961] {processor.py:642} INFO - Processing file /home/airflow/.local/lib/python3.7/site-packages/airflow/example_dags/example_latest_only_with_trigger.py for tasks to queue
[2022-03-24 02:59:24,963] {logging_mixin.py:109} INFO - [2022-03-24 02:59:24,963] {dagbag.py:500} INFO - Filling up the DagBag from /home/airflow/.local/lib/python3.7/site-packages/airflow/example_dags/example_latest_only_with_trigger.py
[2022-03-24 02:59:25,019] {processor.py:654} INFO - DAG(s) dict_keys(['latest_only_with_trigger']) retrieved from /home/airflow/.local/lib/python3.7/site-packages/airflow/example_dags/example_latest_only_with_trigger.py
[2022-03-24 02:59:25,318] {logging_mixin.py:109} INFO - [2022-03-24 02:59:25,318] {dag.py:2398} INFO - Sync 1 DAGs
[2022-03-24 02:59:25,641] {logging_mixin.py:109} INFO - [2022-03-24 02:59:25,640] {dag.py:2937} INFO - Setting next_dagrun for latest_only_with_trigger to 2022-03-23T22:59:25.639762+00:00
[2022-03-24 02:59:26,536] {processor.py:171} INFO - Processing /home/airflow/.local/lib/python3.7/site-packages/airflow/example_dags/example_latest_only_with_trigger.py took 1.645 seconds
[2022-03-24 02:59:56,954] {processor.py:163} INFO - Started process (PID=1191) to work on /home/airflow/.local/lib/python3.7/site-packages/airflow/example_dags/example_latest_only_with_trigger.py
[2022-03-24 02:59:56,962] {processor.py:642} INFO - Processing file /home/airflow/.local/lib/python3.7/site-packages/airflow/example_dags/example_latest_only_with_trigger.py for tasks to queue
[2022-03-24 02:59:56,968] {logging_mixin.py:109} INFO - [2022-03-24 02:59:56,967] {dagbag.py:500} INFO - Filling up the DagBag from /home/airflow/.local/lib/python3.7/site-packages/airflow/example_dags/example_latest_only_with_trigger.py
[2022-03-24 02:59:57,125] {processor.py:654} INFO - DAG(s) dict_keys(['latest_only_with_trigger']) retrieved from /home/airflow/.local/lib/python3.7/site-packages/airflow/example_dags/example_latest_only_with_trigger.py
[2022-03-24 02:59:57,147] {logging_mixin.py:109} INFO - [2022-03-24 02:59:57,147] {dag.py:2398} INFO - Sync 1 DAGs
[2022-03-24 02:59:57,214] {logging_mixin.py:109} INFO - [2022-03-24 02:59:57,213] {dag.py:2937} INFO - Setting next_dagrun for latest_only_with_trigger to 2022-03-23T22:59:57.213332+00:00
[2022-03-24 02:59:57,256] {processor.py:171} INFO - Processing /home/airflow/.local/lib/python3.7/site-packages/airflow/example_dags/example_latest_only_with_trigger.py took 0.306 seconds
[2022-03-24 03:00:27,694] {processor.py:163} INFO - Started process (PID=1242) to work on /home/airflow/.local/lib/python3.7/site-packages/airflow/example_dags/example_latest_only_with_trigger.py
[2022-03-24 03:00:27,699] {processor.py:642} INFO - Processing file /home/airflow/.local/lib/python3.7/site-packages/airflow/example_dags/example_latest_only_with_trigger.py for tasks to queue
[2022-03-24 03:00:27,703] {logging_mixin.py:109} INFO - [2022-03-24 03:00:27,703] {dagbag.py:500} INFO - Filling up the DagBag from /home/airflow/.local/lib/python3.7/site-packages/airflow/example_dags/example_latest_only_with_trigger.py
[2022-03-24 03:00:27,789] {processor.py:654} INFO - DAG(s) dict_keys(['latest_only_with_trigger']) retrieved from /home/airflow/.local/lib/python3.7/site-packages/airflow/example_dags/example_latest_only_with_trigger.py
[2022-03-24 03:00:27,827] {logging_mixin.py:109} INFO - [2022-03-24 03:00:27,827] {dag.py:2398} INFO - Sync 1 DAGs
[2022-03-24 03:00:27,856] {logging_mixin.py:109} INFO - [2022-03-24 03:00:27,856] {dag.py:2937} INFO - Setting next_dagrun for latest_only_with_trigger to 2022-03-23T23:00:27.856080+00:00
[2022-03-24 03:00:27,878] {processor.py:171} INFO - Processing /home/airflow/.local/lib/python3.7/site-packages/airflow/example_dags/example_latest_only_with_trigger.py took 0.197 seconds
[2022-03-24 03:00:58,055] {processor.py:163} INFO - Started process (PID=1291) to work on /home/airflow/.local/lib/python3.7/site-packages/airflow/example_dags/example_latest_only_with_trigger.py
[2022-03-24 03:00:58,061] {processor.py:642} INFO - Processing file /home/airflow/.local/lib/python3.7/site-packages/airflow/example_dags/example_latest_only_with_trigger.py for tasks to queue
[2022-03-24 03:00:58,066] {logging_mixin.py:109} INFO - [2022-03-24 03:00:58,065] {dagbag.py:500} INFO - Filling up the DagBag from /home/airflow/.local/lib/python3.7/site-packages/airflow/example_dags/example_latest_only_with_trigger.py
[2022-03-24 03:00:58,161] {processor.py:654} INFO - DAG(s) dict_keys(['latest_only_with_trigger']) retrieved from /home/airflow/.local/lib/python3.7/site-packages/airflow/example_dags/example_latest_only_with_trigger.py
[2022-03-24 03:00:58,203] {logging_mixin.py:109} INFO - [2022-03-24 03:00:58,203] {dag.py:2398} INFO - Sync 1 DAGs
[2022-03-24 03:00:58,259] {logging_mixin.py:109} INFO - [2022-03-24 03:00:58,259] {dag.py:2937} INFO - Setting next_dagrun for latest_only_with_trigger to 2022-03-23T23:00:58.259184+00:00
[2022-03-24 03:00:58,303] {processor.py:171} INFO - Processing /home/airflow/.local/lib/python3.7/site-packages/airflow/example_dags/example_latest_only_with_trigger.py took 0.312 seconds
[2022-03-24 03:01:31,135] {processor.py:163} INFO - Started process (PID=1341) to work on /home/airflow/.local/lib/python3.7/site-packages/airflow/example_dags/example_latest_only_with_trigger.py
[2022-03-24 03:01:31,357] {processor.py:642} INFO - Processing file /home/airflow/.local/lib/python3.7/site-packages/airflow/example_dags/example_latest_only_with_trigger.py for tasks to queue
[2022-03-24 03:01:31,361] {logging_mixin.py:109} INFO - [2022-03-24 03:01:31,361] {dagbag.py:500} INFO - Filling up the DagBag from /home/airflow/.local/lib/python3.7/site-packages/airflow/example_dags/example_latest_only_with_trigger.py
[2022-03-24 03:01:31,428] {processor.py:654} INFO - DAG(s) dict_keys(['latest_only_with_trigger']) retrieved from /home/airflow/.local/lib/python3.7/site-packages/airflow/example_dags/example_latest_only_with_trigger.py
[2022-03-24 03:01:31,559] {logging_mixin.py:109} INFO - [2022-03-24 03:01:31,559] {dag.py:2398} INFO - Sync 1 DAGs
[2022-03-24 03:01:31,810] {logging_mixin.py:109} INFO - [2022-03-24 03:01:31,810] {dag.py:2937} INFO - Setting next_dagrun for latest_only_with_trigger to 2022-03-23T23:01:31.810097+00:00
[2022-03-24 03:01:31,904] {processor.py:171} INFO - Processing /home/airflow/.local/lib/python3.7/site-packages/airflow/example_dags/example_latest_only_with_trigger.py took 0.780 seconds
[2022-03-24 03:02:02,221] {processor.py:163} INFO - Started process (PID=1392) to work on /home/airflow/.local/lib/python3.7/site-packages/airflow/example_dags/example_latest_only_with_trigger.py
[2022-03-24 03:02:02,225] {processor.py:642} INFO - Processing file /home/airflow/.local/lib/python3.7/site-packages/airflow/example_dags/example_latest_only_with_trigger.py for tasks to queue
[2022-03-24 03:02:02,230] {logging_mixin.py:109} INFO - [2022-03-24 03:02:02,229] {dagbag.py:500} INFO - Filling up the DagBag from /home/airflow/.local/lib/python3.7/site-packages/airflow/example_dags/example_latest_only_with_trigger.py
[2022-03-24 03:02:02,284] {processor.py:654} INFO - DAG(s) dict_keys(['latest_only_with_trigger']) retrieved from /home/airflow/.local/lib/python3.7/site-packages/airflow/example_dags/example_latest_only_with_trigger.py
[2022-03-24 03:02:02,301] {logging_mixin.py:109} INFO - [2022-03-24 03:02:02,301] {dag.py:2398} INFO - Sync 1 DAGs
[2022-03-24 03:02:02,323] {logging_mixin.py:109} INFO - [2022-03-24 03:02:02,323] {dag.py:2937} INFO - Setting next_dagrun for latest_only_with_trigger to 2022-03-23T23:02:02.322741+00:00
[2022-03-24 03:02:02,336] {processor.py:171} INFO - Processing /home/airflow/.local/lib/python3.7/site-packages/airflow/example_dags/example_latest_only_with_trigger.py took 0.134 seconds
[2022-03-24 03:02:33,092] {processor.py:163} INFO - Started process (PID=1443) to work on /home/airflow/.local/lib/python3.7/site-packages/airflow/example_dags/example_latest_only_with_trigger.py
[2022-03-24 03:02:33,095] {processor.py:642} INFO - Processing file /home/airflow/.local/lib/python3.7/site-packages/airflow/example_dags/example_latest_only_with_trigger.py for tasks to queue
[2022-03-24 03:02:33,105] {logging_mixin.py:109} INFO - [2022-03-24 03:02:33,105] {dagbag.py:500} INFO - Filling up the DagBag from /home/airflow/.local/lib/python3.7/site-packages/airflow/example_dags/example_latest_only_with_trigger.py
[2022-03-24 03:02:33,191] {processor.py:654} INFO - DAG(s) dict_keys(['latest_only_with_trigger']) retrieved from /home/airflow/.local/lib/python3.7/site-packages/airflow/example_dags/example_latest_only_with_trigger.py
[2022-03-24 03:02:33,264] {logging_mixin.py:109} INFO - [2022-03-24 03:02:33,264] {dag.py:2398} INFO - Sync 1 DAGs
[2022-03-24 03:02:33,299] {logging_mixin.py:109} INFO - [2022-03-24 03:02:33,299] {dag.py:2937} INFO - Setting next_dagrun for latest_only_with_trigger to 2022-03-23T23:02:33.298823+00:00
[2022-03-24 03:02:33,317] {processor.py:171} INFO - Processing /home/airflow/.local/lib/python3.7/site-packages/airflow/example_dags/example_latest_only_with_trigger.py took 0.240 seconds
[2022-03-24 03:03:03,505] {processor.py:163} INFO - Started process (PID=1494) to work on /home/airflow/.local/lib/python3.7/site-packages/airflow/example_dags/example_latest_only_with_trigger.py
[2022-03-24 03:03:03,579] {processor.py:642} INFO - Processing file /home/airflow/.local/lib/python3.7/site-packages/airflow/example_dags/example_latest_only_with_trigger.py for tasks to queue
[2022-03-24 03:03:03,581] {logging_mixin.py:109} INFO - [2022-03-24 03:03:03,581] {dagbag.py:500} INFO - Filling up the DagBag from /home/airflow/.local/lib/python3.7/site-packages/airflow/example_dags/example_latest_only_with_trigger.py
[2022-03-24 03:03:03,649] {processor.py:654} INFO - DAG(s) dict_keys(['latest_only_with_trigger']) retrieved from /home/airflow/.local/lib/python3.7/site-packages/airflow/example_dags/example_latest_only_with_trigger.py
[2022-03-24 03:03:03,728] {logging_mixin.py:109} INFO - [2022-03-24 03:03:03,728] {dag.py:2398} INFO - Sync 1 DAGs
[2022-03-24 03:03:03,782] {logging_mixin.py:109} INFO - [2022-03-24 03:03:03,782] {dag.py:2937} INFO - Setting next_dagrun for latest_only_with_trigger to 2022-03-23T23:03:03.781865+00:00
[2022-03-24 03:03:03,829] {processor.py:171} INFO - Processing /home/airflow/.local/lib/python3.7/site-packages/airflow/example_dags/example_latest_only_with_trigger.py took 0.329 seconds
[2022-03-24 03:03:33,912] {processor.py:163} INFO - Started process (PID=1546) to work on /home/airflow/.local/lib/python3.7/site-packages/airflow/example_dags/example_latest_only_with_trigger.py
[2022-03-24 03:03:33,918] {processor.py:642} INFO - Processing file /home/airflow/.local/lib/python3.7/site-packages/airflow/example_dags/example_latest_only_with_trigger.py for tasks to queue
[2022-03-24 03:03:33,922] {logging_mixin.py:109} INFO - [2022-03-24 03:03:33,921] {dagbag.py:500} INFO - Filling up the DagBag from /home/airflow/.local/lib/python3.7/site-packages/airflow/example_dags/example_latest_only_with_trigger.py
[2022-03-24 03:03:34,053] {processor.py:654} INFO - DAG(s) dict_keys(['latest_only_with_trigger']) retrieved from /home/airflow/.local/lib/python3.7/site-packages/airflow/example_dags/example_latest_only_with_trigger.py
[2022-03-24 03:03:34,078] {logging_mixin.py:109} INFO - [2022-03-24 03:03:34,078] {dag.py:2398} INFO - Sync 1 DAGs
[2022-03-24 03:03:34,105] {logging_mixin.py:109} INFO - [2022-03-24 03:03:34,105] {dag.py:2937} INFO - Setting next_dagrun for latest_only_with_trigger to 2022-03-23T23:03:34.104815+00:00
[2022-03-24 03:03:34,128] {processor.py:171} INFO - Processing /home/airflow/.local/lib/python3.7/site-packages/airflow/example_dags/example_latest_only_with_trigger.py took 0.226 seconds
[2022-03-24 03:04:04,284] {processor.py:163} INFO - Started process (PID=1606) to work on /home/airflow/.local/lib/python3.7/site-packages/airflow/example_dags/example_latest_only_with_trigger.py
[2022-03-24 03:04:04,290] {processor.py:642} INFO - Processing file /home/airflow/.local/lib/python3.7/site-packages/airflow/example_dags/example_latest_only_with_trigger.py for tasks to queue
[2022-03-24 03:04:04,291] {logging_mixin.py:109} INFO - [2022-03-24 03:04:04,291] {dagbag.py:500} INFO - Filling up the DagBag from /home/airflow/.local/lib/python3.7/site-packages/airflow/example_dags/example_latest_only_with_trigger.py
[2022-03-24 03:04:04,346] {processor.py:654} INFO - DAG(s) dict_keys(['latest_only_with_trigger']) retrieved from /home/airflow/.local/lib/python3.7/site-packages/airflow/example_dags/example_latest_only_with_trigger.py
[2022-03-24 03:04:04,365] {logging_mixin.py:109} INFO - [2022-03-24 03:04:04,365] {dag.py:2398} INFO - Sync 1 DAGs
[2022-03-24 03:04:04,384] {logging_mixin.py:109} INFO - [2022-03-24 03:04:04,384] {dag.py:2937} INFO - Setting next_dagrun for latest_only_with_trigger to 2022-03-23T23:04:04.384004+00:00
[2022-03-24 03:04:04,398] {processor.py:171} INFO - Processing /home/airflow/.local/lib/python3.7/site-packages/airflow/example_dags/example_latest_only_with_trigger.py took 0.118 seconds
[2022-03-24 03:04:34,603] {processor.py:163} INFO - Started process (PID=1658) to work on /home/airflow/.local/lib/python3.7/site-packages/airflow/example_dags/example_latest_only_with_trigger.py
[2022-03-24 03:04:34,852] {processor.py:642} INFO - Processing file /home/airflow/.local/lib/python3.7/site-packages/airflow/example_dags/example_latest_only_with_trigger.py for tasks to queue
[2022-03-24 03:04:34,856] {logging_mixin.py:109} INFO - [2022-03-24 03:04:34,856] {dagbag.py:500} INFO - Filling up the DagBag from /home/airflow/.local/lib/python3.7/site-packages/airflow/example_dags/example_latest_only_with_trigger.py
[2022-03-24 03:04:34,902] {processor.py:654} INFO - DAG(s) dict_keys(['latest_only_with_trigger']) retrieved from /home/airflow/.local/lib/python3.7/site-packages/airflow/example_dags/example_latest_only_with_trigger.py
[2022-03-24 03:04:35,132] {logging_mixin.py:109} INFO - [2022-03-24 03:04:35,132] {dag.py:2398} INFO - Sync 1 DAGs
[2022-03-24 03:04:35,279] {logging_mixin.py:109} INFO - [2022-03-24 03:04:35,279] {dag.py:2937} INFO - Setting next_dagrun for latest_only_with_trigger to 2022-03-23T23:04:35.279553+00:00
[2022-03-24 03:04:35,620] {processor.py:171} INFO - Processing /home/airflow/.local/lib/python3.7/site-packages/airflow/example_dags/example_latest_only_with_trigger.py took 1.024 seconds
[2022-03-24 03:05:06,200] {processor.py:163} INFO - Started process (PID=1712) to work on /home/airflow/.local/lib/python3.7/site-packages/airflow/example_dags/example_latest_only_with_trigger.py
[2022-03-24 03:05:06,202] {processor.py:642} INFO - Processing file /home/airflow/.local/lib/python3.7/site-packages/airflow/example_dags/example_latest_only_with_trigger.py for tasks to queue
[2022-03-24 03:05:06,204] {logging_mixin.py:109} INFO - [2022-03-24 03:05:06,204] {dagbag.py:500} INFO - Filling up the DagBag from /home/airflow/.local/lib/python3.7/site-packages/airflow/example_dags/example_latest_only_with_trigger.py
[2022-03-24 03:05:06,243] {processor.py:654} INFO - DAG(s) dict_keys(['latest_only_with_trigger']) retrieved from /home/airflow/.local/lib/python3.7/site-packages/airflow/example_dags/example_latest_only_with_trigger.py
[2022-03-24 03:05:06,256] {logging_mixin.py:109} INFO - [2022-03-24 03:05:06,256] {dag.py:2398} INFO - Sync 1 DAGs
[2022-03-24 03:05:06,277] {logging_mixin.py:109} INFO - [2022-03-24 03:05:06,277] {dag.py:2937} INFO - Setting next_dagrun for latest_only_with_trigger to 2022-03-23T23:05:06.276869+00:00
[2022-03-24 03:05:06,296] {processor.py:171} INFO - Processing /home/airflow/.local/lib/python3.7/site-packages/airflow/example_dags/example_latest_only_with_trigger.py took 0.100 seconds
[2022-03-24 03:05:37,080] {processor.py:163} INFO - Started process (PID=1763) to work on /home/airflow/.local/lib/python3.7/site-packages/airflow/example_dags/example_latest_only_with_trigger.py
[2022-03-24 03:05:37,082] {processor.py:642} INFO - Processing file /home/airflow/.local/lib/python3.7/site-packages/airflow/example_dags/example_latest_only_with_trigger.py for tasks to queue
[2022-03-24 03:05:37,083] {logging_mixin.py:109} INFO - [2022-03-24 03:05:37,083] {dagbag.py:500} INFO - Filling up the DagBag from /home/airflow/.local/lib/python3.7/site-packages/airflow/example_dags/example_latest_only_with_trigger.py
[2022-03-24 03:05:37,125] {processor.py:654} INFO - DAG(s) dict_keys(['latest_only_with_trigger']) retrieved from /home/airflow/.local/lib/python3.7/site-packages/airflow/example_dags/example_latest_only_with_trigger.py
[2022-03-24 03:05:37,139] {logging_mixin.py:109} INFO - [2022-03-24 03:05:37,139] {dag.py:2398} INFO - Sync 1 DAGs
[2022-03-24 03:05:37,155] {logging_mixin.py:109} INFO - [2022-03-24 03:05:37,155] {dag.py:2937} INFO - Setting next_dagrun for latest_only_with_trigger to 2022-03-23T23:05:37.155257+00:00
[2022-03-24 03:05:37,166] {processor.py:171} INFO - Processing /home/airflow/.local/lib/python3.7/site-packages/airflow/example_dags/example_latest_only_with_trigger.py took 0.090 seconds
[2022-03-24 03:06:07,945] {processor.py:163} INFO - Started process (PID=1814) to work on /home/airflow/.local/lib/python3.7/site-packages/airflow/example_dags/example_latest_only_with_trigger.py
[2022-03-24 03:06:07,950] {processor.py:642} INFO - Processing file /home/airflow/.local/lib/python3.7/site-packages/airflow/example_dags/example_latest_only_with_trigger.py for tasks to queue
[2022-03-24 03:06:07,951] {logging_mixin.py:109} INFO - [2022-03-24 03:06:07,951] {dagbag.py:500} INFO - Filling up the DagBag from /home/airflow/.local/lib/python3.7/site-packages/airflow/example_dags/example_latest_only_with_trigger.py
[2022-03-24 03:06:07,996] {processor.py:654} INFO - DAG(s) dict_keys(['latest_only_with_trigger']) retrieved from /home/airflow/.local/lib/python3.7/site-packages/airflow/example_dags/example_latest_only_with_trigger.py
[2022-03-24 03:06:08,031] {logging_mixin.py:109} INFO - [2022-03-24 03:06:08,031] {dag.py:2398} INFO - Sync 1 DAGs
[2022-03-24 03:06:08,050] {logging_mixin.py:109} INFO - [2022-03-24 03:06:08,050] {dag.py:2937} INFO - Setting next_dagrun for latest_only_with_trigger to 2022-03-23T23:06:08.050190+00:00
[2022-03-24 03:06:08,067] {processor.py:171} INFO - Processing /home/airflow/.local/lib/python3.7/site-packages/airflow/example_dags/example_latest_only_with_trigger.py took 0.126 seconds
[2022-03-24 03:06:38,833] {processor.py:163} INFO - Started process (PID=1863) to work on /home/airflow/.local/lib/python3.7/site-packages/airflow/example_dags/example_latest_only_with_trigger.py
[2022-03-24 03:06:38,836] {processor.py:642} INFO - Processing file /home/airflow/.local/lib/python3.7/site-packages/airflow/example_dags/example_latest_only_with_trigger.py for tasks to queue
[2022-03-24 03:06:38,838] {logging_mixin.py:109} INFO - [2022-03-24 03:06:38,838] {dagbag.py:500} INFO - Filling up the DagBag from /home/airflow/.local/lib/python3.7/site-packages/airflow/example_dags/example_latest_only_with_trigger.py
[2022-03-24 03:06:38,918] {processor.py:654} INFO - DAG(s) dict_keys(['latest_only_with_trigger']) retrieved from /home/airflow/.local/lib/python3.7/site-packages/airflow/example_dags/example_latest_only_with_trigger.py
[2022-03-24 03:06:38,940] {logging_mixin.py:109} INFO - [2022-03-24 03:06:38,940] {dag.py:2398} INFO - Sync 1 DAGs
[2022-03-24 03:06:38,968] {logging_mixin.py:109} INFO - [2022-03-24 03:06:38,968] {dag.py:2937} INFO - Setting next_dagrun for latest_only_with_trigger to 2022-03-23T23:06:38.968005+00:00
[2022-03-24 03:06:38,986] {processor.py:171} INFO - Processing /home/airflow/.local/lib/python3.7/site-packages/airflow/example_dags/example_latest_only_with_trigger.py took 0.170 seconds
[2022-03-24 03:07:09,049] {processor.py:163} INFO - Started process (PID=1915) to work on /home/airflow/.local/lib/python3.7/site-packages/airflow/example_dags/example_latest_only_with_trigger.py
[2022-03-24 03:07:09,052] {processor.py:642} INFO - Processing file /home/airflow/.local/lib/python3.7/site-packages/airflow/example_dags/example_latest_only_with_trigger.py for tasks to queue
[2022-03-24 03:07:09,055] {logging_mixin.py:109} INFO - [2022-03-24 03:07:09,055] {dagbag.py:500} INFO - Filling up the DagBag from /home/airflow/.local/lib/python3.7/site-packages/airflow/example_dags/example_latest_only_with_trigger.py
[2022-03-24 03:07:09,115] {processor.py:654} INFO - DAG(s) dict_keys(['latest_only_with_trigger']) retrieved from /home/airflow/.local/lib/python3.7/site-packages/airflow/example_dags/example_latest_only_with_trigger.py
[2022-03-24 03:07:09,136] {logging_mixin.py:109} INFO - [2022-03-24 03:07:09,136] {dag.py:2398} INFO - Sync 1 DAGs
[2022-03-24 03:07:09,160] {logging_mixin.py:109} INFO - [2022-03-24 03:07:09,160] {dag.py:2937} INFO - Setting next_dagrun for latest_only_with_trigger to 2022-03-23T23:07:09.159771+00:00
[2022-03-24 03:07:09,194] {processor.py:171} INFO - Processing /home/airflow/.local/lib/python3.7/site-packages/airflow/example_dags/example_latest_only_with_trigger.py took 0.164 seconds
[2022-03-24 03:07:39,584] {processor.py:163} INFO - Started process (PID=1966) to work on /home/airflow/.local/lib/python3.7/site-packages/airflow/example_dags/example_latest_only_with_trigger.py
[2022-03-24 03:07:39,591] {processor.py:642} INFO - Processing file /home/airflow/.local/lib/python3.7/site-packages/airflow/example_dags/example_latest_only_with_trigger.py for tasks to queue
[2022-03-24 03:07:39,594] {logging_mixin.py:109} INFO - [2022-03-24 03:07:39,594] {dagbag.py:500} INFO - Filling up the DagBag from /home/airflow/.local/lib/python3.7/site-packages/airflow/example_dags/example_latest_only_with_trigger.py
[2022-03-24 03:07:39,666] {processor.py:654} INFO - DAG(s) dict_keys(['latest_only_with_trigger']) retrieved from /home/airflow/.local/lib/python3.7/site-packages/airflow/example_dags/example_latest_only_with_trigger.py
[2022-03-24 03:07:39,686] {logging_mixin.py:109} INFO - [2022-03-24 03:07:39,686] {dag.py:2398} INFO - Sync 1 DAGs
[2022-03-24 03:07:39,721] {logging_mixin.py:109} INFO - [2022-03-24 03:07:39,721] {dag.py:2937} INFO - Setting next_dagrun for latest_only_with_trigger to 2022-03-23T23:07:39.721463+00:00
[2022-03-24 03:07:39,744] {processor.py:171} INFO - Processing /home/airflow/.local/lib/python3.7/site-packages/airflow/example_dags/example_latest_only_with_trigger.py took 0.169 seconds
[2022-03-24 03:08:10,627] {processor.py:163} INFO - Started process (PID=2026) to work on /home/airflow/.local/lib/python3.7/site-packages/airflow/example_dags/example_latest_only_with_trigger.py
[2022-03-24 03:08:10,631] {processor.py:642} INFO - Processing file /home/airflow/.local/lib/python3.7/site-packages/airflow/example_dags/example_latest_only_with_trigger.py for tasks to queue
[2022-03-24 03:08:10,633] {logging_mixin.py:109} INFO - [2022-03-24 03:08:10,633] {dagbag.py:500} INFO - Filling up the DagBag from /home/airflow/.local/lib/python3.7/site-packages/airflow/example_dags/example_latest_only_with_trigger.py
[2022-03-24 03:08:10,768] {processor.py:654} INFO - DAG(s) dict_keys(['latest_only_with_trigger']) retrieved from /home/airflow/.local/lib/python3.7/site-packages/airflow/example_dags/example_latest_only_with_trigger.py
[2022-03-24 03:08:10,822] {logging_mixin.py:109} INFO - [2022-03-24 03:08:10,822] {dag.py:2398} INFO - Sync 1 DAGs
[2022-03-24 03:08:10,873] {logging_mixin.py:109} INFO - [2022-03-24 03:08:10,873] {dag.py:2937} INFO - Setting next_dagrun for latest_only_with_trigger to 2022-03-23T23:08:10.872748+00:00
[2022-03-24 03:08:10,913] {processor.py:171} INFO - Processing /home/airflow/.local/lib/python3.7/site-packages/airflow/example_dags/example_latest_only_with_trigger.py took 0.301 seconds
[2022-03-24 03:08:40,967] {processor.py:163} INFO - Started process (PID=2081) to work on /home/airflow/.local/lib/python3.7/site-packages/airflow/example_dags/example_latest_only_with_trigger.py
[2022-03-24 03:08:41,055] {processor.py:642} INFO - Processing file /home/airflow/.local/lib/python3.7/site-packages/airflow/example_dags/example_latest_only_with_trigger.py for tasks to queue
[2022-03-24 03:08:41,118] {logging_mixin.py:109} INFO - [2022-03-24 03:08:41,118] {dagbag.py:500} INFO - Filling up the DagBag from /home/airflow/.local/lib/python3.7/site-packages/airflow/example_dags/example_latest_only_with_trigger.py
[2022-03-24 03:08:41,164] {processor.py:654} INFO - DAG(s) dict_keys(['latest_only_with_trigger']) retrieved from /home/airflow/.local/lib/python3.7/site-packages/airflow/example_dags/example_latest_only_with_trigger.py
[2022-03-24 03:08:41,181] {logging_mixin.py:109} INFO - [2022-03-24 03:08:41,181] {dag.py:2398} INFO - Sync 1 DAGs
[2022-03-24 03:08:41,200] {logging_mixin.py:109} INFO - [2022-03-24 03:08:41,199] {dag.py:2937} INFO - Setting next_dagrun for latest_only_with_trigger to 2022-03-23T23:08:41.199357+00:00
[2022-03-24 03:08:41,214] {processor.py:171} INFO - Processing /home/airflow/.local/lib/python3.7/site-packages/airflow/example_dags/example_latest_only_with_trigger.py took 0.250 seconds
[2022-03-24 03:09:11,482] {processor.py:163} INFO - Started process (PID=2131) to work on /home/airflow/.local/lib/python3.7/site-packages/airflow/example_dags/example_latest_only_with_trigger.py
[2022-03-24 03:09:11,484] {processor.py:642} INFO - Processing file /home/airflow/.local/lib/python3.7/site-packages/airflow/example_dags/example_latest_only_with_trigger.py for tasks to queue
[2022-03-24 03:09:11,486] {logging_mixin.py:109} INFO - [2022-03-24 03:09:11,486] {dagbag.py:500} INFO - Filling up the DagBag from /home/airflow/.local/lib/python3.7/site-packages/airflow/example_dags/example_latest_only_with_trigger.py
[2022-03-24 03:09:11,570] {processor.py:654} INFO - DAG(s) dict_keys(['latest_only_with_trigger']) retrieved from /home/airflow/.local/lib/python3.7/site-packages/airflow/example_dags/example_latest_only_with_trigger.py
[2022-03-24 03:09:11,588] {logging_mixin.py:109} INFO - [2022-03-24 03:09:11,588] {dag.py:2398} INFO - Sync 1 DAGs
[2022-03-24 03:09:11,621] {logging_mixin.py:109} INFO - [2022-03-24 03:09:11,620] {dag.py:2937} INFO - Setting next_dagrun for latest_only_with_trigger to 2022-03-23T23:09:11.620634+00:00
[2022-03-24 03:09:11,646] {processor.py:171} INFO - Processing /home/airflow/.local/lib/python3.7/site-packages/airflow/example_dags/example_latest_only_with_trigger.py took 0.171 seconds
[2022-03-24 03:09:41,850] {processor.py:163} INFO - Started process (PID=2181) to work on /home/airflow/.local/lib/python3.7/site-packages/airflow/example_dags/example_latest_only_with_trigger.py
[2022-03-24 03:09:41,900] {processor.py:642} INFO - Processing file /home/airflow/.local/lib/python3.7/site-packages/airflow/example_dags/example_latest_only_with_trigger.py for tasks to queue
[2022-03-24 03:09:41,941] {logging_mixin.py:109} INFO - [2022-03-24 03:09:41,941] {dagbag.py:500} INFO - Filling up the DagBag from /home/airflow/.local/lib/python3.7/site-packages/airflow/example_dags/example_latest_only_with_trigger.py
[2022-03-24 03:09:42,096] {processor.py:654} INFO - DAG(s) dict_keys(['latest_only_with_trigger']) retrieved from /home/airflow/.local/lib/python3.7/site-packages/airflow/example_dags/example_latest_only_with_trigger.py
[2022-03-24 03:09:42,311] {logging_mixin.py:109} INFO - [2022-03-24 03:09:42,311] {dag.py:2398} INFO - Sync 1 DAGs
[2022-03-24 03:09:42,366] {logging_mixin.py:109} INFO - [2022-03-24 03:09:42,365] {dag.py:2937} INFO - Setting next_dagrun for latest_only_with_trigger to 2022-03-23T23:09:42.365516+00:00
[2022-03-24 03:09:42,479] {processor.py:171} INFO - Processing /home/airflow/.local/lib/python3.7/site-packages/airflow/example_dags/example_latest_only_with_trigger.py took 0.656 seconds
[2022-03-24 03:10:13,082] {processor.py:163} INFO - Started process (PID=2234) to work on /home/airflow/.local/lib/python3.7/site-packages/airflow/example_dags/example_latest_only_with_trigger.py
[2022-03-24 03:10:13,240] {processor.py:642} INFO - Processing file /home/airflow/.local/lib/python3.7/site-packages/airflow/example_dags/example_latest_only_with_trigger.py for tasks to queue
[2022-03-24 03:10:13,378] {logging_mixin.py:109} INFO - [2022-03-24 03:10:13,378] {dagbag.py:500} INFO - Filling up the DagBag from /home/airflow/.local/lib/python3.7/site-packages/airflow/example_dags/example_latest_only_with_trigger.py
[2022-03-24 03:10:13,522] {processor.py:654} INFO - DAG(s) dict_keys(['latest_only_with_trigger']) retrieved from /home/airflow/.local/lib/python3.7/site-packages/airflow/example_dags/example_latest_only_with_trigger.py
[2022-03-24 03:10:13,622] {logging_mixin.py:109} INFO - [2022-03-24 03:10:13,622] {dag.py:2398} INFO - Sync 1 DAGs
[2022-03-24 03:10:13,654] {logging_mixin.py:109} INFO - [2022-03-24 03:10:13,653] {dag.py:2937} INFO - Setting next_dagrun for latest_only_with_trigger to 2022-03-23T23:10:13.653496+00:00
[2022-03-24 03:10:13,685] {processor.py:171} INFO - Processing /home/airflow/.local/lib/python3.7/site-packages/airflow/example_dags/example_latest_only_with_trigger.py took 0.620 seconds
[2022-03-24 03:10:45,053] {processor.py:163} INFO - Started process (PID=2284) to work on /home/airflow/.local/lib/python3.7/site-packages/airflow/example_dags/example_latest_only_with_trigger.py
[2022-03-24 03:10:45,059] {processor.py:642} INFO - Processing file /home/airflow/.local/lib/python3.7/site-packages/airflow/example_dags/example_latest_only_with_trigger.py for tasks to queue
[2022-03-24 03:10:45,062] {logging_mixin.py:109} INFO - [2022-03-24 03:10:45,061] {dagbag.py:500} INFO - Filling up the DagBag from /home/airflow/.local/lib/python3.7/site-packages/airflow/example_dags/example_latest_only_with_trigger.py
[2022-03-24 03:10:45,188] {processor.py:654} INFO - DAG(s) dict_keys(['latest_only_with_trigger']) retrieved from /home/airflow/.local/lib/python3.7/site-packages/airflow/example_dags/example_latest_only_with_trigger.py
[2022-03-24 03:10:45,220] {logging_mixin.py:109} INFO - [2022-03-24 03:10:45,220] {dag.py:2398} INFO - Sync 1 DAGs
[2022-03-24 03:10:45,284] {logging_mixin.py:109} INFO - [2022-03-24 03:10:45,284] {dag.py:2937} INFO - Setting next_dagrun for latest_only_with_trigger to 2022-03-23T23:10:45.283972+00:00
[2022-03-24 03:10:45,308] {processor.py:171} INFO - Processing /home/airflow/.local/lib/python3.7/site-packages/airflow/example_dags/example_latest_only_with_trigger.py took 0.277 seconds
[2022-03-24 03:11:15,944] {processor.py:163} INFO - Started process (PID=2334) to work on /home/airflow/.local/lib/python3.7/site-packages/airflow/example_dags/example_latest_only_with_trigger.py
[2022-03-24 03:11:15,957] {processor.py:642} INFO - Processing file /home/airflow/.local/lib/python3.7/site-packages/airflow/example_dags/example_latest_only_with_trigger.py for tasks to queue
[2022-03-24 03:11:15,959] {logging_mixin.py:109} INFO - [2022-03-24 03:11:15,959] {dagbag.py:500} INFO - Filling up the DagBag from /home/airflow/.local/lib/python3.7/site-packages/airflow/example_dags/example_latest_only_with_trigger.py
[2022-03-24 03:11:16,041] {processor.py:654} INFO - DAG(s) dict_keys(['latest_only_with_trigger']) retrieved from /home/airflow/.local/lib/python3.7/site-packages/airflow/example_dags/example_latest_only_with_trigger.py
[2022-03-24 03:11:16,055] {logging_mixin.py:109} INFO - [2022-03-24 03:11:16,055] {dag.py:2398} INFO - Sync 1 DAGs
[2022-03-24 03:11:16,074] {logging_mixin.py:109} INFO - [2022-03-24 03:11:16,074] {dag.py:2937} INFO - Setting next_dagrun for latest_only_with_trigger to 2022-03-23T23:11:16.073917+00:00
[2022-03-24 03:11:16,101] {processor.py:171} INFO - Processing /home/airflow/.local/lib/python3.7/site-packages/airflow/example_dags/example_latest_only_with_trigger.py took 0.217 seconds
[2022-03-24 03:11:46,351] {processor.py:163} INFO - Started process (PID=2384) to work on /home/airflow/.local/lib/python3.7/site-packages/airflow/example_dags/example_latest_only_with_trigger.py
[2022-03-24 03:11:46,353] {processor.py:642} INFO - Processing file /home/airflow/.local/lib/python3.7/site-packages/airflow/example_dags/example_latest_only_with_trigger.py for tasks to queue
[2022-03-24 03:11:46,355] {logging_mixin.py:109} INFO - [2022-03-24 03:11:46,354] {dagbag.py:500} INFO - Filling up the DagBag from /home/airflow/.local/lib/python3.7/site-packages/airflow/example_dags/example_latest_only_with_trigger.py
[2022-03-24 03:11:46,393] {processor.py:654} INFO - DAG(s) dict_keys(['latest_only_with_trigger']) retrieved from /home/airflow/.local/lib/python3.7/site-packages/airflow/example_dags/example_latest_only_with_trigger.py
[2022-03-24 03:11:46,407] {logging_mixin.py:109} INFO - [2022-03-24 03:11:46,407] {dag.py:2398} INFO - Sync 1 DAGs
[2022-03-24 03:11:46,424] {logging_mixin.py:109} INFO - [2022-03-24 03:11:46,424] {dag.py:2937} INFO - Setting next_dagrun for latest_only_with_trigger to 2022-03-23T23:11:46.424345+00:00
[2022-03-24 03:11:46,440] {processor.py:171} INFO - Processing /home/airflow/.local/lib/python3.7/site-packages/airflow/example_dags/example_latest_only_with_trigger.py took 0.095 seconds
[2022-03-24 03:12:16,777] {processor.py:163} INFO - Started process (PID=2434) to work on /home/airflow/.local/lib/python3.7/site-packages/airflow/example_dags/example_latest_only_with_trigger.py
[2022-03-24 03:12:16,779] {processor.py:642} INFO - Processing file /home/airflow/.local/lib/python3.7/site-packages/airflow/example_dags/example_latest_only_with_trigger.py for tasks to queue
[2022-03-24 03:12:16,781] {logging_mixin.py:109} INFO - [2022-03-24 03:12:16,781] {dagbag.py:500} INFO - Filling up the DagBag from /home/airflow/.local/lib/python3.7/site-packages/airflow/example_dags/example_latest_only_with_trigger.py
[2022-03-24 03:12:16,809] {processor.py:654} INFO - DAG(s) dict_keys(['latest_only_with_trigger']) retrieved from /home/airflow/.local/lib/python3.7/site-packages/airflow/example_dags/example_latest_only_with_trigger.py
[2022-03-24 03:12:16,824] {logging_mixin.py:109} INFO - [2022-03-24 03:12:16,824] {dag.py:2398} INFO - Sync 1 DAGs
[2022-03-24 03:12:16,844] {logging_mixin.py:109} INFO - [2022-03-24 03:12:16,844] {dag.py:2937} INFO - Setting next_dagrun for latest_only_with_trigger to 2022-03-23T23:12:16.844198+00:00
[2022-03-24 03:12:16,870] {processor.py:171} INFO - Processing /home/airflow/.local/lib/python3.7/site-packages/airflow/example_dags/example_latest_only_with_trigger.py took 0.131 seconds
[2022-03-24 03:12:47,189] {processor.py:163} INFO - Started process (PID=2487) to work on /home/airflow/.local/lib/python3.7/site-packages/airflow/example_dags/example_latest_only_with_trigger.py
[2022-03-24 03:12:47,195] {processor.py:642} INFO - Processing file /home/airflow/.local/lib/python3.7/site-packages/airflow/example_dags/example_latest_only_with_trigger.py for tasks to queue
[2022-03-24 03:12:47,198] {logging_mixin.py:109} INFO - [2022-03-24 03:12:47,197] {dagbag.py:500} INFO - Filling up the DagBag from /home/airflow/.local/lib/python3.7/site-packages/airflow/example_dags/example_latest_only_with_trigger.py
[2022-03-24 03:12:47,255] {processor.py:654} INFO - DAG(s) dict_keys(['latest_only_with_trigger']) retrieved from /home/airflow/.local/lib/python3.7/site-packages/airflow/example_dags/example_latest_only_with_trigger.py
[2022-03-24 03:12:47,279] {logging_mixin.py:109} INFO - [2022-03-24 03:12:47,279] {dag.py:2398} INFO - Sync 1 DAGs
[2022-03-24 03:12:47,332] {logging_mixin.py:109} INFO - [2022-03-24 03:12:47,322] {dag.py:2937} INFO - Setting next_dagrun for latest_only_with_trigger to 2022-03-23T23:12:47.321337+00:00
[2022-03-24 03:12:47,365] {processor.py:171} INFO - Processing /home/airflow/.local/lib/python3.7/site-packages/airflow/example_dags/example_latest_only_with_trigger.py took 0.182 seconds
[2022-03-24 03:13:17,624] {processor.py:163} INFO - Started process (PID=2538) to work on /home/airflow/.local/lib/python3.7/site-packages/airflow/example_dags/example_latest_only_with_trigger.py
[2022-03-24 03:13:17,631] {processor.py:642} INFO - Processing file /home/airflow/.local/lib/python3.7/site-packages/airflow/example_dags/example_latest_only_with_trigger.py for tasks to queue
[2022-03-24 03:13:17,634] {logging_mixin.py:109} INFO - [2022-03-24 03:13:17,634] {dagbag.py:500} INFO - Filling up the DagBag from /home/airflow/.local/lib/python3.7/site-packages/airflow/example_dags/example_latest_only_with_trigger.py
[2022-03-24 03:13:17,690] {processor.py:654} INFO - DAG(s) dict_keys(['latest_only_with_trigger']) retrieved from /home/airflow/.local/lib/python3.7/site-packages/airflow/example_dags/example_latest_only_with_trigger.py
[2022-03-24 03:13:17,714] {logging_mixin.py:109} INFO - [2022-03-24 03:13:17,713] {dag.py:2398} INFO - Sync 1 DAGs
[2022-03-24 03:13:17,744] {logging_mixin.py:109} INFO - [2022-03-24 03:13:17,744] {dag.py:2937} INFO - Setting next_dagrun for latest_only_with_trigger to 2022-03-23T23:13:17.744221+00:00
[2022-03-24 03:13:17,761] {processor.py:171} INFO - Processing /home/airflow/.local/lib/python3.7/site-packages/airflow/example_dags/example_latest_only_with_trigger.py took 0.141 seconds
[2022-03-24 03:13:48,287] {processor.py:163} INFO - Started process (PID=2592) to work on /home/airflow/.local/lib/python3.7/site-packages/airflow/example_dags/example_latest_only_with_trigger.py
[2022-03-24 03:13:48,295] {processor.py:642} INFO - Processing file /home/airflow/.local/lib/python3.7/site-packages/airflow/example_dags/example_latest_only_with_trigger.py for tasks to queue
[2022-03-24 03:13:48,298] {logging_mixin.py:109} INFO - [2022-03-24 03:13:48,297] {dagbag.py:500} INFO - Filling up the DagBag from /home/airflow/.local/lib/python3.7/site-packages/airflow/example_dags/example_latest_only_with_trigger.py
[2022-03-24 03:13:48,385] {processor.py:654} INFO - DAG(s) dict_keys(['latest_only_with_trigger']) retrieved from /home/airflow/.local/lib/python3.7/site-packages/airflow/example_dags/example_latest_only_with_trigger.py
[2022-03-24 03:13:48,427] {logging_mixin.py:109} INFO - [2022-03-24 03:13:48,427] {dag.py:2398} INFO - Sync 1 DAGs
[2022-03-24 03:13:48,465] {logging_mixin.py:109} INFO - [2022-03-24 03:13:48,465] {dag.py:2937} INFO - Setting next_dagrun for latest_only_with_trigger to 2022-03-23T23:13:48.465152+00:00
[2022-03-24 03:13:48,499] {processor.py:171} INFO - Processing /home/airflow/.local/lib/python3.7/site-packages/airflow/example_dags/example_latest_only_with_trigger.py took 0.234 seconds
[2022-03-24 03:14:18,573] {processor.py:163} INFO - Started process (PID=2644) to work on /home/airflow/.local/lib/python3.7/site-packages/airflow/example_dags/example_latest_only_with_trigger.py
[2022-03-24 03:14:18,579] {processor.py:642} INFO - Processing file /home/airflow/.local/lib/python3.7/site-packages/airflow/example_dags/example_latest_only_with_trigger.py for tasks to queue
[2022-03-24 03:14:18,582] {logging_mixin.py:109} INFO - [2022-03-24 03:14:18,582] {dagbag.py:500} INFO - Filling up the DagBag from /home/airflow/.local/lib/python3.7/site-packages/airflow/example_dags/example_latest_only_with_trigger.py
[2022-03-24 03:14:18,635] {processor.py:654} INFO - DAG(s) dict_keys(['latest_only_with_trigger']) retrieved from /home/airflow/.local/lib/python3.7/site-packages/airflow/example_dags/example_latest_only_with_trigger.py
[2022-03-24 03:14:18,650] {logging_mixin.py:109} INFO - [2022-03-24 03:14:18,650] {dag.py:2398} INFO - Sync 1 DAGs
[2022-03-24 03:14:18,667] {logging_mixin.py:109} INFO - [2022-03-24 03:14:18,667] {dag.py:2937} INFO - Setting next_dagrun for latest_only_with_trigger to 2022-03-23T23:14:18.667085+00:00
[2022-03-24 03:14:18,681] {processor.py:171} INFO - Processing /home/airflow/.local/lib/python3.7/site-packages/airflow/example_dags/example_latest_only_with_trigger.py took 0.112 seconds
[2022-03-24 03:14:48,809] {processor.py:163} INFO - Started process (PID=2695) to work on /home/airflow/.local/lib/python3.7/site-packages/airflow/example_dags/example_latest_only_with_trigger.py
[2022-03-24 03:14:48,812] {processor.py:642} INFO - Processing file /home/airflow/.local/lib/python3.7/site-packages/airflow/example_dags/example_latest_only_with_trigger.py for tasks to queue
[2022-03-24 03:14:48,814] {logging_mixin.py:109} INFO - [2022-03-24 03:14:48,814] {dagbag.py:500} INFO - Filling up the DagBag from /home/airflow/.local/lib/python3.7/site-packages/airflow/example_dags/example_latest_only_with_trigger.py
[2022-03-24 03:14:48,853] {processor.py:654} INFO - DAG(s) dict_keys(['latest_only_with_trigger']) retrieved from /home/airflow/.local/lib/python3.7/site-packages/airflow/example_dags/example_latest_only_with_trigger.py
[2022-03-24 03:14:48,865] {logging_mixin.py:109} INFO - [2022-03-24 03:14:48,865] {dag.py:2398} INFO - Sync 1 DAGs
[2022-03-24 03:14:48,884] {logging_mixin.py:109} INFO - [2022-03-24 03:14:48,884] {dag.py:2937} INFO - Setting next_dagrun for latest_only_with_trigger to 2022-03-23T23:14:48.883736+00:00
[2022-03-24 03:14:48,898] {processor.py:171} INFO - Processing /home/airflow/.local/lib/python3.7/site-packages/airflow/example_dags/example_latest_only_with_trigger.py took 0.096 seconds
[2022-03-24 03:15:19,246] {processor.py:163} INFO - Started process (PID=2752) to work on /home/airflow/.local/lib/python3.7/site-packages/airflow/example_dags/example_latest_only_with_trigger.py
[2022-03-24 03:15:19,252] {processor.py:642} INFO - Processing file /home/airflow/.local/lib/python3.7/site-packages/airflow/example_dags/example_latest_only_with_trigger.py for tasks to queue
[2022-03-24 03:15:19,254] {logging_mixin.py:109} INFO - [2022-03-24 03:15:19,254] {dagbag.py:500} INFO - Filling up the DagBag from /home/airflow/.local/lib/python3.7/site-packages/airflow/example_dags/example_latest_only_with_trigger.py
[2022-03-24 03:15:19,294] {processor.py:654} INFO - DAG(s) dict_keys(['latest_only_with_trigger']) retrieved from /home/airflow/.local/lib/python3.7/site-packages/airflow/example_dags/example_latest_only_with_trigger.py
[2022-03-24 03:15:19,313] {logging_mixin.py:109} INFO - [2022-03-24 03:15:19,312] {dag.py:2398} INFO - Sync 1 DAGs
[2022-03-24 03:15:19,334] {logging_mixin.py:109} INFO - [2022-03-24 03:15:19,334] {dag.py:2937} INFO - Setting next_dagrun for latest_only_with_trigger to 2022-03-23T23:15:19.333906+00:00
[2022-03-24 03:15:19,352] {processor.py:171} INFO - Processing /home/airflow/.local/lib/python3.7/site-packages/airflow/example_dags/example_latest_only_with_trigger.py took 0.111 seconds
[2022-03-24 03:15:49,721] {processor.py:163} INFO - Started process (PID=2800) to work on /home/airflow/.local/lib/python3.7/site-packages/airflow/example_dags/example_latest_only_with_trigger.py
[2022-03-24 03:15:49,724] {processor.py:642} INFO - Processing file /home/airflow/.local/lib/python3.7/site-packages/airflow/example_dags/example_latest_only_with_trigger.py for tasks to queue
[2022-03-24 03:15:49,726] {logging_mixin.py:109} INFO - [2022-03-24 03:15:49,725] {dagbag.py:500} INFO - Filling up the DagBag from /home/airflow/.local/lib/python3.7/site-packages/airflow/example_dags/example_latest_only_with_trigger.py
[2022-03-24 03:15:49,771] {processor.py:654} INFO - DAG(s) dict_keys(['latest_only_with_trigger']) retrieved from /home/airflow/.local/lib/python3.7/site-packages/airflow/example_dags/example_latest_only_with_trigger.py
[2022-03-24 03:15:49,791] {logging_mixin.py:109} INFO - [2022-03-24 03:15:49,791] {dag.py:2398} INFO - Sync 1 DAGs
[2022-03-24 03:15:49,816] {logging_mixin.py:109} INFO - [2022-03-24 03:15:49,816] {dag.py:2937} INFO - Setting next_dagrun for latest_only_with_trigger to 2022-03-23T23:15:49.816158+00:00
[2022-03-24 03:15:49,836] {processor.py:171} INFO - Processing /home/airflow/.local/lib/python3.7/site-packages/airflow/example_dags/example_latest_only_with_trigger.py took 0.119 seconds
[2022-03-24 03:16:20,305] {processor.py:163} INFO - Started process (PID=2849) to work on /home/airflow/.local/lib/python3.7/site-packages/airflow/example_dags/example_latest_only_with_trigger.py
[2022-03-24 03:16:20,311] {processor.py:642} INFO - Processing file /home/airflow/.local/lib/python3.7/site-packages/airflow/example_dags/example_latest_only_with_trigger.py for tasks to queue
[2022-03-24 03:16:20,313] {logging_mixin.py:109} INFO - [2022-03-24 03:16:20,313] {dagbag.py:500} INFO - Filling up the DagBag from /home/airflow/.local/lib/python3.7/site-packages/airflow/example_dags/example_latest_only_with_trigger.py
[2022-03-24 03:16:20,351] {processor.py:654} INFO - DAG(s) dict_keys(['latest_only_with_trigger']) retrieved from /home/airflow/.local/lib/python3.7/site-packages/airflow/example_dags/example_latest_only_with_trigger.py
[2022-03-24 03:16:20,368] {logging_mixin.py:109} INFO - [2022-03-24 03:16:20,368] {dag.py:2398} INFO - Sync 1 DAGs
[2022-03-24 03:16:20,390] {logging_mixin.py:109} INFO - [2022-03-24 03:16:20,389] {dag.py:2937} INFO - Setting next_dagrun for latest_only_with_trigger to 2022-03-23T23:16:20.389645+00:00
[2022-03-24 03:16:20,439] {processor.py:171} INFO - Processing /home/airflow/.local/lib/python3.7/site-packages/airflow/example_dags/example_latest_only_with_trigger.py took 0.137 seconds
[2022-03-24 03:16:50,741] {processor.py:163} INFO - Started process (PID=2901) to work on /home/airflow/.local/lib/python3.7/site-packages/airflow/example_dags/example_latest_only_with_trigger.py
[2022-03-24 03:16:50,743] {processor.py:642} INFO - Processing file /home/airflow/.local/lib/python3.7/site-packages/airflow/example_dags/example_latest_only_with_trigger.py for tasks to queue
[2022-03-24 03:16:50,745] {logging_mixin.py:109} INFO - [2022-03-24 03:16:50,744] {dagbag.py:500} INFO - Filling up the DagBag from /home/airflow/.local/lib/python3.7/site-packages/airflow/example_dags/example_latest_only_with_trigger.py
[2022-03-24 03:16:50,783] {processor.py:654} INFO - DAG(s) dict_keys(['latest_only_with_trigger']) retrieved from /home/airflow/.local/lib/python3.7/site-packages/airflow/example_dags/example_latest_only_with_trigger.py
[2022-03-24 03:16:50,802] {logging_mixin.py:109} INFO - [2022-03-24 03:16:50,802] {dag.py:2398} INFO - Sync 1 DAGs
[2022-03-24 03:16:50,818] {logging_mixin.py:109} INFO - [2022-03-24 03:16:50,818] {dag.py:2937} INFO - Setting next_dagrun for latest_only_with_trigger to 2022-03-23T23:16:50.818529+00:00
[2022-03-24 03:16:50,832] {processor.py:171} INFO - Processing /home/airflow/.local/lib/python3.7/site-packages/airflow/example_dags/example_latest_only_with_trigger.py took 0.095 seconds
[2022-03-24 03:17:21,180] {processor.py:163} INFO - Started process (PID=2952) to work on /home/airflow/.local/lib/python3.7/site-packages/airflow/example_dags/example_latest_only_with_trigger.py
[2022-03-24 03:17:21,187] {processor.py:642} INFO - Processing file /home/airflow/.local/lib/python3.7/site-packages/airflow/example_dags/example_latest_only_with_trigger.py for tasks to queue
[2022-03-24 03:17:21,192] {logging_mixin.py:109} INFO - [2022-03-24 03:17:21,191] {dagbag.py:500} INFO - Filling up the DagBag from /home/airflow/.local/lib/python3.7/site-packages/airflow/example_dags/example_latest_only_with_trigger.py
[2022-03-24 03:17:21,238] {processor.py:654} INFO - DAG(s) dict_keys(['latest_only_with_trigger']) retrieved from /home/airflow/.local/lib/python3.7/site-packages/airflow/example_dags/example_latest_only_with_trigger.py
[2022-03-24 03:17:21,267] {logging_mixin.py:109} INFO - [2022-03-24 03:17:21,267] {dag.py:2398} INFO - Sync 1 DAGs
[2022-03-24 03:17:21,303] {logging_mixin.py:109} INFO - [2022-03-24 03:17:21,302] {dag.py:2937} INFO - Setting next_dagrun for latest_only_with_trigger to 2022-03-23T23:17:21.300405+00:00
[2022-03-24 03:17:21,322] {processor.py:171} INFO - Processing /home/airflow/.local/lib/python3.7/site-packages/airflow/example_dags/example_latest_only_with_trigger.py took 0.162 seconds
[2022-03-24 03:17:52,336] {processor.py:163} INFO - Started process (PID=3014) to work on /home/airflow/.local/lib/python3.7/site-packages/airflow/example_dags/example_latest_only_with_trigger.py
[2022-03-24 03:17:52,338] {processor.py:642} INFO - Processing file /home/airflow/.local/lib/python3.7/site-packages/airflow/example_dags/example_latest_only_with_trigger.py for tasks to queue
[2022-03-24 03:17:52,340] {logging_mixin.py:109} INFO - [2022-03-24 03:17:52,340] {dagbag.py:500} INFO - Filling up the DagBag from /home/airflow/.local/lib/python3.7/site-packages/airflow/example_dags/example_latest_only_with_trigger.py
[2022-03-24 03:17:52,482] {processor.py:654} INFO - DAG(s) dict_keys(['latest_only_with_trigger']) retrieved from /home/airflow/.local/lib/python3.7/site-packages/airflow/example_dags/example_latest_only_with_trigger.py
[2022-03-24 03:17:52,536] {logging_mixin.py:109} INFO - [2022-03-24 03:17:52,536] {dag.py:2398} INFO - Sync 1 DAGs
[2022-03-24 03:17:52,589] {logging_mixin.py:109} INFO - [2022-03-24 03:17:52,589] {dag.py:2937} INFO - Setting next_dagrun for latest_only_with_trigger to 2022-03-23T23:17:52.589220+00:00
[2022-03-24 03:17:52,634] {processor.py:171} INFO - Processing /home/airflow/.local/lib/python3.7/site-packages/airflow/example_dags/example_latest_only_with_trigger.py took 0.305 seconds
[2022-03-24 03:18:22,727] {processor.py:163} INFO - Started process (PID=3065) to work on /home/airflow/.local/lib/python3.7/site-packages/airflow/example_dags/example_latest_only_with_trigger.py
[2022-03-24 03:18:22,732] {processor.py:642} INFO - Processing file /home/airflow/.local/lib/python3.7/site-packages/airflow/example_dags/example_latest_only_with_trigger.py for tasks to queue
[2022-03-24 03:18:22,734] {logging_mixin.py:109} INFO - [2022-03-24 03:18:22,734] {dagbag.py:500} INFO - Filling up the DagBag from /home/airflow/.local/lib/python3.7/site-packages/airflow/example_dags/example_latest_only_with_trigger.py
[2022-03-24 03:18:22,775] {processor.py:654} INFO - DAG(s) dict_keys(['latest_only_with_trigger']) retrieved from /home/airflow/.local/lib/python3.7/site-packages/airflow/example_dags/example_latest_only_with_trigger.py
[2022-03-24 03:18:22,793] {logging_mixin.py:109} INFO - [2022-03-24 03:18:22,793] {dag.py:2398} INFO - Sync 1 DAGs
[2022-03-24 03:18:22,813] {logging_mixin.py:109} INFO - [2022-03-24 03:18:22,813] {dag.py:2937} INFO - Setting next_dagrun for latest_only_with_trigger to 2022-03-23T23:18:22.813381+00:00
[2022-03-24 03:18:22,827] {processor.py:171} INFO - Processing /home/airflow/.local/lib/python3.7/site-packages/airflow/example_dags/example_latest_only_with_trigger.py took 0.104 seconds
[2022-03-24 03:18:52,908] {processor.py:163} INFO - Started process (PID=3116) to work on /home/airflow/.local/lib/python3.7/site-packages/airflow/example_dags/example_latest_only_with_trigger.py
[2022-03-24 03:18:52,912] {processor.py:642} INFO - Processing file /home/airflow/.local/lib/python3.7/site-packages/airflow/example_dags/example_latest_only_with_trigger.py for tasks to queue
[2022-03-24 03:18:52,915] {logging_mixin.py:109} INFO - [2022-03-24 03:18:52,915] {dagbag.py:500} INFO - Filling up the DagBag from /home/airflow/.local/lib/python3.7/site-packages/airflow/example_dags/example_latest_only_with_trigger.py
[2022-03-24 03:18:52,964] {processor.py:654} INFO - DAG(s) dict_keys(['latest_only_with_trigger']) retrieved from /home/airflow/.local/lib/python3.7/site-packages/airflow/example_dags/example_latest_only_with_trigger.py
[2022-03-24 03:18:52,994] {logging_mixin.py:109} INFO - [2022-03-24 03:18:52,994] {dag.py:2398} INFO - Sync 1 DAGs
[2022-03-24 03:18:53,022] {logging_mixin.py:109} INFO - [2022-03-24 03:18:53,022] {dag.py:2937} INFO - Setting next_dagrun for latest_only_with_trigger to 2022-03-23T23:18:53.021675+00:00
[2022-03-24 03:18:53,035] {processor.py:171} INFO - Processing /home/airflow/.local/lib/python3.7/site-packages/airflow/example_dags/example_latest_only_with_trigger.py took 0.136 seconds
[2022-03-24 03:19:23,585] {processor.py:163} INFO - Started process (PID=3170) to work on /home/airflow/.local/lib/python3.7/site-packages/airflow/example_dags/example_latest_only_with_trigger.py
[2022-03-24 03:19:23,590] {processor.py:642} INFO - Processing file /home/airflow/.local/lib/python3.7/site-packages/airflow/example_dags/example_latest_only_with_trigger.py for tasks to queue
[2022-03-24 03:19:23,592] {logging_mixin.py:109} INFO - [2022-03-24 03:19:23,592] {dagbag.py:500} INFO - Filling up the DagBag from /home/airflow/.local/lib/python3.7/site-packages/airflow/example_dags/example_latest_only_with_trigger.py
[2022-03-24 03:19:23,636] {processor.py:654} INFO - DAG(s) dict_keys(['latest_only_with_trigger']) retrieved from /home/airflow/.local/lib/python3.7/site-packages/airflow/example_dags/example_latest_only_with_trigger.py
[2022-03-24 03:19:23,654] {logging_mixin.py:109} INFO - [2022-03-24 03:19:23,654] {dag.py:2398} INFO - Sync 1 DAGs
[2022-03-24 03:19:23,675] {logging_mixin.py:109} INFO - [2022-03-24 03:19:23,675] {dag.py:2937} INFO - Setting next_dagrun for latest_only_with_trigger to 2022-03-23T23:19:23.674924+00:00
[2022-03-24 03:19:23,685] {processor.py:171} INFO - Processing /home/airflow/.local/lib/python3.7/site-packages/airflow/example_dags/example_latest_only_with_trigger.py took 0.104 seconds
[2022-03-24 03:19:54,517] {processor.py:163} INFO - Started process (PID=3227) to work on /home/airflow/.local/lib/python3.7/site-packages/airflow/example_dags/example_latest_only_with_trigger.py
[2022-03-24 03:19:54,519] {processor.py:642} INFO - Processing file /home/airflow/.local/lib/python3.7/site-packages/airflow/example_dags/example_latest_only_with_trigger.py for tasks to queue
[2022-03-24 03:19:54,520] {logging_mixin.py:109} INFO - [2022-03-24 03:19:54,520] {dagbag.py:500} INFO - Filling up the DagBag from /home/airflow/.local/lib/python3.7/site-packages/airflow/example_dags/example_latest_only_with_trigger.py
[2022-03-24 03:19:54,561] {processor.py:654} INFO - DAG(s) dict_keys(['latest_only_with_trigger']) retrieved from /home/airflow/.local/lib/python3.7/site-packages/airflow/example_dags/example_latest_only_with_trigger.py
[2022-03-24 03:19:54,577] {logging_mixin.py:109} INFO - [2022-03-24 03:19:54,577] {dag.py:2398} INFO - Sync 1 DAGs
[2022-03-24 03:19:54,600] {logging_mixin.py:109} INFO - [2022-03-24 03:19:54,600] {dag.py:2937} INFO - Setting next_dagrun for latest_only_with_trigger to 2022-03-23T23:19:54.600477+00:00
[2022-03-24 03:19:54,616] {processor.py:171} INFO - Processing /home/airflow/.local/lib/python3.7/site-packages/airflow/example_dags/example_latest_only_with_trigger.py took 0.103 seconds
[2022-03-24 03:20:25,125] {processor.py:163} INFO - Started process (PID=3278) to work on /home/airflow/.local/lib/python3.7/site-packages/airflow/example_dags/example_latest_only_with_trigger.py
[2022-03-24 03:20:25,130] {processor.py:642} INFO - Processing file /home/airflow/.local/lib/python3.7/site-packages/airflow/example_dags/example_latest_only_with_trigger.py for tasks to queue
[2022-03-24 03:20:25,132] {logging_mixin.py:109} INFO - [2022-03-24 03:20:25,131] {dagbag.py:500} INFO - Filling up the DagBag from /home/airflow/.local/lib/python3.7/site-packages/airflow/example_dags/example_latest_only_with_trigger.py
[2022-03-24 03:20:25,167] {processor.py:654} INFO - DAG(s) dict_keys(['latest_only_with_trigger']) retrieved from /home/airflow/.local/lib/python3.7/site-packages/airflow/example_dags/example_latest_only_with_trigger.py
[2022-03-24 03:20:25,185] {logging_mixin.py:109} INFO - [2022-03-24 03:20:25,185] {dag.py:2398} INFO - Sync 1 DAGs
[2022-03-24 03:20:25,199] {logging_mixin.py:109} INFO - [2022-03-24 03:20:25,199] {dag.py:2937} INFO - Setting next_dagrun for latest_only_with_trigger to 2022-03-23T23:20:25.199008+00:00
[2022-03-24 03:20:25,210] {processor.py:171} INFO - Processing /home/airflow/.local/lib/python3.7/site-packages/airflow/example_dags/example_latest_only_with_trigger.py took 0.089 seconds
