[2022-03-24 02:50:14,736] {processor.py:163} INFO - Started process (PID=226) to work on /home/airflow/.local/lib/python3.7/site-packages/airflow/example_dags/example_trigger_target_dag.py
[2022-03-24 02:50:14,740] {processor.py:642} INFO - Processing file /home/airflow/.local/lib/python3.7/site-packages/airflow/example_dags/example_trigger_target_dag.py for tasks to queue
[2022-03-24 02:50:14,743] {logging_mixin.py:109} INFO - [2022-03-24 02:50:14,743] {dagbag.py:500} INFO - Filling up the DagBag from /home/airflow/.local/lib/python3.7/site-packages/airflow/example_dags/example_trigger_target_dag.py
[2022-03-24 02:50:14,810] {processor.py:654} INFO - DAG(s) dict_keys(['example_trigger_target_dag']) retrieved from /home/airflow/.local/lib/python3.7/site-packages/airflow/example_dags/example_trigger_target_dag.py
[2022-03-24 02:50:21,827] {logging_mixin.py:109} INFO - [2022-03-24 02:50:21,826] {manager.py:496} INFO - Created Permission View: can edit on DAG:example_trigger_target_dag
[2022-03-24 02:50:21,853] {logging_mixin.py:109} INFO - [2022-03-24 02:50:21,853] {manager.py:496} INFO - Created Permission View: can read on DAG:example_trigger_target_dag
[2022-03-24 02:50:21,855] {logging_mixin.py:109} INFO - [2022-03-24 02:50:21,855] {dag.py:2398} INFO - Sync 1 DAGs
[2022-03-24 02:50:21,869] {logging_mixin.py:109} INFO - [2022-03-24 02:50:21,869] {dag.py:2417} INFO - Creating ORM DAG for example_trigger_target_dag
[2022-03-24 02:50:21,884] {logging_mixin.py:109} INFO - [2022-03-24 02:50:21,884] {dag.py:2937} INFO - Setting next_dagrun for example_trigger_target_dag to None
[2022-03-24 02:50:21,902] {processor.py:171} INFO - Processing /home/airflow/.local/lib/python3.7/site-packages/airflow/example_dags/example_trigger_target_dag.py took 7.209 seconds
[2022-03-24 02:50:52,175] {processor.py:163} INFO - Started process (PID=299) to work on /home/airflow/.local/lib/python3.7/site-packages/airflow/example_dags/example_trigger_target_dag.py
[2022-03-24 02:50:52,179] {processor.py:642} INFO - Processing file /home/airflow/.local/lib/python3.7/site-packages/airflow/example_dags/example_trigger_target_dag.py for tasks to queue
[2022-03-24 02:50:52,182] {logging_mixin.py:109} INFO - [2022-03-24 02:50:52,182] {dagbag.py:500} INFO - Filling up the DagBag from /home/airflow/.local/lib/python3.7/site-packages/airflow/example_dags/example_trigger_target_dag.py
[2022-03-24 02:50:52,257] {processor.py:654} INFO - DAG(s) dict_keys(['example_trigger_target_dag']) retrieved from /home/airflow/.local/lib/python3.7/site-packages/airflow/example_dags/example_trigger_target_dag.py
[2022-03-24 02:50:52,280] {logging_mixin.py:109} INFO - [2022-03-24 02:50:52,280] {dag.py:2398} INFO - Sync 1 DAGs
[2022-03-24 02:50:52,304] {logging_mixin.py:109} INFO - [2022-03-24 02:50:52,304] {dag.py:2937} INFO - Setting next_dagrun for example_trigger_target_dag to None
[2022-03-24 02:50:52,318] {processor.py:171} INFO - Processing /home/airflow/.local/lib/python3.7/site-packages/airflow/example_dags/example_trigger_target_dag.py took 0.150 seconds
[2022-03-24 02:51:22,864] {processor.py:163} INFO - Started process (PID=361) to work on /home/airflow/.local/lib/python3.7/site-packages/airflow/example_dags/example_trigger_target_dag.py
[2022-03-24 02:51:22,873] {processor.py:642} INFO - Processing file /home/airflow/.local/lib/python3.7/site-packages/airflow/example_dags/example_trigger_target_dag.py for tasks to queue
[2022-03-24 02:51:22,875] {logging_mixin.py:109} INFO - [2022-03-24 02:51:22,875] {dagbag.py:500} INFO - Filling up the DagBag from /home/airflow/.local/lib/python3.7/site-packages/airflow/example_dags/example_trigger_target_dag.py
[2022-03-24 02:51:22,951] {processor.py:654} INFO - DAG(s) dict_keys(['example_trigger_target_dag']) retrieved from /home/airflow/.local/lib/python3.7/site-packages/airflow/example_dags/example_trigger_target_dag.py
[2022-03-24 02:51:22,969] {logging_mixin.py:109} INFO - [2022-03-24 02:51:22,969] {dag.py:2398} INFO - Sync 1 DAGs
[2022-03-24 02:51:22,985] {logging_mixin.py:109} INFO - [2022-03-24 02:51:22,984] {dag.py:2937} INFO - Setting next_dagrun for example_trigger_target_dag to None
[2022-03-24 02:51:23,008] {processor.py:171} INFO - Processing /home/airflow/.local/lib/python3.7/site-packages/airflow/example_dags/example_trigger_target_dag.py took 0.151 seconds
[2022-03-24 02:51:53,161] {processor.py:163} INFO - Started process (PID=411) to work on /home/airflow/.local/lib/python3.7/site-packages/airflow/example_dags/example_trigger_target_dag.py
[2022-03-24 02:51:53,169] {processor.py:642} INFO - Processing file /home/airflow/.local/lib/python3.7/site-packages/airflow/example_dags/example_trigger_target_dag.py for tasks to queue
[2022-03-24 02:51:53,171] {logging_mixin.py:109} INFO - [2022-03-24 02:51:53,171] {dagbag.py:500} INFO - Filling up the DagBag from /home/airflow/.local/lib/python3.7/site-packages/airflow/example_dags/example_trigger_target_dag.py
[2022-03-24 02:51:53,243] {processor.py:654} INFO - DAG(s) dict_keys(['example_trigger_target_dag']) retrieved from /home/airflow/.local/lib/python3.7/site-packages/airflow/example_dags/example_trigger_target_dag.py
[2022-03-24 02:51:53,272] {logging_mixin.py:109} INFO - [2022-03-24 02:51:53,272] {dag.py:2398} INFO - Sync 1 DAGs
[2022-03-24 02:51:53,293] {logging_mixin.py:109} INFO - [2022-03-24 02:51:53,292] {dag.py:2937} INFO - Setting next_dagrun for example_trigger_target_dag to None
[2022-03-24 02:51:53,306] {processor.py:171} INFO - Processing /home/airflow/.local/lib/python3.7/site-packages/airflow/example_dags/example_trigger_target_dag.py took 0.159 seconds
[2022-03-24 02:52:24,016] {processor.py:163} INFO - Started process (PID=462) to work on /home/airflow/.local/lib/python3.7/site-packages/airflow/example_dags/example_trigger_target_dag.py
[2022-03-24 02:52:24,028] {processor.py:642} INFO - Processing file /home/airflow/.local/lib/python3.7/site-packages/airflow/example_dags/example_trigger_target_dag.py for tasks to queue
[2022-03-24 02:52:24,032] {logging_mixin.py:109} INFO - [2022-03-24 02:52:24,032] {dagbag.py:500} INFO - Filling up the DagBag from /home/airflow/.local/lib/python3.7/site-packages/airflow/example_dags/example_trigger_target_dag.py
[2022-03-24 02:52:24,103] {processor.py:654} INFO - DAG(s) dict_keys(['example_trigger_target_dag']) retrieved from /home/airflow/.local/lib/python3.7/site-packages/airflow/example_dags/example_trigger_target_dag.py
[2022-03-24 02:52:24,115] {logging_mixin.py:109} INFO - [2022-03-24 02:52:24,115] {dag.py:2398} INFO - Sync 1 DAGs
[2022-03-24 02:52:24,131] {logging_mixin.py:109} INFO - [2022-03-24 02:52:24,131] {dag.py:2937} INFO - Setting next_dagrun for example_trigger_target_dag to None
[2022-03-24 02:52:24,145] {processor.py:171} INFO - Processing /home/airflow/.local/lib/python3.7/site-packages/airflow/example_dags/example_trigger_target_dag.py took 0.137 seconds
[2022-03-24 02:52:54,606] {processor.py:163} INFO - Started process (PID=512) to work on /home/airflow/.local/lib/python3.7/site-packages/airflow/example_dags/example_trigger_target_dag.py
[2022-03-24 02:52:54,612] {processor.py:642} INFO - Processing file /home/airflow/.local/lib/python3.7/site-packages/airflow/example_dags/example_trigger_target_dag.py for tasks to queue
[2022-03-24 02:52:54,614] {logging_mixin.py:109} INFO - [2022-03-24 02:52:54,614] {dagbag.py:500} INFO - Filling up the DagBag from /home/airflow/.local/lib/python3.7/site-packages/airflow/example_dags/example_trigger_target_dag.py
[2022-03-24 02:52:54,662] {processor.py:654} INFO - DAG(s) dict_keys(['example_trigger_target_dag']) retrieved from /home/airflow/.local/lib/python3.7/site-packages/airflow/example_dags/example_trigger_target_dag.py
[2022-03-24 02:52:54,676] {logging_mixin.py:109} INFO - [2022-03-24 02:52:54,676] {dag.py:2398} INFO - Sync 1 DAGs
[2022-03-24 02:52:54,693] {logging_mixin.py:109} INFO - [2022-03-24 02:52:54,692] {dag.py:2937} INFO - Setting next_dagrun for example_trigger_target_dag to None
[2022-03-24 02:52:54,712] {processor.py:171} INFO - Processing /home/airflow/.local/lib/python3.7/site-packages/airflow/example_dags/example_trigger_target_dag.py took 0.110 seconds
[2022-03-24 02:53:24,785] {processor.py:163} INFO - Started process (PID=561) to work on /home/airflow/.local/lib/python3.7/site-packages/airflow/example_dags/example_trigger_target_dag.py
[2022-03-24 02:53:24,788] {processor.py:642} INFO - Processing file /home/airflow/.local/lib/python3.7/site-packages/airflow/example_dags/example_trigger_target_dag.py for tasks to queue
[2022-03-24 02:53:24,794] {logging_mixin.py:109} INFO - [2022-03-24 02:53:24,794] {dagbag.py:500} INFO - Filling up the DagBag from /home/airflow/.local/lib/python3.7/site-packages/airflow/example_dags/example_trigger_target_dag.py
[2022-03-24 02:53:24,933] {processor.py:654} INFO - DAG(s) dict_keys(['example_trigger_target_dag']) retrieved from /home/airflow/.local/lib/python3.7/site-packages/airflow/example_dags/example_trigger_target_dag.py
[2022-03-24 02:53:24,956] {logging_mixin.py:109} INFO - [2022-03-24 02:53:24,956] {dag.py:2398} INFO - Sync 1 DAGs
[2022-03-24 02:53:24,997] {logging_mixin.py:109} INFO - [2022-03-24 02:53:24,997] {dag.py:2937} INFO - Setting next_dagrun for example_trigger_target_dag to None
[2022-03-24 02:53:25,029] {processor.py:171} INFO - Processing /home/airflow/.local/lib/python3.7/site-packages/airflow/example_dags/example_trigger_target_dag.py took 0.258 seconds
[2022-03-24 02:54:06,736] {processor.py:163} INFO - Started process (PID=619) to work on /home/airflow/.local/lib/python3.7/site-packages/airflow/example_dags/example_trigger_target_dag.py
[2022-03-24 02:54:06,829] {processor.py:642} INFO - Processing file /home/airflow/.local/lib/python3.7/site-packages/airflow/example_dags/example_trigger_target_dag.py for tasks to queue
[2022-03-24 02:54:07,000] {logging_mixin.py:109} INFO - [2022-03-24 02:54:07,000] {dagbag.py:500} INFO - Filling up the DagBag from /home/airflow/.local/lib/python3.7/site-packages/airflow/example_dags/example_trigger_target_dag.py
[2022-03-24 02:54:07,435] {processor.py:654} INFO - DAG(s) dict_keys(['example_trigger_target_dag']) retrieved from /home/airflow/.local/lib/python3.7/site-packages/airflow/example_dags/example_trigger_target_dag.py
[2022-03-24 02:54:08,049] {logging_mixin.py:109} INFO - [2022-03-24 02:54:08,049] {dag.py:2398} INFO - Sync 1 DAGs
[2022-03-24 02:54:08,075] {logging_mixin.py:109} INFO - [2022-03-24 02:54:08,075] {dag.py:2937} INFO - Setting next_dagrun for example_trigger_target_dag to None
[2022-03-24 02:54:09,224] {processor.py:171} INFO - Processing /home/airflow/.local/lib/python3.7/site-packages/airflow/example_dags/example_trigger_target_dag.py took 2.492 seconds
[2022-03-24 02:54:45,374] {processor.py:163} INFO - Started process (PID=670) to work on /home/airflow/.local/lib/python3.7/site-packages/airflow/example_dags/example_trigger_target_dag.py
[2022-03-24 02:54:45,897] {processor.py:642} INFO - Processing file /home/airflow/.local/lib/python3.7/site-packages/airflow/example_dags/example_trigger_target_dag.py for tasks to queue
[2022-03-24 02:54:46,579] {logging_mixin.py:109} INFO - [2022-03-24 02:54:46,578] {dagbag.py:500} INFO - Filling up the DagBag from /home/airflow/.local/lib/python3.7/site-packages/airflow/example_dags/example_trigger_target_dag.py
[2022-03-24 02:54:46,643] {processor.py:654} INFO - DAG(s) dict_keys(['example_trigger_target_dag']) retrieved from /home/airflow/.local/lib/python3.7/site-packages/airflow/example_dags/example_trigger_target_dag.py
[2022-03-24 02:54:46,875] {logging_mixin.py:109} INFO - [2022-03-24 02:54:46,875] {dag.py:2398} INFO - Sync 1 DAGs
[2022-03-24 02:54:47,014] {logging_mixin.py:109} INFO - [2022-03-24 02:54:47,013] {dag.py:2937} INFO - Setting next_dagrun for example_trigger_target_dag to None
[2022-03-24 02:54:47,718] {processor.py:171} INFO - Processing /home/airflow/.local/lib/python3.7/site-packages/airflow/example_dags/example_trigger_target_dag.py took 2.427 seconds
[2022-03-24 02:55:18,335] {processor.py:163} INFO - Started process (PID=721) to work on /home/airflow/.local/lib/python3.7/site-packages/airflow/example_dags/example_trigger_target_dag.py
[2022-03-24 02:55:18,341] {processor.py:642} INFO - Processing file /home/airflow/.local/lib/python3.7/site-packages/airflow/example_dags/example_trigger_target_dag.py for tasks to queue
[2022-03-24 02:55:18,344] {logging_mixin.py:109} INFO - [2022-03-24 02:55:18,344] {dagbag.py:500} INFO - Filling up the DagBag from /home/airflow/.local/lib/python3.7/site-packages/airflow/example_dags/example_trigger_target_dag.py
[2022-03-24 02:55:18,412] {processor.py:654} INFO - DAG(s) dict_keys(['example_trigger_target_dag']) retrieved from /home/airflow/.local/lib/python3.7/site-packages/airflow/example_dags/example_trigger_target_dag.py
[2022-03-24 02:55:18,430] {logging_mixin.py:109} INFO - [2022-03-24 02:55:18,429] {dag.py:2398} INFO - Sync 1 DAGs
[2022-03-24 02:55:18,461] {logging_mixin.py:109} INFO - [2022-03-24 02:55:18,461] {dag.py:2937} INFO - Setting next_dagrun for example_trigger_target_dag to None
[2022-03-24 02:55:18,484] {processor.py:171} INFO - Processing /home/airflow/.local/lib/python3.7/site-packages/airflow/example_dags/example_trigger_target_dag.py took 0.168 seconds
[2022-03-24 02:55:48,571] {processor.py:163} INFO - Started process (PID=772) to work on /home/airflow/.local/lib/python3.7/site-packages/airflow/example_dags/example_trigger_target_dag.py
[2022-03-24 02:55:48,575] {processor.py:642} INFO - Processing file /home/airflow/.local/lib/python3.7/site-packages/airflow/example_dags/example_trigger_target_dag.py for tasks to queue
[2022-03-24 02:55:48,577] {logging_mixin.py:109} INFO - [2022-03-24 02:55:48,576] {dagbag.py:500} INFO - Filling up the DagBag from /home/airflow/.local/lib/python3.7/site-packages/airflow/example_dags/example_trigger_target_dag.py
[2022-03-24 02:55:48,637] {processor.py:654} INFO - DAG(s) dict_keys(['example_trigger_target_dag']) retrieved from /home/airflow/.local/lib/python3.7/site-packages/airflow/example_dags/example_trigger_target_dag.py
[2022-03-24 02:55:48,658] {logging_mixin.py:109} INFO - [2022-03-24 02:55:48,658] {dag.py:2398} INFO - Sync 1 DAGs
[2022-03-24 02:55:48,682] {logging_mixin.py:109} INFO - [2022-03-24 02:55:48,682] {dag.py:2937} INFO - Setting next_dagrun for example_trigger_target_dag to None
[2022-03-24 02:55:48,704] {processor.py:171} INFO - Processing /home/airflow/.local/lib/python3.7/site-packages/airflow/example_dags/example_trigger_target_dag.py took 0.140 seconds
[2022-03-24 02:56:19,441] {processor.py:163} INFO - Started process (PID=822) to work on /home/airflow/.local/lib/python3.7/site-packages/airflow/example_dags/example_trigger_target_dag.py
[2022-03-24 02:56:19,820] {processor.py:642} INFO - Processing file /home/airflow/.local/lib/python3.7/site-packages/airflow/example_dags/example_trigger_target_dag.py for tasks to queue
[2022-03-24 02:56:20,208] {logging_mixin.py:109} INFO - [2022-03-24 02:56:20,203] {dagbag.py:500} INFO - Filling up the DagBag from /home/airflow/.local/lib/python3.7/site-packages/airflow/example_dags/example_trigger_target_dag.py
[2022-03-24 02:56:20,633] {processor.py:654} INFO - DAG(s) dict_keys(['example_trigger_target_dag']) retrieved from /home/airflow/.local/lib/python3.7/site-packages/airflow/example_dags/example_trigger_target_dag.py
[2022-03-24 02:56:20,848] {logging_mixin.py:109} INFO - [2022-03-24 02:56:20,848] {dag.py:2398} INFO - Sync 1 DAGs
[2022-03-24 02:56:20,890] {logging_mixin.py:109} INFO - [2022-03-24 02:56:20,889] {dag.py:2937} INFO - Setting next_dagrun for example_trigger_target_dag to None
[2022-03-24 02:56:20,924] {processor.py:171} INFO - Processing /home/airflow/.local/lib/python3.7/site-packages/airflow/example_dags/example_trigger_target_dag.py took 1.492 seconds
[2022-03-24 02:56:51,024] {processor.py:163} INFO - Started process (PID=872) to work on /home/airflow/.local/lib/python3.7/site-packages/airflow/example_dags/example_trigger_target_dag.py
[2022-03-24 02:56:51,220] {processor.py:642} INFO - Processing file /home/airflow/.local/lib/python3.7/site-packages/airflow/example_dags/example_trigger_target_dag.py for tasks to queue
[2022-03-24 02:56:51,225] {logging_mixin.py:109} INFO - [2022-03-24 02:56:51,224] {dagbag.py:500} INFO - Filling up the DagBag from /home/airflow/.local/lib/python3.7/site-packages/airflow/example_dags/example_trigger_target_dag.py
[2022-03-24 02:56:51,297] {processor.py:654} INFO - DAG(s) dict_keys(['example_trigger_target_dag']) retrieved from /home/airflow/.local/lib/python3.7/site-packages/airflow/example_dags/example_trigger_target_dag.py
[2022-03-24 02:56:51,309] {logging_mixin.py:109} INFO - [2022-03-24 02:56:51,309] {dag.py:2398} INFO - Sync 1 DAGs
[2022-03-24 02:56:51,327] {logging_mixin.py:109} INFO - [2022-03-24 02:56:51,327] {dag.py:2937} INFO - Setting next_dagrun for example_trigger_target_dag to None
[2022-03-24 02:56:51,345] {processor.py:171} INFO - Processing /home/airflow/.local/lib/python3.7/site-packages/airflow/example_dags/example_trigger_target_dag.py took 0.335 seconds
[2022-03-24 02:57:21,760] {processor.py:163} INFO - Started process (PID=923) to work on /home/airflow/.local/lib/python3.7/site-packages/airflow/example_dags/example_trigger_target_dag.py
[2022-03-24 02:57:21,763] {processor.py:642} INFO - Processing file /home/airflow/.local/lib/python3.7/site-packages/airflow/example_dags/example_trigger_target_dag.py for tasks to queue
[2022-03-24 02:57:21,766] {logging_mixin.py:109} INFO - [2022-03-24 02:57:21,766] {dagbag.py:500} INFO - Filling up the DagBag from /home/airflow/.local/lib/python3.7/site-packages/airflow/example_dags/example_trigger_target_dag.py
[2022-03-24 02:57:21,819] {processor.py:654} INFO - DAG(s) dict_keys(['example_trigger_target_dag']) retrieved from /home/airflow/.local/lib/python3.7/site-packages/airflow/example_dags/example_trigger_target_dag.py
[2022-03-24 02:57:21,855] {logging_mixin.py:109} INFO - [2022-03-24 02:57:21,855] {dag.py:2398} INFO - Sync 1 DAGs
[2022-03-24 02:57:21,886] {logging_mixin.py:109} INFO - [2022-03-24 02:57:21,886] {dag.py:2937} INFO - Setting next_dagrun for example_trigger_target_dag to None
[2022-03-24 02:57:21,902] {processor.py:171} INFO - Processing /home/airflow/.local/lib/python3.7/site-packages/airflow/example_dags/example_trigger_target_dag.py took 0.147 seconds
[2022-03-24 02:57:52,378] {processor.py:163} INFO - Started process (PID=976) to work on /home/airflow/.local/lib/python3.7/site-packages/airflow/example_dags/example_trigger_target_dag.py
[2022-03-24 02:57:52,384] {processor.py:642} INFO - Processing file /home/airflow/.local/lib/python3.7/site-packages/airflow/example_dags/example_trigger_target_dag.py for tasks to queue
[2022-03-24 02:57:52,387] {logging_mixin.py:109} INFO - [2022-03-24 02:57:52,387] {dagbag.py:500} INFO - Filling up the DagBag from /home/airflow/.local/lib/python3.7/site-packages/airflow/example_dags/example_trigger_target_dag.py
[2022-03-24 02:57:52,473] {processor.py:654} INFO - DAG(s) dict_keys(['example_trigger_target_dag']) retrieved from /home/airflow/.local/lib/python3.7/site-packages/airflow/example_dags/example_trigger_target_dag.py
[2022-03-24 02:57:52,509] {logging_mixin.py:109} INFO - [2022-03-24 02:57:52,509] {dag.py:2398} INFO - Sync 1 DAGs
[2022-03-24 02:57:52,532] {logging_mixin.py:109} INFO - [2022-03-24 02:57:52,532] {dag.py:2937} INFO - Setting next_dagrun for example_trigger_target_dag to None
[2022-03-24 02:57:52,554] {processor.py:171} INFO - Processing /home/airflow/.local/lib/python3.7/site-packages/airflow/example_dags/example_trigger_target_dag.py took 0.184 seconds
[2022-03-24 02:58:23,323] {processor.py:163} INFO - Started process (PID=1035) to work on /home/airflow/.local/lib/python3.7/site-packages/airflow/example_dags/example_trigger_target_dag.py
[2022-03-24 02:58:23,329] {processor.py:642} INFO - Processing file /home/airflow/.local/lib/python3.7/site-packages/airflow/example_dags/example_trigger_target_dag.py for tasks to queue
[2022-03-24 02:58:23,331] {logging_mixin.py:109} INFO - [2022-03-24 02:58:23,331] {dagbag.py:500} INFO - Filling up the DagBag from /home/airflow/.local/lib/python3.7/site-packages/airflow/example_dags/example_trigger_target_dag.py
[2022-03-24 02:58:23,545] {processor.py:654} INFO - DAG(s) dict_keys(['example_trigger_target_dag']) retrieved from /home/airflow/.local/lib/python3.7/site-packages/airflow/example_dags/example_trigger_target_dag.py
[2022-03-24 02:58:23,585] {logging_mixin.py:109} INFO - [2022-03-24 02:58:23,584] {dag.py:2398} INFO - Sync 1 DAGs
[2022-03-24 02:58:23,633] {logging_mixin.py:109} INFO - [2022-03-24 02:58:23,632] {dag.py:2937} INFO - Setting next_dagrun for example_trigger_target_dag to None
[2022-03-24 02:58:23,658] {processor.py:171} INFO - Processing /home/airflow/.local/lib/python3.7/site-packages/airflow/example_dags/example_trigger_target_dag.py took 0.344 seconds
[2022-03-24 02:58:54,554] {processor.py:163} INFO - Started process (PID=1089) to work on /home/airflow/.local/lib/python3.7/site-packages/airflow/example_dags/example_trigger_target_dag.py
[2022-03-24 02:58:54,556] {processor.py:642} INFO - Processing file /home/airflow/.local/lib/python3.7/site-packages/airflow/example_dags/example_trigger_target_dag.py for tasks to queue
[2022-03-24 02:58:54,558] {logging_mixin.py:109} INFO - [2022-03-24 02:58:54,558] {dagbag.py:500} INFO - Filling up the DagBag from /home/airflow/.local/lib/python3.7/site-packages/airflow/example_dags/example_trigger_target_dag.py
[2022-03-24 02:58:54,675] {processor.py:654} INFO - DAG(s) dict_keys(['example_trigger_target_dag']) retrieved from /home/airflow/.local/lib/python3.7/site-packages/airflow/example_dags/example_trigger_target_dag.py
[2022-03-24 02:58:54,706] {logging_mixin.py:109} INFO - [2022-03-24 02:58:54,706] {dag.py:2398} INFO - Sync 1 DAGs
[2022-03-24 02:58:54,745] {logging_mixin.py:109} INFO - [2022-03-24 02:58:54,744] {dag.py:2937} INFO - Setting next_dagrun for example_trigger_target_dag to None
[2022-03-24 02:58:54,769] {processor.py:171} INFO - Processing /home/airflow/.local/lib/python3.7/site-packages/airflow/example_dags/example_trigger_target_dag.py took 0.229 seconds
[2022-03-24 02:59:26,878] {processor.py:163} INFO - Started process (PID=1141) to work on /home/airflow/.local/lib/python3.7/site-packages/airflow/example_dags/example_trigger_target_dag.py
[2022-03-24 02:59:27,668] {processor.py:642} INFO - Processing file /home/airflow/.local/lib/python3.7/site-packages/airflow/example_dags/example_trigger_target_dag.py for tasks to queue
[2022-03-24 02:59:28,135] {logging_mixin.py:109} INFO - [2022-03-24 02:59:28,135] {dagbag.py:500} INFO - Filling up the DagBag from /home/airflow/.local/lib/python3.7/site-packages/airflow/example_dags/example_trigger_target_dag.py
[2022-03-24 02:59:28,428] {processor.py:654} INFO - DAG(s) dict_keys(['example_trigger_target_dag']) retrieved from /home/airflow/.local/lib/python3.7/site-packages/airflow/example_dags/example_trigger_target_dag.py
[2022-03-24 02:59:28,562] {logging_mixin.py:109} INFO - [2022-03-24 02:59:28,562] {dag.py:2398} INFO - Sync 1 DAGs
[2022-03-24 02:59:28,746] {logging_mixin.py:109} INFO - [2022-03-24 02:59:28,746] {dag.py:2937} INFO - Setting next_dagrun for example_trigger_target_dag to None
[2022-03-24 02:59:29,130] {processor.py:171} INFO - Processing /home/airflow/.local/lib/python3.7/site-packages/airflow/example_dags/example_trigger_target_dag.py took 2.257 seconds
[2022-03-24 03:00:00,393] {processor.py:163} INFO - Started process (PID=1193) to work on /home/airflow/.local/lib/python3.7/site-packages/airflow/example_dags/example_trigger_target_dag.py
[2022-03-24 03:00:00,579] {processor.py:642} INFO - Processing file /home/airflow/.local/lib/python3.7/site-packages/airflow/example_dags/example_trigger_target_dag.py for tasks to queue
[2022-03-24 03:00:00,583] {logging_mixin.py:109} INFO - [2022-03-24 03:00:00,582] {dagbag.py:500} INFO - Filling up the DagBag from /home/airflow/.local/lib/python3.7/site-packages/airflow/example_dags/example_trigger_target_dag.py
[2022-03-24 03:00:00,637] {processor.py:654} INFO - DAG(s) dict_keys(['example_trigger_target_dag']) retrieved from /home/airflow/.local/lib/python3.7/site-packages/airflow/example_dags/example_trigger_target_dag.py
[2022-03-24 03:00:00,835] {logging_mixin.py:109} INFO - [2022-03-24 03:00:00,835] {dag.py:2398} INFO - Sync 1 DAGs
[2022-03-24 03:00:00,871] {logging_mixin.py:109} INFO - [2022-03-24 03:00:00,871] {dag.py:2937} INFO - Setting next_dagrun for example_trigger_target_dag to None
[2022-03-24 03:00:00,891] {processor.py:171} INFO - Processing /home/airflow/.local/lib/python3.7/site-packages/airflow/example_dags/example_trigger_target_dag.py took 0.515 seconds
[2022-03-24 03:00:31,806] {processor.py:163} INFO - Started process (PID=1244) to work on /home/airflow/.local/lib/python3.7/site-packages/airflow/example_dags/example_trigger_target_dag.py
[2022-03-24 03:00:31,811] {processor.py:642} INFO - Processing file /home/airflow/.local/lib/python3.7/site-packages/airflow/example_dags/example_trigger_target_dag.py for tasks to queue
[2022-03-24 03:00:31,814] {logging_mixin.py:109} INFO - [2022-03-24 03:00:31,813] {dagbag.py:500} INFO - Filling up the DagBag from /home/airflow/.local/lib/python3.7/site-packages/airflow/example_dags/example_trigger_target_dag.py
[2022-03-24 03:00:31,942] {processor.py:654} INFO - DAG(s) dict_keys(['example_trigger_target_dag']) retrieved from /home/airflow/.local/lib/python3.7/site-packages/airflow/example_dags/example_trigger_target_dag.py
[2022-03-24 03:00:32,014] {logging_mixin.py:109} INFO - [2022-03-24 03:00:32,013] {dag.py:2398} INFO - Sync 1 DAGs
[2022-03-24 03:00:32,079] {logging_mixin.py:109} INFO - [2022-03-24 03:00:32,079] {dag.py:2937} INFO - Setting next_dagrun for example_trigger_target_dag to None
[2022-03-24 03:00:32,108] {processor.py:171} INFO - Processing /home/airflow/.local/lib/python3.7/site-packages/airflow/example_dags/example_trigger_target_dag.py took 0.310 seconds
[2022-03-24 03:01:02,404] {processor.py:163} INFO - Started process (PID=1294) to work on /home/airflow/.local/lib/python3.7/site-packages/airflow/example_dags/example_trigger_target_dag.py
[2022-03-24 03:01:02,406] {processor.py:642} INFO - Processing file /home/airflow/.local/lib/python3.7/site-packages/airflow/example_dags/example_trigger_target_dag.py for tasks to queue
[2022-03-24 03:01:02,408] {logging_mixin.py:109} INFO - [2022-03-24 03:01:02,407] {dagbag.py:500} INFO - Filling up the DagBag from /home/airflow/.local/lib/python3.7/site-packages/airflow/example_dags/example_trigger_target_dag.py
[2022-03-24 03:01:02,461] {processor.py:654} INFO - DAG(s) dict_keys(['example_trigger_target_dag']) retrieved from /home/airflow/.local/lib/python3.7/site-packages/airflow/example_dags/example_trigger_target_dag.py
[2022-03-24 03:01:02,488] {logging_mixin.py:109} INFO - [2022-03-24 03:01:02,488] {dag.py:2398} INFO - Sync 1 DAGs
[2022-03-24 03:01:02,520] {logging_mixin.py:109} INFO - [2022-03-24 03:01:02,520] {dag.py:2937} INFO - Setting next_dagrun for example_trigger_target_dag to None
[2022-03-24 03:01:02,551] {processor.py:171} INFO - Processing /home/airflow/.local/lib/python3.7/site-packages/airflow/example_dags/example_trigger_target_dag.py took 0.153 seconds
[2022-03-24 03:01:32,773] {processor.py:163} INFO - Started process (PID=1344) to work on /home/airflow/.local/lib/python3.7/site-packages/airflow/example_dags/example_trigger_target_dag.py
[2022-03-24 03:01:32,890] {processor.py:642} INFO - Processing file /home/airflow/.local/lib/python3.7/site-packages/airflow/example_dags/example_trigger_target_dag.py for tasks to queue
[2022-03-24 03:01:33,377] {logging_mixin.py:109} INFO - [2022-03-24 03:01:33,377] {dagbag.py:500} INFO - Filling up the DagBag from /home/airflow/.local/lib/python3.7/site-packages/airflow/example_dags/example_trigger_target_dag.py
[2022-03-24 03:01:33,825] {processor.py:654} INFO - DAG(s) dict_keys(['example_trigger_target_dag']) retrieved from /home/airflow/.local/lib/python3.7/site-packages/airflow/example_dags/example_trigger_target_dag.py
[2022-03-24 03:01:34,101] {logging_mixin.py:109} INFO - [2022-03-24 03:01:34,100] {dag.py:2398} INFO - Sync 1 DAGs
[2022-03-24 03:01:34,501] {logging_mixin.py:109} INFO - [2022-03-24 03:01:34,501] {dag.py:2937} INFO - Setting next_dagrun for example_trigger_target_dag to None
[2022-03-24 03:01:37,728] {processor.py:171} INFO - Processing /home/airflow/.local/lib/python3.7/site-packages/airflow/example_dags/example_trigger_target_dag.py took 4.963 seconds
[2022-03-24 03:02:08,702] {processor.py:163} INFO - Started process (PID=1395) to work on /home/airflow/.local/lib/python3.7/site-packages/airflow/example_dags/example_trigger_target_dag.py
[2022-03-24 03:02:08,714] {processor.py:642} INFO - Processing file /home/airflow/.local/lib/python3.7/site-packages/airflow/example_dags/example_trigger_target_dag.py for tasks to queue
[2022-03-24 03:02:08,717] {logging_mixin.py:109} INFO - [2022-03-24 03:02:08,717] {dagbag.py:500} INFO - Filling up the DagBag from /home/airflow/.local/lib/python3.7/site-packages/airflow/example_dags/example_trigger_target_dag.py
[2022-03-24 03:02:08,836] {processor.py:654} INFO - DAG(s) dict_keys(['example_trigger_target_dag']) retrieved from /home/airflow/.local/lib/python3.7/site-packages/airflow/example_dags/example_trigger_target_dag.py
[2022-03-24 03:02:08,853] {logging_mixin.py:109} INFO - [2022-03-24 03:02:08,853] {dag.py:2398} INFO - Sync 1 DAGs
[2022-03-24 03:02:08,877] {logging_mixin.py:109} INFO - [2022-03-24 03:02:08,877] {dag.py:2937} INFO - Setting next_dagrun for example_trigger_target_dag to None
[2022-03-24 03:02:08,895] {processor.py:171} INFO - Processing /home/airflow/.local/lib/python3.7/site-packages/airflow/example_dags/example_trigger_target_dag.py took 0.205 seconds
[2022-03-24 03:02:39,701] {processor.py:163} INFO - Started process (PID=1447) to work on /home/airflow/.local/lib/python3.7/site-packages/airflow/example_dags/example_trigger_target_dag.py
[2022-03-24 03:02:39,705] {processor.py:642} INFO - Processing file /home/airflow/.local/lib/python3.7/site-packages/airflow/example_dags/example_trigger_target_dag.py for tasks to queue
[2022-03-24 03:02:39,709] {logging_mixin.py:109} INFO - [2022-03-24 03:02:39,708] {dagbag.py:500} INFO - Filling up the DagBag from /home/airflow/.local/lib/python3.7/site-packages/airflow/example_dags/example_trigger_target_dag.py
[2022-03-24 03:02:39,786] {processor.py:654} INFO - DAG(s) dict_keys(['example_trigger_target_dag']) retrieved from /home/airflow/.local/lib/python3.7/site-packages/airflow/example_dags/example_trigger_target_dag.py
[2022-03-24 03:02:39,803] {logging_mixin.py:109} INFO - [2022-03-24 03:02:39,803] {dag.py:2398} INFO - Sync 1 DAGs
[2022-03-24 03:02:39,826] {logging_mixin.py:109} INFO - [2022-03-24 03:02:39,826] {dag.py:2937} INFO - Setting next_dagrun for example_trigger_target_dag to None
[2022-03-24 03:02:39,843] {processor.py:171} INFO - Processing /home/airflow/.local/lib/python3.7/site-packages/airflow/example_dags/example_trigger_target_dag.py took 0.153 seconds
[2022-03-24 03:03:09,928] {processor.py:163} INFO - Started process (PID=1507) to work on /home/airflow/.local/lib/python3.7/site-packages/airflow/example_dags/example_trigger_target_dag.py
[2022-03-24 03:03:09,935] {processor.py:642} INFO - Processing file /home/airflow/.local/lib/python3.7/site-packages/airflow/example_dags/example_trigger_target_dag.py for tasks to queue
[2022-03-24 03:03:09,936] {logging_mixin.py:109} INFO - [2022-03-24 03:03:09,936] {dagbag.py:500} INFO - Filling up the DagBag from /home/airflow/.local/lib/python3.7/site-packages/airflow/example_dags/example_trigger_target_dag.py
[2022-03-24 03:03:09,976] {processor.py:654} INFO - DAG(s) dict_keys(['example_trigger_target_dag']) retrieved from /home/airflow/.local/lib/python3.7/site-packages/airflow/example_dags/example_trigger_target_dag.py
[2022-03-24 03:03:09,988] {logging_mixin.py:109} INFO - [2022-03-24 03:03:09,988] {dag.py:2398} INFO - Sync 1 DAGs
[2022-03-24 03:03:10,003] {logging_mixin.py:109} INFO - [2022-03-24 03:03:10,003] {dag.py:2937} INFO - Setting next_dagrun for example_trigger_target_dag to None
[2022-03-24 03:03:10,017] {processor.py:171} INFO - Processing /home/airflow/.local/lib/python3.7/site-packages/airflow/example_dags/example_trigger_target_dag.py took 0.092 seconds
[2022-03-24 03:03:40,325] {processor.py:163} INFO - Started process (PID=1561) to work on /home/airflow/.local/lib/python3.7/site-packages/airflow/example_dags/example_trigger_target_dag.py
[2022-03-24 03:03:40,334] {processor.py:642} INFO - Processing file /home/airflow/.local/lib/python3.7/site-packages/airflow/example_dags/example_trigger_target_dag.py for tasks to queue
[2022-03-24 03:03:40,343] {logging_mixin.py:109} INFO - [2022-03-24 03:03:40,342] {dagbag.py:500} INFO - Filling up the DagBag from /home/airflow/.local/lib/python3.7/site-packages/airflow/example_dags/example_trigger_target_dag.py
[2022-03-24 03:03:40,476] {processor.py:654} INFO - DAG(s) dict_keys(['example_trigger_target_dag']) retrieved from /home/airflow/.local/lib/python3.7/site-packages/airflow/example_dags/example_trigger_target_dag.py
[2022-03-24 03:03:40,520] {logging_mixin.py:109} INFO - [2022-03-24 03:03:40,520] {dag.py:2398} INFO - Sync 1 DAGs
[2022-03-24 03:03:40,551] {logging_mixin.py:109} INFO - [2022-03-24 03:03:40,551] {dag.py:2937} INFO - Setting next_dagrun for example_trigger_target_dag to None
[2022-03-24 03:03:40,590] {processor.py:171} INFO - Processing /home/airflow/.local/lib/python3.7/site-packages/airflow/example_dags/example_trigger_target_dag.py took 0.282 seconds
[2022-03-24 03:04:10,796] {processor.py:163} INFO - Started process (PID=1611) to work on /home/airflow/.local/lib/python3.7/site-packages/airflow/example_dags/example_trigger_target_dag.py
[2022-03-24 03:04:10,799] {processor.py:642} INFO - Processing file /home/airflow/.local/lib/python3.7/site-packages/airflow/example_dags/example_trigger_target_dag.py for tasks to queue
[2022-03-24 03:04:10,802] {logging_mixin.py:109} INFO - [2022-03-24 03:04:10,802] {dagbag.py:500} INFO - Filling up the DagBag from /home/airflow/.local/lib/python3.7/site-packages/airflow/example_dags/example_trigger_target_dag.py
[2022-03-24 03:04:10,846] {processor.py:654} INFO - DAG(s) dict_keys(['example_trigger_target_dag']) retrieved from /home/airflow/.local/lib/python3.7/site-packages/airflow/example_dags/example_trigger_target_dag.py
[2022-03-24 03:04:10,875] {logging_mixin.py:109} INFO - [2022-03-24 03:04:10,874] {dag.py:2398} INFO - Sync 1 DAGs
[2022-03-24 03:04:10,905] {logging_mixin.py:109} INFO - [2022-03-24 03:04:10,905] {dag.py:2937} INFO - Setting next_dagrun for example_trigger_target_dag to None
[2022-03-24 03:04:10,924] {processor.py:171} INFO - Processing /home/airflow/.local/lib/python3.7/site-packages/airflow/example_dags/example_trigger_target_dag.py took 0.131 seconds
[2022-03-24 03:04:41,136] {processor.py:163} INFO - Started process (PID=1663) to work on /home/airflow/.local/lib/python3.7/site-packages/airflow/example_dags/example_trigger_target_dag.py
[2022-03-24 03:04:41,146] {processor.py:642} INFO - Processing file /home/airflow/.local/lib/python3.7/site-packages/airflow/example_dags/example_trigger_target_dag.py for tasks to queue
[2022-03-24 03:04:41,155] {logging_mixin.py:109} INFO - [2022-03-24 03:04:41,153] {dagbag.py:500} INFO - Filling up the DagBag from /home/airflow/.local/lib/python3.7/site-packages/airflow/example_dags/example_trigger_target_dag.py
[2022-03-24 03:04:41,315] {processor.py:654} INFO - DAG(s) dict_keys(['example_trigger_target_dag']) retrieved from /home/airflow/.local/lib/python3.7/site-packages/airflow/example_dags/example_trigger_target_dag.py
[2022-03-24 03:04:41,355] {logging_mixin.py:109} INFO - [2022-03-24 03:04:41,355] {dag.py:2398} INFO - Sync 1 DAGs
[2022-03-24 03:04:41,386] {logging_mixin.py:109} INFO - [2022-03-24 03:04:41,386] {dag.py:2937} INFO - Setting next_dagrun for example_trigger_target_dag to None
[2022-03-24 03:04:41,402] {processor.py:171} INFO - Processing /home/airflow/.local/lib/python3.7/site-packages/airflow/example_dags/example_trigger_target_dag.py took 0.295 seconds
[2022-03-24 03:05:11,715] {processor.py:163} INFO - Started process (PID=1726) to work on /home/airflow/.local/lib/python3.7/site-packages/airflow/example_dags/example_trigger_target_dag.py
[2022-03-24 03:05:11,965] {processor.py:642} INFO - Processing file /home/airflow/.local/lib/python3.7/site-packages/airflow/example_dags/example_trigger_target_dag.py for tasks to queue
[2022-03-24 03:05:11,974] {logging_mixin.py:109} INFO - [2022-03-24 03:05:11,974] {dagbag.py:500} INFO - Filling up the DagBag from /home/airflow/.local/lib/python3.7/site-packages/airflow/example_dags/example_trigger_target_dag.py
[2022-03-24 03:05:12,562] {processor.py:654} INFO - DAG(s) dict_keys(['example_trigger_target_dag']) retrieved from /home/airflow/.local/lib/python3.7/site-packages/airflow/example_dags/example_trigger_target_dag.py
[2022-03-24 03:05:12,827] {logging_mixin.py:109} INFO - [2022-03-24 03:05:12,827] {dag.py:2398} INFO - Sync 1 DAGs
[2022-03-24 03:05:12,893] {logging_mixin.py:109} INFO - [2022-03-24 03:05:12,893] {dag.py:2937} INFO - Setting next_dagrun for example_trigger_target_dag to None
[2022-03-24 03:05:13,435] {processor.py:171} INFO - Processing /home/airflow/.local/lib/python3.7/site-packages/airflow/example_dags/example_trigger_target_dag.py took 1.729 seconds
[2022-03-24 03:05:44,120] {processor.py:163} INFO - Started process (PID=1778) to work on /home/airflow/.local/lib/python3.7/site-packages/airflow/example_dags/example_trigger_target_dag.py
[2022-03-24 03:05:44,122] {processor.py:642} INFO - Processing file /home/airflow/.local/lib/python3.7/site-packages/airflow/example_dags/example_trigger_target_dag.py for tasks to queue
[2022-03-24 03:05:44,123] {logging_mixin.py:109} INFO - [2022-03-24 03:05:44,123] {dagbag.py:500} INFO - Filling up the DagBag from /home/airflow/.local/lib/python3.7/site-packages/airflow/example_dags/example_trigger_target_dag.py
[2022-03-24 03:05:44,167] {processor.py:654} INFO - DAG(s) dict_keys(['example_trigger_target_dag']) retrieved from /home/airflow/.local/lib/python3.7/site-packages/airflow/example_dags/example_trigger_target_dag.py
[2022-03-24 03:05:44,178] {logging_mixin.py:109} INFO - [2022-03-24 03:05:44,178] {dag.py:2398} INFO - Sync 1 DAGs
[2022-03-24 03:05:44,195] {logging_mixin.py:109} INFO - [2022-03-24 03:05:44,195] {dag.py:2937} INFO - Setting next_dagrun for example_trigger_target_dag to None
[2022-03-24 03:05:44,208] {processor.py:171} INFO - Processing /home/airflow/.local/lib/python3.7/site-packages/airflow/example_dags/example_trigger_target_dag.py took 0.101 seconds
[2022-03-24 03:06:14,344] {processor.py:163} INFO - Started process (PID=1828) to work on /home/airflow/.local/lib/python3.7/site-packages/airflow/example_dags/example_trigger_target_dag.py
[2022-03-24 03:06:14,353] {processor.py:642} INFO - Processing file /home/airflow/.local/lib/python3.7/site-packages/airflow/example_dags/example_trigger_target_dag.py for tasks to queue
[2022-03-24 03:06:14,358] {logging_mixin.py:109} INFO - [2022-03-24 03:06:14,358] {dagbag.py:500} INFO - Filling up the DagBag from /home/airflow/.local/lib/python3.7/site-packages/airflow/example_dags/example_trigger_target_dag.py
[2022-03-24 03:06:14,431] {processor.py:654} INFO - DAG(s) dict_keys(['example_trigger_target_dag']) retrieved from /home/airflow/.local/lib/python3.7/site-packages/airflow/example_dags/example_trigger_target_dag.py
[2022-03-24 03:06:14,456] {logging_mixin.py:109} INFO - [2022-03-24 03:06:14,455] {dag.py:2398} INFO - Sync 1 DAGs
[2022-03-24 03:06:14,490] {logging_mixin.py:109} INFO - [2022-03-24 03:06:14,490] {dag.py:2937} INFO - Setting next_dagrun for example_trigger_target_dag to None
[2022-03-24 03:06:14,507] {processor.py:171} INFO - Processing /home/airflow/.local/lib/python3.7/site-packages/airflow/example_dags/example_trigger_target_dag.py took 0.175 seconds
[2022-03-24 03:06:45,504] {processor.py:163} INFO - Started process (PID=1877) to work on /home/airflow/.local/lib/python3.7/site-packages/airflow/example_dags/example_trigger_target_dag.py
[2022-03-24 03:06:45,507] {processor.py:642} INFO - Processing file /home/airflow/.local/lib/python3.7/site-packages/airflow/example_dags/example_trigger_target_dag.py for tasks to queue
[2022-03-24 03:06:45,512] {logging_mixin.py:109} INFO - [2022-03-24 03:06:45,512] {dagbag.py:500} INFO - Filling up the DagBag from /home/airflow/.local/lib/python3.7/site-packages/airflow/example_dags/example_trigger_target_dag.py
[2022-03-24 03:06:45,614] {processor.py:654} INFO - DAG(s) dict_keys(['example_trigger_target_dag']) retrieved from /home/airflow/.local/lib/python3.7/site-packages/airflow/example_dags/example_trigger_target_dag.py
[2022-03-24 03:06:45,685] {logging_mixin.py:109} INFO - [2022-03-24 03:06:45,684] {dag.py:2398} INFO - Sync 1 DAGs
[2022-03-24 03:06:45,727] {logging_mixin.py:109} INFO - [2022-03-24 03:06:45,727] {dag.py:2937} INFO - Setting next_dagrun for example_trigger_target_dag to None
[2022-03-24 03:06:45,755] {processor.py:171} INFO - Processing /home/airflow/.local/lib/python3.7/site-packages/airflow/example_dags/example_trigger_target_dag.py took 0.254 seconds
[2022-03-24 03:07:16,366] {processor.py:163} INFO - Started process (PID=1928) to work on /home/airflow/.local/lib/python3.7/site-packages/airflow/example_dags/example_trigger_target_dag.py
[2022-03-24 03:07:16,368] {processor.py:642} INFO - Processing file /home/airflow/.local/lib/python3.7/site-packages/airflow/example_dags/example_trigger_target_dag.py for tasks to queue
[2022-03-24 03:07:16,369] {logging_mixin.py:109} INFO - [2022-03-24 03:07:16,369] {dagbag.py:500} INFO - Filling up the DagBag from /home/airflow/.local/lib/python3.7/site-packages/airflow/example_dags/example_trigger_target_dag.py
[2022-03-24 03:07:16,416] {processor.py:654} INFO - DAG(s) dict_keys(['example_trigger_target_dag']) retrieved from /home/airflow/.local/lib/python3.7/site-packages/airflow/example_dags/example_trigger_target_dag.py
[2022-03-24 03:07:16,440] {logging_mixin.py:109} INFO - [2022-03-24 03:07:16,439] {dag.py:2398} INFO - Sync 1 DAGs
[2022-03-24 03:07:16,460] {logging_mixin.py:109} INFO - [2022-03-24 03:07:16,460] {dag.py:2937} INFO - Setting next_dagrun for example_trigger_target_dag to None
[2022-03-24 03:07:16,474] {processor.py:171} INFO - Processing /home/airflow/.local/lib/python3.7/site-packages/airflow/example_dags/example_trigger_target_dag.py took 0.112 seconds
[2022-03-24 03:07:47,178] {processor.py:163} INFO - Started process (PID=1980) to work on /home/airflow/.local/lib/python3.7/site-packages/airflow/example_dags/example_trigger_target_dag.py
[2022-03-24 03:07:47,180] {processor.py:642} INFO - Processing file /home/airflow/.local/lib/python3.7/site-packages/airflow/example_dags/example_trigger_target_dag.py for tasks to queue
[2022-03-24 03:07:47,181] {logging_mixin.py:109} INFO - [2022-03-24 03:07:47,181] {dagbag.py:500} INFO - Filling up the DagBag from /home/airflow/.local/lib/python3.7/site-packages/airflow/example_dags/example_trigger_target_dag.py
[2022-03-24 03:07:47,229] {processor.py:654} INFO - DAG(s) dict_keys(['example_trigger_target_dag']) retrieved from /home/airflow/.local/lib/python3.7/site-packages/airflow/example_dags/example_trigger_target_dag.py
[2022-03-24 03:07:47,242] {logging_mixin.py:109} INFO - [2022-03-24 03:07:47,242] {dag.py:2398} INFO - Sync 1 DAGs
[2022-03-24 03:07:47,258] {logging_mixin.py:109} INFO - [2022-03-24 03:07:47,258] {dag.py:2937} INFO - Setting next_dagrun for example_trigger_target_dag to None
[2022-03-24 03:07:47,270] {processor.py:171} INFO - Processing /home/airflow/.local/lib/python3.7/site-packages/airflow/example_dags/example_trigger_target_dag.py took 0.097 seconds
[2022-03-24 03:08:17,674] {processor.py:163} INFO - Started process (PID=2031) to work on /home/airflow/.local/lib/python3.7/site-packages/airflow/example_dags/example_trigger_target_dag.py
[2022-03-24 03:08:17,685] {processor.py:642} INFO - Processing file /home/airflow/.local/lib/python3.7/site-packages/airflow/example_dags/example_trigger_target_dag.py for tasks to queue
[2022-03-24 03:08:17,687] {logging_mixin.py:109} INFO - [2022-03-24 03:08:17,687] {dagbag.py:500} INFO - Filling up the DagBag from /home/airflow/.local/lib/python3.7/site-packages/airflow/example_dags/example_trigger_target_dag.py
[2022-03-24 03:08:17,837] {processor.py:654} INFO - DAG(s) dict_keys(['example_trigger_target_dag']) retrieved from /home/airflow/.local/lib/python3.7/site-packages/airflow/example_dags/example_trigger_target_dag.py
[2022-03-24 03:08:17,865] {logging_mixin.py:109} INFO - [2022-03-24 03:08:17,865] {dag.py:2398} INFO - Sync 1 DAGs
[2022-03-24 03:08:17,916] {logging_mixin.py:109} INFO - [2022-03-24 03:08:17,915] {dag.py:2937} INFO - Setting next_dagrun for example_trigger_target_dag to None
[2022-03-24 03:08:17,935] {processor.py:171} INFO - Processing /home/airflow/.local/lib/python3.7/site-packages/airflow/example_dags/example_trigger_target_dag.py took 0.268 seconds
[2022-03-24 03:08:48,097] {processor.py:163} INFO - Started process (PID=2086) to work on /home/airflow/.local/lib/python3.7/site-packages/airflow/example_dags/example_trigger_target_dag.py
[2022-03-24 03:08:48,099] {processor.py:642} INFO - Processing file /home/airflow/.local/lib/python3.7/site-packages/airflow/example_dags/example_trigger_target_dag.py for tasks to queue
[2022-03-24 03:08:48,102] {logging_mixin.py:109} INFO - [2022-03-24 03:08:48,102] {dagbag.py:500} INFO - Filling up the DagBag from /home/airflow/.local/lib/python3.7/site-packages/airflow/example_dags/example_trigger_target_dag.py
[2022-03-24 03:08:48,155] {processor.py:654} INFO - DAG(s) dict_keys(['example_trigger_target_dag']) retrieved from /home/airflow/.local/lib/python3.7/site-packages/airflow/example_dags/example_trigger_target_dag.py
[2022-03-24 03:08:48,167] {logging_mixin.py:109} INFO - [2022-03-24 03:08:48,167] {dag.py:2398} INFO - Sync 1 DAGs
[2022-03-24 03:08:48,184] {logging_mixin.py:109} INFO - [2022-03-24 03:08:48,183] {dag.py:2937} INFO - Setting next_dagrun for example_trigger_target_dag to None
[2022-03-24 03:08:48,194] {processor.py:171} INFO - Processing /home/airflow/.local/lib/python3.7/site-packages/airflow/example_dags/example_trigger_target_dag.py took 0.101 seconds
[2022-03-24 03:09:18,469] {processor.py:163} INFO - Started process (PID=2137) to work on /home/airflow/.local/lib/python3.7/site-packages/airflow/example_dags/example_trigger_target_dag.py
[2022-03-24 03:09:18,474] {processor.py:642} INFO - Processing file /home/airflow/.local/lib/python3.7/site-packages/airflow/example_dags/example_trigger_target_dag.py for tasks to queue
[2022-03-24 03:09:18,477] {logging_mixin.py:109} INFO - [2022-03-24 03:09:18,476] {dagbag.py:500} INFO - Filling up the DagBag from /home/airflow/.local/lib/python3.7/site-packages/airflow/example_dags/example_trigger_target_dag.py
[2022-03-24 03:09:18,564] {processor.py:654} INFO - DAG(s) dict_keys(['example_trigger_target_dag']) retrieved from /home/airflow/.local/lib/python3.7/site-packages/airflow/example_dags/example_trigger_target_dag.py
[2022-03-24 03:09:18,587] {logging_mixin.py:109} INFO - [2022-03-24 03:09:18,587] {dag.py:2398} INFO - Sync 1 DAGs
[2022-03-24 03:09:18,612] {logging_mixin.py:109} INFO - [2022-03-24 03:09:18,612] {dag.py:2937} INFO - Setting next_dagrun for example_trigger_target_dag to None
[2022-03-24 03:09:18,637] {processor.py:171} INFO - Processing /home/airflow/.local/lib/python3.7/site-packages/airflow/example_dags/example_trigger_target_dag.py took 0.176 seconds
[2022-03-24 03:09:48,892] {processor.py:163} INFO - Started process (PID=2186) to work on /home/airflow/.local/lib/python3.7/site-packages/airflow/example_dags/example_trigger_target_dag.py
[2022-03-24 03:09:48,896] {processor.py:642} INFO - Processing file /home/airflow/.local/lib/python3.7/site-packages/airflow/example_dags/example_trigger_target_dag.py for tasks to queue
[2022-03-24 03:09:48,899] {logging_mixin.py:109} INFO - [2022-03-24 03:09:48,899] {dagbag.py:500} INFO - Filling up the DagBag from /home/airflow/.local/lib/python3.7/site-packages/airflow/example_dags/example_trigger_target_dag.py
[2022-03-24 03:09:48,961] {processor.py:654} INFO - DAG(s) dict_keys(['example_trigger_target_dag']) retrieved from /home/airflow/.local/lib/python3.7/site-packages/airflow/example_dags/example_trigger_target_dag.py
[2022-03-24 03:09:48,978] {logging_mixin.py:109} INFO - [2022-03-24 03:09:48,978] {dag.py:2398} INFO - Sync 1 DAGs
[2022-03-24 03:09:49,002] {logging_mixin.py:109} INFO - [2022-03-24 03:09:49,001] {dag.py:2937} INFO - Setting next_dagrun for example_trigger_target_dag to None
[2022-03-24 03:09:49,018] {processor.py:171} INFO - Processing /home/airflow/.local/lib/python3.7/site-packages/airflow/example_dags/example_trigger_target_dag.py took 0.134 seconds
[2022-03-24 03:10:19,152] {processor.py:163} INFO - Started process (PID=2238) to work on /home/airflow/.local/lib/python3.7/site-packages/airflow/example_dags/example_trigger_target_dag.py
[2022-03-24 03:10:19,209] {processor.py:642} INFO - Processing file /home/airflow/.local/lib/python3.7/site-packages/airflow/example_dags/example_trigger_target_dag.py for tasks to queue
[2022-03-24 03:10:19,213] {logging_mixin.py:109} INFO - [2022-03-24 03:10:19,213] {dagbag.py:500} INFO - Filling up the DagBag from /home/airflow/.local/lib/python3.7/site-packages/airflow/example_dags/example_trigger_target_dag.py
[2022-03-24 03:10:19,276] {processor.py:654} INFO - DAG(s) dict_keys(['example_trigger_target_dag']) retrieved from /home/airflow/.local/lib/python3.7/site-packages/airflow/example_dags/example_trigger_target_dag.py
[2022-03-24 03:10:19,296] {logging_mixin.py:109} INFO - [2022-03-24 03:10:19,296] {dag.py:2398} INFO - Sync 1 DAGs
[2022-03-24 03:10:19,325] {logging_mixin.py:109} INFO - [2022-03-24 03:10:19,325] {dag.py:2937} INFO - Setting next_dagrun for example_trigger_target_dag to None
[2022-03-24 03:10:19,351] {processor.py:171} INFO - Processing /home/airflow/.local/lib/python3.7/site-packages/airflow/example_dags/example_trigger_target_dag.py took 0.203 seconds
[2022-03-24 03:10:49,441] {processor.py:163} INFO - Started process (PID=2288) to work on /home/airflow/.local/lib/python3.7/site-packages/airflow/example_dags/example_trigger_target_dag.py
[2022-03-24 03:10:49,460] {processor.py:642} INFO - Processing file /home/airflow/.local/lib/python3.7/site-packages/airflow/example_dags/example_trigger_target_dag.py for tasks to queue
[2022-03-24 03:10:49,464] {logging_mixin.py:109} INFO - [2022-03-24 03:10:49,464] {dagbag.py:500} INFO - Filling up the DagBag from /home/airflow/.local/lib/python3.7/site-packages/airflow/example_dags/example_trigger_target_dag.py
[2022-03-24 03:10:49,513] {processor.py:654} INFO - DAG(s) dict_keys(['example_trigger_target_dag']) retrieved from /home/airflow/.local/lib/python3.7/site-packages/airflow/example_dags/example_trigger_target_dag.py
[2022-03-24 03:10:49,534] {logging_mixin.py:109} INFO - [2022-03-24 03:10:49,534] {dag.py:2398} INFO - Sync 1 DAGs
[2022-03-24 03:10:49,567] {logging_mixin.py:109} INFO - [2022-03-24 03:10:49,567] {dag.py:2937} INFO - Setting next_dagrun for example_trigger_target_dag to None
[2022-03-24 03:10:49,844] {processor.py:171} INFO - Processing /home/airflow/.local/lib/python3.7/site-packages/airflow/example_dags/example_trigger_target_dag.py took 0.410 seconds
[2022-03-24 03:11:20,295] {processor.py:163} INFO - Started process (PID=2338) to work on /home/airflow/.local/lib/python3.7/site-packages/airflow/example_dags/example_trigger_target_dag.py
[2022-03-24 03:11:20,329] {processor.py:642} INFO - Processing file /home/airflow/.local/lib/python3.7/site-packages/airflow/example_dags/example_trigger_target_dag.py for tasks to queue
[2022-03-24 03:11:20,645] {logging_mixin.py:109} INFO - [2022-03-24 03:11:20,645] {dagbag.py:500} INFO - Filling up the DagBag from /home/airflow/.local/lib/python3.7/site-packages/airflow/example_dags/example_trigger_target_dag.py
[2022-03-24 03:11:20,695] {processor.py:654} INFO - DAG(s) dict_keys(['example_trigger_target_dag']) retrieved from /home/airflow/.local/lib/python3.7/site-packages/airflow/example_dags/example_trigger_target_dag.py
[2022-03-24 03:11:21,071] {logging_mixin.py:109} INFO - [2022-03-24 03:11:21,071] {dag.py:2398} INFO - Sync 1 DAGs
[2022-03-24 03:11:21,101] {logging_mixin.py:109} INFO - [2022-03-24 03:11:21,101] {dag.py:2937} INFO - Setting next_dagrun for example_trigger_target_dag to None
[2022-03-24 03:11:21,441] {processor.py:171} INFO - Processing /home/airflow/.local/lib/python3.7/site-packages/airflow/example_dags/example_trigger_target_dag.py took 1.149 seconds
[2022-03-24 03:11:51,676] {processor.py:163} INFO - Started process (PID=2387) to work on /home/airflow/.local/lib/python3.7/site-packages/airflow/example_dags/example_trigger_target_dag.py
[2022-03-24 03:11:51,680] {processor.py:642} INFO - Processing file /home/airflow/.local/lib/python3.7/site-packages/airflow/example_dags/example_trigger_target_dag.py for tasks to queue
[2022-03-24 03:11:51,683] {logging_mixin.py:109} INFO - [2022-03-24 03:11:51,682] {dagbag.py:500} INFO - Filling up the DagBag from /home/airflow/.local/lib/python3.7/site-packages/airflow/example_dags/example_trigger_target_dag.py
[2022-03-24 03:11:51,734] {processor.py:654} INFO - DAG(s) dict_keys(['example_trigger_target_dag']) retrieved from /home/airflow/.local/lib/python3.7/site-packages/airflow/example_dags/example_trigger_target_dag.py
[2022-03-24 03:11:51,748] {logging_mixin.py:109} INFO - [2022-03-24 03:11:51,748] {dag.py:2398} INFO - Sync 1 DAGs
[2022-03-24 03:11:51,766] {logging_mixin.py:109} INFO - [2022-03-24 03:11:51,766] {dag.py:2937} INFO - Setting next_dagrun for example_trigger_target_dag to None
[2022-03-24 03:11:51,782] {processor.py:171} INFO - Processing /home/airflow/.local/lib/python3.7/site-packages/airflow/example_dags/example_trigger_target_dag.py took 0.115 seconds
[2022-03-24 03:12:22,036] {processor.py:163} INFO - Started process (PID=2438) to work on /home/airflow/.local/lib/python3.7/site-packages/airflow/example_dags/example_trigger_target_dag.py
[2022-03-24 03:12:22,041] {processor.py:642} INFO - Processing file /home/airflow/.local/lib/python3.7/site-packages/airflow/example_dags/example_trigger_target_dag.py for tasks to queue
[2022-03-24 03:12:22,043] {logging_mixin.py:109} INFO - [2022-03-24 03:12:22,043] {dagbag.py:500} INFO - Filling up the DagBag from /home/airflow/.local/lib/python3.7/site-packages/airflow/example_dags/example_trigger_target_dag.py
[2022-03-24 03:12:22,106] {processor.py:654} INFO - DAG(s) dict_keys(['example_trigger_target_dag']) retrieved from /home/airflow/.local/lib/python3.7/site-packages/airflow/example_dags/example_trigger_target_dag.py
[2022-03-24 03:12:22,120] {logging_mixin.py:109} INFO - [2022-03-24 03:12:22,120] {dag.py:2398} INFO - Sync 1 DAGs
[2022-03-24 03:12:22,138] {logging_mixin.py:109} INFO - [2022-03-24 03:12:22,138] {dag.py:2937} INFO - Setting next_dagrun for example_trigger_target_dag to None
[2022-03-24 03:12:22,150] {processor.py:171} INFO - Processing /home/airflow/.local/lib/python3.7/site-packages/airflow/example_dags/example_trigger_target_dag.py took 0.119 seconds
[2022-03-24 03:12:52,449] {processor.py:163} INFO - Started process (PID=2491) to work on /home/airflow/.local/lib/python3.7/site-packages/airflow/example_dags/example_trigger_target_dag.py
[2022-03-24 03:12:52,453] {processor.py:642} INFO - Processing file /home/airflow/.local/lib/python3.7/site-packages/airflow/example_dags/example_trigger_target_dag.py for tasks to queue
[2022-03-24 03:12:52,455] {logging_mixin.py:109} INFO - [2022-03-24 03:12:52,454] {dagbag.py:500} INFO - Filling up the DagBag from /home/airflow/.local/lib/python3.7/site-packages/airflow/example_dags/example_trigger_target_dag.py
[2022-03-24 03:12:52,515] {processor.py:654} INFO - DAG(s) dict_keys(['example_trigger_target_dag']) retrieved from /home/airflow/.local/lib/python3.7/site-packages/airflow/example_dags/example_trigger_target_dag.py
[2022-03-24 03:12:52,537] {logging_mixin.py:109} INFO - [2022-03-24 03:12:52,537] {dag.py:2398} INFO - Sync 1 DAGs
[2022-03-24 03:12:52,563] {logging_mixin.py:109} INFO - [2022-03-24 03:12:52,563] {dag.py:2937} INFO - Setting next_dagrun for example_trigger_target_dag to None
[2022-03-24 03:12:52,585] {processor.py:171} INFO - Processing /home/airflow/.local/lib/python3.7/site-packages/airflow/example_dags/example_trigger_target_dag.py took 0.140 seconds
[2022-03-24 03:13:22,948] {processor.py:163} INFO - Started process (PID=2542) to work on /home/airflow/.local/lib/python3.7/site-packages/airflow/example_dags/example_trigger_target_dag.py
[2022-03-24 03:13:22,952] {processor.py:642} INFO - Processing file /home/airflow/.local/lib/python3.7/site-packages/airflow/example_dags/example_trigger_target_dag.py for tasks to queue
[2022-03-24 03:13:22,961] {logging_mixin.py:109} INFO - [2022-03-24 03:13:22,960] {dagbag.py:500} INFO - Filling up the DagBag from /home/airflow/.local/lib/python3.7/site-packages/airflow/example_dags/example_trigger_target_dag.py
[2022-03-24 03:13:23,049] {processor.py:654} INFO - DAG(s) dict_keys(['example_trigger_target_dag']) retrieved from /home/airflow/.local/lib/python3.7/site-packages/airflow/example_dags/example_trigger_target_dag.py
[2022-03-24 03:13:23,090] {logging_mixin.py:109} INFO - [2022-03-24 03:13:23,089] {dag.py:2398} INFO - Sync 1 DAGs
[2022-03-24 03:13:23,141] {logging_mixin.py:109} INFO - [2022-03-24 03:13:23,141] {dag.py:2937} INFO - Setting next_dagrun for example_trigger_target_dag to None
[2022-03-24 03:13:23,193] {processor.py:171} INFO - Processing /home/airflow/.local/lib/python3.7/site-packages/airflow/example_dags/example_trigger_target_dag.py took 0.262 seconds
[2022-03-24 03:13:54,230] {processor.py:163} INFO - Started process (PID=2607) to work on /home/airflow/.local/lib/python3.7/site-packages/airflow/example_dags/example_trigger_target_dag.py
[2022-03-24 03:13:54,235] {processor.py:642} INFO - Processing file /home/airflow/.local/lib/python3.7/site-packages/airflow/example_dags/example_trigger_target_dag.py for tasks to queue
[2022-03-24 03:13:54,238] {logging_mixin.py:109} INFO - [2022-03-24 03:13:54,237] {dagbag.py:500} INFO - Filling up the DagBag from /home/airflow/.local/lib/python3.7/site-packages/airflow/example_dags/example_trigger_target_dag.py
[2022-03-24 03:13:54,308] {processor.py:654} INFO - DAG(s) dict_keys(['example_trigger_target_dag']) retrieved from /home/airflow/.local/lib/python3.7/site-packages/airflow/example_dags/example_trigger_target_dag.py
[2022-03-24 03:13:54,327] {logging_mixin.py:109} INFO - [2022-03-24 03:13:54,327] {dag.py:2398} INFO - Sync 1 DAGs
[2022-03-24 03:13:54,353] {logging_mixin.py:109} INFO - [2022-03-24 03:13:54,352] {dag.py:2937} INFO - Setting next_dagrun for example_trigger_target_dag to None
[2022-03-24 03:13:54,373] {processor.py:171} INFO - Processing /home/airflow/.local/lib/python3.7/site-packages/airflow/example_dags/example_trigger_target_dag.py took 0.151 seconds
[2022-03-24 03:14:25,498] {processor.py:163} INFO - Started process (PID=2658) to work on /home/airflow/.local/lib/python3.7/site-packages/airflow/example_dags/example_trigger_target_dag.py
[2022-03-24 03:14:25,500] {processor.py:642} INFO - Processing file /home/airflow/.local/lib/python3.7/site-packages/airflow/example_dags/example_trigger_target_dag.py for tasks to queue
[2022-03-24 03:14:25,503] {logging_mixin.py:109} INFO - [2022-03-24 03:14:25,503] {dagbag.py:500} INFO - Filling up the DagBag from /home/airflow/.local/lib/python3.7/site-packages/airflow/example_dags/example_trigger_target_dag.py
[2022-03-24 03:14:25,654] {processor.py:654} INFO - DAG(s) dict_keys(['example_trigger_target_dag']) retrieved from /home/airflow/.local/lib/python3.7/site-packages/airflow/example_dags/example_trigger_target_dag.py
[2022-03-24 03:14:25,678] {logging_mixin.py:109} INFO - [2022-03-24 03:14:25,678] {dag.py:2398} INFO - Sync 1 DAGs
[2022-03-24 03:14:25,732] {logging_mixin.py:109} INFO - [2022-03-24 03:14:25,732] {dag.py:2937} INFO - Setting next_dagrun for example_trigger_target_dag to None
[2022-03-24 03:14:25,762] {processor.py:171} INFO - Processing /home/airflow/.local/lib/python3.7/site-packages/airflow/example_dags/example_trigger_target_dag.py took 0.268 seconds
[2022-03-24 03:14:56,241] {processor.py:163} INFO - Started process (PID=2711) to work on /home/airflow/.local/lib/python3.7/site-packages/airflow/example_dags/example_trigger_target_dag.py
[2022-03-24 03:14:56,251] {processor.py:642} INFO - Processing file /home/airflow/.local/lib/python3.7/site-packages/airflow/example_dags/example_trigger_target_dag.py for tasks to queue
[2022-03-24 03:14:56,255] {logging_mixin.py:109} INFO - [2022-03-24 03:14:56,255] {dagbag.py:500} INFO - Filling up the DagBag from /home/airflow/.local/lib/python3.7/site-packages/airflow/example_dags/example_trigger_target_dag.py
[2022-03-24 03:14:56,546] {processor.py:654} INFO - DAG(s) dict_keys(['example_trigger_target_dag']) retrieved from /home/airflow/.local/lib/python3.7/site-packages/airflow/example_dags/example_trigger_target_dag.py
[2022-03-24 03:14:56,647] {logging_mixin.py:109} INFO - [2022-03-24 03:14:56,647] {dag.py:2398} INFO - Sync 1 DAGs
[2022-03-24 03:14:56,792] {logging_mixin.py:109} INFO - [2022-03-24 03:14:56,792] {dag.py:2937} INFO - Setting next_dagrun for example_trigger_target_dag to None
[2022-03-24 03:14:56,856] {processor.py:171} INFO - Processing /home/airflow/.local/lib/python3.7/site-packages/airflow/example_dags/example_trigger_target_dag.py took 0.624 seconds
[2022-03-24 03:15:27,314] {processor.py:163} INFO - Started process (PID=2765) to work on /home/airflow/.local/lib/python3.7/site-packages/airflow/example_dags/example_trigger_target_dag.py
[2022-03-24 03:15:27,319] {processor.py:642} INFO - Processing file /home/airflow/.local/lib/python3.7/site-packages/airflow/example_dags/example_trigger_target_dag.py for tasks to queue
[2022-03-24 03:15:27,323] {logging_mixin.py:109} INFO - [2022-03-24 03:15:27,323] {dagbag.py:500} INFO - Filling up the DagBag from /home/airflow/.local/lib/python3.7/site-packages/airflow/example_dags/example_trigger_target_dag.py
[2022-03-24 03:15:27,519] {processor.py:654} INFO - DAG(s) dict_keys(['example_trigger_target_dag']) retrieved from /home/airflow/.local/lib/python3.7/site-packages/airflow/example_dags/example_trigger_target_dag.py
[2022-03-24 03:15:27,572] {logging_mixin.py:109} INFO - [2022-03-24 03:15:27,572] {dag.py:2398} INFO - Sync 1 DAGs
[2022-03-24 03:15:27,668] {logging_mixin.py:109} INFO - [2022-03-24 03:15:27,668] {dag.py:2937} INFO - Setting next_dagrun for example_trigger_target_dag to None
[2022-03-24 03:15:27,714] {processor.py:171} INFO - Processing /home/airflow/.local/lib/python3.7/site-packages/airflow/example_dags/example_trigger_target_dag.py took 0.412 seconds
[2022-03-24 03:15:58,643] {processor.py:163} INFO - Started process (PID=2813) to work on /home/airflow/.local/lib/python3.7/site-packages/airflow/example_dags/example_trigger_target_dag.py
[2022-03-24 03:15:58,650] {processor.py:642} INFO - Processing file /home/airflow/.local/lib/python3.7/site-packages/airflow/example_dags/example_trigger_target_dag.py for tasks to queue
[2022-03-24 03:15:58,652] {logging_mixin.py:109} INFO - [2022-03-24 03:15:58,652] {dagbag.py:500} INFO - Filling up the DagBag from /home/airflow/.local/lib/python3.7/site-packages/airflow/example_dags/example_trigger_target_dag.py
[2022-03-24 03:15:58,767] {processor.py:654} INFO - DAG(s) dict_keys(['example_trigger_target_dag']) retrieved from /home/airflow/.local/lib/python3.7/site-packages/airflow/example_dags/example_trigger_target_dag.py
[2022-03-24 03:15:58,791] {logging_mixin.py:109} INFO - [2022-03-24 03:15:58,791] {dag.py:2398} INFO - Sync 1 DAGs
[2022-03-24 03:15:58,820] {logging_mixin.py:109} INFO - [2022-03-24 03:15:58,820] {dag.py:2937} INFO - Setting next_dagrun for example_trigger_target_dag to None
[2022-03-24 03:15:58,838] {processor.py:171} INFO - Processing /home/airflow/.local/lib/python3.7/site-packages/airflow/example_dags/example_trigger_target_dag.py took 0.201 seconds
[2022-03-24 03:16:29,696] {processor.py:163} INFO - Started process (PID=2864) to work on /home/airflow/.local/lib/python3.7/site-packages/airflow/example_dags/example_trigger_target_dag.py
[2022-03-24 03:16:29,702] {processor.py:642} INFO - Processing file /home/airflow/.local/lib/python3.7/site-packages/airflow/example_dags/example_trigger_target_dag.py for tasks to queue
[2022-03-24 03:16:29,712] {logging_mixin.py:109} INFO - [2022-03-24 03:16:29,712] {dagbag.py:500} INFO - Filling up the DagBag from /home/airflow/.local/lib/python3.7/site-packages/airflow/example_dags/example_trigger_target_dag.py
[2022-03-24 03:16:29,993] {processor.py:654} INFO - DAG(s) dict_keys(['example_trigger_target_dag']) retrieved from /home/airflow/.local/lib/python3.7/site-packages/airflow/example_dags/example_trigger_target_dag.py
[2022-03-24 03:16:30,201] {logging_mixin.py:109} INFO - [2022-03-24 03:16:30,201] {dag.py:2398} INFO - Sync 1 DAGs
[2022-03-24 03:16:30,281] {logging_mixin.py:109} INFO - [2022-03-24 03:16:30,281] {dag.py:2937} INFO - Setting next_dagrun for example_trigger_target_dag to None
[2022-03-24 03:16:30,358] {processor.py:171} INFO - Processing /home/airflow/.local/lib/python3.7/site-packages/airflow/example_dags/example_trigger_target_dag.py took 0.675 seconds
[2022-03-24 03:17:01,138] {processor.py:163} INFO - Started process (PID=2916) to work on /home/airflow/.local/lib/python3.7/site-packages/airflow/example_dags/example_trigger_target_dag.py
[2022-03-24 03:17:01,143] {processor.py:642} INFO - Processing file /home/airflow/.local/lib/python3.7/site-packages/airflow/example_dags/example_trigger_target_dag.py for tasks to queue
[2022-03-24 03:17:01,146] {logging_mixin.py:109} INFO - [2022-03-24 03:17:01,145] {dagbag.py:500} INFO - Filling up the DagBag from /home/airflow/.local/lib/python3.7/site-packages/airflow/example_dags/example_trigger_target_dag.py
[2022-03-24 03:17:01,195] {processor.py:654} INFO - DAG(s) dict_keys(['example_trigger_target_dag']) retrieved from /home/airflow/.local/lib/python3.7/site-packages/airflow/example_dags/example_trigger_target_dag.py
[2022-03-24 03:17:01,217] {logging_mixin.py:109} INFO - [2022-03-24 03:17:01,217] {dag.py:2398} INFO - Sync 1 DAGs
[2022-03-24 03:17:01,262] {logging_mixin.py:109} INFO - [2022-03-24 03:17:01,262] {dag.py:2937} INFO - Setting next_dagrun for example_trigger_target_dag to None
[2022-03-24 03:17:01,275] {processor.py:171} INFO - Processing /home/airflow/.local/lib/python3.7/site-packages/airflow/example_dags/example_trigger_target_dag.py took 0.147 seconds
[2022-03-24 03:17:31,420] {processor.py:163} INFO - Started process (PID=2966) to work on /home/airflow/.local/lib/python3.7/site-packages/airflow/example_dags/example_trigger_target_dag.py
[2022-03-24 03:17:31,424] {processor.py:642} INFO - Processing file /home/airflow/.local/lib/python3.7/site-packages/airflow/example_dags/example_trigger_target_dag.py for tasks to queue
[2022-03-24 03:17:31,426] {logging_mixin.py:109} INFO - [2022-03-24 03:17:31,426] {dagbag.py:500} INFO - Filling up the DagBag from /home/airflow/.local/lib/python3.7/site-packages/airflow/example_dags/example_trigger_target_dag.py
[2022-03-24 03:17:31,483] {processor.py:654} INFO - DAG(s) dict_keys(['example_trigger_target_dag']) retrieved from /home/airflow/.local/lib/python3.7/site-packages/airflow/example_dags/example_trigger_target_dag.py
[2022-03-24 03:17:31,501] {logging_mixin.py:109} INFO - [2022-03-24 03:17:31,501] {dag.py:2398} INFO - Sync 1 DAGs
[2022-03-24 03:17:31,536] {logging_mixin.py:109} INFO - [2022-03-24 03:17:31,536] {dag.py:2937} INFO - Setting next_dagrun for example_trigger_target_dag to None
[2022-03-24 03:17:31,553] {processor.py:171} INFO - Processing /home/airflow/.local/lib/python3.7/site-packages/airflow/example_dags/example_trigger_target_dag.py took 0.143 seconds
[2022-03-24 03:18:01,595] {processor.py:163} INFO - Started process (PID=3019) to work on /home/airflow/.local/lib/python3.7/site-packages/airflow/example_dags/example_trigger_target_dag.py
[2022-03-24 03:18:01,598] {processor.py:642} INFO - Processing file /home/airflow/.local/lib/python3.7/site-packages/airflow/example_dags/example_trigger_target_dag.py for tasks to queue
[2022-03-24 03:18:01,599] {logging_mixin.py:109} INFO - [2022-03-24 03:18:01,599] {dagbag.py:500} INFO - Filling up the DagBag from /home/airflow/.local/lib/python3.7/site-packages/airflow/example_dags/example_trigger_target_dag.py
[2022-03-24 03:18:01,644] {processor.py:654} INFO - DAG(s) dict_keys(['example_trigger_target_dag']) retrieved from /home/airflow/.local/lib/python3.7/site-packages/airflow/example_dags/example_trigger_target_dag.py
[2022-03-24 03:18:01,656] {logging_mixin.py:109} INFO - [2022-03-24 03:18:01,656] {dag.py:2398} INFO - Sync 1 DAGs
[2022-03-24 03:18:01,682] {logging_mixin.py:109} INFO - [2022-03-24 03:18:01,682] {dag.py:2937} INFO - Setting next_dagrun for example_trigger_target_dag to None
[2022-03-24 03:18:01,711] {processor.py:171} INFO - Processing /home/airflow/.local/lib/python3.7/site-packages/airflow/example_dags/example_trigger_target_dag.py took 0.119 seconds
[2022-03-24 03:18:31,821] {processor.py:163} INFO - Started process (PID=3071) to work on /home/airflow/.local/lib/python3.7/site-packages/airflow/example_dags/example_trigger_target_dag.py
[2022-03-24 03:18:31,827] {processor.py:642} INFO - Processing file /home/airflow/.local/lib/python3.7/site-packages/airflow/example_dags/example_trigger_target_dag.py for tasks to queue
[2022-03-24 03:18:31,829] {logging_mixin.py:109} INFO - [2022-03-24 03:18:31,829] {dagbag.py:500} INFO - Filling up the DagBag from /home/airflow/.local/lib/python3.7/site-packages/airflow/example_dags/example_trigger_target_dag.py
[2022-03-24 03:18:31,942] {processor.py:654} INFO - DAG(s) dict_keys(['example_trigger_target_dag']) retrieved from /home/airflow/.local/lib/python3.7/site-packages/airflow/example_dags/example_trigger_target_dag.py
[2022-03-24 03:18:31,978] {logging_mixin.py:109} INFO - [2022-03-24 03:18:31,978] {dag.py:2398} INFO - Sync 1 DAGs
[2022-03-24 03:18:32,007] {logging_mixin.py:109} INFO - [2022-03-24 03:18:32,007] {dag.py:2937} INFO - Setting next_dagrun for example_trigger_target_dag to None
[2022-03-24 03:18:32,027] {processor.py:171} INFO - Processing /home/airflow/.local/lib/python3.7/site-packages/airflow/example_dags/example_trigger_target_dag.py took 0.211 seconds
[2022-03-24 03:19:02,711] {processor.py:163} INFO - Started process (PID=3135) to work on /home/airflow/.local/lib/python3.7/site-packages/airflow/example_dags/example_trigger_target_dag.py
[2022-03-24 03:19:02,715] {processor.py:642} INFO - Processing file /home/airflow/.local/lib/python3.7/site-packages/airflow/example_dags/example_trigger_target_dag.py for tasks to queue
[2022-03-24 03:19:02,717] {logging_mixin.py:109} INFO - [2022-03-24 03:19:02,717] {dagbag.py:500} INFO - Filling up the DagBag from /home/airflow/.local/lib/python3.7/site-packages/airflow/example_dags/example_trigger_target_dag.py
[2022-03-24 03:19:02,855] {processor.py:654} INFO - DAG(s) dict_keys(['example_trigger_target_dag']) retrieved from /home/airflow/.local/lib/python3.7/site-packages/airflow/example_dags/example_trigger_target_dag.py
[2022-03-24 03:19:02,884] {logging_mixin.py:109} INFO - [2022-03-24 03:19:02,884] {dag.py:2398} INFO - Sync 1 DAGs
[2022-03-24 03:19:02,921] {logging_mixin.py:109} INFO - [2022-03-24 03:19:02,919] {dag.py:2937} INFO - Setting next_dagrun for example_trigger_target_dag to None
[2022-03-24 03:19:02,942] {processor.py:171} INFO - Processing /home/airflow/.local/lib/python3.7/site-packages/airflow/example_dags/example_trigger_target_dag.py took 0.267 seconds
[2022-03-24 03:19:33,424] {processor.py:163} INFO - Started process (PID=3187) to work on /home/airflow/.local/lib/python3.7/site-packages/airflow/example_dags/example_trigger_target_dag.py
[2022-03-24 03:19:33,430] {processor.py:642} INFO - Processing file /home/airflow/.local/lib/python3.7/site-packages/airflow/example_dags/example_trigger_target_dag.py for tasks to queue
[2022-03-24 03:19:33,432] {logging_mixin.py:109} INFO - [2022-03-24 03:19:33,432] {dagbag.py:500} INFO - Filling up the DagBag from /home/airflow/.local/lib/python3.7/site-packages/airflow/example_dags/example_trigger_target_dag.py
[2022-03-24 03:19:33,544] {processor.py:654} INFO - DAG(s) dict_keys(['example_trigger_target_dag']) retrieved from /home/airflow/.local/lib/python3.7/site-packages/airflow/example_dags/example_trigger_target_dag.py
[2022-03-24 03:19:33,579] {logging_mixin.py:109} INFO - [2022-03-24 03:19:33,579] {dag.py:2398} INFO - Sync 1 DAGs
[2022-03-24 03:19:33,598] {logging_mixin.py:109} INFO - [2022-03-24 03:19:33,598] {dag.py:2937} INFO - Setting next_dagrun for example_trigger_target_dag to None
[2022-03-24 03:19:33,633] {processor.py:171} INFO - Processing /home/airflow/.local/lib/python3.7/site-packages/airflow/example_dags/example_trigger_target_dag.py took 0.217 seconds
[2022-03-24 03:20:03,734] {processor.py:163} INFO - Started process (PID=3243) to work on /home/airflow/.local/lib/python3.7/site-packages/airflow/example_dags/example_trigger_target_dag.py
[2022-03-24 03:20:03,740] {processor.py:642} INFO - Processing file /home/airflow/.local/lib/python3.7/site-packages/airflow/example_dags/example_trigger_target_dag.py for tasks to queue
[2022-03-24 03:20:03,743] {logging_mixin.py:109} INFO - [2022-03-24 03:20:03,742] {dagbag.py:500} INFO - Filling up the DagBag from /home/airflow/.local/lib/python3.7/site-packages/airflow/example_dags/example_trigger_target_dag.py
[2022-03-24 03:20:03,790] {processor.py:654} INFO - DAG(s) dict_keys(['example_trigger_target_dag']) retrieved from /home/airflow/.local/lib/python3.7/site-packages/airflow/example_dags/example_trigger_target_dag.py
[2022-03-24 03:20:03,895] {logging_mixin.py:109} INFO - [2022-03-24 03:20:03,895] {dag.py:2398} INFO - Sync 1 DAGs
[2022-03-24 03:20:04,106] {logging_mixin.py:109} INFO - [2022-03-24 03:20:04,106] {dag.py:2937} INFO - Setting next_dagrun for example_trigger_target_dag to None
[2022-03-24 03:20:04,496] {processor.py:171} INFO - Processing /home/airflow/.local/lib/python3.7/site-packages/airflow/example_dags/example_trigger_target_dag.py took 0.767 seconds
[2022-03-24 03:20:35,175] {processor.py:163} INFO - Started process (PID=3294) to work on /home/airflow/.local/lib/python3.7/site-packages/airflow/example_dags/example_trigger_target_dag.py
[2022-03-24 03:20:35,177] {processor.py:642} INFO - Processing file /home/airflow/.local/lib/python3.7/site-packages/airflow/example_dags/example_trigger_target_dag.py for tasks to queue
[2022-03-24 03:20:35,179] {logging_mixin.py:109} INFO - [2022-03-24 03:20:35,179] {dagbag.py:500} INFO - Filling up the DagBag from /home/airflow/.local/lib/python3.7/site-packages/airflow/example_dags/example_trigger_target_dag.py
[2022-03-24 03:20:35,223] {processor.py:654} INFO - DAG(s) dict_keys(['example_trigger_target_dag']) retrieved from /home/airflow/.local/lib/python3.7/site-packages/airflow/example_dags/example_trigger_target_dag.py
[2022-03-24 03:20:35,236] {logging_mixin.py:109} INFO - [2022-03-24 03:20:35,236] {dag.py:2398} INFO - Sync 1 DAGs
[2022-03-24 03:20:35,255] {logging_mixin.py:109} INFO - [2022-03-24 03:20:35,255] {dag.py:2937} INFO - Setting next_dagrun for example_trigger_target_dag to None
[2022-03-24 03:20:35,275] {processor.py:171} INFO - Processing /home/airflow/.local/lib/python3.7/site-packages/airflow/example_dags/example_trigger_target_dag.py took 0.121 seconds
