[2022-03-24 02:50:21,979] {processor.py:163} INFO - Started process (PID=241) to work on /home/airflow/.local/lib/python3.7/site-packages/airflow/example_dags/example_nested_branch_dag.py
[2022-03-24 02:50:21,982] {processor.py:642} INFO - Processing file /home/airflow/.local/lib/python3.7/site-packages/airflow/example_dags/example_nested_branch_dag.py for tasks to queue
[2022-03-24 02:50:21,983] {logging_mixin.py:109} INFO - [2022-03-24 02:50:21,983] {dagbag.py:500} INFO - Filling up the DagBag from /home/airflow/.local/lib/python3.7/site-packages/airflow/example_dags/example_nested_branch_dag.py
[2022-03-24 02:50:22,068] {processor.py:654} INFO - DAG(s) dict_keys(['example_nested_branch_dag']) retrieved from /home/airflow/.local/lib/python3.7/site-packages/airflow/example_dags/example_nested_branch_dag.py
[2022-03-24 02:50:25,668] {logging_mixin.py:109} INFO - [2022-03-24 02:50:25,667] {manager.py:496} INFO - Created Permission View: can edit on DAG:example_nested_branch_dag
[2022-03-24 02:50:25,697] {logging_mixin.py:109} INFO - [2022-03-24 02:50:25,697] {manager.py:496} INFO - Created Permission View: can read on DAG:example_nested_branch_dag
[2022-03-24 02:50:25,699] {logging_mixin.py:109} INFO - [2022-03-24 02:50:25,698] {dag.py:2398} INFO - Sync 1 DAGs
[2022-03-24 02:50:25,714] {logging_mixin.py:109} INFO - [2022-03-24 02:50:25,714] {dag.py:2417} INFO - Creating ORM DAG for example_nested_branch_dag
[2022-03-24 02:50:25,731] {logging_mixin.py:109} INFO - [2022-03-24 02:50:25,730] {dag.py:2937} INFO - Setting next_dagrun for example_nested_branch_dag to 2022-03-23 00:00:00+00:00
[2022-03-24 02:50:25,750] {processor.py:171} INFO - Processing /home/airflow/.local/lib/python3.7/site-packages/airflow/example_dags/example_nested_branch_dag.py took 3.776 seconds
[2022-03-24 02:50:56,407] {processor.py:163} INFO - Started process (PID=312) to work on /home/airflow/.local/lib/python3.7/site-packages/airflow/example_dags/example_nested_branch_dag.py
[2022-03-24 02:50:56,410] {processor.py:642} INFO - Processing file /home/airflow/.local/lib/python3.7/site-packages/airflow/example_dags/example_nested_branch_dag.py for tasks to queue
[2022-03-24 02:50:56,411] {logging_mixin.py:109} INFO - [2022-03-24 02:50:56,411] {dagbag.py:500} INFO - Filling up the DagBag from /home/airflow/.local/lib/python3.7/site-packages/airflow/example_dags/example_nested_branch_dag.py
[2022-03-24 02:50:56,496] {processor.py:654} INFO - DAG(s) dict_keys(['example_nested_branch_dag']) retrieved from /home/airflow/.local/lib/python3.7/site-packages/airflow/example_dags/example_nested_branch_dag.py
[2022-03-24 02:50:56,518] {logging_mixin.py:109} INFO - [2022-03-24 02:50:56,517] {dag.py:2398} INFO - Sync 1 DAGs
[2022-03-24 02:50:56,557] {logging_mixin.py:109} INFO - [2022-03-24 02:50:56,557] {dag.py:2937} INFO - Setting next_dagrun for example_nested_branch_dag to 2022-03-23 00:00:00+00:00
[2022-03-24 02:50:56,577] {processor.py:171} INFO - Processing /home/airflow/.local/lib/python3.7/site-packages/airflow/example_dags/example_nested_branch_dag.py took 0.176 seconds
[2022-03-24 02:51:27,092] {processor.py:163} INFO - Started process (PID=363) to work on /home/airflow/.local/lib/python3.7/site-packages/airflow/example_dags/example_nested_branch_dag.py
[2022-03-24 02:51:27,096] {processor.py:642} INFO - Processing file /home/airflow/.local/lib/python3.7/site-packages/airflow/example_dags/example_nested_branch_dag.py for tasks to queue
[2022-03-24 02:51:27,099] {logging_mixin.py:109} INFO - [2022-03-24 02:51:27,099] {dagbag.py:500} INFO - Filling up the DagBag from /home/airflow/.local/lib/python3.7/site-packages/airflow/example_dags/example_nested_branch_dag.py
[2022-03-24 02:51:27,158] {processor.py:654} INFO - DAG(s) dict_keys(['example_nested_branch_dag']) retrieved from /home/airflow/.local/lib/python3.7/site-packages/airflow/example_dags/example_nested_branch_dag.py
[2022-03-24 02:51:27,176] {logging_mixin.py:109} INFO - [2022-03-24 02:51:27,176] {dag.py:2398} INFO - Sync 1 DAGs
[2022-03-24 02:51:27,202] {logging_mixin.py:109} INFO - [2022-03-24 02:51:27,202] {dag.py:2937} INFO - Setting next_dagrun for example_nested_branch_dag to 2022-03-23 00:00:00+00:00
[2022-03-24 02:51:27,221] {processor.py:171} INFO - Processing /home/airflow/.local/lib/python3.7/site-packages/airflow/example_dags/example_nested_branch_dag.py took 0.139 seconds
[2022-03-24 02:51:57,382] {processor.py:163} INFO - Started process (PID=413) to work on /home/airflow/.local/lib/python3.7/site-packages/airflow/example_dags/example_nested_branch_dag.py
[2022-03-24 02:51:57,389] {processor.py:642} INFO - Processing file /home/airflow/.local/lib/python3.7/site-packages/airflow/example_dags/example_nested_branch_dag.py for tasks to queue
[2022-03-24 02:51:57,390] {logging_mixin.py:109} INFO - [2022-03-24 02:51:57,390] {dagbag.py:500} INFO - Filling up the DagBag from /home/airflow/.local/lib/python3.7/site-packages/airflow/example_dags/example_nested_branch_dag.py
[2022-03-24 02:51:57,442] {processor.py:654} INFO - DAG(s) dict_keys(['example_nested_branch_dag']) retrieved from /home/airflow/.local/lib/python3.7/site-packages/airflow/example_dags/example_nested_branch_dag.py
[2022-03-24 02:51:57,457] {logging_mixin.py:109} INFO - [2022-03-24 02:51:57,456] {dag.py:2398} INFO - Sync 1 DAGs
[2022-03-24 02:51:57,480] {logging_mixin.py:109} INFO - [2022-03-24 02:51:57,479] {dag.py:2937} INFO - Setting next_dagrun for example_nested_branch_dag to 2022-03-23 00:00:00+00:00
[2022-03-24 02:51:57,497] {processor.py:171} INFO - Processing /home/airflow/.local/lib/python3.7/site-packages/airflow/example_dags/example_nested_branch_dag.py took 0.123 seconds
[2022-03-24 02:52:28,198] {processor.py:163} INFO - Started process (PID=464) to work on /home/airflow/.local/lib/python3.7/site-packages/airflow/example_dags/example_nested_branch_dag.py
[2022-03-24 02:52:28,200] {processor.py:642} INFO - Processing file /home/airflow/.local/lib/python3.7/site-packages/airflow/example_dags/example_nested_branch_dag.py for tasks to queue
[2022-03-24 02:52:28,202] {logging_mixin.py:109} INFO - [2022-03-24 02:52:28,202] {dagbag.py:500} INFO - Filling up the DagBag from /home/airflow/.local/lib/python3.7/site-packages/airflow/example_dags/example_nested_branch_dag.py
[2022-03-24 02:52:28,281] {processor.py:654} INFO - DAG(s) dict_keys(['example_nested_branch_dag']) retrieved from /home/airflow/.local/lib/python3.7/site-packages/airflow/example_dags/example_nested_branch_dag.py
[2022-03-24 02:52:28,298] {logging_mixin.py:109} INFO - [2022-03-24 02:52:28,298] {dag.py:2398} INFO - Sync 1 DAGs
[2022-03-24 02:52:28,318] {logging_mixin.py:109} INFO - [2022-03-24 02:52:28,318] {dag.py:2937} INFO - Setting next_dagrun for example_nested_branch_dag to 2022-03-23 00:00:00+00:00
[2022-03-24 02:52:28,332] {processor.py:171} INFO - Processing /home/airflow/.local/lib/python3.7/site-packages/airflow/example_dags/example_nested_branch_dag.py took 0.138 seconds
[2022-03-24 02:52:58,778] {processor.py:163} INFO - Started process (PID=514) to work on /home/airflow/.local/lib/python3.7/site-packages/airflow/example_dags/example_nested_branch_dag.py
[2022-03-24 02:52:58,784] {processor.py:642} INFO - Processing file /home/airflow/.local/lib/python3.7/site-packages/airflow/example_dags/example_nested_branch_dag.py for tasks to queue
[2022-03-24 02:52:58,786] {logging_mixin.py:109} INFO - [2022-03-24 02:52:58,786] {dagbag.py:500} INFO - Filling up the DagBag from /home/airflow/.local/lib/python3.7/site-packages/airflow/example_dags/example_nested_branch_dag.py
[2022-03-24 02:52:58,835] {processor.py:654} INFO - DAG(s) dict_keys(['example_nested_branch_dag']) retrieved from /home/airflow/.local/lib/python3.7/site-packages/airflow/example_dags/example_nested_branch_dag.py
[2022-03-24 02:52:58,847] {logging_mixin.py:109} INFO - [2022-03-24 02:52:58,847] {dag.py:2398} INFO - Sync 1 DAGs
[2022-03-24 02:52:58,891] {logging_mixin.py:109} INFO - [2022-03-24 02:52:58,891] {dag.py:2937} INFO - Setting next_dagrun for example_nested_branch_dag to 2022-03-23 00:00:00+00:00
[2022-03-24 02:52:58,911] {processor.py:171} INFO - Processing /home/airflow/.local/lib/python3.7/site-packages/airflow/example_dags/example_nested_branch_dag.py took 0.137 seconds
[2022-03-24 02:53:29,013] {processor.py:163} INFO - Started process (PID=563) to work on /home/airflow/.local/lib/python3.7/site-packages/airflow/example_dags/example_nested_branch_dag.py
[2022-03-24 02:53:29,022] {processor.py:642} INFO - Processing file /home/airflow/.local/lib/python3.7/site-packages/airflow/example_dags/example_nested_branch_dag.py for tasks to queue
[2022-03-24 02:53:29,023] {logging_mixin.py:109} INFO - [2022-03-24 02:53:29,023] {dagbag.py:500} INFO - Filling up the DagBag from /home/airflow/.local/lib/python3.7/site-packages/airflow/example_dags/example_nested_branch_dag.py
[2022-03-24 02:53:29,065] {processor.py:654} INFO - DAG(s) dict_keys(['example_nested_branch_dag']) retrieved from /home/airflow/.local/lib/python3.7/site-packages/airflow/example_dags/example_nested_branch_dag.py
[2022-03-24 02:53:29,084] {logging_mixin.py:109} INFO - [2022-03-24 02:53:29,083] {dag.py:2398} INFO - Sync 1 DAGs
[2022-03-24 02:53:29,124] {logging_mixin.py:109} INFO - [2022-03-24 02:53:29,123] {dag.py:2937} INFO - Setting next_dagrun for example_nested_branch_dag to 2022-03-23 00:00:00+00:00
[2022-03-24 02:53:29,146] {processor.py:171} INFO - Processing /home/airflow/.local/lib/python3.7/site-packages/airflow/example_dags/example_nested_branch_dag.py took 0.137 seconds
[2022-03-24 02:54:09,244] {processor.py:163} INFO - Started process (PID=621) to work on /home/airflow/.local/lib/python3.7/site-packages/airflow/example_dags/example_nested_branch_dag.py
[2022-03-24 02:54:09,523] {processor.py:642} INFO - Processing file /home/airflow/.local/lib/python3.7/site-packages/airflow/example_dags/example_nested_branch_dag.py for tasks to queue
[2022-03-24 02:54:09,579] {logging_mixin.py:109} INFO - [2022-03-24 02:54:09,578] {dagbag.py:500} INFO - Filling up the DagBag from /home/airflow/.local/lib/python3.7/site-packages/airflow/example_dags/example_nested_branch_dag.py
[2022-03-24 02:54:09,627] {processor.py:654} INFO - DAG(s) dict_keys(['example_nested_branch_dag']) retrieved from /home/airflow/.local/lib/python3.7/site-packages/airflow/example_dags/example_nested_branch_dag.py
[2022-03-24 02:54:09,832] {logging_mixin.py:109} INFO - [2022-03-24 02:54:09,831] {dag.py:2398} INFO - Sync 1 DAGs
[2022-03-24 02:54:09,953] {logging_mixin.py:109} INFO - [2022-03-24 02:54:09,953] {dag.py:2937} INFO - Setting next_dagrun for example_nested_branch_dag to 2022-03-23 00:00:00+00:00
[2022-03-24 02:54:10,209] {processor.py:171} INFO - Processing /home/airflow/.local/lib/python3.7/site-packages/airflow/example_dags/example_nested_branch_dag.py took 0.969 seconds
[2022-03-24 02:54:48,060] {processor.py:163} INFO - Started process (PID=672) to work on /home/airflow/.local/lib/python3.7/site-packages/airflow/example_dags/example_nested_branch_dag.py
[2022-03-24 02:54:48,127] {processor.py:642} INFO - Processing file /home/airflow/.local/lib/python3.7/site-packages/airflow/example_dags/example_nested_branch_dag.py for tasks to queue
[2022-03-24 02:54:48,135] {logging_mixin.py:109} INFO - [2022-03-24 02:54:48,135] {dagbag.py:500} INFO - Filling up the DagBag from /home/airflow/.local/lib/python3.7/site-packages/airflow/example_dags/example_nested_branch_dag.py
[2022-03-24 02:54:48,357] {processor.py:654} INFO - DAG(s) dict_keys(['example_nested_branch_dag']) retrieved from /home/airflow/.local/lib/python3.7/site-packages/airflow/example_dags/example_nested_branch_dag.py
[2022-03-24 02:54:48,438] {logging_mixin.py:109} INFO - [2022-03-24 02:54:48,438] {dag.py:2398} INFO - Sync 1 DAGs
[2022-03-24 02:54:48,465] {logging_mixin.py:109} INFO - [2022-03-24 02:54:48,465] {dag.py:2937} INFO - Setting next_dagrun for example_nested_branch_dag to 2022-03-23 00:00:00+00:00
[2022-03-24 02:54:48,480] {processor.py:171} INFO - Processing /home/airflow/.local/lib/python3.7/site-packages/airflow/example_dags/example_nested_branch_dag.py took 0.424 seconds
[2022-03-24 02:55:18,580] {processor.py:163} INFO - Started process (PID=723) to work on /home/airflow/.local/lib/python3.7/site-packages/airflow/example_dags/example_nested_branch_dag.py
[2022-03-24 02:55:18,584] {processor.py:642} INFO - Processing file /home/airflow/.local/lib/python3.7/site-packages/airflow/example_dags/example_nested_branch_dag.py for tasks to queue
[2022-03-24 02:55:18,587] {logging_mixin.py:109} INFO - [2022-03-24 02:55:18,587] {dagbag.py:500} INFO - Filling up the DagBag from /home/airflow/.local/lib/python3.7/site-packages/airflow/example_dags/example_nested_branch_dag.py
[2022-03-24 02:55:18,692] {processor.py:654} INFO - DAG(s) dict_keys(['example_nested_branch_dag']) retrieved from /home/airflow/.local/lib/python3.7/site-packages/airflow/example_dags/example_nested_branch_dag.py
[2022-03-24 02:55:18,716] {logging_mixin.py:109} INFO - [2022-03-24 02:55:18,716] {dag.py:2398} INFO - Sync 1 DAGs
[2022-03-24 02:55:18,739] {logging_mixin.py:109} INFO - [2022-03-24 02:55:18,739] {dag.py:2937} INFO - Setting next_dagrun for example_nested_branch_dag to 2022-03-23 00:00:00+00:00
[2022-03-24 02:55:18,757] {processor.py:171} INFO - Processing /home/airflow/.local/lib/python3.7/site-packages/airflow/example_dags/example_nested_branch_dag.py took 0.189 seconds
[2022-03-24 02:55:50,063] {processor.py:163} INFO - Started process (PID=776) to work on /home/airflow/.local/lib/python3.7/site-packages/airflow/example_dags/example_nested_branch_dag.py
[2022-03-24 02:55:50,068] {processor.py:642} INFO - Processing file /home/airflow/.local/lib/python3.7/site-packages/airflow/example_dags/example_nested_branch_dag.py for tasks to queue
[2022-03-24 02:55:50,070] {logging_mixin.py:109} INFO - [2022-03-24 02:55:50,070] {dagbag.py:500} INFO - Filling up the DagBag from /home/airflow/.local/lib/python3.7/site-packages/airflow/example_dags/example_nested_branch_dag.py
[2022-03-24 02:55:50,137] {processor.py:654} INFO - DAG(s) dict_keys(['example_nested_branch_dag']) retrieved from /home/airflow/.local/lib/python3.7/site-packages/airflow/example_dags/example_nested_branch_dag.py
[2022-03-24 02:55:50,161] {logging_mixin.py:109} INFO - [2022-03-24 02:55:50,161] {dag.py:2398} INFO - Sync 1 DAGs
[2022-03-24 02:55:50,181] {logging_mixin.py:109} INFO - [2022-03-24 02:55:50,181] {dag.py:2937} INFO - Setting next_dagrun for example_nested_branch_dag to 2022-03-23 00:00:00+00:00
[2022-03-24 02:55:50,193] {processor.py:171} INFO - Processing /home/airflow/.local/lib/python3.7/site-packages/airflow/example_dags/example_nested_branch_dag.py took 0.134 seconds
[2022-03-24 02:56:21,392] {processor.py:163} INFO - Started process (PID=826) to work on /home/airflow/.local/lib/python3.7/site-packages/airflow/example_dags/example_nested_branch_dag.py
[2022-03-24 02:56:21,395] {processor.py:642} INFO - Processing file /home/airflow/.local/lib/python3.7/site-packages/airflow/example_dags/example_nested_branch_dag.py for tasks to queue
[2022-03-24 02:56:21,397] {logging_mixin.py:109} INFO - [2022-03-24 02:56:21,397] {dagbag.py:500} INFO - Filling up the DagBag from /home/airflow/.local/lib/python3.7/site-packages/airflow/example_dags/example_nested_branch_dag.py
[2022-03-24 02:56:21,472] {processor.py:654} INFO - DAG(s) dict_keys(['example_nested_branch_dag']) retrieved from /home/airflow/.local/lib/python3.7/site-packages/airflow/example_dags/example_nested_branch_dag.py
[2022-03-24 02:56:21,950] {logging_mixin.py:109} INFO - [2022-03-24 02:56:21,950] {dag.py:2398} INFO - Sync 1 DAGs
[2022-03-24 02:56:22,171] {logging_mixin.py:109} INFO - [2022-03-24 02:56:22,171] {dag.py:2937} INFO - Setting next_dagrun for example_nested_branch_dag to 2022-03-23 00:00:00+00:00
[2022-03-24 02:56:22,259] {processor.py:171} INFO - Processing /home/airflow/.local/lib/python3.7/site-packages/airflow/example_dags/example_nested_branch_dag.py took 0.871 seconds
[2022-03-24 02:56:52,651] {processor.py:163} INFO - Started process (PID=876) to work on /home/airflow/.local/lib/python3.7/site-packages/airflow/example_dags/example_nested_branch_dag.py
[2022-03-24 02:56:52,658] {processor.py:642} INFO - Processing file /home/airflow/.local/lib/python3.7/site-packages/airflow/example_dags/example_nested_branch_dag.py for tasks to queue
[2022-03-24 02:56:52,662] {logging_mixin.py:109} INFO - [2022-03-24 02:56:52,662] {dagbag.py:500} INFO - Filling up the DagBag from /home/airflow/.local/lib/python3.7/site-packages/airflow/example_dags/example_nested_branch_dag.py
[2022-03-24 02:56:52,734] {processor.py:654} INFO - DAG(s) dict_keys(['example_nested_branch_dag']) retrieved from /home/airflow/.local/lib/python3.7/site-packages/airflow/example_dags/example_nested_branch_dag.py
[2022-03-24 02:56:52,750] {logging_mixin.py:109} INFO - [2022-03-24 02:56:52,750] {dag.py:2398} INFO - Sync 1 DAGs
[2022-03-24 02:56:52,769] {logging_mixin.py:109} INFO - [2022-03-24 02:56:52,769] {dag.py:2937} INFO - Setting next_dagrun for example_nested_branch_dag to 2022-03-23 00:00:00+00:00
[2022-03-24 02:56:52,786] {processor.py:171} INFO - Processing /home/airflow/.local/lib/python3.7/site-packages/airflow/example_dags/example_nested_branch_dag.py took 0.144 seconds
[2022-03-24 02:57:22,976] {processor.py:163} INFO - Started process (PID=926) to work on /home/airflow/.local/lib/python3.7/site-packages/airflow/example_dags/example_nested_branch_dag.py
[2022-03-24 02:57:22,986] {processor.py:642} INFO - Processing file /home/airflow/.local/lib/python3.7/site-packages/airflow/example_dags/example_nested_branch_dag.py for tasks to queue
[2022-03-24 02:57:22,989] {logging_mixin.py:109} INFO - [2022-03-24 02:57:22,988] {dagbag.py:500} INFO - Filling up the DagBag from /home/airflow/.local/lib/python3.7/site-packages/airflow/example_dags/example_nested_branch_dag.py
[2022-03-24 02:57:23,111] {processor.py:654} INFO - DAG(s) dict_keys(['example_nested_branch_dag']) retrieved from /home/airflow/.local/lib/python3.7/site-packages/airflow/example_dags/example_nested_branch_dag.py
[2022-03-24 02:57:23,305] {logging_mixin.py:109} INFO - [2022-03-24 02:57:23,305] {dag.py:2398} INFO - Sync 1 DAGs
[2022-03-24 02:57:23,342] {logging_mixin.py:109} INFO - [2022-03-24 02:57:23,342] {dag.py:2937} INFO - Setting next_dagrun for example_nested_branch_dag to 2022-03-23 00:00:00+00:00
[2022-03-24 02:57:23,542] {processor.py:171} INFO - Processing /home/airflow/.local/lib/python3.7/site-packages/airflow/example_dags/example_nested_branch_dag.py took 0.581 seconds
[2022-03-24 02:57:53,671] {processor.py:163} INFO - Started process (PID=978) to work on /home/airflow/.local/lib/python3.7/site-packages/airflow/example_dags/example_nested_branch_dag.py
[2022-03-24 02:57:53,676] {processor.py:642} INFO - Processing file /home/airflow/.local/lib/python3.7/site-packages/airflow/example_dags/example_nested_branch_dag.py for tasks to queue
[2022-03-24 02:57:53,724] {logging_mixin.py:109} INFO - [2022-03-24 02:57:53,691] {dagbag.py:500} INFO - Filling up the DagBag from /home/airflow/.local/lib/python3.7/site-packages/airflow/example_dags/example_nested_branch_dag.py
[2022-03-24 02:57:53,966] {processor.py:654} INFO - DAG(s) dict_keys(['example_nested_branch_dag']) retrieved from /home/airflow/.local/lib/python3.7/site-packages/airflow/example_dags/example_nested_branch_dag.py
[2022-03-24 02:57:53,998] {logging_mixin.py:109} INFO - [2022-03-24 02:57:53,998] {dag.py:2398} INFO - Sync 1 DAGs
[2022-03-24 02:57:54,030] {logging_mixin.py:109} INFO - [2022-03-24 02:57:54,030] {dag.py:2937} INFO - Setting next_dagrun for example_nested_branch_dag to 2022-03-23 00:00:00+00:00
[2022-03-24 02:57:54,048] {processor.py:171} INFO - Processing /home/airflow/.local/lib/python3.7/site-packages/airflow/example_dags/example_nested_branch_dag.py took 0.422 seconds
[2022-03-24 02:58:24,715] {processor.py:163} INFO - Started process (PID=1039) to work on /home/airflow/.local/lib/python3.7/site-packages/airflow/example_dags/example_nested_branch_dag.py
[2022-03-24 02:58:24,720] {processor.py:642} INFO - Processing file /home/airflow/.local/lib/python3.7/site-packages/airflow/example_dags/example_nested_branch_dag.py for tasks to queue
[2022-03-24 02:58:24,722] {logging_mixin.py:109} INFO - [2022-03-24 02:58:24,721] {dagbag.py:500} INFO - Filling up the DagBag from /home/airflow/.local/lib/python3.7/site-packages/airflow/example_dags/example_nested_branch_dag.py
[2022-03-24 02:58:24,862] {processor.py:654} INFO - DAG(s) dict_keys(['example_nested_branch_dag']) retrieved from /home/airflow/.local/lib/python3.7/site-packages/airflow/example_dags/example_nested_branch_dag.py
[2022-03-24 02:58:24,970] {logging_mixin.py:109} INFO - [2022-03-24 02:58:24,970] {dag.py:2398} INFO - Sync 1 DAGs
[2022-03-24 02:58:25,032] {logging_mixin.py:109} INFO - [2022-03-24 02:58:25,032] {dag.py:2937} INFO - Setting next_dagrun for example_nested_branch_dag to 2022-03-23 00:00:00+00:00
[2022-03-24 02:58:25,069] {processor.py:171} INFO - Processing /home/airflow/.local/lib/python3.7/site-packages/airflow/example_dags/example_nested_branch_dag.py took 0.358 seconds
[2022-03-24 02:58:55,586] {processor.py:163} INFO - Started process (PID=1091) to work on /home/airflow/.local/lib/python3.7/site-packages/airflow/example_dags/example_nested_branch_dag.py
[2022-03-24 02:58:55,621] {processor.py:642} INFO - Processing file /home/airflow/.local/lib/python3.7/site-packages/airflow/example_dags/example_nested_branch_dag.py for tasks to queue
[2022-03-24 02:58:55,627] {logging_mixin.py:109} INFO - [2022-03-24 02:58:55,627] {dagbag.py:500} INFO - Filling up the DagBag from /home/airflow/.local/lib/python3.7/site-packages/airflow/example_dags/example_nested_branch_dag.py
[2022-03-24 02:58:55,776] {processor.py:654} INFO - DAG(s) dict_keys(['example_nested_branch_dag']) retrieved from /home/airflow/.local/lib/python3.7/site-packages/airflow/example_dags/example_nested_branch_dag.py
[2022-03-24 02:58:55,831] {logging_mixin.py:109} INFO - [2022-03-24 02:58:55,830] {dag.py:2398} INFO - Sync 1 DAGs
[2022-03-24 02:58:55,857] {logging_mixin.py:109} INFO - [2022-03-24 02:58:55,857] {dag.py:2937} INFO - Setting next_dagrun for example_nested_branch_dag to 2022-03-23 00:00:00+00:00
[2022-03-24 02:58:55,870] {processor.py:171} INFO - Processing /home/airflow/.local/lib/python3.7/site-packages/airflow/example_dags/example_nested_branch_dag.py took 0.296 seconds
[2022-03-24 02:59:29,488] {processor.py:163} INFO - Started process (PID=1143) to work on /home/airflow/.local/lib/python3.7/site-packages/airflow/example_dags/example_nested_branch_dag.py
[2022-03-24 02:59:29,739] {processor.py:642} INFO - Processing file /home/airflow/.local/lib/python3.7/site-packages/airflow/example_dags/example_nested_branch_dag.py for tasks to queue
[2022-03-24 02:59:30,008] {logging_mixin.py:109} INFO - [2022-03-24 02:59:30,008] {dagbag.py:500} INFO - Filling up the DagBag from /home/airflow/.local/lib/python3.7/site-packages/airflow/example_dags/example_nested_branch_dag.py
[2022-03-24 02:59:30,226] {processor.py:654} INFO - DAG(s) dict_keys(['example_nested_branch_dag']) retrieved from /home/airflow/.local/lib/python3.7/site-packages/airflow/example_dags/example_nested_branch_dag.py
[2022-03-24 02:59:30,378] {logging_mixin.py:109} INFO - [2022-03-24 02:59:30,377] {dag.py:2398} INFO - Sync 1 DAGs
[2022-03-24 02:59:30,442] {logging_mixin.py:109} INFO - [2022-03-24 02:59:30,442] {dag.py:2937} INFO - Setting next_dagrun for example_nested_branch_dag to 2022-03-23 00:00:00+00:00
[2022-03-24 02:59:30,508] {processor.py:171} INFO - Processing /home/airflow/.local/lib/python3.7/site-packages/airflow/example_dags/example_nested_branch_dag.py took 1.025 seconds
[2022-03-24 03:00:00,948] {processor.py:163} INFO - Started process (PID=1195) to work on /home/airflow/.local/lib/python3.7/site-packages/airflow/example_dags/example_nested_branch_dag.py
[2022-03-24 03:00:00,952] {processor.py:642} INFO - Processing file /home/airflow/.local/lib/python3.7/site-packages/airflow/example_dags/example_nested_branch_dag.py for tasks to queue
[2022-03-24 03:00:00,954] {logging_mixin.py:109} INFO - [2022-03-24 03:00:00,954] {dagbag.py:500} INFO - Filling up the DagBag from /home/airflow/.local/lib/python3.7/site-packages/airflow/example_dags/example_nested_branch_dag.py
[2022-03-24 03:00:01,005] {processor.py:654} INFO - DAG(s) dict_keys(['example_nested_branch_dag']) retrieved from /home/airflow/.local/lib/python3.7/site-packages/airflow/example_dags/example_nested_branch_dag.py
[2022-03-24 03:00:01,031] {logging_mixin.py:109} INFO - [2022-03-24 03:00:01,031] {dag.py:2398} INFO - Sync 1 DAGs
[2022-03-24 03:00:01,070] {logging_mixin.py:109} INFO - [2022-03-24 03:00:01,069] {dag.py:2937} INFO - Setting next_dagrun for example_nested_branch_dag to 2022-03-23 00:00:00+00:00
[2022-03-24 03:00:01,096] {processor.py:171} INFO - Processing /home/airflow/.local/lib/python3.7/site-packages/airflow/example_dags/example_nested_branch_dag.py took 0.153 seconds
[2022-03-24 03:00:32,150] {processor.py:163} INFO - Started process (PID=1246) to work on /home/airflow/.local/lib/python3.7/site-packages/airflow/example_dags/example_nested_branch_dag.py
[2022-03-24 03:00:32,153] {processor.py:642} INFO - Processing file /home/airflow/.local/lib/python3.7/site-packages/airflow/example_dags/example_nested_branch_dag.py for tasks to queue
[2022-03-24 03:00:32,157] {logging_mixin.py:109} INFO - [2022-03-24 03:00:32,157] {dagbag.py:500} INFO - Filling up the DagBag from /home/airflow/.local/lib/python3.7/site-packages/airflow/example_dags/example_nested_branch_dag.py
[2022-03-24 03:00:32,201] {processor.py:654} INFO - DAG(s) dict_keys(['example_nested_branch_dag']) retrieved from /home/airflow/.local/lib/python3.7/site-packages/airflow/example_dags/example_nested_branch_dag.py
[2022-03-24 03:00:32,218] {logging_mixin.py:109} INFO - [2022-03-24 03:00:32,218] {dag.py:2398} INFO - Sync 1 DAGs
[2022-03-24 03:00:32,250] {logging_mixin.py:109} INFO - [2022-03-24 03:00:32,250] {dag.py:2937} INFO - Setting next_dagrun for example_nested_branch_dag to 2022-03-23 00:00:00+00:00
[2022-03-24 03:00:32,275] {processor.py:171} INFO - Processing /home/airflow/.local/lib/python3.7/site-packages/airflow/example_dags/example_nested_branch_dag.py took 0.128 seconds
[2022-03-24 03:01:02,589] {processor.py:163} INFO - Started process (PID=1296) to work on /home/airflow/.local/lib/python3.7/site-packages/airflow/example_dags/example_nested_branch_dag.py
[2022-03-24 03:01:02,592] {processor.py:642} INFO - Processing file /home/airflow/.local/lib/python3.7/site-packages/airflow/example_dags/example_nested_branch_dag.py for tasks to queue
[2022-03-24 03:01:02,593] {logging_mixin.py:109} INFO - [2022-03-24 03:01:02,593] {dagbag.py:500} INFO - Filling up the DagBag from /home/airflow/.local/lib/python3.7/site-packages/airflow/example_dags/example_nested_branch_dag.py
[2022-03-24 03:01:02,650] {processor.py:654} INFO - DAG(s) dict_keys(['example_nested_branch_dag']) retrieved from /home/airflow/.local/lib/python3.7/site-packages/airflow/example_dags/example_nested_branch_dag.py
[2022-03-24 03:01:02,727] {logging_mixin.py:109} INFO - [2022-03-24 03:01:02,727] {dag.py:2398} INFO - Sync 1 DAGs
[2022-03-24 03:01:02,761] {logging_mixin.py:109} INFO - [2022-03-24 03:01:02,761] {dag.py:2937} INFO - Setting next_dagrun for example_nested_branch_dag to 2022-03-23 00:00:00+00:00
[2022-03-24 03:01:02,782] {processor.py:171} INFO - Processing /home/airflow/.local/lib/python3.7/site-packages/airflow/example_dags/example_nested_branch_dag.py took 0.198 seconds
[2022-03-24 03:01:38,198] {processor.py:163} INFO - Started process (PID=1346) to work on /home/airflow/.local/lib/python3.7/site-packages/airflow/example_dags/example_nested_branch_dag.py
[2022-03-24 03:01:38,665] {processor.py:642} INFO - Processing file /home/airflow/.local/lib/python3.7/site-packages/airflow/example_dags/example_nested_branch_dag.py for tasks to queue
[2022-03-24 03:01:38,674] {logging_mixin.py:109} INFO - [2022-03-24 03:01:38,674] {dagbag.py:500} INFO - Filling up the DagBag from /home/airflow/.local/lib/python3.7/site-packages/airflow/example_dags/example_nested_branch_dag.py
[2022-03-24 03:01:39,390] {processor.py:654} INFO - DAG(s) dict_keys(['example_nested_branch_dag']) retrieved from /home/airflow/.local/lib/python3.7/site-packages/airflow/example_dags/example_nested_branch_dag.py
[2022-03-24 03:01:39,746] {logging_mixin.py:109} INFO - [2022-03-24 03:01:39,746] {dag.py:2398} INFO - Sync 1 DAGs
[2022-03-24 03:01:40,139] {logging_mixin.py:109} INFO - [2022-03-24 03:01:40,139] {dag.py:2937} INFO - Setting next_dagrun for example_nested_branch_dag to 2022-03-23 00:00:00+00:00
[2022-03-24 03:01:40,574] {processor.py:171} INFO - Processing /home/airflow/.local/lib/python3.7/site-packages/airflow/example_dags/example_nested_branch_dag.py took 2.382 seconds
[2022-03-24 03:02:11,948] {processor.py:163} INFO - Started process (PID=1397) to work on /home/airflow/.local/lib/python3.7/site-packages/airflow/example_dags/example_nested_branch_dag.py
[2022-03-24 03:02:11,957] {processor.py:642} INFO - Processing file /home/airflow/.local/lib/python3.7/site-packages/airflow/example_dags/example_nested_branch_dag.py for tasks to queue
[2022-03-24 03:02:11,959] {logging_mixin.py:109} INFO - [2022-03-24 03:02:11,959] {dagbag.py:500} INFO - Filling up the DagBag from /home/airflow/.local/lib/python3.7/site-packages/airflow/example_dags/example_nested_branch_dag.py
[2022-03-24 03:02:12,005] {processor.py:654} INFO - DAG(s) dict_keys(['example_nested_branch_dag']) retrieved from /home/airflow/.local/lib/python3.7/site-packages/airflow/example_dags/example_nested_branch_dag.py
[2022-03-24 03:02:12,022] {logging_mixin.py:109} INFO - [2022-03-24 03:02:12,022] {dag.py:2398} INFO - Sync 1 DAGs
[2022-03-24 03:02:12,046] {logging_mixin.py:109} INFO - [2022-03-24 03:02:12,046] {dag.py:2937} INFO - Setting next_dagrun for example_nested_branch_dag to 2022-03-23 00:00:00+00:00
[2022-03-24 03:02:12,063] {processor.py:171} INFO - Processing /home/airflow/.local/lib/python3.7/site-packages/airflow/example_dags/example_nested_branch_dag.py took 0.127 seconds
[2022-03-24 03:02:43,034] {processor.py:163} INFO - Started process (PID=1459) to work on /home/airflow/.local/lib/python3.7/site-packages/airflow/example_dags/example_nested_branch_dag.py
[2022-03-24 03:02:43,039] {processor.py:642} INFO - Processing file /home/airflow/.local/lib/python3.7/site-packages/airflow/example_dags/example_nested_branch_dag.py for tasks to queue
[2022-03-24 03:02:43,042] {logging_mixin.py:109} INFO - [2022-03-24 03:02:43,042] {dagbag.py:500} INFO - Filling up the DagBag from /home/airflow/.local/lib/python3.7/site-packages/airflow/example_dags/example_nested_branch_dag.py
[2022-03-24 03:02:43,120] {processor.py:654} INFO - DAG(s) dict_keys(['example_nested_branch_dag']) retrieved from /home/airflow/.local/lib/python3.7/site-packages/airflow/example_dags/example_nested_branch_dag.py
[2022-03-24 03:02:43,137] {logging_mixin.py:109} INFO - [2022-03-24 03:02:43,137] {dag.py:2398} INFO - Sync 1 DAGs
[2022-03-24 03:02:43,159] {logging_mixin.py:109} INFO - [2022-03-24 03:02:43,159] {dag.py:2937} INFO - Setting next_dagrun for example_nested_branch_dag to 2022-03-23 00:00:00+00:00
[2022-03-24 03:02:43,177] {processor.py:171} INFO - Processing /home/airflow/.local/lib/python3.7/site-packages/airflow/example_dags/example_nested_branch_dag.py took 0.149 seconds
[2022-03-24 03:03:14,113] {processor.py:163} INFO - Started process (PID=1510) to work on /home/airflow/.local/lib/python3.7/site-packages/airflow/example_dags/example_nested_branch_dag.py
[2022-03-24 03:03:14,118] {processor.py:642} INFO - Processing file /home/airflow/.local/lib/python3.7/site-packages/airflow/example_dags/example_nested_branch_dag.py for tasks to queue
[2022-03-24 03:03:14,123] {logging_mixin.py:109} INFO - [2022-03-24 03:03:14,123] {dagbag.py:500} INFO - Filling up the DagBag from /home/airflow/.local/lib/python3.7/site-packages/airflow/example_dags/example_nested_branch_dag.py
[2022-03-24 03:03:14,263] {processor.py:654} INFO - DAG(s) dict_keys(['example_nested_branch_dag']) retrieved from /home/airflow/.local/lib/python3.7/site-packages/airflow/example_dags/example_nested_branch_dag.py
[2022-03-24 03:03:14,291] {logging_mixin.py:109} INFO - [2022-03-24 03:03:14,291] {dag.py:2398} INFO - Sync 1 DAGs
[2022-03-24 03:03:14,326] {logging_mixin.py:109} INFO - [2022-03-24 03:03:14,325] {dag.py:2937} INFO - Setting next_dagrun for example_nested_branch_dag to 2022-03-23 00:00:00+00:00
[2022-03-24 03:03:14,353] {processor.py:171} INFO - Processing /home/airflow/.local/lib/python3.7/site-packages/airflow/example_dags/example_nested_branch_dag.py took 0.263 seconds
[2022-03-24 03:03:44,647] {processor.py:163} INFO - Started process (PID=1563) to work on /home/airflow/.local/lib/python3.7/site-packages/airflow/example_dags/example_nested_branch_dag.py
[2022-03-24 03:03:44,660] {processor.py:642} INFO - Processing file /home/airflow/.local/lib/python3.7/site-packages/airflow/example_dags/example_nested_branch_dag.py for tasks to queue
[2022-03-24 03:03:44,662] {logging_mixin.py:109} INFO - [2022-03-24 03:03:44,661] {dagbag.py:500} INFO - Filling up the DagBag from /home/airflow/.local/lib/python3.7/site-packages/airflow/example_dags/example_nested_branch_dag.py
[2022-03-24 03:03:44,712] {processor.py:654} INFO - DAG(s) dict_keys(['example_nested_branch_dag']) retrieved from /home/airflow/.local/lib/python3.7/site-packages/airflow/example_dags/example_nested_branch_dag.py
[2022-03-24 03:03:44,740] {logging_mixin.py:109} INFO - [2022-03-24 03:03:44,739] {dag.py:2398} INFO - Sync 1 DAGs
[2022-03-24 03:03:44,772] {logging_mixin.py:109} INFO - [2022-03-24 03:03:44,772] {dag.py:2937} INFO - Setting next_dagrun for example_nested_branch_dag to 2022-03-23 00:00:00+00:00
[2022-03-24 03:03:44,785] {processor.py:171} INFO - Processing /home/airflow/.local/lib/python3.7/site-packages/airflow/example_dags/example_nested_branch_dag.py took 0.145 seconds
[2022-03-24 03:04:14,985] {processor.py:163} INFO - Started process (PID=1613) to work on /home/airflow/.local/lib/python3.7/site-packages/airflow/example_dags/example_nested_branch_dag.py
[2022-03-24 03:04:14,992] {processor.py:642} INFO - Processing file /home/airflow/.local/lib/python3.7/site-packages/airflow/example_dags/example_nested_branch_dag.py for tasks to queue
[2022-03-24 03:04:14,995] {logging_mixin.py:109} INFO - [2022-03-24 03:04:14,994] {dagbag.py:500} INFO - Filling up the DagBag from /home/airflow/.local/lib/python3.7/site-packages/airflow/example_dags/example_nested_branch_dag.py
[2022-03-24 03:04:15,096] {processor.py:654} INFO - DAG(s) dict_keys(['example_nested_branch_dag']) retrieved from /home/airflow/.local/lib/python3.7/site-packages/airflow/example_dags/example_nested_branch_dag.py
[2022-03-24 03:04:15,112] {logging_mixin.py:109} INFO - [2022-03-24 03:04:15,112] {dag.py:2398} INFO - Sync 1 DAGs
[2022-03-24 03:04:15,192] {logging_mixin.py:109} INFO - [2022-03-24 03:04:15,192] {dag.py:2937} INFO - Setting next_dagrun for example_nested_branch_dag to 2022-03-23 00:00:00+00:00
[2022-03-24 03:04:15,234] {processor.py:171} INFO - Processing /home/airflow/.local/lib/python3.7/site-packages/airflow/example_dags/example_nested_branch_dag.py took 0.261 seconds
[2022-03-24 03:04:45,486] {processor.py:163} INFO - Started process (PID=1674) to work on /home/airflow/.local/lib/python3.7/site-packages/airflow/example_dags/example_nested_branch_dag.py
[2022-03-24 03:04:45,488] {processor.py:642} INFO - Processing file /home/airflow/.local/lib/python3.7/site-packages/airflow/example_dags/example_nested_branch_dag.py for tasks to queue
[2022-03-24 03:04:45,491] {logging_mixin.py:109} INFO - [2022-03-24 03:04:45,490] {dagbag.py:500} INFO - Filling up the DagBag from /home/airflow/.local/lib/python3.7/site-packages/airflow/example_dags/example_nested_branch_dag.py
[2022-03-24 03:04:45,538] {processor.py:654} INFO - DAG(s) dict_keys(['example_nested_branch_dag']) retrieved from /home/airflow/.local/lib/python3.7/site-packages/airflow/example_dags/example_nested_branch_dag.py
[2022-03-24 03:04:45,557] {logging_mixin.py:109} INFO - [2022-03-24 03:04:45,556] {dag.py:2398} INFO - Sync 1 DAGs
[2022-03-24 03:04:45,579] {logging_mixin.py:109} INFO - [2022-03-24 03:04:45,579] {dag.py:2937} INFO - Setting next_dagrun for example_nested_branch_dag to 2022-03-23 00:00:00+00:00
[2022-03-24 03:04:45,593] {processor.py:171} INFO - Processing /home/airflow/.local/lib/python3.7/site-packages/airflow/example_dags/example_nested_branch_dag.py took 0.111 seconds
[2022-03-24 03:05:15,866] {processor.py:163} INFO - Started process (PID=1728) to work on /home/airflow/.local/lib/python3.7/site-packages/airflow/example_dags/example_nested_branch_dag.py
[2022-03-24 03:05:15,874] {processor.py:642} INFO - Processing file /home/airflow/.local/lib/python3.7/site-packages/airflow/example_dags/example_nested_branch_dag.py for tasks to queue
[2022-03-24 03:05:15,877] {logging_mixin.py:109} INFO - [2022-03-24 03:05:15,876] {dagbag.py:500} INFO - Filling up the DagBag from /home/airflow/.local/lib/python3.7/site-packages/airflow/example_dags/example_nested_branch_dag.py
[2022-03-24 03:05:15,932] {processor.py:654} INFO - DAG(s) dict_keys(['example_nested_branch_dag']) retrieved from /home/airflow/.local/lib/python3.7/site-packages/airflow/example_dags/example_nested_branch_dag.py
[2022-03-24 03:05:15,959] {logging_mixin.py:109} INFO - [2022-03-24 03:05:15,958] {dag.py:2398} INFO - Sync 1 DAGs
[2022-03-24 03:05:15,986] {logging_mixin.py:109} INFO - [2022-03-24 03:05:15,986] {dag.py:2937} INFO - Setting next_dagrun for example_nested_branch_dag to 2022-03-23 00:00:00+00:00
[2022-03-24 03:05:16,012] {processor.py:171} INFO - Processing /home/airflow/.local/lib/python3.7/site-packages/airflow/example_dags/example_nested_branch_dag.py took 0.156 seconds
[2022-03-24 03:05:46,268] {processor.py:163} INFO - Started process (PID=1780) to work on /home/airflow/.local/lib/python3.7/site-packages/airflow/example_dags/example_nested_branch_dag.py
[2022-03-24 03:05:46,272] {processor.py:642} INFO - Processing file /home/airflow/.local/lib/python3.7/site-packages/airflow/example_dags/example_nested_branch_dag.py for tasks to queue
[2022-03-24 03:05:46,275] {logging_mixin.py:109} INFO - [2022-03-24 03:05:46,274] {dagbag.py:500} INFO - Filling up the DagBag from /home/airflow/.local/lib/python3.7/site-packages/airflow/example_dags/example_nested_branch_dag.py
[2022-03-24 03:05:46,332] {processor.py:654} INFO - DAG(s) dict_keys(['example_nested_branch_dag']) retrieved from /home/airflow/.local/lib/python3.7/site-packages/airflow/example_dags/example_nested_branch_dag.py
[2022-03-24 03:05:46,350] {logging_mixin.py:109} INFO - [2022-03-24 03:05:46,350] {dag.py:2398} INFO - Sync 1 DAGs
[2022-03-24 03:05:46,374] {logging_mixin.py:109} INFO - [2022-03-24 03:05:46,374] {dag.py:2937} INFO - Setting next_dagrun for example_nested_branch_dag to 2022-03-23 00:00:00+00:00
[2022-03-24 03:05:46,384] {processor.py:171} INFO - Processing /home/airflow/.local/lib/python3.7/site-packages/airflow/example_dags/example_nested_branch_dag.py took 0.129 seconds
[2022-03-24 03:06:16,546] {processor.py:163} INFO - Started process (PID=1830) to work on /home/airflow/.local/lib/python3.7/site-packages/airflow/example_dags/example_nested_branch_dag.py
[2022-03-24 03:06:16,549] {processor.py:642} INFO - Processing file /home/airflow/.local/lib/python3.7/site-packages/airflow/example_dags/example_nested_branch_dag.py for tasks to queue
[2022-03-24 03:06:16,550] {logging_mixin.py:109} INFO - [2022-03-24 03:06:16,550] {dagbag.py:500} INFO - Filling up the DagBag from /home/airflow/.local/lib/python3.7/site-packages/airflow/example_dags/example_nested_branch_dag.py
[2022-03-24 03:06:16,594] {processor.py:654} INFO - DAG(s) dict_keys(['example_nested_branch_dag']) retrieved from /home/airflow/.local/lib/python3.7/site-packages/airflow/example_dags/example_nested_branch_dag.py
[2022-03-24 03:06:16,606] {logging_mixin.py:109} INFO - [2022-03-24 03:06:16,606] {dag.py:2398} INFO - Sync 1 DAGs
[2022-03-24 03:06:16,626] {logging_mixin.py:109} INFO - [2022-03-24 03:06:16,626] {dag.py:2937} INFO - Setting next_dagrun for example_nested_branch_dag to 2022-03-23 00:00:00+00:00
[2022-03-24 03:06:16,638] {processor.py:171} INFO - Processing /home/airflow/.local/lib/python3.7/site-packages/airflow/example_dags/example_nested_branch_dag.py took 0.101 seconds
[2022-03-24 03:06:46,900] {processor.py:163} INFO - Started process (PID=1879) to work on /home/airflow/.local/lib/python3.7/site-packages/airflow/example_dags/example_nested_branch_dag.py
[2022-03-24 03:06:46,906] {processor.py:642} INFO - Processing file /home/airflow/.local/lib/python3.7/site-packages/airflow/example_dags/example_nested_branch_dag.py for tasks to queue
[2022-03-24 03:06:46,908] {logging_mixin.py:109} INFO - [2022-03-24 03:06:46,908] {dagbag.py:500} INFO - Filling up the DagBag from /home/airflow/.local/lib/python3.7/site-packages/airflow/example_dags/example_nested_branch_dag.py
[2022-03-24 03:06:46,966] {processor.py:654} INFO - DAG(s) dict_keys(['example_nested_branch_dag']) retrieved from /home/airflow/.local/lib/python3.7/site-packages/airflow/example_dags/example_nested_branch_dag.py
[2022-03-24 03:06:46,979] {logging_mixin.py:109} INFO - [2022-03-24 03:06:46,979] {dag.py:2398} INFO - Sync 1 DAGs
[2022-03-24 03:06:47,005] {logging_mixin.py:109} INFO - [2022-03-24 03:06:47,005] {dag.py:2937} INFO - Setting next_dagrun for example_nested_branch_dag to 2022-03-23 00:00:00+00:00
[2022-03-24 03:06:47,026] {processor.py:171} INFO - Processing /home/airflow/.local/lib/python3.7/site-packages/airflow/example_dags/example_nested_branch_dag.py took 0.129 seconds
[2022-03-24 03:07:17,612] {processor.py:163} INFO - Started process (PID=1930) to work on /home/airflow/.local/lib/python3.7/site-packages/airflow/example_dags/example_nested_branch_dag.py
[2022-03-24 03:07:17,627] {processor.py:642} INFO - Processing file /home/airflow/.local/lib/python3.7/site-packages/airflow/example_dags/example_nested_branch_dag.py for tasks to queue
[2022-03-24 03:07:17,631] {logging_mixin.py:109} INFO - [2022-03-24 03:07:17,631] {dagbag.py:500} INFO - Filling up the DagBag from /home/airflow/.local/lib/python3.7/site-packages/airflow/example_dags/example_nested_branch_dag.py
[2022-03-24 03:07:17,712] {processor.py:654} INFO - DAG(s) dict_keys(['example_nested_branch_dag']) retrieved from /home/airflow/.local/lib/python3.7/site-packages/airflow/example_dags/example_nested_branch_dag.py
[2022-03-24 03:07:17,734] {logging_mixin.py:109} INFO - [2022-03-24 03:07:17,733] {dag.py:2398} INFO - Sync 1 DAGs
[2022-03-24 03:07:17,773] {logging_mixin.py:109} INFO - [2022-03-24 03:07:17,773] {dag.py:2937} INFO - Setting next_dagrun for example_nested_branch_dag to 2022-03-23 00:00:00+00:00
[2022-03-24 03:07:17,796] {processor.py:171} INFO - Processing /home/airflow/.local/lib/python3.7/site-packages/airflow/example_dags/example_nested_branch_dag.py took 0.192 seconds
[2022-03-24 03:07:48,361] {processor.py:163} INFO - Started process (PID=1982) to work on /home/airflow/.local/lib/python3.7/site-packages/airflow/example_dags/example_nested_branch_dag.py
[2022-03-24 03:07:48,369] {processor.py:642} INFO - Processing file /home/airflow/.local/lib/python3.7/site-packages/airflow/example_dags/example_nested_branch_dag.py for tasks to queue
[2022-03-24 03:07:48,370] {logging_mixin.py:109} INFO - [2022-03-24 03:07:48,370] {dagbag.py:500} INFO - Filling up the DagBag from /home/airflow/.local/lib/python3.7/site-packages/airflow/example_dags/example_nested_branch_dag.py
[2022-03-24 03:07:48,414] {processor.py:654} INFO - DAG(s) dict_keys(['example_nested_branch_dag']) retrieved from /home/airflow/.local/lib/python3.7/site-packages/airflow/example_dags/example_nested_branch_dag.py
[2022-03-24 03:07:48,428] {logging_mixin.py:109} INFO - [2022-03-24 03:07:48,428] {dag.py:2398} INFO - Sync 1 DAGs
[2022-03-24 03:07:48,445] {logging_mixin.py:109} INFO - [2022-03-24 03:07:48,445] {dag.py:2937} INFO - Setting next_dagrun for example_nested_branch_dag to 2022-03-23 00:00:00+00:00
[2022-03-24 03:07:48,457] {processor.py:171} INFO - Processing /home/airflow/.local/lib/python3.7/site-packages/airflow/example_dags/example_nested_branch_dag.py took 0.106 seconds
[2022-03-24 03:08:18,998] {processor.py:163} INFO - Started process (PID=2033) to work on /home/airflow/.local/lib/python3.7/site-packages/airflow/example_dags/example_nested_branch_dag.py
[2022-03-24 03:08:19,001] {processor.py:642} INFO - Processing file /home/airflow/.local/lib/python3.7/site-packages/airflow/example_dags/example_nested_branch_dag.py for tasks to queue
[2022-03-24 03:08:19,003] {logging_mixin.py:109} INFO - [2022-03-24 03:08:19,003] {dagbag.py:500} INFO - Filling up the DagBag from /home/airflow/.local/lib/python3.7/site-packages/airflow/example_dags/example_nested_branch_dag.py
[2022-03-24 03:08:19,078] {processor.py:654} INFO - DAG(s) dict_keys(['example_nested_branch_dag']) retrieved from /home/airflow/.local/lib/python3.7/site-packages/airflow/example_dags/example_nested_branch_dag.py
[2022-03-24 03:08:19,125] {logging_mixin.py:109} INFO - [2022-03-24 03:08:19,125] {dag.py:2398} INFO - Sync 1 DAGs
[2022-03-24 03:08:19,176] {logging_mixin.py:109} INFO - [2022-03-24 03:08:19,166] {dag.py:2937} INFO - Setting next_dagrun for example_nested_branch_dag to 2022-03-23 00:00:00+00:00
[2022-03-24 03:08:19,197] {processor.py:171} INFO - Processing /home/airflow/.local/lib/python3.7/site-packages/airflow/example_dags/example_nested_branch_dag.py took 0.208 seconds
[2022-03-24 03:08:49,282] {processor.py:163} INFO - Started process (PID=2088) to work on /home/airflow/.local/lib/python3.7/site-packages/airflow/example_dags/example_nested_branch_dag.py
[2022-03-24 03:08:49,287] {processor.py:642} INFO - Processing file /home/airflow/.local/lib/python3.7/site-packages/airflow/example_dags/example_nested_branch_dag.py for tasks to queue
[2022-03-24 03:08:49,292] {logging_mixin.py:109} INFO - [2022-03-24 03:08:49,291] {dagbag.py:500} INFO - Filling up the DagBag from /home/airflow/.local/lib/python3.7/site-packages/airflow/example_dags/example_nested_branch_dag.py
[2022-03-24 03:08:49,385] {processor.py:654} INFO - DAG(s) dict_keys(['example_nested_branch_dag']) retrieved from /home/airflow/.local/lib/python3.7/site-packages/airflow/example_dags/example_nested_branch_dag.py
[2022-03-24 03:08:49,512] {logging_mixin.py:109} INFO - [2022-03-24 03:08:49,512] {dag.py:2398} INFO - Sync 1 DAGs
[2022-03-24 03:08:49,585] {logging_mixin.py:109} INFO - [2022-03-24 03:08:49,585] {dag.py:2937} INFO - Setting next_dagrun for example_nested_branch_dag to 2022-03-23 00:00:00+00:00
[2022-03-24 03:08:49,870] {processor.py:171} INFO - Processing /home/airflow/.local/lib/python3.7/site-packages/airflow/example_dags/example_nested_branch_dag.py took 0.591 seconds
[2022-03-24 03:09:20,724] {processor.py:163} INFO - Started process (PID=2148) to work on /home/airflow/.local/lib/python3.7/site-packages/airflow/example_dags/example_nested_branch_dag.py
[2022-03-24 03:09:20,737] {processor.py:642} INFO - Processing file /home/airflow/.local/lib/python3.7/site-packages/airflow/example_dags/example_nested_branch_dag.py for tasks to queue
[2022-03-24 03:09:20,742] {logging_mixin.py:109} INFO - [2022-03-24 03:09:20,741] {dagbag.py:500} INFO - Filling up the DagBag from /home/airflow/.local/lib/python3.7/site-packages/airflow/example_dags/example_nested_branch_dag.py
[2022-03-24 03:09:20,848] {processor.py:654} INFO - DAG(s) dict_keys(['example_nested_branch_dag']) retrieved from /home/airflow/.local/lib/python3.7/site-packages/airflow/example_dags/example_nested_branch_dag.py
[2022-03-24 03:09:20,896] {logging_mixin.py:109} INFO - [2022-03-24 03:09:20,892] {dag.py:2398} INFO - Sync 1 DAGs
[2022-03-24 03:09:21,030] {logging_mixin.py:109} INFO - [2022-03-24 03:09:21,030] {dag.py:2937} INFO - Setting next_dagrun for example_nested_branch_dag to 2022-03-23 00:00:00+00:00
[2022-03-24 03:09:21,075] {processor.py:171} INFO - Processing /home/airflow/.local/lib/python3.7/site-packages/airflow/example_dags/example_nested_branch_dag.py took 0.367 seconds
[2022-03-24 03:09:51,305] {processor.py:163} INFO - Started process (PID=2199) to work on /home/airflow/.local/lib/python3.7/site-packages/airflow/example_dags/example_nested_branch_dag.py
[2022-03-24 03:09:51,325] {processor.py:642} INFO - Processing file /home/airflow/.local/lib/python3.7/site-packages/airflow/example_dags/example_nested_branch_dag.py for tasks to queue
[2022-03-24 03:09:51,328] {logging_mixin.py:109} INFO - [2022-03-24 03:09:51,327] {dagbag.py:500} INFO - Filling up the DagBag from /home/airflow/.local/lib/python3.7/site-packages/airflow/example_dags/example_nested_branch_dag.py
[2022-03-24 03:09:51,456] {processor.py:654} INFO - DAG(s) dict_keys(['example_nested_branch_dag']) retrieved from /home/airflow/.local/lib/python3.7/site-packages/airflow/example_dags/example_nested_branch_dag.py
[2022-03-24 03:09:51,513] {logging_mixin.py:109} INFO - [2022-03-24 03:09:51,513] {dag.py:2398} INFO - Sync 1 DAGs
[2022-03-24 03:09:51,648] {logging_mixin.py:109} INFO - [2022-03-24 03:09:51,648] {dag.py:2937} INFO - Setting next_dagrun for example_nested_branch_dag to 2022-03-23 00:00:00+00:00
[2022-03-24 03:09:51,691] {processor.py:171} INFO - Processing /home/airflow/.local/lib/python3.7/site-packages/airflow/example_dags/example_nested_branch_dag.py took 0.409 seconds
[2022-03-24 03:10:21,817] {processor.py:163} INFO - Started process (PID=2242) to work on /home/airflow/.local/lib/python3.7/site-packages/airflow/example_dags/example_nested_branch_dag.py
[2022-03-24 03:10:22,001] {processor.py:642} INFO - Processing file /home/airflow/.local/lib/python3.7/site-packages/airflow/example_dags/example_nested_branch_dag.py for tasks to queue
[2022-03-24 03:10:22,051] {logging_mixin.py:109} INFO - [2022-03-24 03:10:22,051] {dagbag.py:500} INFO - Filling up the DagBag from /home/airflow/.local/lib/python3.7/site-packages/airflow/example_dags/example_nested_branch_dag.py
[2022-03-24 03:10:22,479] {processor.py:654} INFO - DAG(s) dict_keys(['example_nested_branch_dag']) retrieved from /home/airflow/.local/lib/python3.7/site-packages/airflow/example_dags/example_nested_branch_dag.py
[2022-03-24 03:10:22,555] {logging_mixin.py:109} INFO - [2022-03-24 03:10:22,554] {dag.py:2398} INFO - Sync 1 DAGs
[2022-03-24 03:10:22,615] {logging_mixin.py:109} INFO - [2022-03-24 03:10:22,615] {dag.py:2937} INFO - Setting next_dagrun for example_nested_branch_dag to 2022-03-23 00:00:00+00:00
[2022-03-24 03:10:22,632] {processor.py:171} INFO - Processing /home/airflow/.local/lib/python3.7/site-packages/airflow/example_dags/example_nested_branch_dag.py took 0.819 seconds
[2022-03-24 03:10:53,003] {processor.py:163} INFO - Started process (PID=2292) to work on /home/airflow/.local/lib/python3.7/site-packages/airflow/example_dags/example_nested_branch_dag.py
[2022-03-24 03:10:53,006] {processor.py:642} INFO - Processing file /home/airflow/.local/lib/python3.7/site-packages/airflow/example_dags/example_nested_branch_dag.py for tasks to queue
[2022-03-24 03:10:53,008] {logging_mixin.py:109} INFO - [2022-03-24 03:10:53,008] {dagbag.py:500} INFO - Filling up the DagBag from /home/airflow/.local/lib/python3.7/site-packages/airflow/example_dags/example_nested_branch_dag.py
[2022-03-24 03:10:53,064] {processor.py:654} INFO - DAG(s) dict_keys(['example_nested_branch_dag']) retrieved from /home/airflow/.local/lib/python3.7/site-packages/airflow/example_dags/example_nested_branch_dag.py
[2022-03-24 03:10:53,144] {logging_mixin.py:109} INFO - [2022-03-24 03:10:53,144] {dag.py:2398} INFO - Sync 1 DAGs
[2022-03-24 03:10:53,175] {logging_mixin.py:109} INFO - [2022-03-24 03:10:53,175] {dag.py:2937} INFO - Setting next_dagrun for example_nested_branch_dag to 2022-03-23 00:00:00+00:00
[2022-03-24 03:10:53,196] {processor.py:171} INFO - Processing /home/airflow/.local/lib/python3.7/site-packages/airflow/example_dags/example_nested_branch_dag.py took 0.201 seconds
[2022-03-24 03:11:23,395] {processor.py:163} INFO - Started process (PID=2342) to work on /home/airflow/.local/lib/python3.7/site-packages/airflow/example_dags/example_nested_branch_dag.py
[2022-03-24 03:11:23,569] {processor.py:642} INFO - Processing file /home/airflow/.local/lib/python3.7/site-packages/airflow/example_dags/example_nested_branch_dag.py for tasks to queue
[2022-03-24 03:11:23,573] {logging_mixin.py:109} INFO - [2022-03-24 03:11:23,573] {dagbag.py:500} INFO - Filling up the DagBag from /home/airflow/.local/lib/python3.7/site-packages/airflow/example_dags/example_nested_branch_dag.py
[2022-03-24 03:11:23,638] {processor.py:654} INFO - DAG(s) dict_keys(['example_nested_branch_dag']) retrieved from /home/airflow/.local/lib/python3.7/site-packages/airflow/example_dags/example_nested_branch_dag.py
[2022-03-24 03:11:23,676] {logging_mixin.py:109} INFO - [2022-03-24 03:11:23,676] {dag.py:2398} INFO - Sync 1 DAGs
[2022-03-24 03:11:23,711] {logging_mixin.py:109} INFO - [2022-03-24 03:11:23,711] {dag.py:2937} INFO - Setting next_dagrun for example_nested_branch_dag to 2022-03-23 00:00:00+00:00
[2022-03-24 03:11:23,729] {processor.py:171} INFO - Processing /home/airflow/.local/lib/python3.7/site-packages/airflow/example_dags/example_nested_branch_dag.py took 0.338 seconds
[2022-03-24 03:11:54,017] {processor.py:163} INFO - Started process (PID=2391) to work on /home/airflow/.local/lib/python3.7/site-packages/airflow/example_dags/example_nested_branch_dag.py
[2022-03-24 03:11:54,030] {processor.py:642} INFO - Processing file /home/airflow/.local/lib/python3.7/site-packages/airflow/example_dags/example_nested_branch_dag.py for tasks to queue
[2022-03-24 03:11:54,033] {logging_mixin.py:109} INFO - [2022-03-24 03:11:54,032] {dagbag.py:500} INFO - Filling up the DagBag from /home/airflow/.local/lib/python3.7/site-packages/airflow/example_dags/example_nested_branch_dag.py
[2022-03-24 03:11:54,170] {processor.py:654} INFO - DAG(s) dict_keys(['example_nested_branch_dag']) retrieved from /home/airflow/.local/lib/python3.7/site-packages/airflow/example_dags/example_nested_branch_dag.py
[2022-03-24 03:11:54,212] {logging_mixin.py:109} INFO - [2022-03-24 03:11:54,212] {dag.py:2398} INFO - Sync 1 DAGs
[2022-03-24 03:11:54,266] {logging_mixin.py:109} INFO - [2022-03-24 03:11:54,266] {dag.py:2937} INFO - Setting next_dagrun for example_nested_branch_dag to 2022-03-23 00:00:00+00:00
[2022-03-24 03:11:54,337] {processor.py:171} INFO - Processing /home/airflow/.local/lib/python3.7/site-packages/airflow/example_dags/example_nested_branch_dag.py took 0.336 seconds
[2022-03-24 03:12:24,424] {processor.py:163} INFO - Started process (PID=2441) to work on /home/airflow/.local/lib/python3.7/site-packages/airflow/example_dags/example_nested_branch_dag.py
[2022-03-24 03:12:24,429] {processor.py:642} INFO - Processing file /home/airflow/.local/lib/python3.7/site-packages/airflow/example_dags/example_nested_branch_dag.py for tasks to queue
[2022-03-24 03:12:24,603] {logging_mixin.py:109} INFO - [2022-03-24 03:12:24,603] {dagbag.py:500} INFO - Filling up the DagBag from /home/airflow/.local/lib/python3.7/site-packages/airflow/example_dags/example_nested_branch_dag.py
[2022-03-24 03:12:24,668] {processor.py:654} INFO - DAG(s) dict_keys(['example_nested_branch_dag']) retrieved from /home/airflow/.local/lib/python3.7/site-packages/airflow/example_dags/example_nested_branch_dag.py
[2022-03-24 03:12:24,693] {logging_mixin.py:109} INFO - [2022-03-24 03:12:24,693] {dag.py:2398} INFO - Sync 1 DAGs
[2022-03-24 03:12:24,720] {logging_mixin.py:109} INFO - [2022-03-24 03:12:24,720] {dag.py:2937} INFO - Setting next_dagrun for example_nested_branch_dag to 2022-03-23 00:00:00+00:00
[2022-03-24 03:12:24,743] {processor.py:171} INFO - Processing /home/airflow/.local/lib/python3.7/site-packages/airflow/example_dags/example_nested_branch_dag.py took 0.329 seconds
[2022-03-24 03:12:55,177] {processor.py:163} INFO - Started process (PID=2494) to work on /home/airflow/.local/lib/python3.7/site-packages/airflow/example_dags/example_nested_branch_dag.py
[2022-03-24 03:12:55,182] {processor.py:642} INFO - Processing file /home/airflow/.local/lib/python3.7/site-packages/airflow/example_dags/example_nested_branch_dag.py for tasks to queue
[2022-03-24 03:12:55,184] {logging_mixin.py:109} INFO - [2022-03-24 03:12:55,184] {dagbag.py:500} INFO - Filling up the DagBag from /home/airflow/.local/lib/python3.7/site-packages/airflow/example_dags/example_nested_branch_dag.py
[2022-03-24 03:12:55,286] {processor.py:654} INFO - DAG(s) dict_keys(['example_nested_branch_dag']) retrieved from /home/airflow/.local/lib/python3.7/site-packages/airflow/example_dags/example_nested_branch_dag.py
[2022-03-24 03:12:55,308] {logging_mixin.py:109} INFO - [2022-03-24 03:12:55,308] {dag.py:2398} INFO - Sync 1 DAGs
[2022-03-24 03:12:55,348] {logging_mixin.py:109} INFO - [2022-03-24 03:12:55,348] {dag.py:2937} INFO - Setting next_dagrun for example_nested_branch_dag to 2022-03-23 00:00:00+00:00
[2022-03-24 03:12:55,391] {processor.py:171} INFO - Processing /home/airflow/.local/lib/python3.7/site-packages/airflow/example_dags/example_nested_branch_dag.py took 0.220 seconds
[2022-03-24 03:13:25,485] {processor.py:163} INFO - Started process (PID=2545) to work on /home/airflow/.local/lib/python3.7/site-packages/airflow/example_dags/example_nested_branch_dag.py
[2022-03-24 03:13:25,489] {processor.py:642} INFO - Processing file /home/airflow/.local/lib/python3.7/site-packages/airflow/example_dags/example_nested_branch_dag.py for tasks to queue
[2022-03-24 03:13:25,491] {logging_mixin.py:109} INFO - [2022-03-24 03:13:25,491] {dagbag.py:500} INFO - Filling up the DagBag from /home/airflow/.local/lib/python3.7/site-packages/airflow/example_dags/example_nested_branch_dag.py
[2022-03-24 03:13:25,704] {processor.py:654} INFO - DAG(s) dict_keys(['example_nested_branch_dag']) retrieved from /home/airflow/.local/lib/python3.7/site-packages/airflow/example_dags/example_nested_branch_dag.py
[2022-03-24 03:13:25,741] {logging_mixin.py:109} INFO - [2022-03-24 03:13:25,741] {dag.py:2398} INFO - Sync 1 DAGs
[2022-03-24 03:13:25,800] {logging_mixin.py:109} INFO - [2022-03-24 03:13:25,800] {dag.py:2937} INFO - Setting next_dagrun for example_nested_branch_dag to 2022-03-23 00:00:00+00:00
[2022-03-24 03:13:25,834] {processor.py:171} INFO - Processing /home/airflow/.local/lib/python3.7/site-packages/airflow/example_dags/example_nested_branch_dag.py took 0.368 seconds
[2022-03-24 03:13:56,619] {processor.py:163} INFO - Started process (PID=2610) to work on /home/airflow/.local/lib/python3.7/site-packages/airflow/example_dags/example_nested_branch_dag.py
[2022-03-24 03:13:56,622] {processor.py:642} INFO - Processing file /home/airflow/.local/lib/python3.7/site-packages/airflow/example_dags/example_nested_branch_dag.py for tasks to queue
[2022-03-24 03:13:56,627] {logging_mixin.py:109} INFO - [2022-03-24 03:13:56,626] {dagbag.py:500} INFO - Filling up the DagBag from /home/airflow/.local/lib/python3.7/site-packages/airflow/example_dags/example_nested_branch_dag.py
[2022-03-24 03:13:56,745] {processor.py:654} INFO - DAG(s) dict_keys(['example_nested_branch_dag']) retrieved from /home/airflow/.local/lib/python3.7/site-packages/airflow/example_dags/example_nested_branch_dag.py
[2022-03-24 03:13:56,784] {logging_mixin.py:109} INFO - [2022-03-24 03:13:56,784] {dag.py:2398} INFO - Sync 1 DAGs
[2022-03-24 03:13:56,839] {logging_mixin.py:109} INFO - [2022-03-24 03:13:56,839] {dag.py:2937} INFO - Setting next_dagrun for example_nested_branch_dag to 2022-03-23 00:00:00+00:00
[2022-03-24 03:13:56,874] {processor.py:171} INFO - Processing /home/airflow/.local/lib/python3.7/site-packages/airflow/example_dags/example_nested_branch_dag.py took 0.268 seconds
[2022-03-24 03:14:27,115] {processor.py:163} INFO - Started process (PID=2660) to work on /home/airflow/.local/lib/python3.7/site-packages/airflow/example_dags/example_nested_branch_dag.py
[2022-03-24 03:14:27,118] {processor.py:642} INFO - Processing file /home/airflow/.local/lib/python3.7/site-packages/airflow/example_dags/example_nested_branch_dag.py for tasks to queue
[2022-03-24 03:14:27,119] {logging_mixin.py:109} INFO - [2022-03-24 03:14:27,119] {dagbag.py:500} INFO - Filling up the DagBag from /home/airflow/.local/lib/python3.7/site-packages/airflow/example_dags/example_nested_branch_dag.py
[2022-03-24 03:14:27,163] {processor.py:654} INFO - DAG(s) dict_keys(['example_nested_branch_dag']) retrieved from /home/airflow/.local/lib/python3.7/site-packages/airflow/example_dags/example_nested_branch_dag.py
[2022-03-24 03:14:27,177] {logging_mixin.py:109} INFO - [2022-03-24 03:14:27,177] {dag.py:2398} INFO - Sync 1 DAGs
[2022-03-24 03:14:27,199] {logging_mixin.py:109} INFO - [2022-03-24 03:14:27,199] {dag.py:2937} INFO - Setting next_dagrun for example_nested_branch_dag to 2022-03-23 00:00:00+00:00
[2022-03-24 03:14:27,212] {processor.py:171} INFO - Processing /home/airflow/.local/lib/python3.7/site-packages/airflow/example_dags/example_nested_branch_dag.py took 0.100 seconds
[2022-03-24 03:14:57,929] {processor.py:163} INFO - Started process (PID=2713) to work on /home/airflow/.local/lib/python3.7/site-packages/airflow/example_dags/example_nested_branch_dag.py
[2022-03-24 03:14:57,934] {processor.py:642} INFO - Processing file /home/airflow/.local/lib/python3.7/site-packages/airflow/example_dags/example_nested_branch_dag.py for tasks to queue
[2022-03-24 03:14:57,937] {logging_mixin.py:109} INFO - [2022-03-24 03:14:57,936] {dagbag.py:500} INFO - Filling up the DagBag from /home/airflow/.local/lib/python3.7/site-packages/airflow/example_dags/example_nested_branch_dag.py
[2022-03-24 03:14:57,998] {processor.py:654} INFO - DAG(s) dict_keys(['example_nested_branch_dag']) retrieved from /home/airflow/.local/lib/python3.7/site-packages/airflow/example_dags/example_nested_branch_dag.py
[2022-03-24 03:14:58,018] {logging_mixin.py:109} INFO - [2022-03-24 03:14:58,018] {dag.py:2398} INFO - Sync 1 DAGs
[2022-03-24 03:14:58,042] {logging_mixin.py:109} INFO - [2022-03-24 03:14:58,042] {dag.py:2937} INFO - Setting next_dagrun for example_nested_branch_dag to 2022-03-23 00:00:00+00:00
[2022-03-24 03:14:58,056] {processor.py:171} INFO - Processing /home/airflow/.local/lib/python3.7/site-packages/airflow/example_dags/example_nested_branch_dag.py took 0.134 seconds
[2022-03-24 03:15:28,806] {processor.py:163} INFO - Started process (PID=2767) to work on /home/airflow/.local/lib/python3.7/site-packages/airflow/example_dags/example_nested_branch_dag.py
[2022-03-24 03:15:28,810] {processor.py:642} INFO - Processing file /home/airflow/.local/lib/python3.7/site-packages/airflow/example_dags/example_nested_branch_dag.py for tasks to queue
[2022-03-24 03:15:28,815] {logging_mixin.py:109} INFO - [2022-03-24 03:15:28,814] {dagbag.py:500} INFO - Filling up the DagBag from /home/airflow/.local/lib/python3.7/site-packages/airflow/example_dags/example_nested_branch_dag.py
[2022-03-24 03:15:28,921] {processor.py:654} INFO - DAG(s) dict_keys(['example_nested_branch_dag']) retrieved from /home/airflow/.local/lib/python3.7/site-packages/airflow/example_dags/example_nested_branch_dag.py
[2022-03-24 03:15:28,948] {logging_mixin.py:109} INFO - [2022-03-24 03:15:28,948] {dag.py:2398} INFO - Sync 1 DAGs
[2022-03-24 03:15:28,971] {logging_mixin.py:109} INFO - [2022-03-24 03:15:28,971] {dag.py:2937} INFO - Setting next_dagrun for example_nested_branch_dag to 2022-03-23 00:00:00+00:00
[2022-03-24 03:15:28,992] {processor.py:171} INFO - Processing /home/airflow/.local/lib/python3.7/site-packages/airflow/example_dags/example_nested_branch_dag.py took 0.210 seconds
[2022-03-24 03:15:59,890] {processor.py:163} INFO - Started process (PID=2815) to work on /home/airflow/.local/lib/python3.7/site-packages/airflow/example_dags/example_nested_branch_dag.py
[2022-03-24 03:15:59,955] {processor.py:642} INFO - Processing file /home/airflow/.local/lib/python3.7/site-packages/airflow/example_dags/example_nested_branch_dag.py for tasks to queue
[2022-03-24 03:16:00,042] {logging_mixin.py:109} INFO - [2022-03-24 03:16:00,042] {dagbag.py:500} INFO - Filling up the DagBag from /home/airflow/.local/lib/python3.7/site-packages/airflow/example_dags/example_nested_branch_dag.py
[2022-03-24 03:16:00,336] {processor.py:654} INFO - DAG(s) dict_keys(['example_nested_branch_dag']) retrieved from /home/airflow/.local/lib/python3.7/site-packages/airflow/example_dags/example_nested_branch_dag.py
[2022-03-24 03:16:00,441] {logging_mixin.py:109} INFO - [2022-03-24 03:16:00,441] {dag.py:2398} INFO - Sync 1 DAGs
[2022-03-24 03:16:00,464] {logging_mixin.py:109} INFO - [2022-03-24 03:16:00,464] {dag.py:2937} INFO - Setting next_dagrun for example_nested_branch_dag to 2022-03-23 00:00:00+00:00
[2022-03-24 03:16:00,479] {processor.py:171} INFO - Processing /home/airflow/.local/lib/python3.7/site-packages/airflow/example_dags/example_nested_branch_dag.py took 0.601 seconds
[2022-03-24 03:16:31,003] {processor.py:163} INFO - Started process (PID=2867) to work on /home/airflow/.local/lib/python3.7/site-packages/airflow/example_dags/example_nested_branch_dag.py
[2022-03-24 03:16:31,294] {processor.py:642} INFO - Processing file /home/airflow/.local/lib/python3.7/site-packages/airflow/example_dags/example_nested_branch_dag.py for tasks to queue
[2022-03-24 03:16:31,580] {logging_mixin.py:109} INFO - [2022-03-24 03:16:31,580] {dagbag.py:500} INFO - Filling up the DagBag from /home/airflow/.local/lib/python3.7/site-packages/airflow/example_dags/example_nested_branch_dag.py
[2022-03-24 03:16:31,674] {processor.py:654} INFO - DAG(s) dict_keys(['example_nested_branch_dag']) retrieved from /home/airflow/.local/lib/python3.7/site-packages/airflow/example_dags/example_nested_branch_dag.py
[2022-03-24 03:16:31,730] {logging_mixin.py:109} INFO - [2022-03-24 03:16:31,730] {dag.py:2398} INFO - Sync 1 DAGs
[2022-03-24 03:16:31,903] {logging_mixin.py:109} INFO - [2022-03-24 03:16:31,903] {dag.py:2937} INFO - Setting next_dagrun for example_nested_branch_dag to 2022-03-23 00:00:00+00:00
[2022-03-24 03:16:31,922] {processor.py:171} INFO - Processing /home/airflow/.local/lib/python3.7/site-packages/airflow/example_dags/example_nested_branch_dag.py took 0.940 seconds
[2022-03-24 03:17:02,286] {processor.py:163} INFO - Started process (PID=2919) to work on /home/airflow/.local/lib/python3.7/site-packages/airflow/example_dags/example_nested_branch_dag.py
[2022-03-24 03:17:02,290] {processor.py:642} INFO - Processing file /home/airflow/.local/lib/python3.7/site-packages/airflow/example_dags/example_nested_branch_dag.py for tasks to queue
[2022-03-24 03:17:02,293] {logging_mixin.py:109} INFO - [2022-03-24 03:17:02,293] {dagbag.py:500} INFO - Filling up the DagBag from /home/airflow/.local/lib/python3.7/site-packages/airflow/example_dags/example_nested_branch_dag.py
[2022-03-24 03:17:02,392] {processor.py:654} INFO - DAG(s) dict_keys(['example_nested_branch_dag']) retrieved from /home/airflow/.local/lib/python3.7/site-packages/airflow/example_dags/example_nested_branch_dag.py
[2022-03-24 03:17:02,417] {logging_mixin.py:109} INFO - [2022-03-24 03:17:02,417] {dag.py:2398} INFO - Sync 1 DAGs
[2022-03-24 03:17:02,441] {logging_mixin.py:109} INFO - [2022-03-24 03:17:02,441] {dag.py:2937} INFO - Setting next_dagrun for example_nested_branch_dag to 2022-03-23 00:00:00+00:00
[2022-03-24 03:17:02,461] {processor.py:171} INFO - Processing /home/airflow/.local/lib/python3.7/site-packages/airflow/example_dags/example_nested_branch_dag.py took 0.178 seconds
[2022-03-24 03:17:32,576] {processor.py:163} INFO - Started process (PID=2968) to work on /home/airflow/.local/lib/python3.7/site-packages/airflow/example_dags/example_nested_branch_dag.py
[2022-03-24 03:17:32,579] {processor.py:642} INFO - Processing file /home/airflow/.local/lib/python3.7/site-packages/airflow/example_dags/example_nested_branch_dag.py for tasks to queue
[2022-03-24 03:17:32,581] {logging_mixin.py:109} INFO - [2022-03-24 03:17:32,581] {dagbag.py:500} INFO - Filling up the DagBag from /home/airflow/.local/lib/python3.7/site-packages/airflow/example_dags/example_nested_branch_dag.py
[2022-03-24 03:17:32,626] {processor.py:654} INFO - DAG(s) dict_keys(['example_nested_branch_dag']) retrieved from /home/airflow/.local/lib/python3.7/site-packages/airflow/example_dags/example_nested_branch_dag.py
[2022-03-24 03:17:32,646] {logging_mixin.py:109} INFO - [2022-03-24 03:17:32,646] {dag.py:2398} INFO - Sync 1 DAGs
[2022-03-24 03:17:32,673] {logging_mixin.py:109} INFO - [2022-03-24 03:17:32,673] {dag.py:2937} INFO - Setting next_dagrun for example_nested_branch_dag to 2022-03-23 00:00:00+00:00
[2022-03-24 03:17:32,689] {processor.py:171} INFO - Processing /home/airflow/.local/lib/python3.7/site-packages/airflow/example_dags/example_nested_branch_dag.py took 0.125 seconds
[2022-03-24 03:18:02,763] {processor.py:163} INFO - Started process (PID=3021) to work on /home/airflow/.local/lib/python3.7/site-packages/airflow/example_dags/example_nested_branch_dag.py
[2022-03-24 03:18:02,765] {processor.py:642} INFO - Processing file /home/airflow/.local/lib/python3.7/site-packages/airflow/example_dags/example_nested_branch_dag.py for tasks to queue
[2022-03-24 03:18:02,770] {logging_mixin.py:109} INFO - [2022-03-24 03:18:02,770] {dagbag.py:500} INFO - Filling up the DagBag from /home/airflow/.local/lib/python3.7/site-packages/airflow/example_dags/example_nested_branch_dag.py
[2022-03-24 03:18:02,810] {processor.py:654} INFO - DAG(s) dict_keys(['example_nested_branch_dag']) retrieved from /home/airflow/.local/lib/python3.7/site-packages/airflow/example_dags/example_nested_branch_dag.py
[2022-03-24 03:18:02,822] {logging_mixin.py:109} INFO - [2022-03-24 03:18:02,822] {dag.py:2398} INFO - Sync 1 DAGs
[2022-03-24 03:18:02,838] {logging_mixin.py:109} INFO - [2022-03-24 03:18:02,838] {dag.py:2937} INFO - Setting next_dagrun for example_nested_branch_dag to 2022-03-23 00:00:00+00:00
[2022-03-24 03:18:02,850] {processor.py:171} INFO - Processing /home/airflow/.local/lib/python3.7/site-packages/airflow/example_dags/example_nested_branch_dag.py took 0.091 seconds
[2022-03-24 03:18:33,093] {processor.py:163} INFO - Started process (PID=3082) to work on /home/airflow/.local/lib/python3.7/site-packages/airflow/example_dags/example_nested_branch_dag.py
[2022-03-24 03:18:33,098] {processor.py:642} INFO - Processing file /home/airflow/.local/lib/python3.7/site-packages/airflow/example_dags/example_nested_branch_dag.py for tasks to queue
[2022-03-24 03:18:33,107] {logging_mixin.py:109} INFO - [2022-03-24 03:18:33,105] {dagbag.py:500} INFO - Filling up the DagBag from /home/airflow/.local/lib/python3.7/site-packages/airflow/example_dags/example_nested_branch_dag.py
[2022-03-24 03:18:33,198] {processor.py:654} INFO - DAG(s) dict_keys(['example_nested_branch_dag']) retrieved from /home/airflow/.local/lib/python3.7/site-packages/airflow/example_dags/example_nested_branch_dag.py
[2022-03-24 03:18:33,234] {logging_mixin.py:109} INFO - [2022-03-24 03:18:33,234] {dag.py:2398} INFO - Sync 1 DAGs
[2022-03-24 03:18:33,285] {logging_mixin.py:109} INFO - [2022-03-24 03:18:33,285] {dag.py:2937} INFO - Setting next_dagrun for example_nested_branch_dag to 2022-03-23 00:00:00+00:00
[2022-03-24 03:18:33,327] {processor.py:171} INFO - Processing /home/airflow/.local/lib/python3.7/site-packages/airflow/example_dags/example_nested_branch_dag.py took 0.256 seconds
[2022-03-24 03:19:04,007] {processor.py:163} INFO - Started process (PID=3137) to work on /home/airflow/.local/lib/python3.7/site-packages/airflow/example_dags/example_nested_branch_dag.py
[2022-03-24 03:19:04,014] {processor.py:642} INFO - Processing file /home/airflow/.local/lib/python3.7/site-packages/airflow/example_dags/example_nested_branch_dag.py for tasks to queue
[2022-03-24 03:19:04,017] {logging_mixin.py:109} INFO - [2022-03-24 03:19:04,017] {dagbag.py:500} INFO - Filling up the DagBag from /home/airflow/.local/lib/python3.7/site-packages/airflow/example_dags/example_nested_branch_dag.py
[2022-03-24 03:19:04,156] {processor.py:654} INFO - DAG(s) dict_keys(['example_nested_branch_dag']) retrieved from /home/airflow/.local/lib/python3.7/site-packages/airflow/example_dags/example_nested_branch_dag.py
[2022-03-24 03:19:04,218] {logging_mixin.py:109} INFO - [2022-03-24 03:19:04,217] {dag.py:2398} INFO - Sync 1 DAGs
[2022-03-24 03:19:04,269] {logging_mixin.py:109} INFO - [2022-03-24 03:19:04,269] {dag.py:2937} INFO - Setting next_dagrun for example_nested_branch_dag to 2022-03-23 00:00:00+00:00
[2022-03-24 03:19:04,335] {processor.py:171} INFO - Processing /home/airflow/.local/lib/python3.7/site-packages/airflow/example_dags/example_nested_branch_dag.py took 0.331 seconds
[2022-03-24 03:19:34,712] {processor.py:163} INFO - Started process (PID=3190) to work on /home/airflow/.local/lib/python3.7/site-packages/airflow/example_dags/example_nested_branch_dag.py
[2022-03-24 03:19:34,724] {processor.py:642} INFO - Processing file /home/airflow/.local/lib/python3.7/site-packages/airflow/example_dags/example_nested_branch_dag.py for tasks to queue
[2022-03-24 03:19:34,729] {logging_mixin.py:109} INFO - [2022-03-24 03:19:34,728] {dagbag.py:500} INFO - Filling up the DagBag from /home/airflow/.local/lib/python3.7/site-packages/airflow/example_dags/example_nested_branch_dag.py
[2022-03-24 03:19:34,819] {processor.py:654} INFO - DAG(s) dict_keys(['example_nested_branch_dag']) retrieved from /home/airflow/.local/lib/python3.7/site-packages/airflow/example_dags/example_nested_branch_dag.py
[2022-03-24 03:19:34,851] {logging_mixin.py:109} INFO - [2022-03-24 03:19:34,851] {dag.py:2398} INFO - Sync 1 DAGs
[2022-03-24 03:19:34,890] {logging_mixin.py:109} INFO - [2022-03-24 03:19:34,890] {dag.py:2937} INFO - Setting next_dagrun for example_nested_branch_dag to 2022-03-23 00:00:00+00:00
[2022-03-24 03:19:34,935] {processor.py:171} INFO - Processing /home/airflow/.local/lib/python3.7/site-packages/airflow/example_dags/example_nested_branch_dag.py took 0.235 seconds
[2022-03-24 03:20:05,855] {processor.py:163} INFO - Started process (PID=3247) to work on /home/airflow/.local/lib/python3.7/site-packages/airflow/example_dags/example_nested_branch_dag.py
[2022-03-24 03:20:05,860] {processor.py:642} INFO - Processing file /home/airflow/.local/lib/python3.7/site-packages/airflow/example_dags/example_nested_branch_dag.py for tasks to queue
[2022-03-24 03:20:05,862] {logging_mixin.py:109} INFO - [2022-03-24 03:20:05,862] {dagbag.py:500} INFO - Filling up the DagBag from /home/airflow/.local/lib/python3.7/site-packages/airflow/example_dags/example_nested_branch_dag.py
[2022-03-24 03:20:05,906] {processor.py:654} INFO - DAG(s) dict_keys(['example_nested_branch_dag']) retrieved from /home/airflow/.local/lib/python3.7/site-packages/airflow/example_dags/example_nested_branch_dag.py
[2022-03-24 03:20:05,925] {logging_mixin.py:109} INFO - [2022-03-24 03:20:05,924] {dag.py:2398} INFO - Sync 1 DAGs
[2022-03-24 03:20:05,948] {logging_mixin.py:109} INFO - [2022-03-24 03:20:05,948] {dag.py:2937} INFO - Setting next_dagrun for example_nested_branch_dag to 2022-03-23 00:00:00+00:00
[2022-03-24 03:20:05,962] {processor.py:171} INFO - Processing /home/airflow/.local/lib/python3.7/site-packages/airflow/example_dags/example_nested_branch_dag.py took 0.110 seconds
[2022-03-24 03:20:36,571] {processor.py:163} INFO - Started process (PID=3298) to work on /home/airflow/.local/lib/python3.7/site-packages/airflow/example_dags/example_nested_branch_dag.py
[2022-03-24 03:20:36,581] {processor.py:642} INFO - Processing file /home/airflow/.local/lib/python3.7/site-packages/airflow/example_dags/example_nested_branch_dag.py for tasks to queue
[2022-03-24 03:20:36,585] {logging_mixin.py:109} INFO - [2022-03-24 03:20:36,584] {dagbag.py:500} INFO - Filling up the DagBag from /home/airflow/.local/lib/python3.7/site-packages/airflow/example_dags/example_nested_branch_dag.py
[2022-03-24 03:20:36,629] {processor.py:654} INFO - DAG(s) dict_keys(['example_nested_branch_dag']) retrieved from /home/airflow/.local/lib/python3.7/site-packages/airflow/example_dags/example_nested_branch_dag.py
[2022-03-24 03:20:36,645] {logging_mixin.py:109} INFO - [2022-03-24 03:20:36,645] {dag.py:2398} INFO - Sync 1 DAGs
[2022-03-24 03:20:36,666] {logging_mixin.py:109} INFO - [2022-03-24 03:20:36,666] {dag.py:2937} INFO - Setting next_dagrun for example_nested_branch_dag to 2022-03-23 00:00:00+00:00
[2022-03-24 03:20:36,679] {processor.py:171} INFO - Processing /home/airflow/.local/lib/python3.7/site-packages/airflow/example_dags/example_nested_branch_dag.py took 0.115 seconds
