[2022-03-24 02:49:54,160] {processor.py:163} INFO - Started process (PID=194) to work on /home/airflow/.local/lib/python3.7/site-packages/airflow/example_dags/example_python_operator.py
[2022-03-24 02:49:54,165] {processor.py:642} INFO - Processing file /home/airflow/.local/lib/python3.7/site-packages/airflow/example_dags/example_python_operator.py for tasks to queue
[2022-03-24 02:49:54,167] {logging_mixin.py:109} INFO - [2022-03-24 02:49:54,166] {dagbag.py:500} INFO - Filling up the DagBag from /home/airflow/.local/lib/python3.7/site-packages/airflow/example_dags/example_python_operator.py
[2022-03-24 02:49:54,231] {processor.py:654} INFO - DAG(s) dict_keys(['example_python_operator']) retrieved from /home/airflow/.local/lib/python3.7/site-packages/airflow/example_dags/example_python_operator.py
[2022-03-24 02:49:57,447] {logging_mixin.py:109} INFO - [2022-03-24 02:49:57,447] {manager.py:496} INFO - Created Permission View: can edit on DAG:example_python_operator
[2022-03-24 02:49:57,488] {logging_mixin.py:109} INFO - [2022-03-24 02:49:57,478] {manager.py:496} INFO - Created Permission View: can read on DAG:example_python_operator
[2022-03-24 02:49:57,499] {logging_mixin.py:109} INFO - [2022-03-24 02:49:57,496] {dag.py:2398} INFO - Sync 1 DAGs
[2022-03-24 02:49:57,535] {logging_mixin.py:109} INFO - [2022-03-24 02:49:57,535] {dag.py:2417} INFO - Creating ORM DAG for example_python_operator
[2022-03-24 02:49:57,555] {logging_mixin.py:109} INFO - [2022-03-24 02:49:57,555] {dag.py:2937} INFO - Setting next_dagrun for example_python_operator to None
[2022-03-24 02:49:57,597] {processor.py:171} INFO - Processing /home/airflow/.local/lib/python3.7/site-packages/airflow/example_dags/example_python_operator.py took 3.441 seconds
[2022-03-24 02:50:45,946] {processor.py:163} INFO - Started process (PID=292) to work on /home/airflow/.local/lib/python3.7/site-packages/airflow/example_dags/example_python_operator.py
[2022-03-24 02:50:45,954] {processor.py:642} INFO - Processing file /home/airflow/.local/lib/python3.7/site-packages/airflow/example_dags/example_python_operator.py for tasks to queue
[2022-03-24 02:50:45,958] {logging_mixin.py:109} INFO - [2022-03-24 02:50:45,958] {dagbag.py:500} INFO - Filling up the DagBag from /home/airflow/.local/lib/python3.7/site-packages/airflow/example_dags/example_python_operator.py
[2022-03-24 02:50:46,015] {processor.py:654} INFO - DAG(s) dict_keys(['example_python_operator']) retrieved from /home/airflow/.local/lib/python3.7/site-packages/airflow/example_dags/example_python_operator.py
[2022-03-24 02:50:46,028] {logging_mixin.py:109} INFO - [2022-03-24 02:50:46,028] {dag.py:2398} INFO - Sync 1 DAGs
[2022-03-24 02:50:46,048] {logging_mixin.py:109} INFO - [2022-03-24 02:50:46,048] {dag.py:2937} INFO - Setting next_dagrun for example_python_operator to None
[2022-03-24 02:50:46,063] {processor.py:171} INFO - Processing /home/airflow/.local/lib/python3.7/site-packages/airflow/example_dags/example_python_operator.py took 0.126 seconds
[2022-03-24 02:51:17,762] {processor.py:163} INFO - Started process (PID=344) to work on /home/airflow/.local/lib/python3.7/site-packages/airflow/example_dags/example_python_operator.py
[2022-03-24 02:51:17,772] {processor.py:642} INFO - Processing file /home/airflow/.local/lib/python3.7/site-packages/airflow/example_dags/example_python_operator.py for tasks to queue
[2022-03-24 02:51:17,780] {logging_mixin.py:109} INFO - [2022-03-24 02:51:17,780] {dagbag.py:500} INFO - Filling up the DagBag from /home/airflow/.local/lib/python3.7/site-packages/airflow/example_dags/example_python_operator.py
[2022-03-24 02:51:17,978] {processor.py:654} INFO - DAG(s) dict_keys(['example_python_operator']) retrieved from /home/airflow/.local/lib/python3.7/site-packages/airflow/example_dags/example_python_operator.py
[2022-03-24 02:51:18,053] {logging_mixin.py:109} INFO - [2022-03-24 02:51:18,053] {dag.py:2398} INFO - Sync 1 DAGs
[2022-03-24 02:51:18,122] {logging_mixin.py:109} INFO - [2022-03-24 02:51:18,121] {dag.py:2937} INFO - Setting next_dagrun for example_python_operator to None
[2022-03-24 02:51:18,168] {processor.py:171} INFO - Processing /home/airflow/.local/lib/python3.7/site-packages/airflow/example_dags/example_python_operator.py took 0.471 seconds
[2022-03-24 02:51:48,950] {processor.py:163} INFO - Started process (PID=401) to work on /home/airflow/.local/lib/python3.7/site-packages/airflow/example_dags/example_python_operator.py
[2022-03-24 02:51:48,959] {processor.py:642} INFO - Processing file /home/airflow/.local/lib/python3.7/site-packages/airflow/example_dags/example_python_operator.py for tasks to queue
[2022-03-24 02:51:48,965] {logging_mixin.py:109} INFO - [2022-03-24 02:51:48,964] {dagbag.py:500} INFO - Filling up the DagBag from /home/airflow/.local/lib/python3.7/site-packages/airflow/example_dags/example_python_operator.py
[2022-03-24 02:51:49,221] {processor.py:654} INFO - DAG(s) dict_keys(['example_python_operator']) retrieved from /home/airflow/.local/lib/python3.7/site-packages/airflow/example_dags/example_python_operator.py
[2022-03-24 02:51:49,291] {logging_mixin.py:109} INFO - [2022-03-24 02:51:49,291] {dag.py:2398} INFO - Sync 1 DAGs
[2022-03-24 02:51:49,380] {logging_mixin.py:109} INFO - [2022-03-24 02:51:49,379] {dag.py:2937} INFO - Setting next_dagrun for example_python_operator to None
[2022-03-24 02:51:49,455] {processor.py:171} INFO - Processing /home/airflow/.local/lib/python3.7/site-packages/airflow/example_dags/example_python_operator.py took 0.526 seconds
[2022-03-24 02:52:20,316] {processor.py:163} INFO - Started process (PID=454) to work on /home/airflow/.local/lib/python3.7/site-packages/airflow/example_dags/example_python_operator.py
[2022-03-24 02:52:20,323] {processor.py:642} INFO - Processing file /home/airflow/.local/lib/python3.7/site-packages/airflow/example_dags/example_python_operator.py for tasks to queue
[2022-03-24 02:52:20,327] {logging_mixin.py:109} INFO - [2022-03-24 02:52:20,327] {dagbag.py:500} INFO - Filling up the DagBag from /home/airflow/.local/lib/python3.7/site-packages/airflow/example_dags/example_python_operator.py
[2022-03-24 02:52:20,474] {processor.py:654} INFO - DAG(s) dict_keys(['example_python_operator']) retrieved from /home/airflow/.local/lib/python3.7/site-packages/airflow/example_dags/example_python_operator.py
[2022-03-24 02:52:20,522] {logging_mixin.py:109} INFO - [2022-03-24 02:52:20,522] {dag.py:2398} INFO - Sync 1 DAGs
[2022-03-24 02:52:20,582] {logging_mixin.py:109} INFO - [2022-03-24 02:52:20,582] {dag.py:2937} INFO - Setting next_dagrun for example_python_operator to None
[2022-03-24 02:52:20,630] {processor.py:171} INFO - Processing /home/airflow/.local/lib/python3.7/site-packages/airflow/example_dags/example_python_operator.py took 0.330 seconds
[2022-03-24 02:52:51,076] {processor.py:163} INFO - Started process (PID=504) to work on /home/airflow/.local/lib/python3.7/site-packages/airflow/example_dags/example_python_operator.py
[2022-03-24 02:52:51,086] {processor.py:642} INFO - Processing file /home/airflow/.local/lib/python3.7/site-packages/airflow/example_dags/example_python_operator.py for tasks to queue
[2022-03-24 02:52:51,088] {logging_mixin.py:109} INFO - [2022-03-24 02:52:51,088] {dagbag.py:500} INFO - Filling up the DagBag from /home/airflow/.local/lib/python3.7/site-packages/airflow/example_dags/example_python_operator.py
[2022-03-24 02:52:51,163] {processor.py:654} INFO - DAG(s) dict_keys(['example_python_operator']) retrieved from /home/airflow/.local/lib/python3.7/site-packages/airflow/example_dags/example_python_operator.py
[2022-03-24 02:52:51,307] {logging_mixin.py:109} INFO - [2022-03-24 02:52:51,306] {dag.py:2398} INFO - Sync 1 DAGs
[2022-03-24 02:52:51,519] {logging_mixin.py:109} INFO - [2022-03-24 02:52:51,518] {dag.py:2937} INFO - Setting next_dagrun for example_python_operator to None
[2022-03-24 02:52:51,694] {processor.py:171} INFO - Processing /home/airflow/.local/lib/python3.7/site-packages/airflow/example_dags/example_python_operator.py took 0.622 seconds
[2022-03-24 02:53:22,533] {processor.py:163} INFO - Started process (PID=553) to work on /home/airflow/.local/lib/python3.7/site-packages/airflow/example_dags/example_python_operator.py
[2022-03-24 02:53:22,546] {processor.py:642} INFO - Processing file /home/airflow/.local/lib/python3.7/site-packages/airflow/example_dags/example_python_operator.py for tasks to queue
[2022-03-24 02:53:22,553] {logging_mixin.py:109} INFO - [2022-03-24 02:53:22,552] {dagbag.py:500} INFO - Filling up the DagBag from /home/airflow/.local/lib/python3.7/site-packages/airflow/example_dags/example_python_operator.py
[2022-03-24 02:53:22,607] {processor.py:654} INFO - DAG(s) dict_keys(['example_python_operator']) retrieved from /home/airflow/.local/lib/python3.7/site-packages/airflow/example_dags/example_python_operator.py
[2022-03-24 02:53:22,637] {logging_mixin.py:109} INFO - [2022-03-24 02:53:22,637] {dag.py:2398} INFO - Sync 1 DAGs
[2022-03-24 02:53:22,681] {logging_mixin.py:109} INFO - [2022-03-24 02:53:22,681] {dag.py:2937} INFO - Setting next_dagrun for example_python_operator to None
[2022-03-24 02:53:22,706] {processor.py:171} INFO - Processing /home/airflow/.local/lib/python3.7/site-packages/airflow/example_dags/example_python_operator.py took 0.186 seconds
[2022-03-24 02:53:52,842] {processor.py:163} INFO - Started process (PID=602) to work on /home/airflow/.local/lib/python3.7/site-packages/airflow/example_dags/example_python_operator.py
[2022-03-24 02:53:52,849] {processor.py:642} INFO - Processing file /home/airflow/.local/lib/python3.7/site-packages/airflow/example_dags/example_python_operator.py for tasks to queue
[2022-03-24 02:53:52,855] {logging_mixin.py:109} INFO - [2022-03-24 02:53:52,854] {dagbag.py:500} INFO - Filling up the DagBag from /home/airflow/.local/lib/python3.7/site-packages/airflow/example_dags/example_python_operator.py
[2022-03-24 02:53:53,041] {processor.py:654} INFO - DAG(s) dict_keys(['example_python_operator']) retrieved from /home/airflow/.local/lib/python3.7/site-packages/airflow/example_dags/example_python_operator.py
[2022-03-24 02:53:53,702] {logging_mixin.py:109} INFO - [2022-03-24 02:53:53,702] {dag.py:2398} INFO - Sync 1 DAGs
[2022-03-24 02:53:54,171] {logging_mixin.py:109} INFO - [2022-03-24 02:53:54,171] {dag.py:2937} INFO - Setting next_dagrun for example_python_operator to None
[2022-03-24 02:53:54,921] {processor.py:171} INFO - Processing /home/airflow/.local/lib/python3.7/site-packages/airflow/example_dags/example_python_operator.py took 2.092 seconds
[2022-03-24 02:54:25,698] {processor.py:163} INFO - Started process (PID=653) to work on /home/airflow/.local/lib/python3.7/site-packages/airflow/example_dags/example_python_operator.py
[2022-03-24 02:54:25,776] {processor.py:642} INFO - Processing file /home/airflow/.local/lib/python3.7/site-packages/airflow/example_dags/example_python_operator.py for tasks to queue
[2022-03-24 02:54:25,778] {logging_mixin.py:109} INFO - [2022-03-24 02:54:25,777] {dagbag.py:500} INFO - Filling up the DagBag from /home/airflow/.local/lib/python3.7/site-packages/airflow/example_dags/example_python_operator.py
[2022-03-24 02:54:25,839] {processor.py:654} INFO - DAG(s) dict_keys(['example_python_operator']) retrieved from /home/airflow/.local/lib/python3.7/site-packages/airflow/example_dags/example_python_operator.py
[2022-03-24 02:54:25,886] {logging_mixin.py:109} INFO - [2022-03-24 02:54:25,886] {dag.py:2398} INFO - Sync 1 DAGs
[2022-03-24 02:54:26,160] {logging_mixin.py:109} INFO - [2022-03-24 02:54:26,160] {dag.py:2937} INFO - Setting next_dagrun for example_python_operator to None
[2022-03-24 02:54:26,204] {processor.py:171} INFO - Processing /home/airflow/.local/lib/python3.7/site-packages/airflow/example_dags/example_python_operator.py took 0.511 seconds
[2022-03-24 02:54:56,359] {processor.py:163} INFO - Started process (PID=703) to work on /home/airflow/.local/lib/python3.7/site-packages/airflow/example_dags/example_python_operator.py
[2022-03-24 02:54:56,375] {processor.py:642} INFO - Processing file /home/airflow/.local/lib/python3.7/site-packages/airflow/example_dags/example_python_operator.py for tasks to queue
[2022-03-24 02:54:56,380] {logging_mixin.py:109} INFO - [2022-03-24 02:54:56,379] {dagbag.py:500} INFO - Filling up the DagBag from /home/airflow/.local/lib/python3.7/site-packages/airflow/example_dags/example_python_operator.py
[2022-03-24 02:54:56,440] {processor.py:654} INFO - DAG(s) dict_keys(['example_python_operator']) retrieved from /home/airflow/.local/lib/python3.7/site-packages/airflow/example_dags/example_python_operator.py
[2022-03-24 02:54:56,457] {logging_mixin.py:109} INFO - [2022-03-24 02:54:56,456] {dag.py:2398} INFO - Sync 1 DAGs
[2022-03-24 02:54:56,483] {logging_mixin.py:109} INFO - [2022-03-24 02:54:56,483] {dag.py:2937} INFO - Setting next_dagrun for example_python_operator to None
[2022-03-24 02:54:56,494] {processor.py:171} INFO - Processing /home/airflow/.local/lib/python3.7/site-packages/airflow/example_dags/example_python_operator.py took 0.160 seconds
[2022-03-24 02:55:27,246] {processor.py:163} INFO - Started process (PID=755) to work on /home/airflow/.local/lib/python3.7/site-packages/airflow/example_dags/example_python_operator.py
[2022-03-24 02:55:27,252] {processor.py:642} INFO - Processing file /home/airflow/.local/lib/python3.7/site-packages/airflow/example_dags/example_python_operator.py for tasks to queue
[2022-03-24 02:55:27,253] {logging_mixin.py:109} INFO - [2022-03-24 02:55:27,253] {dagbag.py:500} INFO - Filling up the DagBag from /home/airflow/.local/lib/python3.7/site-packages/airflow/example_dags/example_python_operator.py
[2022-03-24 02:55:27,388] {processor.py:654} INFO - DAG(s) dict_keys(['example_python_operator']) retrieved from /home/airflow/.local/lib/python3.7/site-packages/airflow/example_dags/example_python_operator.py
[2022-03-24 02:55:27,446] {logging_mixin.py:109} INFO - [2022-03-24 02:55:27,446] {dag.py:2398} INFO - Sync 1 DAGs
[2022-03-24 02:55:27,495] {logging_mixin.py:109} INFO - [2022-03-24 02:55:27,495] {dag.py:2937} INFO - Setting next_dagrun for example_python_operator to None
[2022-03-24 02:55:27,574] {processor.py:171} INFO - Processing /home/airflow/.local/lib/python3.7/site-packages/airflow/example_dags/example_python_operator.py took 0.341 seconds
[2022-03-24 02:55:57,957] {processor.py:163} INFO - Started process (PID=805) to work on /home/airflow/.local/lib/python3.7/site-packages/airflow/example_dags/example_python_operator.py
[2022-03-24 02:55:57,966] {processor.py:642} INFO - Processing file /home/airflow/.local/lib/python3.7/site-packages/airflow/example_dags/example_python_operator.py for tasks to queue
[2022-03-24 02:55:57,975] {logging_mixin.py:109} INFO - [2022-03-24 02:55:57,973] {dagbag.py:500} INFO - Filling up the DagBag from /home/airflow/.local/lib/python3.7/site-packages/airflow/example_dags/example_python_operator.py
[2022-03-24 02:55:58,112] {processor.py:654} INFO - DAG(s) dict_keys(['example_python_operator']) retrieved from /home/airflow/.local/lib/python3.7/site-packages/airflow/example_dags/example_python_operator.py
[2022-03-24 02:55:58,152] {logging_mixin.py:109} INFO - [2022-03-24 02:55:58,152] {dag.py:2398} INFO - Sync 1 DAGs
[2022-03-24 02:55:58,218] {logging_mixin.py:109} INFO - [2022-03-24 02:55:58,218] {dag.py:2937} INFO - Setting next_dagrun for example_python_operator to None
[2022-03-24 02:55:58,260] {processor.py:171} INFO - Processing /home/airflow/.local/lib/python3.7/site-packages/airflow/example_dags/example_python_operator.py took 0.331 seconds
[2022-03-24 02:56:38,480] {processor.py:163} INFO - Started process (PID=852) to work on /home/airflow/.local/lib/python3.7/site-packages/airflow/example_dags/example_python_operator.py
[2022-03-24 02:56:38,484] {processor.py:642} INFO - Processing file /home/airflow/.local/lib/python3.7/site-packages/airflow/example_dags/example_python_operator.py for tasks to queue
[2022-03-24 02:56:38,507] {logging_mixin.py:109} INFO - [2022-03-24 02:56:38,505] {dagbag.py:500} INFO - Filling up the DagBag from /home/airflow/.local/lib/python3.7/site-packages/airflow/example_dags/example_python_operator.py
[2022-03-24 02:56:39,094] {processor.py:654} INFO - DAG(s) dict_keys(['example_python_operator']) retrieved from /home/airflow/.local/lib/python3.7/site-packages/airflow/example_dags/example_python_operator.py
[2022-03-24 02:56:39,288] {logging_mixin.py:109} INFO - [2022-03-24 02:56:39,288] {dag.py:2398} INFO - Sync 1 DAGs
[2022-03-24 02:56:39,400] {logging_mixin.py:109} INFO - [2022-03-24 02:56:39,400] {dag.py:2937} INFO - Setting next_dagrun for example_python_operator to None
[2022-03-24 02:56:39,483] {processor.py:171} INFO - Processing /home/airflow/.local/lib/python3.7/site-packages/airflow/example_dags/example_python_operator.py took 1.023 seconds
[2022-03-24 02:57:10,366] {processor.py:163} INFO - Started process (PID=902) to work on /home/airflow/.local/lib/python3.7/site-packages/airflow/example_dags/example_python_operator.py
[2022-03-24 02:57:10,374] {processor.py:642} INFO - Processing file /home/airflow/.local/lib/python3.7/site-packages/airflow/example_dags/example_python_operator.py for tasks to queue
[2022-03-24 02:57:10,384] {logging_mixin.py:109} INFO - [2022-03-24 02:57:10,382] {dagbag.py:500} INFO - Filling up the DagBag from /home/airflow/.local/lib/python3.7/site-packages/airflow/example_dags/example_python_operator.py
[2022-03-24 02:57:10,525] {processor.py:654} INFO - DAG(s) dict_keys(['example_python_operator']) retrieved from /home/airflow/.local/lib/python3.7/site-packages/airflow/example_dags/example_python_operator.py
[2022-03-24 02:57:10,572] {logging_mixin.py:109} INFO - [2022-03-24 02:57:10,572] {dag.py:2398} INFO - Sync 1 DAGs
[2022-03-24 02:57:10,646] {logging_mixin.py:109} INFO - [2022-03-24 02:57:10,646] {dag.py:2937} INFO - Setting next_dagrun for example_python_operator to None
[2022-03-24 02:57:10,691] {processor.py:171} INFO - Processing /home/airflow/.local/lib/python3.7/site-packages/airflow/example_dags/example_python_operator.py took 0.349 seconds
[2022-03-24 02:57:41,139] {processor.py:163} INFO - Started process (PID=960) to work on /home/airflow/.local/lib/python3.7/site-packages/airflow/example_dags/example_python_operator.py
[2022-03-24 02:57:41,156] {processor.py:642} INFO - Processing file /home/airflow/.local/lib/python3.7/site-packages/airflow/example_dags/example_python_operator.py for tasks to queue
[2022-03-24 02:57:41,159] {logging_mixin.py:109} INFO - [2022-03-24 02:57:41,158] {dagbag.py:500} INFO - Filling up the DagBag from /home/airflow/.local/lib/python3.7/site-packages/airflow/example_dags/example_python_operator.py
[2022-03-24 02:57:41,360] {processor.py:654} INFO - DAG(s) dict_keys(['example_python_operator']) retrieved from /home/airflow/.local/lib/python3.7/site-packages/airflow/example_dags/example_python_operator.py
[2022-03-24 02:57:41,413] {logging_mixin.py:109} INFO - [2022-03-24 02:57:41,413] {dag.py:2398} INFO - Sync 1 DAGs
[2022-03-24 02:57:41,483] {logging_mixin.py:109} INFO - [2022-03-24 02:57:41,483] {dag.py:2937} INFO - Setting next_dagrun for example_python_operator to None
[2022-03-24 02:57:41,553] {processor.py:171} INFO - Processing /home/airflow/.local/lib/python3.7/site-packages/airflow/example_dags/example_python_operator.py took 0.424 seconds
[2022-03-24 02:58:11,695] {processor.py:163} INFO - Started process (PID=1014) to work on /home/airflow/.local/lib/python3.7/site-packages/airflow/example_dags/example_python_operator.py
[2022-03-24 02:58:11,700] {processor.py:642} INFO - Processing file /home/airflow/.local/lib/python3.7/site-packages/airflow/example_dags/example_python_operator.py for tasks to queue
[2022-03-24 02:58:11,702] {logging_mixin.py:109} INFO - [2022-03-24 02:58:11,702] {dagbag.py:500} INFO - Filling up the DagBag from /home/airflow/.local/lib/python3.7/site-packages/airflow/example_dags/example_python_operator.py
[2022-03-24 02:58:11,812] {processor.py:654} INFO - DAG(s) dict_keys(['example_python_operator']) retrieved from /home/airflow/.local/lib/python3.7/site-packages/airflow/example_dags/example_python_operator.py
[2022-03-24 02:58:11,873] {logging_mixin.py:109} INFO - [2022-03-24 02:58:11,873] {dag.py:2398} INFO - Sync 1 DAGs
[2022-03-24 02:58:11,903] {logging_mixin.py:109} INFO - [2022-03-24 02:58:11,902] {dag.py:2937} INFO - Setting next_dagrun for example_python_operator to None
[2022-03-24 02:58:11,925] {processor.py:171} INFO - Processing /home/airflow/.local/lib/python3.7/site-packages/airflow/example_dags/example_python_operator.py took 0.238 seconds
[2022-03-24 02:58:43,122] {processor.py:163} INFO - Started process (PID=1067) to work on /home/airflow/.local/lib/python3.7/site-packages/airflow/example_dags/example_python_operator.py
[2022-03-24 02:58:43,135] {processor.py:642} INFO - Processing file /home/airflow/.local/lib/python3.7/site-packages/airflow/example_dags/example_python_operator.py for tasks to queue
[2022-03-24 02:58:43,138] {logging_mixin.py:109} INFO - [2022-03-24 02:58:43,138] {dagbag.py:500} INFO - Filling up the DagBag from /home/airflow/.local/lib/python3.7/site-packages/airflow/example_dags/example_python_operator.py
[2022-03-24 02:58:43,191] {processor.py:654} INFO - DAG(s) dict_keys(['example_python_operator']) retrieved from /home/airflow/.local/lib/python3.7/site-packages/airflow/example_dags/example_python_operator.py
[2022-03-24 02:58:43,408] {logging_mixin.py:109} INFO - [2022-03-24 02:58:43,408] {dag.py:2398} INFO - Sync 1 DAGs
[2022-03-24 02:58:43,640] {logging_mixin.py:109} INFO - [2022-03-24 02:58:43,640] {dag.py:2937} INFO - Setting next_dagrun for example_python_operator to None
[2022-03-24 02:58:44,446] {processor.py:171} INFO - Processing /home/airflow/.local/lib/python3.7/site-packages/airflow/example_dags/example_python_operator.py took 1.328 seconds
[2022-03-24 02:59:14,555] {processor.py:163} INFO - Started process (PID=1119) to work on /home/airflow/.local/lib/python3.7/site-packages/airflow/example_dags/example_python_operator.py
[2022-03-24 02:59:14,585] {processor.py:642} INFO - Processing file /home/airflow/.local/lib/python3.7/site-packages/airflow/example_dags/example_python_operator.py for tasks to queue
[2022-03-24 02:59:14,592] {logging_mixin.py:109} INFO - [2022-03-24 02:59:14,591] {dagbag.py:500} INFO - Filling up the DagBag from /home/airflow/.local/lib/python3.7/site-packages/airflow/example_dags/example_python_operator.py
[2022-03-24 02:59:14,728] {processor.py:654} INFO - DAG(s) dict_keys(['example_python_operator']) retrieved from /home/airflow/.local/lib/python3.7/site-packages/airflow/example_dags/example_python_operator.py
[2022-03-24 02:59:14,755] {logging_mixin.py:109} INFO - [2022-03-24 02:59:14,755] {dag.py:2398} INFO - Sync 1 DAGs
[2022-03-24 02:59:14,788] {logging_mixin.py:109} INFO - [2022-03-24 02:59:14,788] {dag.py:2937} INFO - Setting next_dagrun for example_python_operator to None
[2022-03-24 02:59:14,836] {processor.py:171} INFO - Processing /home/airflow/.local/lib/python3.7/site-packages/airflow/example_dags/example_python_operator.py took 0.297 seconds
[2022-03-24 02:59:45,523] {processor.py:163} INFO - Started process (PID=1171) to work on /home/airflow/.local/lib/python3.7/site-packages/airflow/example_dags/example_python_operator.py
[2022-03-24 02:59:45,527] {processor.py:642} INFO - Processing file /home/airflow/.local/lib/python3.7/site-packages/airflow/example_dags/example_python_operator.py for tasks to queue
[2022-03-24 02:59:45,530] {logging_mixin.py:109} INFO - [2022-03-24 02:59:45,530] {dagbag.py:500} INFO - Filling up the DagBag from /home/airflow/.local/lib/python3.7/site-packages/airflow/example_dags/example_python_operator.py
[2022-03-24 02:59:45,583] {processor.py:654} INFO - DAG(s) dict_keys(['example_python_operator']) retrieved from /home/airflow/.local/lib/python3.7/site-packages/airflow/example_dags/example_python_operator.py
[2022-03-24 02:59:45,597] {logging_mixin.py:109} INFO - [2022-03-24 02:59:45,596] {dag.py:2398} INFO - Sync 1 DAGs
[2022-03-24 02:59:45,612] {logging_mixin.py:109} INFO - [2022-03-24 02:59:45,612] {dag.py:2937} INFO - Setting next_dagrun for example_python_operator to None
[2022-03-24 02:59:45,623] {processor.py:171} INFO - Processing /home/airflow/.local/lib/python3.7/site-packages/airflow/example_dags/example_python_operator.py took 0.115 seconds
[2022-03-24 03:00:16,046] {processor.py:163} INFO - Started process (PID=1221) to work on /home/airflow/.local/lib/python3.7/site-packages/airflow/example_dags/example_python_operator.py
[2022-03-24 03:00:16,269] {processor.py:642} INFO - Processing file /home/airflow/.local/lib/python3.7/site-packages/airflow/example_dags/example_python_operator.py for tasks to queue
[2022-03-24 03:00:16,276] {logging_mixin.py:109} INFO - [2022-03-24 03:00:16,276] {dagbag.py:500} INFO - Filling up the DagBag from /home/airflow/.local/lib/python3.7/site-packages/airflow/example_dags/example_python_operator.py
[2022-03-24 03:00:16,591] {processor.py:654} INFO - DAG(s) dict_keys(['example_python_operator']) retrieved from /home/airflow/.local/lib/python3.7/site-packages/airflow/example_dags/example_python_operator.py
[2022-03-24 03:00:16,791] {logging_mixin.py:109} INFO - [2022-03-24 03:00:16,791] {dag.py:2398} INFO - Sync 1 DAGs
[2022-03-24 03:00:16,810] {logging_mixin.py:109} INFO - [2022-03-24 03:00:16,810] {dag.py:2937} INFO - Setting next_dagrun for example_python_operator to None
[2022-03-24 03:00:16,832] {processor.py:171} INFO - Processing /home/airflow/.local/lib/python3.7/site-packages/airflow/example_dags/example_python_operator.py took 0.794 seconds
[2022-03-24 03:00:47,201] {processor.py:163} INFO - Started process (PID=1271) to work on /home/airflow/.local/lib/python3.7/site-packages/airflow/example_dags/example_python_operator.py
[2022-03-24 03:00:47,209] {processor.py:642} INFO - Processing file /home/airflow/.local/lib/python3.7/site-packages/airflow/example_dags/example_python_operator.py for tasks to queue
[2022-03-24 03:00:47,212] {logging_mixin.py:109} INFO - [2022-03-24 03:00:47,211] {dagbag.py:500} INFO - Filling up the DagBag from /home/airflow/.local/lib/python3.7/site-packages/airflow/example_dags/example_python_operator.py
[2022-03-24 03:00:47,284] {processor.py:654} INFO - DAG(s) dict_keys(['example_python_operator']) retrieved from /home/airflow/.local/lib/python3.7/site-packages/airflow/example_dags/example_python_operator.py
[2022-03-24 03:00:47,314] {logging_mixin.py:109} INFO - [2022-03-24 03:00:47,313] {dag.py:2398} INFO - Sync 1 DAGs
[2022-03-24 03:00:47,359] {logging_mixin.py:109} INFO - [2022-03-24 03:00:47,358] {dag.py:2937} INFO - Setting next_dagrun for example_python_operator to None
[2022-03-24 03:00:47,383] {processor.py:171} INFO - Processing /home/airflow/.local/lib/python3.7/site-packages/airflow/example_dags/example_python_operator.py took 0.190 seconds
[2022-03-24 03:01:17,508] {processor.py:163} INFO - Started process (PID=1323) to work on /home/airflow/.local/lib/python3.7/site-packages/airflow/example_dags/example_python_operator.py
[2022-03-24 03:01:17,516] {processor.py:642} INFO - Processing file /home/airflow/.local/lib/python3.7/site-packages/airflow/example_dags/example_python_operator.py for tasks to queue
[2022-03-24 03:01:17,519] {logging_mixin.py:109} INFO - [2022-03-24 03:01:17,519] {dagbag.py:500} INFO - Filling up the DagBag from /home/airflow/.local/lib/python3.7/site-packages/airflow/example_dags/example_python_operator.py
[2022-03-24 03:01:17,634] {processor.py:654} INFO - DAG(s) dict_keys(['example_python_operator']) retrieved from /home/airflow/.local/lib/python3.7/site-packages/airflow/example_dags/example_python_operator.py
[2022-03-24 03:01:17,977] {logging_mixin.py:109} INFO - [2022-03-24 03:01:17,976] {dag.py:2398} INFO - Sync 1 DAGs
[2022-03-24 03:01:18,557] {logging_mixin.py:109} INFO - [2022-03-24 03:01:18,557] {dag.py:2937} INFO - Setting next_dagrun for example_python_operator to None
[2022-03-24 03:01:19,505] {processor.py:171} INFO - Processing /home/airflow/.local/lib/python3.7/site-packages/airflow/example_dags/example_python_operator.py took 2.003 seconds
[2022-03-24 03:01:50,089] {processor.py:163} INFO - Started process (PID=1375) to work on /home/airflow/.local/lib/python3.7/site-packages/airflow/example_dags/example_python_operator.py
[2022-03-24 03:01:50,338] {processor.py:642} INFO - Processing file /home/airflow/.local/lib/python3.7/site-packages/airflow/example_dags/example_python_operator.py for tasks to queue
[2022-03-24 03:01:50,341] {logging_mixin.py:109} INFO - [2022-03-24 03:01:50,341] {dagbag.py:500} INFO - Filling up the DagBag from /home/airflow/.local/lib/python3.7/site-packages/airflow/example_dags/example_python_operator.py
[2022-03-24 03:01:50,402] {processor.py:654} INFO - DAG(s) dict_keys(['example_python_operator']) retrieved from /home/airflow/.local/lib/python3.7/site-packages/airflow/example_dags/example_python_operator.py
[2022-03-24 03:01:50,761] {logging_mixin.py:109} INFO - [2022-03-24 03:01:50,761] {dag.py:2398} INFO - Sync 1 DAGs
[2022-03-24 03:01:50,945] {logging_mixin.py:109} INFO - [2022-03-24 03:01:50,945] {dag.py:2937} INFO - Setting next_dagrun for example_python_operator to None
[2022-03-24 03:01:50,967] {processor.py:171} INFO - Processing /home/airflow/.local/lib/python3.7/site-packages/airflow/example_dags/example_python_operator.py took 0.894 seconds
[2022-03-24 03:02:21,439] {processor.py:163} INFO - Started process (PID=1426) to work on /home/airflow/.local/lib/python3.7/site-packages/airflow/example_dags/example_python_operator.py
[2022-03-24 03:02:21,443] {processor.py:642} INFO - Processing file /home/airflow/.local/lib/python3.7/site-packages/airflow/example_dags/example_python_operator.py for tasks to queue
[2022-03-24 03:02:21,445] {logging_mixin.py:109} INFO - [2022-03-24 03:02:21,444] {dagbag.py:500} INFO - Filling up the DagBag from /home/airflow/.local/lib/python3.7/site-packages/airflow/example_dags/example_python_operator.py
[2022-03-24 03:02:21,486] {processor.py:654} INFO - DAG(s) dict_keys(['example_python_operator']) retrieved from /home/airflow/.local/lib/python3.7/site-packages/airflow/example_dags/example_python_operator.py
[2022-03-24 03:02:21,508] {logging_mixin.py:109} INFO - [2022-03-24 03:02:21,508] {dag.py:2398} INFO - Sync 1 DAGs
[2022-03-24 03:02:21,531] {logging_mixin.py:109} INFO - [2022-03-24 03:02:21,531] {dag.py:2937} INFO - Setting next_dagrun for example_python_operator to None
[2022-03-24 03:02:21,548] {processor.py:171} INFO - Processing /home/airflow/.local/lib/python3.7/site-packages/airflow/example_dags/example_python_operator.py took 0.113 seconds
[2022-03-24 03:02:51,813] {processor.py:163} INFO - Started process (PID=1478) to work on /home/airflow/.local/lib/python3.7/site-packages/airflow/example_dags/example_python_operator.py
[2022-03-24 03:02:51,822] {processor.py:642} INFO - Processing file /home/airflow/.local/lib/python3.7/site-packages/airflow/example_dags/example_python_operator.py for tasks to queue
[2022-03-24 03:02:51,824] {logging_mixin.py:109} INFO - [2022-03-24 03:02:51,824] {dagbag.py:500} INFO - Filling up the DagBag from /home/airflow/.local/lib/python3.7/site-packages/airflow/example_dags/example_python_operator.py
[2022-03-24 03:02:51,884] {processor.py:654} INFO - DAG(s) dict_keys(['example_python_operator']) retrieved from /home/airflow/.local/lib/python3.7/site-packages/airflow/example_dags/example_python_operator.py
[2022-03-24 03:02:51,897] {logging_mixin.py:109} INFO - [2022-03-24 03:02:51,897] {dag.py:2398} INFO - Sync 1 DAGs
[2022-03-24 03:02:51,919] {logging_mixin.py:109} INFO - [2022-03-24 03:02:51,919] {dag.py:2937} INFO - Setting next_dagrun for example_python_operator to None
[2022-03-24 03:02:51,937] {processor.py:171} INFO - Processing /home/airflow/.local/lib/python3.7/site-packages/airflow/example_dags/example_python_operator.py took 0.132 seconds
[2022-03-24 03:03:22,126] {processor.py:163} INFO - Started process (PID=1540) to work on /home/airflow/.local/lib/python3.7/site-packages/airflow/example_dags/example_python_operator.py
[2022-03-24 03:03:22,133] {processor.py:642} INFO - Processing file /home/airflow/.local/lib/python3.7/site-packages/airflow/example_dags/example_python_operator.py for tasks to queue
[2022-03-24 03:03:22,136] {logging_mixin.py:109} INFO - [2022-03-24 03:03:22,135] {dagbag.py:500} INFO - Filling up the DagBag from /home/airflow/.local/lib/python3.7/site-packages/airflow/example_dags/example_python_operator.py
[2022-03-24 03:03:22,202] {processor.py:654} INFO - DAG(s) dict_keys(['example_python_operator']) retrieved from /home/airflow/.local/lib/python3.7/site-packages/airflow/example_dags/example_python_operator.py
[2022-03-24 03:03:22,225] {logging_mixin.py:109} INFO - [2022-03-24 03:03:22,224] {dag.py:2398} INFO - Sync 1 DAGs
[2022-03-24 03:03:22,249] {logging_mixin.py:109} INFO - [2022-03-24 03:03:22,249] {dag.py:2937} INFO - Setting next_dagrun for example_python_operator to None
[2022-03-24 03:03:22,278] {processor.py:171} INFO - Processing /home/airflow/.local/lib/python3.7/site-packages/airflow/example_dags/example_python_operator.py took 0.161 seconds
[2022-03-24 03:03:53,654] {processor.py:163} INFO - Started process (PID=1590) to work on /home/airflow/.local/lib/python3.7/site-packages/airflow/example_dags/example_python_operator.py
[2022-03-24 03:03:53,850] {processor.py:642} INFO - Processing file /home/airflow/.local/lib/python3.7/site-packages/airflow/example_dags/example_python_operator.py for tasks to queue
[2022-03-24 03:03:53,852] {logging_mixin.py:109} INFO - [2022-03-24 03:03:53,852] {dagbag.py:500} INFO - Filling up the DagBag from /home/airflow/.local/lib/python3.7/site-packages/airflow/example_dags/example_python_operator.py
[2022-03-24 03:03:53,939] {processor.py:654} INFO - DAG(s) dict_keys(['example_python_operator']) retrieved from /home/airflow/.local/lib/python3.7/site-packages/airflow/example_dags/example_python_operator.py
[2022-03-24 03:03:54,096] {logging_mixin.py:109} INFO - [2022-03-24 03:03:54,095] {dag.py:2398} INFO - Sync 1 DAGs
[2022-03-24 03:03:54,309] {logging_mixin.py:109} INFO - [2022-03-24 03:03:54,308] {dag.py:2937} INFO - Setting next_dagrun for example_python_operator to None
[2022-03-24 03:03:54,459] {processor.py:171} INFO - Processing /home/airflow/.local/lib/python3.7/site-packages/airflow/example_dags/example_python_operator.py took 0.822 seconds
[2022-03-24 03:04:25,208] {processor.py:163} INFO - Started process (PID=1642) to work on /home/airflow/.local/lib/python3.7/site-packages/airflow/example_dags/example_python_operator.py
[2022-03-24 03:04:25,214] {processor.py:642} INFO - Processing file /home/airflow/.local/lib/python3.7/site-packages/airflow/example_dags/example_python_operator.py for tasks to queue
[2022-03-24 03:04:25,217] {logging_mixin.py:109} INFO - [2022-03-24 03:04:25,217] {dagbag.py:500} INFO - Filling up the DagBag from /home/airflow/.local/lib/python3.7/site-packages/airflow/example_dags/example_python_operator.py
[2022-03-24 03:04:25,268] {processor.py:654} INFO - DAG(s) dict_keys(['example_python_operator']) retrieved from /home/airflow/.local/lib/python3.7/site-packages/airflow/example_dags/example_python_operator.py
[2022-03-24 03:04:25,285] {logging_mixin.py:109} INFO - [2022-03-24 03:04:25,285] {dag.py:2398} INFO - Sync 1 DAGs
[2022-03-24 03:04:25,301] {logging_mixin.py:109} INFO - [2022-03-24 03:04:25,301] {dag.py:2937} INFO - Setting next_dagrun for example_python_operator to None
[2022-03-24 03:04:25,314] {processor.py:171} INFO - Processing /home/airflow/.local/lib/python3.7/site-packages/airflow/example_dags/example_python_operator.py took 0.115 seconds
[2022-03-24 03:04:55,438] {processor.py:163} INFO - Started process (PID=1703) to work on /home/airflow/.local/lib/python3.7/site-packages/airflow/example_dags/example_python_operator.py
[2022-03-24 03:04:55,447] {processor.py:642} INFO - Processing file /home/airflow/.local/lib/python3.7/site-packages/airflow/example_dags/example_python_operator.py for tasks to queue
[2022-03-24 03:04:55,449] {logging_mixin.py:109} INFO - [2022-03-24 03:04:55,449] {dagbag.py:500} INFO - Filling up the DagBag from /home/airflow/.local/lib/python3.7/site-packages/airflow/example_dags/example_python_operator.py
[2022-03-24 03:04:55,530] {processor.py:654} INFO - DAG(s) dict_keys(['example_python_operator']) retrieved from /home/airflow/.local/lib/python3.7/site-packages/airflow/example_dags/example_python_operator.py
[2022-03-24 03:04:55,542] {logging_mixin.py:109} INFO - [2022-03-24 03:04:55,542] {dag.py:2398} INFO - Sync 1 DAGs
[2022-03-24 03:04:55,559] {logging_mixin.py:109} INFO - [2022-03-24 03:04:55,559] {dag.py:2937} INFO - Setting next_dagrun for example_python_operator to None
[2022-03-24 03:04:55,572] {processor.py:171} INFO - Processing /home/airflow/.local/lib/python3.7/site-packages/airflow/example_dags/example_python_operator.py took 0.138 seconds
[2022-03-24 03:05:26,355] {processor.py:163} INFO - Started process (PID=1756) to work on /home/airflow/.local/lib/python3.7/site-packages/airflow/example_dags/example_python_operator.py
[2022-03-24 03:05:26,359] {processor.py:642} INFO - Processing file /home/airflow/.local/lib/python3.7/site-packages/airflow/example_dags/example_python_operator.py for tasks to queue
[2022-03-24 03:05:26,363] {logging_mixin.py:109} INFO - [2022-03-24 03:05:26,363] {dagbag.py:500} INFO - Filling up the DagBag from /home/airflow/.local/lib/python3.7/site-packages/airflow/example_dags/example_python_operator.py
[2022-03-24 03:05:26,500] {processor.py:654} INFO - DAG(s) dict_keys(['example_python_operator']) retrieved from /home/airflow/.local/lib/python3.7/site-packages/airflow/example_dags/example_python_operator.py
[2022-03-24 03:05:26,553] {logging_mixin.py:109} INFO - [2022-03-24 03:05:26,552] {dag.py:2398} INFO - Sync 1 DAGs
[2022-03-24 03:05:26,619] {logging_mixin.py:109} INFO - [2022-03-24 03:05:26,619] {dag.py:2937} INFO - Setting next_dagrun for example_python_operator to None
[2022-03-24 03:05:26,664] {processor.py:171} INFO - Processing /home/airflow/.local/lib/python3.7/site-packages/airflow/example_dags/example_python_operator.py took 0.319 seconds
[2022-03-24 03:05:57,192] {processor.py:163} INFO - Started process (PID=1807) to work on /home/airflow/.local/lib/python3.7/site-packages/airflow/example_dags/example_python_operator.py
[2022-03-24 03:05:57,200] {processor.py:642} INFO - Processing file /home/airflow/.local/lib/python3.7/site-packages/airflow/example_dags/example_python_operator.py for tasks to queue
[2022-03-24 03:05:57,206] {logging_mixin.py:109} INFO - [2022-03-24 03:05:57,205] {dagbag.py:500} INFO - Filling up the DagBag from /home/airflow/.local/lib/python3.7/site-packages/airflow/example_dags/example_python_operator.py
[2022-03-24 03:05:57,263] {processor.py:654} INFO - DAG(s) dict_keys(['example_python_operator']) retrieved from /home/airflow/.local/lib/python3.7/site-packages/airflow/example_dags/example_python_operator.py
[2022-03-24 03:05:57,348] {logging_mixin.py:109} INFO - [2022-03-24 03:05:57,348] {dag.py:2398} INFO - Sync 1 DAGs
[2022-03-24 03:05:57,428] {logging_mixin.py:109} INFO - [2022-03-24 03:05:57,427] {dag.py:2937} INFO - Setting next_dagrun for example_python_operator to None
[2022-03-24 03:05:57,461] {processor.py:171} INFO - Processing /home/airflow/.local/lib/python3.7/site-packages/airflow/example_dags/example_python_operator.py took 0.288 seconds
[2022-03-24 03:06:27,591] {processor.py:163} INFO - Started process (PID=1856) to work on /home/airflow/.local/lib/python3.7/site-packages/airflow/example_dags/example_python_operator.py
[2022-03-24 03:06:27,600] {processor.py:642} INFO - Processing file /home/airflow/.local/lib/python3.7/site-packages/airflow/example_dags/example_python_operator.py for tasks to queue
[2022-03-24 03:06:27,604] {logging_mixin.py:109} INFO - [2022-03-24 03:06:27,604] {dagbag.py:500} INFO - Filling up the DagBag from /home/airflow/.local/lib/python3.7/site-packages/airflow/example_dags/example_python_operator.py
[2022-03-24 03:06:27,848] {processor.py:654} INFO - DAG(s) dict_keys(['example_python_operator']) retrieved from /home/airflow/.local/lib/python3.7/site-packages/airflow/example_dags/example_python_operator.py
[2022-03-24 03:06:27,903] {logging_mixin.py:109} INFO - [2022-03-24 03:06:27,903] {dag.py:2398} INFO - Sync 1 DAGs
[2022-03-24 03:06:27,991] {logging_mixin.py:109} INFO - [2022-03-24 03:06:27,991] {dag.py:2937} INFO - Setting next_dagrun for example_python_operator to None
[2022-03-24 03:06:28,038] {processor.py:171} INFO - Processing /home/airflow/.local/lib/python3.7/site-packages/airflow/example_dags/example_python_operator.py took 0.482 seconds
[2022-03-24 03:06:58,300] {processor.py:163} INFO - Started process (PID=1907) to work on /home/airflow/.local/lib/python3.7/site-packages/airflow/example_dags/example_python_operator.py
[2022-03-24 03:06:58,305] {processor.py:642} INFO - Processing file /home/airflow/.local/lib/python3.7/site-packages/airflow/example_dags/example_python_operator.py for tasks to queue
[2022-03-24 03:06:58,307] {logging_mixin.py:109} INFO - [2022-03-24 03:06:58,307] {dagbag.py:500} INFO - Filling up the DagBag from /home/airflow/.local/lib/python3.7/site-packages/airflow/example_dags/example_python_operator.py
[2022-03-24 03:06:58,416] {processor.py:654} INFO - DAG(s) dict_keys(['example_python_operator']) retrieved from /home/airflow/.local/lib/python3.7/site-packages/airflow/example_dags/example_python_operator.py
[2022-03-24 03:06:58,452] {logging_mixin.py:109} INFO - [2022-03-24 03:06:58,451] {dag.py:2398} INFO - Sync 1 DAGs
[2022-03-24 03:06:58,495] {logging_mixin.py:109} INFO - [2022-03-24 03:06:58,495] {dag.py:2937} INFO - Setting next_dagrun for example_python_operator to None
[2022-03-24 03:06:58,530] {processor.py:171} INFO - Processing /home/airflow/.local/lib/python3.7/site-packages/airflow/example_dags/example_python_operator.py took 0.234 seconds
[2022-03-24 03:07:28,752] {processor.py:163} INFO - Started process (PID=1958) to work on /home/airflow/.local/lib/python3.7/site-packages/airflow/example_dags/example_python_operator.py
[2022-03-24 03:07:28,754] {processor.py:642} INFO - Processing file /home/airflow/.local/lib/python3.7/site-packages/airflow/example_dags/example_python_operator.py for tasks to queue
[2022-03-24 03:07:28,755] {logging_mixin.py:109} INFO - [2022-03-24 03:07:28,755] {dagbag.py:500} INFO - Filling up the DagBag from /home/airflow/.local/lib/python3.7/site-packages/airflow/example_dags/example_python_operator.py
[2022-03-24 03:07:28,838] {processor.py:654} INFO - DAG(s) dict_keys(['example_python_operator']) retrieved from /home/airflow/.local/lib/python3.7/site-packages/airflow/example_dags/example_python_operator.py
[2022-03-24 03:07:28,866] {logging_mixin.py:109} INFO - [2022-03-24 03:07:28,866] {dag.py:2398} INFO - Sync 1 DAGs
[2022-03-24 03:07:28,888] {logging_mixin.py:109} INFO - [2022-03-24 03:07:28,888] {dag.py:2937} INFO - Setting next_dagrun for example_python_operator to None
[2022-03-24 03:07:28,906] {processor.py:171} INFO - Processing /home/airflow/.local/lib/python3.7/site-packages/airflow/example_dags/example_python_operator.py took 0.158 seconds
[2022-03-24 03:07:59,151] {processor.py:163} INFO - Started process (PID=2007) to work on /home/airflow/.local/lib/python3.7/site-packages/airflow/example_dags/example_python_operator.py
[2022-03-24 03:07:59,154] {processor.py:642} INFO - Processing file /home/airflow/.local/lib/python3.7/site-packages/airflow/example_dags/example_python_operator.py for tasks to queue
[2022-03-24 03:07:59,155] {logging_mixin.py:109} INFO - [2022-03-24 03:07:59,155] {dagbag.py:500} INFO - Filling up the DagBag from /home/airflow/.local/lib/python3.7/site-packages/airflow/example_dags/example_python_operator.py
[2022-03-24 03:07:59,469] {processor.py:654} INFO - DAG(s) dict_keys(['example_python_operator']) retrieved from /home/airflow/.local/lib/python3.7/site-packages/airflow/example_dags/example_python_operator.py
[2022-03-24 03:07:59,609] {logging_mixin.py:109} INFO - [2022-03-24 03:07:59,609] {dag.py:2398} INFO - Sync 1 DAGs
[2022-03-24 03:07:59,657] {logging_mixin.py:109} INFO - [2022-03-24 03:07:59,657] {dag.py:2937} INFO - Setting next_dagrun for example_python_operator to None
[2022-03-24 03:07:59,757] {processor.py:171} INFO - Processing /home/airflow/.local/lib/python3.7/site-packages/airflow/example_dags/example_python_operator.py took 0.613 seconds
[2022-03-24 03:08:31,277] {processor.py:163} INFO - Started process (PID=2058) to work on /home/airflow/.local/lib/python3.7/site-packages/airflow/example_dags/example_python_operator.py
[2022-03-24 03:08:31,464] {processor.py:642} INFO - Processing file /home/airflow/.local/lib/python3.7/site-packages/airflow/example_dags/example_python_operator.py for tasks to queue
[2022-03-24 03:08:31,473] {logging_mixin.py:109} INFO - [2022-03-24 03:08:31,473] {dagbag.py:500} INFO - Filling up the DagBag from /home/airflow/.local/lib/python3.7/site-packages/airflow/example_dags/example_python_operator.py
[2022-03-24 03:08:31,997] {processor.py:654} INFO - DAG(s) dict_keys(['example_python_operator']) retrieved from /home/airflow/.local/lib/python3.7/site-packages/airflow/example_dags/example_python_operator.py
[2022-03-24 03:08:32,146] {logging_mixin.py:109} INFO - [2022-03-24 03:08:32,146] {dag.py:2398} INFO - Sync 1 DAGs
[2022-03-24 03:08:32,172] {logging_mixin.py:109} INFO - [2022-03-24 03:08:32,172] {dag.py:2937} INFO - Setting next_dagrun for example_python_operator to None
[2022-03-24 03:08:32,460] {processor.py:171} INFO - Processing /home/airflow/.local/lib/python3.7/site-packages/airflow/example_dags/example_python_operator.py took 1.187 seconds
[2022-03-24 03:09:02,821] {processor.py:163} INFO - Started process (PID=2113) to work on /home/airflow/.local/lib/python3.7/site-packages/airflow/example_dags/example_python_operator.py
[2022-03-24 03:09:02,827] {processor.py:642} INFO - Processing file /home/airflow/.local/lib/python3.7/site-packages/airflow/example_dags/example_python_operator.py for tasks to queue
[2022-03-24 03:09:02,829] {logging_mixin.py:109} INFO - [2022-03-24 03:09:02,829] {dagbag.py:500} INFO - Filling up the DagBag from /home/airflow/.local/lib/python3.7/site-packages/airflow/example_dags/example_python_operator.py
[2022-03-24 03:09:02,915] {processor.py:654} INFO - DAG(s) dict_keys(['example_python_operator']) retrieved from /home/airflow/.local/lib/python3.7/site-packages/airflow/example_dags/example_python_operator.py
[2022-03-24 03:09:02,930] {logging_mixin.py:109} INFO - [2022-03-24 03:09:02,930] {dag.py:2398} INFO - Sync 1 DAGs
[2022-03-24 03:09:02,954] {logging_mixin.py:109} INFO - [2022-03-24 03:09:02,954] {dag.py:2937} INFO - Setting next_dagrun for example_python_operator to None
[2022-03-24 03:09:02,967] {processor.py:171} INFO - Processing /home/airflow/.local/lib/python3.7/site-packages/airflow/example_dags/example_python_operator.py took 0.157 seconds
[2022-03-24 03:09:33,492] {processor.py:163} INFO - Started process (PID=2164) to work on /home/airflow/.local/lib/python3.7/site-packages/airflow/example_dags/example_python_operator.py
[2022-03-24 03:09:33,495] {processor.py:642} INFO - Processing file /home/airflow/.local/lib/python3.7/site-packages/airflow/example_dags/example_python_operator.py for tasks to queue
[2022-03-24 03:09:33,497] {logging_mixin.py:109} INFO - [2022-03-24 03:09:33,496] {dagbag.py:500} INFO - Filling up the DagBag from /home/airflow/.local/lib/python3.7/site-packages/airflow/example_dags/example_python_operator.py
[2022-03-24 03:09:33,564] {processor.py:654} INFO - DAG(s) dict_keys(['example_python_operator']) retrieved from /home/airflow/.local/lib/python3.7/site-packages/airflow/example_dags/example_python_operator.py
[2022-03-24 03:09:33,582] {logging_mixin.py:109} INFO - [2022-03-24 03:09:33,582] {dag.py:2398} INFO - Sync 1 DAGs
[2022-03-24 03:09:33,598] {logging_mixin.py:109} INFO - [2022-03-24 03:09:33,598] {dag.py:2937} INFO - Setting next_dagrun for example_python_operator to None
[2022-03-24 03:09:33,611] {processor.py:171} INFO - Processing /home/airflow/.local/lib/python3.7/site-packages/airflow/example_dags/example_python_operator.py took 0.122 seconds
[2022-03-24 03:10:03,890] {processor.py:163} INFO - Started process (PID=2215) to work on /home/airflow/.local/lib/python3.7/site-packages/airflow/example_dags/example_python_operator.py
[2022-03-24 03:10:03,918] {processor.py:642} INFO - Processing file /home/airflow/.local/lib/python3.7/site-packages/airflow/example_dags/example_python_operator.py for tasks to queue
[2022-03-24 03:10:03,928] {logging_mixin.py:109} INFO - [2022-03-24 03:10:03,927] {dagbag.py:500} INFO - Filling up the DagBag from /home/airflow/.local/lib/python3.7/site-packages/airflow/example_dags/example_python_operator.py
[2022-03-24 03:10:03,996] {processor.py:654} INFO - DAG(s) dict_keys(['example_python_operator']) retrieved from /home/airflow/.local/lib/python3.7/site-packages/airflow/example_dags/example_python_operator.py
[2022-03-24 03:10:04,014] {logging_mixin.py:109} INFO - [2022-03-24 03:10:04,014] {dag.py:2398} INFO - Sync 1 DAGs
[2022-03-24 03:10:04,034] {logging_mixin.py:109} INFO - [2022-03-24 03:10:04,034] {dag.py:2937} INFO - Setting next_dagrun for example_python_operator to None
[2022-03-24 03:10:04,050] {processor.py:171} INFO - Processing /home/airflow/.local/lib/python3.7/site-packages/airflow/example_dags/example_python_operator.py took 0.168 seconds
[2022-03-24 03:10:34,726] {processor.py:163} INFO - Started process (PID=2267) to work on /home/airflow/.local/lib/python3.7/site-packages/airflow/example_dags/example_python_operator.py
[2022-03-24 03:10:34,735] {processor.py:642} INFO - Processing file /home/airflow/.local/lib/python3.7/site-packages/airflow/example_dags/example_python_operator.py for tasks to queue
[2022-03-24 03:10:34,736] {logging_mixin.py:109} INFO - [2022-03-24 03:10:34,736] {dagbag.py:500} INFO - Filling up the DagBag from /home/airflow/.local/lib/python3.7/site-packages/airflow/example_dags/example_python_operator.py
[2022-03-24 03:10:34,853] {processor.py:654} INFO - DAG(s) dict_keys(['example_python_operator']) retrieved from /home/airflow/.local/lib/python3.7/site-packages/airflow/example_dags/example_python_operator.py
[2022-03-24 03:10:34,874] {logging_mixin.py:109} INFO - [2022-03-24 03:10:34,874] {dag.py:2398} INFO - Sync 1 DAGs
[2022-03-24 03:10:34,896] {logging_mixin.py:109} INFO - [2022-03-24 03:10:34,895] {dag.py:2937} INFO - Setting next_dagrun for example_python_operator to None
[2022-03-24 03:10:34,916] {processor.py:171} INFO - Processing /home/airflow/.local/lib/python3.7/site-packages/airflow/example_dags/example_python_operator.py took 0.202 seconds
[2022-03-24 03:11:04,972] {processor.py:163} INFO - Started process (PID=2317) to work on /home/airflow/.local/lib/python3.7/site-packages/airflow/example_dags/example_python_operator.py
[2022-03-24 03:11:04,976] {processor.py:642} INFO - Processing file /home/airflow/.local/lib/python3.7/site-packages/airflow/example_dags/example_python_operator.py for tasks to queue
[2022-03-24 03:11:04,980] {logging_mixin.py:109} INFO - [2022-03-24 03:11:04,980] {dagbag.py:500} INFO - Filling up the DagBag from /home/airflow/.local/lib/python3.7/site-packages/airflow/example_dags/example_python_operator.py
[2022-03-24 03:11:05,045] {processor.py:654} INFO - DAG(s) dict_keys(['example_python_operator']) retrieved from /home/airflow/.local/lib/python3.7/site-packages/airflow/example_dags/example_python_operator.py
[2022-03-24 03:11:05,071] {logging_mixin.py:109} INFO - [2022-03-24 03:11:05,070] {dag.py:2398} INFO - Sync 1 DAGs
[2022-03-24 03:11:05,096] {logging_mixin.py:109} INFO - [2022-03-24 03:11:05,096] {dag.py:2937} INFO - Setting next_dagrun for example_python_operator to None
[2022-03-24 03:11:05,109] {processor.py:171} INFO - Processing /home/airflow/.local/lib/python3.7/site-packages/airflow/example_dags/example_python_operator.py took 0.142 seconds
[2022-03-24 03:11:35,192] {processor.py:163} INFO - Started process (PID=2369) to work on /home/airflow/.local/lib/python3.7/site-packages/airflow/example_dags/example_python_operator.py
[2022-03-24 03:11:35,195] {processor.py:642} INFO - Processing file /home/airflow/.local/lib/python3.7/site-packages/airflow/example_dags/example_python_operator.py for tasks to queue
[2022-03-24 03:11:35,197] {logging_mixin.py:109} INFO - [2022-03-24 03:11:35,196] {dagbag.py:500} INFO - Filling up the DagBag from /home/airflow/.local/lib/python3.7/site-packages/airflow/example_dags/example_python_operator.py
[2022-03-24 03:11:35,245] {processor.py:654} INFO - DAG(s) dict_keys(['example_python_operator']) retrieved from /home/airflow/.local/lib/python3.7/site-packages/airflow/example_dags/example_python_operator.py
[2022-03-24 03:11:35,258] {logging_mixin.py:109} INFO - [2022-03-24 03:11:35,258] {dag.py:2398} INFO - Sync 1 DAGs
[2022-03-24 03:11:35,273] {logging_mixin.py:109} INFO - [2022-03-24 03:11:35,273] {dag.py:2937} INFO - Setting next_dagrun for example_python_operator to None
[2022-03-24 03:11:35,287] {processor.py:171} INFO - Processing /home/airflow/.local/lib/python3.7/site-packages/airflow/example_dags/example_python_operator.py took 0.099 seconds
[2022-03-24 03:12:05,745] {processor.py:163} INFO - Started process (PID=2413) to work on /home/airflow/.local/lib/python3.7/site-packages/airflow/example_dags/example_python_operator.py
[2022-03-24 03:12:05,748] {processor.py:642} INFO - Processing file /home/airflow/.local/lib/python3.7/site-packages/airflow/example_dags/example_python_operator.py for tasks to queue
[2022-03-24 03:12:05,751] {logging_mixin.py:109} INFO - [2022-03-24 03:12:05,750] {dagbag.py:500} INFO - Filling up the DagBag from /home/airflow/.local/lib/python3.7/site-packages/airflow/example_dags/example_python_operator.py
[2022-03-24 03:12:05,810] {processor.py:654} INFO - DAG(s) dict_keys(['example_python_operator']) retrieved from /home/airflow/.local/lib/python3.7/site-packages/airflow/example_dags/example_python_operator.py
[2022-03-24 03:12:05,826] {logging_mixin.py:109} INFO - [2022-03-24 03:12:05,826] {dag.py:2398} INFO - Sync 1 DAGs
[2022-03-24 03:12:05,857] {logging_mixin.py:109} INFO - [2022-03-24 03:12:05,857] {dag.py:2937} INFO - Setting next_dagrun for example_python_operator to None
[2022-03-24 03:12:05,875] {processor.py:171} INFO - Processing /home/airflow/.local/lib/python3.7/site-packages/airflow/example_dags/example_python_operator.py took 0.134 seconds
[2022-03-24 03:12:36,284] {processor.py:163} INFO - Started process (PID=2464) to work on /home/airflow/.local/lib/python3.7/site-packages/airflow/example_dags/example_python_operator.py
[2022-03-24 03:12:36,291] {processor.py:642} INFO - Processing file /home/airflow/.local/lib/python3.7/site-packages/airflow/example_dags/example_python_operator.py for tasks to queue
[2022-03-24 03:12:36,293] {logging_mixin.py:109} INFO - [2022-03-24 03:12:36,293] {dagbag.py:500} INFO - Filling up the DagBag from /home/airflow/.local/lib/python3.7/site-packages/airflow/example_dags/example_python_operator.py
[2022-03-24 03:12:36,350] {processor.py:654} INFO - DAG(s) dict_keys(['example_python_operator']) retrieved from /home/airflow/.local/lib/python3.7/site-packages/airflow/example_dags/example_python_operator.py
[2022-03-24 03:12:36,365] {logging_mixin.py:109} INFO - [2022-03-24 03:12:36,365] {dag.py:2398} INFO - Sync 1 DAGs
[2022-03-24 03:12:36,391] {logging_mixin.py:109} INFO - [2022-03-24 03:12:36,391] {dag.py:2937} INFO - Setting next_dagrun for example_python_operator to None
[2022-03-24 03:12:36,412] {processor.py:171} INFO - Processing /home/airflow/.local/lib/python3.7/site-packages/airflow/example_dags/example_python_operator.py took 0.132 seconds
[2022-03-24 03:13:06,672] {processor.py:163} INFO - Started process (PID=2517) to work on /home/airflow/.local/lib/python3.7/site-packages/airflow/example_dags/example_python_operator.py
[2022-03-24 03:13:06,679] {processor.py:642} INFO - Processing file /home/airflow/.local/lib/python3.7/site-packages/airflow/example_dags/example_python_operator.py for tasks to queue
[2022-03-24 03:13:06,681] {logging_mixin.py:109} INFO - [2022-03-24 03:13:06,681] {dagbag.py:500} INFO - Filling up the DagBag from /home/airflow/.local/lib/python3.7/site-packages/airflow/example_dags/example_python_operator.py
[2022-03-24 03:13:06,731] {processor.py:654} INFO - DAG(s) dict_keys(['example_python_operator']) retrieved from /home/airflow/.local/lib/python3.7/site-packages/airflow/example_dags/example_python_operator.py
[2022-03-24 03:13:06,745] {logging_mixin.py:109} INFO - [2022-03-24 03:13:06,745] {dag.py:2398} INFO - Sync 1 DAGs
[2022-03-24 03:13:06,762] {logging_mixin.py:109} INFO - [2022-03-24 03:13:06,762] {dag.py:2937} INFO - Setting next_dagrun for example_python_operator to None
[2022-03-24 03:13:06,780] {processor.py:171} INFO - Processing /home/airflow/.local/lib/python3.7/site-packages/airflow/example_dags/example_python_operator.py took 0.116 seconds
[2022-03-24 03:13:37,616] {processor.py:163} INFO - Started process (PID=2569) to work on /home/airflow/.local/lib/python3.7/site-packages/airflow/example_dags/example_python_operator.py
[2022-03-24 03:13:37,621] {processor.py:642} INFO - Processing file /home/airflow/.local/lib/python3.7/site-packages/airflow/example_dags/example_python_operator.py for tasks to queue
[2022-03-24 03:13:37,625] {logging_mixin.py:109} INFO - [2022-03-24 03:13:37,624] {dagbag.py:500} INFO - Filling up the DagBag from /home/airflow/.local/lib/python3.7/site-packages/airflow/example_dags/example_python_operator.py
[2022-03-24 03:13:37,735] {processor.py:654} INFO - DAG(s) dict_keys(['example_python_operator']) retrieved from /home/airflow/.local/lib/python3.7/site-packages/airflow/example_dags/example_python_operator.py
[2022-03-24 03:13:37,786] {logging_mixin.py:109} INFO - [2022-03-24 03:13:37,786] {dag.py:2398} INFO - Sync 1 DAGs
[2022-03-24 03:13:37,811] {logging_mixin.py:109} INFO - [2022-03-24 03:13:37,809] {dag.py:2937} INFO - Setting next_dagrun for example_python_operator to None
[2022-03-24 03:13:37,833] {processor.py:171} INFO - Processing /home/airflow/.local/lib/python3.7/site-packages/airflow/example_dags/example_python_operator.py took 0.232 seconds
[2022-03-24 03:14:07,943] {processor.py:163} INFO - Started process (PID=2631) to work on /home/airflow/.local/lib/python3.7/site-packages/airflow/example_dags/example_python_operator.py
[2022-03-24 03:14:07,949] {processor.py:642} INFO - Processing file /home/airflow/.local/lib/python3.7/site-packages/airflow/example_dags/example_python_operator.py for tasks to queue
[2022-03-24 03:14:07,950] {logging_mixin.py:109} INFO - [2022-03-24 03:14:07,950] {dagbag.py:500} INFO - Filling up the DagBag from /home/airflow/.local/lib/python3.7/site-packages/airflow/example_dags/example_python_operator.py
[2022-03-24 03:14:08,121] {processor.py:654} INFO - DAG(s) dict_keys(['example_python_operator']) retrieved from /home/airflow/.local/lib/python3.7/site-packages/airflow/example_dags/example_python_operator.py
[2022-03-24 03:14:08,142] {logging_mixin.py:109} INFO - [2022-03-24 03:14:08,142] {dag.py:2398} INFO - Sync 1 DAGs
[2022-03-24 03:14:08,183] {logging_mixin.py:109} INFO - [2022-03-24 03:14:08,183] {dag.py:2937} INFO - Setting next_dagrun for example_python_operator to None
[2022-03-24 03:14:08,218] {processor.py:171} INFO - Processing /home/airflow/.local/lib/python3.7/site-packages/airflow/example_dags/example_python_operator.py took 0.283 seconds
[2022-03-24 03:14:38,996] {processor.py:163} INFO - Started process (PID=2684) to work on /home/airflow/.local/lib/python3.7/site-packages/airflow/example_dags/example_python_operator.py
[2022-03-24 03:14:39,002] {processor.py:642} INFO - Processing file /home/airflow/.local/lib/python3.7/site-packages/airflow/example_dags/example_python_operator.py for tasks to queue
[2022-03-24 03:14:39,013] {logging_mixin.py:109} INFO - [2022-03-24 03:14:39,013] {dagbag.py:500} INFO - Filling up the DagBag from /home/airflow/.local/lib/python3.7/site-packages/airflow/example_dags/example_python_operator.py
[2022-03-24 03:14:39,223] {processor.py:654} INFO - DAG(s) dict_keys(['example_python_operator']) retrieved from /home/airflow/.local/lib/python3.7/site-packages/airflow/example_dags/example_python_operator.py
[2022-03-24 03:14:39,257] {logging_mixin.py:109} INFO - [2022-03-24 03:14:39,257] {dag.py:2398} INFO - Sync 1 DAGs
[2022-03-24 03:14:39,321] {logging_mixin.py:109} INFO - [2022-03-24 03:14:39,320] {dag.py:2937} INFO - Setting next_dagrun for example_python_operator to None
[2022-03-24 03:14:39,365] {processor.py:171} INFO - Processing /home/airflow/.local/lib/python3.7/site-packages/airflow/example_dags/example_python_operator.py took 0.390 seconds
[2022-03-24 03:15:09,950] {processor.py:163} INFO - Started process (PID=2741) to work on /home/airflow/.local/lib/python3.7/site-packages/airflow/example_dags/example_python_operator.py
[2022-03-24 03:15:09,956] {processor.py:642} INFO - Processing file /home/airflow/.local/lib/python3.7/site-packages/airflow/example_dags/example_python_operator.py for tasks to queue
[2022-03-24 03:15:09,966] {logging_mixin.py:109} INFO - [2022-03-24 03:15:09,966] {dagbag.py:500} INFO - Filling up the DagBag from /home/airflow/.local/lib/python3.7/site-packages/airflow/example_dags/example_python_operator.py
[2022-03-24 03:15:10,181] {processor.py:654} INFO - DAG(s) dict_keys(['example_python_operator']) retrieved from /home/airflow/.local/lib/python3.7/site-packages/airflow/example_dags/example_python_operator.py
[2022-03-24 03:15:10,246] {logging_mixin.py:109} INFO - [2022-03-24 03:15:10,245] {dag.py:2398} INFO - Sync 1 DAGs
[2022-03-24 03:15:10,307] {logging_mixin.py:109} INFO - [2022-03-24 03:15:10,306] {dag.py:2937} INFO - Setting next_dagrun for example_python_operator to None
[2022-03-24 03:15:10,363] {processor.py:171} INFO - Processing /home/airflow/.local/lib/python3.7/site-packages/airflow/example_dags/example_python_operator.py took 0.426 seconds
[2022-03-24 03:15:41,107] {processor.py:163} INFO - Started process (PID=2787) to work on /home/airflow/.local/lib/python3.7/site-packages/airflow/example_dags/example_python_operator.py
[2022-03-24 03:15:41,122] {processor.py:642} INFO - Processing file /home/airflow/.local/lib/python3.7/site-packages/airflow/example_dags/example_python_operator.py for tasks to queue
[2022-03-24 03:15:41,124] {logging_mixin.py:109} INFO - [2022-03-24 03:15:41,124] {dagbag.py:500} INFO - Filling up the DagBag from /home/airflow/.local/lib/python3.7/site-packages/airflow/example_dags/example_python_operator.py
[2022-03-24 03:15:41,381] {processor.py:654} INFO - DAG(s) dict_keys(['example_python_operator']) retrieved from /home/airflow/.local/lib/python3.7/site-packages/airflow/example_dags/example_python_operator.py
[2022-03-24 03:15:41,480] {logging_mixin.py:109} INFO - [2022-03-24 03:15:41,479] {dag.py:2398} INFO - Sync 1 DAGs
[2022-03-24 03:15:41,617] {logging_mixin.py:109} INFO - [2022-03-24 03:15:41,617] {dag.py:2937} INFO - Setting next_dagrun for example_python_operator to None
[2022-03-24 03:15:41,688] {processor.py:171} INFO - Processing /home/airflow/.local/lib/python3.7/site-packages/airflow/example_dags/example_python_operator.py took 0.592 seconds
[2022-03-24 03:16:12,308] {processor.py:163} INFO - Started process (PID=2838) to work on /home/airflow/.local/lib/python3.7/site-packages/airflow/example_dags/example_python_operator.py
[2022-03-24 03:16:12,321] {processor.py:642} INFO - Processing file /home/airflow/.local/lib/python3.7/site-packages/airflow/example_dags/example_python_operator.py for tasks to queue
[2022-03-24 03:16:12,338] {logging_mixin.py:109} INFO - [2022-03-24 03:16:12,331] {dagbag.py:500} INFO - Filling up the DagBag from /home/airflow/.local/lib/python3.7/site-packages/airflow/example_dags/example_python_operator.py
[2022-03-24 03:16:12,603] {processor.py:654} INFO - DAG(s) dict_keys(['example_python_operator']) retrieved from /home/airflow/.local/lib/python3.7/site-packages/airflow/example_dags/example_python_operator.py
[2022-03-24 03:16:12,653] {logging_mixin.py:109} INFO - [2022-03-24 03:16:12,653] {dag.py:2398} INFO - Sync 1 DAGs
[2022-03-24 03:16:12,765] {logging_mixin.py:109} INFO - [2022-03-24 03:16:12,765] {dag.py:2937} INFO - Setting next_dagrun for example_python_operator to None
[2022-03-24 03:16:12,870] {processor.py:171} INFO - Processing /home/airflow/.local/lib/python3.7/site-packages/airflow/example_dags/example_python_operator.py took 0.579 seconds
[2022-03-24 03:16:43,901] {processor.py:163} INFO - Started process (PID=2890) to work on /home/airflow/.local/lib/python3.7/site-packages/airflow/example_dags/example_python_operator.py
[2022-03-24 03:16:43,915] {processor.py:642} INFO - Processing file /home/airflow/.local/lib/python3.7/site-packages/airflow/example_dags/example_python_operator.py for tasks to queue
[2022-03-24 03:16:43,925] {logging_mixin.py:109} INFO - [2022-03-24 03:16:43,922] {dagbag.py:500} INFO - Filling up the DagBag from /home/airflow/.local/lib/python3.7/site-packages/airflow/example_dags/example_python_operator.py
[2022-03-24 03:16:44,047] {processor.py:654} INFO - DAG(s) dict_keys(['example_python_operator']) retrieved from /home/airflow/.local/lib/python3.7/site-packages/airflow/example_dags/example_python_operator.py
[2022-03-24 03:16:44,096] {logging_mixin.py:109} INFO - [2022-03-24 03:16:44,096] {dag.py:2398} INFO - Sync 1 DAGs
[2022-03-24 03:16:44,134] {logging_mixin.py:109} INFO - [2022-03-24 03:16:44,134] {dag.py:2937} INFO - Setting next_dagrun for example_python_operator to None
[2022-03-24 03:16:44,163] {processor.py:171} INFO - Processing /home/airflow/.local/lib/python3.7/site-packages/airflow/example_dags/example_python_operator.py took 0.311 seconds
[2022-03-24 03:17:14,201] {processor.py:163} INFO - Started process (PID=2941) to work on /home/airflow/.local/lib/python3.7/site-packages/airflow/example_dags/example_python_operator.py
[2022-03-24 03:17:14,204] {processor.py:642} INFO - Processing file /home/airflow/.local/lib/python3.7/site-packages/airflow/example_dags/example_python_operator.py for tasks to queue
[2022-03-24 03:17:14,206] {logging_mixin.py:109} INFO - [2022-03-24 03:17:14,206] {dagbag.py:500} INFO - Filling up the DagBag from /home/airflow/.local/lib/python3.7/site-packages/airflow/example_dags/example_python_operator.py
[2022-03-24 03:17:14,257] {processor.py:654} INFO - DAG(s) dict_keys(['example_python_operator']) retrieved from /home/airflow/.local/lib/python3.7/site-packages/airflow/example_dags/example_python_operator.py
[2022-03-24 03:17:14,280] {logging_mixin.py:109} INFO - [2022-03-24 03:17:14,280] {dag.py:2398} INFO - Sync 1 DAGs
[2022-03-24 03:17:14,304] {logging_mixin.py:109} INFO - [2022-03-24 03:17:14,303] {dag.py:2937} INFO - Setting next_dagrun for example_python_operator to None
[2022-03-24 03:17:14,320] {processor.py:171} INFO - Processing /home/airflow/.local/lib/python3.7/site-packages/airflow/example_dags/example_python_operator.py took 0.122 seconds
[2022-03-24 03:17:44,875] {processor.py:163} INFO - Started process (PID=2993) to work on /home/airflow/.local/lib/python3.7/site-packages/airflow/example_dags/example_python_operator.py
[2022-03-24 03:17:44,877] {processor.py:642} INFO - Processing file /home/airflow/.local/lib/python3.7/site-packages/airflow/example_dags/example_python_operator.py for tasks to queue
[2022-03-24 03:17:44,879] {logging_mixin.py:109} INFO - [2022-03-24 03:17:44,879] {dagbag.py:500} INFO - Filling up the DagBag from /home/airflow/.local/lib/python3.7/site-packages/airflow/example_dags/example_python_operator.py
[2022-03-24 03:17:44,930] {processor.py:654} INFO - DAG(s) dict_keys(['example_python_operator']) retrieved from /home/airflow/.local/lib/python3.7/site-packages/airflow/example_dags/example_python_operator.py
[2022-03-24 03:17:44,949] {logging_mixin.py:109} INFO - [2022-03-24 03:17:44,948] {dag.py:2398} INFO - Sync 1 DAGs
[2022-03-24 03:17:44,981] {logging_mixin.py:109} INFO - [2022-03-24 03:17:44,981] {dag.py:2937} INFO - Setting next_dagrun for example_python_operator to None
[2022-03-24 03:17:44,996] {processor.py:171} INFO - Processing /home/airflow/.local/lib/python3.7/site-packages/airflow/example_dags/example_python_operator.py took 0.124 seconds
[2022-03-24 03:18:15,297] {processor.py:163} INFO - Started process (PID=3045) to work on /home/airflow/.local/lib/python3.7/site-packages/airflow/example_dags/example_python_operator.py
[2022-03-24 03:18:15,381] {processor.py:642} INFO - Processing file /home/airflow/.local/lib/python3.7/site-packages/airflow/example_dags/example_python_operator.py for tasks to queue
[2022-03-24 03:18:15,383] {logging_mixin.py:109} INFO - [2022-03-24 03:18:15,382] {dagbag.py:500} INFO - Filling up the DagBag from /home/airflow/.local/lib/python3.7/site-packages/airflow/example_dags/example_python_operator.py
[2022-03-24 03:18:15,435] {processor.py:654} INFO - DAG(s) dict_keys(['example_python_operator']) retrieved from /home/airflow/.local/lib/python3.7/site-packages/airflow/example_dags/example_python_operator.py
[2022-03-24 03:18:15,474] {logging_mixin.py:109} INFO - [2022-03-24 03:18:15,474] {dag.py:2398} INFO - Sync 1 DAGs
[2022-03-24 03:18:15,804] {logging_mixin.py:109} INFO - [2022-03-24 03:18:15,804] {dag.py:2937} INFO - Setting next_dagrun for example_python_operator to None
[2022-03-24 03:18:15,848] {processor.py:171} INFO - Processing /home/airflow/.local/lib/python3.7/site-packages/airflow/example_dags/example_python_operator.py took 0.562 seconds
[2022-03-24 03:18:46,781] {processor.py:163} INFO - Started process (PID=3106) to work on /home/airflow/.local/lib/python3.7/site-packages/airflow/example_dags/example_python_operator.py
[2022-03-24 03:18:46,788] {processor.py:642} INFO - Processing file /home/airflow/.local/lib/python3.7/site-packages/airflow/example_dags/example_python_operator.py for tasks to queue
[2022-03-24 03:18:46,796] {logging_mixin.py:109} INFO - [2022-03-24 03:18:46,795] {dagbag.py:500} INFO - Filling up the DagBag from /home/airflow/.local/lib/python3.7/site-packages/airflow/example_dags/example_python_operator.py
[2022-03-24 03:18:46,966] {processor.py:654} INFO - DAG(s) dict_keys(['example_python_operator']) retrieved from /home/airflow/.local/lib/python3.7/site-packages/airflow/example_dags/example_python_operator.py
[2022-03-24 03:18:47,004] {logging_mixin.py:109} INFO - [2022-03-24 03:18:47,004] {dag.py:2398} INFO - Sync 1 DAGs
[2022-03-24 03:18:47,079] {logging_mixin.py:109} INFO - [2022-03-24 03:18:47,079] {dag.py:2937} INFO - Setting next_dagrun for example_python_operator to None
[2022-03-24 03:18:47,113] {processor.py:171} INFO - Processing /home/airflow/.local/lib/python3.7/site-packages/airflow/example_dags/example_python_operator.py took 0.372 seconds
[2022-03-24 03:19:17,946] {processor.py:163} INFO - Started process (PID=3160) to work on /home/airflow/.local/lib/python3.7/site-packages/airflow/example_dags/example_python_operator.py
[2022-03-24 03:19:17,976] {processor.py:642} INFO - Processing file /home/airflow/.local/lib/python3.7/site-packages/airflow/example_dags/example_python_operator.py for tasks to queue
[2022-03-24 03:19:17,984] {logging_mixin.py:109} INFO - [2022-03-24 03:19:17,983] {dagbag.py:500} INFO - Filling up the DagBag from /home/airflow/.local/lib/python3.7/site-packages/airflow/example_dags/example_python_operator.py
[2022-03-24 03:19:18,265] {processor.py:654} INFO - DAG(s) dict_keys(['example_python_operator']) retrieved from /home/airflow/.local/lib/python3.7/site-packages/airflow/example_dags/example_python_operator.py
[2022-03-24 03:19:18,316] {logging_mixin.py:109} INFO - [2022-03-24 03:19:18,315] {dag.py:2398} INFO - Sync 1 DAGs
[2022-03-24 03:19:18,429] {logging_mixin.py:109} INFO - [2022-03-24 03:19:18,429] {dag.py:2937} INFO - Setting next_dagrun for example_python_operator to None
[2022-03-24 03:19:18,464] {processor.py:171} INFO - Processing /home/airflow/.local/lib/python3.7/site-packages/airflow/example_dags/example_python_operator.py took 0.554 seconds
[2022-03-24 03:19:48,660] {processor.py:163} INFO - Started process (PID=3218) to work on /home/airflow/.local/lib/python3.7/site-packages/airflow/example_dags/example_python_operator.py
[2022-03-24 03:19:48,664] {processor.py:642} INFO - Processing file /home/airflow/.local/lib/python3.7/site-packages/airflow/example_dags/example_python_operator.py for tasks to queue
[2022-03-24 03:19:48,666] {logging_mixin.py:109} INFO - [2022-03-24 03:19:48,665] {dagbag.py:500} INFO - Filling up the DagBag from /home/airflow/.local/lib/python3.7/site-packages/airflow/example_dags/example_python_operator.py
[2022-03-24 03:19:48,723] {processor.py:654} INFO - DAG(s) dict_keys(['example_python_operator']) retrieved from /home/airflow/.local/lib/python3.7/site-packages/airflow/example_dags/example_python_operator.py
[2022-03-24 03:19:48,741] {logging_mixin.py:109} INFO - [2022-03-24 03:19:48,741] {dag.py:2398} INFO - Sync 1 DAGs
[2022-03-24 03:19:48,758] {logging_mixin.py:109} INFO - [2022-03-24 03:19:48,758] {dag.py:2937} INFO - Setting next_dagrun for example_python_operator to None
[2022-03-24 03:19:48,772] {processor.py:171} INFO - Processing /home/airflow/.local/lib/python3.7/site-packages/airflow/example_dags/example_python_operator.py took 0.116 seconds
[2022-03-24 03:20:19,007] {processor.py:163} INFO - Started process (PID=3269) to work on /home/airflow/.local/lib/python3.7/site-packages/airflow/example_dags/example_python_operator.py
[2022-03-24 03:20:19,015] {processor.py:642} INFO - Processing file /home/airflow/.local/lib/python3.7/site-packages/airflow/example_dags/example_python_operator.py for tasks to queue
[2022-03-24 03:20:19,026] {logging_mixin.py:109} INFO - [2022-03-24 03:20:19,026] {dagbag.py:500} INFO - Filling up the DagBag from /home/airflow/.local/lib/python3.7/site-packages/airflow/example_dags/example_python_operator.py
[2022-03-24 03:20:19,133] {processor.py:654} INFO - DAG(s) dict_keys(['example_python_operator']) retrieved from /home/airflow/.local/lib/python3.7/site-packages/airflow/example_dags/example_python_operator.py
[2022-03-24 03:20:19,155] {logging_mixin.py:109} INFO - [2022-03-24 03:20:19,155] {dag.py:2398} INFO - Sync 1 DAGs
[2022-03-24 03:20:19,174] {logging_mixin.py:109} INFO - [2022-03-24 03:20:19,174] {dag.py:2937} INFO - Setting next_dagrun for example_python_operator to None
[2022-03-24 03:20:19,197] {processor.py:171} INFO - Processing /home/airflow/.local/lib/python3.7/site-packages/airflow/example_dags/example_python_operator.py took 0.203 seconds
