[2022-03-24 02:49:57,720] {processor.py:163} INFO - Started process (PID=200) to work on /home/airflow/.local/lib/python3.7/site-packages/airflow/example_dags/example_dag_decorator.py
[2022-03-24 02:49:57,723] {processor.py:642} INFO - Processing file /home/airflow/.local/lib/python3.7/site-packages/airflow/example_dags/example_dag_decorator.py for tasks to queue
[2022-03-24 02:49:57,726] {logging_mixin.py:109} INFO - [2022-03-24 02:49:57,726] {dagbag.py:500} INFO - Filling up the DagBag from /home/airflow/.local/lib/python3.7/site-packages/airflow/example_dags/example_dag_decorator.py
[2022-03-24 02:49:58,356] {processor.py:654} INFO - DAG(s) dict_keys(['example_dag_decorator']) retrieved from /home/airflow/.local/lib/python3.7/site-packages/airflow/example_dags/example_dag_decorator.py
[2022-03-24 02:50:06,862] {logging_mixin.py:109} INFO - [2022-03-24 02:50:06,862] {manager.py:496} INFO - Created Permission View: can edit on DAG:example_dag_decorator
[2022-03-24 02:50:06,878] {logging_mixin.py:109} INFO - [2022-03-24 02:50:06,878] {manager.py:496} INFO - Created Permission View: can read on DAG:example_dag_decorator
[2022-03-24 02:50:06,880] {logging_mixin.py:109} INFO - [2022-03-24 02:50:06,880] {dag.py:2398} INFO - Sync 1 DAGs
[2022-03-24 02:50:06,889] {logging_mixin.py:109} INFO - [2022-03-24 02:50:06,888] {dag.py:2417} INFO - Creating ORM DAG for example_dag_decorator
[2022-03-24 02:50:06,905] {logging_mixin.py:109} INFO - [2022-03-24 02:50:06,905] {dag.py:2937} INFO - Setting next_dagrun for example_dag_decorator to None
[2022-03-24 02:50:06,921] {processor.py:171} INFO - Processing /home/airflow/.local/lib/python3.7/site-packages/airflow/example_dags/example_dag_decorator.py took 9.207 seconds
[2022-03-24 02:50:46,304] {processor.py:163} INFO - Started process (PID=294) to work on /home/airflow/.local/lib/python3.7/site-packages/airflow/example_dags/example_dag_decorator.py
[2022-03-24 02:50:46,311] {processor.py:642} INFO - Processing file /home/airflow/.local/lib/python3.7/site-packages/airflow/example_dags/example_dag_decorator.py for tasks to queue
[2022-03-24 02:50:46,314] {logging_mixin.py:109} INFO - [2022-03-24 02:50:46,314] {dagbag.py:500} INFO - Filling up the DagBag from /home/airflow/.local/lib/python3.7/site-packages/airflow/example_dags/example_dag_decorator.py
[2022-03-24 02:50:46,402] {processor.py:654} INFO - DAG(s) dict_keys(['example_dag_decorator']) retrieved from /home/airflow/.local/lib/python3.7/site-packages/airflow/example_dags/example_dag_decorator.py
[2022-03-24 02:50:46,962] {logging_mixin.py:109} INFO - [2022-03-24 02:50:46,962] {dag.py:2398} INFO - Sync 1 DAGs
[2022-03-24 02:50:47,023] {logging_mixin.py:109} INFO - [2022-03-24 02:50:47,023] {dag.py:2937} INFO - Setting next_dagrun for example_dag_decorator to None
[2022-03-24 02:50:47,064] {processor.py:171} INFO - Processing /home/airflow/.local/lib/python3.7/site-packages/airflow/example_dags/example_dag_decorator.py took 0.771 seconds
[2022-03-24 02:51:18,939] {processor.py:163} INFO - Started process (PID=349) to work on /home/airflow/.local/lib/python3.7/site-packages/airflow/example_dags/example_dag_decorator.py
[2022-03-24 02:51:18,942] {processor.py:642} INFO - Processing file /home/airflow/.local/lib/python3.7/site-packages/airflow/example_dags/example_dag_decorator.py for tasks to queue
[2022-03-24 02:51:18,951] {logging_mixin.py:109} INFO - [2022-03-24 02:51:18,951] {dagbag.py:500} INFO - Filling up the DagBag from /home/airflow/.local/lib/python3.7/site-packages/airflow/example_dags/example_dag_decorator.py
[2022-03-24 02:51:19,176] {processor.py:654} INFO - DAG(s) dict_keys(['example_dag_decorator']) retrieved from /home/airflow/.local/lib/python3.7/site-packages/airflow/example_dags/example_dag_decorator.py
[2022-03-24 02:51:20,026] {logging_mixin.py:109} INFO - [2022-03-24 02:51:20,026] {dag.py:2398} INFO - Sync 1 DAGs
[2022-03-24 02:51:20,094] {logging_mixin.py:109} INFO - [2022-03-24 02:51:20,094] {dag.py:2937} INFO - Setting next_dagrun for example_dag_decorator to None
[2022-03-24 02:51:20,160] {processor.py:171} INFO - Processing /home/airflow/.local/lib/python3.7/site-packages/airflow/example_dags/example_dag_decorator.py took 1.225 seconds
[2022-03-24 02:51:50,284] {processor.py:163} INFO - Started process (PID=406) to work on /home/airflow/.local/lib/python3.7/site-packages/airflow/example_dags/example_dag_decorator.py
[2022-03-24 02:51:50,314] {processor.py:642} INFO - Processing file /home/airflow/.local/lib/python3.7/site-packages/airflow/example_dags/example_dag_decorator.py for tasks to queue
[2022-03-24 02:51:50,317] {logging_mixin.py:109} INFO - [2022-03-24 02:51:50,316] {dagbag.py:500} INFO - Filling up the DagBag from /home/airflow/.local/lib/python3.7/site-packages/airflow/example_dags/example_dag_decorator.py
[2022-03-24 02:51:50,584] {processor.py:654} INFO - DAG(s) dict_keys(['example_dag_decorator']) retrieved from /home/airflow/.local/lib/python3.7/site-packages/airflow/example_dags/example_dag_decorator.py
[2022-03-24 02:51:51,774] {logging_mixin.py:109} INFO - [2022-03-24 02:51:51,773] {dag.py:2398} INFO - Sync 1 DAGs
[2022-03-24 02:51:51,808] {logging_mixin.py:109} INFO - [2022-03-24 02:51:51,808] {dag.py:2937} INFO - Setting next_dagrun for example_dag_decorator to None
[2022-03-24 02:51:51,836] {processor.py:171} INFO - Processing /home/airflow/.local/lib/python3.7/site-packages/airflow/example_dags/example_dag_decorator.py took 1.560 seconds
[2022-03-24 02:52:22,365] {processor.py:163} INFO - Started process (PID=459) to work on /home/airflow/.local/lib/python3.7/site-packages/airflow/example_dags/example_dag_decorator.py
[2022-03-24 02:52:22,372] {processor.py:642} INFO - Processing file /home/airflow/.local/lib/python3.7/site-packages/airflow/example_dags/example_dag_decorator.py for tasks to queue
[2022-03-24 02:52:22,374] {logging_mixin.py:109} INFO - [2022-03-24 02:52:22,374] {dagbag.py:500} INFO - Filling up the DagBag from /home/airflow/.local/lib/python3.7/site-packages/airflow/example_dags/example_dag_decorator.py
[2022-03-24 02:52:22,483] {processor.py:654} INFO - DAG(s) dict_keys(['example_dag_decorator']) retrieved from /home/airflow/.local/lib/python3.7/site-packages/airflow/example_dags/example_dag_decorator.py
[2022-03-24 02:52:23,030] {logging_mixin.py:109} INFO - [2022-03-24 02:52:23,030] {dag.py:2398} INFO - Sync 1 DAGs
[2022-03-24 02:52:23,050] {logging_mixin.py:109} INFO - [2022-03-24 02:52:23,049] {dag.py:2937} INFO - Setting next_dagrun for example_dag_decorator to None
[2022-03-24 02:52:23,070] {processor.py:171} INFO - Processing /home/airflow/.local/lib/python3.7/site-packages/airflow/example_dags/example_dag_decorator.py took 0.759 seconds
[2022-03-24 02:52:53,275] {processor.py:163} INFO - Started process (PID=509) to work on /home/airflow/.local/lib/python3.7/site-packages/airflow/example_dags/example_dag_decorator.py
[2022-03-24 02:52:53,282] {processor.py:642} INFO - Processing file /home/airflow/.local/lib/python3.7/site-packages/airflow/example_dags/example_dag_decorator.py for tasks to queue
[2022-03-24 02:52:53,284] {logging_mixin.py:109} INFO - [2022-03-24 02:52:53,284] {dagbag.py:500} INFO - Filling up the DagBag from /home/airflow/.local/lib/python3.7/site-packages/airflow/example_dags/example_dag_decorator.py
[2022-03-24 02:52:53,375] {processor.py:654} INFO - DAG(s) dict_keys(['example_dag_decorator']) retrieved from /home/airflow/.local/lib/python3.7/site-packages/airflow/example_dags/example_dag_decorator.py
[2022-03-24 02:52:53,662] {logging_mixin.py:109} INFO - [2022-03-24 02:52:53,662] {dag.py:2398} INFO - Sync 1 DAGs
[2022-03-24 02:52:53,683] {logging_mixin.py:109} INFO - [2022-03-24 02:52:53,683] {dag.py:2937} INFO - Setting next_dagrun for example_dag_decorator to None
[2022-03-24 02:52:53,707] {processor.py:171} INFO - Processing /home/airflow/.local/lib/python3.7/site-packages/airflow/example_dags/example_dag_decorator.py took 0.442 seconds
[2022-03-24 02:53:23,900] {processor.py:163} INFO - Started process (PID=558) to work on /home/airflow/.local/lib/python3.7/site-packages/airflow/example_dags/example_dag_decorator.py
[2022-03-24 02:53:23,910] {processor.py:642} INFO - Processing file /home/airflow/.local/lib/python3.7/site-packages/airflow/example_dags/example_dag_decorator.py for tasks to queue
[2022-03-24 02:53:23,920] {logging_mixin.py:109} INFO - [2022-03-24 02:53:23,918] {dagbag.py:500} INFO - Filling up the DagBag from /home/airflow/.local/lib/python3.7/site-packages/airflow/example_dags/example_dag_decorator.py
[2022-03-24 02:53:24,193] {processor.py:654} INFO - DAG(s) dict_keys(['example_dag_decorator']) retrieved from /home/airflow/.local/lib/python3.7/site-packages/airflow/example_dags/example_dag_decorator.py
[2022-03-24 02:53:24,873] {logging_mixin.py:109} INFO - [2022-03-24 02:53:24,873] {dag.py:2398} INFO - Sync 1 DAGs
[2022-03-24 02:53:24,949] {logging_mixin.py:109} INFO - [2022-03-24 02:53:24,949] {dag.py:2937} INFO - Setting next_dagrun for example_dag_decorator to None
[2022-03-24 02:53:25,011] {processor.py:171} INFO - Processing /home/airflow/.local/lib/python3.7/site-packages/airflow/example_dags/example_dag_decorator.py took 1.135 seconds
[2022-03-24 02:54:03,606] {processor.py:163} INFO - Started process (PID=615) to work on /home/airflow/.local/lib/python3.7/site-packages/airflow/example_dags/example_dag_decorator.py
[2022-03-24 02:54:03,788] {processor.py:642} INFO - Processing file /home/airflow/.local/lib/python3.7/site-packages/airflow/example_dags/example_dag_decorator.py for tasks to queue
[2022-03-24 02:54:03,798] {logging_mixin.py:109} INFO - [2022-03-24 02:54:03,798] {dagbag.py:500} INFO - Filling up the DagBag from /home/airflow/.local/lib/python3.7/site-packages/airflow/example_dags/example_dag_decorator.py
[2022-03-24 02:54:03,949] {processor.py:654} INFO - DAG(s) dict_keys(['example_dag_decorator']) retrieved from /home/airflow/.local/lib/python3.7/site-packages/airflow/example_dags/example_dag_decorator.py
[2022-03-24 02:54:04,671] {logging_mixin.py:109} INFO - [2022-03-24 02:54:04,671] {dag.py:2398} INFO - Sync 1 DAGs
[2022-03-24 02:54:04,757] {logging_mixin.py:109} INFO - [2022-03-24 02:54:04,757] {dag.py:2937} INFO - Setting next_dagrun for example_dag_decorator to None
[2022-03-24 02:54:05,433] {processor.py:171} INFO - Processing /home/airflow/.local/lib/python3.7/site-packages/airflow/example_dags/example_dag_decorator.py took 1.852 seconds
[2022-03-24 02:54:35,995] {processor.py:163} INFO - Started process (PID=665) to work on /home/airflow/.local/lib/python3.7/site-packages/airflow/example_dags/example_dag_decorator.py
[2022-03-24 02:54:36,283] {processor.py:642} INFO - Processing file /home/airflow/.local/lib/python3.7/site-packages/airflow/example_dags/example_dag_decorator.py for tasks to queue
[2022-03-24 02:54:37,173] {logging_mixin.py:109} INFO - [2022-03-24 02:54:37,173] {dagbag.py:500} INFO - Filling up the DagBag from /home/airflow/.local/lib/python3.7/site-packages/airflow/example_dags/example_dag_decorator.py
[2022-03-24 02:54:37,592] {processor.py:654} INFO - DAG(s) dict_keys(['example_dag_decorator']) retrieved from /home/airflow/.local/lib/python3.7/site-packages/airflow/example_dags/example_dag_decorator.py
[2022-03-24 02:54:38,851] {logging_mixin.py:109} INFO - [2022-03-24 02:54:38,851] {dag.py:2398} INFO - Sync 1 DAGs
[2022-03-24 02:54:38,919] {logging_mixin.py:109} INFO - [2022-03-24 02:54:38,919] {dag.py:2937} INFO - Setting next_dagrun for example_dag_decorator to None
[2022-03-24 02:54:40,327] {processor.py:171} INFO - Processing /home/airflow/.local/lib/python3.7/site-packages/airflow/example_dags/example_dag_decorator.py took 4.344 seconds
[2022-03-24 02:55:10,683] {processor.py:163} INFO - Started process (PID=716) to work on /home/airflow/.local/lib/python3.7/site-packages/airflow/example_dags/example_dag_decorator.py
[2022-03-24 02:55:10,705] {processor.py:642} INFO - Processing file /home/airflow/.local/lib/python3.7/site-packages/airflow/example_dags/example_dag_decorator.py for tasks to queue
[2022-03-24 02:55:10,708] {logging_mixin.py:109} INFO - [2022-03-24 02:55:10,707] {dagbag.py:500} INFO - Filling up the DagBag from /home/airflow/.local/lib/python3.7/site-packages/airflow/example_dags/example_dag_decorator.py
[2022-03-24 02:55:10,950] {processor.py:654} INFO - DAG(s) dict_keys(['example_dag_decorator']) retrieved from /home/airflow/.local/lib/python3.7/site-packages/airflow/example_dags/example_dag_decorator.py
[2022-03-24 02:55:11,345] {logging_mixin.py:109} INFO - [2022-03-24 02:55:11,345] {dag.py:2398} INFO - Sync 1 DAGs
[2022-03-24 02:55:11,365] {logging_mixin.py:109} INFO - [2022-03-24 02:55:11,365] {dag.py:2937} INFO - Setting next_dagrun for example_dag_decorator to None
[2022-03-24 02:55:11,385] {processor.py:171} INFO - Processing /home/airflow/.local/lib/python3.7/site-packages/airflow/example_dags/example_dag_decorator.py took 0.708 seconds
[2022-03-24 02:55:41,888] {processor.py:163} INFO - Started process (PID=767) to work on /home/airflow/.local/lib/python3.7/site-packages/airflow/example_dags/example_dag_decorator.py
[2022-03-24 02:55:41,917] {processor.py:642} INFO - Processing file /home/airflow/.local/lib/python3.7/site-packages/airflow/example_dags/example_dag_decorator.py for tasks to queue
[2022-03-24 02:55:41,920] {logging_mixin.py:109} INFO - [2022-03-24 02:55:41,919] {dagbag.py:500} INFO - Filling up the DagBag from /home/airflow/.local/lib/python3.7/site-packages/airflow/example_dags/example_dag_decorator.py
[2022-03-24 02:55:42,025] {processor.py:654} INFO - DAG(s) dict_keys(['example_dag_decorator']) retrieved from /home/airflow/.local/lib/python3.7/site-packages/airflow/example_dags/example_dag_decorator.py
[2022-03-24 02:55:42,506] {logging_mixin.py:109} INFO - [2022-03-24 02:55:42,506] {dag.py:2398} INFO - Sync 1 DAGs
[2022-03-24 02:55:44,094] {logging_mixin.py:109} INFO - [2022-03-24 02:55:44,094] {dag.py:2937} INFO - Setting next_dagrun for example_dag_decorator to None
[2022-03-24 02:55:44,318] {processor.py:171} INFO - Processing /home/airflow/.local/lib/python3.7/site-packages/airflow/example_dags/example_dag_decorator.py took 2.445 seconds
[2022-03-24 02:56:14,529] {processor.py:163} INFO - Started process (PID=817) to work on /home/airflow/.local/lib/python3.7/site-packages/airflow/example_dags/example_dag_decorator.py
[2022-03-24 02:56:15,119] {processor.py:642} INFO - Processing file /home/airflow/.local/lib/python3.7/site-packages/airflow/example_dags/example_dag_decorator.py for tasks to queue
[2022-03-24 02:56:15,557] {logging_mixin.py:109} INFO - [2022-03-24 02:56:15,557] {dagbag.py:500} INFO - Filling up the DagBag from /home/airflow/.local/lib/python3.7/site-packages/airflow/example_dags/example_dag_decorator.py
[2022-03-24 02:56:15,807] {processor.py:654} INFO - DAG(s) dict_keys(['example_dag_decorator']) retrieved from /home/airflow/.local/lib/python3.7/site-packages/airflow/example_dags/example_dag_decorator.py
[2022-03-24 02:56:16,354] {logging_mixin.py:109} INFO - [2022-03-24 02:56:16,354] {dag.py:2398} INFO - Sync 1 DAGs
[2022-03-24 02:56:16,377] {logging_mixin.py:109} INFO - [2022-03-24 02:56:16,377] {dag.py:2937} INFO - Setting next_dagrun for example_dag_decorator to None
[2022-03-24 02:56:16,403] {processor.py:171} INFO - Processing /home/airflow/.local/lib/python3.7/site-packages/airflow/example_dags/example_dag_decorator.py took 1.878 seconds
[2022-03-24 02:56:47,057] {processor.py:163} INFO - Started process (PID=869) to work on /home/airflow/.local/lib/python3.7/site-packages/airflow/example_dags/example_dag_decorator.py
[2022-03-24 02:56:47,065] {processor.py:642} INFO - Processing file /home/airflow/.local/lib/python3.7/site-packages/airflow/example_dags/example_dag_decorator.py for tasks to queue
[2022-03-24 02:56:47,071] {logging_mixin.py:109} INFO - [2022-03-24 02:56:47,071] {dagbag.py:500} INFO - Filling up the DagBag from /home/airflow/.local/lib/python3.7/site-packages/airflow/example_dags/example_dag_decorator.py
[2022-03-24 02:56:47,189] {processor.py:654} INFO - DAG(s) dict_keys(['example_dag_decorator']) retrieved from /home/airflow/.local/lib/python3.7/site-packages/airflow/example_dags/example_dag_decorator.py
[2022-03-24 02:56:47,461] {logging_mixin.py:109} INFO - [2022-03-24 02:56:47,461] {dag.py:2398} INFO - Sync 1 DAGs
[2022-03-24 02:56:47,716] {logging_mixin.py:109} INFO - [2022-03-24 02:56:47,715] {dag.py:2937} INFO - Setting next_dagrun for example_dag_decorator to None
[2022-03-24 02:56:47,936] {processor.py:171} INFO - Processing /home/airflow/.local/lib/python3.7/site-packages/airflow/example_dags/example_dag_decorator.py took 0.925 seconds
[2022-03-24 02:57:18,283] {processor.py:163} INFO - Started process (PID=920) to work on /home/airflow/.local/lib/python3.7/site-packages/airflow/example_dags/example_dag_decorator.py
[2022-03-24 02:57:18,546] {processor.py:642} INFO - Processing file /home/airflow/.local/lib/python3.7/site-packages/airflow/example_dags/example_dag_decorator.py for tasks to queue
[2022-03-24 02:57:18,548] {logging_mixin.py:109} INFO - [2022-03-24 02:57:18,548] {dagbag.py:500} INFO - Filling up the DagBag from /home/airflow/.local/lib/python3.7/site-packages/airflow/example_dags/example_dag_decorator.py
[2022-03-24 02:57:18,628] {processor.py:654} INFO - DAG(s) dict_keys(['example_dag_decorator']) retrieved from /home/airflow/.local/lib/python3.7/site-packages/airflow/example_dags/example_dag_decorator.py
[2022-03-24 02:57:18,856] {logging_mixin.py:109} INFO - [2022-03-24 02:57:18,856] {dag.py:2398} INFO - Sync 1 DAGs
[2022-03-24 02:57:18,877] {logging_mixin.py:109} INFO - [2022-03-24 02:57:18,876] {dag.py:2937} INFO - Setting next_dagrun for example_dag_decorator to None
[2022-03-24 02:57:18,891] {processor.py:171} INFO - Processing /home/airflow/.local/lib/python3.7/site-packages/airflow/example_dags/example_dag_decorator.py took 0.613 seconds
[2022-03-24 02:57:49,020] {processor.py:163} INFO - Started process (PID=972) to work on /home/airflow/.local/lib/python3.7/site-packages/airflow/example_dags/example_dag_decorator.py
[2022-03-24 02:57:49,022] {processor.py:642} INFO - Processing file /home/airflow/.local/lib/python3.7/site-packages/airflow/example_dags/example_dag_decorator.py for tasks to queue
[2022-03-24 02:57:49,023] {logging_mixin.py:109} INFO - [2022-03-24 02:57:49,023] {dagbag.py:500} INFO - Filling up the DagBag from /home/airflow/.local/lib/python3.7/site-packages/airflow/example_dags/example_dag_decorator.py
[2022-03-24 02:57:49,083] {processor.py:654} INFO - DAG(s) dict_keys(['example_dag_decorator']) retrieved from /home/airflow/.local/lib/python3.7/site-packages/airflow/example_dags/example_dag_decorator.py
[2022-03-24 02:57:49,360] {logging_mixin.py:109} INFO - [2022-03-24 02:57:49,359] {dag.py:2398} INFO - Sync 1 DAGs
[2022-03-24 02:57:49,386] {logging_mixin.py:109} INFO - [2022-03-24 02:57:49,386] {dag.py:2937} INFO - Setting next_dagrun for example_dag_decorator to None
[2022-03-24 02:57:49,404] {processor.py:171} INFO - Processing /home/airflow/.local/lib/python3.7/site-packages/airflow/example_dags/example_dag_decorator.py took 0.388 seconds
[2022-03-24 02:58:19,589] {processor.py:163} INFO - Started process (PID=1023) to work on /home/airflow/.local/lib/python3.7/site-packages/airflow/example_dags/example_dag_decorator.py
[2022-03-24 02:58:19,593] {processor.py:642} INFO - Processing file /home/airflow/.local/lib/python3.7/site-packages/airflow/example_dags/example_dag_decorator.py for tasks to queue
[2022-03-24 02:58:19,596] {logging_mixin.py:109} INFO - [2022-03-24 02:58:19,595] {dagbag.py:500} INFO - Filling up the DagBag from /home/airflow/.local/lib/python3.7/site-packages/airflow/example_dags/example_dag_decorator.py
[2022-03-24 02:58:19,668] {processor.py:654} INFO - DAG(s) dict_keys(['example_dag_decorator']) retrieved from /home/airflow/.local/lib/python3.7/site-packages/airflow/example_dags/example_dag_decorator.py
[2022-03-24 02:58:19,884] {logging_mixin.py:109} INFO - [2022-03-24 02:58:19,884] {dag.py:2398} INFO - Sync 1 DAGs
[2022-03-24 02:58:19,900] {logging_mixin.py:109} INFO - [2022-03-24 02:58:19,900] {dag.py:2937} INFO - Setting next_dagrun for example_dag_decorator to None
[2022-03-24 02:58:19,916] {processor.py:171} INFO - Processing /home/airflow/.local/lib/python3.7/site-packages/airflow/example_dags/example_dag_decorator.py took 0.330 seconds
[2022-03-24 02:58:50,041] {processor.py:163} INFO - Started process (PID=1073) to work on /home/airflow/.local/lib/python3.7/site-packages/airflow/example_dags/example_dag_decorator.py
[2022-03-24 02:58:50,114] {processor.py:642} INFO - Processing file /home/airflow/.local/lib/python3.7/site-packages/airflow/example_dags/example_dag_decorator.py for tasks to queue
[2022-03-24 02:58:50,118] {logging_mixin.py:109} INFO - [2022-03-24 02:58:50,117] {dagbag.py:500} INFO - Filling up the DagBag from /home/airflow/.local/lib/python3.7/site-packages/airflow/example_dags/example_dag_decorator.py
[2022-03-24 02:58:50,222] {processor.py:654} INFO - DAG(s) dict_keys(['example_dag_decorator']) retrieved from /home/airflow/.local/lib/python3.7/site-packages/airflow/example_dags/example_dag_decorator.py
[2022-03-24 02:58:50,604] {logging_mixin.py:109} INFO - [2022-03-24 02:58:50,603] {dag.py:2398} INFO - Sync 1 DAGs
[2022-03-24 02:58:50,798] {logging_mixin.py:109} INFO - [2022-03-24 02:58:50,797] {dag.py:2937} INFO - Setting next_dagrun for example_dag_decorator to None
[2022-03-24 02:58:50,828] {processor.py:171} INFO - Processing /home/airflow/.local/lib/python3.7/site-packages/airflow/example_dags/example_dag_decorator.py took 0.790 seconds
[2022-03-24 02:59:21,621] {processor.py:163} INFO - Started process (PID=1135) to work on /home/airflow/.local/lib/python3.7/site-packages/airflow/example_dags/example_dag_decorator.py
[2022-03-24 02:59:21,764] {processor.py:642} INFO - Processing file /home/airflow/.local/lib/python3.7/site-packages/airflow/example_dags/example_dag_decorator.py for tasks to queue
[2022-03-24 02:59:21,902] {logging_mixin.py:109} INFO - [2022-03-24 02:59:21,902] {dagbag.py:500} INFO - Filling up the DagBag from /home/airflow/.local/lib/python3.7/site-packages/airflow/example_dags/example_dag_decorator.py
[2022-03-24 02:59:22,326] {processor.py:654} INFO - DAG(s) dict_keys(['example_dag_decorator']) retrieved from /home/airflow/.local/lib/python3.7/site-packages/airflow/example_dags/example_dag_decorator.py
[2022-03-24 02:59:23,123] {logging_mixin.py:109} INFO - [2022-03-24 02:59:23,123] {dag.py:2398} INFO - Sync 1 DAGs
[2022-03-24 02:59:23,187] {logging_mixin.py:109} INFO - [2022-03-24 02:59:23,182] {dag.py:2937} INFO - Setting next_dagrun for example_dag_decorator to None
[2022-03-24 02:59:23,638] {processor.py:171} INFO - Processing /home/airflow/.local/lib/python3.7/site-packages/airflow/example_dags/example_dag_decorator.py took 2.041 seconds
[2022-03-24 02:59:54,408] {processor.py:163} INFO - Started process (PID=1188) to work on /home/airflow/.local/lib/python3.7/site-packages/airflow/example_dags/example_dag_decorator.py
[2022-03-24 02:59:54,423] {processor.py:642} INFO - Processing file /home/airflow/.local/lib/python3.7/site-packages/airflow/example_dags/example_dag_decorator.py for tasks to queue
[2022-03-24 02:59:54,439] {logging_mixin.py:109} INFO - [2022-03-24 02:59:54,439] {dagbag.py:500} INFO - Filling up the DagBag from /home/airflow/.local/lib/python3.7/site-packages/airflow/example_dags/example_dag_decorator.py
[2022-03-24 02:59:54,790] {processor.py:654} INFO - DAG(s) dict_keys(['example_dag_decorator']) retrieved from /home/airflow/.local/lib/python3.7/site-packages/airflow/example_dags/example_dag_decorator.py
[2022-03-24 02:59:55,770] {logging_mixin.py:109} INFO - [2022-03-24 02:59:55,770] {dag.py:2398} INFO - Sync 1 DAGs
[2022-03-24 02:59:55,805] {logging_mixin.py:109} INFO - [2022-03-24 02:59:55,805] {dag.py:2937} INFO - Setting next_dagrun for example_dag_decorator to None
[2022-03-24 02:59:55,829] {processor.py:171} INFO - Processing /home/airflow/.local/lib/python3.7/site-packages/airflow/example_dags/example_dag_decorator.py took 1.447 seconds
[2022-03-24 03:00:26,322] {processor.py:163} INFO - Started process (PID=1238) to work on /home/airflow/.local/lib/python3.7/site-packages/airflow/example_dags/example_dag_decorator.py
[2022-03-24 03:00:26,330] {processor.py:642} INFO - Processing file /home/airflow/.local/lib/python3.7/site-packages/airflow/example_dags/example_dag_decorator.py for tasks to queue
[2022-03-24 03:00:26,338] {logging_mixin.py:109} INFO - [2022-03-24 03:00:26,337] {dagbag.py:500} INFO - Filling up the DagBag from /home/airflow/.local/lib/python3.7/site-packages/airflow/example_dags/example_dag_decorator.py
[2022-03-24 03:00:26,521] {processor.py:654} INFO - DAG(s) dict_keys(['example_dag_decorator']) retrieved from /home/airflow/.local/lib/python3.7/site-packages/airflow/example_dags/example_dag_decorator.py
[2022-03-24 03:00:27,437] {logging_mixin.py:109} INFO - [2022-03-24 03:00:27,437] {dag.py:2398} INFO - Sync 1 DAGs
[2022-03-24 03:00:27,498] {logging_mixin.py:109} INFO - [2022-03-24 03:00:27,498] {dag.py:2937} INFO - Setting next_dagrun for example_dag_decorator to None
[2022-03-24 03:00:27,554] {processor.py:171} INFO - Processing /home/airflow/.local/lib/python3.7/site-packages/airflow/example_dags/example_dag_decorator.py took 1.250 seconds
[2022-03-24 03:00:58,365] {processor.py:163} INFO - Started process (PID=1292) to work on /home/airflow/.local/lib/python3.7/site-packages/airflow/example_dags/example_dag_decorator.py
[2022-03-24 03:00:58,367] {processor.py:642} INFO - Processing file /home/airflow/.local/lib/python3.7/site-packages/airflow/example_dags/example_dag_decorator.py for tasks to queue
[2022-03-24 03:00:58,369] {logging_mixin.py:109} INFO - [2022-03-24 03:00:58,369] {dagbag.py:500} INFO - Filling up the DagBag from /home/airflow/.local/lib/python3.7/site-packages/airflow/example_dags/example_dag_decorator.py
[2022-03-24 03:00:58,467] {processor.py:654} INFO - DAG(s) dict_keys(['example_dag_decorator']) retrieved from /home/airflow/.local/lib/python3.7/site-packages/airflow/example_dags/example_dag_decorator.py
[2022-03-24 03:00:58,708] {logging_mixin.py:109} INFO - [2022-03-24 03:00:58,708] {dag.py:2398} INFO - Sync 1 DAGs
[2022-03-24 03:00:58,727] {logging_mixin.py:109} INFO - [2022-03-24 03:00:58,727] {dag.py:2937} INFO - Setting next_dagrun for example_dag_decorator to None
[2022-03-24 03:00:58,745] {processor.py:171} INFO - Processing /home/airflow/.local/lib/python3.7/site-packages/airflow/example_dags/example_dag_decorator.py took 0.395 seconds
[2022-03-24 03:01:31,619] {processor.py:163} INFO - Started process (PID=1342) to work on /home/airflow/.local/lib/python3.7/site-packages/airflow/example_dags/example_dag_decorator.py
[2022-03-24 03:01:31,725] {processor.py:642} INFO - Processing file /home/airflow/.local/lib/python3.7/site-packages/airflow/example_dags/example_dag_decorator.py for tasks to queue
[2022-03-24 03:01:31,754] {logging_mixin.py:109} INFO - [2022-03-24 03:01:31,754] {dagbag.py:500} INFO - Filling up the DagBag from /home/airflow/.local/lib/python3.7/site-packages/airflow/example_dags/example_dag_decorator.py
[2022-03-24 03:01:32,012] {processor.py:654} INFO - DAG(s) dict_keys(['example_dag_decorator']) retrieved from /home/airflow/.local/lib/python3.7/site-packages/airflow/example_dags/example_dag_decorator.py
[2022-03-24 03:01:32,516] {logging_mixin.py:109} INFO - [2022-03-24 03:01:32,516] {dag.py:2398} INFO - Sync 1 DAGs
[2022-03-24 03:01:32,543] {logging_mixin.py:109} INFO - [2022-03-24 03:01:32,543] {dag.py:2937} INFO - Setting next_dagrun for example_dag_decorator to None
[2022-03-24 03:01:32,688] {processor.py:171} INFO - Processing /home/airflow/.local/lib/python3.7/site-packages/airflow/example_dags/example_dag_decorator.py took 1.080 seconds
[2022-03-24 03:02:03,383] {processor.py:163} INFO - Started process (PID=1393) to work on /home/airflow/.local/lib/python3.7/site-packages/airflow/example_dags/example_dag_decorator.py
[2022-03-24 03:02:03,386] {processor.py:642} INFO - Processing file /home/airflow/.local/lib/python3.7/site-packages/airflow/example_dags/example_dag_decorator.py for tasks to queue
[2022-03-24 03:02:03,388] {logging_mixin.py:109} INFO - [2022-03-24 03:02:03,388] {dagbag.py:500} INFO - Filling up the DagBag from /home/airflow/.local/lib/python3.7/site-packages/airflow/example_dags/example_dag_decorator.py
[2022-03-24 03:02:03,453] {processor.py:654} INFO - DAG(s) dict_keys(['example_dag_decorator']) retrieved from /home/airflow/.local/lib/python3.7/site-packages/airflow/example_dags/example_dag_decorator.py
[2022-03-24 03:02:03,753] {logging_mixin.py:109} INFO - [2022-03-24 03:02:03,753] {dag.py:2398} INFO - Sync 1 DAGs
[2022-03-24 03:02:03,775] {logging_mixin.py:109} INFO - [2022-03-24 03:02:03,775] {dag.py:2937} INFO - Setting next_dagrun for example_dag_decorator to None
[2022-03-24 03:02:03,794] {processor.py:171} INFO - Processing /home/airflow/.local/lib/python3.7/site-packages/airflow/example_dags/example_dag_decorator.py took 0.420 seconds
[2022-03-24 03:02:34,358] {processor.py:163} INFO - Started process (PID=1445) to work on /home/airflow/.local/lib/python3.7/site-packages/airflow/example_dags/example_dag_decorator.py
[2022-03-24 03:02:34,365] {processor.py:642} INFO - Processing file /home/airflow/.local/lib/python3.7/site-packages/airflow/example_dags/example_dag_decorator.py for tasks to queue
[2022-03-24 03:02:34,368] {logging_mixin.py:109} INFO - [2022-03-24 03:02:34,368] {dagbag.py:500} INFO - Filling up the DagBag from /home/airflow/.local/lib/python3.7/site-packages/airflow/example_dags/example_dag_decorator.py
[2022-03-24 03:02:34,433] {processor.py:654} INFO - DAG(s) dict_keys(['example_dag_decorator']) retrieved from /home/airflow/.local/lib/python3.7/site-packages/airflow/example_dags/example_dag_decorator.py
[2022-03-24 03:02:34,663] {logging_mixin.py:109} INFO - [2022-03-24 03:02:34,662] {dag.py:2398} INFO - Sync 1 DAGs
[2022-03-24 03:02:34,676] {logging_mixin.py:109} INFO - [2022-03-24 03:02:34,676] {dag.py:2937} INFO - Setting next_dagrun for example_dag_decorator to None
[2022-03-24 03:02:34,690] {processor.py:171} INFO - Processing /home/airflow/.local/lib/python3.7/site-packages/airflow/example_dags/example_dag_decorator.py took 0.340 seconds
[2022-03-24 03:03:04,925] {processor.py:163} INFO - Started process (PID=1496) to work on /home/airflow/.local/lib/python3.7/site-packages/airflow/example_dags/example_dag_decorator.py
[2022-03-24 03:03:04,930] {processor.py:642} INFO - Processing file /home/airflow/.local/lib/python3.7/site-packages/airflow/example_dags/example_dag_decorator.py for tasks to queue
[2022-03-24 03:03:04,932] {logging_mixin.py:109} INFO - [2022-03-24 03:03:04,932] {dagbag.py:500} INFO - Filling up the DagBag from /home/airflow/.local/lib/python3.7/site-packages/airflow/example_dags/example_dag_decorator.py
[2022-03-24 03:03:05,001] {processor.py:654} INFO - DAG(s) dict_keys(['example_dag_decorator']) retrieved from /home/airflow/.local/lib/python3.7/site-packages/airflow/example_dags/example_dag_decorator.py
[2022-03-24 03:03:05,260] {logging_mixin.py:109} INFO - [2022-03-24 03:03:05,260] {dag.py:2398} INFO - Sync 1 DAGs
[2022-03-24 03:03:05,282] {logging_mixin.py:109} INFO - [2022-03-24 03:03:05,282] {dag.py:2937} INFO - Setting next_dagrun for example_dag_decorator to None
[2022-03-24 03:03:05,302] {processor.py:171} INFO - Processing /home/airflow/.local/lib/python3.7/site-packages/airflow/example_dags/example_dag_decorator.py took 0.385 seconds
[2022-03-24 03:03:36,209] {processor.py:163} INFO - Started process (PID=1559) to work on /home/airflow/.local/lib/python3.7/site-packages/airflow/example_dags/example_dag_decorator.py
[2022-03-24 03:03:36,215] {processor.py:642} INFO - Processing file /home/airflow/.local/lib/python3.7/site-packages/airflow/example_dags/example_dag_decorator.py for tasks to queue
[2022-03-24 03:03:36,220] {logging_mixin.py:109} INFO - [2022-03-24 03:03:36,219] {dagbag.py:500} INFO - Filling up the DagBag from /home/airflow/.local/lib/python3.7/site-packages/airflow/example_dags/example_dag_decorator.py
[2022-03-24 03:03:36,290] {processor.py:654} INFO - DAG(s) dict_keys(['example_dag_decorator']) retrieved from /home/airflow/.local/lib/python3.7/site-packages/airflow/example_dags/example_dag_decorator.py
[2022-03-24 03:03:36,516] {logging_mixin.py:109} INFO - [2022-03-24 03:03:36,515] {dag.py:2398} INFO - Sync 1 DAGs
[2022-03-24 03:03:36,539] {logging_mixin.py:109} INFO - [2022-03-24 03:03:36,539] {dag.py:2937} INFO - Setting next_dagrun for example_dag_decorator to None
[2022-03-24 03:03:36,552] {processor.py:171} INFO - Processing /home/airflow/.local/lib/python3.7/site-packages/airflow/example_dags/example_dag_decorator.py took 0.356 seconds
[2022-03-24 03:04:06,775] {processor.py:163} INFO - Started process (PID=1609) to work on /home/airflow/.local/lib/python3.7/site-packages/airflow/example_dags/example_dag_decorator.py
[2022-03-24 03:04:06,783] {processor.py:642} INFO - Processing file /home/airflow/.local/lib/python3.7/site-packages/airflow/example_dags/example_dag_decorator.py for tasks to queue
[2022-03-24 03:04:06,786] {logging_mixin.py:109} INFO - [2022-03-24 03:04:06,786] {dagbag.py:500} INFO - Filling up the DagBag from /home/airflow/.local/lib/python3.7/site-packages/airflow/example_dags/example_dag_decorator.py
[2022-03-24 03:04:06,851] {processor.py:654} INFO - DAG(s) dict_keys(['example_dag_decorator']) retrieved from /home/airflow/.local/lib/python3.7/site-packages/airflow/example_dags/example_dag_decorator.py
[2022-03-24 03:04:06,864] {logging_mixin.py:109} INFO - [2022-03-24 03:04:06,864] {dag.py:2398} INFO - Sync 1 DAGs
[2022-03-24 03:04:06,879] {logging_mixin.py:109} INFO - [2022-03-24 03:04:06,879] {dag.py:2937} INFO - Setting next_dagrun for example_dag_decorator to None
[2022-03-24 03:04:06,890] {processor.py:171} INFO - Processing /home/airflow/.local/lib/python3.7/site-packages/airflow/example_dags/example_dag_decorator.py took 0.123 seconds
[2022-03-24 03:04:37,583] {processor.py:163} INFO - Started process (PID=1661) to work on /home/airflow/.local/lib/python3.7/site-packages/airflow/example_dags/example_dag_decorator.py
[2022-03-24 03:04:37,648] {processor.py:642} INFO - Processing file /home/airflow/.local/lib/python3.7/site-packages/airflow/example_dags/example_dag_decorator.py for tasks to queue
[2022-03-24 03:04:37,652] {logging_mixin.py:109} INFO - [2022-03-24 03:04:37,652] {dagbag.py:500} INFO - Filling up the DagBag from /home/airflow/.local/lib/python3.7/site-packages/airflow/example_dags/example_dag_decorator.py
[2022-03-24 03:04:37,700] {processor.py:654} INFO - DAG(s) dict_keys(['example_dag_decorator']) retrieved from /home/airflow/.local/lib/python3.7/site-packages/airflow/example_dags/example_dag_decorator.py
[2022-03-24 03:04:37,997] {logging_mixin.py:109} INFO - [2022-03-24 03:04:37,997] {dag.py:2398} INFO - Sync 1 DAGs
[2022-03-24 03:04:38,011] {logging_mixin.py:109} INFO - [2022-03-24 03:04:38,011] {dag.py:2937} INFO - Setting next_dagrun for example_dag_decorator to None
[2022-03-24 03:04:38,028] {processor.py:171} INFO - Processing /home/airflow/.local/lib/python3.7/site-packages/airflow/example_dags/example_dag_decorator.py took 0.449 seconds
[2022-03-24 03:05:08,370] {processor.py:163} INFO - Started process (PID=1715) to work on /home/airflow/.local/lib/python3.7/site-packages/airflow/example_dags/example_dag_decorator.py
[2022-03-24 03:05:08,376] {processor.py:642} INFO - Processing file /home/airflow/.local/lib/python3.7/site-packages/airflow/example_dags/example_dag_decorator.py for tasks to queue
[2022-03-24 03:05:08,378] {logging_mixin.py:109} INFO - [2022-03-24 03:05:08,377] {dagbag.py:500} INFO - Filling up the DagBag from /home/airflow/.local/lib/python3.7/site-packages/airflow/example_dags/example_dag_decorator.py
[2022-03-24 03:05:08,429] {processor.py:654} INFO - DAG(s) dict_keys(['example_dag_decorator']) retrieved from /home/airflow/.local/lib/python3.7/site-packages/airflow/example_dags/example_dag_decorator.py
[2022-03-24 03:05:08,660] {logging_mixin.py:109} INFO - [2022-03-24 03:05:08,660] {dag.py:2398} INFO - Sync 1 DAGs
[2022-03-24 03:05:08,692] {logging_mixin.py:109} INFO - [2022-03-24 03:05:08,692] {dag.py:2937} INFO - Setting next_dagrun for example_dag_decorator to None
[2022-03-24 03:05:08,720] {processor.py:171} INFO - Processing /home/airflow/.local/lib/python3.7/site-packages/airflow/example_dags/example_dag_decorator.py took 0.355 seconds
[2022-03-24 03:05:39,089] {processor.py:163} INFO - Started process (PID=1776) to work on /home/airflow/.local/lib/python3.7/site-packages/airflow/example_dags/example_dag_decorator.py
[2022-03-24 03:05:39,101] {processor.py:642} INFO - Processing file /home/airflow/.local/lib/python3.7/site-packages/airflow/example_dags/example_dag_decorator.py for tasks to queue
[2022-03-24 03:05:39,107] {logging_mixin.py:109} INFO - [2022-03-24 03:05:39,107] {dagbag.py:500} INFO - Filling up the DagBag from /home/airflow/.local/lib/python3.7/site-packages/airflow/example_dags/example_dag_decorator.py
[2022-03-24 03:05:39,273] {processor.py:654} INFO - DAG(s) dict_keys(['example_dag_decorator']) retrieved from /home/airflow/.local/lib/python3.7/site-packages/airflow/example_dags/example_dag_decorator.py
[2022-03-24 03:05:39,953] {logging_mixin.py:109} INFO - [2022-03-24 03:05:39,953] {dag.py:2398} INFO - Sync 1 DAGs
[2022-03-24 03:05:40,001] {logging_mixin.py:109} INFO - [2022-03-24 03:05:40,001] {dag.py:2937} INFO - Setting next_dagrun for example_dag_decorator to None
[2022-03-24 03:05:40,033] {processor.py:171} INFO - Processing /home/airflow/.local/lib/python3.7/site-packages/airflow/example_dags/example_dag_decorator.py took 0.962 seconds
[2022-03-24 03:06:10,328] {processor.py:163} INFO - Started process (PID=1826) to work on /home/airflow/.local/lib/python3.7/site-packages/airflow/example_dags/example_dag_decorator.py
[2022-03-24 03:06:10,501] {processor.py:642} INFO - Processing file /home/airflow/.local/lib/python3.7/site-packages/airflow/example_dags/example_dag_decorator.py for tasks to queue
[2022-03-24 03:06:10,503] {logging_mixin.py:109} INFO - [2022-03-24 03:06:10,503] {dagbag.py:500} INFO - Filling up the DagBag from /home/airflow/.local/lib/python3.7/site-packages/airflow/example_dags/example_dag_decorator.py
[2022-03-24 03:06:10,623] {processor.py:654} INFO - DAG(s) dict_keys(['example_dag_decorator']) retrieved from /home/airflow/.local/lib/python3.7/site-packages/airflow/example_dags/example_dag_decorator.py
[2022-03-24 03:06:11,571] {logging_mixin.py:109} INFO - [2022-03-24 03:06:11,571] {dag.py:2398} INFO - Sync 1 DAGs
[2022-03-24 03:06:11,714] {logging_mixin.py:109} INFO - [2022-03-24 03:06:11,714] {dag.py:2937} INFO - Setting next_dagrun for example_dag_decorator to None
[2022-03-24 03:06:11,909] {processor.py:171} INFO - Processing /home/airflow/.local/lib/python3.7/site-packages/airflow/example_dags/example_dag_decorator.py took 1.591 seconds
[2022-03-24 03:06:42,262] {processor.py:163} INFO - Started process (PID=1875) to work on /home/airflow/.local/lib/python3.7/site-packages/airflow/example_dags/example_dag_decorator.py
[2022-03-24 03:06:42,283] {processor.py:642} INFO - Processing file /home/airflow/.local/lib/python3.7/site-packages/airflow/example_dags/example_dag_decorator.py for tasks to queue
[2022-03-24 03:06:42,294] {logging_mixin.py:109} INFO - [2022-03-24 03:06:42,293] {dagbag.py:500} INFO - Filling up the DagBag from /home/airflow/.local/lib/python3.7/site-packages/airflow/example_dags/example_dag_decorator.py
[2022-03-24 03:06:42,620] {processor.py:654} INFO - DAG(s) dict_keys(['example_dag_decorator']) retrieved from /home/airflow/.local/lib/python3.7/site-packages/airflow/example_dags/example_dag_decorator.py
[2022-03-24 03:06:43,307] {logging_mixin.py:109} INFO - [2022-03-24 03:06:43,307] {dag.py:2398} INFO - Sync 1 DAGs
[2022-03-24 03:06:43,347] {logging_mixin.py:109} INFO - [2022-03-24 03:06:43,347] {dag.py:2937} INFO - Setting next_dagrun for example_dag_decorator to None
[2022-03-24 03:06:43,377] {processor.py:171} INFO - Processing /home/airflow/.local/lib/python3.7/site-packages/airflow/example_dags/example_dag_decorator.py took 1.120 seconds
[2022-03-24 03:07:14,213] {processor.py:163} INFO - Started process (PID=1926) to work on /home/airflow/.local/lib/python3.7/site-packages/airflow/example_dags/example_dag_decorator.py
[2022-03-24 03:07:14,217] {processor.py:642} INFO - Processing file /home/airflow/.local/lib/python3.7/site-packages/airflow/example_dags/example_dag_decorator.py for tasks to queue
[2022-03-24 03:07:14,220] {logging_mixin.py:109} INFO - [2022-03-24 03:07:14,219] {dagbag.py:500} INFO - Filling up the DagBag from /home/airflow/.local/lib/python3.7/site-packages/airflow/example_dags/example_dag_decorator.py
[2022-03-24 03:07:14,284] {processor.py:654} INFO - DAG(s) dict_keys(['example_dag_decorator']) retrieved from /home/airflow/.local/lib/python3.7/site-packages/airflow/example_dags/example_dag_decorator.py
[2022-03-24 03:07:14,573] {logging_mixin.py:109} INFO - [2022-03-24 03:07:14,573] {dag.py:2398} INFO - Sync 1 DAGs
[2022-03-24 03:07:14,594] {logging_mixin.py:109} INFO - [2022-03-24 03:07:14,593] {dag.py:2937} INFO - Setting next_dagrun for example_dag_decorator to None
[2022-03-24 03:07:14,613] {processor.py:171} INFO - Processing /home/airflow/.local/lib/python3.7/site-packages/airflow/example_dags/example_dag_decorator.py took 0.409 seconds
[2022-03-24 03:07:44,810] {processor.py:163} INFO - Started process (PID=1977) to work on /home/airflow/.local/lib/python3.7/site-packages/airflow/example_dags/example_dag_decorator.py
[2022-03-24 03:07:44,815] {processor.py:642} INFO - Processing file /home/airflow/.local/lib/python3.7/site-packages/airflow/example_dags/example_dag_decorator.py for tasks to queue
[2022-03-24 03:07:44,817] {logging_mixin.py:109} INFO - [2022-03-24 03:07:44,817] {dagbag.py:500} INFO - Filling up the DagBag from /home/airflow/.local/lib/python3.7/site-packages/airflow/example_dags/example_dag_decorator.py
[2022-03-24 03:07:44,868] {processor.py:654} INFO - DAG(s) dict_keys(['example_dag_decorator']) retrieved from /home/airflow/.local/lib/python3.7/site-packages/airflow/example_dags/example_dag_decorator.py
[2022-03-24 03:07:45,103] {logging_mixin.py:109} INFO - [2022-03-24 03:07:45,102] {dag.py:2398} INFO - Sync 1 DAGs
[2022-03-24 03:07:45,123] {logging_mixin.py:109} INFO - [2022-03-24 03:07:45,123] {dag.py:2937} INFO - Setting next_dagrun for example_dag_decorator to None
[2022-03-24 03:07:45,141] {processor.py:171} INFO - Processing /home/airflow/.local/lib/python3.7/site-packages/airflow/example_dags/example_dag_decorator.py took 0.344 seconds
[2022-03-24 03:08:15,267] {processor.py:163} INFO - Started process (PID=2028) to work on /home/airflow/.local/lib/python3.7/site-packages/airflow/example_dags/example_dag_decorator.py
[2022-03-24 03:08:15,273] {processor.py:642} INFO - Processing file /home/airflow/.local/lib/python3.7/site-packages/airflow/example_dags/example_dag_decorator.py for tasks to queue
[2022-03-24 03:08:15,276] {logging_mixin.py:109} INFO - [2022-03-24 03:08:15,276] {dagbag.py:500} INFO - Filling up the DagBag from /home/airflow/.local/lib/python3.7/site-packages/airflow/example_dags/example_dag_decorator.py
[2022-03-24 03:08:15,353] {processor.py:654} INFO - DAG(s) dict_keys(['example_dag_decorator']) retrieved from /home/airflow/.local/lib/python3.7/site-packages/airflow/example_dags/example_dag_decorator.py
[2022-03-24 03:08:15,569] {logging_mixin.py:109} INFO - [2022-03-24 03:08:15,569] {dag.py:2398} INFO - Sync 1 DAGs
[2022-03-24 03:08:15,586] {logging_mixin.py:109} INFO - [2022-03-24 03:08:15,586] {dag.py:2937} INFO - Setting next_dagrun for example_dag_decorator to None
[2022-03-24 03:08:15,599] {processor.py:171} INFO - Processing /home/airflow/.local/lib/python3.7/site-packages/airflow/example_dags/example_dag_decorator.py took 0.335 seconds
[2022-03-24 03:08:46,283] {processor.py:163} INFO - Started process (PID=2083) to work on /home/airflow/.local/lib/python3.7/site-packages/airflow/example_dags/example_dag_decorator.py
[2022-03-24 03:08:46,291] {processor.py:642} INFO - Processing file /home/airflow/.local/lib/python3.7/site-packages/airflow/example_dags/example_dag_decorator.py for tasks to queue
[2022-03-24 03:08:46,293] {logging_mixin.py:109} INFO - [2022-03-24 03:08:46,293] {dagbag.py:500} INFO - Filling up the DagBag from /home/airflow/.local/lib/python3.7/site-packages/airflow/example_dags/example_dag_decorator.py
[2022-03-24 03:08:46,408] {processor.py:654} INFO - DAG(s) dict_keys(['example_dag_decorator']) retrieved from /home/airflow/.local/lib/python3.7/site-packages/airflow/example_dags/example_dag_decorator.py
[2022-03-24 03:08:47,017] {logging_mixin.py:109} INFO - [2022-03-24 03:08:47,017] {dag.py:2398} INFO - Sync 1 DAGs
[2022-03-24 03:08:47,020] {logging_mixin.py:109} INFO - [2022-03-24 03:08:47,020] {dag.py:2937} INFO - Setting next_dagrun for example_dag_decorator to None
[2022-03-24 03:08:47,042] {processor.py:171} INFO - Processing /home/airflow/.local/lib/python3.7/site-packages/airflow/example_dags/example_dag_decorator.py took 0.805 seconds
[2022-03-24 03:09:17,912] {processor.py:163} INFO - Started process (PID=2134) to work on /home/airflow/.local/lib/python3.7/site-packages/airflow/example_dags/example_dag_decorator.py
[2022-03-24 03:09:17,918] {processor.py:642} INFO - Processing file /home/airflow/.local/lib/python3.7/site-packages/airflow/example_dags/example_dag_decorator.py for tasks to queue
[2022-03-24 03:09:17,920] {logging_mixin.py:109} INFO - [2022-03-24 03:09:17,919] {dagbag.py:500} INFO - Filling up the DagBag from /home/airflow/.local/lib/python3.7/site-packages/airflow/example_dags/example_dag_decorator.py
[2022-03-24 03:09:17,988] {processor.py:654} INFO - DAG(s) dict_keys(['example_dag_decorator']) retrieved from /home/airflow/.local/lib/python3.7/site-packages/airflow/example_dags/example_dag_decorator.py
[2022-03-24 03:09:18,298] {logging_mixin.py:109} INFO - [2022-03-24 03:09:18,298] {dag.py:2398} INFO - Sync 1 DAGs
[2022-03-24 03:09:18,314] {logging_mixin.py:109} INFO - [2022-03-24 03:09:18,314] {dag.py:2937} INFO - Setting next_dagrun for example_dag_decorator to None
[2022-03-24 03:09:18,331] {processor.py:171} INFO - Processing /home/airflow/.local/lib/python3.7/site-packages/airflow/example_dags/example_dag_decorator.py took 0.428 seconds
[2022-03-24 03:09:48,714] {processor.py:163} INFO - Started process (PID=2184) to work on /home/airflow/.local/lib/python3.7/site-packages/airflow/example_dags/example_dag_decorator.py
[2022-03-24 03:09:48,719] {processor.py:642} INFO - Processing file /home/airflow/.local/lib/python3.7/site-packages/airflow/example_dags/example_dag_decorator.py for tasks to queue
[2022-03-24 03:09:48,721] {logging_mixin.py:109} INFO - [2022-03-24 03:09:48,721] {dagbag.py:500} INFO - Filling up the DagBag from /home/airflow/.local/lib/python3.7/site-packages/airflow/example_dags/example_dag_decorator.py
[2022-03-24 03:09:48,820] {processor.py:654} INFO - DAG(s) dict_keys(['example_dag_decorator']) retrieved from /home/airflow/.local/lib/python3.7/site-packages/airflow/example_dags/example_dag_decorator.py
[2022-03-24 03:09:49,149] {logging_mixin.py:109} INFO - [2022-03-24 03:09:49,149] {dag.py:2398} INFO - Sync 1 DAGs
[2022-03-24 03:09:49,170] {logging_mixin.py:109} INFO - [2022-03-24 03:09:49,169] {dag.py:2937} INFO - Setting next_dagrun for example_dag_decorator to None
[2022-03-24 03:09:49,189] {processor.py:171} INFO - Processing /home/airflow/.local/lib/python3.7/site-packages/airflow/example_dags/example_dag_decorator.py took 0.486 seconds
[2022-03-24 03:10:19,390] {processor.py:163} INFO - Started process (PID=2239) to work on /home/airflow/.local/lib/python3.7/site-packages/airflow/example_dags/example_dag_decorator.py
[2022-03-24 03:10:19,392] {processor.py:642} INFO - Processing file /home/airflow/.local/lib/python3.7/site-packages/airflow/example_dags/example_dag_decorator.py for tasks to queue
[2022-03-24 03:10:19,394] {logging_mixin.py:109} INFO - [2022-03-24 03:10:19,394] {dagbag.py:500} INFO - Filling up the DagBag from /home/airflow/.local/lib/python3.7/site-packages/airflow/example_dags/example_dag_decorator.py
[2022-03-24 03:10:19,451] {processor.py:654} INFO - DAG(s) dict_keys(['example_dag_decorator']) retrieved from /home/airflow/.local/lib/python3.7/site-packages/airflow/example_dags/example_dag_decorator.py
[2022-03-24 03:10:19,694] {logging_mixin.py:109} INFO - [2022-03-24 03:10:19,694] {dag.py:2398} INFO - Sync 1 DAGs
[2022-03-24 03:10:19,888] {logging_mixin.py:109} INFO - [2022-03-24 03:10:19,888] {dag.py:2937} INFO - Setting next_dagrun for example_dag_decorator to None
[2022-03-24 03:10:19,908] {processor.py:171} INFO - Processing /home/airflow/.local/lib/python3.7/site-packages/airflow/example_dags/example_dag_decorator.py took 0.522 seconds
[2022-03-24 03:10:50,938] {processor.py:163} INFO - Started process (PID=2289) to work on /home/airflow/.local/lib/python3.7/site-packages/airflow/example_dags/example_dag_decorator.py
[2022-03-24 03:10:51,324] {processor.py:642} INFO - Processing file /home/airflow/.local/lib/python3.7/site-packages/airflow/example_dags/example_dag_decorator.py for tasks to queue
[2022-03-24 03:10:51,333] {logging_mixin.py:109} INFO - [2022-03-24 03:10:51,333] {dagbag.py:500} INFO - Filling up the DagBag from /home/airflow/.local/lib/python3.7/site-packages/airflow/example_dags/example_dag_decorator.py
[2022-03-24 03:10:51,605] {processor.py:654} INFO - DAG(s) dict_keys(['example_dag_decorator']) retrieved from /home/airflow/.local/lib/python3.7/site-packages/airflow/example_dags/example_dag_decorator.py
[2022-03-24 03:10:51,920] {logging_mixin.py:109} INFO - [2022-03-24 03:10:51,920] {dag.py:2398} INFO - Sync 1 DAGs
[2022-03-24 03:10:51,939] {logging_mixin.py:109} INFO - [2022-03-24 03:10:51,939] {dag.py:2937} INFO - Setting next_dagrun for example_dag_decorator to None
[2022-03-24 03:10:51,960] {processor.py:171} INFO - Processing /home/airflow/.local/lib/python3.7/site-packages/airflow/example_dags/example_dag_decorator.py took 1.039 seconds
[2022-03-24 03:11:22,037] {processor.py:163} INFO - Started process (PID=2340) to work on /home/airflow/.local/lib/python3.7/site-packages/airflow/example_dags/example_dag_decorator.py
[2022-03-24 03:11:22,039] {processor.py:642} INFO - Processing file /home/airflow/.local/lib/python3.7/site-packages/airflow/example_dags/example_dag_decorator.py for tasks to queue
[2022-03-24 03:11:22,041] {logging_mixin.py:109} INFO - [2022-03-24 03:11:22,041] {dagbag.py:500} INFO - Filling up the DagBag from /home/airflow/.local/lib/python3.7/site-packages/airflow/example_dags/example_dag_decorator.py
[2022-03-24 03:11:22,102] {processor.py:654} INFO - DAG(s) dict_keys(['example_dag_decorator']) retrieved from /home/airflow/.local/lib/python3.7/site-packages/airflow/example_dags/example_dag_decorator.py
[2022-03-24 03:11:22,321] {logging_mixin.py:109} INFO - [2022-03-24 03:11:22,321] {dag.py:2398} INFO - Sync 1 DAGs
[2022-03-24 03:11:22,337] {logging_mixin.py:109} INFO - [2022-03-24 03:11:22,337] {dag.py:2937} INFO - Setting next_dagrun for example_dag_decorator to None
[2022-03-24 03:11:22,351] {processor.py:171} INFO - Processing /home/airflow/.local/lib/python3.7/site-packages/airflow/example_dags/example_dag_decorator.py took 0.319 seconds
[2022-03-24 03:11:52,829] {processor.py:163} INFO - Started process (PID=2389) to work on /home/airflow/.local/lib/python3.7/site-packages/airflow/example_dags/example_dag_decorator.py
[2022-03-24 03:11:52,838] {processor.py:642} INFO - Processing file /home/airflow/.local/lib/python3.7/site-packages/airflow/example_dags/example_dag_decorator.py for tasks to queue
[2022-03-24 03:11:52,841] {logging_mixin.py:109} INFO - [2022-03-24 03:11:52,841] {dagbag.py:500} INFO - Filling up the DagBag from /home/airflow/.local/lib/python3.7/site-packages/airflow/example_dags/example_dag_decorator.py
[2022-03-24 03:11:52,931] {processor.py:654} INFO - DAG(s) dict_keys(['example_dag_decorator']) retrieved from /home/airflow/.local/lib/python3.7/site-packages/airflow/example_dags/example_dag_decorator.py
[2022-03-24 03:11:53,305] {logging_mixin.py:109} INFO - [2022-03-24 03:11:53,305] {dag.py:2398} INFO - Sync 1 DAGs
[2022-03-24 03:11:53,337] {logging_mixin.py:109} INFO - [2022-03-24 03:11:53,337] {dag.py:2937} INFO - Setting next_dagrun for example_dag_decorator to None
[2022-03-24 03:11:53,355] {processor.py:171} INFO - Processing /home/airflow/.local/lib/python3.7/site-packages/airflow/example_dags/example_dag_decorator.py took 0.538 seconds
[2022-03-24 03:12:23,419] {processor.py:163} INFO - Started process (PID=2440) to work on /home/airflow/.local/lib/python3.7/site-packages/airflow/example_dags/example_dag_decorator.py
[2022-03-24 03:12:23,423] {processor.py:642} INFO - Processing file /home/airflow/.local/lib/python3.7/site-packages/airflow/example_dags/example_dag_decorator.py for tasks to queue
[2022-03-24 03:12:23,426] {logging_mixin.py:109} INFO - [2022-03-24 03:12:23,426] {dagbag.py:500} INFO - Filling up the DagBag from /home/airflow/.local/lib/python3.7/site-packages/airflow/example_dags/example_dag_decorator.py
[2022-03-24 03:12:23,496] {processor.py:654} INFO - DAG(s) dict_keys(['example_dag_decorator']) retrieved from /home/airflow/.local/lib/python3.7/site-packages/airflow/example_dags/example_dag_decorator.py
[2022-03-24 03:12:23,788] {logging_mixin.py:109} INFO - [2022-03-24 03:12:23,788] {dag.py:2398} INFO - Sync 1 DAGs
[2022-03-24 03:12:23,806] {logging_mixin.py:109} INFO - [2022-03-24 03:12:23,806] {dag.py:2937} INFO - Setting next_dagrun for example_dag_decorator to None
[2022-03-24 03:12:23,823] {processor.py:171} INFO - Processing /home/airflow/.local/lib/python3.7/site-packages/airflow/example_dags/example_dag_decorator.py took 0.415 seconds
[2022-03-24 03:12:54,206] {processor.py:163} INFO - Started process (PID=2493) to work on /home/airflow/.local/lib/python3.7/site-packages/airflow/example_dags/example_dag_decorator.py
[2022-03-24 03:12:54,211] {processor.py:642} INFO - Processing file /home/airflow/.local/lib/python3.7/site-packages/airflow/example_dags/example_dag_decorator.py for tasks to queue
[2022-03-24 03:12:54,214] {logging_mixin.py:109} INFO - [2022-03-24 03:12:54,213] {dagbag.py:500} INFO - Filling up the DagBag from /home/airflow/.local/lib/python3.7/site-packages/airflow/example_dags/example_dag_decorator.py
[2022-03-24 03:12:54,290] {processor.py:654} INFO - DAG(s) dict_keys(['example_dag_decorator']) retrieved from /home/airflow/.local/lib/python3.7/site-packages/airflow/example_dags/example_dag_decorator.py
[2022-03-24 03:12:54,535] {logging_mixin.py:109} INFO - [2022-03-24 03:12:54,535] {dag.py:2398} INFO - Sync 1 DAGs
[2022-03-24 03:12:54,559] {logging_mixin.py:109} INFO - [2022-03-24 03:12:54,559] {dag.py:2937} INFO - Setting next_dagrun for example_dag_decorator to None
[2022-03-24 03:12:54,577] {processor.py:171} INFO - Processing /home/airflow/.local/lib/python3.7/site-packages/airflow/example_dags/example_dag_decorator.py took 0.387 seconds
[2022-03-24 03:13:25,270] {processor.py:163} INFO - Started process (PID=2544) to work on /home/airflow/.local/lib/python3.7/site-packages/airflow/example_dags/example_dag_decorator.py
[2022-03-24 03:13:25,275] {processor.py:642} INFO - Processing file /home/airflow/.local/lib/python3.7/site-packages/airflow/example_dags/example_dag_decorator.py for tasks to queue
[2022-03-24 03:13:25,278] {logging_mixin.py:109} INFO - [2022-03-24 03:13:25,277] {dagbag.py:500} INFO - Filling up the DagBag from /home/airflow/.local/lib/python3.7/site-packages/airflow/example_dags/example_dag_decorator.py
[2022-03-24 03:13:25,335] {processor.py:654} INFO - DAG(s) dict_keys(['example_dag_decorator']) retrieved from /home/airflow/.local/lib/python3.7/site-packages/airflow/example_dags/example_dag_decorator.py
[2022-03-24 03:13:25,728] {logging_mixin.py:109} INFO - [2022-03-24 03:13:25,727] {dag.py:2398} INFO - Sync 1 DAGs
[2022-03-24 03:13:25,774] {logging_mixin.py:109} INFO - [2022-03-24 03:13:25,774] {dag.py:2937} INFO - Setting next_dagrun for example_dag_decorator to None
[2022-03-24 03:13:25,813] {processor.py:171} INFO - Processing /home/airflow/.local/lib/python3.7/site-packages/airflow/example_dags/example_dag_decorator.py took 0.547 seconds
[2022-03-24 03:13:56,561] {processor.py:163} INFO - Started process (PID=2609) to work on /home/airflow/.local/lib/python3.7/site-packages/airflow/example_dags/example_dag_decorator.py
[2022-03-24 03:13:56,569] {processor.py:642} INFO - Processing file /home/airflow/.local/lib/python3.7/site-packages/airflow/example_dags/example_dag_decorator.py for tasks to queue
[2022-03-24 03:13:56,571] {logging_mixin.py:109} INFO - [2022-03-24 03:13:56,571] {dagbag.py:500} INFO - Filling up the DagBag from /home/airflow/.local/lib/python3.7/site-packages/airflow/example_dags/example_dag_decorator.py
[2022-03-24 03:13:56,721] {processor.py:654} INFO - DAG(s) dict_keys(['example_dag_decorator']) retrieved from /home/airflow/.local/lib/python3.7/site-packages/airflow/example_dags/example_dag_decorator.py
[2022-03-24 03:13:57,404] {logging_mixin.py:109} INFO - [2022-03-24 03:13:57,404] {dag.py:2398} INFO - Sync 1 DAGs
[2022-03-24 03:13:57,442] {logging_mixin.py:109} INFO - [2022-03-24 03:13:57,442] {dag.py:2937} INFO - Setting next_dagrun for example_dag_decorator to None
[2022-03-24 03:13:57,473] {processor.py:171} INFO - Processing /home/airflow/.local/lib/python3.7/site-packages/airflow/example_dags/example_dag_decorator.py took 0.915 seconds
[2022-03-24 03:14:28,128] {processor.py:163} INFO - Started process (PID=2661) to work on /home/airflow/.local/lib/python3.7/site-packages/airflow/example_dags/example_dag_decorator.py
[2022-03-24 03:14:28,142] {processor.py:642} INFO - Processing file /home/airflow/.local/lib/python3.7/site-packages/airflow/example_dags/example_dag_decorator.py for tasks to queue
[2022-03-24 03:14:28,145] {logging_mixin.py:109} INFO - [2022-03-24 03:14:28,144] {dagbag.py:500} INFO - Filling up the DagBag from /home/airflow/.local/lib/python3.7/site-packages/airflow/example_dags/example_dag_decorator.py
[2022-03-24 03:14:28,283] {processor.py:654} INFO - DAG(s) dict_keys(['example_dag_decorator']) retrieved from /home/airflow/.local/lib/python3.7/site-packages/airflow/example_dags/example_dag_decorator.py
[2022-03-24 03:14:28,560] {logging_mixin.py:109} INFO - [2022-03-24 03:14:28,560] {dag.py:2398} INFO - Sync 1 DAGs
[2022-03-24 03:14:28,582] {logging_mixin.py:109} INFO - [2022-03-24 03:14:28,582] {dag.py:2937} INFO - Setting next_dagrun for example_dag_decorator to None
[2022-03-24 03:14:28,602] {processor.py:171} INFO - Processing /home/airflow/.local/lib/python3.7/site-packages/airflow/example_dags/example_dag_decorator.py took 0.479 seconds
[2022-03-24 03:14:58,940] {processor.py:163} INFO - Started process (PID=2715) to work on /home/airflow/.local/lib/python3.7/site-packages/airflow/example_dags/example_dag_decorator.py
[2022-03-24 03:14:58,945] {processor.py:642} INFO - Processing file /home/airflow/.local/lib/python3.7/site-packages/airflow/example_dags/example_dag_decorator.py for tasks to queue
[2022-03-24 03:14:58,947] {logging_mixin.py:109} INFO - [2022-03-24 03:14:58,946] {dagbag.py:500} INFO - Filling up the DagBag from /home/airflow/.local/lib/python3.7/site-packages/airflow/example_dags/example_dag_decorator.py
[2022-03-24 03:14:59,005] {processor.py:654} INFO - DAG(s) dict_keys(['example_dag_decorator']) retrieved from /home/airflow/.local/lib/python3.7/site-packages/airflow/example_dags/example_dag_decorator.py
[2022-03-24 03:14:59,297] {logging_mixin.py:109} INFO - [2022-03-24 03:14:59,297] {dag.py:2398} INFO - Sync 1 DAGs
[2022-03-24 03:14:59,313] {logging_mixin.py:109} INFO - [2022-03-24 03:14:59,313] {dag.py:2937} INFO - Setting next_dagrun for example_dag_decorator to None
[2022-03-24 03:14:59,329] {processor.py:171} INFO - Processing /home/airflow/.local/lib/python3.7/site-packages/airflow/example_dags/example_dag_decorator.py took 0.393 seconds
[2022-03-24 03:15:29,943] {processor.py:163} INFO - Started process (PID=2769) to work on /home/airflow/.local/lib/python3.7/site-packages/airflow/example_dags/example_dag_decorator.py
[2022-03-24 03:15:30,126] {processor.py:642} INFO - Processing file /home/airflow/.local/lib/python3.7/site-packages/airflow/example_dags/example_dag_decorator.py for tasks to queue
[2022-03-24 03:15:30,141] {logging_mixin.py:109} INFO - [2022-03-24 03:15:30,139] {dagbag.py:500} INFO - Filling up the DagBag from /home/airflow/.local/lib/python3.7/site-packages/airflow/example_dags/example_dag_decorator.py
[2022-03-24 03:15:30,277] {processor.py:654} INFO - DAG(s) dict_keys(['example_dag_decorator']) retrieved from /home/airflow/.local/lib/python3.7/site-packages/airflow/example_dags/example_dag_decorator.py
[2022-03-24 03:15:30,514] {logging_mixin.py:109} INFO - [2022-03-24 03:15:30,514] {dag.py:2398} INFO - Sync 1 DAGs
[2022-03-24 03:15:30,534] {logging_mixin.py:109} INFO - [2022-03-24 03:15:30,534] {dag.py:2937} INFO - Setting next_dagrun for example_dag_decorator to None
[2022-03-24 03:15:30,549] {processor.py:171} INFO - Processing /home/airflow/.local/lib/python3.7/site-packages/airflow/example_dags/example_dag_decorator.py took 0.619 seconds
[2022-03-24 03:16:00,695] {processor.py:163} INFO - Started process (PID=2818) to work on /home/airflow/.local/lib/python3.7/site-packages/airflow/example_dags/example_dag_decorator.py
[2022-03-24 03:16:00,698] {processor.py:642} INFO - Processing file /home/airflow/.local/lib/python3.7/site-packages/airflow/example_dags/example_dag_decorator.py for tasks to queue
[2022-03-24 03:16:00,709] {logging_mixin.py:109} INFO - [2022-03-24 03:16:00,709] {dagbag.py:500} INFO - Filling up the DagBag from /home/airflow/.local/lib/python3.7/site-packages/airflow/example_dags/example_dag_decorator.py
[2022-03-24 03:16:00,797] {processor.py:654} INFO - DAG(s) dict_keys(['example_dag_decorator']) retrieved from /home/airflow/.local/lib/python3.7/site-packages/airflow/example_dags/example_dag_decorator.py
[2022-03-24 03:16:01,019] {logging_mixin.py:109} INFO - [2022-03-24 03:16:01,019] {dag.py:2398} INFO - Sync 1 DAGs
[2022-03-24 03:16:01,035] {logging_mixin.py:109} INFO - [2022-03-24 03:16:01,035] {dag.py:2937} INFO - Setting next_dagrun for example_dag_decorator to None
[2022-03-24 03:16:01,053] {processor.py:171} INFO - Processing /home/airflow/.local/lib/python3.7/site-packages/airflow/example_dags/example_dag_decorator.py took 0.364 seconds
[2022-03-24 03:16:32,241] {processor.py:163} INFO - Started process (PID=2870) to work on /home/airflow/.local/lib/python3.7/site-packages/airflow/example_dags/example_dag_decorator.py
[2022-03-24 03:16:32,248] {processor.py:642} INFO - Processing file /home/airflow/.local/lib/python3.7/site-packages/airflow/example_dags/example_dag_decorator.py for tasks to queue
[2022-03-24 03:16:32,252] {logging_mixin.py:109} INFO - [2022-03-24 03:16:32,251] {dagbag.py:500} INFO - Filling up the DagBag from /home/airflow/.local/lib/python3.7/site-packages/airflow/example_dags/example_dag_decorator.py
[2022-03-24 03:16:32,340] {processor.py:654} INFO - DAG(s) dict_keys(['example_dag_decorator']) retrieved from /home/airflow/.local/lib/python3.7/site-packages/airflow/example_dags/example_dag_decorator.py
[2022-03-24 03:16:32,569] {logging_mixin.py:109} INFO - [2022-03-24 03:16:32,569] {dag.py:2398} INFO - Sync 1 DAGs
[2022-03-24 03:16:32,587] {logging_mixin.py:109} INFO - [2022-03-24 03:16:32,587] {dag.py:2937} INFO - Setting next_dagrun for example_dag_decorator to None
[2022-03-24 03:16:32,606] {processor.py:171} INFO - Processing /home/airflow/.local/lib/python3.7/site-packages/airflow/example_dags/example_dag_decorator.py took 0.377 seconds
[2022-03-24 03:17:02,758] {processor.py:163} INFO - Started process (PID=2922) to work on /home/airflow/.local/lib/python3.7/site-packages/airflow/example_dags/example_dag_decorator.py
[2022-03-24 03:17:02,760] {processor.py:642} INFO - Processing file /home/airflow/.local/lib/python3.7/site-packages/airflow/example_dags/example_dag_decorator.py for tasks to queue
[2022-03-24 03:17:02,762] {logging_mixin.py:109} INFO - [2022-03-24 03:17:02,762] {dagbag.py:500} INFO - Filling up the DagBag from /home/airflow/.local/lib/python3.7/site-packages/airflow/example_dags/example_dag_decorator.py
[2022-03-24 03:17:02,809] {processor.py:654} INFO - DAG(s) dict_keys(['example_dag_decorator']) retrieved from /home/airflow/.local/lib/python3.7/site-packages/airflow/example_dags/example_dag_decorator.py
[2022-03-24 03:17:03,094] {logging_mixin.py:109} INFO - [2022-03-24 03:17:03,094] {dag.py:2398} INFO - Sync 1 DAGs
[2022-03-24 03:17:03,110] {logging_mixin.py:109} INFO - [2022-03-24 03:17:03,109] {dag.py:2937} INFO - Setting next_dagrun for example_dag_decorator to None
[2022-03-24 03:17:03,130] {processor.py:171} INFO - Processing /home/airflow/.local/lib/python3.7/site-packages/airflow/example_dags/example_dag_decorator.py took 0.376 seconds
[2022-03-24 03:17:33,204] {processor.py:163} INFO - Started process (PID=2972) to work on /home/airflow/.local/lib/python3.7/site-packages/airflow/example_dags/example_dag_decorator.py
[2022-03-24 03:17:33,209] {processor.py:642} INFO - Processing file /home/airflow/.local/lib/python3.7/site-packages/airflow/example_dags/example_dag_decorator.py for tasks to queue
[2022-03-24 03:17:33,212] {logging_mixin.py:109} INFO - [2022-03-24 03:17:33,211] {dagbag.py:500} INFO - Filling up the DagBag from /home/airflow/.local/lib/python3.7/site-packages/airflow/example_dags/example_dag_decorator.py
[2022-03-24 03:17:33,268] {processor.py:654} INFO - DAG(s) dict_keys(['example_dag_decorator']) retrieved from /home/airflow/.local/lib/python3.7/site-packages/airflow/example_dags/example_dag_decorator.py
[2022-03-24 03:17:33,476] {logging_mixin.py:109} INFO - [2022-03-24 03:17:33,476] {dag.py:2398} INFO - Sync 1 DAGs
[2022-03-24 03:17:33,491] {logging_mixin.py:109} INFO - [2022-03-24 03:17:33,491] {dag.py:2937} INFO - Setting next_dagrun for example_dag_decorator to None
[2022-03-24 03:17:33,509] {processor.py:171} INFO - Processing /home/airflow/.local/lib/python3.7/site-packages/airflow/example_dags/example_dag_decorator.py took 0.314 seconds
[2022-03-24 03:18:04,103] {processor.py:163} INFO - Started process (PID=3034) to work on /home/airflow/.local/lib/python3.7/site-packages/airflow/example_dags/example_dag_decorator.py
[2022-03-24 03:18:04,115] {processor.py:642} INFO - Processing file /home/airflow/.local/lib/python3.7/site-packages/airflow/example_dags/example_dag_decorator.py for tasks to queue
[2022-03-24 03:18:04,117] {logging_mixin.py:109} INFO - [2022-03-24 03:18:04,117] {dagbag.py:500} INFO - Filling up the DagBag from /home/airflow/.local/lib/python3.7/site-packages/airflow/example_dags/example_dag_decorator.py
[2022-03-24 03:18:04,216] {processor.py:654} INFO - DAG(s) dict_keys(['example_dag_decorator']) retrieved from /home/airflow/.local/lib/python3.7/site-packages/airflow/example_dags/example_dag_decorator.py
[2022-03-24 03:18:04,951] {logging_mixin.py:109} INFO - [2022-03-24 03:18:04,950] {dag.py:2398} INFO - Sync 1 DAGs
[2022-03-24 03:18:05,026] {logging_mixin.py:109} INFO - [2022-03-24 03:18:05,026] {dag.py:2937} INFO - Setting next_dagrun for example_dag_decorator to None
[2022-03-24 03:18:05,077] {processor.py:171} INFO - Processing /home/airflow/.local/lib/python3.7/site-packages/airflow/example_dags/example_dag_decorator.py took 0.978 seconds
[2022-03-24 03:18:35,414] {processor.py:163} INFO - Started process (PID=3086) to work on /home/airflow/.local/lib/python3.7/site-packages/airflow/example_dags/example_dag_decorator.py
[2022-03-24 03:18:35,426] {processor.py:642} INFO - Processing file /home/airflow/.local/lib/python3.7/site-packages/airflow/example_dags/example_dag_decorator.py for tasks to queue
[2022-03-24 03:18:35,428] {logging_mixin.py:109} INFO - [2022-03-24 03:18:35,428] {dagbag.py:500} INFO - Filling up the DagBag from /home/airflow/.local/lib/python3.7/site-packages/airflow/example_dags/example_dag_decorator.py
[2022-03-24 03:18:35,537] {processor.py:654} INFO - DAG(s) dict_keys(['example_dag_decorator']) retrieved from /home/airflow/.local/lib/python3.7/site-packages/airflow/example_dags/example_dag_decorator.py
[2022-03-24 03:18:36,023] {logging_mixin.py:109} INFO - [2022-03-24 03:18:36,023] {dag.py:2398} INFO - Sync 1 DAGs
[2022-03-24 03:18:36,044] {logging_mixin.py:109} INFO - [2022-03-24 03:18:36,044] {dag.py:2937} INFO - Setting next_dagrun for example_dag_decorator to None
[2022-03-24 03:18:36,059] {processor.py:171} INFO - Processing /home/airflow/.local/lib/python3.7/site-packages/airflow/example_dags/example_dag_decorator.py took 0.649 seconds
[2022-03-24 03:19:06,710] {processor.py:163} INFO - Started process (PID=3141) to work on /home/airflow/.local/lib/python3.7/site-packages/airflow/example_dags/example_dag_decorator.py
[2022-03-24 03:19:06,845] {processor.py:642} INFO - Processing file /home/airflow/.local/lib/python3.7/site-packages/airflow/example_dags/example_dag_decorator.py for tasks to queue
[2022-03-24 03:19:07,066] {logging_mixin.py:109} INFO - [2022-03-24 03:19:07,065] {dagbag.py:500} INFO - Filling up the DagBag from /home/airflow/.local/lib/python3.7/site-packages/airflow/example_dags/example_dag_decorator.py
[2022-03-24 03:19:07,147] {processor.py:654} INFO - DAG(s) dict_keys(['example_dag_decorator']) retrieved from /home/airflow/.local/lib/python3.7/site-packages/airflow/example_dags/example_dag_decorator.py
[2022-03-24 03:19:07,482] {logging_mixin.py:109} INFO - [2022-03-24 03:19:07,482] {dag.py:2398} INFO - Sync 1 DAGs
[2022-03-24 03:19:07,728] {logging_mixin.py:109} INFO - [2022-03-24 03:19:07,728] {dag.py:2937} INFO - Setting next_dagrun for example_dag_decorator to None
[2022-03-24 03:19:08,011] {processor.py:171} INFO - Processing /home/airflow/.local/lib/python3.7/site-packages/airflow/example_dags/example_dag_decorator.py took 1.328 seconds
[2022-03-24 03:19:38,146] {processor.py:163} INFO - Started process (PID=3194) to work on /home/airflow/.local/lib/python3.7/site-packages/airflow/example_dags/example_dag_decorator.py
[2022-03-24 03:19:38,151] {processor.py:642} INFO - Processing file /home/airflow/.local/lib/python3.7/site-packages/airflow/example_dags/example_dag_decorator.py for tasks to queue
[2022-03-24 03:19:38,152] {logging_mixin.py:109} INFO - [2022-03-24 03:19:38,152] {dagbag.py:500} INFO - Filling up the DagBag from /home/airflow/.local/lib/python3.7/site-packages/airflow/example_dags/example_dag_decorator.py
[2022-03-24 03:19:38,209] {processor.py:654} INFO - DAG(s) dict_keys(['example_dag_decorator']) retrieved from /home/airflow/.local/lib/python3.7/site-packages/airflow/example_dags/example_dag_decorator.py
[2022-03-24 03:19:38,454] {logging_mixin.py:109} INFO - [2022-03-24 03:19:38,453] {dag.py:2398} INFO - Sync 1 DAGs
[2022-03-24 03:19:38,469] {logging_mixin.py:109} INFO - [2022-03-24 03:19:38,469] {dag.py:2937} INFO - Setting next_dagrun for example_dag_decorator to None
[2022-03-24 03:19:38,481] {processor.py:171} INFO - Processing /home/airflow/.local/lib/python3.7/site-packages/airflow/example_dags/example_dag_decorator.py took 0.339 seconds
[2022-03-24 03:20:09,195] {processor.py:163} INFO - Started process (PID=3250) to work on /home/airflow/.local/lib/python3.7/site-packages/airflow/example_dags/example_dag_decorator.py
[2022-03-24 03:20:09,225] {processor.py:642} INFO - Processing file /home/airflow/.local/lib/python3.7/site-packages/airflow/example_dags/example_dag_decorator.py for tasks to queue
[2022-03-24 03:20:09,228] {logging_mixin.py:109} INFO - [2022-03-24 03:20:09,228] {dagbag.py:500} INFO - Filling up the DagBag from /home/airflow/.local/lib/python3.7/site-packages/airflow/example_dags/example_dag_decorator.py
[2022-03-24 03:20:09,285] {processor.py:654} INFO - DAG(s) dict_keys(['example_dag_decorator']) retrieved from /home/airflow/.local/lib/python3.7/site-packages/airflow/example_dags/example_dag_decorator.py
[2022-03-24 03:20:09,499] {logging_mixin.py:109} INFO - [2022-03-24 03:20:09,499] {dag.py:2398} INFO - Sync 1 DAGs
[2022-03-24 03:20:09,518] {logging_mixin.py:109} INFO - [2022-03-24 03:20:09,518] {dag.py:2937} INFO - Setting next_dagrun for example_dag_decorator to None
[2022-03-24 03:20:09,547] {processor.py:171} INFO - Processing /home/airflow/.local/lib/python3.7/site-packages/airflow/example_dags/example_dag_decorator.py took 0.359 seconds
