[2022-03-24 02:49:54,162] {processor.py:163} INFO - Started process (PID=193) to work on /home/airflow/.local/lib/python3.7/site-packages/airflow/example_dags/example_branch_operator.py
[2022-03-24 02:49:54,168] {processor.py:642} INFO - Processing file /home/airflow/.local/lib/python3.7/site-packages/airflow/example_dags/example_branch_operator.py for tasks to queue
[2022-03-24 02:49:54,171] {logging_mixin.py:109} INFO - [2022-03-24 02:49:54,171] {dagbag.py:500} INFO - Filling up the DagBag from /home/airflow/.local/lib/python3.7/site-packages/airflow/example_dags/example_branch_operator.py
[2022-03-24 02:49:54,238] {processor.py:654} INFO - DAG(s) dict_keys(['example_branch_operator']) retrieved from /home/airflow/.local/lib/python3.7/site-packages/airflow/example_dags/example_branch_operator.py
[2022-03-24 02:49:57,459] {logging_mixin.py:109} INFO - [2022-03-24 02:49:57,459] {manager.py:496} INFO - Created Permission View: can edit on DAG:example_branch_operator
[2022-03-24 02:49:57,472] {logging_mixin.py:109} INFO - [2022-03-24 02:49:57,472] {manager.py:496} INFO - Created Permission View: can read on DAG:example_branch_operator
[2022-03-24 02:49:57,474] {logging_mixin.py:109} INFO - [2022-03-24 02:49:57,473] {dag.py:2398} INFO - Sync 1 DAGs
[2022-03-24 02:49:57,523] {logging_mixin.py:109} INFO - [2022-03-24 02:49:57,523] {dag.py:2417} INFO - Creating ORM DAG for example_branch_operator
[2022-03-24 02:49:57,545] {logging_mixin.py:109} INFO - [2022-03-24 02:49:57,545] {dag.py:2937} INFO - Setting next_dagrun for example_branch_operator to 2022-03-23 00:00:00+00:00
[2022-03-24 02:49:57,566] {processor.py:171} INFO - Processing /home/airflow/.local/lib/python3.7/site-packages/airflow/example_dags/example_branch_operator.py took 3.427 seconds
[2022-03-24 02:50:45,749] {processor.py:163} INFO - Started process (PID=291) to work on /home/airflow/.local/lib/python3.7/site-packages/airflow/example_dags/example_branch_operator.py
[2022-03-24 02:50:45,752] {processor.py:642} INFO - Processing file /home/airflow/.local/lib/python3.7/site-packages/airflow/example_dags/example_branch_operator.py for tasks to queue
[2022-03-24 02:50:45,755] {logging_mixin.py:109} INFO - [2022-03-24 02:50:45,754] {dagbag.py:500} INFO - Filling up the DagBag from /home/airflow/.local/lib/python3.7/site-packages/airflow/example_dags/example_branch_operator.py
[2022-03-24 02:50:45,821] {processor.py:654} INFO - DAG(s) dict_keys(['example_branch_operator']) retrieved from /home/airflow/.local/lib/python3.7/site-packages/airflow/example_dags/example_branch_operator.py
[2022-03-24 02:50:45,847] {logging_mixin.py:109} INFO - [2022-03-24 02:50:45,847] {dag.py:2398} INFO - Sync 1 DAGs
[2022-03-24 02:50:45,877] {logging_mixin.py:109} INFO - [2022-03-24 02:50:45,877] {dag.py:2937} INFO - Setting next_dagrun for example_branch_operator to 2022-03-23 00:00:00+00:00
[2022-03-24 02:50:45,898] {processor.py:171} INFO - Processing /home/airflow/.local/lib/python3.7/site-packages/airflow/example_dags/example_branch_operator.py took 0.152 seconds
[2022-03-24 02:51:17,633] {processor.py:163} INFO - Started process (PID=343) to work on /home/airflow/.local/lib/python3.7/site-packages/airflow/example_dags/example_branch_operator.py
[2022-03-24 02:51:17,641] {processor.py:642} INFO - Processing file /home/airflow/.local/lib/python3.7/site-packages/airflow/example_dags/example_branch_operator.py for tasks to queue
[2022-03-24 02:51:17,651] {logging_mixin.py:109} INFO - [2022-03-24 02:51:17,650] {dagbag.py:500} INFO - Filling up the DagBag from /home/airflow/.local/lib/python3.7/site-packages/airflow/example_dags/example_branch_operator.py
[2022-03-24 02:51:17,788] {processor.py:654} INFO - DAG(s) dict_keys(['example_branch_operator']) retrieved from /home/airflow/.local/lib/python3.7/site-packages/airflow/example_dags/example_branch_operator.py
[2022-03-24 02:51:17,806] {logging_mixin.py:109} INFO - [2022-03-24 02:51:17,805] {dag.py:2398} INFO - Sync 1 DAGs
[2022-03-24 02:51:17,834] {logging_mixin.py:109} INFO - [2022-03-24 02:51:17,834] {dag.py:2937} INFO - Setting next_dagrun for example_branch_operator to 2022-03-23 00:00:00+00:00
[2022-03-24 02:51:17,855] {processor.py:171} INFO - Processing /home/airflow/.local/lib/python3.7/site-packages/airflow/example_dags/example_branch_operator.py took 0.249 seconds
[2022-03-24 02:51:48,813] {processor.py:163} INFO - Started process (PID=400) to work on /home/airflow/.local/lib/python3.7/site-packages/airflow/example_dags/example_branch_operator.py
[2022-03-24 02:51:48,815] {processor.py:642} INFO - Processing file /home/airflow/.local/lib/python3.7/site-packages/airflow/example_dags/example_branch_operator.py for tasks to queue
[2022-03-24 02:51:48,820] {logging_mixin.py:109} INFO - [2022-03-24 02:51:48,820] {dagbag.py:500} INFO - Filling up the DagBag from /home/airflow/.local/lib/python3.7/site-packages/airflow/example_dags/example_branch_operator.py
[2022-03-24 02:51:49,050] {processor.py:654} INFO - DAG(s) dict_keys(['example_branch_operator']) retrieved from /home/airflow/.local/lib/python3.7/site-packages/airflow/example_dags/example_branch_operator.py
[2022-03-24 02:51:49,124] {logging_mixin.py:109} INFO - [2022-03-24 02:51:49,124] {dag.py:2398} INFO - Sync 1 DAGs
[2022-03-24 02:51:49,218] {logging_mixin.py:109} INFO - [2022-03-24 02:51:49,218] {dag.py:2937} INFO - Setting next_dagrun for example_branch_operator to 2022-03-23 00:00:00+00:00
[2022-03-24 02:51:49,266] {processor.py:171} INFO - Processing /home/airflow/.local/lib/python3.7/site-packages/airflow/example_dags/example_branch_operator.py took 0.479 seconds
[2022-03-24 02:52:20,157] {processor.py:163} INFO - Started process (PID=453) to work on /home/airflow/.local/lib/python3.7/site-packages/airflow/example_dags/example_branch_operator.py
[2022-03-24 02:52:20,166] {processor.py:642} INFO - Processing file /home/airflow/.local/lib/python3.7/site-packages/airflow/example_dags/example_branch_operator.py for tasks to queue
[2022-03-24 02:52:20,171] {logging_mixin.py:109} INFO - [2022-03-24 02:52:20,170] {dagbag.py:500} INFO - Filling up the DagBag from /home/airflow/.local/lib/python3.7/site-packages/airflow/example_dags/example_branch_operator.py
[2022-03-24 02:52:20,307] {processor.py:654} INFO - DAG(s) dict_keys(['example_branch_operator']) retrieved from /home/airflow/.local/lib/python3.7/site-packages/airflow/example_dags/example_branch_operator.py
[2022-03-24 02:52:20,351] {logging_mixin.py:109} INFO - [2022-03-24 02:52:20,351] {dag.py:2398} INFO - Sync 1 DAGs
[2022-03-24 02:52:20,395] {logging_mixin.py:109} INFO - [2022-03-24 02:52:20,395] {dag.py:2937} INFO - Setting next_dagrun for example_branch_operator to 2022-03-23 00:00:00+00:00
[2022-03-24 02:52:20,428] {processor.py:171} INFO - Processing /home/airflow/.local/lib/python3.7/site-packages/airflow/example_dags/example_branch_operator.py took 0.282 seconds
[2022-03-24 02:52:50,810] {processor.py:163} INFO - Started process (PID=503) to work on /home/airflow/.local/lib/python3.7/site-packages/airflow/example_dags/example_branch_operator.py
[2022-03-24 02:52:50,815] {processor.py:642} INFO - Processing file /home/airflow/.local/lib/python3.7/site-packages/airflow/example_dags/example_branch_operator.py for tasks to queue
[2022-03-24 02:52:50,822] {logging_mixin.py:109} INFO - [2022-03-24 02:52:50,822] {dagbag.py:500} INFO - Filling up the DagBag from /home/airflow/.local/lib/python3.7/site-packages/airflow/example_dags/example_branch_operator.py
[2022-03-24 02:52:50,932] {processor.py:654} INFO - DAG(s) dict_keys(['example_branch_operator']) retrieved from /home/airflow/.local/lib/python3.7/site-packages/airflow/example_dags/example_branch_operator.py
[2022-03-24 02:52:50,959] {logging_mixin.py:109} INFO - [2022-03-24 02:52:50,959] {dag.py:2398} INFO - Sync 1 DAGs
[2022-03-24 02:52:50,992] {logging_mixin.py:109} INFO - [2022-03-24 02:52:50,992] {dag.py:2937} INFO - Setting next_dagrun for example_branch_operator to 2022-03-23 00:00:00+00:00
[2022-03-24 02:52:51,020] {processor.py:171} INFO - Processing /home/airflow/.local/lib/python3.7/site-packages/airflow/example_dags/example_branch_operator.py took 0.232 seconds
[2022-03-24 02:53:21,252] {processor.py:163} INFO - Started process (PID=551) to work on /home/airflow/.local/lib/python3.7/site-packages/airflow/example_dags/example_branch_operator.py
[2022-03-24 02:53:21,258] {processor.py:642} INFO - Processing file /home/airflow/.local/lib/python3.7/site-packages/airflow/example_dags/example_branch_operator.py for tasks to queue
[2022-03-24 02:53:21,263] {logging_mixin.py:109} INFO - [2022-03-24 02:53:21,262] {dagbag.py:500} INFO - Filling up the DagBag from /home/airflow/.local/lib/python3.7/site-packages/airflow/example_dags/example_branch_operator.py
[2022-03-24 02:53:21,375] {processor.py:654} INFO - DAG(s) dict_keys(['example_branch_operator']) retrieved from /home/airflow/.local/lib/python3.7/site-packages/airflow/example_dags/example_branch_operator.py
[2022-03-24 02:53:21,402] {logging_mixin.py:109} INFO - [2022-03-24 02:53:21,401] {dag.py:2398} INFO - Sync 1 DAGs
[2022-03-24 02:53:21,450] {logging_mixin.py:109} INFO - [2022-03-24 02:53:21,450] {dag.py:2937} INFO - Setting next_dagrun for example_branch_operator to 2022-03-23 00:00:00+00:00
[2022-03-24 02:53:21,480] {processor.py:171} INFO - Processing /home/airflow/.local/lib/python3.7/site-packages/airflow/example_dags/example_branch_operator.py took 0.242 seconds
[2022-03-24 02:53:52,442] {processor.py:163} INFO - Started process (PID=601) to work on /home/airflow/.local/lib/python3.7/site-packages/airflow/example_dags/example_branch_operator.py
[2022-03-24 02:53:52,449] {processor.py:642} INFO - Processing file /home/airflow/.local/lib/python3.7/site-packages/airflow/example_dags/example_branch_operator.py for tasks to queue
[2022-03-24 02:53:52,458] {logging_mixin.py:109} INFO - [2022-03-24 02:53:52,457] {dagbag.py:500} INFO - Filling up the DagBag from /home/airflow/.local/lib/python3.7/site-packages/airflow/example_dags/example_branch_operator.py
[2022-03-24 02:53:52,575] {processor.py:654} INFO - DAG(s) dict_keys(['example_branch_operator']) retrieved from /home/airflow/.local/lib/python3.7/site-packages/airflow/example_dags/example_branch_operator.py
[2022-03-24 02:53:52,612] {logging_mixin.py:109} INFO - [2022-03-24 02:53:52,612] {dag.py:2398} INFO - Sync 1 DAGs
[2022-03-24 02:53:52,656] {logging_mixin.py:109} INFO - [2022-03-24 02:53:52,656] {dag.py:2937} INFO - Setting next_dagrun for example_branch_operator to 2022-03-23 00:00:00+00:00
[2022-03-24 02:53:52,685] {processor.py:171} INFO - Processing /home/airflow/.local/lib/python3.7/site-packages/airflow/example_dags/example_branch_operator.py took 0.247 seconds
[2022-03-24 02:54:23,504] {processor.py:163} INFO - Started process (PID=652) to work on /home/airflow/.local/lib/python3.7/site-packages/airflow/example_dags/example_branch_operator.py
[2022-03-24 02:54:23,512] {processor.py:642} INFO - Processing file /home/airflow/.local/lib/python3.7/site-packages/airflow/example_dags/example_branch_operator.py for tasks to queue
[2022-03-24 02:54:23,515] {logging_mixin.py:109} INFO - [2022-03-24 02:54:23,515] {dagbag.py:500} INFO - Filling up the DagBag from /home/airflow/.local/lib/python3.7/site-packages/airflow/example_dags/example_branch_operator.py
[2022-03-24 02:54:23,584] {processor.py:654} INFO - DAG(s) dict_keys(['example_branch_operator']) retrieved from /home/airflow/.local/lib/python3.7/site-packages/airflow/example_dags/example_branch_operator.py
[2022-03-24 02:54:23,604] {logging_mixin.py:109} INFO - [2022-03-24 02:54:23,603] {dag.py:2398} INFO - Sync 1 DAGs
[2022-03-24 02:54:23,629] {logging_mixin.py:109} INFO - [2022-03-24 02:54:23,628] {dag.py:2937} INFO - Setting next_dagrun for example_branch_operator to 2022-03-23 00:00:00+00:00
[2022-03-24 02:54:23,662] {processor.py:171} INFO - Processing /home/airflow/.local/lib/python3.7/site-packages/airflow/example_dags/example_branch_operator.py took 0.166 seconds
[2022-03-24 02:54:54,118] {processor.py:163} INFO - Started process (PID=701) to work on /home/airflow/.local/lib/python3.7/site-packages/airflow/example_dags/example_branch_operator.py
[2022-03-24 02:54:54,127] {processor.py:642} INFO - Processing file /home/airflow/.local/lib/python3.7/site-packages/airflow/example_dags/example_branch_operator.py for tasks to queue
[2022-03-24 02:54:54,131] {logging_mixin.py:109} INFO - [2022-03-24 02:54:54,131] {dagbag.py:500} INFO - Filling up the DagBag from /home/airflow/.local/lib/python3.7/site-packages/airflow/example_dags/example_branch_operator.py
[2022-03-24 02:54:54,232] {processor.py:654} INFO - DAG(s) dict_keys(['example_branch_operator']) retrieved from /home/airflow/.local/lib/python3.7/site-packages/airflow/example_dags/example_branch_operator.py
[2022-03-24 02:54:54,258] {logging_mixin.py:109} INFO - [2022-03-24 02:54:54,258] {dag.py:2398} INFO - Sync 1 DAGs
[2022-03-24 02:54:54,347] {logging_mixin.py:109} INFO - [2022-03-24 02:54:54,347] {dag.py:2937} INFO - Setting next_dagrun for example_branch_operator to 2022-03-23 00:00:00+00:00
[2022-03-24 02:54:54,404] {processor.py:171} INFO - Processing /home/airflow/.local/lib/python3.7/site-packages/airflow/example_dags/example_branch_operator.py took 0.419 seconds
[2022-03-24 02:55:24,797] {processor.py:163} INFO - Started process (PID=753) to work on /home/airflow/.local/lib/python3.7/site-packages/airflow/example_dags/example_branch_operator.py
[2022-03-24 02:55:24,808] {processor.py:642} INFO - Processing file /home/airflow/.local/lib/python3.7/site-packages/airflow/example_dags/example_branch_operator.py for tasks to queue
[2022-03-24 02:55:24,813] {logging_mixin.py:109} INFO - [2022-03-24 02:55:24,813] {dagbag.py:500} INFO - Filling up the DagBag from /home/airflow/.local/lib/python3.7/site-packages/airflow/example_dags/example_branch_operator.py
[2022-03-24 02:55:25,021] {processor.py:654} INFO - DAG(s) dict_keys(['example_branch_operator']) retrieved from /home/airflow/.local/lib/python3.7/site-packages/airflow/example_dags/example_branch_operator.py
[2022-03-24 02:55:25,075] {logging_mixin.py:109} INFO - [2022-03-24 02:55:25,075] {dag.py:2398} INFO - Sync 1 DAGs
[2022-03-24 02:55:25,154] {logging_mixin.py:109} INFO - [2022-03-24 02:55:25,154] {dag.py:2937} INFO - Setting next_dagrun for example_branch_operator to 2022-03-23 00:00:00+00:00
[2022-03-24 02:55:25,195] {processor.py:171} INFO - Processing /home/airflow/.local/lib/python3.7/site-packages/airflow/example_dags/example_branch_operator.py took 0.415 seconds
[2022-03-24 02:55:56,220] {processor.py:163} INFO - Started process (PID=803) to work on /home/airflow/.local/lib/python3.7/site-packages/airflow/example_dags/example_branch_operator.py
[2022-03-24 02:55:56,231] {processor.py:642} INFO - Processing file /home/airflow/.local/lib/python3.7/site-packages/airflow/example_dags/example_branch_operator.py for tasks to queue
[2022-03-24 02:55:56,239] {logging_mixin.py:109} INFO - [2022-03-24 02:55:56,235] {dagbag.py:500} INFO - Filling up the DagBag from /home/airflow/.local/lib/python3.7/site-packages/airflow/example_dags/example_branch_operator.py
[2022-03-24 02:55:56,428] {processor.py:654} INFO - DAG(s) dict_keys(['example_branch_operator']) retrieved from /home/airflow/.local/lib/python3.7/site-packages/airflow/example_dags/example_branch_operator.py
[2022-03-24 02:55:56,515] {logging_mixin.py:109} INFO - [2022-03-24 02:55:56,515] {dag.py:2398} INFO - Sync 1 DAGs
[2022-03-24 02:55:56,732] {logging_mixin.py:109} INFO - [2022-03-24 02:55:56,732] {dag.py:2937} INFO - Setting next_dagrun for example_branch_operator to 2022-03-23 00:00:00+00:00
[2022-03-24 02:55:56,814] {processor.py:171} INFO - Processing /home/airflow/.local/lib/python3.7/site-packages/airflow/example_dags/example_branch_operator.py took 0.616 seconds
[2022-03-24 02:56:38,048] {processor.py:163} INFO - Started process (PID=851) to work on /home/airflow/.local/lib/python3.7/site-packages/airflow/example_dags/example_branch_operator.py
[2022-03-24 02:56:38,152] {processor.py:642} INFO - Processing file /home/airflow/.local/lib/python3.7/site-packages/airflow/example_dags/example_branch_operator.py for tasks to queue
[2022-03-24 02:56:38,157] {logging_mixin.py:109} INFO - [2022-03-24 02:56:38,156] {dagbag.py:500} INFO - Filling up the DagBag from /home/airflow/.local/lib/python3.7/site-packages/airflow/example_dags/example_branch_operator.py
[2022-03-24 02:56:38,365] {processor.py:654} INFO - DAG(s) dict_keys(['example_branch_operator']) retrieved from /home/airflow/.local/lib/python3.7/site-packages/airflow/example_dags/example_branch_operator.py
[2022-03-24 02:56:38,486] {logging_mixin.py:109} INFO - [2022-03-24 02:56:38,485] {dag.py:2398} INFO - Sync 1 DAGs
[2022-03-24 02:56:38,626] {logging_mixin.py:109} INFO - [2022-03-24 02:56:38,626] {dag.py:2937} INFO - Setting next_dagrun for example_branch_operator to 2022-03-23 00:00:00+00:00
[2022-03-24 02:56:38,722] {processor.py:171} INFO - Processing /home/airflow/.local/lib/python3.7/site-packages/airflow/example_dags/example_branch_operator.py took 0.686 seconds
[2022-03-24 02:57:09,263] {processor.py:163} INFO - Started process (PID=901) to work on /home/airflow/.local/lib/python3.7/site-packages/airflow/example_dags/example_branch_operator.py
[2022-03-24 02:57:09,270] {processor.py:642} INFO - Processing file /home/airflow/.local/lib/python3.7/site-packages/airflow/example_dags/example_branch_operator.py for tasks to queue
[2022-03-24 02:57:09,273] {logging_mixin.py:109} INFO - [2022-03-24 02:57:09,273] {dagbag.py:500} INFO - Filling up the DagBag from /home/airflow/.local/lib/python3.7/site-packages/airflow/example_dags/example_branch_operator.py
[2022-03-24 02:57:09,345] {processor.py:654} INFO - DAG(s) dict_keys(['example_branch_operator']) retrieved from /home/airflow/.local/lib/python3.7/site-packages/airflow/example_dags/example_branch_operator.py
[2022-03-24 02:57:09,360] {logging_mixin.py:109} INFO - [2022-03-24 02:57:09,359] {dag.py:2398} INFO - Sync 1 DAGs
[2022-03-24 02:57:09,380] {logging_mixin.py:109} INFO - [2022-03-24 02:57:09,380] {dag.py:2937} INFO - Setting next_dagrun for example_branch_operator to 2022-03-23 00:00:00+00:00
[2022-03-24 02:57:09,393] {processor.py:171} INFO - Processing /home/airflow/.local/lib/python3.7/site-packages/airflow/example_dags/example_branch_operator.py took 0.151 seconds
[2022-03-24 02:57:39,882] {processor.py:163} INFO - Started process (PID=951) to work on /home/airflow/.local/lib/python3.7/site-packages/airflow/example_dags/example_branch_operator.py
[2022-03-24 02:57:39,894] {processor.py:642} INFO - Processing file /home/airflow/.local/lib/python3.7/site-packages/airflow/example_dags/example_branch_operator.py for tasks to queue
[2022-03-24 02:57:39,898] {logging_mixin.py:109} INFO - [2022-03-24 02:57:39,898] {dagbag.py:500} INFO - Filling up the DagBag from /home/airflow/.local/lib/python3.7/site-packages/airflow/example_dags/example_branch_operator.py
[2022-03-24 02:57:39,971] {processor.py:654} INFO - DAG(s) dict_keys(['example_branch_operator']) retrieved from /home/airflow/.local/lib/python3.7/site-packages/airflow/example_dags/example_branch_operator.py
[2022-03-24 02:57:40,039] {logging_mixin.py:109} INFO - [2022-03-24 02:57:40,039] {dag.py:2398} INFO - Sync 1 DAGs
[2022-03-24 02:57:40,123] {logging_mixin.py:109} INFO - [2022-03-24 02:57:40,121] {dag.py:2937} INFO - Setting next_dagrun for example_branch_operator to 2022-03-23 00:00:00+00:00
[2022-03-24 02:57:40,167] {processor.py:171} INFO - Processing /home/airflow/.local/lib/python3.7/site-packages/airflow/example_dags/example_branch_operator.py took 0.298 seconds
[2022-03-24 02:58:11,204] {processor.py:163} INFO - Started process (PID=1012) to work on /home/airflow/.local/lib/python3.7/site-packages/airflow/example_dags/example_branch_operator.py
[2022-03-24 02:58:11,212] {processor.py:642} INFO - Processing file /home/airflow/.local/lib/python3.7/site-packages/airflow/example_dags/example_branch_operator.py for tasks to queue
[2022-03-24 02:58:11,216] {logging_mixin.py:109} INFO - [2022-03-24 02:58:11,215] {dagbag.py:500} INFO - Filling up the DagBag from /home/airflow/.local/lib/python3.7/site-packages/airflow/example_dags/example_branch_operator.py
[2022-03-24 02:58:11,332] {processor.py:654} INFO - DAG(s) dict_keys(['example_branch_operator']) retrieved from /home/airflow/.local/lib/python3.7/site-packages/airflow/example_dags/example_branch_operator.py
[2022-03-24 02:58:11,389] {logging_mixin.py:109} INFO - [2022-03-24 02:58:11,389] {dag.py:2398} INFO - Sync 1 DAGs
[2022-03-24 02:58:11,434] {logging_mixin.py:109} INFO - [2022-03-24 02:58:11,433] {dag.py:2937} INFO - Setting next_dagrun for example_branch_operator to 2022-03-23 00:00:00+00:00
[2022-03-24 02:58:11,467] {processor.py:171} INFO - Processing /home/airflow/.local/lib/python3.7/site-packages/airflow/example_dags/example_branch_operator.py took 0.275 seconds
[2022-03-24 02:58:42,338] {processor.py:163} INFO - Started process (PID=1064) to work on /home/airflow/.local/lib/python3.7/site-packages/airflow/example_dags/example_branch_operator.py
[2022-03-24 02:58:42,346] {processor.py:642} INFO - Processing file /home/airflow/.local/lib/python3.7/site-packages/airflow/example_dags/example_branch_operator.py for tasks to queue
[2022-03-24 02:58:42,348] {logging_mixin.py:109} INFO - [2022-03-24 02:58:42,348] {dagbag.py:500} INFO - Filling up the DagBag from /home/airflow/.local/lib/python3.7/site-packages/airflow/example_dags/example_branch_operator.py
[2022-03-24 02:58:42,494] {processor.py:654} INFO - DAG(s) dict_keys(['example_branch_operator']) retrieved from /home/airflow/.local/lib/python3.7/site-packages/airflow/example_dags/example_branch_operator.py
[2022-03-24 02:58:42,637] {logging_mixin.py:109} INFO - [2022-03-24 02:58:42,637] {dag.py:2398} INFO - Sync 1 DAGs
[2022-03-24 02:58:42,756] {logging_mixin.py:109} INFO - [2022-03-24 02:58:42,755] {dag.py:2937} INFO - Setting next_dagrun for example_branch_operator to 2022-03-23 00:00:00+00:00
[2022-03-24 02:58:42,843] {processor.py:171} INFO - Processing /home/airflow/.local/lib/python3.7/site-packages/airflow/example_dags/example_branch_operator.py took 0.512 seconds
[2022-03-24 02:59:13,031] {processor.py:163} INFO - Started process (PID=1116) to work on /home/airflow/.local/lib/python3.7/site-packages/airflow/example_dags/example_branch_operator.py
[2022-03-24 02:59:13,165] {processor.py:642} INFO - Processing file /home/airflow/.local/lib/python3.7/site-packages/airflow/example_dags/example_branch_operator.py for tasks to queue
[2022-03-24 02:59:13,203] {logging_mixin.py:109} INFO - [2022-03-24 02:59:13,203] {dagbag.py:500} INFO - Filling up the DagBag from /home/airflow/.local/lib/python3.7/site-packages/airflow/example_dags/example_branch_operator.py
[2022-03-24 02:59:13,347] {processor.py:654} INFO - DAG(s) dict_keys(['example_branch_operator']) retrieved from /home/airflow/.local/lib/python3.7/site-packages/airflow/example_dags/example_branch_operator.py
[2022-03-24 02:59:13,397] {logging_mixin.py:109} INFO - [2022-03-24 02:59:13,397] {dag.py:2398} INFO - Sync 1 DAGs
[2022-03-24 02:59:13,457] {logging_mixin.py:109} INFO - [2022-03-24 02:59:13,457] {dag.py:2937} INFO - Setting next_dagrun for example_branch_operator to 2022-03-23 00:00:00+00:00
[2022-03-24 02:59:13,539] {processor.py:171} INFO - Processing /home/airflow/.local/lib/python3.7/site-packages/airflow/example_dags/example_branch_operator.py took 0.519 seconds
[2022-03-24 02:59:44,334] {processor.py:163} INFO - Started process (PID=1169) to work on /home/airflow/.local/lib/python3.7/site-packages/airflow/example_dags/example_branch_operator.py
[2022-03-24 02:59:44,337] {processor.py:642} INFO - Processing file /home/airflow/.local/lib/python3.7/site-packages/airflow/example_dags/example_branch_operator.py for tasks to queue
[2022-03-24 02:59:44,340] {logging_mixin.py:109} INFO - [2022-03-24 02:59:44,340] {dagbag.py:500} INFO - Filling up the DagBag from /home/airflow/.local/lib/python3.7/site-packages/airflow/example_dags/example_branch_operator.py
[2022-03-24 02:59:44,395] {processor.py:654} INFO - DAG(s) dict_keys(['example_branch_operator']) retrieved from /home/airflow/.local/lib/python3.7/site-packages/airflow/example_dags/example_branch_operator.py
[2022-03-24 02:59:44,418] {logging_mixin.py:109} INFO - [2022-03-24 02:59:44,418] {dag.py:2398} INFO - Sync 1 DAGs
[2022-03-24 02:59:44,454] {logging_mixin.py:109} INFO - [2022-03-24 02:59:44,454] {dag.py:2937} INFO - Setting next_dagrun for example_branch_operator to 2022-03-23 00:00:00+00:00
[2022-03-24 02:59:44,467] {processor.py:171} INFO - Processing /home/airflow/.local/lib/python3.7/site-packages/airflow/example_dags/example_branch_operator.py took 0.142 seconds
[2022-03-24 03:00:15,355] {processor.py:163} INFO - Started process (PID=1219) to work on /home/airflow/.local/lib/python3.7/site-packages/airflow/example_dags/example_branch_operator.py
[2022-03-24 03:00:15,357] {processor.py:642} INFO - Processing file /home/airflow/.local/lib/python3.7/site-packages/airflow/example_dags/example_branch_operator.py for tasks to queue
[2022-03-24 03:00:15,360] {logging_mixin.py:109} INFO - [2022-03-24 03:00:15,359] {dagbag.py:500} INFO - Filling up the DagBag from /home/airflow/.local/lib/python3.7/site-packages/airflow/example_dags/example_branch_operator.py
[2022-03-24 03:00:15,410] {processor.py:654} INFO - DAG(s) dict_keys(['example_branch_operator']) retrieved from /home/airflow/.local/lib/python3.7/site-packages/airflow/example_dags/example_branch_operator.py
[2022-03-24 03:00:15,423] {logging_mixin.py:109} INFO - [2022-03-24 03:00:15,423] {dag.py:2398} INFO - Sync 1 DAGs
[2022-03-24 03:00:15,444] {logging_mixin.py:109} INFO - [2022-03-24 03:00:15,443] {dag.py:2937} INFO - Setting next_dagrun for example_branch_operator to 2022-03-23 00:00:00+00:00
[2022-03-24 03:00:15,473] {processor.py:171} INFO - Processing /home/airflow/.local/lib/python3.7/site-packages/airflow/example_dags/example_branch_operator.py took 0.123 seconds
[2022-03-24 03:00:46,001] {processor.py:163} INFO - Started process (PID=1269) to work on /home/airflow/.local/lib/python3.7/site-packages/airflow/example_dags/example_branch_operator.py
[2022-03-24 03:00:46,003] {processor.py:642} INFO - Processing file /home/airflow/.local/lib/python3.7/site-packages/airflow/example_dags/example_branch_operator.py for tasks to queue
[2022-03-24 03:00:46,005] {logging_mixin.py:109} INFO - [2022-03-24 03:00:46,005] {dagbag.py:500} INFO - Filling up the DagBag from /home/airflow/.local/lib/python3.7/site-packages/airflow/example_dags/example_branch_operator.py
[2022-03-24 03:00:46,073] {processor.py:654} INFO - DAG(s) dict_keys(['example_branch_operator']) retrieved from /home/airflow/.local/lib/python3.7/site-packages/airflow/example_dags/example_branch_operator.py
[2022-03-24 03:00:46,099] {logging_mixin.py:109} INFO - [2022-03-24 03:00:46,099] {dag.py:2398} INFO - Sync 1 DAGs
[2022-03-24 03:00:46,136] {logging_mixin.py:109} INFO - [2022-03-24 03:00:46,136] {dag.py:2937} INFO - Setting next_dagrun for example_branch_operator to 2022-03-23 00:00:00+00:00
[2022-03-24 03:00:46,164] {processor.py:171} INFO - Processing /home/airflow/.local/lib/python3.7/site-packages/airflow/example_dags/example_branch_operator.py took 0.174 seconds
[2022-03-24 03:01:17,010] {processor.py:163} INFO - Started process (PID=1319) to work on /home/airflow/.local/lib/python3.7/site-packages/airflow/example_dags/example_branch_operator.py
[2022-03-24 03:01:17,012] {processor.py:642} INFO - Processing file /home/airflow/.local/lib/python3.7/site-packages/airflow/example_dags/example_branch_operator.py for tasks to queue
[2022-03-24 03:01:17,014] {logging_mixin.py:109} INFO - [2022-03-24 03:01:17,014] {dagbag.py:500} INFO - Filling up the DagBag from /home/airflow/.local/lib/python3.7/site-packages/airflow/example_dags/example_branch_operator.py
[2022-03-24 03:01:17,066] {processor.py:654} INFO - DAG(s) dict_keys(['example_branch_operator']) retrieved from /home/airflow/.local/lib/python3.7/site-packages/airflow/example_dags/example_branch_operator.py
[2022-03-24 03:01:17,091] {logging_mixin.py:109} INFO - [2022-03-24 03:01:17,091] {dag.py:2398} INFO - Sync 1 DAGs
[2022-03-24 03:01:17,114] {logging_mixin.py:109} INFO - [2022-03-24 03:01:17,113] {dag.py:2937} INFO - Setting next_dagrun for example_branch_operator to 2022-03-23 00:00:00+00:00
[2022-03-24 03:01:17,141] {processor.py:171} INFO - Processing /home/airflow/.local/lib/python3.7/site-packages/airflow/example_dags/example_branch_operator.py took 0.131 seconds
[2022-03-24 03:01:47,671] {processor.py:163} INFO - Started process (PID=1371) to work on /home/airflow/.local/lib/python3.7/site-packages/airflow/example_dags/example_branch_operator.py
[2022-03-24 03:01:47,675] {processor.py:642} INFO - Processing file /home/airflow/.local/lib/python3.7/site-packages/airflow/example_dags/example_branch_operator.py for tasks to queue
[2022-03-24 03:01:47,678] {logging_mixin.py:109} INFO - [2022-03-24 03:01:47,677] {dagbag.py:500} INFO - Filling up the DagBag from /home/airflow/.local/lib/python3.7/site-packages/airflow/example_dags/example_branch_operator.py
[2022-03-24 03:01:47,774] {processor.py:654} INFO - DAG(s) dict_keys(['example_branch_operator']) retrieved from /home/airflow/.local/lib/python3.7/site-packages/airflow/example_dags/example_branch_operator.py
[2022-03-24 03:01:47,815] {logging_mixin.py:109} INFO - [2022-03-24 03:01:47,815] {dag.py:2398} INFO - Sync 1 DAGs
[2022-03-24 03:01:47,845] {logging_mixin.py:109} INFO - [2022-03-24 03:01:47,845] {dag.py:2937} INFO - Setting next_dagrun for example_branch_operator to 2022-03-23 00:00:00+00:00
[2022-03-24 03:01:47,872] {processor.py:171} INFO - Processing /home/airflow/.local/lib/python3.7/site-packages/airflow/example_dags/example_branch_operator.py took 0.217 seconds
[2022-03-24 03:02:18,087] {processor.py:163} INFO - Started process (PID=1422) to work on /home/airflow/.local/lib/python3.7/site-packages/airflow/example_dags/example_branch_operator.py
[2022-03-24 03:02:18,091] {processor.py:642} INFO - Processing file /home/airflow/.local/lib/python3.7/site-packages/airflow/example_dags/example_branch_operator.py for tasks to queue
[2022-03-24 03:02:18,101] {logging_mixin.py:109} INFO - [2022-03-24 03:02:18,100] {dagbag.py:500} INFO - Filling up the DagBag from /home/airflow/.local/lib/python3.7/site-packages/airflow/example_dags/example_branch_operator.py
[2022-03-24 03:02:18,182] {processor.py:654} INFO - DAG(s) dict_keys(['example_branch_operator']) retrieved from /home/airflow/.local/lib/python3.7/site-packages/airflow/example_dags/example_branch_operator.py
[2022-03-24 03:02:18,212] {logging_mixin.py:109} INFO - [2022-03-24 03:02:18,212] {dag.py:2398} INFO - Sync 1 DAGs
[2022-03-24 03:02:18,231] {logging_mixin.py:109} INFO - [2022-03-24 03:02:18,231] {dag.py:2937} INFO - Setting next_dagrun for example_branch_operator to 2022-03-23 00:00:00+00:00
[2022-03-24 03:02:18,247] {processor.py:171} INFO - Processing /home/airflow/.local/lib/python3.7/site-packages/airflow/example_dags/example_branch_operator.py took 0.166 seconds
[2022-03-24 03:02:48,661] {processor.py:163} INFO - Started process (PID=1474) to work on /home/airflow/.local/lib/python3.7/site-packages/airflow/example_dags/example_branch_operator.py
[2022-03-24 03:02:48,764] {processor.py:642} INFO - Processing file /home/airflow/.local/lib/python3.7/site-packages/airflow/example_dags/example_branch_operator.py for tasks to queue
[2022-03-24 03:02:48,771] {logging_mixin.py:109} INFO - [2022-03-24 03:02:48,770] {dagbag.py:500} INFO - Filling up the DagBag from /home/airflow/.local/lib/python3.7/site-packages/airflow/example_dags/example_branch_operator.py
[2022-03-24 03:02:48,923] {processor.py:654} INFO - DAG(s) dict_keys(['example_branch_operator']) retrieved from /home/airflow/.local/lib/python3.7/site-packages/airflow/example_dags/example_branch_operator.py
[2022-03-24 03:02:49,039] {logging_mixin.py:109} INFO - [2022-03-24 03:02:49,038] {dag.py:2398} INFO - Sync 1 DAGs
[2022-03-24 03:02:49,345] {logging_mixin.py:109} INFO - [2022-03-24 03:02:49,345] {dag.py:2937} INFO - Setting next_dagrun for example_branch_operator to 2022-03-23 00:00:00+00:00
[2022-03-24 03:02:49,556] {processor.py:171} INFO - Processing /home/airflow/.local/lib/python3.7/site-packages/airflow/example_dags/example_branch_operator.py took 0.901 seconds
[2022-03-24 03:03:20,028] {processor.py:163} INFO - Started process (PID=1525) to work on /home/airflow/.local/lib/python3.7/site-packages/airflow/example_dags/example_branch_operator.py
[2022-03-24 03:03:20,283] {processor.py:642} INFO - Processing file /home/airflow/.local/lib/python3.7/site-packages/airflow/example_dags/example_branch_operator.py for tasks to queue
[2022-03-24 03:03:20,292] {logging_mixin.py:109} INFO - [2022-03-24 03:03:20,292] {dagbag.py:500} INFO - Filling up the DagBag from /home/airflow/.local/lib/python3.7/site-packages/airflow/example_dags/example_branch_operator.py
[2022-03-24 03:03:20,378] {processor.py:654} INFO - DAG(s) dict_keys(['example_branch_operator']) retrieved from /home/airflow/.local/lib/python3.7/site-packages/airflow/example_dags/example_branch_operator.py
[2022-03-24 03:03:20,539] {logging_mixin.py:109} INFO - [2022-03-24 03:03:20,539] {dag.py:2398} INFO - Sync 1 DAGs
[2022-03-24 03:03:20,678] {logging_mixin.py:109} INFO - [2022-03-24 03:03:20,677] {dag.py:2937} INFO - Setting next_dagrun for example_branch_operator to 2022-03-23 00:00:00+00:00
[2022-03-24 03:03:20,875] {processor.py:171} INFO - Processing /home/airflow/.local/lib/python3.7/site-packages/airflow/example_dags/example_branch_operator.py took 0.859 seconds
[2022-03-24 03:03:51,590] {processor.py:163} INFO - Started process (PID=1587) to work on /home/airflow/.local/lib/python3.7/site-packages/airflow/example_dags/example_branch_operator.py
[2022-03-24 03:03:51,781] {processor.py:642} INFO - Processing file /home/airflow/.local/lib/python3.7/site-packages/airflow/example_dags/example_branch_operator.py for tasks to queue
[2022-03-24 03:03:52,010] {logging_mixin.py:109} INFO - [2022-03-24 03:03:52,009] {dagbag.py:500} INFO - Filling up the DagBag from /home/airflow/.local/lib/python3.7/site-packages/airflow/example_dags/example_branch_operator.py
[2022-03-24 03:03:52,116] {processor.py:654} INFO - DAG(s) dict_keys(['example_branch_operator']) retrieved from /home/airflow/.local/lib/python3.7/site-packages/airflow/example_dags/example_branch_operator.py
[2022-03-24 03:03:52,228] {logging_mixin.py:109} INFO - [2022-03-24 03:03:52,228] {dag.py:2398} INFO - Sync 1 DAGs
[2022-03-24 03:03:52,329] {logging_mixin.py:109} INFO - [2022-03-24 03:03:52,329] {dag.py:2937} INFO - Setting next_dagrun for example_branch_operator to 2022-03-23 00:00:00+00:00
[2022-03-24 03:03:52,633] {processor.py:171} INFO - Processing /home/airflow/.local/lib/python3.7/site-packages/airflow/example_dags/example_branch_operator.py took 1.096 seconds
[2022-03-24 03:04:24,026] {processor.py:163} INFO - Started process (PID=1639) to work on /home/airflow/.local/lib/python3.7/site-packages/airflow/example_dags/example_branch_operator.py
[2022-03-24 03:04:24,028] {processor.py:642} INFO - Processing file /home/airflow/.local/lib/python3.7/site-packages/airflow/example_dags/example_branch_operator.py for tasks to queue
[2022-03-24 03:04:24,029] {logging_mixin.py:109} INFO - [2022-03-24 03:04:24,029] {dagbag.py:500} INFO - Filling up the DagBag from /home/airflow/.local/lib/python3.7/site-packages/airflow/example_dags/example_branch_operator.py
[2022-03-24 03:04:24,074] {processor.py:654} INFO - DAG(s) dict_keys(['example_branch_operator']) retrieved from /home/airflow/.local/lib/python3.7/site-packages/airflow/example_dags/example_branch_operator.py
[2022-03-24 03:04:24,086] {logging_mixin.py:109} INFO - [2022-03-24 03:04:24,086] {dag.py:2398} INFO - Sync 1 DAGs
[2022-03-24 03:04:24,123] {logging_mixin.py:109} INFO - [2022-03-24 03:04:24,123] {dag.py:2937} INFO - Setting next_dagrun for example_branch_operator to 2022-03-23 00:00:00+00:00
[2022-03-24 03:04:24,151] {processor.py:171} INFO - Processing /home/airflow/.local/lib/python3.7/site-packages/airflow/example_dags/example_branch_operator.py took 0.129 seconds
[2022-03-24 03:04:54,252] {processor.py:163} INFO - Started process (PID=1689) to work on /home/airflow/.local/lib/python3.7/site-packages/airflow/example_dags/example_branch_operator.py
[2022-03-24 03:04:54,259] {processor.py:642} INFO - Processing file /home/airflow/.local/lib/python3.7/site-packages/airflow/example_dags/example_branch_operator.py for tasks to queue
[2022-03-24 03:04:54,261] {logging_mixin.py:109} INFO - [2022-03-24 03:04:54,261] {dagbag.py:500} INFO - Filling up the DagBag from /home/airflow/.local/lib/python3.7/site-packages/airflow/example_dags/example_branch_operator.py
[2022-03-24 03:04:54,318] {processor.py:654} INFO - DAG(s) dict_keys(['example_branch_operator']) retrieved from /home/airflow/.local/lib/python3.7/site-packages/airflow/example_dags/example_branch_operator.py
[2022-03-24 03:04:54,337] {logging_mixin.py:109} INFO - [2022-03-24 03:04:54,337] {dag.py:2398} INFO - Sync 1 DAGs
[2022-03-24 03:04:54,358] {logging_mixin.py:109} INFO - [2022-03-24 03:04:54,358] {dag.py:2937} INFO - Setting next_dagrun for example_branch_operator to 2022-03-23 00:00:00+00:00
[2022-03-24 03:04:54,382] {processor.py:171} INFO - Processing /home/airflow/.local/lib/python3.7/site-packages/airflow/example_dags/example_branch_operator.py took 0.144 seconds
[2022-03-24 03:05:24,568] {processor.py:163} INFO - Started process (PID=1753) to work on /home/airflow/.local/lib/python3.7/site-packages/airflow/example_dags/example_branch_operator.py
[2022-03-24 03:05:24,669] {processor.py:642} INFO - Processing file /home/airflow/.local/lib/python3.7/site-packages/airflow/example_dags/example_branch_operator.py for tasks to queue
[2022-03-24 03:05:24,671] {logging_mixin.py:109} INFO - [2022-03-24 03:05:24,671] {dagbag.py:500} INFO - Filling up the DagBag from /home/airflow/.local/lib/python3.7/site-packages/airflow/example_dags/example_branch_operator.py
[2022-03-24 03:05:24,829] {processor.py:654} INFO - DAG(s) dict_keys(['example_branch_operator']) retrieved from /home/airflow/.local/lib/python3.7/site-packages/airflow/example_dags/example_branch_operator.py
[2022-03-24 03:05:24,967] {logging_mixin.py:109} INFO - [2022-03-24 03:05:24,967] {dag.py:2398} INFO - Sync 1 DAGs
[2022-03-24 03:05:25,093] {logging_mixin.py:109} INFO - [2022-03-24 03:05:25,093] {dag.py:2937} INFO - Setting next_dagrun for example_branch_operator to 2022-03-23 00:00:00+00:00
[2022-03-24 03:05:25,177] {processor.py:171} INFO - Processing /home/airflow/.local/lib/python3.7/site-packages/airflow/example_dags/example_branch_operator.py took 0.621 seconds
[2022-03-24 03:05:55,531] {processor.py:163} INFO - Started process (PID=1804) to work on /home/airflow/.local/lib/python3.7/site-packages/airflow/example_dags/example_branch_operator.py
[2022-03-24 03:05:55,533] {processor.py:642} INFO - Processing file /home/airflow/.local/lib/python3.7/site-packages/airflow/example_dags/example_branch_operator.py for tasks to queue
[2022-03-24 03:05:55,536] {logging_mixin.py:109} INFO - [2022-03-24 03:05:55,536] {dagbag.py:500} INFO - Filling up the DagBag from /home/airflow/.local/lib/python3.7/site-packages/airflow/example_dags/example_branch_operator.py
[2022-03-24 03:05:55,757] {processor.py:654} INFO - DAG(s) dict_keys(['example_branch_operator']) retrieved from /home/airflow/.local/lib/python3.7/site-packages/airflow/example_dags/example_branch_operator.py
[2022-03-24 03:05:55,812] {logging_mixin.py:109} INFO - [2022-03-24 03:05:55,812] {dag.py:2398} INFO - Sync 1 DAGs
[2022-03-24 03:05:55,901] {logging_mixin.py:109} INFO - [2022-03-24 03:05:55,901] {dag.py:2937} INFO - Setting next_dagrun for example_branch_operator to 2022-03-23 00:00:00+00:00
[2022-03-24 03:05:55,964] {processor.py:171} INFO - Processing /home/airflow/.local/lib/python3.7/site-packages/airflow/example_dags/example_branch_operator.py took 0.461 seconds
[2022-03-24 03:06:26,965] {processor.py:163} INFO - Started process (PID=1853) to work on /home/airflow/.local/lib/python3.7/site-packages/airflow/example_dags/example_branch_operator.py
[2022-03-24 03:06:26,985] {processor.py:642} INFO - Processing file /home/airflow/.local/lib/python3.7/site-packages/airflow/example_dags/example_branch_operator.py for tasks to queue
[2022-03-24 03:06:26,990] {logging_mixin.py:109} INFO - [2022-03-24 03:06:26,989] {dagbag.py:500} INFO - Filling up the DagBag from /home/airflow/.local/lib/python3.7/site-packages/airflow/example_dags/example_branch_operator.py
[2022-03-24 03:06:27,223] {processor.py:654} INFO - DAG(s) dict_keys(['example_branch_operator']) retrieved from /home/airflow/.local/lib/python3.7/site-packages/airflow/example_dags/example_branch_operator.py
[2022-03-24 03:06:27,307] {logging_mixin.py:109} INFO - [2022-03-24 03:06:27,306] {dag.py:2398} INFO - Sync 1 DAGs
[2022-03-24 03:06:27,393] {logging_mixin.py:109} INFO - [2022-03-24 03:06:27,393] {dag.py:2937} INFO - Setting next_dagrun for example_branch_operator to 2022-03-23 00:00:00+00:00
[2022-03-24 03:06:27,445] {processor.py:171} INFO - Processing /home/airflow/.local/lib/python3.7/site-packages/airflow/example_dags/example_branch_operator.py took 0.492 seconds
[2022-03-24 03:06:57,666] {processor.py:163} INFO - Started process (PID=1905) to work on /home/airflow/.local/lib/python3.7/site-packages/airflow/example_dags/example_branch_operator.py
[2022-03-24 03:06:57,670] {processor.py:642} INFO - Processing file /home/airflow/.local/lib/python3.7/site-packages/airflow/example_dags/example_branch_operator.py for tasks to queue
[2022-03-24 03:06:57,680] {logging_mixin.py:109} INFO - [2022-03-24 03:06:57,678] {dagbag.py:500} INFO - Filling up the DagBag from /home/airflow/.local/lib/python3.7/site-packages/airflow/example_dags/example_branch_operator.py
[2022-03-24 03:06:57,847] {processor.py:654} INFO - DAG(s) dict_keys(['example_branch_operator']) retrieved from /home/airflow/.local/lib/python3.7/site-packages/airflow/example_dags/example_branch_operator.py
[2022-03-24 03:06:57,919] {logging_mixin.py:109} INFO - [2022-03-24 03:06:57,918] {dag.py:2398} INFO - Sync 1 DAGs
[2022-03-24 03:06:57,990] {logging_mixin.py:109} INFO - [2022-03-24 03:06:57,990] {dag.py:2937} INFO - Setting next_dagrun for example_branch_operator to 2022-03-23 00:00:00+00:00
[2022-03-24 03:06:58,058] {processor.py:171} INFO - Processing /home/airflow/.local/lib/python3.7/site-packages/airflow/example_dags/example_branch_operator.py took 0.422 seconds
[2022-03-24 03:07:28,403] {processor.py:163} INFO - Started process (PID=1955) to work on /home/airflow/.local/lib/python3.7/site-packages/airflow/example_dags/example_branch_operator.py
[2022-03-24 03:07:28,409] {processor.py:642} INFO - Processing file /home/airflow/.local/lib/python3.7/site-packages/airflow/example_dags/example_branch_operator.py for tasks to queue
[2022-03-24 03:07:28,413] {logging_mixin.py:109} INFO - [2022-03-24 03:07:28,412] {dagbag.py:500} INFO - Filling up the DagBag from /home/airflow/.local/lib/python3.7/site-packages/airflow/example_dags/example_branch_operator.py
[2022-03-24 03:07:28,491] {processor.py:654} INFO - DAG(s) dict_keys(['example_branch_operator']) retrieved from /home/airflow/.local/lib/python3.7/site-packages/airflow/example_dags/example_branch_operator.py
[2022-03-24 03:07:28,513] {logging_mixin.py:109} INFO - [2022-03-24 03:07:28,513] {dag.py:2398} INFO - Sync 1 DAGs
[2022-03-24 03:07:28,544] {logging_mixin.py:109} INFO - [2022-03-24 03:07:28,544] {dag.py:2937} INFO - Setting next_dagrun for example_branch_operator to 2022-03-23 00:00:00+00:00
[2022-03-24 03:07:28,563] {processor.py:171} INFO - Processing /home/airflow/.local/lib/python3.7/site-packages/airflow/example_dags/example_branch_operator.py took 0.178 seconds
[2022-03-24 03:07:58,950] {processor.py:163} INFO - Started process (PID=2005) to work on /home/airflow/.local/lib/python3.7/site-packages/airflow/example_dags/example_branch_operator.py
[2022-03-24 03:07:58,962] {processor.py:642} INFO - Processing file /home/airflow/.local/lib/python3.7/site-packages/airflow/example_dags/example_branch_operator.py for tasks to queue
[2022-03-24 03:07:58,966] {logging_mixin.py:109} INFO - [2022-03-24 03:07:58,965] {dagbag.py:500} INFO - Filling up the DagBag from /home/airflow/.local/lib/python3.7/site-packages/airflow/example_dags/example_branch_operator.py
[2022-03-24 03:07:59,050] {processor.py:654} INFO - DAG(s) dict_keys(['example_branch_operator']) retrieved from /home/airflow/.local/lib/python3.7/site-packages/airflow/example_dags/example_branch_operator.py
[2022-03-24 03:07:59,070] {logging_mixin.py:109} INFO - [2022-03-24 03:07:59,069] {dag.py:2398} INFO - Sync 1 DAGs
[2022-03-24 03:07:59,090] {logging_mixin.py:109} INFO - [2022-03-24 03:07:59,090] {dag.py:2937} INFO - Setting next_dagrun for example_branch_operator to 2022-03-23 00:00:00+00:00
[2022-03-24 03:07:59,102] {processor.py:171} INFO - Processing /home/airflow/.local/lib/python3.7/site-packages/airflow/example_dags/example_branch_operator.py took 0.161 seconds
[2022-03-24 03:08:29,751] {processor.py:163} INFO - Started process (PID=2056) to work on /home/airflow/.local/lib/python3.7/site-packages/airflow/example_dags/example_branch_operator.py
[2022-03-24 03:08:30,202] {processor.py:642} INFO - Processing file /home/airflow/.local/lib/python3.7/site-packages/airflow/example_dags/example_branch_operator.py for tasks to queue
[2022-03-24 03:08:30,211] {logging_mixin.py:109} INFO - [2022-03-24 03:08:30,211] {dagbag.py:500} INFO - Filling up the DagBag from /home/airflow/.local/lib/python3.7/site-packages/airflow/example_dags/example_branch_operator.py
[2022-03-24 03:08:30,437] {processor.py:654} INFO - DAG(s) dict_keys(['example_branch_operator']) retrieved from /home/airflow/.local/lib/python3.7/site-packages/airflow/example_dags/example_branch_operator.py
[2022-03-24 03:08:30,842] {logging_mixin.py:109} INFO - [2022-03-24 03:08:30,842] {dag.py:2398} INFO - Sync 1 DAGs
[2022-03-24 03:08:31,055] {logging_mixin.py:109} INFO - [2022-03-24 03:08:31,055] {dag.py:2937} INFO - Setting next_dagrun for example_branch_operator to 2022-03-23 00:00:00+00:00
[2022-03-24 03:08:31,462] {processor.py:171} INFO - Processing /home/airflow/.local/lib/python3.7/site-packages/airflow/example_dags/example_branch_operator.py took 1.716 seconds
[2022-03-24 03:09:01,686] {processor.py:163} INFO - Started process (PID=2111) to work on /home/airflow/.local/lib/python3.7/site-packages/airflow/example_dags/example_branch_operator.py
[2022-03-24 03:09:01,693] {processor.py:642} INFO - Processing file /home/airflow/.local/lib/python3.7/site-packages/airflow/example_dags/example_branch_operator.py for tasks to queue
[2022-03-24 03:09:01,695] {logging_mixin.py:109} INFO - [2022-03-24 03:09:01,694] {dagbag.py:500} INFO - Filling up the DagBag from /home/airflow/.local/lib/python3.7/site-packages/airflow/example_dags/example_branch_operator.py
[2022-03-24 03:09:01,744] {processor.py:654} INFO - DAG(s) dict_keys(['example_branch_operator']) retrieved from /home/airflow/.local/lib/python3.7/site-packages/airflow/example_dags/example_branch_operator.py
[2022-03-24 03:09:01,776] {logging_mixin.py:109} INFO - [2022-03-24 03:09:01,774] {dag.py:2398} INFO - Sync 1 DAGs
[2022-03-24 03:09:01,803] {logging_mixin.py:109} INFO - [2022-03-24 03:09:01,803] {dag.py:2937} INFO - Setting next_dagrun for example_branch_operator to 2022-03-23 00:00:00+00:00
[2022-03-24 03:09:01,823] {processor.py:171} INFO - Processing /home/airflow/.local/lib/python3.7/site-packages/airflow/example_dags/example_branch_operator.py took 0.142 seconds
[2022-03-24 03:09:32,370] {processor.py:163} INFO - Started process (PID=2162) to work on /home/airflow/.local/lib/python3.7/site-packages/airflow/example_dags/example_branch_operator.py
[2022-03-24 03:09:32,377] {processor.py:642} INFO - Processing file /home/airflow/.local/lib/python3.7/site-packages/airflow/example_dags/example_branch_operator.py for tasks to queue
[2022-03-24 03:09:32,378] {logging_mixin.py:109} INFO - [2022-03-24 03:09:32,378] {dagbag.py:500} INFO - Filling up the DagBag from /home/airflow/.local/lib/python3.7/site-packages/airflow/example_dags/example_branch_operator.py
[2022-03-24 03:09:32,433] {processor.py:654} INFO - DAG(s) dict_keys(['example_branch_operator']) retrieved from /home/airflow/.local/lib/python3.7/site-packages/airflow/example_dags/example_branch_operator.py
[2022-03-24 03:09:32,461] {logging_mixin.py:109} INFO - [2022-03-24 03:09:32,461] {dag.py:2398} INFO - Sync 1 DAGs
[2022-03-24 03:09:32,488] {logging_mixin.py:109} INFO - [2022-03-24 03:09:32,488] {dag.py:2937} INFO - Setting next_dagrun for example_branch_operator to 2022-03-23 00:00:00+00:00
[2022-03-24 03:09:32,504] {processor.py:171} INFO - Processing /home/airflow/.local/lib/python3.7/site-packages/airflow/example_dags/example_branch_operator.py took 0.137 seconds
[2022-03-24 03:10:02,773] {processor.py:163} INFO - Started process (PID=2213) to work on /home/airflow/.local/lib/python3.7/site-packages/airflow/example_dags/example_branch_operator.py
[2022-03-24 03:10:02,779] {processor.py:642} INFO - Processing file /home/airflow/.local/lib/python3.7/site-packages/airflow/example_dags/example_branch_operator.py for tasks to queue
[2022-03-24 03:10:02,781] {logging_mixin.py:109} INFO - [2022-03-24 03:10:02,780] {dagbag.py:500} INFO - Filling up the DagBag from /home/airflow/.local/lib/python3.7/site-packages/airflow/example_dags/example_branch_operator.py
[2022-03-24 03:10:02,854] {processor.py:654} INFO - DAG(s) dict_keys(['example_branch_operator']) retrieved from /home/airflow/.local/lib/python3.7/site-packages/airflow/example_dags/example_branch_operator.py
[2022-03-24 03:10:02,867] {logging_mixin.py:109} INFO - [2022-03-24 03:10:02,867] {dag.py:2398} INFO - Sync 1 DAGs
[2022-03-24 03:10:02,900] {logging_mixin.py:109} INFO - [2022-03-24 03:10:02,900] {dag.py:2937} INFO - Setting next_dagrun for example_branch_operator to 2022-03-23 00:00:00+00:00
[2022-03-24 03:10:02,917] {processor.py:171} INFO - Processing /home/airflow/.local/lib/python3.7/site-packages/airflow/example_dags/example_branch_operator.py took 0.158 seconds
[2022-03-24 03:10:33,467] {processor.py:163} INFO - Started process (PID=2265) to work on /home/airflow/.local/lib/python3.7/site-packages/airflow/example_dags/example_branch_operator.py
[2022-03-24 03:10:33,470] {processor.py:642} INFO - Processing file /home/airflow/.local/lib/python3.7/site-packages/airflow/example_dags/example_branch_operator.py for tasks to queue
[2022-03-24 03:10:33,473] {logging_mixin.py:109} INFO - [2022-03-24 03:10:33,473] {dagbag.py:500} INFO - Filling up the DagBag from /home/airflow/.local/lib/python3.7/site-packages/airflow/example_dags/example_branch_operator.py
[2022-03-24 03:10:33,539] {processor.py:654} INFO - DAG(s) dict_keys(['example_branch_operator']) retrieved from /home/airflow/.local/lib/python3.7/site-packages/airflow/example_dags/example_branch_operator.py
[2022-03-24 03:10:33,559] {logging_mixin.py:109} INFO - [2022-03-24 03:10:33,559] {dag.py:2398} INFO - Sync 1 DAGs
[2022-03-24 03:10:33,580] {logging_mixin.py:109} INFO - [2022-03-24 03:10:33,580] {dag.py:2937} INFO - Setting next_dagrun for example_branch_operator to 2022-03-23 00:00:00+00:00
[2022-03-24 03:10:33,598] {processor.py:171} INFO - Processing /home/airflow/.local/lib/python3.7/site-packages/airflow/example_dags/example_branch_operator.py took 0.142 seconds
[2022-03-24 03:11:03,671] {processor.py:163} INFO - Started process (PID=2314) to work on /home/airflow/.local/lib/python3.7/site-packages/airflow/example_dags/example_branch_operator.py
[2022-03-24 03:11:03,676] {processor.py:642} INFO - Processing file /home/airflow/.local/lib/python3.7/site-packages/airflow/example_dags/example_branch_operator.py for tasks to queue
[2022-03-24 03:11:03,679] {logging_mixin.py:109} INFO - [2022-03-24 03:11:03,679] {dagbag.py:500} INFO - Filling up the DagBag from /home/airflow/.local/lib/python3.7/site-packages/airflow/example_dags/example_branch_operator.py
[2022-03-24 03:11:03,757] {processor.py:654} INFO - DAG(s) dict_keys(['example_branch_operator']) retrieved from /home/airflow/.local/lib/python3.7/site-packages/airflow/example_dags/example_branch_operator.py
[2022-03-24 03:11:03,774] {logging_mixin.py:109} INFO - [2022-03-24 03:11:03,774] {dag.py:2398} INFO - Sync 1 DAGs
[2022-03-24 03:11:03,810] {logging_mixin.py:109} INFO - [2022-03-24 03:11:03,810] {dag.py:2937} INFO - Setting next_dagrun for example_branch_operator to 2022-03-23 00:00:00+00:00
[2022-03-24 03:11:03,831] {processor.py:171} INFO - Processing /home/airflow/.local/lib/python3.7/site-packages/airflow/example_dags/example_branch_operator.py took 0.168 seconds
[2022-03-24 03:11:34,374] {processor.py:163} INFO - Started process (PID=2363) to work on /home/airflow/.local/lib/python3.7/site-packages/airflow/example_dags/example_branch_operator.py
[2022-03-24 03:11:34,381] {processor.py:642} INFO - Processing file /home/airflow/.local/lib/python3.7/site-packages/airflow/example_dags/example_branch_operator.py for tasks to queue
[2022-03-24 03:11:34,383] {logging_mixin.py:109} INFO - [2022-03-24 03:11:34,383] {dagbag.py:500} INFO - Filling up the DagBag from /home/airflow/.local/lib/python3.7/site-packages/airflow/example_dags/example_branch_operator.py
[2022-03-24 03:11:34,453] {processor.py:654} INFO - DAG(s) dict_keys(['example_branch_operator']) retrieved from /home/airflow/.local/lib/python3.7/site-packages/airflow/example_dags/example_branch_operator.py
[2022-03-24 03:11:34,468] {logging_mixin.py:109} INFO - [2022-03-24 03:11:34,467] {dag.py:2398} INFO - Sync 1 DAGs
[2022-03-24 03:11:34,496] {logging_mixin.py:109} INFO - [2022-03-24 03:11:34,496] {dag.py:2937} INFO - Setting next_dagrun for example_branch_operator to 2022-03-23 00:00:00+00:00
[2022-03-24 03:11:34,527] {processor.py:171} INFO - Processing /home/airflow/.local/lib/python3.7/site-packages/airflow/example_dags/example_branch_operator.py took 0.170 seconds
[2022-03-24 03:12:04,584] {processor.py:163} INFO - Started process (PID=2412) to work on /home/airflow/.local/lib/python3.7/site-packages/airflow/example_dags/example_branch_operator.py
[2022-03-24 03:12:04,588] {processor.py:642} INFO - Processing file /home/airflow/.local/lib/python3.7/site-packages/airflow/example_dags/example_branch_operator.py for tasks to queue
[2022-03-24 03:12:04,590] {logging_mixin.py:109} INFO - [2022-03-24 03:12:04,590] {dagbag.py:500} INFO - Filling up the DagBag from /home/airflow/.local/lib/python3.7/site-packages/airflow/example_dags/example_branch_operator.py
[2022-03-24 03:12:04,665] {processor.py:654} INFO - DAG(s) dict_keys(['example_branch_operator']) retrieved from /home/airflow/.local/lib/python3.7/site-packages/airflow/example_dags/example_branch_operator.py
[2022-03-24 03:12:04,680] {logging_mixin.py:109} INFO - [2022-03-24 03:12:04,680] {dag.py:2398} INFO - Sync 1 DAGs
[2022-03-24 03:12:04,718] {logging_mixin.py:109} INFO - [2022-03-24 03:12:04,718] {dag.py:2937} INFO - Setting next_dagrun for example_branch_operator to 2022-03-23 00:00:00+00:00
[2022-03-24 03:12:04,734] {processor.py:171} INFO - Processing /home/airflow/.local/lib/python3.7/site-packages/airflow/example_dags/example_branch_operator.py took 0.159 seconds
[2022-03-24 03:12:35,156] {processor.py:163} INFO - Started process (PID=2463) to work on /home/airflow/.local/lib/python3.7/site-packages/airflow/example_dags/example_branch_operator.py
[2022-03-24 03:12:35,159] {processor.py:642} INFO - Processing file /home/airflow/.local/lib/python3.7/site-packages/airflow/example_dags/example_branch_operator.py for tasks to queue
[2022-03-24 03:12:35,162] {logging_mixin.py:109} INFO - [2022-03-24 03:12:35,161] {dagbag.py:500} INFO - Filling up the DagBag from /home/airflow/.local/lib/python3.7/site-packages/airflow/example_dags/example_branch_operator.py
[2022-03-24 03:12:35,242] {processor.py:654} INFO - DAG(s) dict_keys(['example_branch_operator']) retrieved from /home/airflow/.local/lib/python3.7/site-packages/airflow/example_dags/example_branch_operator.py
[2022-03-24 03:12:35,264] {logging_mixin.py:109} INFO - [2022-03-24 03:12:35,264] {dag.py:2398} INFO - Sync 1 DAGs
[2022-03-24 03:12:35,290] {logging_mixin.py:109} INFO - [2022-03-24 03:12:35,290] {dag.py:2937} INFO - Setting next_dagrun for example_branch_operator to 2022-03-23 00:00:00+00:00
[2022-03-24 03:12:35,310] {processor.py:171} INFO - Processing /home/airflow/.local/lib/python3.7/site-packages/airflow/example_dags/example_branch_operator.py took 0.160 seconds
[2022-03-24 03:13:05,502] {processor.py:163} INFO - Started process (PID=2516) to work on /home/airflow/.local/lib/python3.7/site-packages/airflow/example_dags/example_branch_operator.py
[2022-03-24 03:13:05,509] {processor.py:642} INFO - Processing file /home/airflow/.local/lib/python3.7/site-packages/airflow/example_dags/example_branch_operator.py for tasks to queue
[2022-03-24 03:13:05,518] {logging_mixin.py:109} INFO - [2022-03-24 03:13:05,518] {dagbag.py:500} INFO - Filling up the DagBag from /home/airflow/.local/lib/python3.7/site-packages/airflow/example_dags/example_branch_operator.py
[2022-03-24 03:13:05,576] {processor.py:654} INFO - DAG(s) dict_keys(['example_branch_operator']) retrieved from /home/airflow/.local/lib/python3.7/site-packages/airflow/example_dags/example_branch_operator.py
[2022-03-24 03:13:05,588] {logging_mixin.py:109} INFO - [2022-03-24 03:13:05,588] {dag.py:2398} INFO - Sync 1 DAGs
[2022-03-24 03:13:05,612] {logging_mixin.py:109} INFO - [2022-03-24 03:13:05,612] {dag.py:2937} INFO - Setting next_dagrun for example_branch_operator to 2022-03-23 00:00:00+00:00
[2022-03-24 03:13:05,626] {processor.py:171} INFO - Processing /home/airflow/.local/lib/python3.7/site-packages/airflow/example_dags/example_branch_operator.py took 0.127 seconds
[2022-03-24 03:13:36,378] {processor.py:163} INFO - Started process (PID=2568) to work on /home/airflow/.local/lib/python3.7/site-packages/airflow/example_dags/example_branch_operator.py
[2022-03-24 03:13:36,387] {processor.py:642} INFO - Processing file /home/airflow/.local/lib/python3.7/site-packages/airflow/example_dags/example_branch_operator.py for tasks to queue
[2022-03-24 03:13:36,390] {logging_mixin.py:109} INFO - [2022-03-24 03:13:36,390] {dagbag.py:500} INFO - Filling up the DagBag from /home/airflow/.local/lib/python3.7/site-packages/airflow/example_dags/example_branch_operator.py
[2022-03-24 03:13:36,482] {processor.py:654} INFO - DAG(s) dict_keys(['example_branch_operator']) retrieved from /home/airflow/.local/lib/python3.7/site-packages/airflow/example_dags/example_branch_operator.py
[2022-03-24 03:13:36,514] {logging_mixin.py:109} INFO - [2022-03-24 03:13:36,514] {dag.py:2398} INFO - Sync 1 DAGs
[2022-03-24 03:13:36,535] {logging_mixin.py:109} INFO - [2022-03-24 03:13:36,535] {dag.py:2937} INFO - Setting next_dagrun for example_branch_operator to 2022-03-23 00:00:00+00:00
[2022-03-24 03:13:36,559] {processor.py:171} INFO - Processing /home/airflow/.local/lib/python3.7/site-packages/airflow/example_dags/example_branch_operator.py took 0.201 seconds
[2022-03-24 03:14:06,805] {processor.py:163} INFO - Started process (PID=2622) to work on /home/airflow/.local/lib/python3.7/site-packages/airflow/example_dags/example_branch_operator.py
[2022-03-24 03:14:06,809] {processor.py:642} INFO - Processing file /home/airflow/.local/lib/python3.7/site-packages/airflow/example_dags/example_branch_operator.py for tasks to queue
[2022-03-24 03:14:06,812] {logging_mixin.py:109} INFO - [2022-03-24 03:14:06,811] {dagbag.py:500} INFO - Filling up the DagBag from /home/airflow/.local/lib/python3.7/site-packages/airflow/example_dags/example_branch_operator.py
[2022-03-24 03:14:06,883] {processor.py:654} INFO - DAG(s) dict_keys(['example_branch_operator']) retrieved from /home/airflow/.local/lib/python3.7/site-packages/airflow/example_dags/example_branch_operator.py
[2022-03-24 03:14:06,914] {logging_mixin.py:109} INFO - [2022-03-24 03:14:06,913] {dag.py:2398} INFO - Sync 1 DAGs
[2022-03-24 03:14:06,942] {logging_mixin.py:109} INFO - [2022-03-24 03:14:06,942] {dag.py:2937} INFO - Setting next_dagrun for example_branch_operator to 2022-03-23 00:00:00+00:00
[2022-03-24 03:14:06,959] {processor.py:171} INFO - Processing /home/airflow/.local/lib/python3.7/site-packages/airflow/example_dags/example_branch_operator.py took 0.166 seconds
[2022-03-24 03:14:37,450] {processor.py:163} INFO - Started process (PID=2683) to work on /home/airflow/.local/lib/python3.7/site-packages/airflow/example_dags/example_branch_operator.py
[2022-03-24 03:14:37,472] {processor.py:642} INFO - Processing file /home/airflow/.local/lib/python3.7/site-packages/airflow/example_dags/example_branch_operator.py for tasks to queue
[2022-03-24 03:14:37,484] {logging_mixin.py:109} INFO - [2022-03-24 03:14:37,484] {dagbag.py:500} INFO - Filling up the DagBag from /home/airflow/.local/lib/python3.7/site-packages/airflow/example_dags/example_branch_operator.py
[2022-03-24 03:14:37,661] {processor.py:654} INFO - DAG(s) dict_keys(['example_branch_operator']) retrieved from /home/airflow/.local/lib/python3.7/site-packages/airflow/example_dags/example_branch_operator.py
[2022-03-24 03:14:37,840] {logging_mixin.py:109} INFO - [2022-03-24 03:14:37,840] {dag.py:2398} INFO - Sync 1 DAGs
[2022-03-24 03:14:37,898] {logging_mixin.py:109} INFO - [2022-03-24 03:14:37,897] {dag.py:2937} INFO - Setting next_dagrun for example_branch_operator to 2022-03-23 00:00:00+00:00
[2022-03-24 03:14:37,939] {processor.py:171} INFO - Processing /home/airflow/.local/lib/python3.7/site-packages/airflow/example_dags/example_branch_operator.py took 0.504 seconds
[2022-03-24 03:15:08,741] {processor.py:163} INFO - Started process (PID=2740) to work on /home/airflow/.local/lib/python3.7/site-packages/airflow/example_dags/example_branch_operator.py
[2022-03-24 03:15:08,795] {processor.py:642} INFO - Processing file /home/airflow/.local/lib/python3.7/site-packages/airflow/example_dags/example_branch_operator.py for tasks to queue
[2022-03-24 03:15:08,810] {logging_mixin.py:109} INFO - [2022-03-24 03:15:08,800] {dagbag.py:500} INFO - Filling up the DagBag from /home/airflow/.local/lib/python3.7/site-packages/airflow/example_dags/example_branch_operator.py
[2022-03-24 03:15:09,020] {processor.py:654} INFO - DAG(s) dict_keys(['example_branch_operator']) retrieved from /home/airflow/.local/lib/python3.7/site-packages/airflow/example_dags/example_branch_operator.py
[2022-03-24 03:15:09,239] {logging_mixin.py:109} INFO - [2022-03-24 03:15:09,239] {dag.py:2398} INFO - Sync 1 DAGs
[2022-03-24 03:15:09,396] {logging_mixin.py:109} INFO - [2022-03-24 03:15:09,396] {dag.py:2937} INFO - Setting next_dagrun for example_branch_operator to 2022-03-23 00:00:00+00:00
[2022-03-24 03:15:09,641] {processor.py:171} INFO - Processing /home/airflow/.local/lib/python3.7/site-packages/airflow/example_dags/example_branch_operator.py took 0.905 seconds
[2022-03-24 03:15:40,488] {processor.py:163} INFO - Started process (PID=2785) to work on /home/airflow/.local/lib/python3.7/site-packages/airflow/example_dags/example_branch_operator.py
[2022-03-24 03:15:40,511] {processor.py:642} INFO - Processing file /home/airflow/.local/lib/python3.7/site-packages/airflow/example_dags/example_branch_operator.py for tasks to queue
[2022-03-24 03:15:40,516] {logging_mixin.py:109} INFO - [2022-03-24 03:15:40,515] {dagbag.py:500} INFO - Filling up the DagBag from /home/airflow/.local/lib/python3.7/site-packages/airflow/example_dags/example_branch_operator.py
[2022-03-24 03:15:40,773] {processor.py:654} INFO - DAG(s) dict_keys(['example_branch_operator']) retrieved from /home/airflow/.local/lib/python3.7/site-packages/airflow/example_dags/example_branch_operator.py
[2022-03-24 03:15:40,867] {logging_mixin.py:109} INFO - [2022-03-24 03:15:40,867] {dag.py:2398} INFO - Sync 1 DAGs
[2022-03-24 03:15:40,948] {logging_mixin.py:109} INFO - [2022-03-24 03:15:40,944] {dag.py:2937} INFO - Setting next_dagrun for example_branch_operator to 2022-03-23 00:00:00+00:00
[2022-03-24 03:15:41,007] {processor.py:171} INFO - Processing /home/airflow/.local/lib/python3.7/site-packages/airflow/example_dags/example_branch_operator.py took 0.575 seconds
[2022-03-24 03:16:11,885] {processor.py:163} INFO - Started process (PID=2837) to work on /home/airflow/.local/lib/python3.7/site-packages/airflow/example_dags/example_branch_operator.py
[2022-03-24 03:16:11,909] {processor.py:642} INFO - Processing file /home/airflow/.local/lib/python3.7/site-packages/airflow/example_dags/example_branch_operator.py for tasks to queue
[2022-03-24 03:16:11,911] {logging_mixin.py:109} INFO - [2022-03-24 03:16:11,911] {dagbag.py:500} INFO - Filling up the DagBag from /home/airflow/.local/lib/python3.7/site-packages/airflow/example_dags/example_branch_operator.py
[2022-03-24 03:16:12,180] {processor.py:654} INFO - DAG(s) dict_keys(['example_branch_operator']) retrieved from /home/airflow/.local/lib/python3.7/site-packages/airflow/example_dags/example_branch_operator.py
[2022-03-24 03:16:12,259] {logging_mixin.py:109} INFO - [2022-03-24 03:16:12,259] {dag.py:2398} INFO - Sync 1 DAGs
[2022-03-24 03:16:12,364] {logging_mixin.py:109} INFO - [2022-03-24 03:16:12,364] {dag.py:2937} INFO - Setting next_dagrun for example_branch_operator to 2022-03-23 00:00:00+00:00
[2022-03-24 03:16:12,414] {processor.py:171} INFO - Processing /home/airflow/.local/lib/python3.7/site-packages/airflow/example_dags/example_branch_operator.py took 0.541 seconds
[2022-03-24 03:16:42,686] {processor.py:163} INFO - Started process (PID=2887) to work on /home/airflow/.local/lib/python3.7/site-packages/airflow/example_dags/example_branch_operator.py
[2022-03-24 03:16:42,691] {processor.py:642} INFO - Processing file /home/airflow/.local/lib/python3.7/site-packages/airflow/example_dags/example_branch_operator.py for tasks to queue
[2022-03-24 03:16:42,696] {logging_mixin.py:109} INFO - [2022-03-24 03:16:42,695] {dagbag.py:500} INFO - Filling up the DagBag from /home/airflow/.local/lib/python3.7/site-packages/airflow/example_dags/example_branch_operator.py
[2022-03-24 03:16:42,801] {processor.py:654} INFO - DAG(s) dict_keys(['example_branch_operator']) retrieved from /home/airflow/.local/lib/python3.7/site-packages/airflow/example_dags/example_branch_operator.py
[2022-03-24 03:16:42,831] {logging_mixin.py:109} INFO - [2022-03-24 03:16:42,831] {dag.py:2398} INFO - Sync 1 DAGs
[2022-03-24 03:16:42,850] {logging_mixin.py:109} INFO - [2022-03-24 03:16:42,850] {dag.py:2937} INFO - Setting next_dagrun for example_branch_operator to 2022-03-23 00:00:00+00:00
[2022-03-24 03:16:42,864] {processor.py:171} INFO - Processing /home/airflow/.local/lib/python3.7/site-packages/airflow/example_dags/example_branch_operator.py took 0.184 seconds
[2022-03-24 03:17:13,089] {processor.py:163} INFO - Started process (PID=2940) to work on /home/airflow/.local/lib/python3.7/site-packages/airflow/example_dags/example_branch_operator.py
[2022-03-24 03:17:13,095] {processor.py:642} INFO - Processing file /home/airflow/.local/lib/python3.7/site-packages/airflow/example_dags/example_branch_operator.py for tasks to queue
[2022-03-24 03:17:13,098] {logging_mixin.py:109} INFO - [2022-03-24 03:17:13,097] {dagbag.py:500} INFO - Filling up the DagBag from /home/airflow/.local/lib/python3.7/site-packages/airflow/example_dags/example_branch_operator.py
[2022-03-24 03:17:13,177] {processor.py:654} INFO - DAG(s) dict_keys(['example_branch_operator']) retrieved from /home/airflow/.local/lib/python3.7/site-packages/airflow/example_dags/example_branch_operator.py
[2022-03-24 03:17:13,191] {logging_mixin.py:109} INFO - [2022-03-24 03:17:13,191] {dag.py:2398} INFO - Sync 1 DAGs
[2022-03-24 03:17:13,211] {logging_mixin.py:109} INFO - [2022-03-24 03:17:13,211] {dag.py:2937} INFO - Setting next_dagrun for example_branch_operator to 2022-03-23 00:00:00+00:00
[2022-03-24 03:17:13,221] {processor.py:171} INFO - Processing /home/airflow/.local/lib/python3.7/site-packages/airflow/example_dags/example_branch_operator.py took 0.145 seconds
[2022-03-24 03:17:43,793] {processor.py:163} INFO - Started process (PID=2992) to work on /home/airflow/.local/lib/python3.7/site-packages/airflow/example_dags/example_branch_operator.py
[2022-03-24 03:17:43,795] {processor.py:642} INFO - Processing file /home/airflow/.local/lib/python3.7/site-packages/airflow/example_dags/example_branch_operator.py for tasks to queue
[2022-03-24 03:17:43,798] {logging_mixin.py:109} INFO - [2022-03-24 03:17:43,798] {dagbag.py:500} INFO - Filling up the DagBag from /home/airflow/.local/lib/python3.7/site-packages/airflow/example_dags/example_branch_operator.py
[2022-03-24 03:17:43,883] {processor.py:654} INFO - DAG(s) dict_keys(['example_branch_operator']) retrieved from /home/airflow/.local/lib/python3.7/site-packages/airflow/example_dags/example_branch_operator.py
[2022-03-24 03:17:43,902] {logging_mixin.py:109} INFO - [2022-03-24 03:17:43,902] {dag.py:2398} INFO - Sync 1 DAGs
[2022-03-24 03:17:43,938] {logging_mixin.py:109} INFO - [2022-03-24 03:17:43,938] {dag.py:2937} INFO - Setting next_dagrun for example_branch_operator to 2022-03-23 00:00:00+00:00
[2022-03-24 03:17:43,962] {processor.py:171} INFO - Processing /home/airflow/.local/lib/python3.7/site-packages/airflow/example_dags/example_branch_operator.py took 0.178 seconds
[2022-03-24 03:18:14,211] {processor.py:163} INFO - Started process (PID=3044) to work on /home/airflow/.local/lib/python3.7/site-packages/airflow/example_dags/example_branch_operator.py
[2022-03-24 03:18:14,215] {processor.py:642} INFO - Processing file /home/airflow/.local/lib/python3.7/site-packages/airflow/example_dags/example_branch_operator.py for tasks to queue
[2022-03-24 03:18:14,218] {logging_mixin.py:109} INFO - [2022-03-24 03:18:14,217] {dagbag.py:500} INFO - Filling up the DagBag from /home/airflow/.local/lib/python3.7/site-packages/airflow/example_dags/example_branch_operator.py
[2022-03-24 03:18:14,286] {processor.py:654} INFO - DAG(s) dict_keys(['example_branch_operator']) retrieved from /home/airflow/.local/lib/python3.7/site-packages/airflow/example_dags/example_branch_operator.py
[2022-03-24 03:18:14,303] {logging_mixin.py:109} INFO - [2022-03-24 03:18:14,303] {dag.py:2398} INFO - Sync 1 DAGs
[2022-03-24 03:18:14,326] {logging_mixin.py:109} INFO - [2022-03-24 03:18:14,325] {dag.py:2937} INFO - Setting next_dagrun for example_branch_operator to 2022-03-23 00:00:00+00:00
[2022-03-24 03:18:14,338] {processor.py:171} INFO - Processing /home/airflow/.local/lib/python3.7/site-packages/airflow/example_dags/example_branch_operator.py took 0.136 seconds
[2022-03-24 03:18:44,658] {processor.py:163} INFO - Started process (PID=3095) to work on /home/airflow/.local/lib/python3.7/site-packages/airflow/example_dags/example_branch_operator.py
[2022-03-24 03:18:44,665] {processor.py:642} INFO - Processing file /home/airflow/.local/lib/python3.7/site-packages/airflow/example_dags/example_branch_operator.py for tasks to queue
[2022-03-24 03:18:44,668] {logging_mixin.py:109} INFO - [2022-03-24 03:18:44,668] {dagbag.py:500} INFO - Filling up the DagBag from /home/airflow/.local/lib/python3.7/site-packages/airflow/example_dags/example_branch_operator.py
[2022-03-24 03:18:44,737] {processor.py:654} INFO - DAG(s) dict_keys(['example_branch_operator']) retrieved from /home/airflow/.local/lib/python3.7/site-packages/airflow/example_dags/example_branch_operator.py
[2022-03-24 03:18:44,759] {logging_mixin.py:109} INFO - [2022-03-24 03:18:44,758] {dag.py:2398} INFO - Sync 1 DAGs
[2022-03-24 03:18:44,777] {logging_mixin.py:109} INFO - [2022-03-24 03:18:44,777] {dag.py:2937} INFO - Setting next_dagrun for example_branch_operator to 2022-03-23 00:00:00+00:00
[2022-03-24 03:18:44,800] {processor.py:171} INFO - Processing /home/airflow/.local/lib/python3.7/site-packages/airflow/example_dags/example_branch_operator.py took 0.152 seconds
[2022-03-24 03:19:15,785] {processor.py:163} INFO - Started process (PID=3157) to work on /home/airflow/.local/lib/python3.7/site-packages/airflow/example_dags/example_branch_operator.py
[2022-03-24 03:19:15,792] {processor.py:642} INFO - Processing file /home/airflow/.local/lib/python3.7/site-packages/airflow/example_dags/example_branch_operator.py for tasks to queue
[2022-03-24 03:19:15,796] {logging_mixin.py:109} INFO - [2022-03-24 03:19:15,796] {dagbag.py:500} INFO - Filling up the DagBag from /home/airflow/.local/lib/python3.7/site-packages/airflow/example_dags/example_branch_operator.py
[2022-03-24 03:19:15,914] {processor.py:654} INFO - DAG(s) dict_keys(['example_branch_operator']) retrieved from /home/airflow/.local/lib/python3.7/site-packages/airflow/example_dags/example_branch_operator.py
[2022-03-24 03:19:15,944] {logging_mixin.py:109} INFO - [2022-03-24 03:19:15,944] {dag.py:2398} INFO - Sync 1 DAGs
[2022-03-24 03:19:15,978] {logging_mixin.py:109} INFO - [2022-03-24 03:19:15,978] {dag.py:2937} INFO - Setting next_dagrun for example_branch_operator to 2022-03-23 00:00:00+00:00
[2022-03-24 03:19:15,995] {processor.py:171} INFO - Processing /home/airflow/.local/lib/python3.7/site-packages/airflow/example_dags/example_branch_operator.py took 0.223 seconds
[2022-03-24 03:19:46,930] {processor.py:163} INFO - Started process (PID=3216) to work on /home/airflow/.local/lib/python3.7/site-packages/airflow/example_dags/example_branch_operator.py
[2022-03-24 03:19:47,247] {processor.py:642} INFO - Processing file /home/airflow/.local/lib/python3.7/site-packages/airflow/example_dags/example_branch_operator.py for tasks to queue
[2022-03-24 03:19:47,251] {logging_mixin.py:109} INFO - [2022-03-24 03:19:47,251] {dagbag.py:500} INFO - Filling up the DagBag from /home/airflow/.local/lib/python3.7/site-packages/airflow/example_dags/example_branch_operator.py
[2022-03-24 03:19:47,636] {processor.py:654} INFO - DAG(s) dict_keys(['example_branch_operator']) retrieved from /home/airflow/.local/lib/python3.7/site-packages/airflow/example_dags/example_branch_operator.py
[2022-03-24 03:19:47,845] {logging_mixin.py:109} INFO - [2022-03-24 03:19:47,845] {dag.py:2398} INFO - Sync 1 DAGs
[2022-03-24 03:19:48,012] {logging_mixin.py:109} INFO - [2022-03-24 03:19:48,012] {dag.py:2937} INFO - Setting next_dagrun for example_branch_operator to 2022-03-23 00:00:00+00:00
[2022-03-24 03:19:48,244] {processor.py:171} INFO - Processing /home/airflow/.local/lib/python3.7/site-packages/airflow/example_dags/example_branch_operator.py took 1.326 seconds
[2022-03-24 03:20:18,807] {processor.py:163} INFO - Started process (PID=3267) to work on /home/airflow/.local/lib/python3.7/site-packages/airflow/example_dags/example_branch_operator.py
[2022-03-24 03:20:18,809] {processor.py:642} INFO - Processing file /home/airflow/.local/lib/python3.7/site-packages/airflow/example_dags/example_branch_operator.py for tasks to queue
[2022-03-24 03:20:18,810] {logging_mixin.py:109} INFO - [2022-03-24 03:20:18,810] {dagbag.py:500} INFO - Filling up the DagBag from /home/airflow/.local/lib/python3.7/site-packages/airflow/example_dags/example_branch_operator.py
[2022-03-24 03:20:18,856] {processor.py:654} INFO - DAG(s) dict_keys(['example_branch_operator']) retrieved from /home/airflow/.local/lib/python3.7/site-packages/airflow/example_dags/example_branch_operator.py
[2022-03-24 03:20:18,870] {logging_mixin.py:109} INFO - [2022-03-24 03:20:18,870] {dag.py:2398} INFO - Sync 1 DAGs
[2022-03-24 03:20:18,889] {logging_mixin.py:109} INFO - [2022-03-24 03:20:18,889] {dag.py:2937} INFO - Setting next_dagrun for example_branch_operator to 2022-03-23 00:00:00+00:00
[2022-03-24 03:20:18,902] {processor.py:171} INFO - Processing /home/airflow/.local/lib/python3.7/site-packages/airflow/example_dags/example_branch_operator.py took 0.099 seconds
