[2022-03-24 02:50:07,064] {processor.py:163} INFO - Started process (PID=215) to work on /home/airflow/.local/lib/python3.7/site-packages/airflow/example_dags/example_branch_python_dop_operator_3.py
[2022-03-24 02:50:07,071] {processor.py:642} INFO - Processing file /home/airflow/.local/lib/python3.7/site-packages/airflow/example_dags/example_branch_python_dop_operator_3.py for tasks to queue
[2022-03-24 02:50:07,074] {logging_mixin.py:109} INFO - [2022-03-24 02:50:07,074] {dagbag.py:500} INFO - Filling up the DagBag from /home/airflow/.local/lib/python3.7/site-packages/airflow/example_dags/example_branch_python_dop_operator_3.py
[2022-03-24 02:50:07,156] {processor.py:654} INFO - DAG(s) dict_keys(['example_branch_dop_operator_v3']) retrieved from /home/airflow/.local/lib/python3.7/site-packages/airflow/example_dags/example_branch_python_dop_operator_3.py
[2022-03-24 02:50:11,123] {logging_mixin.py:109} INFO - [2022-03-24 02:50:11,122] {manager.py:496} INFO - Created Permission View: can edit on DAG:example_branch_dop_operator_v3
[2022-03-24 02:50:11,140] {logging_mixin.py:109} INFO - [2022-03-24 02:50:11,140] {manager.py:496} INFO - Created Permission View: can read on DAG:example_branch_dop_operator_v3
[2022-03-24 02:50:11,143] {logging_mixin.py:109} INFO - [2022-03-24 02:50:11,142] {dag.py:2398} INFO - Sync 1 DAGs
[2022-03-24 02:50:11,154] {logging_mixin.py:109} INFO - [2022-03-24 02:50:11,154] {dag.py:2417} INFO - Creating ORM DAG for example_branch_dop_operator_v3
[2022-03-24 02:50:11,179] {logging_mixin.py:109} INFO - [2022-03-24 02:50:11,178] {dag.py:2937} INFO - Setting next_dagrun for example_branch_dop_operator_v3 to 2022-03-24T02:49:00+00:00
[2022-03-24 02:50:11,210] {processor.py:171} INFO - Processing /home/airflow/.local/lib/python3.7/site-packages/airflow/example_dags/example_branch_python_dop_operator_3.py took 4.155 seconds
[2022-03-24 02:50:46,515] {processor.py:163} INFO - Started process (PID=296) to work on /home/airflow/.local/lib/python3.7/site-packages/airflow/example_dags/example_branch_python_dop_operator_3.py
[2022-03-24 02:50:46,518] {processor.py:642} INFO - Processing file /home/airflow/.local/lib/python3.7/site-packages/airflow/example_dags/example_branch_python_dop_operator_3.py for tasks to queue
[2022-03-24 02:50:46,520] {logging_mixin.py:109} INFO - [2022-03-24 02:50:46,520] {dagbag.py:500} INFO - Filling up the DagBag from /home/airflow/.local/lib/python3.7/site-packages/airflow/example_dags/example_branch_python_dop_operator_3.py
[2022-03-24 02:50:46,579] {processor.py:654} INFO - DAG(s) dict_keys(['example_branch_dop_operator_v3']) retrieved from /home/airflow/.local/lib/python3.7/site-packages/airflow/example_dags/example_branch_python_dop_operator_3.py
[2022-03-24 02:50:46,599] {logging_mixin.py:109} INFO - [2022-03-24 02:50:46,599] {dag.py:2398} INFO - Sync 1 DAGs
[2022-03-24 02:50:46,649] {logging_mixin.py:109} INFO - [2022-03-24 02:50:46,649] {dag.py:2937} INFO - Setting next_dagrun for example_branch_dop_operator_v3 to 2022-03-24T02:49:00+00:00
[2022-03-24 02:50:46,681] {processor.py:171} INFO - Processing /home/airflow/.local/lib/python3.7/site-packages/airflow/example_dags/example_branch_python_dop_operator_3.py took 0.170 seconds
[2022-03-24 02:51:18,332] {processor.py:163} INFO - Started process (PID=347) to work on /home/airflow/.local/lib/python3.7/site-packages/airflow/example_dags/example_branch_python_dop_operator_3.py
[2022-03-24 02:51:18,338] {processor.py:642} INFO - Processing file /home/airflow/.local/lib/python3.7/site-packages/airflow/example_dags/example_branch_python_dop_operator_3.py for tasks to queue
[2022-03-24 02:51:18,346] {logging_mixin.py:109} INFO - [2022-03-24 02:51:18,344] {dagbag.py:500} INFO - Filling up the DagBag from /home/airflow/.local/lib/python3.7/site-packages/airflow/example_dags/example_branch_python_dop_operator_3.py
[2022-03-24 02:51:18,463] {processor.py:654} INFO - DAG(s) dict_keys(['example_branch_dop_operator_v3']) retrieved from /home/airflow/.local/lib/python3.7/site-packages/airflow/example_dags/example_branch_python_dop_operator_3.py
[2022-03-24 02:51:18,522] {logging_mixin.py:109} INFO - [2022-03-24 02:51:18,522] {dag.py:2398} INFO - Sync 1 DAGs
[2022-03-24 02:51:18,609] {logging_mixin.py:109} INFO - [2022-03-24 02:51:18,609] {dag.py:2937} INFO - Setting next_dagrun for example_branch_dop_operator_v3 to 2022-03-24T02:50:00+00:00
[2022-03-24 02:51:18,654] {processor.py:171} INFO - Processing /home/airflow/.local/lib/python3.7/site-packages/airflow/example_dags/example_branch_python_dop_operator_3.py took 0.338 seconds
[2022-03-24 02:51:50,241] {processor.py:163} INFO - Started process (PID=404) to work on /home/airflow/.local/lib/python3.7/site-packages/airflow/example_dags/example_branch_python_dop_operator_3.py
[2022-03-24 02:51:50,250] {processor.py:642} INFO - Processing file /home/airflow/.local/lib/python3.7/site-packages/airflow/example_dags/example_branch_python_dop_operator_3.py for tasks to queue
[2022-03-24 02:51:50,259] {logging_mixin.py:109} INFO - [2022-03-24 02:51:50,257] {dagbag.py:500} INFO - Filling up the DagBag from /home/airflow/.local/lib/python3.7/site-packages/airflow/example_dags/example_branch_python_dop_operator_3.py
[2022-03-24 02:51:50,473] {processor.py:654} INFO - DAG(s) dict_keys(['example_branch_dop_operator_v3']) retrieved from /home/airflow/.local/lib/python3.7/site-packages/airflow/example_dags/example_branch_python_dop_operator_3.py
[2022-03-24 02:51:50,523] {logging_mixin.py:109} INFO - [2022-03-24 02:51:50,523] {dag.py:2398} INFO - Sync 1 DAGs
[2022-03-24 02:51:50,718] {logging_mixin.py:109} INFO - [2022-03-24 02:51:50,718] {dag.py:2937} INFO - Setting next_dagrun for example_branch_dop_operator_v3 to 2022-03-24T02:50:00+00:00
[2022-03-24 02:51:50,780] {processor.py:171} INFO - Processing /home/airflow/.local/lib/python3.7/site-packages/airflow/example_dags/example_branch_python_dop_operator_3.py took 0.563 seconds
[2022-03-24 02:52:20,947] {processor.py:163} INFO - Started process (PID=457) to work on /home/airflow/.local/lib/python3.7/site-packages/airflow/example_dags/example_branch_python_dop_operator_3.py
[2022-03-24 02:52:20,951] {processor.py:642} INFO - Processing file /home/airflow/.local/lib/python3.7/site-packages/airflow/example_dags/example_branch_python_dop_operator_3.py for tasks to queue
[2022-03-24 02:52:20,953] {logging_mixin.py:109} INFO - [2022-03-24 02:52:20,953] {dagbag.py:500} INFO - Filling up the DagBag from /home/airflow/.local/lib/python3.7/site-packages/airflow/example_dags/example_branch_python_dop_operator_3.py
[2022-03-24 02:52:21,039] {processor.py:654} INFO - DAG(s) dict_keys(['example_branch_dop_operator_v3']) retrieved from /home/airflow/.local/lib/python3.7/site-packages/airflow/example_dags/example_branch_python_dop_operator_3.py
[2022-03-24 02:52:21,104] {logging_mixin.py:109} INFO - [2022-03-24 02:52:21,104] {dag.py:2398} INFO - Sync 1 DAGs
[2022-03-24 02:52:21,163] {logging_mixin.py:109} INFO - [2022-03-24 02:52:21,163] {dag.py:2937} INFO - Setting next_dagrun for example_branch_dop_operator_v3 to 2022-03-24T02:51:00+00:00
[2022-03-24 02:52:21,222] {processor.py:171} INFO - Processing /home/airflow/.local/lib/python3.7/site-packages/airflow/example_dags/example_branch_python_dop_operator_3.py took 0.285 seconds
[2022-03-24 02:52:51,974] {processor.py:163} INFO - Started process (PID=507) to work on /home/airflow/.local/lib/python3.7/site-packages/airflow/example_dags/example_branch_python_dop_operator_3.py
[2022-03-24 02:52:51,982] {processor.py:642} INFO - Processing file /home/airflow/.local/lib/python3.7/site-packages/airflow/example_dags/example_branch_python_dop_operator_3.py for tasks to queue
[2022-03-24 02:52:51,987] {logging_mixin.py:109} INFO - [2022-03-24 02:52:51,986] {dagbag.py:500} INFO - Filling up the DagBag from /home/airflow/.local/lib/python3.7/site-packages/airflow/example_dags/example_branch_python_dop_operator_3.py
[2022-03-24 02:52:52,044] {processor.py:654} INFO - DAG(s) dict_keys(['example_branch_dop_operator_v3']) retrieved from /home/airflow/.local/lib/python3.7/site-packages/airflow/example_dags/example_branch_python_dop_operator_3.py
[2022-03-24 02:52:52,071] {logging_mixin.py:109} INFO - [2022-03-24 02:52:52,071] {dag.py:2398} INFO - Sync 1 DAGs
[2022-03-24 02:52:52,127] {logging_mixin.py:109} INFO - [2022-03-24 02:52:52,127] {dag.py:2937} INFO - Setting next_dagrun for example_branch_dop_operator_v3 to 2022-03-24T02:51:00+00:00
[2022-03-24 02:52:52,165] {processor.py:171} INFO - Processing /home/airflow/.local/lib/python3.7/site-packages/airflow/example_dags/example_branch_python_dop_operator_3.py took 0.211 seconds
[2022-03-24 02:53:23,377] {processor.py:163} INFO - Started process (PID=556) to work on /home/airflow/.local/lib/python3.7/site-packages/airflow/example_dags/example_branch_python_dop_operator_3.py
[2022-03-24 02:53:23,383] {processor.py:642} INFO - Processing file /home/airflow/.local/lib/python3.7/site-packages/airflow/example_dags/example_branch_python_dop_operator_3.py for tasks to queue
[2022-03-24 02:53:23,384] {logging_mixin.py:109} INFO - [2022-03-24 02:53:23,384] {dagbag.py:500} INFO - Filling up the DagBag from /home/airflow/.local/lib/python3.7/site-packages/airflow/example_dags/example_branch_python_dop_operator_3.py
[2022-03-24 02:53:23,497] {processor.py:654} INFO - DAG(s) dict_keys(['example_branch_dop_operator_v3']) retrieved from /home/airflow/.local/lib/python3.7/site-packages/airflow/example_dags/example_branch_python_dop_operator_3.py
[2022-03-24 02:53:23,529] {logging_mixin.py:109} INFO - [2022-03-24 02:53:23,529] {dag.py:2398} INFO - Sync 1 DAGs
[2022-03-24 02:53:23,641] {logging_mixin.py:109} INFO - [2022-03-24 02:53:23,636] {dag.py:2937} INFO - Setting next_dagrun for example_branch_dop_operator_v3 to 2022-03-24T02:52:00+00:00
[2022-03-24 02:53:23,672] {processor.py:171} INFO - Processing /home/airflow/.local/lib/python3.7/site-packages/airflow/example_dags/example_branch_python_dop_operator_3.py took 0.308 seconds
[2022-03-24 02:54:03,862] {processor.py:163} INFO - Started process (PID=616) to work on /home/airflow/.local/lib/python3.7/site-packages/airflow/example_dags/example_branch_python_dop_operator_3.py
[2022-03-24 02:54:03,884] {processor.py:642} INFO - Processing file /home/airflow/.local/lib/python3.7/site-packages/airflow/example_dags/example_branch_python_dop_operator_3.py for tasks to queue
[2022-03-24 02:54:03,899] {logging_mixin.py:109} INFO - [2022-03-24 02:54:03,896] {dagbag.py:500} INFO - Filling up the DagBag from /home/airflow/.local/lib/python3.7/site-packages/airflow/example_dags/example_branch_python_dop_operator_3.py
[2022-03-24 02:54:04,322] {processor.py:654} INFO - DAG(s) dict_keys(['example_branch_dop_operator_v3']) retrieved from /home/airflow/.local/lib/python3.7/site-packages/airflow/example_dags/example_branch_python_dop_operator_3.py
[2022-03-24 02:54:04,410] {logging_mixin.py:109} INFO - [2022-03-24 02:54:04,410] {dag.py:2398} INFO - Sync 1 DAGs
[2022-03-24 02:54:04,600] {logging_mixin.py:109} INFO - [2022-03-24 02:54:04,599] {dag.py:2937} INFO - Setting next_dagrun for example_branch_dop_operator_v3 to 2022-03-24T02:53:00+00:00
[2022-03-24 02:54:05,215] {processor.py:171} INFO - Processing /home/airflow/.local/lib/python3.7/site-packages/airflow/example_dags/example_branch_python_dop_operator_3.py took 1.362 seconds
[2022-03-24 02:54:41,120] {processor.py:163} INFO - Started process (PID=667) to work on /home/airflow/.local/lib/python3.7/site-packages/airflow/example_dags/example_branch_python_dop_operator_3.py
[2022-03-24 02:54:42,299] {processor.py:642} INFO - Processing file /home/airflow/.local/lib/python3.7/site-packages/airflow/example_dags/example_branch_python_dop_operator_3.py for tasks to queue
[2022-03-24 02:54:42,496] {logging_mixin.py:109} INFO - [2022-03-24 02:54:42,496] {dagbag.py:500} INFO - Filling up the DagBag from /home/airflow/.local/lib/python3.7/site-packages/airflow/example_dags/example_branch_python_dop_operator_3.py
[2022-03-24 02:54:42,682] {processor.py:654} INFO - DAG(s) dict_keys(['example_branch_dop_operator_v3']) retrieved from /home/airflow/.local/lib/python3.7/site-packages/airflow/example_dags/example_branch_python_dop_operator_3.py
[2022-03-24 02:54:42,962] {logging_mixin.py:109} INFO - [2022-03-24 02:54:42,962] {dag.py:2398} INFO - Sync 1 DAGs
[2022-03-24 02:54:43,461] {logging_mixin.py:109} INFO - [2022-03-24 02:54:43,461] {dag.py:2937} INFO - Setting next_dagrun for example_branch_dop_operator_v3 to 2022-03-24T02:53:00+00:00
[2022-03-24 02:54:44,268] {processor.py:171} INFO - Processing /home/airflow/.local/lib/python3.7/site-packages/airflow/example_dags/example_branch_python_dop_operator_3.py took 3.159 seconds
[2022-03-24 02:55:15,144] {processor.py:163} INFO - Started process (PID=718) to work on /home/airflow/.local/lib/python3.7/site-packages/airflow/example_dags/example_branch_python_dop_operator_3.py
[2022-03-24 02:55:15,151] {processor.py:642} INFO - Processing file /home/airflow/.local/lib/python3.7/site-packages/airflow/example_dags/example_branch_python_dop_operator_3.py for tasks to queue
[2022-03-24 02:55:15,157] {logging_mixin.py:109} INFO - [2022-03-24 02:55:15,156] {dagbag.py:500} INFO - Filling up the DagBag from /home/airflow/.local/lib/python3.7/site-packages/airflow/example_dags/example_branch_python_dop_operator_3.py
[2022-03-24 02:55:15,203] {processor.py:654} INFO - DAG(s) dict_keys(['example_branch_dop_operator_v3']) retrieved from /home/airflow/.local/lib/python3.7/site-packages/airflow/example_dags/example_branch_python_dop_operator_3.py
[2022-03-24 02:55:15,216] {logging_mixin.py:109} INFO - [2022-03-24 02:55:15,216] {dag.py:2398} INFO - Sync 1 DAGs
[2022-03-24 02:55:15,249] {logging_mixin.py:109} INFO - [2022-03-24 02:55:15,249] {dag.py:2937} INFO - Setting next_dagrun for example_branch_dop_operator_v3 to 2022-03-24T02:54:00+00:00
[2022-03-24 02:55:15,287] {processor.py:171} INFO - Processing /home/airflow/.local/lib/python3.7/site-packages/airflow/example_dags/example_branch_python_dop_operator_3.py took 0.147 seconds
[2022-03-24 02:55:45,371] {processor.py:163} INFO - Started process (PID=769) to work on /home/airflow/.local/lib/python3.7/site-packages/airflow/example_dags/example_branch_python_dop_operator_3.py
[2022-03-24 02:55:45,424] {processor.py:642} INFO - Processing file /home/airflow/.local/lib/python3.7/site-packages/airflow/example_dags/example_branch_python_dop_operator_3.py for tasks to queue
[2022-03-24 02:55:45,427] {logging_mixin.py:109} INFO - [2022-03-24 02:55:45,427] {dagbag.py:500} INFO - Filling up the DagBag from /home/airflow/.local/lib/python3.7/site-packages/airflow/example_dags/example_branch_python_dop_operator_3.py
[2022-03-24 02:55:45,475] {processor.py:654} INFO - DAG(s) dict_keys(['example_branch_dop_operator_v3']) retrieved from /home/airflow/.local/lib/python3.7/site-packages/airflow/example_dags/example_branch_python_dop_operator_3.py
[2022-03-24 02:55:45,488] {logging_mixin.py:109} INFO - [2022-03-24 02:55:45,488] {dag.py:2398} INFO - Sync 1 DAGs
[2022-03-24 02:55:45,516] {logging_mixin.py:109} INFO - [2022-03-24 02:55:45,516] {dag.py:2937} INFO - Setting next_dagrun for example_branch_dop_operator_v3 to 2022-03-24T02:54:00+00:00
[2022-03-24 02:55:45,538] {processor.py:171} INFO - Processing /home/airflow/.local/lib/python3.7/site-packages/airflow/example_dags/example_branch_python_dop_operator_3.py took 0.172 seconds
[2022-03-24 02:56:15,955] {processor.py:163} INFO - Started process (PID=819) to work on /home/airflow/.local/lib/python3.7/site-packages/airflow/example_dags/example_branch_python_dop_operator_3.py
[2022-03-24 02:56:15,960] {processor.py:642} INFO - Processing file /home/airflow/.local/lib/python3.7/site-packages/airflow/example_dags/example_branch_python_dop_operator_3.py for tasks to queue
[2022-03-24 02:56:15,969] {logging_mixin.py:109} INFO - [2022-03-24 02:56:15,969] {dagbag.py:500} INFO - Filling up the DagBag from /home/airflow/.local/lib/python3.7/site-packages/airflow/example_dags/example_branch_python_dop_operator_3.py
[2022-03-24 02:56:16,085] {processor.py:654} INFO - DAG(s) dict_keys(['example_branch_dop_operator_v3']) retrieved from /home/airflow/.local/lib/python3.7/site-packages/airflow/example_dags/example_branch_python_dop_operator_3.py
[2022-03-24 02:56:16,107] {logging_mixin.py:109} INFO - [2022-03-24 02:56:16,107] {dag.py:2398} INFO - Sync 1 DAGs
[2022-03-24 02:56:16,155] {logging_mixin.py:109} INFO - [2022-03-24 02:56:16,155] {dag.py:2937} INFO - Setting next_dagrun for example_branch_dop_operator_v3 to 2022-03-24T02:55:00+00:00
[2022-03-24 02:56:16,175] {processor.py:171} INFO - Processing /home/airflow/.local/lib/python3.7/site-packages/airflow/example_dags/example_branch_python_dop_operator_3.py took 0.224 seconds
[2022-03-24 02:56:46,277] {processor.py:163} INFO - Started process (PID=868) to work on /home/airflow/.local/lib/python3.7/site-packages/airflow/example_dags/example_branch_python_dop_operator_3.py
[2022-03-24 02:56:46,478] {processor.py:642} INFO - Processing file /home/airflow/.local/lib/python3.7/site-packages/airflow/example_dags/example_branch_python_dop_operator_3.py for tasks to queue
[2022-03-24 02:56:46,483] {logging_mixin.py:109} INFO - [2022-03-24 02:56:46,483] {dagbag.py:500} INFO - Filling up the DagBag from /home/airflow/.local/lib/python3.7/site-packages/airflow/example_dags/example_branch_python_dop_operator_3.py
[2022-03-24 02:56:46,576] {processor.py:654} INFO - DAG(s) dict_keys(['example_branch_dop_operator_v3']) retrieved from /home/airflow/.local/lib/python3.7/site-packages/airflow/example_dags/example_branch_python_dop_operator_3.py
[2022-03-24 02:56:46,763] {logging_mixin.py:109} INFO - [2022-03-24 02:56:46,763] {dag.py:2398} INFO - Sync 1 DAGs
[2022-03-24 02:56:46,962] {logging_mixin.py:109} INFO - [2022-03-24 02:56:46,962] {dag.py:2937} INFO - Setting next_dagrun for example_branch_dop_operator_v3 to 2022-03-24T02:55:00+00:00
[2022-03-24 02:56:46,994] {processor.py:171} INFO - Processing /home/airflow/.local/lib/python3.7/site-packages/airflow/example_dags/example_branch_python_dop_operator_3.py took 0.721 seconds
[2022-03-24 02:57:17,077] {processor.py:163} INFO - Started process (PID=918) to work on /home/airflow/.local/lib/python3.7/site-packages/airflow/example_dags/example_branch_python_dop_operator_3.py
[2022-03-24 02:57:17,085] {processor.py:642} INFO - Processing file /home/airflow/.local/lib/python3.7/site-packages/airflow/example_dags/example_branch_python_dop_operator_3.py for tasks to queue
[2022-03-24 02:57:17,088] {logging_mixin.py:109} INFO - [2022-03-24 02:57:17,088] {dagbag.py:500} INFO - Filling up the DagBag from /home/airflow/.local/lib/python3.7/site-packages/airflow/example_dags/example_branch_python_dop_operator_3.py
[2022-03-24 02:57:17,157] {processor.py:654} INFO - DAG(s) dict_keys(['example_branch_dop_operator_v3']) retrieved from /home/airflow/.local/lib/python3.7/site-packages/airflow/example_dags/example_branch_python_dop_operator_3.py
[2022-03-24 02:57:17,259] {logging_mixin.py:109} INFO - [2022-03-24 02:57:17,259] {dag.py:2398} INFO - Sync 1 DAGs
[2022-03-24 02:57:17,472] {logging_mixin.py:109} INFO - [2022-03-24 02:57:17,472] {dag.py:2937} INFO - Setting next_dagrun for example_branch_dop_operator_v3 to 2022-03-24T02:56:00+00:00
[2022-03-24 02:57:17,862] {processor.py:171} INFO - Processing /home/airflow/.local/lib/python3.7/site-packages/airflow/example_dags/example_branch_python_dop_operator_3.py took 0.832 seconds
[2022-03-24 02:57:48,870] {processor.py:163} INFO - Started process (PID=970) to work on /home/airflow/.local/lib/python3.7/site-packages/airflow/example_dags/example_branch_python_dop_operator_3.py
[2022-03-24 02:57:48,875] {processor.py:642} INFO - Processing file /home/airflow/.local/lib/python3.7/site-packages/airflow/example_dags/example_branch_python_dop_operator_3.py for tasks to queue
[2022-03-24 02:57:48,879] {logging_mixin.py:109} INFO - [2022-03-24 02:57:48,879] {dagbag.py:500} INFO - Filling up the DagBag from /home/airflow/.local/lib/python3.7/site-packages/airflow/example_dags/example_branch_python_dop_operator_3.py
[2022-03-24 02:57:48,927] {processor.py:654} INFO - DAG(s) dict_keys(['example_branch_dop_operator_v3']) retrieved from /home/airflow/.local/lib/python3.7/site-packages/airflow/example_dags/example_branch_python_dop_operator_3.py
[2022-03-24 02:57:48,953] {logging_mixin.py:109} INFO - [2022-03-24 02:57:48,953] {dag.py:2398} INFO - Sync 1 DAGs
[2022-03-24 02:57:48,984] {logging_mixin.py:109} INFO - [2022-03-24 02:57:48,984] {dag.py:2937} INFO - Setting next_dagrun for example_branch_dop_operator_v3 to 2022-03-24T02:56:00+00:00
[2022-03-24 02:57:49,035] {processor.py:171} INFO - Processing /home/airflow/.local/lib/python3.7/site-packages/airflow/example_dags/example_branch_python_dop_operator_3.py took 0.174 seconds
[2022-03-24 02:58:19,436] {processor.py:163} INFO - Started process (PID=1021) to work on /home/airflow/.local/lib/python3.7/site-packages/airflow/example_dags/example_branch_python_dop_operator_3.py
[2022-03-24 02:58:19,440] {processor.py:642} INFO - Processing file /home/airflow/.local/lib/python3.7/site-packages/airflow/example_dags/example_branch_python_dop_operator_3.py for tasks to queue
[2022-03-24 02:58:19,443] {logging_mixin.py:109} INFO - [2022-03-24 02:58:19,443] {dagbag.py:500} INFO - Filling up the DagBag from /home/airflow/.local/lib/python3.7/site-packages/airflow/example_dags/example_branch_python_dop_operator_3.py
[2022-03-24 02:58:19,522] {processor.py:654} INFO - DAG(s) dict_keys(['example_branch_dop_operator_v3']) retrieved from /home/airflow/.local/lib/python3.7/site-packages/airflow/example_dags/example_branch_python_dop_operator_3.py
[2022-03-24 02:58:19,550] {logging_mixin.py:109} INFO - [2022-03-24 02:58:19,549] {dag.py:2398} INFO - Sync 1 DAGs
[2022-03-24 02:58:19,595] {logging_mixin.py:109} INFO - [2022-03-24 02:58:19,595] {dag.py:2937} INFO - Setting next_dagrun for example_branch_dop_operator_v3 to 2022-03-24T02:57:00+00:00
[2022-03-24 02:58:19,611] {processor.py:171} INFO - Processing /home/airflow/.local/lib/python3.7/site-packages/airflow/example_dags/example_branch_python_dop_operator_3.py took 0.187 seconds
[2022-03-24 02:58:50,058] {processor.py:163} INFO - Started process (PID=1074) to work on /home/airflow/.local/lib/python3.7/site-packages/airflow/example_dags/example_branch_python_dop_operator_3.py
[2022-03-24 02:58:50,115] {processor.py:642} INFO - Processing file /home/airflow/.local/lib/python3.7/site-packages/airflow/example_dags/example_branch_python_dop_operator_3.py for tasks to queue
[2022-03-24 02:58:50,127] {logging_mixin.py:109} INFO - [2022-03-24 02:58:50,127] {dagbag.py:500} INFO - Filling up the DagBag from /home/airflow/.local/lib/python3.7/site-packages/airflow/example_dags/example_branch_python_dop_operator_3.py
[2022-03-24 02:58:50,231] {processor.py:654} INFO - DAG(s) dict_keys(['example_branch_dop_operator_v3']) retrieved from /home/airflow/.local/lib/python3.7/site-packages/airflow/example_dags/example_branch_python_dop_operator_3.py
[2022-03-24 02:58:50,385] {logging_mixin.py:109} INFO - [2022-03-24 02:58:50,384] {dag.py:2398} INFO - Sync 1 DAGs
[2022-03-24 02:58:50,507] {logging_mixin.py:109} INFO - [2022-03-24 02:58:50,507] {dag.py:2937} INFO - Setting next_dagrun for example_branch_dop_operator_v3 to 2022-03-24T02:57:00+00:00
[2022-03-24 02:58:50,524] {processor.py:171} INFO - Processing /home/airflow/.local/lib/python3.7/site-packages/airflow/example_dags/example_branch_python_dop_operator_3.py took 0.472 seconds
[2022-03-24 02:59:22,191] {processor.py:163} INFO - Started process (PID=1136) to work on /home/airflow/.local/lib/python3.7/site-packages/airflow/example_dags/example_branch_python_dop_operator_3.py
[2022-03-24 02:59:22,203] {processor.py:642} INFO - Processing file /home/airflow/.local/lib/python3.7/site-packages/airflow/example_dags/example_branch_python_dop_operator_3.py for tasks to queue
[2022-03-24 02:59:22,212] {logging_mixin.py:109} INFO - [2022-03-24 02:59:22,212] {dagbag.py:500} INFO - Filling up the DagBag from /home/airflow/.local/lib/python3.7/site-packages/airflow/example_dags/example_branch_python_dop_operator_3.py
[2022-03-24 02:59:22,322] {processor.py:654} INFO - DAG(s) dict_keys(['example_branch_dop_operator_v3']) retrieved from /home/airflow/.local/lib/python3.7/site-packages/airflow/example_dags/example_branch_python_dop_operator_3.py
[2022-03-24 02:59:22,364] {logging_mixin.py:109} INFO - [2022-03-24 02:59:22,364] {dag.py:2398} INFO - Sync 1 DAGs
[2022-03-24 02:59:22,420] {logging_mixin.py:109} INFO - [2022-03-24 02:59:22,420] {dag.py:2937} INFO - Setting next_dagrun for example_branch_dop_operator_v3 to 2022-03-24T02:58:00+00:00
[2022-03-24 02:59:22,449] {processor.py:171} INFO - Processing /home/airflow/.local/lib/python3.7/site-packages/airflow/example_dags/example_branch_python_dop_operator_3.py took 0.279 seconds
[2022-03-24 02:59:53,205] {processor.py:163} INFO - Started process (PID=1187) to work on /home/airflow/.local/lib/python3.7/site-packages/airflow/example_dags/example_branch_python_dop_operator_3.py
[2022-03-24 02:59:53,233] {processor.py:642} INFO - Processing file /home/airflow/.local/lib/python3.7/site-packages/airflow/example_dags/example_branch_python_dop_operator_3.py for tasks to queue
[2022-03-24 02:59:53,259] {logging_mixin.py:109} INFO - [2022-03-24 02:59:53,258] {dagbag.py:500} INFO - Filling up the DagBag from /home/airflow/.local/lib/python3.7/site-packages/airflow/example_dags/example_branch_python_dop_operator_3.py
[2022-03-24 02:59:53,495] {processor.py:654} INFO - DAG(s) dict_keys(['example_branch_dop_operator_v3']) retrieved from /home/airflow/.local/lib/python3.7/site-packages/airflow/example_dags/example_branch_python_dop_operator_3.py
[2022-03-24 02:59:53,546] {logging_mixin.py:109} INFO - [2022-03-24 02:59:53,545] {dag.py:2398} INFO - Sync 1 DAGs
[2022-03-24 02:59:53,633] {logging_mixin.py:109} INFO - [2022-03-24 02:59:53,629] {dag.py:2937} INFO - Setting next_dagrun for example_branch_dop_operator_v3 to 2022-03-24T02:58:00+00:00
[2022-03-24 02:59:53,686] {processor.py:171} INFO - Processing /home/airflow/.local/lib/python3.7/site-packages/airflow/example_dags/example_branch_python_dop_operator_3.py took 0.506 seconds
[2022-03-24 03:00:24,115] {processor.py:163} INFO - Started process (PID=1227) to work on /home/airflow/.local/lib/python3.7/site-packages/airflow/example_dags/example_branch_python_dop_operator_3.py
[2022-03-24 03:00:24,126] {processor.py:642} INFO - Processing file /home/airflow/.local/lib/python3.7/site-packages/airflow/example_dags/example_branch_python_dop_operator_3.py for tasks to queue
[2022-03-24 03:00:24,129] {logging_mixin.py:109} INFO - [2022-03-24 03:00:24,128] {dagbag.py:500} INFO - Filling up the DagBag from /home/airflow/.local/lib/python3.7/site-packages/airflow/example_dags/example_branch_python_dop_operator_3.py
[2022-03-24 03:00:24,460] {processor.py:654} INFO - DAG(s) dict_keys(['example_branch_dop_operator_v3']) retrieved from /home/airflow/.local/lib/python3.7/site-packages/airflow/example_dags/example_branch_python_dop_operator_3.py
[2022-03-24 03:00:24,578] {logging_mixin.py:109} INFO - [2022-03-24 03:00:24,577] {dag.py:2398} INFO - Sync 1 DAGs
[2022-03-24 03:00:24,703] {logging_mixin.py:109} INFO - [2022-03-24 03:00:24,703] {dag.py:2937} INFO - Setting next_dagrun for example_branch_dop_operator_v3 to 2022-03-24T02:59:00+00:00
[2022-03-24 03:00:24,736] {processor.py:171} INFO - Processing /home/airflow/.local/lib/python3.7/site-packages/airflow/example_dags/example_branch_python_dop_operator_3.py took 0.638 seconds
[2022-03-24 03:00:55,570] {processor.py:163} INFO - Started process (PID=1277) to work on /home/airflow/.local/lib/python3.7/site-packages/airflow/example_dags/example_branch_python_dop_operator_3.py
[2022-03-24 03:00:55,592] {processor.py:642} INFO - Processing file /home/airflow/.local/lib/python3.7/site-packages/airflow/example_dags/example_branch_python_dop_operator_3.py for tasks to queue
[2022-03-24 03:00:55,593] {logging_mixin.py:109} INFO - [2022-03-24 03:00:55,593] {dagbag.py:500} INFO - Filling up the DagBag from /home/airflow/.local/lib/python3.7/site-packages/airflow/example_dags/example_branch_python_dop_operator_3.py
[2022-03-24 03:00:55,817] {processor.py:654} INFO - DAG(s) dict_keys(['example_branch_dop_operator_v3']) retrieved from /home/airflow/.local/lib/python3.7/site-packages/airflow/example_dags/example_branch_python_dop_operator_3.py
[2022-03-24 03:00:55,854] {logging_mixin.py:109} INFO - [2022-03-24 03:00:55,854] {dag.py:2398} INFO - Sync 1 DAGs
[2022-03-24 03:00:55,937] {logging_mixin.py:109} INFO - [2022-03-24 03:00:55,937] {dag.py:2937} INFO - Setting next_dagrun for example_branch_dop_operator_v3 to 2022-03-24T02:59:00+00:00
[2022-03-24 03:00:55,973] {processor.py:171} INFO - Processing /home/airflow/.local/lib/python3.7/site-packages/airflow/example_dags/example_branch_python_dop_operator_3.py took 0.438 seconds
[2022-03-24 03:01:26,322] {processor.py:163} INFO - Started process (PID=1335) to work on /home/airflow/.local/lib/python3.7/site-packages/airflow/example_dags/example_branch_python_dop_operator_3.py
[2022-03-24 03:01:26,749] {processor.py:642} INFO - Processing file /home/airflow/.local/lib/python3.7/site-packages/airflow/example_dags/example_branch_python_dop_operator_3.py for tasks to queue
[2022-03-24 03:01:26,768] {logging_mixin.py:109} INFO - [2022-03-24 03:01:26,768] {dagbag.py:500} INFO - Filling up the DagBag from /home/airflow/.local/lib/python3.7/site-packages/airflow/example_dags/example_branch_python_dop_operator_3.py
[2022-03-24 03:01:27,016] {processor.py:654} INFO - DAG(s) dict_keys(['example_branch_dop_operator_v3']) retrieved from /home/airflow/.local/lib/python3.7/site-packages/airflow/example_dags/example_branch_python_dop_operator_3.py
[2022-03-24 03:01:27,687] {logging_mixin.py:109} INFO - [2022-03-24 03:01:27,687] {dag.py:2398} INFO - Sync 1 DAGs
[2022-03-24 03:01:28,050] {logging_mixin.py:109} INFO - [2022-03-24 03:01:28,050] {dag.py:2937} INFO - Setting next_dagrun for example_branch_dop_operator_v3 to 2022-03-24T03:00:00+00:00
[2022-03-24 03:01:28,430] {processor.py:171} INFO - Processing /home/airflow/.local/lib/python3.7/site-packages/airflow/example_dags/example_branch_python_dop_operator_3.py took 2.142 seconds
[2022-03-24 03:01:59,469] {processor.py:163} INFO - Started process (PID=1379) to work on /home/airflow/.local/lib/python3.7/site-packages/airflow/example_dags/example_branch_python_dop_operator_3.py
[2022-03-24 03:01:59,470] {processor.py:642} INFO - Processing file /home/airflow/.local/lib/python3.7/site-packages/airflow/example_dags/example_branch_python_dop_operator_3.py for tasks to queue
[2022-03-24 03:01:59,474] {logging_mixin.py:109} INFO - [2022-03-24 03:01:59,474] {dagbag.py:500} INFO - Filling up the DagBag from /home/airflow/.local/lib/python3.7/site-packages/airflow/example_dags/example_branch_python_dop_operator_3.py
[2022-03-24 03:01:59,584] {processor.py:654} INFO - DAG(s) dict_keys(['example_branch_dop_operator_v3']) retrieved from /home/airflow/.local/lib/python3.7/site-packages/airflow/example_dags/example_branch_python_dop_operator_3.py
[2022-03-24 03:01:59,702] {logging_mixin.py:109} INFO - [2022-03-24 03:01:59,702] {dag.py:2398} INFO - Sync 1 DAGs
[2022-03-24 03:01:59,826] {logging_mixin.py:109} INFO - [2022-03-24 03:01:59,826] {dag.py:2937} INFO - Setting next_dagrun for example_branch_dop_operator_v3 to 2022-03-24T03:00:00+00:00
[2022-03-24 03:01:59,951] {processor.py:171} INFO - Processing /home/airflow/.local/lib/python3.7/site-packages/airflow/example_dags/example_branch_python_dop_operator_3.py took 0.498 seconds
[2022-03-24 03:02:30,901] {processor.py:163} INFO - Started process (PID=1440) to work on /home/airflow/.local/lib/python3.7/site-packages/airflow/example_dags/example_branch_python_dop_operator_3.py
[2022-03-24 03:02:31,002] {processor.py:642} INFO - Processing file /home/airflow/.local/lib/python3.7/site-packages/airflow/example_dags/example_branch_python_dop_operator_3.py for tasks to queue
[2022-03-24 03:02:31,325] {logging_mixin.py:109} INFO - [2022-03-24 03:02:31,325] {dagbag.py:500} INFO - Filling up the DagBag from /home/airflow/.local/lib/python3.7/site-packages/airflow/example_dags/example_branch_python_dop_operator_3.py
[2022-03-24 03:02:31,694] {processor.py:654} INFO - DAG(s) dict_keys(['example_branch_dop_operator_v3']) retrieved from /home/airflow/.local/lib/python3.7/site-packages/airflow/example_dags/example_branch_python_dop_operator_3.py
[2022-03-24 03:02:31,984] {logging_mixin.py:109} INFO - [2022-03-24 03:02:31,984] {dag.py:2398} INFO - Sync 1 DAGs
[2022-03-24 03:02:32,007] {logging_mixin.py:109} INFO - [2022-03-24 03:02:32,006] {dag.py:2937} INFO - Setting next_dagrun for example_branch_dop_operator_v3 to 2022-03-24T03:01:00+00:00
[2022-03-24 03:02:32,021] {processor.py:171} INFO - Processing /home/airflow/.local/lib/python3.7/site-packages/airflow/example_dags/example_branch_python_dop_operator_3.py took 1.129 seconds
[2022-03-24 03:03:02,287] {processor.py:163} INFO - Started process (PID=1491) to work on /home/airflow/.local/lib/python3.7/site-packages/airflow/example_dags/example_branch_python_dop_operator_3.py
[2022-03-24 03:03:02,298] {processor.py:642} INFO - Processing file /home/airflow/.local/lib/python3.7/site-packages/airflow/example_dags/example_branch_python_dop_operator_3.py for tasks to queue
[2022-03-24 03:03:02,306] {logging_mixin.py:109} INFO - [2022-03-24 03:03:02,306] {dagbag.py:500} INFO - Filling up the DagBag from /home/airflow/.local/lib/python3.7/site-packages/airflow/example_dags/example_branch_python_dop_operator_3.py
[2022-03-24 03:03:02,370] {processor.py:654} INFO - DAG(s) dict_keys(['example_branch_dop_operator_v3']) retrieved from /home/airflow/.local/lib/python3.7/site-packages/airflow/example_dags/example_branch_python_dop_operator_3.py
[2022-03-24 03:03:02,383] {logging_mixin.py:109} INFO - [2022-03-24 03:03:02,383] {dag.py:2398} INFO - Sync 1 DAGs
[2022-03-24 03:03:02,425] {logging_mixin.py:109} INFO - [2022-03-24 03:03:02,425] {dag.py:2937} INFO - Setting next_dagrun for example_branch_dop_operator_v3 to 2022-03-24T03:02:00+00:00
[2022-03-24 03:03:02,451] {processor.py:171} INFO - Processing /home/airflow/.local/lib/python3.7/site-packages/airflow/example_dags/example_branch_python_dop_operator_3.py took 0.176 seconds
[2022-03-24 03:03:32,655] {processor.py:163} INFO - Started process (PID=1544) to work on /home/airflow/.local/lib/python3.7/site-packages/airflow/example_dags/example_branch_python_dop_operator_3.py
[2022-03-24 03:03:32,658] {processor.py:642} INFO - Processing file /home/airflow/.local/lib/python3.7/site-packages/airflow/example_dags/example_branch_python_dop_operator_3.py for tasks to queue
[2022-03-24 03:03:32,661] {logging_mixin.py:109} INFO - [2022-03-24 03:03:32,661] {dagbag.py:500} INFO - Filling up the DagBag from /home/airflow/.local/lib/python3.7/site-packages/airflow/example_dags/example_branch_python_dop_operator_3.py
[2022-03-24 03:03:32,764] {processor.py:654} INFO - DAG(s) dict_keys(['example_branch_dop_operator_v3']) retrieved from /home/airflow/.local/lib/python3.7/site-packages/airflow/example_dags/example_branch_python_dop_operator_3.py
[2022-03-24 03:03:32,803] {logging_mixin.py:109} INFO - [2022-03-24 03:03:32,802] {dag.py:2398} INFO - Sync 1 DAGs
[2022-03-24 03:03:32,855] {logging_mixin.py:109} INFO - [2022-03-24 03:03:32,855] {dag.py:2937} INFO - Setting next_dagrun for example_branch_dop_operator_v3 to 2022-03-24T03:02:00+00:00
[2022-03-24 03:03:32,870] {processor.py:171} INFO - Processing /home/airflow/.local/lib/python3.7/site-packages/airflow/example_dags/example_branch_python_dop_operator_3.py took 0.223 seconds
[2022-03-24 03:04:03,104] {processor.py:163} INFO - Started process (PID=1604) to work on /home/airflow/.local/lib/python3.7/site-packages/airflow/example_dags/example_branch_python_dop_operator_3.py
[2022-03-24 03:04:03,111] {processor.py:642} INFO - Processing file /home/airflow/.local/lib/python3.7/site-packages/airflow/example_dags/example_branch_python_dop_operator_3.py for tasks to queue
[2022-03-24 03:04:03,114] {logging_mixin.py:109} INFO - [2022-03-24 03:04:03,113] {dagbag.py:500} INFO - Filling up the DagBag from /home/airflow/.local/lib/python3.7/site-packages/airflow/example_dags/example_branch_python_dop_operator_3.py
[2022-03-24 03:04:03,174] {processor.py:654} INFO - DAG(s) dict_keys(['example_branch_dop_operator_v3']) retrieved from /home/airflow/.local/lib/python3.7/site-packages/airflow/example_dags/example_branch_python_dop_operator_3.py
[2022-03-24 03:04:03,191] {logging_mixin.py:109} INFO - [2022-03-24 03:04:03,191] {dag.py:2398} INFO - Sync 1 DAGs
[2022-03-24 03:04:03,224] {logging_mixin.py:109} INFO - [2022-03-24 03:04:03,224] {dag.py:2937} INFO - Setting next_dagrun for example_branch_dop_operator_v3 to 2022-03-24T03:03:00+00:00
[2022-03-24 03:04:03,241] {processor.py:171} INFO - Processing /home/airflow/.local/lib/python3.7/site-packages/airflow/example_dags/example_branch_python_dop_operator_3.py took 0.159 seconds
[2022-03-24 03:04:33,705] {processor.py:163} INFO - Started process (PID=1656) to work on /home/airflow/.local/lib/python3.7/site-packages/airflow/example_dags/example_branch_python_dop_operator_3.py
[2022-03-24 03:04:33,875] {processor.py:642} INFO - Processing file /home/airflow/.local/lib/python3.7/site-packages/airflow/example_dags/example_branch_python_dop_operator_3.py for tasks to queue
[2022-03-24 03:04:33,877] {logging_mixin.py:109} INFO - [2022-03-24 03:04:33,876] {dagbag.py:500} INFO - Filling up the DagBag from /home/airflow/.local/lib/python3.7/site-packages/airflow/example_dags/example_branch_python_dop_operator_3.py
[2022-03-24 03:04:33,964] {processor.py:654} INFO - DAG(s) dict_keys(['example_branch_dop_operator_v3']) retrieved from /home/airflow/.local/lib/python3.7/site-packages/airflow/example_dags/example_branch_python_dop_operator_3.py
[2022-03-24 03:04:34,069] {logging_mixin.py:109} INFO - [2022-03-24 03:04:34,068] {dag.py:2398} INFO - Sync 1 DAGs
[2022-03-24 03:04:34,124] {logging_mixin.py:109} INFO - [2022-03-24 03:04:34,124] {dag.py:2937} INFO - Setting next_dagrun for example_branch_dop_operator_v3 to 2022-03-24T03:03:00+00:00
[2022-03-24 03:04:34,365] {processor.py:171} INFO - Processing /home/airflow/.local/lib/python3.7/site-packages/airflow/example_dags/example_branch_python_dop_operator_3.py took 0.682 seconds
[2022-03-24 03:05:05,064] {processor.py:163} INFO - Started process (PID=1710) to work on /home/airflow/.local/lib/python3.7/site-packages/airflow/example_dags/example_branch_python_dop_operator_3.py
[2022-03-24 03:05:05,070] {processor.py:642} INFO - Processing file /home/airflow/.local/lib/python3.7/site-packages/airflow/example_dags/example_branch_python_dop_operator_3.py for tasks to queue
[2022-03-24 03:05:05,073] {logging_mixin.py:109} INFO - [2022-03-24 03:05:05,073] {dagbag.py:500} INFO - Filling up the DagBag from /home/airflow/.local/lib/python3.7/site-packages/airflow/example_dags/example_branch_python_dop_operator_3.py
[2022-03-24 03:05:05,120] {processor.py:654} INFO - DAG(s) dict_keys(['example_branch_dop_operator_v3']) retrieved from /home/airflow/.local/lib/python3.7/site-packages/airflow/example_dags/example_branch_python_dop_operator_3.py
[2022-03-24 03:05:05,145] {logging_mixin.py:109} INFO - [2022-03-24 03:05:05,145] {dag.py:2398} INFO - Sync 1 DAGs
[2022-03-24 03:05:05,190] {logging_mixin.py:109} INFO - [2022-03-24 03:05:05,189] {dag.py:2937} INFO - Setting next_dagrun for example_branch_dop_operator_v3 to 2022-03-24T03:04:00+00:00
[2022-03-24 03:05:05,200] {processor.py:171} INFO - Processing /home/airflow/.local/lib/python3.7/site-packages/airflow/example_dags/example_branch_python_dop_operator_3.py took 0.147 seconds
[2022-03-24 03:05:35,925] {processor.py:163} INFO - Started process (PID=1761) to work on /home/airflow/.local/lib/python3.7/site-packages/airflow/example_dags/example_branch_python_dop_operator_3.py
[2022-03-24 03:05:35,928] {processor.py:642} INFO - Processing file /home/airflow/.local/lib/python3.7/site-packages/airflow/example_dags/example_branch_python_dop_operator_3.py for tasks to queue
[2022-03-24 03:05:35,931] {logging_mixin.py:109} INFO - [2022-03-24 03:05:35,931] {dagbag.py:500} INFO - Filling up the DagBag from /home/airflow/.local/lib/python3.7/site-packages/airflow/example_dags/example_branch_python_dop_operator_3.py
[2022-03-24 03:05:35,996] {processor.py:654} INFO - DAG(s) dict_keys(['example_branch_dop_operator_v3']) retrieved from /home/airflow/.local/lib/python3.7/site-packages/airflow/example_dags/example_branch_python_dop_operator_3.py
[2022-03-24 03:05:36,017] {logging_mixin.py:109} INFO - [2022-03-24 03:05:36,017] {dag.py:2398} INFO - Sync 1 DAGs
[2022-03-24 03:05:36,055] {logging_mixin.py:109} INFO - [2022-03-24 03:05:36,054] {dag.py:2937} INFO - Setting next_dagrun for example_branch_dop_operator_v3 to 2022-03-24T03:04:00+00:00
[2022-03-24 03:05:36,071] {processor.py:171} INFO - Processing /home/airflow/.local/lib/python3.7/site-packages/airflow/example_dags/example_branch_python_dop_operator_3.py took 0.157 seconds
[2022-03-24 03:06:06,749] {processor.py:163} INFO - Started process (PID=1812) to work on /home/airflow/.local/lib/python3.7/site-packages/airflow/example_dags/example_branch_python_dop_operator_3.py
[2022-03-24 03:06:06,751] {processor.py:642} INFO - Processing file /home/airflow/.local/lib/python3.7/site-packages/airflow/example_dags/example_branch_python_dop_operator_3.py for tasks to queue
[2022-03-24 03:06:06,753] {logging_mixin.py:109} INFO - [2022-03-24 03:06:06,753] {dagbag.py:500} INFO - Filling up the DagBag from /home/airflow/.local/lib/python3.7/site-packages/airflow/example_dags/example_branch_python_dop_operator_3.py
[2022-03-24 03:06:06,814] {processor.py:654} INFO - DAG(s) dict_keys(['example_branch_dop_operator_v3']) retrieved from /home/airflow/.local/lib/python3.7/site-packages/airflow/example_dags/example_branch_python_dop_operator_3.py
[2022-03-24 03:06:06,836] {logging_mixin.py:109} INFO - [2022-03-24 03:06:06,836] {dag.py:2398} INFO - Sync 1 DAGs
[2022-03-24 03:06:06,870] {logging_mixin.py:109} INFO - [2022-03-24 03:06:06,870] {dag.py:2937} INFO - Setting next_dagrun for example_branch_dop_operator_v3 to 2022-03-24T03:05:00+00:00
[2022-03-24 03:06:06,899] {processor.py:171} INFO - Processing /home/airflow/.local/lib/python3.7/site-packages/airflow/example_dags/example_branch_python_dop_operator_3.py took 0.154 seconds
[2022-03-24 03:06:37,646] {processor.py:163} INFO - Started process (PID=1861) to work on /home/airflow/.local/lib/python3.7/site-packages/airflow/example_dags/example_branch_python_dop_operator_3.py
[2022-03-24 03:06:37,651] {processor.py:642} INFO - Processing file /home/airflow/.local/lib/python3.7/site-packages/airflow/example_dags/example_branch_python_dop_operator_3.py for tasks to queue
[2022-03-24 03:06:37,654] {logging_mixin.py:109} INFO - [2022-03-24 03:06:37,654] {dagbag.py:500} INFO - Filling up the DagBag from /home/airflow/.local/lib/python3.7/site-packages/airflow/example_dags/example_branch_python_dop_operator_3.py
[2022-03-24 03:06:37,715] {processor.py:654} INFO - DAG(s) dict_keys(['example_branch_dop_operator_v3']) retrieved from /home/airflow/.local/lib/python3.7/site-packages/airflow/example_dags/example_branch_python_dop_operator_3.py
[2022-03-24 03:06:37,736] {logging_mixin.py:109} INFO - [2022-03-24 03:06:37,736] {dag.py:2398} INFO - Sync 1 DAGs
[2022-03-24 03:06:37,779] {logging_mixin.py:109} INFO - [2022-03-24 03:06:37,779] {dag.py:2937} INFO - Setting next_dagrun for example_branch_dop_operator_v3 to 2022-03-24T03:05:00+00:00
[2022-03-24 03:06:37,789] {processor.py:171} INFO - Processing /home/airflow/.local/lib/python3.7/site-packages/airflow/example_dags/example_branch_python_dop_operator_3.py took 0.148 seconds
[2022-03-24 03:07:07,857] {processor.py:163} INFO - Started process (PID=1913) to work on /home/airflow/.local/lib/python3.7/site-packages/airflow/example_dags/example_branch_python_dop_operator_3.py
[2022-03-24 03:07:07,860] {processor.py:642} INFO - Processing file /home/airflow/.local/lib/python3.7/site-packages/airflow/example_dags/example_branch_python_dop_operator_3.py for tasks to queue
[2022-03-24 03:07:07,861] {logging_mixin.py:109} INFO - [2022-03-24 03:07:07,861] {dagbag.py:500} INFO - Filling up the DagBag from /home/airflow/.local/lib/python3.7/site-packages/airflow/example_dags/example_branch_python_dop_operator_3.py
[2022-03-24 03:07:07,911] {processor.py:654} INFO - DAG(s) dict_keys(['example_branch_dop_operator_v3']) retrieved from /home/airflow/.local/lib/python3.7/site-packages/airflow/example_dags/example_branch_python_dop_operator_3.py
[2022-03-24 03:07:07,932] {logging_mixin.py:109} INFO - [2022-03-24 03:07:07,931] {dag.py:2398} INFO - Sync 1 DAGs
[2022-03-24 03:07:07,971] {logging_mixin.py:109} INFO - [2022-03-24 03:07:07,971] {dag.py:2937} INFO - Setting next_dagrun for example_branch_dop_operator_v3 to 2022-03-24T03:06:00+00:00
[2022-03-24 03:07:07,995] {processor.py:171} INFO - Processing /home/airflow/.local/lib/python3.7/site-packages/airflow/example_dags/example_branch_python_dop_operator_3.py took 0.142 seconds
[2022-03-24 03:07:38,239] {processor.py:163} INFO - Started process (PID=1964) to work on /home/airflow/.local/lib/python3.7/site-packages/airflow/example_dags/example_branch_python_dop_operator_3.py
[2022-03-24 03:07:38,245] {processor.py:642} INFO - Processing file /home/airflow/.local/lib/python3.7/site-packages/airflow/example_dags/example_branch_python_dop_operator_3.py for tasks to queue
[2022-03-24 03:07:38,247] {logging_mixin.py:109} INFO - [2022-03-24 03:07:38,247] {dagbag.py:500} INFO - Filling up the DagBag from /home/airflow/.local/lib/python3.7/site-packages/airflow/example_dags/example_branch_python_dop_operator_3.py
[2022-03-24 03:07:38,330] {processor.py:654} INFO - DAG(s) dict_keys(['example_branch_dop_operator_v3']) retrieved from /home/airflow/.local/lib/python3.7/site-packages/airflow/example_dags/example_branch_python_dop_operator_3.py
[2022-03-24 03:07:38,378] {logging_mixin.py:109} INFO - [2022-03-24 03:07:38,377] {dag.py:2398} INFO - Sync 1 DAGs
[2022-03-24 03:07:38,468] {logging_mixin.py:109} INFO - [2022-03-24 03:07:38,467] {dag.py:2937} INFO - Setting next_dagrun for example_branch_dop_operator_v3 to 2022-03-24T03:06:00+00:00
[2022-03-24 03:07:38,512] {processor.py:171} INFO - Processing /home/airflow/.local/lib/python3.7/site-packages/airflow/example_dags/example_branch_python_dop_operator_3.py took 0.281 seconds
[2022-03-24 03:08:08,835] {processor.py:163} INFO - Started process (PID=2024) to work on /home/airflow/.local/lib/python3.7/site-packages/airflow/example_dags/example_branch_python_dop_operator_3.py
[2022-03-24 03:08:08,847] {processor.py:642} INFO - Processing file /home/airflow/.local/lib/python3.7/site-packages/airflow/example_dags/example_branch_python_dop_operator_3.py for tasks to queue
[2022-03-24 03:08:08,853] {logging_mixin.py:109} INFO - [2022-03-24 03:08:08,852] {dagbag.py:500} INFO - Filling up the DagBag from /home/airflow/.local/lib/python3.7/site-packages/airflow/example_dags/example_branch_python_dop_operator_3.py
[2022-03-24 03:08:09,027] {processor.py:654} INFO - DAG(s) dict_keys(['example_branch_dop_operator_v3']) retrieved from /home/airflow/.local/lib/python3.7/site-packages/airflow/example_dags/example_branch_python_dop_operator_3.py
[2022-03-24 03:08:09,050] {logging_mixin.py:109} INFO - [2022-03-24 03:08:09,050] {dag.py:2398} INFO - Sync 1 DAGs
[2022-03-24 03:08:09,172] {logging_mixin.py:109} INFO - [2022-03-24 03:08:09,171] {dag.py:2937} INFO - Setting next_dagrun for example_branch_dop_operator_v3 to 2022-03-24T03:07:00+00:00
[2022-03-24 03:08:09,520] {processor.py:171} INFO - Processing /home/airflow/.local/lib/python3.7/site-packages/airflow/example_dags/example_branch_python_dop_operator_3.py took 0.697 seconds
[2022-03-24 03:08:39,707] {processor.py:163} INFO - Started process (PID=2079) to work on /home/airflow/.local/lib/python3.7/site-packages/airflow/example_dags/example_branch_python_dop_operator_3.py
[2022-03-24 03:08:39,714] {processor.py:642} INFO - Processing file /home/airflow/.local/lib/python3.7/site-packages/airflow/example_dags/example_branch_python_dop_operator_3.py for tasks to queue
[2022-03-24 03:08:39,716] {logging_mixin.py:109} INFO - [2022-03-24 03:08:39,716] {dagbag.py:500} INFO - Filling up the DagBag from /home/airflow/.local/lib/python3.7/site-packages/airflow/example_dags/example_branch_python_dop_operator_3.py
[2022-03-24 03:08:39,850] {processor.py:654} INFO - DAG(s) dict_keys(['example_branch_dop_operator_v3']) retrieved from /home/airflow/.local/lib/python3.7/site-packages/airflow/example_dags/example_branch_python_dop_operator_3.py
[2022-03-24 03:08:40,027] {logging_mixin.py:109} INFO - [2022-03-24 03:08:40,027] {dag.py:2398} INFO - Sync 1 DAGs
[2022-03-24 03:08:40,342] {logging_mixin.py:109} INFO - [2022-03-24 03:08:40,342] {dag.py:2937} INFO - Setting next_dagrun for example_branch_dop_operator_v3 to 2022-03-24T03:07:00+00:00
[2022-03-24 03:08:40,930] {processor.py:171} INFO - Processing /home/airflow/.local/lib/python3.7/site-packages/airflow/example_dags/example_branch_python_dop_operator_3.py took 1.239 seconds
[2022-03-24 03:09:11,699] {processor.py:163} INFO - Started process (PID=2132) to work on /home/airflow/.local/lib/python3.7/site-packages/airflow/example_dags/example_branch_python_dop_operator_3.py
[2022-03-24 03:09:11,706] {processor.py:642} INFO - Processing file /home/airflow/.local/lib/python3.7/site-packages/airflow/example_dags/example_branch_python_dop_operator_3.py for tasks to queue
[2022-03-24 03:09:11,708] {logging_mixin.py:109} INFO - [2022-03-24 03:09:11,708] {dagbag.py:500} INFO - Filling up the DagBag from /home/airflow/.local/lib/python3.7/site-packages/airflow/example_dags/example_branch_python_dop_operator_3.py
[2022-03-24 03:09:11,763] {processor.py:654} INFO - DAG(s) dict_keys(['example_branch_dop_operator_v3']) retrieved from /home/airflow/.local/lib/python3.7/site-packages/airflow/example_dags/example_branch_python_dop_operator_3.py
[2022-03-24 03:09:11,780] {logging_mixin.py:109} INFO - [2022-03-24 03:09:11,780] {dag.py:2398} INFO - Sync 1 DAGs
[2022-03-24 03:09:11,808] {logging_mixin.py:109} INFO - [2022-03-24 03:09:11,808] {dag.py:2937} INFO - Setting next_dagrun for example_branch_dop_operator_v3 to 2022-03-24T03:08:00+00:00
[2022-03-24 03:09:11,826] {processor.py:171} INFO - Processing /home/airflow/.local/lib/python3.7/site-packages/airflow/example_dags/example_branch_python_dop_operator_3.py took 0.136 seconds
[2022-03-24 03:09:42,564] {processor.py:163} INFO - Started process (PID=2182) to work on /home/airflow/.local/lib/python3.7/site-packages/airflow/example_dags/example_branch_python_dop_operator_3.py
[2022-03-24 03:09:42,574] {processor.py:642} INFO - Processing file /home/airflow/.local/lib/python3.7/site-packages/airflow/example_dags/example_branch_python_dop_operator_3.py for tasks to queue
[2022-03-24 03:09:43,016] {logging_mixin.py:109} INFO - [2022-03-24 03:09:43,015] {dagbag.py:500} INFO - Filling up the DagBag from /home/airflow/.local/lib/python3.7/site-packages/airflow/example_dags/example_branch_python_dop_operator_3.py
[2022-03-24 03:09:43,092] {processor.py:654} INFO - DAG(s) dict_keys(['example_branch_dop_operator_v3']) retrieved from /home/airflow/.local/lib/python3.7/site-packages/airflow/example_dags/example_branch_python_dop_operator_3.py
[2022-03-24 03:09:43,132] {logging_mixin.py:109} INFO - [2022-03-24 03:09:43,131] {dag.py:2398} INFO - Sync 1 DAGs
[2022-03-24 03:09:43,185] {logging_mixin.py:109} INFO - [2022-03-24 03:09:43,185] {dag.py:2937} INFO - Setting next_dagrun for example_branch_dop_operator_v3 to 2022-03-24T03:08:00+00:00
[2022-03-24 03:09:43,666] {processor.py:171} INFO - Processing /home/airflow/.local/lib/python3.7/site-packages/airflow/example_dags/example_branch_python_dop_operator_3.py took 1.120 seconds
[2022-03-24 03:10:13,745] {processor.py:163} INFO - Started process (PID=2235) to work on /home/airflow/.local/lib/python3.7/site-packages/airflow/example_dags/example_branch_python_dop_operator_3.py
[2022-03-24 03:10:13,751] {processor.py:642} INFO - Processing file /home/airflow/.local/lib/python3.7/site-packages/airflow/example_dags/example_branch_python_dop_operator_3.py for tasks to queue
[2022-03-24 03:10:13,756] {logging_mixin.py:109} INFO - [2022-03-24 03:10:13,755] {dagbag.py:500} INFO - Filling up the DagBag from /home/airflow/.local/lib/python3.7/site-packages/airflow/example_dags/example_branch_python_dop_operator_3.py
[2022-03-24 03:10:13,845] {processor.py:654} INFO - DAG(s) dict_keys(['example_branch_dop_operator_v3']) retrieved from /home/airflow/.local/lib/python3.7/site-packages/airflow/example_dags/example_branch_python_dop_operator_3.py
[2022-03-24 03:10:13,875] {logging_mixin.py:109} INFO - [2022-03-24 03:10:13,875] {dag.py:2398} INFO - Sync 1 DAGs
[2022-03-24 03:10:14,006] {logging_mixin.py:109} INFO - [2022-03-24 03:10:14,006] {dag.py:2937} INFO - Setting next_dagrun for example_branch_dop_operator_v3 to 2022-03-24T03:09:00+00:00
[2022-03-24 03:10:14,034] {processor.py:171} INFO - Processing /home/airflow/.local/lib/python3.7/site-packages/airflow/example_dags/example_branch_python_dop_operator_3.py took 0.301 seconds
[2022-03-24 03:10:45,147] {processor.py:163} INFO - Started process (PID=2285) to work on /home/airflow/.local/lib/python3.7/site-packages/airflow/example_dags/example_branch_python_dop_operator_3.py
[2022-03-24 03:10:45,154] {processor.py:642} INFO - Processing file /home/airflow/.local/lib/python3.7/site-packages/airflow/example_dags/example_branch_python_dop_operator_3.py for tasks to queue
[2022-03-24 03:10:45,163] {logging_mixin.py:109} INFO - [2022-03-24 03:10:45,163] {dagbag.py:500} INFO - Filling up the DagBag from /home/airflow/.local/lib/python3.7/site-packages/airflow/example_dags/example_branch_python_dop_operator_3.py
[2022-03-24 03:10:45,275] {processor.py:654} INFO - DAG(s) dict_keys(['example_branch_dop_operator_v3']) retrieved from /home/airflow/.local/lib/python3.7/site-packages/airflow/example_dags/example_branch_python_dop_operator_3.py
[2022-03-24 03:10:45,300] {logging_mixin.py:109} INFO - [2022-03-24 03:10:45,298] {dag.py:2398} INFO - Sync 1 DAGs
[2022-03-24 03:10:45,357] {logging_mixin.py:109} INFO - [2022-03-24 03:10:45,357] {dag.py:2937} INFO - Setting next_dagrun for example_branch_dop_operator_v3 to 2022-03-24T03:09:00+00:00
[2022-03-24 03:10:45,379] {processor.py:171} INFO - Processing /home/airflow/.local/lib/python3.7/site-packages/airflow/example_dags/example_branch_python_dop_operator_3.py took 0.261 seconds
[2022-03-24 03:11:15,892] {processor.py:163} INFO - Started process (PID=2335) to work on /home/airflow/.local/lib/python3.7/site-packages/airflow/example_dags/example_branch_python_dop_operator_3.py
[2022-03-24 03:11:15,920] {processor.py:642} INFO - Processing file /home/airflow/.local/lib/python3.7/site-packages/airflow/example_dags/example_branch_python_dop_operator_3.py for tasks to queue
[2022-03-24 03:11:15,940] {logging_mixin.py:109} INFO - [2022-03-24 03:11:15,939] {dagbag.py:500} INFO - Filling up the DagBag from /home/airflow/.local/lib/python3.7/site-packages/airflow/example_dags/example_branch_python_dop_operator_3.py
[2022-03-24 03:11:16,018] {processor.py:654} INFO - DAG(s) dict_keys(['example_branch_dop_operator_v3']) retrieved from /home/airflow/.local/lib/python3.7/site-packages/airflow/example_dags/example_branch_python_dop_operator_3.py
[2022-03-24 03:11:16,064] {logging_mixin.py:109} INFO - [2022-03-24 03:11:16,064] {dag.py:2398} INFO - Sync 1 DAGs
[2022-03-24 03:11:16,126] {logging_mixin.py:109} INFO - [2022-03-24 03:11:16,126] {dag.py:2937} INFO - Setting next_dagrun for example_branch_dop_operator_v3 to 2022-03-24T03:10:00+00:00
[2022-03-24 03:11:16,155] {processor.py:171} INFO - Processing /home/airflow/.local/lib/python3.7/site-packages/airflow/example_dags/example_branch_python_dop_operator_3.py took 0.287 seconds
[2022-03-24 03:11:46,376] {processor.py:163} INFO - Started process (PID=2385) to work on /home/airflow/.local/lib/python3.7/site-packages/airflow/example_dags/example_branch_python_dop_operator_3.py
[2022-03-24 03:11:46,381] {processor.py:642} INFO - Processing file /home/airflow/.local/lib/python3.7/site-packages/airflow/example_dags/example_branch_python_dop_operator_3.py for tasks to queue
[2022-03-24 03:11:46,384] {logging_mixin.py:109} INFO - [2022-03-24 03:11:46,383] {dagbag.py:500} INFO - Filling up the DagBag from /home/airflow/.local/lib/python3.7/site-packages/airflow/example_dags/example_branch_python_dop_operator_3.py
[2022-03-24 03:11:46,451] {processor.py:654} INFO - DAG(s) dict_keys(['example_branch_dop_operator_v3']) retrieved from /home/airflow/.local/lib/python3.7/site-packages/airflow/example_dags/example_branch_python_dop_operator_3.py
[2022-03-24 03:11:46,471] {logging_mixin.py:109} INFO - [2022-03-24 03:11:46,470] {dag.py:2398} INFO - Sync 1 DAGs
[2022-03-24 03:11:46,509] {logging_mixin.py:109} INFO - [2022-03-24 03:11:46,509] {dag.py:2937} INFO - Setting next_dagrun for example_branch_dop_operator_v3 to 2022-03-24T03:10:00+00:00
[2022-03-24 03:11:46,531] {processor.py:171} INFO - Processing /home/airflow/.local/lib/python3.7/site-packages/airflow/example_dags/example_branch_python_dop_operator_3.py took 0.162 seconds
[2022-03-24 03:12:16,784] {processor.py:163} INFO - Started process (PID=2435) to work on /home/airflow/.local/lib/python3.7/site-packages/airflow/example_dags/example_branch_python_dop_operator_3.py
[2022-03-24 03:12:16,788] {processor.py:642} INFO - Processing file /home/airflow/.local/lib/python3.7/site-packages/airflow/example_dags/example_branch_python_dop_operator_3.py for tasks to queue
[2022-03-24 03:12:16,791] {logging_mixin.py:109} INFO - [2022-03-24 03:12:16,791] {dagbag.py:500} INFO - Filling up the DagBag from /home/airflow/.local/lib/python3.7/site-packages/airflow/example_dags/example_branch_python_dop_operator_3.py
[2022-03-24 03:12:16,834] {processor.py:654} INFO - DAG(s) dict_keys(['example_branch_dop_operator_v3']) retrieved from /home/airflow/.local/lib/python3.7/site-packages/airflow/example_dags/example_branch_python_dop_operator_3.py
[2022-03-24 03:12:16,853] {logging_mixin.py:109} INFO - [2022-03-24 03:12:16,853] {dag.py:2398} INFO - Sync 1 DAGs
[2022-03-24 03:12:16,897] {logging_mixin.py:109} INFO - [2022-03-24 03:12:16,897] {dag.py:2937} INFO - Setting next_dagrun for example_branch_dop_operator_v3 to 2022-03-24T03:11:00+00:00
[2022-03-24 03:12:16,910] {processor.py:171} INFO - Processing /home/airflow/.local/lib/python3.7/site-packages/airflow/example_dags/example_branch_python_dop_operator_3.py took 0.172 seconds
[2022-03-24 03:12:47,198] {processor.py:163} INFO - Started process (PID=2488) to work on /home/airflow/.local/lib/python3.7/site-packages/airflow/example_dags/example_branch_python_dop_operator_3.py
[2022-03-24 03:12:47,200] {processor.py:642} INFO - Processing file /home/airflow/.local/lib/python3.7/site-packages/airflow/example_dags/example_branch_python_dop_operator_3.py for tasks to queue
[2022-03-24 03:12:47,202] {logging_mixin.py:109} INFO - [2022-03-24 03:12:47,202] {dagbag.py:500} INFO - Filling up the DagBag from /home/airflow/.local/lib/python3.7/site-packages/airflow/example_dags/example_branch_python_dop_operator_3.py
[2022-03-24 03:12:47,247] {processor.py:654} INFO - DAG(s) dict_keys(['example_branch_dop_operator_v3']) retrieved from /home/airflow/.local/lib/python3.7/site-packages/airflow/example_dags/example_branch_python_dop_operator_3.py
[2022-03-24 03:12:47,262] {logging_mixin.py:109} INFO - [2022-03-24 03:12:47,262] {dag.py:2398} INFO - Sync 1 DAGs
[2022-03-24 03:12:47,286] {logging_mixin.py:109} INFO - [2022-03-24 03:12:47,285] {dag.py:2937} INFO - Setting next_dagrun for example_branch_dop_operator_v3 to 2022-03-24T03:11:00+00:00
[2022-03-24 03:12:47,304] {processor.py:171} INFO - Processing /home/airflow/.local/lib/python3.7/site-packages/airflow/example_dags/example_branch_python_dop_operator_3.py took 0.110 seconds
[2022-03-24 03:13:17,637] {processor.py:163} INFO - Started process (PID=2539) to work on /home/airflow/.local/lib/python3.7/site-packages/airflow/example_dags/example_branch_python_dop_operator_3.py
[2022-03-24 03:13:17,643] {processor.py:642} INFO - Processing file /home/airflow/.local/lib/python3.7/site-packages/airflow/example_dags/example_branch_python_dop_operator_3.py for tasks to queue
[2022-03-24 03:13:17,649] {logging_mixin.py:109} INFO - [2022-03-24 03:13:17,649] {dagbag.py:500} INFO - Filling up the DagBag from /home/airflow/.local/lib/python3.7/site-packages/airflow/example_dags/example_branch_python_dop_operator_3.py
[2022-03-24 03:13:17,729] {processor.py:654} INFO - DAG(s) dict_keys(['example_branch_dop_operator_v3']) retrieved from /home/airflow/.local/lib/python3.7/site-packages/airflow/example_dags/example_branch_python_dop_operator_3.py
[2022-03-24 03:13:17,758] {logging_mixin.py:109} INFO - [2022-03-24 03:13:17,757] {dag.py:2398} INFO - Sync 1 DAGs
[2022-03-24 03:13:17,796] {logging_mixin.py:109} INFO - [2022-03-24 03:13:17,796] {dag.py:2937} INFO - Setting next_dagrun for example_branch_dop_operator_v3 to 2022-03-24T03:12:00+00:00
[2022-03-24 03:13:17,811] {processor.py:171} INFO - Processing /home/airflow/.local/lib/python3.7/site-packages/airflow/example_dags/example_branch_python_dop_operator_3.py took 0.192 seconds
[2022-03-24 03:13:48,583] {processor.py:163} INFO - Started process (PID=2594) to work on /home/airflow/.local/lib/python3.7/site-packages/airflow/example_dags/example_branch_python_dop_operator_3.py
[2022-03-24 03:13:48,589] {processor.py:642} INFO - Processing file /home/airflow/.local/lib/python3.7/site-packages/airflow/example_dags/example_branch_python_dop_operator_3.py for tasks to queue
[2022-03-24 03:13:48,592] {logging_mixin.py:109} INFO - [2022-03-24 03:13:48,590] {dagbag.py:500} INFO - Filling up the DagBag from /home/airflow/.local/lib/python3.7/site-packages/airflow/example_dags/example_branch_python_dop_operator_3.py
[2022-03-24 03:13:48,790] {processor.py:654} INFO - DAG(s) dict_keys(['example_branch_dop_operator_v3']) retrieved from /home/airflow/.local/lib/python3.7/site-packages/airflow/example_dags/example_branch_python_dop_operator_3.py
[2022-03-24 03:13:48,815] {logging_mixin.py:109} INFO - [2022-03-24 03:13:48,814] {dag.py:2398} INFO - Sync 1 DAGs
[2022-03-24 03:13:48,842] {logging_mixin.py:109} INFO - [2022-03-24 03:13:48,841] {dag.py:2937} INFO - Setting next_dagrun for example_branch_dop_operator_v3 to 2022-03-24T03:12:00+00:00
[2022-03-24 03:13:48,855] {processor.py:171} INFO - Processing /home/airflow/.local/lib/python3.7/site-packages/airflow/example_dags/example_branch_python_dop_operator_3.py took 0.290 seconds
[2022-03-24 03:14:19,609] {processor.py:163} INFO - Started process (PID=2646) to work on /home/airflow/.local/lib/python3.7/site-packages/airflow/example_dags/example_branch_python_dop_operator_3.py
[2022-03-24 03:14:19,616] {processor.py:642} INFO - Processing file /home/airflow/.local/lib/python3.7/site-packages/airflow/example_dags/example_branch_python_dop_operator_3.py for tasks to queue
[2022-03-24 03:14:19,626] {logging_mixin.py:109} INFO - [2022-03-24 03:14:19,626] {dagbag.py:500} INFO - Filling up the DagBag from /home/airflow/.local/lib/python3.7/site-packages/airflow/example_dags/example_branch_python_dop_operator_3.py
[2022-03-24 03:14:19,765] {processor.py:654} INFO - DAG(s) dict_keys(['example_branch_dop_operator_v3']) retrieved from /home/airflow/.local/lib/python3.7/site-packages/airflow/example_dags/example_branch_python_dop_operator_3.py
[2022-03-24 03:14:19,802] {logging_mixin.py:109} INFO - [2022-03-24 03:14:19,802] {dag.py:2398} INFO - Sync 1 DAGs
[2022-03-24 03:14:19,841] {logging_mixin.py:109} INFO - [2022-03-24 03:14:19,841] {dag.py:2937} INFO - Setting next_dagrun for example_branch_dop_operator_v3 to 2022-03-24T03:13:00+00:00
[2022-03-24 03:14:19,861] {processor.py:171} INFO - Processing /home/airflow/.local/lib/python3.7/site-packages/airflow/example_dags/example_branch_python_dop_operator_3.py took 0.259 seconds
[2022-03-24 03:14:49,930] {processor.py:163} INFO - Started process (PID=2696) to work on /home/airflow/.local/lib/python3.7/site-packages/airflow/example_dags/example_branch_python_dop_operator_3.py
[2022-03-24 03:14:49,936] {processor.py:642} INFO - Processing file /home/airflow/.local/lib/python3.7/site-packages/airflow/example_dags/example_branch_python_dop_operator_3.py for tasks to queue
[2022-03-24 03:14:49,938] {logging_mixin.py:109} INFO - [2022-03-24 03:14:49,938] {dagbag.py:500} INFO - Filling up the DagBag from /home/airflow/.local/lib/python3.7/site-packages/airflow/example_dags/example_branch_python_dop_operator_3.py
[2022-03-24 03:14:49,986] {processor.py:654} INFO - DAG(s) dict_keys(['example_branch_dop_operator_v3']) retrieved from /home/airflow/.local/lib/python3.7/site-packages/airflow/example_dags/example_branch_python_dop_operator_3.py
[2022-03-24 03:14:50,002] {logging_mixin.py:109} INFO - [2022-03-24 03:14:50,001] {dag.py:2398} INFO - Sync 1 DAGs
[2022-03-24 03:14:50,031] {logging_mixin.py:109} INFO - [2022-03-24 03:14:50,031] {dag.py:2937} INFO - Setting next_dagrun for example_branch_dop_operator_v3 to 2022-03-24T03:13:00+00:00
[2022-03-24 03:14:50,050] {processor.py:171} INFO - Processing /home/airflow/.local/lib/python3.7/site-packages/airflow/example_dags/example_branch_python_dop_operator_3.py took 0.125 seconds
[2022-03-24 03:15:20,249] {processor.py:163} INFO - Started process (PID=2753) to work on /home/airflow/.local/lib/python3.7/site-packages/airflow/example_dags/example_branch_python_dop_operator_3.py
[2022-03-24 03:15:20,255] {processor.py:642} INFO - Processing file /home/airflow/.local/lib/python3.7/site-packages/airflow/example_dags/example_branch_python_dop_operator_3.py for tasks to queue
[2022-03-24 03:15:20,257] {logging_mixin.py:109} INFO - [2022-03-24 03:15:20,256] {dagbag.py:500} INFO - Filling up the DagBag from /home/airflow/.local/lib/python3.7/site-packages/airflow/example_dags/example_branch_python_dop_operator_3.py
[2022-03-24 03:15:20,299] {processor.py:654} INFO - DAG(s) dict_keys(['example_branch_dop_operator_v3']) retrieved from /home/airflow/.local/lib/python3.7/site-packages/airflow/example_dags/example_branch_python_dop_operator_3.py
[2022-03-24 03:15:20,317] {logging_mixin.py:109} INFO - [2022-03-24 03:15:20,317] {dag.py:2398} INFO - Sync 1 DAGs
[2022-03-24 03:15:20,345] {logging_mixin.py:109} INFO - [2022-03-24 03:15:20,344] {dag.py:2937} INFO - Setting next_dagrun for example_branch_dop_operator_v3 to 2022-03-24T03:14:00+00:00
[2022-03-24 03:15:20,364] {processor.py:171} INFO - Processing /home/airflow/.local/lib/python3.7/site-packages/airflow/example_dags/example_branch_python_dop_operator_3.py took 0.119 seconds
[2022-03-24 03:15:50,866] {processor.py:163} INFO - Started process (PID=2801) to work on /home/airflow/.local/lib/python3.7/site-packages/airflow/example_dags/example_branch_python_dop_operator_3.py
[2022-03-24 03:15:50,870] {processor.py:642} INFO - Processing file /home/airflow/.local/lib/python3.7/site-packages/airflow/example_dags/example_branch_python_dop_operator_3.py for tasks to queue
[2022-03-24 03:15:50,871] {logging_mixin.py:109} INFO - [2022-03-24 03:15:50,871] {dagbag.py:500} INFO - Filling up the DagBag from /home/airflow/.local/lib/python3.7/site-packages/airflow/example_dags/example_branch_python_dop_operator_3.py
[2022-03-24 03:15:50,911] {processor.py:654} INFO - DAG(s) dict_keys(['example_branch_dop_operator_v3']) retrieved from /home/airflow/.local/lib/python3.7/site-packages/airflow/example_dags/example_branch_python_dop_operator_3.py
[2022-03-24 03:15:50,924] {logging_mixin.py:109} INFO - [2022-03-24 03:15:50,924] {dag.py:2398} INFO - Sync 1 DAGs
[2022-03-24 03:15:50,946] {logging_mixin.py:109} INFO - [2022-03-24 03:15:50,946] {dag.py:2937} INFO - Setting next_dagrun for example_branch_dop_operator_v3 to 2022-03-24T03:14:00+00:00
[2022-03-24 03:15:50,961] {processor.py:171} INFO - Processing /home/airflow/.local/lib/python3.7/site-packages/airflow/example_dags/example_branch_python_dop_operator_3.py took 0.098 seconds
[2022-03-24 03:16:21,312] {processor.py:163} INFO - Started process (PID=2850) to work on /home/airflow/.local/lib/python3.7/site-packages/airflow/example_dags/example_branch_python_dop_operator_3.py
[2022-03-24 03:16:21,315] {processor.py:642} INFO - Processing file /home/airflow/.local/lib/python3.7/site-packages/airflow/example_dags/example_branch_python_dop_operator_3.py for tasks to queue
[2022-03-24 03:16:21,317] {logging_mixin.py:109} INFO - [2022-03-24 03:16:21,317] {dagbag.py:500} INFO - Filling up the DagBag from /home/airflow/.local/lib/python3.7/site-packages/airflow/example_dags/example_branch_python_dop_operator_3.py
[2022-03-24 03:16:21,356] {processor.py:654} INFO - DAG(s) dict_keys(['example_branch_dop_operator_v3']) retrieved from /home/airflow/.local/lib/python3.7/site-packages/airflow/example_dags/example_branch_python_dop_operator_3.py
[2022-03-24 03:16:21,370] {logging_mixin.py:109} INFO - [2022-03-24 03:16:21,369] {dag.py:2398} INFO - Sync 1 DAGs
[2022-03-24 03:16:21,393] {logging_mixin.py:109} INFO - [2022-03-24 03:16:21,393] {dag.py:2937} INFO - Setting next_dagrun for example_branch_dop_operator_v3 to 2022-03-24T03:15:00+00:00
[2022-03-24 03:16:21,414] {processor.py:171} INFO - Processing /home/airflow/.local/lib/python3.7/site-packages/airflow/example_dags/example_branch_python_dop_operator_3.py took 0.106 seconds
[2022-03-24 03:16:51,747] {processor.py:163} INFO - Started process (PID=2902) to work on /home/airflow/.local/lib/python3.7/site-packages/airflow/example_dags/example_branch_python_dop_operator_3.py
[2022-03-24 03:16:51,753] {processor.py:642} INFO - Processing file /home/airflow/.local/lib/python3.7/site-packages/airflow/example_dags/example_branch_python_dop_operator_3.py for tasks to queue
[2022-03-24 03:16:51,755] {logging_mixin.py:109} INFO - [2022-03-24 03:16:51,755] {dagbag.py:500} INFO - Filling up the DagBag from /home/airflow/.local/lib/python3.7/site-packages/airflow/example_dags/example_branch_python_dop_operator_3.py
[2022-03-24 03:16:51,796] {processor.py:654} INFO - DAG(s) dict_keys(['example_branch_dop_operator_v3']) retrieved from /home/airflow/.local/lib/python3.7/site-packages/airflow/example_dags/example_branch_python_dop_operator_3.py
[2022-03-24 03:16:51,811] {logging_mixin.py:109} INFO - [2022-03-24 03:16:51,810] {dag.py:2398} INFO - Sync 1 DAGs
[2022-03-24 03:16:51,834] {logging_mixin.py:109} INFO - [2022-03-24 03:16:51,833] {dag.py:2937} INFO - Setting next_dagrun for example_branch_dop_operator_v3 to 2022-03-24T03:15:00+00:00
[2022-03-24 03:16:51,847] {processor.py:171} INFO - Processing /home/airflow/.local/lib/python3.7/site-packages/airflow/example_dags/example_branch_python_dop_operator_3.py took 0.104 seconds
[2022-03-24 03:17:22,408] {processor.py:163} INFO - Started process (PID=2960) to work on /home/airflow/.local/lib/python3.7/site-packages/airflow/example_dags/example_branch_python_dop_operator_3.py
[2022-03-24 03:17:22,420] {processor.py:642} INFO - Processing file /home/airflow/.local/lib/python3.7/site-packages/airflow/example_dags/example_branch_python_dop_operator_3.py for tasks to queue
[2022-03-24 03:17:22,422] {logging_mixin.py:109} INFO - [2022-03-24 03:17:22,422] {dagbag.py:500} INFO - Filling up the DagBag from /home/airflow/.local/lib/python3.7/site-packages/airflow/example_dags/example_branch_python_dop_operator_3.py
[2022-03-24 03:17:22,496] {processor.py:654} INFO - DAG(s) dict_keys(['example_branch_dop_operator_v3']) retrieved from /home/airflow/.local/lib/python3.7/site-packages/airflow/example_dags/example_branch_python_dop_operator_3.py
[2022-03-24 03:17:22,507] {logging_mixin.py:109} INFO - [2022-03-24 03:17:22,507] {dag.py:2398} INFO - Sync 1 DAGs
[2022-03-24 03:17:22,529] {logging_mixin.py:109} INFO - [2022-03-24 03:17:22,529] {dag.py:2937} INFO - Setting next_dagrun for example_branch_dop_operator_v3 to 2022-03-24T03:16:00+00:00
[2022-03-24 03:17:22,540] {processor.py:171} INFO - Processing /home/airflow/.local/lib/python3.7/site-packages/airflow/example_dags/example_branch_python_dop_operator_3.py took 0.136 seconds
[2022-03-24 03:17:52,809] {processor.py:163} INFO - Started process (PID=3015) to work on /home/airflow/.local/lib/python3.7/site-packages/airflow/example_dags/example_branch_python_dop_operator_3.py
[2022-03-24 03:17:52,815] {processor.py:642} INFO - Processing file /home/airflow/.local/lib/python3.7/site-packages/airflow/example_dags/example_branch_python_dop_operator_3.py for tasks to queue
[2022-03-24 03:17:52,827] {logging_mixin.py:109} INFO - [2022-03-24 03:17:52,826] {dagbag.py:500} INFO - Filling up the DagBag from /home/airflow/.local/lib/python3.7/site-packages/airflow/example_dags/example_branch_python_dop_operator_3.py
[2022-03-24 03:17:52,982] {processor.py:654} INFO - DAG(s) dict_keys(['example_branch_dop_operator_v3']) retrieved from /home/airflow/.local/lib/python3.7/site-packages/airflow/example_dags/example_branch_python_dop_operator_3.py
[2022-03-24 03:17:53,024] {logging_mixin.py:109} INFO - [2022-03-24 03:17:53,024] {dag.py:2398} INFO - Sync 1 DAGs
[2022-03-24 03:17:53,098] {logging_mixin.py:109} INFO - [2022-03-24 03:17:53,098] {dag.py:2937} INFO - Setting next_dagrun for example_branch_dop_operator_v3 to 2022-03-24T03:16:00+00:00
[2022-03-24 03:17:53,138] {processor.py:171} INFO - Processing /home/airflow/.local/lib/python3.7/site-packages/airflow/example_dags/example_branch_python_dop_operator_3.py took 0.365 seconds
[2022-03-24 03:18:23,893] {processor.py:163} INFO - Started process (PID=3067) to work on /home/airflow/.local/lib/python3.7/site-packages/airflow/example_dags/example_branch_python_dop_operator_3.py
[2022-03-24 03:18:23,900] {processor.py:642} INFO - Processing file /home/airflow/.local/lib/python3.7/site-packages/airflow/example_dags/example_branch_python_dop_operator_3.py for tasks to queue
[2022-03-24 03:18:23,904] {logging_mixin.py:109} INFO - [2022-03-24 03:18:23,904] {dagbag.py:500} INFO - Filling up the DagBag from /home/airflow/.local/lib/python3.7/site-packages/airflow/example_dags/example_branch_python_dop_operator_3.py
[2022-03-24 03:18:23,985] {processor.py:654} INFO - DAG(s) dict_keys(['example_branch_dop_operator_v3']) retrieved from /home/airflow/.local/lib/python3.7/site-packages/airflow/example_dags/example_branch_python_dop_operator_3.py
[2022-03-24 03:18:24,019] {logging_mixin.py:109} INFO - [2022-03-24 03:18:24,019] {dag.py:2398} INFO - Sync 1 DAGs
[2022-03-24 03:18:24,067] {logging_mixin.py:109} INFO - [2022-03-24 03:18:24,067] {dag.py:2937} INFO - Setting next_dagrun for example_branch_dop_operator_v3 to 2022-03-24T03:17:00+00:00
[2022-03-24 03:18:24,097] {processor.py:171} INFO - Processing /home/airflow/.local/lib/python3.7/site-packages/airflow/example_dags/example_branch_python_dop_operator_3.py took 0.219 seconds
[2022-03-24 03:18:55,079] {processor.py:163} INFO - Started process (PID=3118) to work on /home/airflow/.local/lib/python3.7/site-packages/airflow/example_dags/example_branch_python_dop_operator_3.py
[2022-03-24 03:18:55,081] {processor.py:642} INFO - Processing file /home/airflow/.local/lib/python3.7/site-packages/airflow/example_dags/example_branch_python_dop_operator_3.py for tasks to queue
[2022-03-24 03:18:55,083] {logging_mixin.py:109} INFO - [2022-03-24 03:18:55,083] {dagbag.py:500} INFO - Filling up the DagBag from /home/airflow/.local/lib/python3.7/site-packages/airflow/example_dags/example_branch_python_dop_operator_3.py
[2022-03-24 03:18:55,122] {processor.py:654} INFO - DAG(s) dict_keys(['example_branch_dop_operator_v3']) retrieved from /home/airflow/.local/lib/python3.7/site-packages/airflow/example_dags/example_branch_python_dop_operator_3.py
[2022-03-24 03:18:55,133] {logging_mixin.py:109} INFO - [2022-03-24 03:18:55,133] {dag.py:2398} INFO - Sync 1 DAGs
[2022-03-24 03:18:55,155] {logging_mixin.py:109} INFO - [2022-03-24 03:18:55,155] {dag.py:2937} INFO - Setting next_dagrun for example_branch_dop_operator_v3 to 2022-03-24T03:17:00+00:00
[2022-03-24 03:18:55,169] {processor.py:171} INFO - Processing /home/airflow/.local/lib/python3.7/site-packages/airflow/example_dags/example_branch_python_dop_operator_3.py took 0.098 seconds
[2022-03-24 03:19:25,686] {processor.py:163} INFO - Started process (PID=3172) to work on /home/airflow/.local/lib/python3.7/site-packages/airflow/example_dags/example_branch_python_dop_operator_3.py
[2022-03-24 03:19:25,688] {processor.py:642} INFO - Processing file /home/airflow/.local/lib/python3.7/site-packages/airflow/example_dags/example_branch_python_dop_operator_3.py for tasks to queue
[2022-03-24 03:19:25,691] {logging_mixin.py:109} INFO - [2022-03-24 03:19:25,690] {dagbag.py:500} INFO - Filling up the DagBag from /home/airflow/.local/lib/python3.7/site-packages/airflow/example_dags/example_branch_python_dop_operator_3.py
[2022-03-24 03:19:25,750] {processor.py:654} INFO - DAG(s) dict_keys(['example_branch_dop_operator_v3']) retrieved from /home/airflow/.local/lib/python3.7/site-packages/airflow/example_dags/example_branch_python_dop_operator_3.py
[2022-03-24 03:19:25,772] {logging_mixin.py:109} INFO - [2022-03-24 03:19:25,772] {dag.py:2398} INFO - Sync 1 DAGs
[2022-03-24 03:19:25,802] {logging_mixin.py:109} INFO - [2022-03-24 03:19:25,801] {dag.py:2937} INFO - Setting next_dagrun for example_branch_dop_operator_v3 to 2022-03-24T03:18:00+00:00
[2022-03-24 03:19:25,823] {processor.py:171} INFO - Processing /home/airflow/.local/lib/python3.7/site-packages/airflow/example_dags/example_branch_python_dop_operator_3.py took 0.141 seconds
[2022-03-24 03:19:56,714] {processor.py:163} INFO - Started process (PID=3229) to work on /home/airflow/.local/lib/python3.7/site-packages/airflow/example_dags/example_branch_python_dop_operator_3.py
[2022-03-24 03:19:56,721] {processor.py:642} INFO - Processing file /home/airflow/.local/lib/python3.7/site-packages/airflow/example_dags/example_branch_python_dop_operator_3.py for tasks to queue
[2022-03-24 03:19:56,725] {logging_mixin.py:109} INFO - [2022-03-24 03:19:56,725] {dagbag.py:500} INFO - Filling up the DagBag from /home/airflow/.local/lib/python3.7/site-packages/airflow/example_dags/example_branch_python_dop_operator_3.py
[2022-03-24 03:19:56,841] {processor.py:654} INFO - DAG(s) dict_keys(['example_branch_dop_operator_v3']) retrieved from /home/airflow/.local/lib/python3.7/site-packages/airflow/example_dags/example_branch_python_dop_operator_3.py
[2022-03-24 03:19:56,874] {logging_mixin.py:109} INFO - [2022-03-24 03:19:56,874] {dag.py:2398} INFO - Sync 1 DAGs
[2022-03-24 03:19:56,923] {logging_mixin.py:109} INFO - [2022-03-24 03:19:56,922] {dag.py:2937} INFO - Setting next_dagrun for example_branch_dop_operator_v3 to 2022-03-24T03:18:00+00:00
[2022-03-24 03:19:56,948] {processor.py:171} INFO - Processing /home/airflow/.local/lib/python3.7/site-packages/airflow/example_dags/example_branch_python_dop_operator_3.py took 0.242 seconds
[2022-03-24 03:20:27,219] {processor.py:163} INFO - Started process (PID=3279) to work on /home/airflow/.local/lib/python3.7/site-packages/airflow/example_dags/example_branch_python_dop_operator_3.py
[2022-03-24 03:20:27,231] {processor.py:642} INFO - Processing file /home/airflow/.local/lib/python3.7/site-packages/airflow/example_dags/example_branch_python_dop_operator_3.py for tasks to queue
[2022-03-24 03:20:27,234] {logging_mixin.py:109} INFO - [2022-03-24 03:20:27,233] {dagbag.py:500} INFO - Filling up the DagBag from /home/airflow/.local/lib/python3.7/site-packages/airflow/example_dags/example_branch_python_dop_operator_3.py
[2022-03-24 03:20:27,275] {processor.py:654} INFO - DAG(s) dict_keys(['example_branch_dop_operator_v3']) retrieved from /home/airflow/.local/lib/python3.7/site-packages/airflow/example_dags/example_branch_python_dop_operator_3.py
[2022-03-24 03:20:27,292] {logging_mixin.py:109} INFO - [2022-03-24 03:20:27,292] {dag.py:2398} INFO - Sync 1 DAGs
[2022-03-24 03:20:27,317] {logging_mixin.py:109} INFO - [2022-03-24 03:20:27,317] {dag.py:2937} INFO - Setting next_dagrun for example_branch_dop_operator_v3 to 2022-03-24T03:19:00+00:00
[2022-03-24 03:20:27,328] {processor.py:171} INFO - Processing /home/airflow/.local/lib/python3.7/site-packages/airflow/example_dags/example_branch_python_dop_operator_3.py took 0.113 seconds
