[2022-03-24 02:50:37,887] {processor.py:163} INFO - Started process (PID=270) to work on /home/airflow/.local/lib/python3.7/site-packages/airflow/example_dags/example_task_group_decorator.py
[2022-03-24 02:50:37,897] {processor.py:642} INFO - Processing file /home/airflow/.local/lib/python3.7/site-packages/airflow/example_dags/example_task_group_decorator.py for tasks to queue
[2022-03-24 02:50:37,901] {logging_mixin.py:109} INFO - [2022-03-24 02:50:37,901] {dagbag.py:500} INFO - Filling up the DagBag from /home/airflow/.local/lib/python3.7/site-packages/airflow/example_dags/example_task_group_decorator.py
[2022-03-24 02:50:38,128] {processor.py:654} INFO - DAG(s) dict_keys(['example_task_group_decorator']) retrieved from /home/airflow/.local/lib/python3.7/site-packages/airflow/example_dags/example_task_group_decorator.py
[2022-03-24 02:50:42,511] {logging_mixin.py:109} INFO - [2022-03-24 02:50:42,511] {manager.py:496} INFO - Created Permission View: can edit on DAG:example_task_group_decorator
[2022-03-24 02:50:42,531] {logging_mixin.py:109} INFO - [2022-03-24 02:50:42,531] {manager.py:496} INFO - Created Permission View: can read on DAG:example_task_group_decorator
[2022-03-24 02:50:42,533] {logging_mixin.py:109} INFO - [2022-03-24 02:50:42,532] {dag.py:2398} INFO - Sync 1 DAGs
[2022-03-24 02:50:42,549] {logging_mixin.py:109} INFO - [2022-03-24 02:50:42,548] {dag.py:2417} INFO - Creating ORM DAG for example_task_group_decorator
[2022-03-24 02:50:42,565] {logging_mixin.py:109} INFO - [2022-03-24 02:50:42,564] {dag.py:2937} INFO - Setting next_dagrun for example_task_group_decorator to 2022-03-23T02:50:42.564503+00:00
[2022-03-24 02:50:42,593] {processor.py:171} INFO - Processing /home/airflow/.local/lib/python3.7/site-packages/airflow/example_dags/example_task_group_decorator.py took 4.719 seconds
[2022-03-24 02:51:12,911] {processor.py:163} INFO - Started process (PID=329) to work on /home/airflow/.local/lib/python3.7/site-packages/airflow/example_dags/example_task_group_decorator.py
[2022-03-24 02:51:12,920] {processor.py:642} INFO - Processing file /home/airflow/.local/lib/python3.7/site-packages/airflow/example_dags/example_task_group_decorator.py for tasks to queue
[2022-03-24 02:51:12,924] {logging_mixin.py:109} INFO - [2022-03-24 02:51:12,924] {dagbag.py:500} INFO - Filling up the DagBag from /home/airflow/.local/lib/python3.7/site-packages/airflow/example_dags/example_task_group_decorator.py
[2022-03-24 02:51:13,084] {processor.py:654} INFO - DAG(s) dict_keys(['example_task_group_decorator']) retrieved from /home/airflow/.local/lib/python3.7/site-packages/airflow/example_dags/example_task_group_decorator.py
[2022-03-24 02:51:13,525] {logging_mixin.py:109} INFO - [2022-03-24 02:51:13,524] {dag.py:2398} INFO - Sync 1 DAGs
[2022-03-24 02:51:13,580] {logging_mixin.py:109} INFO - [2022-03-24 02:51:13,580] {dag.py:2937} INFO - Setting next_dagrun for example_task_group_decorator to 2022-03-23T02:51:13.580220+00:00
[2022-03-24 02:51:13,623] {processor.py:171} INFO - Processing /home/airflow/.local/lib/python3.7/site-packages/airflow/example_dags/example_task_group_decorator.py took 0.716 seconds
[2022-03-24 02:51:44,499] {processor.py:163} INFO - Started process (PID=382) to work on /home/airflow/.local/lib/python3.7/site-packages/airflow/example_dags/example_task_group_decorator.py
[2022-03-24 02:51:44,502] {processor.py:642} INFO - Processing file /home/airflow/.local/lib/python3.7/site-packages/airflow/example_dags/example_task_group_decorator.py for tasks to queue
[2022-03-24 02:51:44,503] {logging_mixin.py:109} INFO - [2022-03-24 02:51:44,503] {dagbag.py:500} INFO - Filling up the DagBag from /home/airflow/.local/lib/python3.7/site-packages/airflow/example_dags/example_task_group_decorator.py
[2022-03-24 02:51:44,595] {processor.py:654} INFO - DAG(s) dict_keys(['example_task_group_decorator']) retrieved from /home/airflow/.local/lib/python3.7/site-packages/airflow/example_dags/example_task_group_decorator.py
[2022-03-24 02:51:44,937] {logging_mixin.py:109} INFO - [2022-03-24 02:51:44,937] {dag.py:2398} INFO - Sync 1 DAGs
[2022-03-24 02:51:44,953] {logging_mixin.py:109} INFO - [2022-03-24 02:51:44,952] {dag.py:2937} INFO - Setting next_dagrun for example_task_group_decorator to 2022-03-23T02:51:44.952585+00:00
[2022-03-24 02:51:44,968] {processor.py:171} INFO - Processing /home/airflow/.local/lib/python3.7/site-packages/airflow/example_dags/example_task_group_decorator.py took 0.474 seconds
[2022-03-24 02:52:15,787] {processor.py:163} INFO - Started process (PID=434) to work on /home/airflow/.local/lib/python3.7/site-packages/airflow/example_dags/example_task_group_decorator.py
[2022-03-24 02:52:15,800] {processor.py:642} INFO - Processing file /home/airflow/.local/lib/python3.7/site-packages/airflow/example_dags/example_task_group_decorator.py for tasks to queue
[2022-03-24 02:52:15,801] {logging_mixin.py:109} INFO - [2022-03-24 02:52:15,801] {dagbag.py:500} INFO - Filling up the DagBag from /home/airflow/.local/lib/python3.7/site-packages/airflow/example_dags/example_task_group_decorator.py
[2022-03-24 02:52:16,000] {processor.py:654} INFO - DAG(s) dict_keys(['example_task_group_decorator']) retrieved from /home/airflow/.local/lib/python3.7/site-packages/airflow/example_dags/example_task_group_decorator.py
[2022-03-24 02:52:16,373] {logging_mixin.py:109} INFO - [2022-03-24 02:52:16,373] {dag.py:2398} INFO - Sync 1 DAGs
[2022-03-24 02:52:16,389] {logging_mixin.py:109} INFO - [2022-03-24 02:52:16,389] {dag.py:2937} INFO - Setting next_dagrun for example_task_group_decorator to 2022-03-23T02:52:16.388929+00:00
[2022-03-24 02:52:16,404] {processor.py:171} INFO - Processing /home/airflow/.local/lib/python3.7/site-packages/airflow/example_dags/example_task_group_decorator.py took 0.621 seconds
[2022-03-24 02:52:47,612] {processor.py:163} INFO - Started process (PID=487) to work on /home/airflow/.local/lib/python3.7/site-packages/airflow/example_dags/example_task_group_decorator.py
[2022-03-24 02:52:47,617] {processor.py:642} INFO - Processing file /home/airflow/.local/lib/python3.7/site-packages/airflow/example_dags/example_task_group_decorator.py for tasks to queue
[2022-03-24 02:52:47,620] {logging_mixin.py:109} INFO - [2022-03-24 02:52:47,620] {dagbag.py:500} INFO - Filling up the DagBag from /home/airflow/.local/lib/python3.7/site-packages/airflow/example_dags/example_task_group_decorator.py
[2022-03-24 02:52:47,705] {processor.py:654} INFO - DAG(s) dict_keys(['example_task_group_decorator']) retrieved from /home/airflow/.local/lib/python3.7/site-packages/airflow/example_dags/example_task_group_decorator.py
[2022-03-24 02:52:48,017] {logging_mixin.py:109} INFO - [2022-03-24 02:52:48,017] {dag.py:2398} INFO - Sync 1 DAGs
[2022-03-24 02:52:48,038] {logging_mixin.py:109} INFO - [2022-03-24 02:52:48,038] {dag.py:2937} INFO - Setting next_dagrun for example_task_group_decorator to 2022-03-23T02:52:48.038467+00:00
[2022-03-24 02:52:48,074] {processor.py:171} INFO - Processing /home/airflow/.local/lib/python3.7/site-packages/airflow/example_dags/example_task_group_decorator.py took 0.510 seconds
[2022-03-24 02:53:18,242] {processor.py:163} INFO - Started process (PID=544) to work on /home/airflow/.local/lib/python3.7/site-packages/airflow/example_dags/example_task_group_decorator.py
[2022-03-24 02:53:18,246] {processor.py:642} INFO - Processing file /home/airflow/.local/lib/python3.7/site-packages/airflow/example_dags/example_task_group_decorator.py for tasks to queue
[2022-03-24 02:53:18,249] {logging_mixin.py:109} INFO - [2022-03-24 02:53:18,249] {dagbag.py:500} INFO - Filling up the DagBag from /home/airflow/.local/lib/python3.7/site-packages/airflow/example_dags/example_task_group_decorator.py
[2022-03-24 02:53:18,339] {processor.py:654} INFO - DAG(s) dict_keys(['example_task_group_decorator']) retrieved from /home/airflow/.local/lib/python3.7/site-packages/airflow/example_dags/example_task_group_decorator.py
[2022-03-24 02:53:18,922] {logging_mixin.py:109} INFO - [2022-03-24 02:53:18,922] {dag.py:2398} INFO - Sync 1 DAGs
[2022-03-24 02:53:18,949] {logging_mixin.py:109} INFO - [2022-03-24 02:53:18,949] {dag.py:2937} INFO - Setting next_dagrun for example_task_group_decorator to 2022-03-23T02:53:18.949354+00:00
[2022-03-24 02:53:18,980] {processor.py:171} INFO - Processing /home/airflow/.local/lib/python3.7/site-packages/airflow/example_dags/example_task_group_decorator.py took 0.750 seconds
[2022-03-24 02:53:49,408] {processor.py:163} INFO - Started process (PID=595) to work on /home/airflow/.local/lib/python3.7/site-packages/airflow/example_dags/example_task_group_decorator.py
[2022-03-24 02:53:49,445] {processor.py:642} INFO - Processing file /home/airflow/.local/lib/python3.7/site-packages/airflow/example_dags/example_task_group_decorator.py for tasks to queue
[2022-03-24 02:53:49,450] {logging_mixin.py:109} INFO - [2022-03-24 02:53:49,449] {dagbag.py:500} INFO - Filling up the DagBag from /home/airflow/.local/lib/python3.7/site-packages/airflow/example_dags/example_task_group_decorator.py
[2022-03-24 02:53:49,549] {processor.py:654} INFO - DAG(s) dict_keys(['example_task_group_decorator']) retrieved from /home/airflow/.local/lib/python3.7/site-packages/airflow/example_dags/example_task_group_decorator.py
[2022-03-24 02:53:49,779] {logging_mixin.py:109} INFO - [2022-03-24 02:53:49,779] {dag.py:2398} INFO - Sync 1 DAGs
[2022-03-24 02:53:49,793] {logging_mixin.py:109} INFO - [2022-03-24 02:53:49,793] {dag.py:2937} INFO - Setting next_dagrun for example_task_group_decorator to 2022-03-23T02:53:49.793135+00:00
[2022-03-24 02:53:49,806] {processor.py:171} INFO - Processing /home/airflow/.local/lib/python3.7/site-packages/airflow/example_dags/example_task_group_decorator.py took 0.402 seconds
[2022-03-24 02:54:19,944] {processor.py:163} INFO - Started process (PID=646) to work on /home/airflow/.local/lib/python3.7/site-packages/airflow/example_dags/example_task_group_decorator.py
[2022-03-24 02:54:19,948] {processor.py:642} INFO - Processing file /home/airflow/.local/lib/python3.7/site-packages/airflow/example_dags/example_task_group_decorator.py for tasks to queue
[2022-03-24 02:54:19,951] {logging_mixin.py:109} INFO - [2022-03-24 02:54:19,951] {dagbag.py:500} INFO - Filling up the DagBag from /home/airflow/.local/lib/python3.7/site-packages/airflow/example_dags/example_task_group_decorator.py
[2022-03-24 02:54:20,037] {processor.py:654} INFO - DAG(s) dict_keys(['example_task_group_decorator']) retrieved from /home/airflow/.local/lib/python3.7/site-packages/airflow/example_dags/example_task_group_decorator.py
[2022-03-24 02:54:20,260] {logging_mixin.py:109} INFO - [2022-03-24 02:54:20,260] {dag.py:2398} INFO - Sync 1 DAGs
[2022-03-24 02:54:20,275] {logging_mixin.py:109} INFO - [2022-03-24 02:54:20,275] {dag.py:2937} INFO - Setting next_dagrun for example_task_group_decorator to 2022-03-23T02:54:20.274966+00:00
[2022-03-24 02:54:20,291] {processor.py:171} INFO - Processing /home/airflow/.local/lib/python3.7/site-packages/airflow/example_dags/example_task_group_decorator.py took 0.354 seconds
[2022-03-24 02:54:50,913] {processor.py:163} INFO - Started process (PID=694) to work on /home/airflow/.local/lib/python3.7/site-packages/airflow/example_dags/example_task_group_decorator.py
[2022-03-24 02:54:50,926] {processor.py:642} INFO - Processing file /home/airflow/.local/lib/python3.7/site-packages/airflow/example_dags/example_task_group_decorator.py for tasks to queue
[2022-03-24 02:54:50,935] {logging_mixin.py:109} INFO - [2022-03-24 02:54:50,935] {dagbag.py:500} INFO - Filling up the DagBag from /home/airflow/.local/lib/python3.7/site-packages/airflow/example_dags/example_task_group_decorator.py
[2022-03-24 02:54:51,130] {processor.py:654} INFO - DAG(s) dict_keys(['example_task_group_decorator']) retrieved from /home/airflow/.local/lib/python3.7/site-packages/airflow/example_dags/example_task_group_decorator.py
[2022-03-24 02:54:51,577] {logging_mixin.py:109} INFO - [2022-03-24 02:54:51,577] {dag.py:2398} INFO - Sync 1 DAGs
[2022-03-24 02:54:51,607] {logging_mixin.py:109} INFO - [2022-03-24 02:54:51,606] {dag.py:2937} INFO - Setting next_dagrun for example_task_group_decorator to 2022-03-23T02:54:51.606307+00:00
[2022-03-24 02:54:51,629] {processor.py:171} INFO - Processing /home/airflow/.local/lib/python3.7/site-packages/airflow/example_dags/example_task_group_decorator.py took 0.720 seconds
[2022-03-24 02:55:22,422] {processor.py:163} INFO - Started process (PID=749) to work on /home/airflow/.local/lib/python3.7/site-packages/airflow/example_dags/example_task_group_decorator.py
[2022-03-24 02:55:22,465] {processor.py:642} INFO - Processing file /home/airflow/.local/lib/python3.7/site-packages/airflow/example_dags/example_task_group_decorator.py for tasks to queue
[2022-03-24 02:55:22,470] {logging_mixin.py:109} INFO - [2022-03-24 02:55:22,470] {dagbag.py:500} INFO - Filling up the DagBag from /home/airflow/.local/lib/python3.7/site-packages/airflow/example_dags/example_task_group_decorator.py
[2022-03-24 02:55:22,637] {processor.py:654} INFO - DAG(s) dict_keys(['example_task_group_decorator']) retrieved from /home/airflow/.local/lib/python3.7/site-packages/airflow/example_dags/example_task_group_decorator.py
[2022-03-24 02:55:24,262] {logging_mixin.py:109} INFO - [2022-03-24 02:55:24,261] {dag.py:2398} INFO - Sync 1 DAGs
[2022-03-24 02:55:24,372] {logging_mixin.py:109} INFO - [2022-03-24 02:55:24,372] {dag.py:2937} INFO - Setting next_dagrun for example_task_group_decorator to 2022-03-23T02:55:24.367003+00:00
[2022-03-24 02:55:24,445] {processor.py:171} INFO - Processing /home/airflow/.local/lib/python3.7/site-packages/airflow/example_dags/example_task_group_decorator.py took 2.042 seconds
[2022-03-24 02:55:55,603] {processor.py:163} INFO - Started process (PID=801) to work on /home/airflow/.local/lib/python3.7/site-packages/airflow/example_dags/example_task_group_decorator.py
[2022-03-24 02:55:55,605] {processor.py:642} INFO - Processing file /home/airflow/.local/lib/python3.7/site-packages/airflow/example_dags/example_task_group_decorator.py for tasks to queue
[2022-03-24 02:55:55,617] {logging_mixin.py:109} INFO - [2022-03-24 02:55:55,617] {dagbag.py:500} INFO - Filling up the DagBag from /home/airflow/.local/lib/python3.7/site-packages/airflow/example_dags/example_task_group_decorator.py
[2022-03-24 02:55:55,931] {processor.py:654} INFO - DAG(s) dict_keys(['example_task_group_decorator']) retrieved from /home/airflow/.local/lib/python3.7/site-packages/airflow/example_dags/example_task_group_decorator.py
[2022-03-24 02:55:57,141] {logging_mixin.py:109} INFO - [2022-03-24 02:55:57,141] {dag.py:2398} INFO - Sync 1 DAGs
[2022-03-24 02:55:57,204] {logging_mixin.py:109} INFO - [2022-03-24 02:55:57,204] {dag.py:2937} INFO - Setting next_dagrun for example_task_group_decorator to 2022-03-23T02:55:57.196168+00:00
[2022-03-24 02:55:57,262] {processor.py:171} INFO - Processing /home/airflow/.local/lib/python3.7/site-packages/airflow/example_dags/example_task_group_decorator.py took 1.670 seconds
[2022-03-24 02:56:39,088] {processor.py:163} INFO - Started process (PID=853) to work on /home/airflow/.local/lib/python3.7/site-packages/airflow/example_dags/example_task_group_decorator.py
[2022-03-24 02:56:39,122] {processor.py:642} INFO - Processing file /home/airflow/.local/lib/python3.7/site-packages/airflow/example_dags/example_task_group_decorator.py for tasks to queue
[2022-03-24 02:56:39,126] {logging_mixin.py:109} INFO - [2022-03-24 02:56:39,125] {dagbag.py:500} INFO - Filling up the DagBag from /home/airflow/.local/lib/python3.7/site-packages/airflow/example_dags/example_task_group_decorator.py
[2022-03-24 02:56:39,484] {processor.py:654} INFO - DAG(s) dict_keys(['example_task_group_decorator']) retrieved from /home/airflow/.local/lib/python3.7/site-packages/airflow/example_dags/example_task_group_decorator.py
[2022-03-24 02:56:40,960] {logging_mixin.py:109} INFO - [2022-03-24 02:56:40,959] {dag.py:2398} INFO - Sync 1 DAGs
[2022-03-24 02:56:41,051] {logging_mixin.py:109} INFO - [2022-03-24 02:56:41,051] {dag.py:2937} INFO - Setting next_dagrun for example_task_group_decorator to 2022-03-23T02:56:41.050681+00:00
[2022-03-24 02:56:41,099] {processor.py:171} INFO - Processing /home/airflow/.local/lib/python3.7/site-packages/airflow/example_dags/example_task_group_decorator.py took 2.073 seconds
[2022-03-24 02:57:11,865] {processor.py:163} INFO - Started process (PID=906) to work on /home/airflow/.local/lib/python3.7/site-packages/airflow/example_dags/example_task_group_decorator.py
[2022-03-24 02:57:11,875] {processor.py:642} INFO - Processing file /home/airflow/.local/lib/python3.7/site-packages/airflow/example_dags/example_task_group_decorator.py for tasks to queue
[2022-03-24 02:57:11,880] {logging_mixin.py:109} INFO - [2022-03-24 02:57:11,880] {dagbag.py:500} INFO - Filling up the DagBag from /home/airflow/.local/lib/python3.7/site-packages/airflow/example_dags/example_task_group_decorator.py
[2022-03-24 02:57:12,120] {processor.py:654} INFO - DAG(s) dict_keys(['example_task_group_decorator']) retrieved from /home/airflow/.local/lib/python3.7/site-packages/airflow/example_dags/example_task_group_decorator.py
[2022-03-24 02:57:12,782] {logging_mixin.py:109} INFO - [2022-03-24 02:57:12,782] {dag.py:2398} INFO - Sync 1 DAGs
[2022-03-24 02:57:12,951] {logging_mixin.py:109} INFO - [2022-03-24 02:57:12,951] {dag.py:2937} INFO - Setting next_dagrun for example_task_group_decorator to 2022-03-23T02:57:12.951088+00:00
[2022-03-24 02:57:12,988] {processor.py:171} INFO - Processing /home/airflow/.local/lib/python3.7/site-packages/airflow/example_dags/example_task_group_decorator.py took 1.135 seconds
[2022-03-24 02:57:43,645] {processor.py:163} INFO - Started process (PID=967) to work on /home/airflow/.local/lib/python3.7/site-packages/airflow/example_dags/example_task_group_decorator.py
[2022-03-24 02:57:43,652] {processor.py:642} INFO - Processing file /home/airflow/.local/lib/python3.7/site-packages/airflow/example_dags/example_task_group_decorator.py for tasks to queue
[2022-03-24 02:57:43,655] {logging_mixin.py:109} INFO - [2022-03-24 02:57:43,655] {dagbag.py:500} INFO - Filling up the DagBag from /home/airflow/.local/lib/python3.7/site-packages/airflow/example_dags/example_task_group_decorator.py
[2022-03-24 02:57:43,747] {processor.py:654} INFO - DAG(s) dict_keys(['example_task_group_decorator']) retrieved from /home/airflow/.local/lib/python3.7/site-packages/airflow/example_dags/example_task_group_decorator.py
[2022-03-24 02:57:44,101] {logging_mixin.py:109} INFO - [2022-03-24 02:57:44,101] {dag.py:2398} INFO - Sync 1 DAGs
[2022-03-24 02:57:44,139] {logging_mixin.py:109} INFO - [2022-03-24 02:57:44,139] {dag.py:2937} INFO - Setting next_dagrun for example_task_group_decorator to 2022-03-23T02:57:44.137484+00:00
[2022-03-24 02:57:44,162] {processor.py:171} INFO - Processing /home/airflow/.local/lib/python3.7/site-packages/airflow/example_dags/example_task_group_decorator.py took 0.532 seconds
[2022-03-24 02:58:15,161] {processor.py:163} INFO - Started process (PID=1019) to work on /home/airflow/.local/lib/python3.7/site-packages/airflow/example_dags/example_task_group_decorator.py
[2022-03-24 02:58:15,164] {processor.py:642} INFO - Processing file /home/airflow/.local/lib/python3.7/site-packages/airflow/example_dags/example_task_group_decorator.py for tasks to queue
[2022-03-24 02:58:15,167] {logging_mixin.py:109} INFO - [2022-03-24 02:58:15,166] {dagbag.py:500} INFO - Filling up the DagBag from /home/airflow/.local/lib/python3.7/site-packages/airflow/example_dags/example_task_group_decorator.py
[2022-03-24 02:58:15,238] {processor.py:654} INFO - DAG(s) dict_keys(['example_task_group_decorator']) retrieved from /home/airflow/.local/lib/python3.7/site-packages/airflow/example_dags/example_task_group_decorator.py
[2022-03-24 02:58:15,517] {logging_mixin.py:109} INFO - [2022-03-24 02:58:15,517] {dag.py:2398} INFO - Sync 1 DAGs
[2022-03-24 02:58:15,550] {logging_mixin.py:109} INFO - [2022-03-24 02:58:15,550] {dag.py:2937} INFO - Setting next_dagrun for example_task_group_decorator to 2022-03-23T02:58:15.549772+00:00
[2022-03-24 02:58:15,590] {processor.py:171} INFO - Processing /home/airflow/.local/lib/python3.7/site-packages/airflow/example_dags/example_task_group_decorator.py took 0.437 seconds
[2022-03-24 02:58:45,968] {processor.py:163} INFO - Started process (PID=1071) to work on /home/airflow/.local/lib/python3.7/site-packages/airflow/example_dags/example_task_group_decorator.py
[2022-03-24 02:58:46,097] {processor.py:642} INFO - Processing file /home/airflow/.local/lib/python3.7/site-packages/airflow/example_dags/example_task_group_decorator.py for tasks to queue
[2022-03-24 02:58:46,149] {logging_mixin.py:109} INFO - [2022-03-24 02:58:46,149] {dagbag.py:500} INFO - Filling up the DagBag from /home/airflow/.local/lib/python3.7/site-packages/airflow/example_dags/example_task_group_decorator.py
[2022-03-24 02:58:46,211] {processor.py:654} INFO - DAG(s) dict_keys(['example_task_group_decorator']) retrieved from /home/airflow/.local/lib/python3.7/site-packages/airflow/example_dags/example_task_group_decorator.py
[2022-03-24 02:58:46,538] {logging_mixin.py:109} INFO - [2022-03-24 02:58:46,538] {dag.py:2398} INFO - Sync 1 DAGs
[2022-03-24 02:58:46,591] {logging_mixin.py:109} INFO - [2022-03-24 02:58:46,591] {dag.py:2937} INFO - Setting next_dagrun for example_task_group_decorator to 2022-03-23T02:58:46.590986+00:00
[2022-03-24 02:58:47,020] {processor.py:171} INFO - Processing /home/airflow/.local/lib/python3.7/site-packages/airflow/example_dags/example_task_group_decorator.py took 1.062 seconds
[2022-03-24 02:59:18,111] {processor.py:163} INFO - Started process (PID=1123) to work on /home/airflow/.local/lib/python3.7/site-packages/airflow/example_dags/example_task_group_decorator.py
[2022-03-24 02:59:18,998] {processor.py:642} INFO - Processing file /home/airflow/.local/lib/python3.7/site-packages/airflow/example_dags/example_task_group_decorator.py for tasks to queue
[2022-03-24 02:59:19,000] {logging_mixin.py:109} INFO - [2022-03-24 02:59:19,000] {dagbag.py:500} INFO - Filling up the DagBag from /home/airflow/.local/lib/python3.7/site-packages/airflow/example_dags/example_task_group_decorator.py
[2022-03-24 02:59:19,069] {processor.py:654} INFO - DAG(s) dict_keys(['example_task_group_decorator']) retrieved from /home/airflow/.local/lib/python3.7/site-packages/airflow/example_dags/example_task_group_decorator.py
[2022-03-24 02:59:19,975] {logging_mixin.py:109} INFO - [2022-03-24 02:59:19,975] {dag.py:2398} INFO - Sync 1 DAGs
[2022-03-24 02:59:20,369] {logging_mixin.py:109} INFO - [2022-03-24 02:59:20,369] {dag.py:2937} INFO - Setting next_dagrun for example_task_group_decorator to 2022-03-23T02:59:20.369343+00:00
[2022-03-24 02:59:21,461] {processor.py:171} INFO - Processing /home/airflow/.local/lib/python3.7/site-packages/airflow/example_dags/example_task_group_decorator.py took 3.360 seconds
[2022-03-24 02:59:51,821] {processor.py:163} INFO - Started process (PID=1185) to work on /home/airflow/.local/lib/python3.7/site-packages/airflow/example_dags/example_task_group_decorator.py
[2022-03-24 02:59:51,828] {processor.py:642} INFO - Processing file /home/airflow/.local/lib/python3.7/site-packages/airflow/example_dags/example_task_group_decorator.py for tasks to queue
[2022-03-24 02:59:51,831] {logging_mixin.py:109} INFO - [2022-03-24 02:59:51,830] {dagbag.py:500} INFO - Filling up the DagBag from /home/airflow/.local/lib/python3.7/site-packages/airflow/example_dags/example_task_group_decorator.py
[2022-03-24 02:59:52,051] {processor.py:654} INFO - DAG(s) dict_keys(['example_task_group_decorator']) retrieved from /home/airflow/.local/lib/python3.7/site-packages/airflow/example_dags/example_task_group_decorator.py
[2022-03-24 02:59:53,029] {logging_mixin.py:109} INFO - [2022-03-24 02:59:53,029] {dag.py:2398} INFO - Sync 1 DAGs
[2022-03-24 02:59:53,093] {logging_mixin.py:109} INFO - [2022-03-24 02:59:53,093] {dag.py:2937} INFO - Setting next_dagrun for example_task_group_decorator to 2022-03-23T02:59:53.093004+00:00
[2022-03-24 02:59:53,213] {processor.py:171} INFO - Processing /home/airflow/.local/lib/python3.7/site-packages/airflow/example_dags/example_task_group_decorator.py took 1.404 seconds
[2022-03-24 03:00:24,190] {processor.py:163} INFO - Started process (PID=1228) to work on /home/airflow/.local/lib/python3.7/site-packages/airflow/example_dags/example_task_group_decorator.py
[2022-03-24 03:00:24,205] {processor.py:642} INFO - Processing file /home/airflow/.local/lib/python3.7/site-packages/airflow/example_dags/example_task_group_decorator.py for tasks to queue
[2022-03-24 03:00:24,210] {logging_mixin.py:109} INFO - [2022-03-24 03:00:24,210] {dagbag.py:500} INFO - Filling up the DagBag from /home/airflow/.local/lib/python3.7/site-packages/airflow/example_dags/example_task_group_decorator.py
[2022-03-24 03:00:24,549] {processor.py:654} INFO - DAG(s) dict_keys(['example_task_group_decorator']) retrieved from /home/airflow/.local/lib/python3.7/site-packages/airflow/example_dags/example_task_group_decorator.py
[2022-03-24 03:00:26,017] {logging_mixin.py:109} INFO - [2022-03-24 03:00:26,017] {dag.py:2398} INFO - Sync 1 DAGs
[2022-03-24 03:00:26,086] {logging_mixin.py:109} INFO - [2022-03-24 03:00:26,086] {dag.py:2937} INFO - Setting next_dagrun for example_task_group_decorator to 2022-03-23T03:00:26.086105+00:00
[2022-03-24 03:00:26,175] {processor.py:171} INFO - Processing /home/airflow/.local/lib/python3.7/site-packages/airflow/example_dags/example_task_group_decorator.py took 1.989 seconds
[2022-03-24 03:00:56,808] {processor.py:163} INFO - Started process (PID=1289) to work on /home/airflow/.local/lib/python3.7/site-packages/airflow/example_dags/example_task_group_decorator.py
[2022-03-24 03:00:56,822] {processor.py:642} INFO - Processing file /home/airflow/.local/lib/python3.7/site-packages/airflow/example_dags/example_task_group_decorator.py for tasks to queue
[2022-03-24 03:00:56,823] {logging_mixin.py:109} INFO - [2022-03-24 03:00:56,823] {dagbag.py:500} INFO - Filling up the DagBag from /home/airflow/.local/lib/python3.7/site-packages/airflow/example_dags/example_task_group_decorator.py
[2022-03-24 03:00:57,067] {processor.py:654} INFO - DAG(s) dict_keys(['example_task_group_decorator']) retrieved from /home/airflow/.local/lib/python3.7/site-packages/airflow/example_dags/example_task_group_decorator.py
[2022-03-24 03:00:57,841] {logging_mixin.py:109} INFO - [2022-03-24 03:00:57,841] {dag.py:2398} INFO - Sync 1 DAGs
[2022-03-24 03:00:57,891] {logging_mixin.py:109} INFO - [2022-03-24 03:00:57,890] {dag.py:2937} INFO - Setting next_dagrun for example_task_group_decorator to 2022-03-23T03:00:57.890544+00:00
[2022-03-24 03:00:57,913] {processor.py:171} INFO - Processing /home/airflow/.local/lib/python3.7/site-packages/airflow/example_dags/example_task_group_decorator.py took 1.121 seconds
[2022-03-24 03:01:29,296] {processor.py:163} INFO - Started process (PID=1339) to work on /home/airflow/.local/lib/python3.7/site-packages/airflow/example_dags/example_task_group_decorator.py
[2022-03-24 03:01:29,325] {processor.py:642} INFO - Processing file /home/airflow/.local/lib/python3.7/site-packages/airflow/example_dags/example_task_group_decorator.py for tasks to queue
[2022-03-24 03:01:29,862] {logging_mixin.py:109} INFO - [2022-03-24 03:01:29,862] {dagbag.py:500} INFO - Filling up the DagBag from /home/airflow/.local/lib/python3.7/site-packages/airflow/example_dags/example_task_group_decorator.py
[2022-03-24 03:01:30,194] {processor.py:654} INFO - DAG(s) dict_keys(['example_task_group_decorator']) retrieved from /home/airflow/.local/lib/python3.7/site-packages/airflow/example_dags/example_task_group_decorator.py
[2022-03-24 03:01:30,858] {logging_mixin.py:109} INFO - [2022-03-24 03:01:30,858] {dag.py:2398} INFO - Sync 1 DAGs
[2022-03-24 03:01:30,894] {logging_mixin.py:109} INFO - [2022-03-24 03:01:30,894] {dag.py:2937} INFO - Setting next_dagrun for example_task_group_decorator to 2022-03-23T03:01:30.893670+00:00
[2022-03-24 03:01:31,379] {processor.py:171} INFO - Processing /home/airflow/.local/lib/python3.7/site-packages/airflow/example_dags/example_task_group_decorator.py took 2.224 seconds
[2022-03-24 03:02:02,018] {processor.py:163} INFO - Started process (PID=1391) to work on /home/airflow/.local/lib/python3.7/site-packages/airflow/example_dags/example_task_group_decorator.py
[2022-03-24 03:02:02,023] {processor.py:642} INFO - Processing file /home/airflow/.local/lib/python3.7/site-packages/airflow/example_dags/example_task_group_decorator.py for tasks to queue
[2022-03-24 03:02:02,025] {logging_mixin.py:109} INFO - [2022-03-24 03:02:02,025] {dagbag.py:500} INFO - Filling up the DagBag from /home/airflow/.local/lib/python3.7/site-packages/airflow/example_dags/example_task_group_decorator.py
[2022-03-24 03:02:02,140] {processor.py:654} INFO - DAG(s) dict_keys(['example_task_group_decorator']) retrieved from /home/airflow/.local/lib/python3.7/site-packages/airflow/example_dags/example_task_group_decorator.py
[2022-03-24 03:02:02,475] {logging_mixin.py:109} INFO - [2022-03-24 03:02:02,474] {dag.py:2398} INFO - Sync 1 DAGs
[2022-03-24 03:02:02,499] {logging_mixin.py:109} INFO - [2022-03-24 03:02:02,499] {dag.py:2937} INFO - Setting next_dagrun for example_task_group_decorator to 2022-03-23T03:02:02.498713+00:00
[2022-03-24 03:02:02,529] {processor.py:171} INFO - Processing /home/airflow/.local/lib/python3.7/site-packages/airflow/example_dags/example_task_group_decorator.py took 0.519 seconds
[2022-03-24 03:02:33,248] {processor.py:163} INFO - Started process (PID=1444) to work on /home/airflow/.local/lib/python3.7/site-packages/airflow/example_dags/example_task_group_decorator.py
[2022-03-24 03:02:33,254] {processor.py:642} INFO - Processing file /home/airflow/.local/lib/python3.7/site-packages/airflow/example_dags/example_task_group_decorator.py for tasks to queue
[2022-03-24 03:02:33,256] {logging_mixin.py:109} INFO - [2022-03-24 03:02:33,255] {dagbag.py:500} INFO - Filling up the DagBag from /home/airflow/.local/lib/python3.7/site-packages/airflow/example_dags/example_task_group_decorator.py
[2022-03-24 03:02:33,366] {processor.py:654} INFO - DAG(s) dict_keys(['example_task_group_decorator']) retrieved from /home/airflow/.local/lib/python3.7/site-packages/airflow/example_dags/example_task_group_decorator.py
[2022-03-24 03:02:33,579] {logging_mixin.py:109} INFO - [2022-03-24 03:02:33,579] {dag.py:2398} INFO - Sync 1 DAGs
[2022-03-24 03:02:33,595] {logging_mixin.py:109} INFO - [2022-03-24 03:02:33,595] {dag.py:2937} INFO - Setting next_dagrun for example_task_group_decorator to 2022-03-23T03:02:33.595032+00:00
[2022-03-24 03:02:33,609] {processor.py:171} INFO - Processing /home/airflow/.local/lib/python3.7/site-packages/airflow/example_dags/example_task_group_decorator.py took 0.372 seconds
[2022-03-24 03:03:03,919] {processor.py:163} INFO - Started process (PID=1495) to work on /home/airflow/.local/lib/python3.7/site-packages/airflow/example_dags/example_task_group_decorator.py
[2022-03-24 03:03:03,924] {processor.py:642} INFO - Processing file /home/airflow/.local/lib/python3.7/site-packages/airflow/example_dags/example_task_group_decorator.py for tasks to queue
[2022-03-24 03:03:03,927] {logging_mixin.py:109} INFO - [2022-03-24 03:03:03,927] {dagbag.py:500} INFO - Filling up the DagBag from /home/airflow/.local/lib/python3.7/site-packages/airflow/example_dags/example_task_group_decorator.py
[2022-03-24 03:03:04,079] {processor.py:654} INFO - DAG(s) dict_keys(['example_task_group_decorator']) retrieved from /home/airflow/.local/lib/python3.7/site-packages/airflow/example_dags/example_task_group_decorator.py
[2022-03-24 03:03:04,302] {logging_mixin.py:109} INFO - [2022-03-24 03:03:04,302] {dag.py:2398} INFO - Sync 1 DAGs
[2022-03-24 03:03:04,318] {logging_mixin.py:109} INFO - [2022-03-24 03:03:04,318] {dag.py:2937} INFO - Setting next_dagrun for example_task_group_decorator to 2022-03-23T03:03:04.317719+00:00
[2022-03-24 03:03:04,331] {processor.py:171} INFO - Processing /home/airflow/.local/lib/python3.7/site-packages/airflow/example_dags/example_task_group_decorator.py took 0.417 seconds
[2022-03-24 03:03:34,480] {processor.py:163} INFO - Started process (PID=1556) to work on /home/airflow/.local/lib/python3.7/site-packages/airflow/example_dags/example_task_group_decorator.py
[2022-03-24 03:03:34,492] {processor.py:642} INFO - Processing file /home/airflow/.local/lib/python3.7/site-packages/airflow/example_dags/example_task_group_decorator.py for tasks to queue
[2022-03-24 03:03:34,494] {logging_mixin.py:109} INFO - [2022-03-24 03:03:34,494] {dagbag.py:500} INFO - Filling up the DagBag from /home/airflow/.local/lib/python3.7/site-packages/airflow/example_dags/example_task_group_decorator.py
[2022-03-24 03:03:34,593] {processor.py:654} INFO - DAG(s) dict_keys(['example_task_group_decorator']) retrieved from /home/airflow/.local/lib/python3.7/site-packages/airflow/example_dags/example_task_group_decorator.py
[2022-03-24 03:03:34,966] {logging_mixin.py:109} INFO - [2022-03-24 03:03:34,966] {dag.py:2398} INFO - Sync 1 DAGs
[2022-03-24 03:03:34,984] {logging_mixin.py:109} INFO - [2022-03-24 03:03:34,984] {dag.py:2937} INFO - Setting next_dagrun for example_task_group_decorator to 2022-03-23T03:03:34.984170+00:00
[2022-03-24 03:03:35,212] {processor.py:171} INFO - Processing /home/airflow/.local/lib/python3.7/site-packages/airflow/example_dags/example_task_group_decorator.py took 0.740 seconds
[2022-03-24 03:04:05,331] {processor.py:163} INFO - Started process (PID=1608) to work on /home/airflow/.local/lib/python3.7/site-packages/airflow/example_dags/example_task_group_decorator.py
[2022-03-24 03:04:05,337] {processor.py:642} INFO - Processing file /home/airflow/.local/lib/python3.7/site-packages/airflow/example_dags/example_task_group_decorator.py for tasks to queue
[2022-03-24 03:04:05,341] {logging_mixin.py:109} INFO - [2022-03-24 03:04:05,341] {dagbag.py:500} INFO - Filling up the DagBag from /home/airflow/.local/lib/python3.7/site-packages/airflow/example_dags/example_task_group_decorator.py
[2022-03-24 03:04:05,437] {processor.py:654} INFO - DAG(s) dict_keys(['example_task_group_decorator']) retrieved from /home/airflow/.local/lib/python3.7/site-packages/airflow/example_dags/example_task_group_decorator.py
[2022-03-24 03:04:05,662] {logging_mixin.py:109} INFO - [2022-03-24 03:04:05,662] {dag.py:2398} INFO - Sync 1 DAGs
[2022-03-24 03:04:05,691] {logging_mixin.py:109} INFO - [2022-03-24 03:04:05,690] {dag.py:2937} INFO - Setting next_dagrun for example_task_group_decorator to 2022-03-23T03:04:05.690506+00:00
[2022-03-24 03:04:05,734] {processor.py:171} INFO - Processing /home/airflow/.local/lib/python3.7/site-packages/airflow/example_dags/example_task_group_decorator.py took 0.414 seconds
[2022-03-24 03:04:35,834] {processor.py:163} INFO - Started process (PID=1660) to work on /home/airflow/.local/lib/python3.7/site-packages/airflow/example_dags/example_task_group_decorator.py
[2022-03-24 03:04:36,019] {processor.py:642} INFO - Processing file /home/airflow/.local/lib/python3.7/site-packages/airflow/example_dags/example_task_group_decorator.py for tasks to queue
[2022-03-24 03:04:36,025] {logging_mixin.py:109} INFO - [2022-03-24 03:04:36,024] {dagbag.py:500} INFO - Filling up the DagBag from /home/airflow/.local/lib/python3.7/site-packages/airflow/example_dags/example_task_group_decorator.py
[2022-03-24 03:04:36,086] {processor.py:654} INFO - DAG(s) dict_keys(['example_task_group_decorator']) retrieved from /home/airflow/.local/lib/python3.7/site-packages/airflow/example_dags/example_task_group_decorator.py
[2022-03-24 03:04:36,392] {logging_mixin.py:109} INFO - [2022-03-24 03:04:36,392] {dag.py:2398} INFO - Sync 1 DAGs
[2022-03-24 03:04:36,439] {logging_mixin.py:109} INFO - [2022-03-24 03:04:36,439] {dag.py:2937} INFO - Setting next_dagrun for example_task_group_decorator to 2022-03-23T03:04:36.438670+00:00
[2022-03-24 03:04:36,709] {processor.py:171} INFO - Processing /home/airflow/.local/lib/python3.7/site-packages/airflow/example_dags/example_task_group_decorator.py took 0.878 seconds
[2022-03-24 03:05:07,256] {processor.py:163} INFO - Started process (PID=1714) to work on /home/airflow/.local/lib/python3.7/site-packages/airflow/example_dags/example_task_group_decorator.py
[2022-03-24 03:05:07,259] {processor.py:642} INFO - Processing file /home/airflow/.local/lib/python3.7/site-packages/airflow/example_dags/example_task_group_decorator.py for tasks to queue
[2022-03-24 03:05:07,262] {logging_mixin.py:109} INFO - [2022-03-24 03:05:07,261] {dagbag.py:500} INFO - Filling up the DagBag from /home/airflow/.local/lib/python3.7/site-packages/airflow/example_dags/example_task_group_decorator.py
[2022-03-24 03:05:07,358] {processor.py:654} INFO - DAG(s) dict_keys(['example_task_group_decorator']) retrieved from /home/airflow/.local/lib/python3.7/site-packages/airflow/example_dags/example_task_group_decorator.py
[2022-03-24 03:05:07,566] {logging_mixin.py:109} INFO - [2022-03-24 03:05:07,566] {dag.py:2398} INFO - Sync 1 DAGs
[2022-03-24 03:05:07,587] {logging_mixin.py:109} INFO - [2022-03-24 03:05:07,587] {dag.py:2937} INFO - Setting next_dagrun for example_task_group_decorator to 2022-03-23T03:05:07.587262+00:00
[2022-03-24 03:05:07,607] {processor.py:171} INFO - Processing /home/airflow/.local/lib/python3.7/site-packages/airflow/example_dags/example_task_group_decorator.py took 0.359 seconds
[2022-03-24 03:05:38,176] {processor.py:163} INFO - Started process (PID=1773) to work on /home/airflow/.local/lib/python3.7/site-packages/airflow/example_dags/example_task_group_decorator.py
[2022-03-24 03:05:38,178] {processor.py:642} INFO - Processing file /home/airflow/.local/lib/python3.7/site-packages/airflow/example_dags/example_task_group_decorator.py for tasks to queue
[2022-03-24 03:05:38,192] {logging_mixin.py:109} INFO - [2022-03-24 03:05:38,192] {dagbag.py:500} INFO - Filling up the DagBag from /home/airflow/.local/lib/python3.7/site-packages/airflow/example_dags/example_task_group_decorator.py
[2022-03-24 03:05:38,459] {processor.py:654} INFO - DAG(s) dict_keys(['example_task_group_decorator']) retrieved from /home/airflow/.local/lib/python3.7/site-packages/airflow/example_dags/example_task_group_decorator.py
[2022-03-24 03:05:38,931] {logging_mixin.py:109} INFO - [2022-03-24 03:05:38,931] {dag.py:2398} INFO - Sync 1 DAGs
[2022-03-24 03:05:38,973] {logging_mixin.py:109} INFO - [2022-03-24 03:05:38,972] {dag.py:2937} INFO - Setting next_dagrun for example_task_group_decorator to 2022-03-23T03:05:38.972478+00:00
[2022-03-24 03:05:38,997] {processor.py:171} INFO - Processing /home/airflow/.local/lib/python3.7/site-packages/airflow/example_dags/example_task_group_decorator.py took 0.834 seconds
[2022-03-24 03:06:09,151] {processor.py:163} INFO - Started process (PID=1816) to work on /home/airflow/.local/lib/python3.7/site-packages/airflow/example_dags/example_task_group_decorator.py
[2022-03-24 03:06:09,163] {processor.py:642} INFO - Processing file /home/airflow/.local/lib/python3.7/site-packages/airflow/example_dags/example_task_group_decorator.py for tasks to queue
[2022-03-24 03:06:09,165] {logging_mixin.py:109} INFO - [2022-03-24 03:06:09,165] {dagbag.py:500} INFO - Filling up the DagBag from /home/airflow/.local/lib/python3.7/site-packages/airflow/example_dags/example_task_group_decorator.py
[2022-03-24 03:06:09,323] {processor.py:654} INFO - DAG(s) dict_keys(['example_task_group_decorator']) retrieved from /home/airflow/.local/lib/python3.7/site-packages/airflow/example_dags/example_task_group_decorator.py
[2022-03-24 03:06:09,841] {logging_mixin.py:109} INFO - [2022-03-24 03:06:09,841] {dag.py:2398} INFO - Sync 1 DAGs
[2022-03-24 03:06:09,875] {logging_mixin.py:109} INFO - [2022-03-24 03:06:09,875] {dag.py:2937} INFO - Setting next_dagrun for example_task_group_decorator to 2022-03-23T03:06:09.874973+00:00
[2022-03-24 03:06:09,962] {processor.py:171} INFO - Processing /home/airflow/.local/lib/python3.7/site-packages/airflow/example_dags/example_task_group_decorator.py took 0.816 seconds
[2022-03-24 03:06:40,886] {processor.py:163} INFO - Started process (PID=1872) to work on /home/airflow/.local/lib/python3.7/site-packages/airflow/example_dags/example_task_group_decorator.py
[2022-03-24 03:06:40,892] {processor.py:642} INFO - Processing file /home/airflow/.local/lib/python3.7/site-packages/airflow/example_dags/example_task_group_decorator.py for tasks to queue
[2022-03-24 03:06:40,895] {logging_mixin.py:109} INFO - [2022-03-24 03:06:40,894] {dagbag.py:500} INFO - Filling up the DagBag from /home/airflow/.local/lib/python3.7/site-packages/airflow/example_dags/example_task_group_decorator.py
[2022-03-24 03:06:41,091] {processor.py:654} INFO - DAG(s) dict_keys(['example_task_group_decorator']) retrieved from /home/airflow/.local/lib/python3.7/site-packages/airflow/example_dags/example_task_group_decorator.py
[2022-03-24 03:06:41,889] {logging_mixin.py:109} INFO - [2022-03-24 03:06:41,888] {dag.py:2398} INFO - Sync 1 DAGs
[2022-03-24 03:06:42,158] {logging_mixin.py:109} INFO - [2022-03-24 03:06:42,149] {dag.py:2937} INFO - Setting next_dagrun for example_task_group_decorator to 2022-03-23T03:06:42.148828+00:00
[2022-03-24 03:06:42,236] {processor.py:171} INFO - Processing /home/airflow/.local/lib/python3.7/site-packages/airflow/example_dags/example_task_group_decorator.py took 1.378 seconds
[2022-03-24 03:07:13,287] {processor.py:163} INFO - Started process (PID=1925) to work on /home/airflow/.local/lib/python3.7/site-packages/airflow/example_dags/example_task_group_decorator.py
[2022-03-24 03:07:13,297] {processor.py:642} INFO - Processing file /home/airflow/.local/lib/python3.7/site-packages/airflow/example_dags/example_task_group_decorator.py for tasks to queue
[2022-03-24 03:07:13,299] {logging_mixin.py:109} INFO - [2022-03-24 03:07:13,299] {dagbag.py:500} INFO - Filling up the DagBag from /home/airflow/.local/lib/python3.7/site-packages/airflow/example_dags/example_task_group_decorator.py
[2022-03-24 03:07:13,427] {processor.py:654} INFO - DAG(s) dict_keys(['example_task_group_decorator']) retrieved from /home/airflow/.local/lib/python3.7/site-packages/airflow/example_dags/example_task_group_decorator.py
[2022-03-24 03:07:14,111] {logging_mixin.py:109} INFO - [2022-03-24 03:07:14,110] {dag.py:2398} INFO - Sync 1 DAGs
[2022-03-24 03:07:14,133] {logging_mixin.py:109} INFO - [2022-03-24 03:07:14,133] {dag.py:2937} INFO - Setting next_dagrun for example_task_group_decorator to 2022-03-23T03:07:14.133103+00:00
[2022-03-24 03:07:14,157] {processor.py:171} INFO - Processing /home/airflow/.local/lib/python3.7/site-packages/airflow/example_dags/example_task_group_decorator.py took 0.875 seconds
[2022-03-24 03:07:44,813] {processor.py:163} INFO - Started process (PID=1978) to work on /home/airflow/.local/lib/python3.7/site-packages/airflow/example_dags/example_task_group_decorator.py
[2022-03-24 03:07:44,816] {processor.py:642} INFO - Processing file /home/airflow/.local/lib/python3.7/site-packages/airflow/example_dags/example_task_group_decorator.py for tasks to queue
[2022-03-24 03:07:44,819] {logging_mixin.py:109} INFO - [2022-03-24 03:07:44,818] {dagbag.py:500} INFO - Filling up the DagBag from /home/airflow/.local/lib/python3.7/site-packages/airflow/example_dags/example_task_group_decorator.py
[2022-03-24 03:07:44,897] {processor.py:654} INFO - DAG(s) dict_keys(['example_task_group_decorator']) retrieved from /home/airflow/.local/lib/python3.7/site-packages/airflow/example_dags/example_task_group_decorator.py
[2022-03-24 03:07:45,149] {logging_mixin.py:109} INFO - [2022-03-24 03:07:45,149] {dag.py:2398} INFO - Sync 1 DAGs
[2022-03-24 03:07:45,172] {logging_mixin.py:109} INFO - [2022-03-24 03:07:45,171] {dag.py:2937} INFO - Setting next_dagrun for example_task_group_decorator to 2022-03-23T03:07:45.171587+00:00
[2022-03-24 03:07:45,186] {processor.py:171} INFO - Processing /home/airflow/.local/lib/python3.7/site-packages/airflow/example_dags/example_task_group_decorator.py took 0.376 seconds
[2022-03-24 03:08:15,286] {processor.py:163} INFO - Started process (PID=2029) to work on /home/airflow/.local/lib/python3.7/site-packages/airflow/example_dags/example_task_group_decorator.py
[2022-03-24 03:08:15,290] {processor.py:642} INFO - Processing file /home/airflow/.local/lib/python3.7/site-packages/airflow/example_dags/example_task_group_decorator.py for tasks to queue
[2022-03-24 03:08:15,293] {logging_mixin.py:109} INFO - [2022-03-24 03:08:15,293] {dagbag.py:500} INFO - Filling up the DagBag from /home/airflow/.local/lib/python3.7/site-packages/airflow/example_dags/example_task_group_decorator.py
[2022-03-24 03:08:15,355] {processor.py:654} INFO - DAG(s) dict_keys(['example_task_group_decorator']) retrieved from /home/airflow/.local/lib/python3.7/site-packages/airflow/example_dags/example_task_group_decorator.py
[2022-03-24 03:08:15,579] {logging_mixin.py:109} INFO - [2022-03-24 03:08:15,578] {dag.py:2398} INFO - Sync 1 DAGs
[2022-03-24 03:08:15,611] {logging_mixin.py:109} INFO - [2022-03-24 03:08:15,611] {dag.py:2937} INFO - Setting next_dagrun for example_task_group_decorator to 2022-03-23T03:08:15.610848+00:00
[2022-03-24 03:08:15,636] {processor.py:171} INFO - Processing /home/airflow/.local/lib/python3.7/site-packages/airflow/example_dags/example_task_group_decorator.py took 0.359 seconds
[2022-03-24 03:08:46,321] {processor.py:163} INFO - Started process (PID=2084) to work on /home/airflow/.local/lib/python3.7/site-packages/airflow/example_dags/example_task_group_decorator.py
[2022-03-24 03:08:46,325] {processor.py:642} INFO - Processing file /home/airflow/.local/lib/python3.7/site-packages/airflow/example_dags/example_task_group_decorator.py for tasks to queue
[2022-03-24 03:08:46,328] {logging_mixin.py:109} INFO - [2022-03-24 03:08:46,327] {dagbag.py:500} INFO - Filling up the DagBag from /home/airflow/.local/lib/python3.7/site-packages/airflow/example_dags/example_task_group_decorator.py
[2022-03-24 03:08:46,476] {processor.py:654} INFO - DAG(s) dict_keys(['example_task_group_decorator']) retrieved from /home/airflow/.local/lib/python3.7/site-packages/airflow/example_dags/example_task_group_decorator.py
[2022-03-24 03:08:47,009] {logging_mixin.py:109} INFO - [2022-03-24 03:08:47,008] {dag.py:2398} INFO - Sync 1 DAGs
[2022-03-24 03:08:47,035] {logging_mixin.py:109} INFO - [2022-03-24 03:08:47,035] {dag.py:2937} INFO - Setting next_dagrun for example_task_group_decorator to 2022-03-23T03:08:47.035270+00:00
[2022-03-24 03:08:47,071] {processor.py:171} INFO - Processing /home/airflow/.local/lib/python3.7/site-packages/airflow/example_dags/example_task_group_decorator.py took 0.799 seconds
[2022-03-24 03:09:17,915] {processor.py:163} INFO - Started process (PID=2135) to work on /home/airflow/.local/lib/python3.7/site-packages/airflow/example_dags/example_task_group_decorator.py
[2022-03-24 03:09:17,918] {processor.py:642} INFO - Processing file /home/airflow/.local/lib/python3.7/site-packages/airflow/example_dags/example_task_group_decorator.py for tasks to queue
[2022-03-24 03:09:17,926] {logging_mixin.py:109} INFO - [2022-03-24 03:09:17,925] {dagbag.py:500} INFO - Filling up the DagBag from /home/airflow/.local/lib/python3.7/site-packages/airflow/example_dags/example_task_group_decorator.py
[2022-03-24 03:09:18,067] {processor.py:654} INFO - DAG(s) dict_keys(['example_task_group_decorator']) retrieved from /home/airflow/.local/lib/python3.7/site-packages/airflow/example_dags/example_task_group_decorator.py
[2022-03-24 03:09:18,351] {logging_mixin.py:109} INFO - [2022-03-24 03:09:18,351] {dag.py:2398} INFO - Sync 1 DAGs
[2022-03-24 03:09:18,393] {logging_mixin.py:109} INFO - [2022-03-24 03:09:18,392] {dag.py:2937} INFO - Setting next_dagrun for example_task_group_decorator to 2022-03-23T03:09:18.390406+00:00
[2022-03-24 03:09:18,420] {processor.py:171} INFO - Processing /home/airflow/.local/lib/python3.7/site-packages/airflow/example_dags/example_task_group_decorator.py took 0.509 seconds
[2022-03-24 03:09:49,058] {processor.py:163} INFO - Started process (PID=2187) to work on /home/airflow/.local/lib/python3.7/site-packages/airflow/example_dags/example_task_group_decorator.py
[2022-03-24 03:09:49,061] {processor.py:642} INFO - Processing file /home/airflow/.local/lib/python3.7/site-packages/airflow/example_dags/example_task_group_decorator.py for tasks to queue
[2022-03-24 03:09:49,063] {logging_mixin.py:109} INFO - [2022-03-24 03:09:49,063] {dagbag.py:500} INFO - Filling up the DagBag from /home/airflow/.local/lib/python3.7/site-packages/airflow/example_dags/example_task_group_decorator.py
[2022-03-24 03:09:49,121] {processor.py:654} INFO - DAG(s) dict_keys(['example_task_group_decorator']) retrieved from /home/airflow/.local/lib/python3.7/site-packages/airflow/example_dags/example_task_group_decorator.py
[2022-03-24 03:09:50,164] {logging_mixin.py:109} INFO - [2022-03-24 03:09:50,164] {dag.py:2398} INFO - Sync 1 DAGs
[2022-03-24 03:09:50,202] {logging_mixin.py:109} INFO - [2022-03-24 03:09:50,201] {dag.py:2937} INFO - Setting next_dagrun for example_task_group_decorator to 2022-03-23T03:09:50.201051+00:00
[2022-03-24 03:09:50,230] {processor.py:171} INFO - Processing /home/airflow/.local/lib/python3.7/site-packages/airflow/example_dags/example_task_group_decorator.py took 1.176 seconds
[2022-03-24 03:10:20,407] {processor.py:163} INFO - Started process (PID=2241) to work on /home/airflow/.local/lib/python3.7/site-packages/airflow/example_dags/example_task_group_decorator.py
[2022-03-24 03:10:20,464] {processor.py:642} INFO - Processing file /home/airflow/.local/lib/python3.7/site-packages/airflow/example_dags/example_task_group_decorator.py for tasks to queue
[2022-03-24 03:10:20,664] {logging_mixin.py:109} INFO - [2022-03-24 03:10:20,663] {dagbag.py:500} INFO - Filling up the DagBag from /home/airflow/.local/lib/python3.7/site-packages/airflow/example_dags/example_task_group_decorator.py
[2022-03-24 03:10:20,759] {processor.py:654} INFO - DAG(s) dict_keys(['example_task_group_decorator']) retrieved from /home/airflow/.local/lib/python3.7/site-packages/airflow/example_dags/example_task_group_decorator.py
[2022-03-24 03:10:21,004] {logging_mixin.py:109} INFO - [2022-03-24 03:10:21,004] {dag.py:2398} INFO - Sync 1 DAGs
[2022-03-24 03:10:21,069] {logging_mixin.py:109} INFO - [2022-03-24 03:10:21,069] {dag.py:2937} INFO - Setting next_dagrun for example_task_group_decorator to 2022-03-23T03:10:21.069251+00:00
[2022-03-24 03:10:21,146] {processor.py:171} INFO - Processing /home/airflow/.local/lib/python3.7/site-packages/airflow/example_dags/example_task_group_decorator.py took 0.744 seconds
[2022-03-24 03:10:51,723] {processor.py:163} INFO - Started process (PID=2291) to work on /home/airflow/.local/lib/python3.7/site-packages/airflow/example_dags/example_task_group_decorator.py
[2022-03-24 03:10:51,727] {processor.py:642} INFO - Processing file /home/airflow/.local/lib/python3.7/site-packages/airflow/example_dags/example_task_group_decorator.py for tasks to queue
[2022-03-24 03:10:51,729] {logging_mixin.py:109} INFO - [2022-03-24 03:10:51,729] {dagbag.py:500} INFO - Filling up the DagBag from /home/airflow/.local/lib/python3.7/site-packages/airflow/example_dags/example_task_group_decorator.py
[2022-03-24 03:10:51,810] {processor.py:654} INFO - DAG(s) dict_keys(['example_task_group_decorator']) retrieved from /home/airflow/.local/lib/python3.7/site-packages/airflow/example_dags/example_task_group_decorator.py
[2022-03-24 03:10:52,085] {logging_mixin.py:109} INFO - [2022-03-24 03:10:52,085] {dag.py:2398} INFO - Sync 1 DAGs
[2022-03-24 03:10:52,107] {logging_mixin.py:109} INFO - [2022-03-24 03:10:52,107] {dag.py:2937} INFO - Setting next_dagrun for example_task_group_decorator to 2022-03-23T03:10:52.106411+00:00
[2022-03-24 03:10:52,454] {processor.py:171} INFO - Processing /home/airflow/.local/lib/python3.7/site-packages/airflow/example_dags/example_task_group_decorator.py took 0.739 seconds
[2022-03-24 03:11:23,044] {processor.py:163} INFO - Started process (PID=2341) to work on /home/airflow/.local/lib/python3.7/site-packages/airflow/example_dags/example_task_group_decorator.py
[2022-03-24 03:11:23,053] {processor.py:642} INFO - Processing file /home/airflow/.local/lib/python3.7/site-packages/airflow/example_dags/example_task_group_decorator.py for tasks to queue
[2022-03-24 03:11:23,057] {logging_mixin.py:109} INFO - [2022-03-24 03:11:23,057] {dagbag.py:500} INFO - Filling up the DagBag from /home/airflow/.local/lib/python3.7/site-packages/airflow/example_dags/example_task_group_decorator.py
[2022-03-24 03:11:23,144] {processor.py:654} INFO - DAG(s) dict_keys(['example_task_group_decorator']) retrieved from /home/airflow/.local/lib/python3.7/site-packages/airflow/example_dags/example_task_group_decorator.py
[2022-03-24 03:11:23,387] {logging_mixin.py:109} INFO - [2022-03-24 03:11:23,386] {dag.py:2398} INFO - Sync 1 DAGs
[2022-03-24 03:11:23,606] {logging_mixin.py:109} INFO - [2022-03-24 03:11:23,606] {dag.py:2937} INFO - Setting next_dagrun for example_task_group_decorator to 2022-03-23T03:11:23.606586+00:00
[2022-03-24 03:11:23,644] {processor.py:171} INFO - Processing /home/airflow/.local/lib/python3.7/site-packages/airflow/example_dags/example_task_group_decorator.py took 0.604 seconds
[2022-03-24 03:11:54,372] {processor.py:163} INFO - Started process (PID=2393) to work on /home/airflow/.local/lib/python3.7/site-packages/airflow/example_dags/example_task_group_decorator.py
[2022-03-24 03:11:54,385] {processor.py:642} INFO - Processing file /home/airflow/.local/lib/python3.7/site-packages/airflow/example_dags/example_task_group_decorator.py for tasks to queue
[2022-03-24 03:11:54,387] {logging_mixin.py:109} INFO - [2022-03-24 03:11:54,387] {dagbag.py:500} INFO - Filling up the DagBag from /home/airflow/.local/lib/python3.7/site-packages/airflow/example_dags/example_task_group_decorator.py
[2022-03-24 03:11:54,539] {processor.py:654} INFO - DAG(s) dict_keys(['example_task_group_decorator']) retrieved from /home/airflow/.local/lib/python3.7/site-packages/airflow/example_dags/example_task_group_decorator.py
[2022-03-24 03:11:54,882] {logging_mixin.py:109} INFO - [2022-03-24 03:11:54,882] {dag.py:2398} INFO - Sync 1 DAGs
[2022-03-24 03:11:54,901] {logging_mixin.py:109} INFO - [2022-03-24 03:11:54,901] {dag.py:2937} INFO - Setting next_dagrun for example_task_group_decorator to 2022-03-23T03:11:54.901385+00:00
[2022-03-24 03:11:54,940] {processor.py:171} INFO - Processing /home/airflow/.local/lib/python3.7/site-packages/airflow/example_dags/example_task_group_decorator.py took 0.572 seconds
[2022-03-24 03:12:25,793] {processor.py:163} INFO - Started process (PID=2443) to work on /home/airflow/.local/lib/python3.7/site-packages/airflow/example_dags/example_task_group_decorator.py
[2022-03-24 03:12:25,799] {processor.py:642} INFO - Processing file /home/airflow/.local/lib/python3.7/site-packages/airflow/example_dags/example_task_group_decorator.py for tasks to queue
[2022-03-24 03:12:25,801] {logging_mixin.py:109} INFO - [2022-03-24 03:12:25,801] {dagbag.py:500} INFO - Filling up the DagBag from /home/airflow/.local/lib/python3.7/site-packages/airflow/example_dags/example_task_group_decorator.py
[2022-03-24 03:12:25,912] {processor.py:654} INFO - DAG(s) dict_keys(['example_task_group_decorator']) retrieved from /home/airflow/.local/lib/python3.7/site-packages/airflow/example_dags/example_task_group_decorator.py
[2022-03-24 03:12:26,733] {logging_mixin.py:109} INFO - [2022-03-24 03:12:26,733] {dag.py:2398} INFO - Sync 1 DAGs
[2022-03-24 03:12:26,782] {logging_mixin.py:109} INFO - [2022-03-24 03:12:26,782] {dag.py:2937} INFO - Setting next_dagrun for example_task_group_decorator to 2022-03-23T03:12:26.782272+00:00
[2022-03-24 03:12:26,847] {processor.py:171} INFO - Processing /home/airflow/.local/lib/python3.7/site-packages/airflow/example_dags/example_task_group_decorator.py took 1.058 seconds
[2022-03-24 03:12:57,552] {processor.py:163} INFO - Started process (PID=2507) to work on /home/airflow/.local/lib/python3.7/site-packages/airflow/example_dags/example_task_group_decorator.py
[2022-03-24 03:12:57,567] {processor.py:642} INFO - Processing file /home/airflow/.local/lib/python3.7/site-packages/airflow/example_dags/example_task_group_decorator.py for tasks to queue
[2022-03-24 03:12:57,581] {logging_mixin.py:109} INFO - [2022-03-24 03:12:57,576] {dagbag.py:500} INFO - Filling up the DagBag from /home/airflow/.local/lib/python3.7/site-packages/airflow/example_dags/example_task_group_decorator.py
[2022-03-24 03:12:57,899] {processor.py:654} INFO - DAG(s) dict_keys(['example_task_group_decorator']) retrieved from /home/airflow/.local/lib/python3.7/site-packages/airflow/example_dags/example_task_group_decorator.py
[2022-03-24 03:12:58,307] {logging_mixin.py:109} INFO - [2022-03-24 03:12:58,306] {dag.py:2398} INFO - Sync 1 DAGs
[2022-03-24 03:12:58,322] {logging_mixin.py:109} INFO - [2022-03-24 03:12:58,322] {dag.py:2937} INFO - Setting next_dagrun for example_task_group_decorator to 2022-03-23T03:12:58.322178+00:00
[2022-03-24 03:12:58,339] {processor.py:171} INFO - Processing /home/airflow/.local/lib/python3.7/site-packages/airflow/example_dags/example_task_group_decorator.py took 0.830 seconds
[2022-03-24 03:13:29,174] {processor.py:163} INFO - Started process (PID=2559) to work on /home/airflow/.local/lib/python3.7/site-packages/airflow/example_dags/example_task_group_decorator.py
[2022-03-24 03:13:29,182] {processor.py:642} INFO - Processing file /home/airflow/.local/lib/python3.7/site-packages/airflow/example_dags/example_task_group_decorator.py for tasks to queue
[2022-03-24 03:13:29,186] {logging_mixin.py:109} INFO - [2022-03-24 03:13:29,186] {dagbag.py:500} INFO - Filling up the DagBag from /home/airflow/.local/lib/python3.7/site-packages/airflow/example_dags/example_task_group_decorator.py
[2022-03-24 03:13:29,287] {processor.py:654} INFO - DAG(s) dict_keys(['example_task_group_decorator']) retrieved from /home/airflow/.local/lib/python3.7/site-packages/airflow/example_dags/example_task_group_decorator.py
[2022-03-24 03:13:29,514] {logging_mixin.py:109} INFO - [2022-03-24 03:13:29,514] {dag.py:2398} INFO - Sync 1 DAGs
[2022-03-24 03:13:29,562] {logging_mixin.py:109} INFO - [2022-03-24 03:13:29,562] {dag.py:2937} INFO - Setting next_dagrun for example_task_group_decorator to 2022-03-23T03:13:29.561741+00:00
[2022-03-24 03:13:29,589] {processor.py:171} INFO - Processing /home/airflow/.local/lib/python3.7/site-packages/airflow/example_dags/example_task_group_decorator.py took 0.427 seconds
[2022-03-24 03:14:00,335] {processor.py:163} INFO - Started process (PID=2614) to work on /home/airflow/.local/lib/python3.7/site-packages/airflow/example_dags/example_task_group_decorator.py
[2022-03-24 03:14:00,347] {processor.py:642} INFO - Processing file /home/airflow/.local/lib/python3.7/site-packages/airflow/example_dags/example_task_group_decorator.py for tasks to queue
[2022-03-24 03:14:00,384] {logging_mixin.py:109} INFO - [2022-03-24 03:14:00,382] {dagbag.py:500} INFO - Filling up the DagBag from /home/airflow/.local/lib/python3.7/site-packages/airflow/example_dags/example_task_group_decorator.py
[2022-03-24 03:14:00,523] {processor.py:654} INFO - DAG(s) dict_keys(['example_task_group_decorator']) retrieved from /home/airflow/.local/lib/python3.7/site-packages/airflow/example_dags/example_task_group_decorator.py
[2022-03-24 03:14:00,768] {logging_mixin.py:109} INFO - [2022-03-24 03:14:00,767] {dag.py:2398} INFO - Sync 1 DAGs
[2022-03-24 03:14:00,789] {logging_mixin.py:109} INFO - [2022-03-24 03:14:00,789] {dag.py:2937} INFO - Setting next_dagrun for example_task_group_decorator to 2022-03-23T03:14:00.789161+00:00
[2022-03-24 03:14:00,810] {processor.py:171} INFO - Processing /home/airflow/.local/lib/python3.7/site-packages/airflow/example_dags/example_task_group_decorator.py took 0.481 seconds
[2022-03-24 03:14:31,892] {processor.py:163} INFO - Started process (PID=2667) to work on /home/airflow/.local/lib/python3.7/site-packages/airflow/example_dags/example_task_group_decorator.py
[2022-03-24 03:14:31,910] {processor.py:642} INFO - Processing file /home/airflow/.local/lib/python3.7/site-packages/airflow/example_dags/example_task_group_decorator.py for tasks to queue
[2022-03-24 03:14:31,917] {logging_mixin.py:109} INFO - [2022-03-24 03:14:31,917] {dagbag.py:500} INFO - Filling up the DagBag from /home/airflow/.local/lib/python3.7/site-packages/airflow/example_dags/example_task_group_decorator.py
[2022-03-24 03:14:32,010] {processor.py:654} INFO - DAG(s) dict_keys(['example_task_group_decorator']) retrieved from /home/airflow/.local/lib/python3.7/site-packages/airflow/example_dags/example_task_group_decorator.py
[2022-03-24 03:14:32,237] {logging_mixin.py:109} INFO - [2022-03-24 03:14:32,237] {dag.py:2398} INFO - Sync 1 DAGs
[2022-03-24 03:14:32,255] {logging_mixin.py:109} INFO - [2022-03-24 03:14:32,254] {dag.py:2937} INFO - Setting next_dagrun for example_task_group_decorator to 2022-03-23T03:14:32.254602+00:00
[2022-03-24 03:14:32,272] {processor.py:171} INFO - Processing /home/airflow/.local/lib/python3.7/site-packages/airflow/example_dags/example_task_group_decorator.py took 0.395 seconds
[2022-03-24 03:15:02,555] {processor.py:163} INFO - Started process (PID=2720) to work on /home/airflow/.local/lib/python3.7/site-packages/airflow/example_dags/example_task_group_decorator.py
[2022-03-24 03:15:02,559] {processor.py:642} INFO - Processing file /home/airflow/.local/lib/python3.7/site-packages/airflow/example_dags/example_task_group_decorator.py for tasks to queue
[2022-03-24 03:15:02,560] {logging_mixin.py:109} INFO - [2022-03-24 03:15:02,560] {dagbag.py:500} INFO - Filling up the DagBag from /home/airflow/.local/lib/python3.7/site-packages/airflow/example_dags/example_task_group_decorator.py
[2022-03-24 03:15:02,644] {processor.py:654} INFO - DAG(s) dict_keys(['example_task_group_decorator']) retrieved from /home/airflow/.local/lib/python3.7/site-packages/airflow/example_dags/example_task_group_decorator.py
[2022-03-24 03:15:02,889] {logging_mixin.py:109} INFO - [2022-03-24 03:15:02,889] {dag.py:2398} INFO - Sync 1 DAGs
[2022-03-24 03:15:02,906] {logging_mixin.py:109} INFO - [2022-03-24 03:15:02,906] {dag.py:2937} INFO - Setting next_dagrun for example_task_group_decorator to 2022-03-23T03:15:02.906227+00:00
[2022-03-24 03:15:02,926] {processor.py:171} INFO - Processing /home/airflow/.local/lib/python3.7/site-packages/airflow/example_dags/example_task_group_decorator.py took 0.376 seconds
[2022-03-24 03:15:33,752] {processor.py:163} INFO - Started process (PID=2775) to work on /home/airflow/.local/lib/python3.7/site-packages/airflow/example_dags/example_task_group_decorator.py
[2022-03-24 03:15:33,757] {processor.py:642} INFO - Processing file /home/airflow/.local/lib/python3.7/site-packages/airflow/example_dags/example_task_group_decorator.py for tasks to queue
[2022-03-24 03:15:33,763] {logging_mixin.py:109} INFO - [2022-03-24 03:15:33,763] {dagbag.py:500} INFO - Filling up the DagBag from /home/airflow/.local/lib/python3.7/site-packages/airflow/example_dags/example_task_group_decorator.py
[2022-03-24 03:15:33,881] {processor.py:654} INFO - DAG(s) dict_keys(['example_task_group_decorator']) retrieved from /home/airflow/.local/lib/python3.7/site-packages/airflow/example_dags/example_task_group_decorator.py
[2022-03-24 03:15:34,215] {logging_mixin.py:109} INFO - [2022-03-24 03:15:34,215] {dag.py:2398} INFO - Sync 1 DAGs
[2022-03-24 03:15:34,231] {logging_mixin.py:109} INFO - [2022-03-24 03:15:34,231] {dag.py:2937} INFO - Setting next_dagrun for example_task_group_decorator to 2022-03-23T03:15:34.231456+00:00
[2022-03-24 03:15:34,250] {processor.py:171} INFO - Processing /home/airflow/.local/lib/python3.7/site-packages/airflow/example_dags/example_task_group_decorator.py took 0.504 seconds
[2022-03-24 03:16:04,971] {processor.py:163} INFO - Started process (PID=2824) to work on /home/airflow/.local/lib/python3.7/site-packages/airflow/example_dags/example_task_group_decorator.py
[2022-03-24 03:16:04,976] {processor.py:642} INFO - Processing file /home/airflow/.local/lib/python3.7/site-packages/airflow/example_dags/example_task_group_decorator.py for tasks to queue
[2022-03-24 03:16:04,979] {logging_mixin.py:109} INFO - [2022-03-24 03:16:04,979] {dagbag.py:500} INFO - Filling up the DagBag from /home/airflow/.local/lib/python3.7/site-packages/airflow/example_dags/example_task_group_decorator.py
[2022-03-24 03:16:05,075] {processor.py:654} INFO - DAG(s) dict_keys(['example_task_group_decorator']) retrieved from /home/airflow/.local/lib/python3.7/site-packages/airflow/example_dags/example_task_group_decorator.py
[2022-03-24 03:16:05,291] {logging_mixin.py:109} INFO - [2022-03-24 03:16:05,291] {dag.py:2398} INFO - Sync 1 DAGs
[2022-03-24 03:16:05,363] {logging_mixin.py:109} INFO - [2022-03-24 03:16:05,363] {dag.py:2937} INFO - Setting next_dagrun for example_task_group_decorator to 2022-03-23T03:16:05.363516+00:00
[2022-03-24 03:16:05,381] {processor.py:171} INFO - Processing /home/airflow/.local/lib/python3.7/site-packages/airflow/example_dags/example_task_group_decorator.py took 0.419 seconds
[2022-03-24 03:16:35,697] {processor.py:163} INFO - Started process (PID=2875) to work on /home/airflow/.local/lib/python3.7/site-packages/airflow/example_dags/example_task_group_decorator.py
[2022-03-24 03:16:35,702] {processor.py:642} INFO - Processing file /home/airflow/.local/lib/python3.7/site-packages/airflow/example_dags/example_task_group_decorator.py for tasks to queue
[2022-03-24 03:16:35,705] {logging_mixin.py:109} INFO - [2022-03-24 03:16:35,704] {dagbag.py:500} INFO - Filling up the DagBag from /home/airflow/.local/lib/python3.7/site-packages/airflow/example_dags/example_task_group_decorator.py
[2022-03-24 03:16:35,771] {processor.py:654} INFO - DAG(s) dict_keys(['example_task_group_decorator']) retrieved from /home/airflow/.local/lib/python3.7/site-packages/airflow/example_dags/example_task_group_decorator.py
[2022-03-24 03:16:36,015] {logging_mixin.py:109} INFO - [2022-03-24 03:16:36,015] {dag.py:2398} INFO - Sync 1 DAGs
[2022-03-24 03:16:36,036] {logging_mixin.py:109} INFO - [2022-03-24 03:16:36,036] {dag.py:2937} INFO - Setting next_dagrun for example_task_group_decorator to 2022-03-23T03:16:36.036136+00:00
[2022-03-24 03:16:36,054] {processor.py:171} INFO - Processing /home/airflow/.local/lib/python3.7/site-packages/airflow/example_dags/example_task_group_decorator.py took 0.366 seconds
[2022-03-24 03:17:07,033] {processor.py:163} INFO - Started process (PID=2927) to work on /home/airflow/.local/lib/python3.7/site-packages/airflow/example_dags/example_task_group_decorator.py
[2022-03-24 03:17:07,250] {processor.py:642} INFO - Processing file /home/airflow/.local/lib/python3.7/site-packages/airflow/example_dags/example_task_group_decorator.py for tasks to queue
[2022-03-24 03:17:07,252] {logging_mixin.py:109} INFO - [2022-03-24 03:17:07,252] {dagbag.py:500} INFO - Filling up the DagBag from /home/airflow/.local/lib/python3.7/site-packages/airflow/example_dags/example_task_group_decorator.py
[2022-03-24 03:17:07,327] {processor.py:654} INFO - DAG(s) dict_keys(['example_task_group_decorator']) retrieved from /home/airflow/.local/lib/python3.7/site-packages/airflow/example_dags/example_task_group_decorator.py
[2022-03-24 03:17:07,656] {logging_mixin.py:109} INFO - [2022-03-24 03:17:07,656] {dag.py:2398} INFO - Sync 1 DAGs
[2022-03-24 03:17:07,738] {logging_mixin.py:109} INFO - [2022-03-24 03:17:07,738] {dag.py:2937} INFO - Setting next_dagrun for example_task_group_decorator to 2022-03-23T03:17:07.735931+00:00
[2022-03-24 03:17:07,780] {processor.py:171} INFO - Processing /home/airflow/.local/lib/python3.7/site-packages/airflow/example_dags/example_task_group_decorator.py took 0.755 seconds
[2022-03-24 03:17:37,909] {processor.py:163} INFO - Started process (PID=2988) to work on /home/airflow/.local/lib/python3.7/site-packages/airflow/example_dags/example_task_group_decorator.py
[2022-03-24 03:17:37,923] {processor.py:642} INFO - Processing file /home/airflow/.local/lib/python3.7/site-packages/airflow/example_dags/example_task_group_decorator.py for tasks to queue
[2022-03-24 03:17:37,928] {logging_mixin.py:109} INFO - [2022-03-24 03:17:37,927] {dagbag.py:500} INFO - Filling up the DagBag from /home/airflow/.local/lib/python3.7/site-packages/airflow/example_dags/example_task_group_decorator.py
[2022-03-24 03:17:38,043] {processor.py:654} INFO - DAG(s) dict_keys(['example_task_group_decorator']) retrieved from /home/airflow/.local/lib/python3.7/site-packages/airflow/example_dags/example_task_group_decorator.py
[2022-03-24 03:17:38,397] {logging_mixin.py:109} INFO - [2022-03-24 03:17:38,397] {dag.py:2398} INFO - Sync 1 DAGs
[2022-03-24 03:17:38,434] {logging_mixin.py:109} INFO - [2022-03-24 03:17:38,434] {dag.py:2937} INFO - Setting next_dagrun for example_task_group_decorator to 2022-03-23T03:17:38.434040+00:00
[2022-03-24 03:17:38,496] {processor.py:171} INFO - Processing /home/airflow/.local/lib/python3.7/site-packages/airflow/example_dags/example_task_group_decorator.py took 0.602 seconds
[2022-03-24 03:18:08,601] {processor.py:163} INFO - Started process (PID=3040) to work on /home/airflow/.local/lib/python3.7/site-packages/airflow/example_dags/example_task_group_decorator.py
[2022-03-24 03:18:08,603] {processor.py:642} INFO - Processing file /home/airflow/.local/lib/python3.7/site-packages/airflow/example_dags/example_task_group_decorator.py for tasks to queue
[2022-03-24 03:18:08,605] {logging_mixin.py:109} INFO - [2022-03-24 03:18:08,604] {dagbag.py:500} INFO - Filling up the DagBag from /home/airflow/.local/lib/python3.7/site-packages/airflow/example_dags/example_task_group_decorator.py
[2022-03-24 03:18:08,661] {processor.py:654} INFO - DAG(s) dict_keys(['example_task_group_decorator']) retrieved from /home/airflow/.local/lib/python3.7/site-packages/airflow/example_dags/example_task_group_decorator.py
[2022-03-24 03:18:08,893] {logging_mixin.py:109} INFO - [2022-03-24 03:18:08,893] {dag.py:2398} INFO - Sync 1 DAGs
[2022-03-24 03:18:08,910] {logging_mixin.py:109} INFO - [2022-03-24 03:18:08,910] {dag.py:2937} INFO - Setting next_dagrun for example_task_group_decorator to 2022-03-23T03:18:08.909701+00:00
[2022-03-24 03:18:08,925] {processor.py:171} INFO - Processing /home/airflow/.local/lib/python3.7/site-packages/airflow/example_dags/example_task_group_decorator.py took 0.330 seconds
[2022-03-24 03:18:39,386] {processor.py:163} INFO - Started process (PID=3091) to work on /home/airflow/.local/lib/python3.7/site-packages/airflow/example_dags/example_task_group_decorator.py
[2022-03-24 03:18:39,389] {processor.py:642} INFO - Processing file /home/airflow/.local/lib/python3.7/site-packages/airflow/example_dags/example_task_group_decorator.py for tasks to queue
[2022-03-24 03:18:39,390] {logging_mixin.py:109} INFO - [2022-03-24 03:18:39,390] {dagbag.py:500} INFO - Filling up the DagBag from /home/airflow/.local/lib/python3.7/site-packages/airflow/example_dags/example_task_group_decorator.py
[2022-03-24 03:18:39,445] {processor.py:654} INFO - DAG(s) dict_keys(['example_task_group_decorator']) retrieved from /home/airflow/.local/lib/python3.7/site-packages/airflow/example_dags/example_task_group_decorator.py
[2022-03-24 03:18:39,712] {logging_mixin.py:109} INFO - [2022-03-24 03:18:39,712] {dag.py:2398} INFO - Sync 1 DAGs
[2022-03-24 03:18:39,728] {logging_mixin.py:109} INFO - [2022-03-24 03:18:39,728] {dag.py:2937} INFO - Setting next_dagrun for example_task_group_decorator to 2022-03-23T03:18:39.728208+00:00
[2022-03-24 03:18:39,742] {processor.py:171} INFO - Processing /home/airflow/.local/lib/python3.7/site-packages/airflow/example_dags/example_task_group_decorator.py took 0.360 seconds
[2022-03-24 03:19:10,228] {processor.py:163} INFO - Started process (PID=3146) to work on /home/airflow/.local/lib/python3.7/site-packages/airflow/example_dags/example_task_group_decorator.py
[2022-03-24 03:19:10,368] {processor.py:642} INFO - Processing file /home/airflow/.local/lib/python3.7/site-packages/airflow/example_dags/example_task_group_decorator.py for tasks to queue
[2022-03-24 03:19:10,507] {logging_mixin.py:109} INFO - [2022-03-24 03:19:10,507] {dagbag.py:500} INFO - Filling up the DagBag from /home/airflow/.local/lib/python3.7/site-packages/airflow/example_dags/example_task_group_decorator.py
[2022-03-24 03:19:10,575] {processor.py:654} INFO - DAG(s) dict_keys(['example_task_group_decorator']) retrieved from /home/airflow/.local/lib/python3.7/site-packages/airflow/example_dags/example_task_group_decorator.py
[2022-03-24 03:19:11,396] {logging_mixin.py:109} INFO - [2022-03-24 03:19:11,396] {dag.py:2398} INFO - Sync 1 DAGs
[2022-03-24 03:19:11,460] {logging_mixin.py:109} INFO - [2022-03-24 03:19:11,460] {dag.py:2937} INFO - Setting next_dagrun for example_task_group_decorator to 2022-03-23T03:19:11.459840+00:00
[2022-03-24 03:19:11,995] {processor.py:171} INFO - Processing /home/airflow/.local/lib/python3.7/site-packages/airflow/example_dags/example_task_group_decorator.py took 1.776 seconds
[2022-03-24 03:19:42,330] {processor.py:163} INFO - Started process (PID=3198) to work on /home/airflow/.local/lib/python3.7/site-packages/airflow/example_dags/example_task_group_decorator.py
[2022-03-24 03:19:42,333] {processor.py:642} INFO - Processing file /home/airflow/.local/lib/python3.7/site-packages/airflow/example_dags/example_task_group_decorator.py for tasks to queue
[2022-03-24 03:19:42,339] {logging_mixin.py:109} INFO - [2022-03-24 03:19:42,339] {dagbag.py:500} INFO - Filling up the DagBag from /home/airflow/.local/lib/python3.7/site-packages/airflow/example_dags/example_task_group_decorator.py
[2022-03-24 03:19:42,484] {processor.py:654} INFO - DAG(s) dict_keys(['example_task_group_decorator']) retrieved from /home/airflow/.local/lib/python3.7/site-packages/airflow/example_dags/example_task_group_decorator.py
[2022-03-24 03:19:42,717] {logging_mixin.py:109} INFO - [2022-03-24 03:19:42,717] {dag.py:2398} INFO - Sync 1 DAGs
[2022-03-24 03:19:42,733] {logging_mixin.py:109} INFO - [2022-03-24 03:19:42,733] {dag.py:2937} INFO - Setting next_dagrun for example_task_group_decorator to 2022-03-23T03:19:42.733033+00:00
[2022-03-24 03:19:42,748] {processor.py:171} INFO - Processing /home/airflow/.local/lib/python3.7/site-packages/airflow/example_dags/example_task_group_decorator.py took 0.433 seconds
[2022-03-24 03:20:13,623] {processor.py:163} INFO - Started process (PID=3261) to work on /home/airflow/.local/lib/python3.7/site-packages/airflow/example_dags/example_task_group_decorator.py
[2022-03-24 03:20:13,627] {processor.py:642} INFO - Processing file /home/airflow/.local/lib/python3.7/site-packages/airflow/example_dags/example_task_group_decorator.py for tasks to queue
[2022-03-24 03:20:13,634] {logging_mixin.py:109} INFO - [2022-03-24 03:20:13,631] {dagbag.py:500} INFO - Filling up the DagBag from /home/airflow/.local/lib/python3.7/site-packages/airflow/example_dags/example_task_group_decorator.py
[2022-03-24 03:20:13,892] {processor.py:654} INFO - DAG(s) dict_keys(['example_task_group_decorator']) retrieved from /home/airflow/.local/lib/python3.7/site-packages/airflow/example_dags/example_task_group_decorator.py
[2022-03-24 03:20:14,803] {logging_mixin.py:109} INFO - [2022-03-24 03:20:14,803] {dag.py:2398} INFO - Sync 1 DAGs
[2022-03-24 03:20:14,858] {logging_mixin.py:109} INFO - [2022-03-24 03:20:14,858] {dag.py:2937} INFO - Setting next_dagrun for example_task_group_decorator to 2022-03-23T03:20:14.858525+00:00
[2022-03-24 03:20:14,902] {processor.py:171} INFO - Processing /home/airflow/.local/lib/python3.7/site-packages/airflow/example_dags/example_task_group_decorator.py took 1.300 seconds
