[2022-03-24 02:50:42,689] {processor.py:163} INFO - Started process (PID=275) to work on /home/airflow/.local/lib/python3.7/site-packages/airflow/example_dags/example_time_delta_sensor_async.py
[2022-03-24 02:50:42,691] {processor.py:642} INFO - Processing file /home/airflow/.local/lib/python3.7/site-packages/airflow/example_dags/example_time_delta_sensor_async.py for tasks to queue
[2022-03-24 02:50:42,692] {logging_mixin.py:109} INFO - [2022-03-24 02:50:42,692] {dagbag.py:500} INFO - Filling up the DagBag from /home/airflow/.local/lib/python3.7/site-packages/airflow/example_dags/example_time_delta_sensor_async.py
[2022-03-24 02:50:42,818] {processor.py:654} INFO - DAG(s) dict_keys(['example_time_delta_sensor_async']) retrieved from /home/airflow/.local/lib/python3.7/site-packages/airflow/example_dags/example_time_delta_sensor_async.py
[2022-03-24 02:50:46,135] {logging_mixin.py:109} INFO - [2022-03-24 02:50:46,134] {manager.py:496} INFO - Created Permission View: can edit on DAG:example_time_delta_sensor_async
[2022-03-24 02:50:46,161] {logging_mixin.py:109} INFO - [2022-03-24 02:50:46,161] {manager.py:496} INFO - Created Permission View: can read on DAG:example_time_delta_sensor_async
[2022-03-24 02:50:46,162] {logging_mixin.py:109} INFO - [2022-03-24 02:50:46,162] {dag.py:2398} INFO - Sync 1 DAGs
[2022-03-24 02:50:46,183] {logging_mixin.py:109} INFO - [2022-03-24 02:50:46,182] {dag.py:2417} INFO - Creating ORM DAG for example_time_delta_sensor_async
[2022-03-24 02:50:46,196] {logging_mixin.py:109} INFO - [2022-03-24 02:50:46,196] {dag.py:2937} INFO - Setting next_dagrun for example_time_delta_sensor_async to None
[2022-03-24 02:50:46,224] {processor.py:171} INFO - Processing /home/airflow/.local/lib/python3.7/site-packages/airflow/example_dags/example_time_delta_sensor_async.py took 3.547 seconds
[2022-03-24 02:51:18,727] {processor.py:163} INFO - Started process (PID=348) to work on /home/airflow/.local/lib/python3.7/site-packages/airflow/example_dags/example_time_delta_sensor_async.py
[2022-03-24 02:51:18,735] {processor.py:642} INFO - Processing file /home/airflow/.local/lib/python3.7/site-packages/airflow/example_dags/example_time_delta_sensor_async.py for tasks to queue
[2022-03-24 02:51:18,739] {logging_mixin.py:109} INFO - [2022-03-24 02:51:18,739] {dagbag.py:500} INFO - Filling up the DagBag from /home/airflow/.local/lib/python3.7/site-packages/airflow/example_dags/example_time_delta_sensor_async.py
[2022-03-24 02:51:18,817] {processor.py:654} INFO - DAG(s) dict_keys(['example_time_delta_sensor_async']) retrieved from /home/airflow/.local/lib/python3.7/site-packages/airflow/example_dags/example_time_delta_sensor_async.py
[2022-03-24 02:51:18,840] {logging_mixin.py:109} INFO - [2022-03-24 02:51:18,839] {dag.py:2398} INFO - Sync 1 DAGs
[2022-03-24 02:51:18,856] {logging_mixin.py:109} INFO - [2022-03-24 02:51:18,856] {dag.py:2937} INFO - Setting next_dagrun for example_time_delta_sensor_async to None
[2022-03-24 02:51:18,875] {processor.py:171} INFO - Processing /home/airflow/.local/lib/python3.7/site-packages/airflow/example_dags/example_time_delta_sensor_async.py took 0.169 seconds
[2022-03-24 02:51:51,719] {processor.py:163} INFO - Started process (PID=410) to work on /home/airflow/.local/lib/python3.7/site-packages/airflow/example_dags/example_time_delta_sensor_async.py
[2022-03-24 02:51:51,724] {processor.py:642} INFO - Processing file /home/airflow/.local/lib/python3.7/site-packages/airflow/example_dags/example_time_delta_sensor_async.py for tasks to queue
[2022-03-24 02:51:51,731] {logging_mixin.py:109} INFO - [2022-03-24 02:51:51,731] {dagbag.py:500} INFO - Filling up the DagBag from /home/airflow/.local/lib/python3.7/site-packages/airflow/example_dags/example_time_delta_sensor_async.py
[2022-03-24 02:51:51,930] {processor.py:654} INFO - DAG(s) dict_keys(['example_time_delta_sensor_async']) retrieved from /home/airflow/.local/lib/python3.7/site-packages/airflow/example_dags/example_time_delta_sensor_async.py
[2022-03-24 02:51:51,956] {logging_mixin.py:109} INFO - [2022-03-24 02:51:51,956] {dag.py:2398} INFO - Sync 1 DAGs
[2022-03-24 02:51:51,995] {logging_mixin.py:109} INFO - [2022-03-24 02:51:51,994] {dag.py:2937} INFO - Setting next_dagrun for example_time_delta_sensor_async to None
[2022-03-24 02:51:52,044] {processor.py:171} INFO - Processing /home/airflow/.local/lib/python3.7/site-packages/airflow/example_dags/example_time_delta_sensor_async.py took 0.342 seconds
[2022-03-24 02:52:22,771] {processor.py:163} INFO - Started process (PID=461) to work on /home/airflow/.local/lib/python3.7/site-packages/airflow/example_dags/example_time_delta_sensor_async.py
[2022-03-24 02:52:22,775] {processor.py:642} INFO - Processing file /home/airflow/.local/lib/python3.7/site-packages/airflow/example_dags/example_time_delta_sensor_async.py for tasks to queue
[2022-03-24 02:52:22,777] {logging_mixin.py:109} INFO - [2022-03-24 02:52:22,777] {dagbag.py:500} INFO - Filling up the DagBag from /home/airflow/.local/lib/python3.7/site-packages/airflow/example_dags/example_time_delta_sensor_async.py
[2022-03-24 02:52:22,877] {processor.py:654} INFO - DAG(s) dict_keys(['example_time_delta_sensor_async']) retrieved from /home/airflow/.local/lib/python3.7/site-packages/airflow/example_dags/example_time_delta_sensor_async.py
[2022-03-24 02:52:22,905] {logging_mixin.py:109} INFO - [2022-03-24 02:52:22,905] {dag.py:2398} INFO - Sync 1 DAGs
[2022-03-24 02:52:22,942] {logging_mixin.py:109} INFO - [2022-03-24 02:52:22,941] {dag.py:2937} INFO - Setting next_dagrun for example_time_delta_sensor_async to None
[2022-03-24 02:52:22,969] {processor.py:171} INFO - Processing /home/airflow/.local/lib/python3.7/site-packages/airflow/example_dags/example_time_delta_sensor_async.py took 0.214 seconds
[2022-03-24 02:52:53,441] {processor.py:163} INFO - Started process (PID=511) to work on /home/airflow/.local/lib/python3.7/site-packages/airflow/example_dags/example_time_delta_sensor_async.py
[2022-03-24 02:52:53,446] {processor.py:642} INFO - Processing file /home/airflow/.local/lib/python3.7/site-packages/airflow/example_dags/example_time_delta_sensor_async.py for tasks to queue
[2022-03-24 02:52:53,449] {logging_mixin.py:109} INFO - [2022-03-24 02:52:53,449] {dagbag.py:500} INFO - Filling up the DagBag from /home/airflow/.local/lib/python3.7/site-packages/airflow/example_dags/example_time_delta_sensor_async.py
[2022-03-24 02:52:53,501] {processor.py:654} INFO - DAG(s) dict_keys(['example_time_delta_sensor_async']) retrieved from /home/airflow/.local/lib/python3.7/site-packages/airflow/example_dags/example_time_delta_sensor_async.py
[2022-03-24 02:52:53,516] {logging_mixin.py:109} INFO - [2022-03-24 02:52:53,516] {dag.py:2398} INFO - Sync 1 DAGs
[2022-03-24 02:52:53,543] {logging_mixin.py:109} INFO - [2022-03-24 02:52:53,543] {dag.py:2937} INFO - Setting next_dagrun for example_time_delta_sensor_async to None
[2022-03-24 02:52:53,561] {processor.py:171} INFO - Processing /home/airflow/.local/lib/python3.7/site-packages/airflow/example_dags/example_time_delta_sensor_async.py took 0.129 seconds
[2022-03-24 02:53:24,433] {processor.py:163} INFO - Started process (PID=560) to work on /home/airflow/.local/lib/python3.7/site-packages/airflow/example_dags/example_time_delta_sensor_async.py
[2022-03-24 02:53:24,469] {processor.py:642} INFO - Processing file /home/airflow/.local/lib/python3.7/site-packages/airflow/example_dags/example_time_delta_sensor_async.py for tasks to queue
[2022-03-24 02:53:24,492] {logging_mixin.py:109} INFO - [2022-03-24 02:53:24,492] {dagbag.py:500} INFO - Filling up the DagBag from /home/airflow/.local/lib/python3.7/site-packages/airflow/example_dags/example_time_delta_sensor_async.py
[2022-03-24 02:53:24,598] {processor.py:654} INFO - DAG(s) dict_keys(['example_time_delta_sensor_async']) retrieved from /home/airflow/.local/lib/python3.7/site-packages/airflow/example_dags/example_time_delta_sensor_async.py
[2022-03-24 02:53:24,637] {logging_mixin.py:109} INFO - [2022-03-24 02:53:24,637] {dag.py:2398} INFO - Sync 1 DAGs
[2022-03-24 02:53:24,687] {logging_mixin.py:109} INFO - [2022-03-24 02:53:24,687] {dag.py:2937} INFO - Setting next_dagrun for example_time_delta_sensor_async to None
[2022-03-24 02:53:24,718] {processor.py:171} INFO - Processing /home/airflow/.local/lib/python3.7/site-packages/airflow/example_dags/example_time_delta_sensor_async.py took 0.299 seconds
[2022-03-24 02:54:10,244] {processor.py:163} INFO - Started process (PID=623) to work on /home/airflow/.local/lib/python3.7/site-packages/airflow/example_dags/example_time_delta_sensor_async.py
[2022-03-24 02:54:10,613] {processor.py:642} INFO - Processing file /home/airflow/.local/lib/python3.7/site-packages/airflow/example_dags/example_time_delta_sensor_async.py for tasks to queue
[2022-03-24 02:54:10,618] {logging_mixin.py:109} INFO - [2022-03-24 02:54:10,618] {dagbag.py:500} INFO - Filling up the DagBag from /home/airflow/.local/lib/python3.7/site-packages/airflow/example_dags/example_time_delta_sensor_async.py
[2022-03-24 02:54:10,659] {processor.py:654} INFO - DAG(s) dict_keys(['example_time_delta_sensor_async']) retrieved from /home/airflow/.local/lib/python3.7/site-packages/airflow/example_dags/example_time_delta_sensor_async.py
[2022-03-24 02:54:11,021] {logging_mixin.py:109} INFO - [2022-03-24 02:54:11,021] {dag.py:2398} INFO - Sync 1 DAGs
[2022-03-24 02:54:11,176] {logging_mixin.py:109} INFO - [2022-03-24 02:54:11,175] {dag.py:2937} INFO - Setting next_dagrun for example_time_delta_sensor_async to None
[2022-03-24 02:54:11,522] {processor.py:171} INFO - Processing /home/airflow/.local/lib/python3.7/site-packages/airflow/example_dags/example_time_delta_sensor_async.py took 1.282 seconds
[2022-03-24 02:54:49,714] {processor.py:163} INFO - Started process (PID=681) to work on /home/airflow/.local/lib/python3.7/site-packages/airflow/example_dags/example_time_delta_sensor_async.py
[2022-03-24 02:54:49,739] {processor.py:642} INFO - Processing file /home/airflow/.local/lib/python3.7/site-packages/airflow/example_dags/example_time_delta_sensor_async.py for tasks to queue
[2022-03-24 02:54:49,742] {logging_mixin.py:109} INFO - [2022-03-24 02:54:49,742] {dagbag.py:500} INFO - Filling up the DagBag from /home/airflow/.local/lib/python3.7/site-packages/airflow/example_dags/example_time_delta_sensor_async.py
[2022-03-24 02:54:49,821] {processor.py:654} INFO - DAG(s) dict_keys(['example_time_delta_sensor_async']) retrieved from /home/airflow/.local/lib/python3.7/site-packages/airflow/example_dags/example_time_delta_sensor_async.py
[2022-03-24 02:54:49,851] {logging_mixin.py:109} INFO - [2022-03-24 02:54:49,851] {dag.py:2398} INFO - Sync 1 DAGs
[2022-03-24 02:54:49,889] {logging_mixin.py:109} INFO - [2022-03-24 02:54:49,888] {dag.py:2937} INFO - Setting next_dagrun for example_time_delta_sensor_async to None
[2022-03-24 02:54:49,917] {processor.py:171} INFO - Processing /home/airflow/.local/lib/python3.7/site-packages/airflow/example_dags/example_time_delta_sensor_async.py took 0.214 seconds
[2022-03-24 02:55:21,365] {processor.py:163} INFO - Started process (PID=740) to work on /home/airflow/.local/lib/python3.7/site-packages/airflow/example_dags/example_time_delta_sensor_async.py
[2022-03-24 02:55:21,367] {processor.py:642} INFO - Processing file /home/airflow/.local/lib/python3.7/site-packages/airflow/example_dags/example_time_delta_sensor_async.py for tasks to queue
[2022-03-24 02:55:21,369] {logging_mixin.py:109} INFO - [2022-03-24 02:55:21,369] {dagbag.py:500} INFO - Filling up the DagBag from /home/airflow/.local/lib/python3.7/site-packages/airflow/example_dags/example_time_delta_sensor_async.py
[2022-03-24 02:55:21,573] {processor.py:654} INFO - DAG(s) dict_keys(['example_time_delta_sensor_async']) retrieved from /home/airflow/.local/lib/python3.7/site-packages/airflow/example_dags/example_time_delta_sensor_async.py
[2022-03-24 02:55:21,616] {logging_mixin.py:109} INFO - [2022-03-24 02:55:21,616] {dag.py:2398} INFO - Sync 1 DAGs
[2022-03-24 02:55:21,684] {logging_mixin.py:109} INFO - [2022-03-24 02:55:21,680] {dag.py:2937} INFO - Setting next_dagrun for example_time_delta_sensor_async to None
[2022-03-24 02:55:21,719] {processor.py:171} INFO - Processing /home/airflow/.local/lib/python3.7/site-packages/airflow/example_dags/example_time_delta_sensor_async.py took 0.420 seconds
[2022-03-24 02:55:52,433] {processor.py:163} INFO - Started process (PID=784) to work on /home/airflow/.local/lib/python3.7/site-packages/airflow/example_dags/example_time_delta_sensor_async.py
[2022-03-24 02:55:52,438] {processor.py:642} INFO - Processing file /home/airflow/.local/lib/python3.7/site-packages/airflow/example_dags/example_time_delta_sensor_async.py for tasks to queue
[2022-03-24 02:55:52,440] {logging_mixin.py:109} INFO - [2022-03-24 02:55:52,440] {dagbag.py:500} INFO - Filling up the DagBag from /home/airflow/.local/lib/python3.7/site-packages/airflow/example_dags/example_time_delta_sensor_async.py
[2022-03-24 02:55:52,485] {processor.py:654} INFO - DAG(s) dict_keys(['example_time_delta_sensor_async']) retrieved from /home/airflow/.local/lib/python3.7/site-packages/airflow/example_dags/example_time_delta_sensor_async.py
[2022-03-24 02:55:52,503] {logging_mixin.py:109} INFO - [2022-03-24 02:55:52,503] {dag.py:2398} INFO - Sync 1 DAGs
[2022-03-24 02:55:52,554] {logging_mixin.py:109} INFO - [2022-03-24 02:55:52,546] {dag.py:2937} INFO - Setting next_dagrun for example_time_delta_sensor_async to None
[2022-03-24 02:55:52,572] {processor.py:171} INFO - Processing /home/airflow/.local/lib/python3.7/site-packages/airflow/example_dags/example_time_delta_sensor_async.py took 0.145 seconds
[2022-03-24 02:56:39,645] {processor.py:163} INFO - Started process (PID=854) to work on /home/airflow/.local/lib/python3.7/site-packages/airflow/example_dags/example_time_delta_sensor_async.py
[2022-03-24 02:56:39,659] {processor.py:642} INFO - Processing file /home/airflow/.local/lib/python3.7/site-packages/airflow/example_dags/example_time_delta_sensor_async.py for tasks to queue
[2022-03-24 02:56:39,669] {logging_mixin.py:109} INFO - [2022-03-24 02:56:39,669] {dagbag.py:500} INFO - Filling up the DagBag from /home/airflow/.local/lib/python3.7/site-packages/airflow/example_dags/example_time_delta_sensor_async.py
[2022-03-24 02:56:39,926] {processor.py:654} INFO - DAG(s) dict_keys(['example_time_delta_sensor_async']) retrieved from /home/airflow/.local/lib/python3.7/site-packages/airflow/example_dags/example_time_delta_sensor_async.py
[2022-03-24 02:56:39,998] {logging_mixin.py:109} INFO - [2022-03-24 02:56:39,998] {dag.py:2398} INFO - Sync 1 DAGs
[2022-03-24 02:56:40,083] {logging_mixin.py:109} INFO - [2022-03-24 02:56:40,083] {dag.py:2937} INFO - Setting next_dagrun for example_time_delta_sensor_async to None
[2022-03-24 02:56:40,119] {processor.py:171} INFO - Processing /home/airflow/.local/lib/python3.7/site-packages/airflow/example_dags/example_time_delta_sensor_async.py took 0.484 seconds
[2022-03-24 02:57:10,379] {processor.py:163} INFO - Started process (PID=903) to work on /home/airflow/.local/lib/python3.7/site-packages/airflow/example_dags/example_time_delta_sensor_async.py
[2022-03-24 02:57:10,389] {processor.py:642} INFO - Processing file /home/airflow/.local/lib/python3.7/site-packages/airflow/example_dags/example_time_delta_sensor_async.py for tasks to queue
[2022-03-24 02:57:10,395] {logging_mixin.py:109} INFO - [2022-03-24 02:57:10,394] {dagbag.py:500} INFO - Filling up the DagBag from /home/airflow/.local/lib/python3.7/site-packages/airflow/example_dags/example_time_delta_sensor_async.py
[2022-03-24 02:57:10,502] {processor.py:654} INFO - DAG(s) dict_keys(['example_time_delta_sensor_async']) retrieved from /home/airflow/.local/lib/python3.7/site-packages/airflow/example_dags/example_time_delta_sensor_async.py
[2022-03-24 02:57:10,534] {logging_mixin.py:109} INFO - [2022-03-24 02:57:10,534] {dag.py:2398} INFO - Sync 1 DAGs
[2022-03-24 02:57:10,593] {logging_mixin.py:109} INFO - [2022-03-24 02:57:10,592] {dag.py:2937} INFO - Setting next_dagrun for example_time_delta_sensor_async to None
[2022-03-24 02:57:10,622] {processor.py:171} INFO - Processing /home/airflow/.local/lib/python3.7/site-packages/airflow/example_dags/example_time_delta_sensor_async.py took 0.251 seconds
[2022-03-24 02:57:41,155] {processor.py:163} INFO - Started process (PID=961) to work on /home/airflow/.local/lib/python3.7/site-packages/airflow/example_dags/example_time_delta_sensor_async.py
[2022-03-24 02:57:41,164] {processor.py:642} INFO - Processing file /home/airflow/.local/lib/python3.7/site-packages/airflow/example_dags/example_time_delta_sensor_async.py for tasks to queue
[2022-03-24 02:57:41,168] {logging_mixin.py:109} INFO - [2022-03-24 02:57:41,167] {dagbag.py:500} INFO - Filling up the DagBag from /home/airflow/.local/lib/python3.7/site-packages/airflow/example_dags/example_time_delta_sensor_async.py
[2022-03-24 02:57:41,240] {processor.py:654} INFO - DAG(s) dict_keys(['example_time_delta_sensor_async']) retrieved from /home/airflow/.local/lib/python3.7/site-packages/airflow/example_dags/example_time_delta_sensor_async.py
[2022-03-24 02:57:41,274] {logging_mixin.py:109} INFO - [2022-03-24 02:57:41,274] {dag.py:2398} INFO - Sync 1 DAGs
[2022-03-24 02:57:41,321] {logging_mixin.py:109} INFO - [2022-03-24 02:57:41,321] {dag.py:2937} INFO - Setting next_dagrun for example_time_delta_sensor_async to None
[2022-03-24 02:57:41,338] {processor.py:171} INFO - Processing /home/airflow/.local/lib/python3.7/site-packages/airflow/example_dags/example_time_delta_sensor_async.py took 0.192 seconds
[2022-03-24 02:58:11,499] {processor.py:163} INFO - Started process (PID=1013) to work on /home/airflow/.local/lib/python3.7/site-packages/airflow/example_dags/example_time_delta_sensor_async.py
[2022-03-24 02:58:11,506] {processor.py:642} INFO - Processing file /home/airflow/.local/lib/python3.7/site-packages/airflow/example_dags/example_time_delta_sensor_async.py for tasks to queue
[2022-03-24 02:58:11,512] {logging_mixin.py:109} INFO - [2022-03-24 02:58:11,511] {dagbag.py:500} INFO - Filling up the DagBag from /home/airflow/.local/lib/python3.7/site-packages/airflow/example_dags/example_time_delta_sensor_async.py
[2022-03-24 02:58:11,581] {processor.py:654} INFO - DAG(s) dict_keys(['example_time_delta_sensor_async']) retrieved from /home/airflow/.local/lib/python3.7/site-packages/airflow/example_dags/example_time_delta_sensor_async.py
[2022-03-24 02:58:11,594] {logging_mixin.py:109} INFO - [2022-03-24 02:58:11,594] {dag.py:2398} INFO - Sync 1 DAGs
[2022-03-24 02:58:11,616] {logging_mixin.py:109} INFO - [2022-03-24 02:58:11,616] {dag.py:2937} INFO - Setting next_dagrun for example_time_delta_sensor_async to None
[2022-03-24 02:58:11,634] {processor.py:171} INFO - Processing /home/airflow/.local/lib/python3.7/site-packages/airflow/example_dags/example_time_delta_sensor_async.py took 0.156 seconds
[2022-03-24 02:58:42,632] {processor.py:163} INFO - Started process (PID=1065) to work on /home/airflow/.local/lib/python3.7/site-packages/airflow/example_dags/example_time_delta_sensor_async.py
[2022-03-24 02:58:42,653] {processor.py:642} INFO - Processing file /home/airflow/.local/lib/python3.7/site-packages/airflow/example_dags/example_time_delta_sensor_async.py for tasks to queue
[2022-03-24 02:58:42,667] {logging_mixin.py:109} INFO - [2022-03-24 02:58:42,666] {dagbag.py:500} INFO - Filling up the DagBag from /home/airflow/.local/lib/python3.7/site-packages/airflow/example_dags/example_time_delta_sensor_async.py
[2022-03-24 02:58:43,006] {processor.py:654} INFO - DAG(s) dict_keys(['example_time_delta_sensor_async']) retrieved from /home/airflow/.local/lib/python3.7/site-packages/airflow/example_dags/example_time_delta_sensor_async.py
[2022-03-24 02:58:43,059] {logging_mixin.py:109} INFO - [2022-03-24 02:58:43,059] {dag.py:2398} INFO - Sync 1 DAGs
[2022-03-24 02:58:43,094] {logging_mixin.py:109} INFO - [2022-03-24 02:58:43,094] {dag.py:2937} INFO - Setting next_dagrun for example_time_delta_sensor_async to None
[2022-03-24 02:58:43,363] {processor.py:171} INFO - Processing /home/airflow/.local/lib/python3.7/site-packages/airflow/example_dags/example_time_delta_sensor_async.py took 0.745 seconds
[2022-03-24 02:59:13,591] {processor.py:163} INFO - Started process (PID=1117) to work on /home/airflow/.local/lib/python3.7/site-packages/airflow/example_dags/example_time_delta_sensor_async.py
[2022-03-24 02:59:14,284] {processor.py:642} INFO - Processing file /home/airflow/.local/lib/python3.7/site-packages/airflow/example_dags/example_time_delta_sensor_async.py for tasks to queue
[2022-03-24 02:59:14,296] {logging_mixin.py:109} INFO - [2022-03-24 02:59:14,296] {dagbag.py:500} INFO - Filling up the DagBag from /home/airflow/.local/lib/python3.7/site-packages/airflow/example_dags/example_time_delta_sensor_async.py
[2022-03-24 02:59:14,435] {processor.py:654} INFO - DAG(s) dict_keys(['example_time_delta_sensor_async']) retrieved from /home/airflow/.local/lib/python3.7/site-packages/airflow/example_dags/example_time_delta_sensor_async.py
[2022-03-24 02:59:14,473] {logging_mixin.py:109} INFO - [2022-03-24 02:59:14,473] {dag.py:2398} INFO - Sync 1 DAGs
[2022-03-24 02:59:14,523] {logging_mixin.py:109} INFO - [2022-03-24 02:59:14,523] {dag.py:2937} INFO - Setting next_dagrun for example_time_delta_sensor_async to None
[2022-03-24 02:59:14,607] {processor.py:171} INFO - Processing /home/airflow/.local/lib/python3.7/site-packages/airflow/example_dags/example_time_delta_sensor_async.py took 1.023 seconds
[2022-03-24 02:59:45,518] {processor.py:163} INFO - Started process (PID=1172) to work on /home/airflow/.local/lib/python3.7/site-packages/airflow/example_dags/example_time_delta_sensor_async.py
[2022-03-24 02:59:45,520] {processor.py:642} INFO - Processing file /home/airflow/.local/lib/python3.7/site-packages/airflow/example_dags/example_time_delta_sensor_async.py for tasks to queue
[2022-03-24 02:59:45,522] {logging_mixin.py:109} INFO - [2022-03-24 02:59:45,522] {dagbag.py:500} INFO - Filling up the DagBag from /home/airflow/.local/lib/python3.7/site-packages/airflow/example_dags/example_time_delta_sensor_async.py
[2022-03-24 02:59:45,561] {processor.py:654} INFO - DAG(s) dict_keys(['example_time_delta_sensor_async']) retrieved from /home/airflow/.local/lib/python3.7/site-packages/airflow/example_dags/example_time_delta_sensor_async.py
[2022-03-24 02:59:45,581] {logging_mixin.py:109} INFO - [2022-03-24 02:59:45,580] {dag.py:2398} INFO - Sync 1 DAGs
[2022-03-24 02:59:45,610] {logging_mixin.py:109} INFO - [2022-03-24 02:59:45,610] {dag.py:2937} INFO - Setting next_dagrun for example_time_delta_sensor_async to None
[2022-03-24 02:59:45,628] {processor.py:171} INFO - Processing /home/airflow/.local/lib/python3.7/site-packages/airflow/example_dags/example_time_delta_sensor_async.py took 0.114 seconds
[2022-03-24 03:00:16,054] {processor.py:163} INFO - Started process (PID=1222) to work on /home/airflow/.local/lib/python3.7/site-packages/airflow/example_dags/example_time_delta_sensor_async.py
[2022-03-24 03:00:16,268] {processor.py:642} INFO - Processing file /home/airflow/.local/lib/python3.7/site-packages/airflow/example_dags/example_time_delta_sensor_async.py for tasks to queue
[2022-03-24 03:00:16,278] {logging_mixin.py:109} INFO - [2022-03-24 03:00:16,277] {dagbag.py:500} INFO - Filling up the DagBag from /home/airflow/.local/lib/python3.7/site-packages/airflow/example_dags/example_time_delta_sensor_async.py
[2022-03-24 03:00:16,587] {processor.py:654} INFO - DAG(s) dict_keys(['example_time_delta_sensor_async']) retrieved from /home/airflow/.local/lib/python3.7/site-packages/airflow/example_dags/example_time_delta_sensor_async.py
[2022-03-24 03:00:16,784] {logging_mixin.py:109} INFO - [2022-03-24 03:00:16,784] {dag.py:2398} INFO - Sync 1 DAGs
[2022-03-24 03:00:16,812] {logging_mixin.py:109} INFO - [2022-03-24 03:00:16,812] {dag.py:2937} INFO - Setting next_dagrun for example_time_delta_sensor_async to None
[2022-03-24 03:00:16,832] {processor.py:171} INFO - Processing /home/airflow/.local/lib/python3.7/site-packages/airflow/example_dags/example_time_delta_sensor_async.py took 0.783 seconds
[2022-03-24 03:00:47,205] {processor.py:163} INFO - Started process (PID=1272) to work on /home/airflow/.local/lib/python3.7/site-packages/airflow/example_dags/example_time_delta_sensor_async.py
[2022-03-24 03:00:47,208] {processor.py:642} INFO - Processing file /home/airflow/.local/lib/python3.7/site-packages/airflow/example_dags/example_time_delta_sensor_async.py for tasks to queue
[2022-03-24 03:00:47,210] {logging_mixin.py:109} INFO - [2022-03-24 03:00:47,210] {dagbag.py:500} INFO - Filling up the DagBag from /home/airflow/.local/lib/python3.7/site-packages/airflow/example_dags/example_time_delta_sensor_async.py
[2022-03-24 03:00:47,249] {processor.py:654} INFO - DAG(s) dict_keys(['example_time_delta_sensor_async']) retrieved from /home/airflow/.local/lib/python3.7/site-packages/airflow/example_dags/example_time_delta_sensor_async.py
[2022-03-24 03:00:47,266] {logging_mixin.py:109} INFO - [2022-03-24 03:00:47,266] {dag.py:2398} INFO - Sync 1 DAGs
[2022-03-24 03:00:47,281] {logging_mixin.py:109} INFO - [2022-03-24 03:00:47,280] {dag.py:2937} INFO - Setting next_dagrun for example_time_delta_sensor_async to None
[2022-03-24 03:00:47,294] {processor.py:171} INFO - Processing /home/airflow/.local/lib/python3.7/site-packages/airflow/example_dags/example_time_delta_sensor_async.py took 0.093 seconds
[2022-03-24 03:01:17,427] {processor.py:163} INFO - Started process (PID=1321) to work on /home/airflow/.local/lib/python3.7/site-packages/airflow/example_dags/example_time_delta_sensor_async.py
[2022-03-24 03:01:17,431] {processor.py:642} INFO - Processing file /home/airflow/.local/lib/python3.7/site-packages/airflow/example_dags/example_time_delta_sensor_async.py for tasks to queue
[2022-03-24 03:01:17,433] {logging_mixin.py:109} INFO - [2022-03-24 03:01:17,433] {dagbag.py:500} INFO - Filling up the DagBag from /home/airflow/.local/lib/python3.7/site-packages/airflow/example_dags/example_time_delta_sensor_async.py
[2022-03-24 03:01:17,492] {processor.py:654} INFO - DAG(s) dict_keys(['example_time_delta_sensor_async']) retrieved from /home/airflow/.local/lib/python3.7/site-packages/airflow/example_dags/example_time_delta_sensor_async.py
[2022-03-24 03:01:17,512] {logging_mixin.py:109} INFO - [2022-03-24 03:01:17,512] {dag.py:2398} INFO - Sync 1 DAGs
[2022-03-24 03:01:17,535] {logging_mixin.py:109} INFO - [2022-03-24 03:01:17,535] {dag.py:2937} INFO - Setting next_dagrun for example_time_delta_sensor_async to None
[2022-03-24 03:01:17,977] {processor.py:171} INFO - Processing /home/airflow/.local/lib/python3.7/site-packages/airflow/example_dags/example_time_delta_sensor_async.py took 0.596 seconds
[2022-03-24 03:01:49,007] {processor.py:163} INFO - Started process (PID=1374) to work on /home/airflow/.local/lib/python3.7/site-packages/airflow/example_dags/example_time_delta_sensor_async.py
[2022-03-24 03:01:49,011] {processor.py:642} INFO - Processing file /home/airflow/.local/lib/python3.7/site-packages/airflow/example_dags/example_time_delta_sensor_async.py for tasks to queue
[2022-03-24 03:01:49,013] {logging_mixin.py:109} INFO - [2022-03-24 03:01:49,013] {dagbag.py:500} INFO - Filling up the DagBag from /home/airflow/.local/lib/python3.7/site-packages/airflow/example_dags/example_time_delta_sensor_async.py
[2022-03-24 03:01:49,067] {processor.py:654} INFO - DAG(s) dict_keys(['example_time_delta_sensor_async']) retrieved from /home/airflow/.local/lib/python3.7/site-packages/airflow/example_dags/example_time_delta_sensor_async.py
[2022-03-24 03:01:49,084] {logging_mixin.py:109} INFO - [2022-03-24 03:01:49,084] {dag.py:2398} INFO - Sync 1 DAGs
[2022-03-24 03:01:49,104] {logging_mixin.py:109} INFO - [2022-03-24 03:01:49,104] {dag.py:2937} INFO - Setting next_dagrun for example_time_delta_sensor_async to None
[2022-03-24 03:01:49,142] {processor.py:171} INFO - Processing /home/airflow/.local/lib/python3.7/site-packages/airflow/example_dags/example_time_delta_sensor_async.py took 0.138 seconds
[2022-03-24 03:02:19,399] {processor.py:163} INFO - Started process (PID=1425) to work on /home/airflow/.local/lib/python3.7/site-packages/airflow/example_dags/example_time_delta_sensor_async.py
[2022-03-24 03:02:19,406] {processor.py:642} INFO - Processing file /home/airflow/.local/lib/python3.7/site-packages/airflow/example_dags/example_time_delta_sensor_async.py for tasks to queue
[2022-03-24 03:02:19,410] {logging_mixin.py:109} INFO - [2022-03-24 03:02:19,410] {dagbag.py:500} INFO - Filling up the DagBag from /home/airflow/.local/lib/python3.7/site-packages/airflow/example_dags/example_time_delta_sensor_async.py
[2022-03-24 03:02:19,458] {processor.py:654} INFO - DAG(s) dict_keys(['example_time_delta_sensor_async']) retrieved from /home/airflow/.local/lib/python3.7/site-packages/airflow/example_dags/example_time_delta_sensor_async.py
[2022-03-24 03:02:19,469] {logging_mixin.py:109} INFO - [2022-03-24 03:02:19,469] {dag.py:2398} INFO - Sync 1 DAGs
[2022-03-24 03:02:19,485] {logging_mixin.py:109} INFO - [2022-03-24 03:02:19,485] {dag.py:2937} INFO - Setting next_dagrun for example_time_delta_sensor_async to None
[2022-03-24 03:02:19,495] {processor.py:171} INFO - Processing /home/airflow/.local/lib/python3.7/site-packages/airflow/example_dags/example_time_delta_sensor_async.py took 0.104 seconds
[2022-03-24 03:02:49,610] {processor.py:163} INFO - Started process (PID=1477) to work on /home/airflow/.local/lib/python3.7/site-packages/airflow/example_dags/example_time_delta_sensor_async.py
[2022-03-24 03:02:49,747] {processor.py:642} INFO - Processing file /home/airflow/.local/lib/python3.7/site-packages/airflow/example_dags/example_time_delta_sensor_async.py for tasks to queue
[2022-03-24 03:02:49,758] {logging_mixin.py:109} INFO - [2022-03-24 03:02:49,758] {dagbag.py:500} INFO - Filling up the DagBag from /home/airflow/.local/lib/python3.7/site-packages/airflow/example_dags/example_time_delta_sensor_async.py
[2022-03-24 03:02:49,835] {processor.py:654} INFO - DAG(s) dict_keys(['example_time_delta_sensor_async']) retrieved from /home/airflow/.local/lib/python3.7/site-packages/airflow/example_dags/example_time_delta_sensor_async.py
[2022-03-24 03:02:49,944] {logging_mixin.py:109} INFO - [2022-03-24 03:02:49,944] {dag.py:2398} INFO - Sync 1 DAGs
[2022-03-24 03:02:50,038] {logging_mixin.py:109} INFO - [2022-03-24 03:02:50,038] {dag.py:2937} INFO - Setting next_dagrun for example_time_delta_sensor_async to None
[2022-03-24 03:02:50,369] {processor.py:171} INFO - Processing /home/airflow/.local/lib/python3.7/site-packages/airflow/example_dags/example_time_delta_sensor_async.py took 0.767 seconds
[2022-03-24 03:03:21,150] {processor.py:163} INFO - Started process (PID=1537) to work on /home/airflow/.local/lib/python3.7/site-packages/airflow/example_dags/example_time_delta_sensor_async.py
[2022-03-24 03:03:21,293] {processor.py:642} INFO - Processing file /home/airflow/.local/lib/python3.7/site-packages/airflow/example_dags/example_time_delta_sensor_async.py for tasks to queue
[2022-03-24 03:03:21,298] {logging_mixin.py:109} INFO - [2022-03-24 03:03:21,298] {dagbag.py:500} INFO - Filling up the DagBag from /home/airflow/.local/lib/python3.7/site-packages/airflow/example_dags/example_time_delta_sensor_async.py
[2022-03-24 03:03:21,530] {processor.py:654} INFO - DAG(s) dict_keys(['example_time_delta_sensor_async']) retrieved from /home/airflow/.local/lib/python3.7/site-packages/airflow/example_dags/example_time_delta_sensor_async.py
[2022-03-24 03:03:21,630] {logging_mixin.py:109} INFO - [2022-03-24 03:03:21,629] {dag.py:2398} INFO - Sync 1 DAGs
[2022-03-24 03:03:21,840] {logging_mixin.py:109} INFO - [2022-03-24 03:03:21,840] {dag.py:2937} INFO - Setting next_dagrun for example_time_delta_sensor_async to None
[2022-03-24 03:03:22,075] {processor.py:171} INFO - Processing /home/airflow/.local/lib/python3.7/site-packages/airflow/example_dags/example_time_delta_sensor_async.py took 0.929 seconds
[2022-03-24 03:03:54,865] {processor.py:163} INFO - Started process (PID=1592) to work on /home/airflow/.local/lib/python3.7/site-packages/airflow/example_dags/example_time_delta_sensor_async.py
[2022-03-24 03:03:55,284] {processor.py:642} INFO - Processing file /home/airflow/.local/lib/python3.7/site-packages/airflow/example_dags/example_time_delta_sensor_async.py for tasks to queue
[2022-03-24 03:03:55,287] {logging_mixin.py:109} INFO - [2022-03-24 03:03:55,286] {dagbag.py:500} INFO - Filling up the DagBag from /home/airflow/.local/lib/python3.7/site-packages/airflow/example_dags/example_time_delta_sensor_async.py
[2022-03-24 03:03:55,332] {processor.py:654} INFO - DAG(s) dict_keys(['example_time_delta_sensor_async']) retrieved from /home/airflow/.local/lib/python3.7/site-packages/airflow/example_dags/example_time_delta_sensor_async.py
[2022-03-24 03:03:55,708] {logging_mixin.py:109} INFO - [2022-03-24 03:03:55,708] {dag.py:2398} INFO - Sync 1 DAGs
[2022-03-24 03:03:55,735] {logging_mixin.py:109} INFO - [2022-03-24 03:03:55,735] {dag.py:2937} INFO - Setting next_dagrun for example_time_delta_sensor_async to None
[2022-03-24 03:03:55,768] {processor.py:171} INFO - Processing /home/airflow/.local/lib/python3.7/site-packages/airflow/example_dags/example_time_delta_sensor_async.py took 0.908 seconds
[2022-03-24 03:04:26,239] {processor.py:163} INFO - Started process (PID=1644) to work on /home/airflow/.local/lib/python3.7/site-packages/airflow/example_dags/example_time_delta_sensor_async.py
[2022-03-24 03:04:26,245] {processor.py:642} INFO - Processing file /home/airflow/.local/lib/python3.7/site-packages/airflow/example_dags/example_time_delta_sensor_async.py for tasks to queue
[2022-03-24 03:04:26,246] {logging_mixin.py:109} INFO - [2022-03-24 03:04:26,246] {dagbag.py:500} INFO - Filling up the DagBag from /home/airflow/.local/lib/python3.7/site-packages/airflow/example_dags/example_time_delta_sensor_async.py
[2022-03-24 03:04:26,322] {processor.py:654} INFO - DAG(s) dict_keys(['example_time_delta_sensor_async']) retrieved from /home/airflow/.local/lib/python3.7/site-packages/airflow/example_dags/example_time_delta_sensor_async.py
[2022-03-24 03:04:26,339] {logging_mixin.py:109} INFO - [2022-03-24 03:04:26,338] {dag.py:2398} INFO - Sync 1 DAGs
[2022-03-24 03:04:26,382] {logging_mixin.py:109} INFO - [2022-03-24 03:04:26,374] {dag.py:2937} INFO - Setting next_dagrun for example_time_delta_sensor_async to None
[2022-03-24 03:04:26,395] {processor.py:171} INFO - Processing /home/airflow/.local/lib/python3.7/site-packages/airflow/example_dags/example_time_delta_sensor_async.py took 0.159 seconds
[2022-03-24 03:04:56,523] {processor.py:163} INFO - Started process (PID=1707) to work on /home/airflow/.local/lib/python3.7/site-packages/airflow/example_dags/example_time_delta_sensor_async.py
[2022-03-24 03:04:56,530] {processor.py:642} INFO - Processing file /home/airflow/.local/lib/python3.7/site-packages/airflow/example_dags/example_time_delta_sensor_async.py for tasks to queue
[2022-03-24 03:04:56,532] {logging_mixin.py:109} INFO - [2022-03-24 03:04:56,532] {dagbag.py:500} INFO - Filling up the DagBag from /home/airflow/.local/lib/python3.7/site-packages/airflow/example_dags/example_time_delta_sensor_async.py
[2022-03-24 03:04:56,630] {processor.py:654} INFO - DAG(s) dict_keys(['example_time_delta_sensor_async']) retrieved from /home/airflow/.local/lib/python3.7/site-packages/airflow/example_dags/example_time_delta_sensor_async.py
[2022-03-24 03:04:56,726] {logging_mixin.py:109} INFO - [2022-03-24 03:04:56,726] {dag.py:2398} INFO - Sync 1 DAGs
[2022-03-24 03:04:56,778] {logging_mixin.py:109} INFO - [2022-03-24 03:04:56,778] {dag.py:2937} INFO - Setting next_dagrun for example_time_delta_sensor_async to None
[2022-03-24 03:04:56,799] {processor.py:171} INFO - Processing /home/airflow/.local/lib/python3.7/site-packages/airflow/example_dags/example_time_delta_sensor_async.py took 0.295 seconds
[2022-03-24 03:05:27,507] {processor.py:163} INFO - Started process (PID=1758) to work on /home/airflow/.local/lib/python3.7/site-packages/airflow/example_dags/example_time_delta_sensor_async.py
[2022-03-24 03:05:27,521] {processor.py:642} INFO - Processing file /home/airflow/.local/lib/python3.7/site-packages/airflow/example_dags/example_time_delta_sensor_async.py for tasks to queue
[2022-03-24 03:05:27,524] {logging_mixin.py:109} INFO - [2022-03-24 03:05:27,524] {dagbag.py:500} INFO - Filling up the DagBag from /home/airflow/.local/lib/python3.7/site-packages/airflow/example_dags/example_time_delta_sensor_async.py
[2022-03-24 03:05:27,725] {processor.py:654} INFO - DAG(s) dict_keys(['example_time_delta_sensor_async']) retrieved from /home/airflow/.local/lib/python3.7/site-packages/airflow/example_dags/example_time_delta_sensor_async.py
[2022-03-24 03:05:27,754] {logging_mixin.py:109} INFO - [2022-03-24 03:05:27,749] {dag.py:2398} INFO - Sync 1 DAGs
[2022-03-24 03:05:27,833] {logging_mixin.py:109} INFO - [2022-03-24 03:05:27,833] {dag.py:2937} INFO - Setting next_dagrun for example_time_delta_sensor_async to None
[2022-03-24 03:05:27,873] {processor.py:171} INFO - Processing /home/airflow/.local/lib/python3.7/site-packages/airflow/example_dags/example_time_delta_sensor_async.py took 0.377 seconds
[2022-03-24 03:05:58,305] {processor.py:163} INFO - Started process (PID=1809) to work on /home/airflow/.local/lib/python3.7/site-packages/airflow/example_dags/example_time_delta_sensor_async.py
[2022-03-24 03:05:58,309] {processor.py:642} INFO - Processing file /home/airflow/.local/lib/python3.7/site-packages/airflow/example_dags/example_time_delta_sensor_async.py for tasks to queue
[2022-03-24 03:05:58,311] {logging_mixin.py:109} INFO - [2022-03-24 03:05:58,311] {dagbag.py:500} INFO - Filling up the DagBag from /home/airflow/.local/lib/python3.7/site-packages/airflow/example_dags/example_time_delta_sensor_async.py
[2022-03-24 03:05:58,418] {processor.py:654} INFO - DAG(s) dict_keys(['example_time_delta_sensor_async']) retrieved from /home/airflow/.local/lib/python3.7/site-packages/airflow/example_dags/example_time_delta_sensor_async.py
[2022-03-24 03:05:58,451] {logging_mixin.py:109} INFO - [2022-03-24 03:05:58,451] {dag.py:2398} INFO - Sync 1 DAGs
[2022-03-24 03:05:58,513] {logging_mixin.py:109} INFO - [2022-03-24 03:05:58,512] {dag.py:2937} INFO - Setting next_dagrun for example_time_delta_sensor_async to None
[2022-03-24 03:05:58,559] {processor.py:171} INFO - Processing /home/airflow/.local/lib/python3.7/site-packages/airflow/example_dags/example_time_delta_sensor_async.py took 0.269 seconds
[2022-03-24 03:06:28,727] {processor.py:163} INFO - Started process (PID=1858) to work on /home/airflow/.local/lib/python3.7/site-packages/airflow/example_dags/example_time_delta_sensor_async.py
[2022-03-24 03:06:28,735] {processor.py:642} INFO - Processing file /home/airflow/.local/lib/python3.7/site-packages/airflow/example_dags/example_time_delta_sensor_async.py for tasks to queue
[2022-03-24 03:06:28,739] {logging_mixin.py:109} INFO - [2022-03-24 03:06:28,738] {dagbag.py:500} INFO - Filling up the DagBag from /home/airflow/.local/lib/python3.7/site-packages/airflow/example_dags/example_time_delta_sensor_async.py
[2022-03-24 03:06:28,800] {processor.py:654} INFO - DAG(s) dict_keys(['example_time_delta_sensor_async']) retrieved from /home/airflow/.local/lib/python3.7/site-packages/airflow/example_dags/example_time_delta_sensor_async.py
[2022-03-24 03:06:28,816] {logging_mixin.py:109} INFO - [2022-03-24 03:06:28,816] {dag.py:2398} INFO - Sync 1 DAGs
[2022-03-24 03:06:28,850] {logging_mixin.py:109} INFO - [2022-03-24 03:06:28,850] {dag.py:2937} INFO - Setting next_dagrun for example_time_delta_sensor_async to None
[2022-03-24 03:06:28,867] {processor.py:171} INFO - Processing /home/airflow/.local/lib/python3.7/site-packages/airflow/example_dags/example_time_delta_sensor_async.py took 0.152 seconds
[2022-03-24 03:06:59,662] {processor.py:163} INFO - Started process (PID=1910) to work on /home/airflow/.local/lib/python3.7/site-packages/airflow/example_dags/example_time_delta_sensor_async.py
[2022-03-24 03:06:59,665] {processor.py:642} INFO - Processing file /home/airflow/.local/lib/python3.7/site-packages/airflow/example_dags/example_time_delta_sensor_async.py for tasks to queue
[2022-03-24 03:06:59,669] {logging_mixin.py:109} INFO - [2022-03-24 03:06:59,668] {dagbag.py:500} INFO - Filling up the DagBag from /home/airflow/.local/lib/python3.7/site-packages/airflow/example_dags/example_time_delta_sensor_async.py
[2022-03-24 03:06:59,740] {processor.py:654} INFO - DAG(s) dict_keys(['example_time_delta_sensor_async']) retrieved from /home/airflow/.local/lib/python3.7/site-packages/airflow/example_dags/example_time_delta_sensor_async.py
[2022-03-24 03:06:59,914] {logging_mixin.py:109} INFO - [2022-03-24 03:06:59,914] {dag.py:2398} INFO - Sync 1 DAGs
[2022-03-24 03:07:00,094] {logging_mixin.py:109} INFO - [2022-03-24 03:07:00,094] {dag.py:2937} INFO - Setting next_dagrun for example_time_delta_sensor_async to None
[2022-03-24 03:07:00,278] {processor.py:171} INFO - Processing /home/airflow/.local/lib/python3.7/site-packages/airflow/example_dags/example_time_delta_sensor_async.py took 0.639 seconds
[2022-03-24 03:07:30,362] {processor.py:163} INFO - Started process (PID=1961) to work on /home/airflow/.local/lib/python3.7/site-packages/airflow/example_dags/example_time_delta_sensor_async.py
[2022-03-24 03:07:30,413] {processor.py:642} INFO - Processing file /home/airflow/.local/lib/python3.7/site-packages/airflow/example_dags/example_time_delta_sensor_async.py for tasks to queue
[2022-03-24 03:07:30,421] {logging_mixin.py:109} INFO - [2022-03-24 03:07:30,421] {dagbag.py:500} INFO - Filling up the DagBag from /home/airflow/.local/lib/python3.7/site-packages/airflow/example_dags/example_time_delta_sensor_async.py
[2022-03-24 03:07:30,486] {processor.py:654} INFO - DAG(s) dict_keys(['example_time_delta_sensor_async']) retrieved from /home/airflow/.local/lib/python3.7/site-packages/airflow/example_dags/example_time_delta_sensor_async.py
[2022-03-24 03:07:30,511] {logging_mixin.py:109} INFO - [2022-03-24 03:07:30,511] {dag.py:2398} INFO - Sync 1 DAGs
[2022-03-24 03:07:30,548] {logging_mixin.py:109} INFO - [2022-03-24 03:07:30,548] {dag.py:2937} INFO - Setting next_dagrun for example_time_delta_sensor_async to None
[2022-03-24 03:07:31,040] {processor.py:171} INFO - Processing /home/airflow/.local/lib/python3.7/site-packages/airflow/example_dags/example_time_delta_sensor_async.py took 0.683 seconds
[2022-03-24 03:08:02,031] {processor.py:163} INFO - Started process (PID=2011) to work on /home/airflow/.local/lib/python3.7/site-packages/airflow/example_dags/example_time_delta_sensor_async.py
[2022-03-24 03:08:02,037] {processor.py:642} INFO - Processing file /home/airflow/.local/lib/python3.7/site-packages/airflow/example_dags/example_time_delta_sensor_async.py for tasks to queue
[2022-03-24 03:08:02,038] {logging_mixin.py:109} INFO - [2022-03-24 03:08:02,038] {dagbag.py:500} INFO - Filling up the DagBag from /home/airflow/.local/lib/python3.7/site-packages/airflow/example_dags/example_time_delta_sensor_async.py
[2022-03-24 03:08:02,081] {processor.py:654} INFO - DAG(s) dict_keys(['example_time_delta_sensor_async']) retrieved from /home/airflow/.local/lib/python3.7/site-packages/airflow/example_dags/example_time_delta_sensor_async.py
[2022-03-24 03:08:02,107] {logging_mixin.py:109} INFO - [2022-03-24 03:08:02,107] {dag.py:2398} INFO - Sync 1 DAGs
[2022-03-24 03:08:02,154] {logging_mixin.py:109} INFO - [2022-03-24 03:08:02,154] {dag.py:2937} INFO - Setting next_dagrun for example_time_delta_sensor_async to None
[2022-03-24 03:08:02,248] {processor.py:171} INFO - Processing /home/airflow/.local/lib/python3.7/site-packages/airflow/example_dags/example_time_delta_sensor_async.py took 0.221 seconds
[2022-03-24 03:08:34,192] {processor.py:163} INFO - Started process (PID=2063) to work on /home/airflow/.local/lib/python3.7/site-packages/airflow/example_dags/example_time_delta_sensor_async.py
[2022-03-24 03:08:34,588] {processor.py:642} INFO - Processing file /home/airflow/.local/lib/python3.7/site-packages/airflow/example_dags/example_time_delta_sensor_async.py for tasks to queue
[2022-03-24 03:08:35,049] {logging_mixin.py:109} INFO - [2022-03-24 03:08:35,048] {dagbag.py:500} INFO - Filling up the DagBag from /home/airflow/.local/lib/python3.7/site-packages/airflow/example_dags/example_time_delta_sensor_async.py
[2022-03-24 03:08:35,122] {processor.py:654} INFO - DAG(s) dict_keys(['example_time_delta_sensor_async']) retrieved from /home/airflow/.local/lib/python3.7/site-packages/airflow/example_dags/example_time_delta_sensor_async.py
[2022-03-24 03:08:35,240] {logging_mixin.py:109} INFO - [2022-03-24 03:08:35,240] {dag.py:2398} INFO - Sync 1 DAGs
[2022-03-24 03:08:35,500] {logging_mixin.py:109} INFO - [2022-03-24 03:08:35,500] {dag.py:2937} INFO - Setting next_dagrun for example_time_delta_sensor_async to None
[2022-03-24 03:08:35,633] {processor.py:171} INFO - Processing /home/airflow/.local/lib/python3.7/site-packages/airflow/example_dags/example_time_delta_sensor_async.py took 1.445 seconds
[2022-03-24 03:09:06,126] {processor.py:163} INFO - Started process (PID=2126) to work on /home/airflow/.local/lib/python3.7/site-packages/airflow/example_dags/example_time_delta_sensor_async.py
[2022-03-24 03:09:06,131] {processor.py:642} INFO - Processing file /home/airflow/.local/lib/python3.7/site-packages/airflow/example_dags/example_time_delta_sensor_async.py for tasks to queue
[2022-03-24 03:09:06,142] {logging_mixin.py:109} INFO - [2022-03-24 03:09:06,142] {dagbag.py:500} INFO - Filling up the DagBag from /home/airflow/.local/lib/python3.7/site-packages/airflow/example_dags/example_time_delta_sensor_async.py
[2022-03-24 03:09:06,293] {processor.py:654} INFO - DAG(s) dict_keys(['example_time_delta_sensor_async']) retrieved from /home/airflow/.local/lib/python3.7/site-packages/airflow/example_dags/example_time_delta_sensor_async.py
[2022-03-24 03:09:06,344] {logging_mixin.py:109} INFO - [2022-03-24 03:09:06,343] {dag.py:2398} INFO - Sync 1 DAGs
[2022-03-24 03:09:06,392] {logging_mixin.py:109} INFO - [2022-03-24 03:09:06,392] {dag.py:2937} INFO - Setting next_dagrun for example_time_delta_sensor_async to None
[2022-03-24 03:09:06,412] {processor.py:171} INFO - Processing /home/airflow/.local/lib/python3.7/site-packages/airflow/example_dags/example_time_delta_sensor_async.py took 0.294 seconds
[2022-03-24 03:09:36,954] {processor.py:163} INFO - Started process (PID=2178) to work on /home/airflow/.local/lib/python3.7/site-packages/airflow/example_dags/example_time_delta_sensor_async.py
[2022-03-24 03:09:36,965] {processor.py:642} INFO - Processing file /home/airflow/.local/lib/python3.7/site-packages/airflow/example_dags/example_time_delta_sensor_async.py for tasks to queue
[2022-03-24 03:09:36,969] {logging_mixin.py:109} INFO - [2022-03-24 03:09:36,969] {dagbag.py:500} INFO - Filling up the DagBag from /home/airflow/.local/lib/python3.7/site-packages/airflow/example_dags/example_time_delta_sensor_async.py
[2022-03-24 03:09:37,153] {processor.py:654} INFO - DAG(s) dict_keys(['example_time_delta_sensor_async']) retrieved from /home/airflow/.local/lib/python3.7/site-packages/airflow/example_dags/example_time_delta_sensor_async.py
[2022-03-24 03:09:37,232] {logging_mixin.py:109} INFO - [2022-03-24 03:09:37,223] {dag.py:2398} INFO - Sync 1 DAGs
[2022-03-24 03:09:37,303] {logging_mixin.py:109} INFO - [2022-03-24 03:09:37,303] {dag.py:2937} INFO - Setting next_dagrun for example_time_delta_sensor_async to None
[2022-03-24 03:09:37,336] {processor.py:171} INFO - Processing /home/airflow/.local/lib/python3.7/site-packages/airflow/example_dags/example_time_delta_sensor_async.py took 0.410 seconds
[2022-03-24 03:10:07,754] {processor.py:163} INFO - Started process (PID=2220) to work on /home/airflow/.local/lib/python3.7/site-packages/airflow/example_dags/example_time_delta_sensor_async.py
[2022-03-24 03:10:07,773] {processor.py:642} INFO - Processing file /home/airflow/.local/lib/python3.7/site-packages/airflow/example_dags/example_time_delta_sensor_async.py for tasks to queue
[2022-03-24 03:10:07,785] {logging_mixin.py:109} INFO - [2022-03-24 03:10:07,782] {dagbag.py:500} INFO - Filling up the DagBag from /home/airflow/.local/lib/python3.7/site-packages/airflow/example_dags/example_time_delta_sensor_async.py
[2022-03-24 03:10:08,080] {processor.py:654} INFO - DAG(s) dict_keys(['example_time_delta_sensor_async']) retrieved from /home/airflow/.local/lib/python3.7/site-packages/airflow/example_dags/example_time_delta_sensor_async.py
[2022-03-24 03:10:08,159] {logging_mixin.py:109} INFO - [2022-03-24 03:10:08,158] {dag.py:2398} INFO - Sync 1 DAGs
[2022-03-24 03:10:08,207] {logging_mixin.py:109} INFO - [2022-03-24 03:10:08,207] {dag.py:2937} INFO - Setting next_dagrun for example_time_delta_sensor_async to None
[2022-03-24 03:10:08,242] {processor.py:171} INFO - Processing /home/airflow/.local/lib/python3.7/site-packages/airflow/example_dags/example_time_delta_sensor_async.py took 0.581 seconds
[2022-03-24 03:10:38,310] {processor.py:163} INFO - Started process (PID=2271) to work on /home/airflow/.local/lib/python3.7/site-packages/airflow/example_dags/example_time_delta_sensor_async.py
[2022-03-24 03:10:38,315] {processor.py:642} INFO - Processing file /home/airflow/.local/lib/python3.7/site-packages/airflow/example_dags/example_time_delta_sensor_async.py for tasks to queue
[2022-03-24 03:10:38,316] {logging_mixin.py:109} INFO - [2022-03-24 03:10:38,316] {dagbag.py:500} INFO - Filling up the DagBag from /home/airflow/.local/lib/python3.7/site-packages/airflow/example_dags/example_time_delta_sensor_async.py
[2022-03-24 03:10:38,359] {processor.py:654} INFO - DAG(s) dict_keys(['example_time_delta_sensor_async']) retrieved from /home/airflow/.local/lib/python3.7/site-packages/airflow/example_dags/example_time_delta_sensor_async.py
[2022-03-24 03:10:38,376] {logging_mixin.py:109} INFO - [2022-03-24 03:10:38,376] {dag.py:2398} INFO - Sync 1 DAGs
[2022-03-24 03:10:38,397] {logging_mixin.py:109} INFO - [2022-03-24 03:10:38,397] {dag.py:2937} INFO - Setting next_dagrun for example_time_delta_sensor_async to None
[2022-03-24 03:10:38,409] {processor.py:171} INFO - Processing /home/airflow/.local/lib/python3.7/site-packages/airflow/example_dags/example_time_delta_sensor_async.py took 0.103 seconds
[2022-03-24 03:11:08,960] {processor.py:163} INFO - Started process (PID=2322) to work on /home/airflow/.local/lib/python3.7/site-packages/airflow/example_dags/example_time_delta_sensor_async.py
[2022-03-24 03:11:08,968] {processor.py:642} INFO - Processing file /home/airflow/.local/lib/python3.7/site-packages/airflow/example_dags/example_time_delta_sensor_async.py for tasks to queue
[2022-03-24 03:11:08,969] {logging_mixin.py:109} INFO - [2022-03-24 03:11:08,969] {dagbag.py:500} INFO - Filling up the DagBag from /home/airflow/.local/lib/python3.7/site-packages/airflow/example_dags/example_time_delta_sensor_async.py
[2022-03-24 03:11:09,018] {processor.py:654} INFO - DAG(s) dict_keys(['example_time_delta_sensor_async']) retrieved from /home/airflow/.local/lib/python3.7/site-packages/airflow/example_dags/example_time_delta_sensor_async.py
[2022-03-24 03:11:09,034] {logging_mixin.py:109} INFO - [2022-03-24 03:11:09,034] {dag.py:2398} INFO - Sync 1 DAGs
[2022-03-24 03:11:09,066] {logging_mixin.py:109} INFO - [2022-03-24 03:11:09,066] {dag.py:2937} INFO - Setting next_dagrun for example_time_delta_sensor_async to None
[2022-03-24 03:11:09,092] {processor.py:171} INFO - Processing /home/airflow/.local/lib/python3.7/site-packages/airflow/example_dags/example_time_delta_sensor_async.py took 0.137 seconds
[2022-03-24 03:11:39,679] {processor.py:163} INFO - Started process (PID=2373) to work on /home/airflow/.local/lib/python3.7/site-packages/airflow/example_dags/example_time_delta_sensor_async.py
[2022-03-24 03:11:39,684] {processor.py:642} INFO - Processing file /home/airflow/.local/lib/python3.7/site-packages/airflow/example_dags/example_time_delta_sensor_async.py for tasks to queue
[2022-03-24 03:11:39,690] {logging_mixin.py:109} INFO - [2022-03-24 03:11:39,689] {dagbag.py:500} INFO - Filling up the DagBag from /home/airflow/.local/lib/python3.7/site-packages/airflow/example_dags/example_time_delta_sensor_async.py
[2022-03-24 03:11:39,773] {processor.py:654} INFO - DAG(s) dict_keys(['example_time_delta_sensor_async']) retrieved from /home/airflow/.local/lib/python3.7/site-packages/airflow/example_dags/example_time_delta_sensor_async.py
[2022-03-24 03:11:39,801] {logging_mixin.py:109} INFO - [2022-03-24 03:11:39,801] {dag.py:2398} INFO - Sync 1 DAGs
[2022-03-24 03:11:39,855] {logging_mixin.py:109} INFO - [2022-03-24 03:11:39,854] {dag.py:2937} INFO - Setting next_dagrun for example_time_delta_sensor_async to None
[2022-03-24 03:11:39,883] {processor.py:171} INFO - Processing /home/airflow/.local/lib/python3.7/site-packages/airflow/example_dags/example_time_delta_sensor_async.py took 0.210 seconds
[2022-03-24 03:12:10,924] {processor.py:163} INFO - Started process (PID=2422) to work on /home/airflow/.local/lib/python3.7/site-packages/airflow/example_dags/example_time_delta_sensor_async.py
[2022-03-24 03:12:10,932] {processor.py:642} INFO - Processing file /home/airflow/.local/lib/python3.7/site-packages/airflow/example_dags/example_time_delta_sensor_async.py for tasks to queue
[2022-03-24 03:12:10,934] {logging_mixin.py:109} INFO - [2022-03-24 03:12:10,934] {dagbag.py:500} INFO - Filling up the DagBag from /home/airflow/.local/lib/python3.7/site-packages/airflow/example_dags/example_time_delta_sensor_async.py
[2022-03-24 03:12:11,039] {processor.py:654} INFO - DAG(s) dict_keys(['example_time_delta_sensor_async']) retrieved from /home/airflow/.local/lib/python3.7/site-packages/airflow/example_dags/example_time_delta_sensor_async.py
[2022-03-24 03:12:11,078] {logging_mixin.py:109} INFO - [2022-03-24 03:12:11,078] {dag.py:2398} INFO - Sync 1 DAGs
[2022-03-24 03:12:11,138] {logging_mixin.py:109} INFO - [2022-03-24 03:12:11,138] {dag.py:2937} INFO - Setting next_dagrun for example_time_delta_sensor_async to None
[2022-03-24 03:12:11,179] {processor.py:171} INFO - Processing /home/airflow/.local/lib/python3.7/site-packages/airflow/example_dags/example_time_delta_sensor_async.py took 0.259 seconds
[2022-03-24 03:12:41,500] {processor.py:163} INFO - Started process (PID=2472) to work on /home/airflow/.local/lib/python3.7/site-packages/airflow/example_dags/example_time_delta_sensor_async.py
[2022-03-24 03:12:41,509] {processor.py:642} INFO - Processing file /home/airflow/.local/lib/python3.7/site-packages/airflow/example_dags/example_time_delta_sensor_async.py for tasks to queue
[2022-03-24 03:12:41,511] {logging_mixin.py:109} INFO - [2022-03-24 03:12:41,511] {dagbag.py:500} INFO - Filling up the DagBag from /home/airflow/.local/lib/python3.7/site-packages/airflow/example_dags/example_time_delta_sensor_async.py
[2022-03-24 03:12:41,577] {processor.py:654} INFO - DAG(s) dict_keys(['example_time_delta_sensor_async']) retrieved from /home/airflow/.local/lib/python3.7/site-packages/airflow/example_dags/example_time_delta_sensor_async.py
[2022-03-24 03:12:41,602] {logging_mixin.py:109} INFO - [2022-03-24 03:12:41,602] {dag.py:2398} INFO - Sync 1 DAGs
[2022-03-24 03:12:41,624] {logging_mixin.py:109} INFO - [2022-03-24 03:12:41,624] {dag.py:2937} INFO - Setting next_dagrun for example_time_delta_sensor_async to None
[2022-03-24 03:12:41,643] {processor.py:171} INFO - Processing /home/airflow/.local/lib/python3.7/site-packages/airflow/example_dags/example_time_delta_sensor_async.py took 0.158 seconds
[2022-03-24 03:13:11,787] {processor.py:163} INFO - Started process (PID=2534) to work on /home/airflow/.local/lib/python3.7/site-packages/airflow/example_dags/example_time_delta_sensor_async.py
[2022-03-24 03:13:11,792] {processor.py:642} INFO - Processing file /home/airflow/.local/lib/python3.7/site-packages/airflow/example_dags/example_time_delta_sensor_async.py for tasks to queue
[2022-03-24 03:13:11,797] {logging_mixin.py:109} INFO - [2022-03-24 03:13:11,797] {dagbag.py:500} INFO - Filling up the DagBag from /home/airflow/.local/lib/python3.7/site-packages/airflow/example_dags/example_time_delta_sensor_async.py
[2022-03-24 03:13:11,951] {processor.py:654} INFO - DAG(s) dict_keys(['example_time_delta_sensor_async']) retrieved from /home/airflow/.local/lib/python3.7/site-packages/airflow/example_dags/example_time_delta_sensor_async.py
[2022-03-24 03:13:12,000] {logging_mixin.py:109} INFO - [2022-03-24 03:13:12,000] {dag.py:2398} INFO - Sync 1 DAGs
[2022-03-24 03:13:12,051] {logging_mixin.py:109} INFO - [2022-03-24 03:13:12,050] {dag.py:2937} INFO - Setting next_dagrun for example_time_delta_sensor_async to None
[2022-03-24 03:13:12,071] {processor.py:171} INFO - Processing /home/airflow/.local/lib/python3.7/site-packages/airflow/example_dags/example_time_delta_sensor_async.py took 0.304 seconds
[2022-03-24 03:13:42,564] {processor.py:163} INFO - Started process (PID=2589) to work on /home/airflow/.local/lib/python3.7/site-packages/airflow/example_dags/example_time_delta_sensor_async.py
[2022-03-24 03:13:42,651] {processor.py:642} INFO - Processing file /home/airflow/.local/lib/python3.7/site-packages/airflow/example_dags/example_time_delta_sensor_async.py for tasks to queue
[2022-03-24 03:13:42,654] {logging_mixin.py:109} INFO - [2022-03-24 03:13:42,654] {dagbag.py:500} INFO - Filling up the DagBag from /home/airflow/.local/lib/python3.7/site-packages/airflow/example_dags/example_time_delta_sensor_async.py
[2022-03-24 03:13:42,733] {processor.py:654} INFO - DAG(s) dict_keys(['example_time_delta_sensor_async']) retrieved from /home/airflow/.local/lib/python3.7/site-packages/airflow/example_dags/example_time_delta_sensor_async.py
[2022-03-24 03:13:42,764] {logging_mixin.py:109} INFO - [2022-03-24 03:13:42,763] {dag.py:2398} INFO - Sync 1 DAGs
[2022-03-24 03:13:42,806] {logging_mixin.py:109} INFO - [2022-03-24 03:13:42,806] {dag.py:2937} INFO - Setting next_dagrun for example_time_delta_sensor_async to None
[2022-03-24 03:13:42,848] {processor.py:171} INFO - Processing /home/airflow/.local/lib/python3.7/site-packages/airflow/example_dags/example_time_delta_sensor_async.py took 0.296 seconds
[2022-03-24 03:14:13,920] {processor.py:163} INFO - Started process (PID=2641) to work on /home/airflow/.local/lib/python3.7/site-packages/airflow/example_dags/example_time_delta_sensor_async.py
[2022-03-24 03:14:13,925] {processor.py:642} INFO - Processing file /home/airflow/.local/lib/python3.7/site-packages/airflow/example_dags/example_time_delta_sensor_async.py for tasks to queue
[2022-03-24 03:14:13,928] {logging_mixin.py:109} INFO - [2022-03-24 03:14:13,927] {dagbag.py:500} INFO - Filling up the DagBag from /home/airflow/.local/lib/python3.7/site-packages/airflow/example_dags/example_time_delta_sensor_async.py
[2022-03-24 03:14:14,041] {processor.py:654} INFO - DAG(s) dict_keys(['example_time_delta_sensor_async']) retrieved from /home/airflow/.local/lib/python3.7/site-packages/airflow/example_dags/example_time_delta_sensor_async.py
[2022-03-24 03:14:14,077] {logging_mixin.py:109} INFO - [2022-03-24 03:14:14,077] {dag.py:2398} INFO - Sync 1 DAGs
[2022-03-24 03:14:14,110] {logging_mixin.py:109} INFO - [2022-03-24 03:14:14,110] {dag.py:2937} INFO - Setting next_dagrun for example_time_delta_sensor_async to None
[2022-03-24 03:14:14,124] {processor.py:171} INFO - Processing /home/airflow/.local/lib/python3.7/site-packages/airflow/example_dags/example_time_delta_sensor_async.py took 0.220 seconds
[2022-03-24 03:14:44,284] {processor.py:163} INFO - Started process (PID=2692) to work on /home/airflow/.local/lib/python3.7/site-packages/airflow/example_dags/example_time_delta_sensor_async.py
[2022-03-24 03:14:44,287] {processor.py:642} INFO - Processing file /home/airflow/.local/lib/python3.7/site-packages/airflow/example_dags/example_time_delta_sensor_async.py for tasks to queue
[2022-03-24 03:14:44,293] {logging_mixin.py:109} INFO - [2022-03-24 03:14:44,293] {dagbag.py:500} INFO - Filling up the DagBag from /home/airflow/.local/lib/python3.7/site-packages/airflow/example_dags/example_time_delta_sensor_async.py
[2022-03-24 03:14:44,366] {processor.py:654} INFO - DAG(s) dict_keys(['example_time_delta_sensor_async']) retrieved from /home/airflow/.local/lib/python3.7/site-packages/airflow/example_dags/example_time_delta_sensor_async.py
[2022-03-24 03:14:44,382] {logging_mixin.py:109} INFO - [2022-03-24 03:14:44,382] {dag.py:2398} INFO - Sync 1 DAGs
[2022-03-24 03:14:44,413] {logging_mixin.py:109} INFO - [2022-03-24 03:14:44,412] {dag.py:2937} INFO - Setting next_dagrun for example_time_delta_sensor_async to None
[2022-03-24 03:14:44,426] {processor.py:171} INFO - Processing /home/airflow/.local/lib/python3.7/site-packages/airflow/example_dags/example_time_delta_sensor_async.py took 0.151 seconds
[2022-03-24 03:15:14,583] {processor.py:163} INFO - Started process (PID=2749) to work on /home/airflow/.local/lib/python3.7/site-packages/airflow/example_dags/example_time_delta_sensor_async.py
[2022-03-24 03:15:14,593] {processor.py:642} INFO - Processing file /home/airflow/.local/lib/python3.7/site-packages/airflow/example_dags/example_time_delta_sensor_async.py for tasks to queue
[2022-03-24 03:15:14,619] {logging_mixin.py:109} INFO - [2022-03-24 03:15:14,613] {dagbag.py:500} INFO - Filling up the DagBag from /home/airflow/.local/lib/python3.7/site-packages/airflow/example_dags/example_time_delta_sensor_async.py
[2022-03-24 03:15:14,700] {processor.py:654} INFO - DAG(s) dict_keys(['example_time_delta_sensor_async']) retrieved from /home/airflow/.local/lib/python3.7/site-packages/airflow/example_dags/example_time_delta_sensor_async.py
[2022-03-24 03:15:14,747] {logging_mixin.py:109} INFO - [2022-03-24 03:15:14,747] {dag.py:2398} INFO - Sync 1 DAGs
[2022-03-24 03:15:14,782] {logging_mixin.py:109} INFO - [2022-03-24 03:15:14,782] {dag.py:2937} INFO - Setting next_dagrun for example_time_delta_sensor_async to None
[2022-03-24 03:15:14,806] {processor.py:171} INFO - Processing /home/airflow/.local/lib/python3.7/site-packages/airflow/example_dags/example_time_delta_sensor_async.py took 0.237 seconds
[2022-03-24 03:15:45,164] {processor.py:163} INFO - Started process (PID=2797) to work on /home/airflow/.local/lib/python3.7/site-packages/airflow/example_dags/example_time_delta_sensor_async.py
[2022-03-24 03:15:45,168] {processor.py:642} INFO - Processing file /home/airflow/.local/lib/python3.7/site-packages/airflow/example_dags/example_time_delta_sensor_async.py for tasks to queue
[2022-03-24 03:15:45,172] {logging_mixin.py:109} INFO - [2022-03-24 03:15:45,171] {dagbag.py:500} INFO - Filling up the DagBag from /home/airflow/.local/lib/python3.7/site-packages/airflow/example_dags/example_time_delta_sensor_async.py
[2022-03-24 03:15:45,246] {processor.py:654} INFO - DAG(s) dict_keys(['example_time_delta_sensor_async']) retrieved from /home/airflow/.local/lib/python3.7/site-packages/airflow/example_dags/example_time_delta_sensor_async.py
[2022-03-24 03:15:45,270] {logging_mixin.py:109} INFO - [2022-03-24 03:15:45,270] {dag.py:2398} INFO - Sync 1 DAGs
[2022-03-24 03:15:45,314] {logging_mixin.py:109} INFO - [2022-03-24 03:15:45,313] {dag.py:2937} INFO - Setting next_dagrun for example_time_delta_sensor_async to None
[2022-03-24 03:15:45,335] {processor.py:171} INFO - Processing /home/airflow/.local/lib/python3.7/site-packages/airflow/example_dags/example_time_delta_sensor_async.py took 0.191 seconds
[2022-03-24 03:16:15,672] {processor.py:163} INFO - Started process (PID=2846) to work on /home/airflow/.local/lib/python3.7/site-packages/airflow/example_dags/example_time_delta_sensor_async.py
[2022-03-24 03:16:15,675] {processor.py:642} INFO - Processing file /home/airflow/.local/lib/python3.7/site-packages/airflow/example_dags/example_time_delta_sensor_async.py for tasks to queue
[2022-03-24 03:16:15,677] {logging_mixin.py:109} INFO - [2022-03-24 03:16:15,677] {dagbag.py:500} INFO - Filling up the DagBag from /home/airflow/.local/lib/python3.7/site-packages/airflow/example_dags/example_time_delta_sensor_async.py
[2022-03-24 03:16:15,796] {processor.py:654} INFO - DAG(s) dict_keys(['example_time_delta_sensor_async']) retrieved from /home/airflow/.local/lib/python3.7/site-packages/airflow/example_dags/example_time_delta_sensor_async.py
[2022-03-24 03:16:15,871] {logging_mixin.py:109} INFO - [2022-03-24 03:16:15,871] {dag.py:2398} INFO - Sync 1 DAGs
[2022-03-24 03:16:15,918] {logging_mixin.py:109} INFO - [2022-03-24 03:16:15,917] {dag.py:2937} INFO - Setting next_dagrun for example_time_delta_sensor_async to None
[2022-03-24 03:16:15,955] {processor.py:171} INFO - Processing /home/airflow/.local/lib/python3.7/site-packages/airflow/example_dags/example_time_delta_sensor_async.py took 0.287 seconds
[2022-03-24 03:16:46,182] {processor.py:163} INFO - Started process (PID=2898) to work on /home/airflow/.local/lib/python3.7/site-packages/airflow/example_dags/example_time_delta_sensor_async.py
[2022-03-24 03:16:46,186] {processor.py:642} INFO - Processing file /home/airflow/.local/lib/python3.7/site-packages/airflow/example_dags/example_time_delta_sensor_async.py for tasks to queue
[2022-03-24 03:16:46,188] {logging_mixin.py:109} INFO - [2022-03-24 03:16:46,188] {dagbag.py:500} INFO - Filling up the DagBag from /home/airflow/.local/lib/python3.7/site-packages/airflow/example_dags/example_time_delta_sensor_async.py
[2022-03-24 03:16:46,252] {processor.py:654} INFO - DAG(s) dict_keys(['example_time_delta_sensor_async']) retrieved from /home/airflow/.local/lib/python3.7/site-packages/airflow/example_dags/example_time_delta_sensor_async.py
[2022-03-24 03:16:46,263] {logging_mixin.py:109} INFO - [2022-03-24 03:16:46,263] {dag.py:2398} INFO - Sync 1 DAGs
[2022-03-24 03:16:46,278] {logging_mixin.py:109} INFO - [2022-03-24 03:16:46,278] {dag.py:2937} INFO - Setting next_dagrun for example_time_delta_sensor_async to None
[2022-03-24 03:16:46,291] {processor.py:171} INFO - Processing /home/airflow/.local/lib/python3.7/site-packages/airflow/example_dags/example_time_delta_sensor_async.py took 0.117 seconds
[2022-03-24 03:17:16,931] {processor.py:163} INFO - Started process (PID=2949) to work on /home/airflow/.local/lib/python3.7/site-packages/airflow/example_dags/example_time_delta_sensor_async.py
[2022-03-24 03:17:16,938] {processor.py:642} INFO - Processing file /home/airflow/.local/lib/python3.7/site-packages/airflow/example_dags/example_time_delta_sensor_async.py for tasks to queue
[2022-03-24 03:17:16,939] {logging_mixin.py:109} INFO - [2022-03-24 03:17:16,939] {dagbag.py:500} INFO - Filling up the DagBag from /home/airflow/.local/lib/python3.7/site-packages/airflow/example_dags/example_time_delta_sensor_async.py
[2022-03-24 03:17:16,997] {processor.py:654} INFO - DAG(s) dict_keys(['example_time_delta_sensor_async']) retrieved from /home/airflow/.local/lib/python3.7/site-packages/airflow/example_dags/example_time_delta_sensor_async.py
[2022-03-24 03:17:17,012] {logging_mixin.py:109} INFO - [2022-03-24 03:17:17,012] {dag.py:2398} INFO - Sync 1 DAGs
[2022-03-24 03:17:17,038] {logging_mixin.py:109} INFO - [2022-03-24 03:17:17,037] {dag.py:2937} INFO - Setting next_dagrun for example_time_delta_sensor_async to None
[2022-03-24 03:17:17,056] {processor.py:171} INFO - Processing /home/airflow/.local/lib/python3.7/site-packages/airflow/example_dags/example_time_delta_sensor_async.py took 0.130 seconds
[2022-03-24 03:17:48,143] {processor.py:163} INFO - Started process (PID=3001) to work on /home/airflow/.local/lib/python3.7/site-packages/airflow/example_dags/example_time_delta_sensor_async.py
[2022-03-24 03:17:48,148] {processor.py:642} INFO - Processing file /home/airflow/.local/lib/python3.7/site-packages/airflow/example_dags/example_time_delta_sensor_async.py for tasks to queue
[2022-03-24 03:17:48,150] {logging_mixin.py:109} INFO - [2022-03-24 03:17:48,150] {dagbag.py:500} INFO - Filling up the DagBag from /home/airflow/.local/lib/python3.7/site-packages/airflow/example_dags/example_time_delta_sensor_async.py
[2022-03-24 03:17:48,205] {processor.py:654} INFO - DAG(s) dict_keys(['example_time_delta_sensor_async']) retrieved from /home/airflow/.local/lib/python3.7/site-packages/airflow/example_dags/example_time_delta_sensor_async.py
[2022-03-24 03:17:48,221] {logging_mixin.py:109} INFO - [2022-03-24 03:17:48,221] {dag.py:2398} INFO - Sync 1 DAGs
[2022-03-24 03:17:48,246] {logging_mixin.py:109} INFO - [2022-03-24 03:17:48,246] {dag.py:2937} INFO - Setting next_dagrun for example_time_delta_sensor_async to None
[2022-03-24 03:17:48,261] {processor.py:171} INFO - Processing /home/airflow/.local/lib/python3.7/site-packages/airflow/example_dags/example_time_delta_sensor_async.py took 0.122 seconds
[2022-03-24 03:18:19,358] {processor.py:163} INFO - Started process (PID=3063) to work on /home/airflow/.local/lib/python3.7/site-packages/airflow/example_dags/example_time_delta_sensor_async.py
[2022-03-24 03:18:19,362] {processor.py:642} INFO - Processing file /home/airflow/.local/lib/python3.7/site-packages/airflow/example_dags/example_time_delta_sensor_async.py for tasks to queue
[2022-03-24 03:18:19,369] {logging_mixin.py:109} INFO - [2022-03-24 03:18:19,369] {dagbag.py:500} INFO - Filling up the DagBag from /home/airflow/.local/lib/python3.7/site-packages/airflow/example_dags/example_time_delta_sensor_async.py
[2022-03-24 03:18:19,470] {processor.py:654} INFO - DAG(s) dict_keys(['example_time_delta_sensor_async']) retrieved from /home/airflow/.local/lib/python3.7/site-packages/airflow/example_dags/example_time_delta_sensor_async.py
[2022-03-24 03:18:19,503] {logging_mixin.py:109} INFO - [2022-03-24 03:18:19,503] {dag.py:2398} INFO - Sync 1 DAGs
[2022-03-24 03:18:19,552] {logging_mixin.py:109} INFO - [2022-03-24 03:18:19,552] {dag.py:2937} INFO - Setting next_dagrun for example_time_delta_sensor_async to None
[2022-03-24 03:18:19,580] {processor.py:171} INFO - Processing /home/airflow/.local/lib/python3.7/site-packages/airflow/example_dags/example_time_delta_sensor_async.py took 0.226 seconds
[2022-03-24 03:18:50,701] {processor.py:163} INFO - Started process (PID=3114) to work on /home/airflow/.local/lib/python3.7/site-packages/airflow/example_dags/example_time_delta_sensor_async.py
[2022-03-24 03:18:50,709] {processor.py:642} INFO - Processing file /home/airflow/.local/lib/python3.7/site-packages/airflow/example_dags/example_time_delta_sensor_async.py for tasks to queue
[2022-03-24 03:18:50,712] {logging_mixin.py:109} INFO - [2022-03-24 03:18:50,711] {dagbag.py:500} INFO - Filling up the DagBag from /home/airflow/.local/lib/python3.7/site-packages/airflow/example_dags/example_time_delta_sensor_async.py
[2022-03-24 03:18:50,786] {processor.py:654} INFO - DAG(s) dict_keys(['example_time_delta_sensor_async']) retrieved from /home/airflow/.local/lib/python3.7/site-packages/airflow/example_dags/example_time_delta_sensor_async.py
[2022-03-24 03:18:50,806] {logging_mixin.py:109} INFO - [2022-03-24 03:18:50,805] {dag.py:2398} INFO - Sync 1 DAGs
[2022-03-24 03:18:50,828] {logging_mixin.py:109} INFO - [2022-03-24 03:18:50,827] {dag.py:2937} INFO - Setting next_dagrun for example_time_delta_sensor_async to None
[2022-03-24 03:18:50,850] {processor.py:171} INFO - Processing /home/airflow/.local/lib/python3.7/site-packages/airflow/example_dags/example_time_delta_sensor_async.py took 0.168 seconds
[2022-03-24 03:19:21,232] {processor.py:163} INFO - Started process (PID=3168) to work on /home/airflow/.local/lib/python3.7/site-packages/airflow/example_dags/example_time_delta_sensor_async.py
[2022-03-24 03:19:21,253] {processor.py:642} INFO - Processing file /home/airflow/.local/lib/python3.7/site-packages/airflow/example_dags/example_time_delta_sensor_async.py for tasks to queue
[2022-03-24 03:19:21,257] {logging_mixin.py:109} INFO - [2022-03-24 03:19:21,256] {dagbag.py:500} INFO - Filling up the DagBag from /home/airflow/.local/lib/python3.7/site-packages/airflow/example_dags/example_time_delta_sensor_async.py
[2022-03-24 03:19:21,354] {processor.py:654} INFO - DAG(s) dict_keys(['example_time_delta_sensor_async']) retrieved from /home/airflow/.local/lib/python3.7/site-packages/airflow/example_dags/example_time_delta_sensor_async.py
[2022-03-24 03:19:21,378] {logging_mixin.py:109} INFO - [2022-03-24 03:19:21,377] {dag.py:2398} INFO - Sync 1 DAGs
[2022-03-24 03:19:21,408] {logging_mixin.py:109} INFO - [2022-03-24 03:19:21,407] {dag.py:2937} INFO - Setting next_dagrun for example_time_delta_sensor_async to None
[2022-03-24 03:19:21,422] {processor.py:171} INFO - Processing /home/airflow/.local/lib/python3.7/site-packages/airflow/example_dags/example_time_delta_sensor_async.py took 0.211 seconds
[2022-03-24 03:19:52,464] {processor.py:163} INFO - Started process (PID=3225) to work on /home/airflow/.local/lib/python3.7/site-packages/airflow/example_dags/example_time_delta_sensor_async.py
[2022-03-24 03:19:52,471] {processor.py:642} INFO - Processing file /home/airflow/.local/lib/python3.7/site-packages/airflow/example_dags/example_time_delta_sensor_async.py for tasks to queue
[2022-03-24 03:19:52,474] {logging_mixin.py:109} INFO - [2022-03-24 03:19:52,474] {dagbag.py:500} INFO - Filling up the DagBag from /home/airflow/.local/lib/python3.7/site-packages/airflow/example_dags/example_time_delta_sensor_async.py
[2022-03-24 03:19:52,546] {processor.py:654} INFO - DAG(s) dict_keys(['example_time_delta_sensor_async']) retrieved from /home/airflow/.local/lib/python3.7/site-packages/airflow/example_dags/example_time_delta_sensor_async.py
[2022-03-24 03:19:52,592] {logging_mixin.py:109} INFO - [2022-03-24 03:19:52,591] {dag.py:2398} INFO - Sync 1 DAGs
[2022-03-24 03:19:52,609] {logging_mixin.py:109} INFO - [2022-03-24 03:19:52,609] {dag.py:2937} INFO - Setting next_dagrun for example_time_delta_sensor_async to None
[2022-03-24 03:19:52,619] {processor.py:171} INFO - Processing /home/airflow/.local/lib/python3.7/site-packages/airflow/example_dags/example_time_delta_sensor_async.py took 0.159 seconds
[2022-03-24 03:20:22,950] {processor.py:163} INFO - Started process (PID=3276) to work on /home/airflow/.local/lib/python3.7/site-packages/airflow/example_dags/example_time_delta_sensor_async.py
[2022-03-24 03:20:22,955] {processor.py:642} INFO - Processing file /home/airflow/.local/lib/python3.7/site-packages/airflow/example_dags/example_time_delta_sensor_async.py for tasks to queue
[2022-03-24 03:20:22,963] {logging_mixin.py:109} INFO - [2022-03-24 03:20:22,962] {dagbag.py:500} INFO - Filling up the DagBag from /home/airflow/.local/lib/python3.7/site-packages/airflow/example_dags/example_time_delta_sensor_async.py
[2022-03-24 03:20:23,035] {processor.py:654} INFO - DAG(s) dict_keys(['example_time_delta_sensor_async']) retrieved from /home/airflow/.local/lib/python3.7/site-packages/airflow/example_dags/example_time_delta_sensor_async.py
[2022-03-24 03:20:23,064] {logging_mixin.py:109} INFO - [2022-03-24 03:20:23,064] {dag.py:2398} INFO - Sync 1 DAGs
[2022-03-24 03:20:23,079] {logging_mixin.py:109} INFO - [2022-03-24 03:20:23,079] {dag.py:2937} INFO - Setting next_dagrun for example_time_delta_sensor_async to None
[2022-03-24 03:20:23,089] {processor.py:171} INFO - Processing /home/airflow/.local/lib/python3.7/site-packages/airflow/example_dags/example_time_delta_sensor_async.py took 0.153 seconds
