[2022-03-24 02:50:25,859] {processor.py:163} INFO - Started process (PID=247) to work on /home/airflow/.local/lib/python3.7/site-packages/airflow/example_dags/example_bash_operator.py
[2022-03-24 02:50:25,862] {processor.py:642} INFO - Processing file /home/airflow/.local/lib/python3.7/site-packages/airflow/example_dags/example_bash_operator.py for tasks to queue
[2022-03-24 02:50:25,865] {logging_mixin.py:109} INFO - [2022-03-24 02:50:25,865] {dagbag.py:500} INFO - Filling up the DagBag from /home/airflow/.local/lib/python3.7/site-packages/airflow/example_dags/example_bash_operator.py
[2022-03-24 02:50:25,920] {processor.py:654} INFO - DAG(s) dict_keys(['example_bash_operator']) retrieved from /home/airflow/.local/lib/python3.7/site-packages/airflow/example_dags/example_bash_operator.py
[2022-03-24 02:50:28,473] {logging_mixin.py:109} INFO - [2022-03-24 02:50:28,473] {manager.py:496} INFO - Created Permission View: can edit on DAG:example_bash_operator
[2022-03-24 02:50:28,805] {logging_mixin.py:109} INFO - [2022-03-24 02:50:28,804] {manager.py:496} INFO - Created Permission View: can read on DAG:example_bash_operator
[2022-03-24 02:50:28,814] {logging_mixin.py:109} INFO - [2022-03-24 02:50:28,813] {dag.py:2398} INFO - Sync 1 DAGs
[2022-03-24 02:50:28,827] {logging_mixin.py:109} INFO - [2022-03-24 02:50:28,826] {dag.py:2417} INFO - Creating ORM DAG for example_bash_operator
[2022-03-24 02:50:28,849] {logging_mixin.py:109} INFO - [2022-03-24 02:50:28,849] {dag.py:2937} INFO - Setting next_dagrun for example_bash_operator to 2022-03-23 00:00:00+00:00
[2022-03-24 02:50:28,919] {processor.py:171} INFO - Processing /home/airflow/.local/lib/python3.7/site-packages/airflow/example_dags/example_bash_operator.py took 3.069 seconds
[2022-03-24 02:50:59,634] {processor.py:163} INFO - Started process (PID=314) to work on /home/airflow/.local/lib/python3.7/site-packages/airflow/example_dags/example_bash_operator.py
[2022-03-24 02:50:59,639] {processor.py:642} INFO - Processing file /home/airflow/.local/lib/python3.7/site-packages/airflow/example_dags/example_bash_operator.py for tasks to queue
[2022-03-24 02:50:59,952] {logging_mixin.py:109} INFO - [2022-03-24 02:50:59,951] {dagbag.py:500} INFO - Filling up the DagBag from /home/airflow/.local/lib/python3.7/site-packages/airflow/example_dags/example_bash_operator.py
[2022-03-24 02:51:00,264] {processor.py:654} INFO - DAG(s) dict_keys(['example_bash_operator']) retrieved from /home/airflow/.local/lib/python3.7/site-packages/airflow/example_dags/example_bash_operator.py
[2022-03-24 02:51:00,778] {logging_mixin.py:109} INFO - [2022-03-24 02:51:00,778] {dag.py:2398} INFO - Sync 1 DAGs
[2022-03-24 02:51:00,857] {logging_mixin.py:109} INFO - [2022-03-24 02:51:00,857] {dag.py:2937} INFO - Setting next_dagrun for example_bash_operator to 2022-03-23 00:00:00+00:00
[2022-03-24 02:51:01,512] {processor.py:171} INFO - Processing /home/airflow/.local/lib/python3.7/site-packages/airflow/example_dags/example_bash_operator.py took 1.883 seconds
[2022-03-24 02:51:32,325] {processor.py:163} INFO - Started process (PID=365) to work on /home/airflow/.local/lib/python3.7/site-packages/airflow/example_dags/example_bash_operator.py
[2022-03-24 02:51:32,402] {processor.py:642} INFO - Processing file /home/airflow/.local/lib/python3.7/site-packages/airflow/example_dags/example_bash_operator.py for tasks to queue
[2022-03-24 02:51:32,411] {logging_mixin.py:109} INFO - [2022-03-24 02:51:32,407] {dagbag.py:500} INFO - Filling up the DagBag from /home/airflow/.local/lib/python3.7/site-packages/airflow/example_dags/example_bash_operator.py
[2022-03-24 02:51:32,672] {processor.py:654} INFO - DAG(s) dict_keys(['example_bash_operator']) retrieved from /home/airflow/.local/lib/python3.7/site-packages/airflow/example_dags/example_bash_operator.py
[2022-03-24 02:51:32,715] {logging_mixin.py:109} INFO - [2022-03-24 02:51:32,714] {dag.py:2398} INFO - Sync 1 DAGs
[2022-03-24 02:51:32,770] {logging_mixin.py:109} INFO - [2022-03-24 02:51:32,770] {dag.py:2937} INFO - Setting next_dagrun for example_bash_operator to 2022-03-23 00:00:00+00:00
[2022-03-24 02:51:32,818] {processor.py:171} INFO - Processing /home/airflow/.local/lib/python3.7/site-packages/airflow/example_dags/example_bash_operator.py took 0.532 seconds
[2022-03-24 02:52:02,921] {processor.py:163} INFO - Started process (PID=415) to work on /home/airflow/.local/lib/python3.7/site-packages/airflow/example_dags/example_bash_operator.py
[2022-03-24 02:52:02,925] {processor.py:642} INFO - Processing file /home/airflow/.local/lib/python3.7/site-packages/airflow/example_dags/example_bash_operator.py for tasks to queue
[2022-03-24 02:52:02,930] {logging_mixin.py:109} INFO - [2022-03-24 02:52:02,929] {dagbag.py:500} INFO - Filling up the DagBag from /home/airflow/.local/lib/python3.7/site-packages/airflow/example_dags/example_bash_operator.py
[2022-03-24 02:52:03,074] {processor.py:654} INFO - DAG(s) dict_keys(['example_bash_operator']) retrieved from /home/airflow/.local/lib/python3.7/site-packages/airflow/example_dags/example_bash_operator.py
[2022-03-24 02:52:03,127] {logging_mixin.py:109} INFO - [2022-03-24 02:52:03,126] {dag.py:2398} INFO - Sync 1 DAGs
[2022-03-24 02:52:03,207] {logging_mixin.py:109} INFO - [2022-03-24 02:52:03,207] {dag.py:2937} INFO - Setting next_dagrun for example_bash_operator to 2022-03-23 00:00:00+00:00
[2022-03-24 02:52:03,222] {processor.py:171} INFO - Processing /home/airflow/.local/lib/python3.7/site-packages/airflow/example_dags/example_bash_operator.py took 0.314 seconds
[2022-03-24 02:52:33,402] {processor.py:163} INFO - Started process (PID=466) to work on /home/airflow/.local/lib/python3.7/site-packages/airflow/example_dags/example_bash_operator.py
[2022-03-24 02:52:33,407] {processor.py:642} INFO - Processing file /home/airflow/.local/lib/python3.7/site-packages/airflow/example_dags/example_bash_operator.py for tasks to queue
[2022-03-24 02:52:33,410] {logging_mixin.py:109} INFO - [2022-03-24 02:52:33,409] {dagbag.py:500} INFO - Filling up the DagBag from /home/airflow/.local/lib/python3.7/site-packages/airflow/example_dags/example_bash_operator.py
[2022-03-24 02:52:33,471] {processor.py:654} INFO - DAG(s) dict_keys(['example_bash_operator']) retrieved from /home/airflow/.local/lib/python3.7/site-packages/airflow/example_dags/example_bash_operator.py
[2022-03-24 02:52:33,486] {logging_mixin.py:109} INFO - [2022-03-24 02:52:33,486] {dag.py:2398} INFO - Sync 1 DAGs
[2022-03-24 02:52:33,508] {logging_mixin.py:109} INFO - [2022-03-24 02:52:33,508] {dag.py:2937} INFO - Setting next_dagrun for example_bash_operator to 2022-03-23 00:00:00+00:00
[2022-03-24 02:52:33,522] {processor.py:171} INFO - Processing /home/airflow/.local/lib/python3.7/site-packages/airflow/example_dags/example_bash_operator.py took 0.130 seconds
[2022-03-24 02:53:03,992] {processor.py:163} INFO - Started process (PID=525) to work on /home/airflow/.local/lib/python3.7/site-packages/airflow/example_dags/example_bash_operator.py
[2022-03-24 02:53:04,007] {processor.py:642} INFO - Processing file /home/airflow/.local/lib/python3.7/site-packages/airflow/example_dags/example_bash_operator.py for tasks to queue
[2022-03-24 02:53:04,014] {logging_mixin.py:109} INFO - [2022-03-24 02:53:04,013] {dagbag.py:500} INFO - Filling up the DagBag from /home/airflow/.local/lib/python3.7/site-packages/airflow/example_dags/example_bash_operator.py
[2022-03-24 02:53:04,106] {processor.py:654} INFO - DAG(s) dict_keys(['example_bash_operator']) retrieved from /home/airflow/.local/lib/python3.7/site-packages/airflow/example_dags/example_bash_operator.py
[2022-03-24 02:53:04,139] {logging_mixin.py:109} INFO - [2022-03-24 02:53:04,139] {dag.py:2398} INFO - Sync 1 DAGs
[2022-03-24 02:53:04,178] {logging_mixin.py:109} INFO - [2022-03-24 02:53:04,178] {dag.py:2937} INFO - Setting next_dagrun for example_bash_operator to 2022-03-23 00:00:00+00:00
[2022-03-24 02:53:04,206] {processor.py:171} INFO - Processing /home/airflow/.local/lib/python3.7/site-packages/airflow/example_dags/example_bash_operator.py took 0.227 seconds
[2022-03-24 02:53:35,083] {processor.py:163} INFO - Started process (PID=574) to work on /home/airflow/.local/lib/python3.7/site-packages/airflow/example_dags/example_bash_operator.py
[2022-03-24 02:53:35,090] {processor.py:642} INFO - Processing file /home/airflow/.local/lib/python3.7/site-packages/airflow/example_dags/example_bash_operator.py for tasks to queue
[2022-03-24 02:53:35,093] {logging_mixin.py:109} INFO - [2022-03-24 02:53:35,093] {dagbag.py:500} INFO - Filling up the DagBag from /home/airflow/.local/lib/python3.7/site-packages/airflow/example_dags/example_bash_operator.py
[2022-03-24 02:53:35,241] {processor.py:654} INFO - DAG(s) dict_keys(['example_bash_operator']) retrieved from /home/airflow/.local/lib/python3.7/site-packages/airflow/example_dags/example_bash_operator.py
[2022-03-24 02:53:35,260] {logging_mixin.py:109} INFO - [2022-03-24 02:53:35,260] {dag.py:2398} INFO - Sync 1 DAGs
[2022-03-24 02:53:35,280] {logging_mixin.py:109} INFO - [2022-03-24 02:53:35,280] {dag.py:2937} INFO - Setting next_dagrun for example_bash_operator to 2022-03-23 00:00:00+00:00
[2022-03-24 02:53:35,297] {processor.py:171} INFO - Processing /home/airflow/.local/lib/python3.7/site-packages/airflow/example_dags/example_bash_operator.py took 0.220 seconds
[2022-03-24 02:54:11,188] {processor.py:163} INFO - Started process (PID=624) to work on /home/airflow/.local/lib/python3.7/site-packages/airflow/example_dags/example_bash_operator.py
[2022-03-24 02:54:11,372] {processor.py:642} INFO - Processing file /home/airflow/.local/lib/python3.7/site-packages/airflow/example_dags/example_bash_operator.py for tasks to queue
[2022-03-24 02:54:11,375] {logging_mixin.py:109} INFO - [2022-03-24 02:54:11,375] {dagbag.py:500} INFO - Filling up the DagBag from /home/airflow/.local/lib/python3.7/site-packages/airflow/example_dags/example_bash_operator.py
[2022-03-24 02:54:11,428] {processor.py:654} INFO - DAG(s) dict_keys(['example_bash_operator']) retrieved from /home/airflow/.local/lib/python3.7/site-packages/airflow/example_dags/example_bash_operator.py
[2022-03-24 02:54:11,531] {logging_mixin.py:109} INFO - [2022-03-24 02:54:11,531] {dag.py:2398} INFO - Sync 1 DAGs
[2022-03-24 02:54:11,697] {logging_mixin.py:109} INFO - [2022-03-24 02:54:11,696] {dag.py:2937} INFO - Setting next_dagrun for example_bash_operator to 2022-03-23 00:00:00+00:00
[2022-03-24 02:54:11,879] {processor.py:171} INFO - Processing /home/airflow/.local/lib/python3.7/site-packages/airflow/example_dags/example_bash_operator.py took 0.694 seconds
[2022-03-24 02:54:48,801] {processor.py:163} INFO - Started process (PID=676) to work on /home/airflow/.local/lib/python3.7/site-packages/airflow/example_dags/example_bash_operator.py
[2022-03-24 02:54:48,806] {processor.py:642} INFO - Processing file /home/airflow/.local/lib/python3.7/site-packages/airflow/example_dags/example_bash_operator.py for tasks to queue
[2022-03-24 02:54:48,807] {logging_mixin.py:109} INFO - [2022-03-24 02:54:48,807] {dagbag.py:500} INFO - Filling up the DagBag from /home/airflow/.local/lib/python3.7/site-packages/airflow/example_dags/example_bash_operator.py
[2022-03-24 02:54:48,865] {processor.py:654} INFO - DAG(s) dict_keys(['example_bash_operator']) retrieved from /home/airflow/.local/lib/python3.7/site-packages/airflow/example_dags/example_bash_operator.py
[2022-03-24 02:54:49,073] {logging_mixin.py:109} INFO - [2022-03-24 02:54:49,073] {dag.py:2398} INFO - Sync 1 DAGs
[2022-03-24 02:54:49,115] {logging_mixin.py:109} INFO - [2022-03-24 02:54:49,115] {dag.py:2937} INFO - Setting next_dagrun for example_bash_operator to 2022-03-23 00:00:00+00:00
[2022-03-24 02:54:49,141] {processor.py:171} INFO - Processing /home/airflow/.local/lib/python3.7/site-packages/airflow/example_dags/example_bash_operator.py took 0.344 seconds
[2022-03-24 02:55:20,018] {processor.py:163} INFO - Started process (PID=727) to work on /home/airflow/.local/lib/python3.7/site-packages/airflow/example_dags/example_bash_operator.py
[2022-03-24 02:55:20,021] {processor.py:642} INFO - Processing file /home/airflow/.local/lib/python3.7/site-packages/airflow/example_dags/example_bash_operator.py for tasks to queue
[2022-03-24 02:55:20,023] {logging_mixin.py:109} INFO - [2022-03-24 02:55:20,023] {dagbag.py:500} INFO - Filling up the DagBag from /home/airflow/.local/lib/python3.7/site-packages/airflow/example_dags/example_bash_operator.py
[2022-03-24 02:55:20,069] {processor.py:654} INFO - DAG(s) dict_keys(['example_bash_operator']) retrieved from /home/airflow/.local/lib/python3.7/site-packages/airflow/example_dags/example_bash_operator.py
[2022-03-24 02:55:20,081] {logging_mixin.py:109} INFO - [2022-03-24 02:55:20,081] {dag.py:2398} INFO - Sync 1 DAGs
[2022-03-24 02:55:20,099] {logging_mixin.py:109} INFO - [2022-03-24 02:55:20,099] {dag.py:2937} INFO - Setting next_dagrun for example_bash_operator to 2022-03-23 00:00:00+00:00
[2022-03-24 02:55:20,113] {processor.py:171} INFO - Processing /home/airflow/.local/lib/python3.7/site-packages/airflow/example_dags/example_bash_operator.py took 0.099 seconds
[2022-03-24 02:55:50,237] {processor.py:163} INFO - Started process (PID=777) to work on /home/airflow/.local/lib/python3.7/site-packages/airflow/example_dags/example_bash_operator.py
[2022-03-24 02:55:50,239] {processor.py:642} INFO - Processing file /home/airflow/.local/lib/python3.7/site-packages/airflow/example_dags/example_bash_operator.py for tasks to queue
[2022-03-24 02:55:50,240] {logging_mixin.py:109} INFO - [2022-03-24 02:55:50,240] {dagbag.py:500} INFO - Filling up the DagBag from /home/airflow/.local/lib/python3.7/site-packages/airflow/example_dags/example_bash_operator.py
[2022-03-24 02:55:50,286] {processor.py:654} INFO - DAG(s) dict_keys(['example_bash_operator']) retrieved from /home/airflow/.local/lib/python3.7/site-packages/airflow/example_dags/example_bash_operator.py
[2022-03-24 02:55:50,304] {logging_mixin.py:109} INFO - [2022-03-24 02:55:50,304] {dag.py:2398} INFO - Sync 1 DAGs
[2022-03-24 02:55:50,328] {logging_mixin.py:109} INFO - [2022-03-24 02:55:50,328] {dag.py:2937} INFO - Setting next_dagrun for example_bash_operator to 2022-03-23 00:00:00+00:00
[2022-03-24 02:55:50,341] {processor.py:171} INFO - Processing /home/airflow/.local/lib/python3.7/site-packages/airflow/example_dags/example_bash_operator.py took 0.108 seconds
[2022-03-24 02:56:21,973] {processor.py:163} INFO - Started process (PID=827) to work on /home/airflow/.local/lib/python3.7/site-packages/airflow/example_dags/example_bash_operator.py
[2022-03-24 02:56:22,149] {processor.py:642} INFO - Processing file /home/airflow/.local/lib/python3.7/site-packages/airflow/example_dags/example_bash_operator.py for tasks to queue
[2022-03-24 02:56:22,238] {logging_mixin.py:109} INFO - [2022-03-24 02:56:22,237] {dagbag.py:500} INFO - Filling up the DagBag from /home/airflow/.local/lib/python3.7/site-packages/airflow/example_dags/example_bash_operator.py
[2022-03-24 02:56:22,311] {processor.py:654} INFO - DAG(s) dict_keys(['example_bash_operator']) retrieved from /home/airflow/.local/lib/python3.7/site-packages/airflow/example_dags/example_bash_operator.py
[2022-03-24 02:56:22,594] {logging_mixin.py:109} INFO - [2022-03-24 02:56:22,594] {dag.py:2398} INFO - Sync 1 DAGs
[2022-03-24 02:56:22,731] {logging_mixin.py:109} INFO - [2022-03-24 02:56:22,731] {dag.py:2937} INFO - Setting next_dagrun for example_bash_operator to 2022-03-23 00:00:00+00:00
[2022-03-24 02:56:23,146] {processor.py:171} INFO - Processing /home/airflow/.local/lib/python3.7/site-packages/airflow/example_dags/example_bash_operator.py took 1.179 seconds
[2022-03-24 02:56:53,771] {processor.py:163} INFO - Started process (PID=877) to work on /home/airflow/.local/lib/python3.7/site-packages/airflow/example_dags/example_bash_operator.py
[2022-03-24 02:56:53,777] {processor.py:642} INFO - Processing file /home/airflow/.local/lib/python3.7/site-packages/airflow/example_dags/example_bash_operator.py for tasks to queue
[2022-03-24 02:56:53,779] {logging_mixin.py:109} INFO - [2022-03-24 02:56:53,779] {dagbag.py:500} INFO - Filling up the DagBag from /home/airflow/.local/lib/python3.7/site-packages/airflow/example_dags/example_bash_operator.py
[2022-03-24 02:56:53,832] {processor.py:654} INFO - DAG(s) dict_keys(['example_bash_operator']) retrieved from /home/airflow/.local/lib/python3.7/site-packages/airflow/example_dags/example_bash_operator.py
[2022-03-24 02:56:53,859] {logging_mixin.py:109} INFO - [2022-03-24 02:56:53,858] {dag.py:2398} INFO - Sync 1 DAGs
[2022-03-24 02:56:53,883] {logging_mixin.py:109} INFO - [2022-03-24 02:56:53,883] {dag.py:2937} INFO - Setting next_dagrun for example_bash_operator to 2022-03-23 00:00:00+00:00
[2022-03-24 02:56:53,916] {processor.py:171} INFO - Processing /home/airflow/.local/lib/python3.7/site-packages/airflow/example_dags/example_bash_operator.py took 0.149 seconds
[2022-03-24 02:57:24,359] {processor.py:163} INFO - Started process (PID=927) to work on /home/airflow/.local/lib/python3.7/site-packages/airflow/example_dags/example_bash_operator.py
[2022-03-24 02:57:24,486] {processor.py:642} INFO - Processing file /home/airflow/.local/lib/python3.7/site-packages/airflow/example_dags/example_bash_operator.py for tasks to queue
[2022-03-24 02:57:24,488] {logging_mixin.py:109} INFO - [2022-03-24 02:57:24,488] {dagbag.py:500} INFO - Filling up the DagBag from /home/airflow/.local/lib/python3.7/site-packages/airflow/example_dags/example_bash_operator.py
[2022-03-24 02:57:24,612] {processor.py:654} INFO - DAG(s) dict_keys(['example_bash_operator']) retrieved from /home/airflow/.local/lib/python3.7/site-packages/airflow/example_dags/example_bash_operator.py
[2022-03-24 02:57:24,687] {logging_mixin.py:109} INFO - [2022-03-24 02:57:24,687] {dag.py:2398} INFO - Sync 1 DAGs
[2022-03-24 02:57:24,818] {logging_mixin.py:109} INFO - [2022-03-24 02:57:24,818] {dag.py:2937} INFO - Setting next_dagrun for example_bash_operator to 2022-03-23 00:00:00+00:00
[2022-03-24 02:57:24,843] {processor.py:171} INFO - Processing /home/airflow/.local/lib/python3.7/site-packages/airflow/example_dags/example_bash_operator.py took 0.496 seconds
[2022-03-24 02:57:55,087] {processor.py:163} INFO - Started process (PID=987) to work on /home/airflow/.local/lib/python3.7/site-packages/airflow/example_dags/example_bash_operator.py
[2022-03-24 02:57:55,099] {processor.py:642} INFO - Processing file /home/airflow/.local/lib/python3.7/site-packages/airflow/example_dags/example_bash_operator.py for tasks to queue
[2022-03-24 02:57:55,109] {logging_mixin.py:109} INFO - [2022-03-24 02:57:55,109] {dagbag.py:500} INFO - Filling up the DagBag from /home/airflow/.local/lib/python3.7/site-packages/airflow/example_dags/example_bash_operator.py
[2022-03-24 02:57:55,279] {processor.py:654} INFO - DAG(s) dict_keys(['example_bash_operator']) retrieved from /home/airflow/.local/lib/python3.7/site-packages/airflow/example_dags/example_bash_operator.py
[2022-03-24 02:57:55,321] {logging_mixin.py:109} INFO - [2022-03-24 02:57:55,320] {dag.py:2398} INFO - Sync 1 DAGs
[2022-03-24 02:57:55,404] {logging_mixin.py:109} INFO - [2022-03-24 02:57:55,403] {dag.py:2937} INFO - Setting next_dagrun for example_bash_operator to 2022-03-23 00:00:00+00:00
[2022-03-24 02:57:55,466] {processor.py:171} INFO - Processing /home/airflow/.local/lib/python3.7/site-packages/airflow/example_dags/example_bash_operator.py took 0.417 seconds
[2022-03-24 02:58:26,184] {processor.py:163} INFO - Started process (PID=1040) to work on /home/airflow/.local/lib/python3.7/site-packages/airflow/example_dags/example_bash_operator.py
[2022-03-24 02:58:26,187] {processor.py:642} INFO - Processing file /home/airflow/.local/lib/python3.7/site-packages/airflow/example_dags/example_bash_operator.py for tasks to queue
[2022-03-24 02:58:26,189] {logging_mixin.py:109} INFO - [2022-03-24 02:58:26,188] {dagbag.py:500} INFO - Filling up the DagBag from /home/airflow/.local/lib/python3.7/site-packages/airflow/example_dags/example_bash_operator.py
[2022-03-24 02:58:26,383] {processor.py:654} INFO - DAG(s) dict_keys(['example_bash_operator']) retrieved from /home/airflow/.local/lib/python3.7/site-packages/airflow/example_dags/example_bash_operator.py
[2022-03-24 02:58:26,430] {logging_mixin.py:109} INFO - [2022-03-24 02:58:26,430] {dag.py:2398} INFO - Sync 1 DAGs
[2022-03-24 02:58:26,481] {logging_mixin.py:109} INFO - [2022-03-24 02:58:26,481] {dag.py:2937} INFO - Setting next_dagrun for example_bash_operator to 2022-03-23 00:00:00+00:00
[2022-03-24 02:58:26,504] {processor.py:171} INFO - Processing /home/airflow/.local/lib/python3.7/site-packages/airflow/example_dags/example_bash_operator.py took 0.330 seconds
[2022-03-24 02:58:56,900] {processor.py:163} INFO - Started process (PID=1092) to work on /home/airflow/.local/lib/python3.7/site-packages/airflow/example_dags/example_bash_operator.py
[2022-03-24 02:58:56,908] {processor.py:642} INFO - Processing file /home/airflow/.local/lib/python3.7/site-packages/airflow/example_dags/example_bash_operator.py for tasks to queue
[2022-03-24 02:58:56,910] {logging_mixin.py:109} INFO - [2022-03-24 02:58:56,910] {dagbag.py:500} INFO - Filling up the DagBag from /home/airflow/.local/lib/python3.7/site-packages/airflow/example_dags/example_bash_operator.py
[2022-03-24 02:58:57,036] {processor.py:654} INFO - DAG(s) dict_keys(['example_bash_operator']) retrieved from /home/airflow/.local/lib/python3.7/site-packages/airflow/example_dags/example_bash_operator.py
[2022-03-24 02:58:57,050] {logging_mixin.py:109} INFO - [2022-03-24 02:58:57,050] {dag.py:2398} INFO - Sync 1 DAGs
[2022-03-24 02:58:57,075] {logging_mixin.py:109} INFO - [2022-03-24 02:58:57,075] {dag.py:2937} INFO - Setting next_dagrun for example_bash_operator to 2022-03-23 00:00:00+00:00
[2022-03-24 02:58:57,090] {processor.py:171} INFO - Processing /home/airflow/.local/lib/python3.7/site-packages/airflow/example_dags/example_bash_operator.py took 0.211 seconds
[2022-03-24 02:59:30,409] {processor.py:163} INFO - Started process (PID=1144) to work on /home/airflow/.local/lib/python3.7/site-packages/airflow/example_dags/example_bash_operator.py
[2022-03-24 02:59:30,429] {processor.py:642} INFO - Processing file /home/airflow/.local/lib/python3.7/site-packages/airflow/example_dags/example_bash_operator.py for tasks to queue
[2022-03-24 02:59:30,440] {logging_mixin.py:109} INFO - [2022-03-24 02:59:30,438] {dagbag.py:500} INFO - Filling up the DagBag from /home/airflow/.local/lib/python3.7/site-packages/airflow/example_dags/example_bash_operator.py
[2022-03-24 02:59:30,618] {processor.py:654} INFO - DAG(s) dict_keys(['example_bash_operator']) retrieved from /home/airflow/.local/lib/python3.7/site-packages/airflow/example_dags/example_bash_operator.py
[2022-03-24 02:59:30,742] {logging_mixin.py:109} INFO - [2022-03-24 02:59:30,742] {dag.py:2398} INFO - Sync 1 DAGs
[2022-03-24 02:59:31,015] {logging_mixin.py:109} INFO - [2022-03-24 02:59:31,015] {dag.py:2937} INFO - Setting next_dagrun for example_bash_operator to 2022-03-23 00:00:00+00:00
[2022-03-24 02:59:31,043] {processor.py:171} INFO - Processing /home/airflow/.local/lib/python3.7/site-packages/airflow/example_dags/example_bash_operator.py took 0.639 seconds
[2022-03-24 03:00:01,112] {processor.py:163} INFO - Started process (PID=1196) to work on /home/airflow/.local/lib/python3.7/site-packages/airflow/example_dags/example_bash_operator.py
[2022-03-24 03:00:01,117] {processor.py:642} INFO - Processing file /home/airflow/.local/lib/python3.7/site-packages/airflow/example_dags/example_bash_operator.py for tasks to queue
[2022-03-24 03:00:01,119] {logging_mixin.py:109} INFO - [2022-03-24 03:00:01,119] {dagbag.py:500} INFO - Filling up the DagBag from /home/airflow/.local/lib/python3.7/site-packages/airflow/example_dags/example_bash_operator.py
[2022-03-24 03:00:01,166] {processor.py:654} INFO - DAG(s) dict_keys(['example_bash_operator']) retrieved from /home/airflow/.local/lib/python3.7/site-packages/airflow/example_dags/example_bash_operator.py
[2022-03-24 03:00:01,181] {logging_mixin.py:109} INFO - [2022-03-24 03:00:01,181] {dag.py:2398} INFO - Sync 1 DAGs
[2022-03-24 03:00:01,200] {logging_mixin.py:109} INFO - [2022-03-24 03:00:01,200] {dag.py:2937} INFO - Setting next_dagrun for example_bash_operator to 2022-03-23 00:00:00+00:00
[2022-03-24 03:00:01,215] {processor.py:171} INFO - Processing /home/airflow/.local/lib/python3.7/site-packages/airflow/example_dags/example_bash_operator.py took 0.120 seconds
[2022-03-24 03:00:32,313] {processor.py:163} INFO - Started process (PID=1247) to work on /home/airflow/.local/lib/python3.7/site-packages/airflow/example_dags/example_bash_operator.py
[2022-03-24 03:00:32,317] {processor.py:642} INFO - Processing file /home/airflow/.local/lib/python3.7/site-packages/airflow/example_dags/example_bash_operator.py for tasks to queue
[2022-03-24 03:00:32,319] {logging_mixin.py:109} INFO - [2022-03-24 03:00:32,318] {dagbag.py:500} INFO - Filling up the DagBag from /home/airflow/.local/lib/python3.7/site-packages/airflow/example_dags/example_bash_operator.py
[2022-03-24 03:00:32,366] {processor.py:654} INFO - DAG(s) dict_keys(['example_bash_operator']) retrieved from /home/airflow/.local/lib/python3.7/site-packages/airflow/example_dags/example_bash_operator.py
[2022-03-24 03:00:32,380] {logging_mixin.py:109} INFO - [2022-03-24 03:00:32,380] {dag.py:2398} INFO - Sync 1 DAGs
[2022-03-24 03:00:32,398] {logging_mixin.py:109} INFO - [2022-03-24 03:00:32,398] {dag.py:2937} INFO - Setting next_dagrun for example_bash_operator to 2022-03-23 00:00:00+00:00
[2022-03-24 03:00:32,411] {processor.py:171} INFO - Processing /home/airflow/.local/lib/python3.7/site-packages/airflow/example_dags/example_bash_operator.py took 0.105 seconds
[2022-03-24 03:01:02,800] {processor.py:163} INFO - Started process (PID=1297) to work on /home/airflow/.local/lib/python3.7/site-packages/airflow/example_dags/example_bash_operator.py
[2022-03-24 03:01:02,804] {processor.py:642} INFO - Processing file /home/airflow/.local/lib/python3.7/site-packages/airflow/example_dags/example_bash_operator.py for tasks to queue
[2022-03-24 03:01:02,806] {logging_mixin.py:109} INFO - [2022-03-24 03:01:02,806] {dagbag.py:500} INFO - Filling up the DagBag from /home/airflow/.local/lib/python3.7/site-packages/airflow/example_dags/example_bash_operator.py
[2022-03-24 03:01:02,858] {processor.py:654} INFO - DAG(s) dict_keys(['example_bash_operator']) retrieved from /home/airflow/.local/lib/python3.7/site-packages/airflow/example_dags/example_bash_operator.py
[2022-03-24 03:01:02,881] {logging_mixin.py:109} INFO - [2022-03-24 03:01:02,881] {dag.py:2398} INFO - Sync 1 DAGs
[2022-03-24 03:01:02,904] {logging_mixin.py:109} INFO - [2022-03-24 03:01:02,904] {dag.py:2937} INFO - Setting next_dagrun for example_bash_operator to 2022-03-23 00:00:00+00:00
[2022-03-24 03:01:02,916] {processor.py:171} INFO - Processing /home/airflow/.local/lib/python3.7/site-packages/airflow/example_dags/example_bash_operator.py took 0.123 seconds
[2022-03-24 03:01:40,609] {processor.py:163} INFO - Started process (PID=1347) to work on /home/airflow/.local/lib/python3.7/site-packages/airflow/example_dags/example_bash_operator.py
[2022-03-24 03:01:40,978] {processor.py:642} INFO - Processing file /home/airflow/.local/lib/python3.7/site-packages/airflow/example_dags/example_bash_operator.py for tasks to queue
[2022-03-24 03:01:41,273] {logging_mixin.py:109} INFO - [2022-03-24 03:01:41,271] {dagbag.py:500} INFO - Filling up the DagBag from /home/airflow/.local/lib/python3.7/site-packages/airflow/example_dags/example_bash_operator.py
[2022-03-24 03:01:41,389] {processor.py:654} INFO - DAG(s) dict_keys(['example_bash_operator']) retrieved from /home/airflow/.local/lib/python3.7/site-packages/airflow/example_dags/example_bash_operator.py
[2022-03-24 03:01:41,752] {logging_mixin.py:109} INFO - [2022-03-24 03:01:41,751] {dag.py:2398} INFO - Sync 1 DAGs
[2022-03-24 03:01:42,024] {logging_mixin.py:109} INFO - [2022-03-24 03:01:42,024] {dag.py:2937} INFO - Setting next_dagrun for example_bash_operator to 2022-03-23 00:00:00+00:00
[2022-03-24 03:01:42,490] {processor.py:171} INFO - Processing /home/airflow/.local/lib/python3.7/site-packages/airflow/example_dags/example_bash_operator.py took 1.891 seconds
[2022-03-24 03:02:13,006] {processor.py:163} INFO - Started process (PID=1398) to work on /home/airflow/.local/lib/python3.7/site-packages/airflow/example_dags/example_bash_operator.py
[2022-03-24 03:02:13,011] {processor.py:642} INFO - Processing file /home/airflow/.local/lib/python3.7/site-packages/airflow/example_dags/example_bash_operator.py for tasks to queue
[2022-03-24 03:02:13,015] {logging_mixin.py:109} INFO - [2022-03-24 03:02:13,015] {dagbag.py:500} INFO - Filling up the DagBag from /home/airflow/.local/lib/python3.7/site-packages/airflow/example_dags/example_bash_operator.py
[2022-03-24 03:02:13,065] {processor.py:654} INFO - DAG(s) dict_keys(['example_bash_operator']) retrieved from /home/airflow/.local/lib/python3.7/site-packages/airflow/example_dags/example_bash_operator.py
[2022-03-24 03:02:13,090] {logging_mixin.py:109} INFO - [2022-03-24 03:02:13,089] {dag.py:2398} INFO - Sync 1 DAGs
[2022-03-24 03:02:13,132] {logging_mixin.py:109} INFO - [2022-03-24 03:02:13,131] {dag.py:2937} INFO - Setting next_dagrun for example_bash_operator to 2022-03-23 00:00:00+00:00
[2022-03-24 03:02:13,149] {processor.py:171} INFO - Processing /home/airflow/.local/lib/python3.7/site-packages/airflow/example_dags/example_bash_operator.py took 0.151 seconds
[2022-03-24 03:02:43,222] {processor.py:163} INFO - Started process (PID=1460) to work on /home/airflow/.local/lib/python3.7/site-packages/airflow/example_dags/example_bash_operator.py
[2022-03-24 03:02:43,226] {processor.py:642} INFO - Processing file /home/airflow/.local/lib/python3.7/site-packages/airflow/example_dags/example_bash_operator.py for tasks to queue
[2022-03-24 03:02:43,228] {logging_mixin.py:109} INFO - [2022-03-24 03:02:43,228] {dagbag.py:500} INFO - Filling up the DagBag from /home/airflow/.local/lib/python3.7/site-packages/airflow/example_dags/example_bash_operator.py
[2022-03-24 03:02:43,309] {processor.py:654} INFO - DAG(s) dict_keys(['example_bash_operator']) retrieved from /home/airflow/.local/lib/python3.7/site-packages/airflow/example_dags/example_bash_operator.py
[2022-03-24 03:02:43,325] {logging_mixin.py:109} INFO - [2022-03-24 03:02:43,324] {dag.py:2398} INFO - Sync 1 DAGs
[2022-03-24 03:02:43,375] {logging_mixin.py:109} INFO - [2022-03-24 03:02:43,368] {dag.py:2937} INFO - Setting next_dagrun for example_bash_operator to 2022-03-23 00:00:00+00:00
[2022-03-24 03:02:43,419] {processor.py:171} INFO - Processing /home/airflow/.local/lib/python3.7/site-packages/airflow/example_dags/example_bash_operator.py took 0.205 seconds
[2022-03-24 03:03:14,123] {processor.py:163} INFO - Started process (PID=1511) to work on /home/airflow/.local/lib/python3.7/site-packages/airflow/example_dags/example_bash_operator.py
[2022-03-24 03:03:14,129] {processor.py:642} INFO - Processing file /home/airflow/.local/lib/python3.7/site-packages/airflow/example_dags/example_bash_operator.py for tasks to queue
[2022-03-24 03:03:14,134] {logging_mixin.py:109} INFO - [2022-03-24 03:03:14,133] {dagbag.py:500} INFO - Filling up the DagBag from /home/airflow/.local/lib/python3.7/site-packages/airflow/example_dags/example_bash_operator.py
[2022-03-24 03:03:14,263] {processor.py:654} INFO - DAG(s) dict_keys(['example_bash_operator']) retrieved from /home/airflow/.local/lib/python3.7/site-packages/airflow/example_dags/example_bash_operator.py
[2022-03-24 03:03:14,290] {logging_mixin.py:109} INFO - [2022-03-24 03:03:14,290] {dag.py:2398} INFO - Sync 1 DAGs
[2022-03-24 03:03:14,329] {logging_mixin.py:109} INFO - [2022-03-24 03:03:14,329] {dag.py:2937} INFO - Setting next_dagrun for example_bash_operator to 2022-03-23 00:00:00+00:00
[2022-03-24 03:03:14,370] {processor.py:171} INFO - Processing /home/airflow/.local/lib/python3.7/site-packages/airflow/example_dags/example_bash_operator.py took 0.265 seconds
[2022-03-24 03:03:44,658] {processor.py:163} INFO - Started process (PID=1564) to work on /home/airflow/.local/lib/python3.7/site-packages/airflow/example_dags/example_bash_operator.py
[2022-03-24 03:03:44,670] {processor.py:642} INFO - Processing file /home/airflow/.local/lib/python3.7/site-packages/airflow/example_dags/example_bash_operator.py for tasks to queue
[2022-03-24 03:03:44,671] {logging_mixin.py:109} INFO - [2022-03-24 03:03:44,671] {dagbag.py:500} INFO - Filling up the DagBag from /home/airflow/.local/lib/python3.7/site-packages/airflow/example_dags/example_bash_operator.py
[2022-03-24 03:03:44,753] {processor.py:654} INFO - DAG(s) dict_keys(['example_bash_operator']) retrieved from /home/airflow/.local/lib/python3.7/site-packages/airflow/example_dags/example_bash_operator.py
[2022-03-24 03:03:44,779] {logging_mixin.py:109} INFO - [2022-03-24 03:03:44,778] {dag.py:2398} INFO - Sync 1 DAGs
[2022-03-24 03:03:44,813] {logging_mixin.py:109} INFO - [2022-03-24 03:03:44,813] {dag.py:2937} INFO - Setting next_dagrun for example_bash_operator to 2022-03-23 00:00:00+00:00
[2022-03-24 03:03:44,826] {processor.py:171} INFO - Processing /home/airflow/.local/lib/python3.7/site-packages/airflow/example_dags/example_bash_operator.py took 0.172 seconds
[2022-03-24 03:04:15,024] {processor.py:163} INFO - Started process (PID=1614) to work on /home/airflow/.local/lib/python3.7/site-packages/airflow/example_dags/example_bash_operator.py
[2022-03-24 03:04:15,031] {processor.py:642} INFO - Processing file /home/airflow/.local/lib/python3.7/site-packages/airflow/example_dags/example_bash_operator.py for tasks to queue
[2022-03-24 03:04:15,036] {logging_mixin.py:109} INFO - [2022-03-24 03:04:15,035] {dagbag.py:500} INFO - Filling up the DagBag from /home/airflow/.local/lib/python3.7/site-packages/airflow/example_dags/example_bash_operator.py
[2022-03-24 03:04:15,131] {processor.py:654} INFO - DAG(s) dict_keys(['example_bash_operator']) retrieved from /home/airflow/.local/lib/python3.7/site-packages/airflow/example_dags/example_bash_operator.py
[2022-03-24 03:04:15,173] {logging_mixin.py:109} INFO - [2022-03-24 03:04:15,173] {dag.py:2398} INFO - Sync 1 DAGs
[2022-03-24 03:04:15,230] {logging_mixin.py:109} INFO - [2022-03-24 03:04:15,230] {dag.py:2937} INFO - Setting next_dagrun for example_bash_operator to 2022-03-23 00:00:00+00:00
[2022-03-24 03:04:15,288] {processor.py:171} INFO - Processing /home/airflow/.local/lib/python3.7/site-packages/airflow/example_dags/example_bash_operator.py took 0.276 seconds
[2022-03-24 03:04:45,505] {processor.py:163} INFO - Started process (PID=1675) to work on /home/airflow/.local/lib/python3.7/site-packages/airflow/example_dags/example_bash_operator.py
[2022-03-24 03:04:45,509] {processor.py:642} INFO - Processing file /home/airflow/.local/lib/python3.7/site-packages/airflow/example_dags/example_bash_operator.py for tasks to queue
[2022-03-24 03:04:45,512] {logging_mixin.py:109} INFO - [2022-03-24 03:04:45,511] {dagbag.py:500} INFO - Filling up the DagBag from /home/airflow/.local/lib/python3.7/site-packages/airflow/example_dags/example_bash_operator.py
[2022-03-24 03:04:45,574] {processor.py:654} INFO - DAG(s) dict_keys(['example_bash_operator']) retrieved from /home/airflow/.local/lib/python3.7/site-packages/airflow/example_dags/example_bash_operator.py
[2022-03-24 03:04:45,615] {logging_mixin.py:109} INFO - [2022-03-24 03:04:45,614] {dag.py:2398} INFO - Sync 1 DAGs
[2022-03-24 03:04:45,643] {logging_mixin.py:109} INFO - [2022-03-24 03:04:45,643] {dag.py:2937} INFO - Setting next_dagrun for example_bash_operator to 2022-03-23 00:00:00+00:00
[2022-03-24 03:04:45,665] {processor.py:171} INFO - Processing /home/airflow/.local/lib/python3.7/site-packages/airflow/example_dags/example_bash_operator.py took 0.165 seconds
[2022-03-24 03:05:15,867] {processor.py:163} INFO - Started process (PID=1729) to work on /home/airflow/.local/lib/python3.7/site-packages/airflow/example_dags/example_bash_operator.py
[2022-03-24 03:05:15,873] {processor.py:642} INFO - Processing file /home/airflow/.local/lib/python3.7/site-packages/airflow/example_dags/example_bash_operator.py for tasks to queue
[2022-03-24 03:05:15,874] {logging_mixin.py:109} INFO - [2022-03-24 03:05:15,874] {dagbag.py:500} INFO - Filling up the DagBag from /home/airflow/.local/lib/python3.7/site-packages/airflow/example_dags/example_bash_operator.py
[2022-03-24 03:05:15,928] {processor.py:654} INFO - DAG(s) dict_keys(['example_bash_operator']) retrieved from /home/airflow/.local/lib/python3.7/site-packages/airflow/example_dags/example_bash_operator.py
[2022-03-24 03:05:15,946] {logging_mixin.py:109} INFO - [2022-03-24 03:05:15,946] {dag.py:2398} INFO - Sync 1 DAGs
[2022-03-24 03:05:15,971] {logging_mixin.py:109} INFO - [2022-03-24 03:05:15,971] {dag.py:2937} INFO - Setting next_dagrun for example_bash_operator to 2022-03-23 00:00:00+00:00
[2022-03-24 03:05:15,991] {processor.py:171} INFO - Processing /home/airflow/.local/lib/python3.7/site-packages/airflow/example_dags/example_bash_operator.py took 0.128 seconds
[2022-03-24 03:05:46,261] {processor.py:163} INFO - Started process (PID=1781) to work on /home/airflow/.local/lib/python3.7/site-packages/airflow/example_dags/example_bash_operator.py
[2022-03-24 03:05:46,264] {processor.py:642} INFO - Processing file /home/airflow/.local/lib/python3.7/site-packages/airflow/example_dags/example_bash_operator.py for tasks to queue
[2022-03-24 03:05:46,265] {logging_mixin.py:109} INFO - [2022-03-24 03:05:46,265] {dagbag.py:500} INFO - Filling up the DagBag from /home/airflow/.local/lib/python3.7/site-packages/airflow/example_dags/example_bash_operator.py
[2022-03-24 03:05:46,314] {processor.py:654} INFO - DAG(s) dict_keys(['example_bash_operator']) retrieved from /home/airflow/.local/lib/python3.7/site-packages/airflow/example_dags/example_bash_operator.py
[2022-03-24 03:05:46,332] {logging_mixin.py:109} INFO - [2022-03-24 03:05:46,332] {dag.py:2398} INFO - Sync 1 DAGs
[2022-03-24 03:05:46,354] {logging_mixin.py:109} INFO - [2022-03-24 03:05:46,354] {dag.py:2937} INFO - Setting next_dagrun for example_bash_operator to 2022-03-23 00:00:00+00:00
[2022-03-24 03:05:46,390] {processor.py:171} INFO - Processing /home/airflow/.local/lib/python3.7/site-packages/airflow/example_dags/example_bash_operator.py took 0.132 seconds
[2022-03-24 03:06:16,555] {processor.py:163} INFO - Started process (PID=1831) to work on /home/airflow/.local/lib/python3.7/site-packages/airflow/example_dags/example_bash_operator.py
[2022-03-24 03:06:16,561] {processor.py:642} INFO - Processing file /home/airflow/.local/lib/python3.7/site-packages/airflow/example_dags/example_bash_operator.py for tasks to queue
[2022-03-24 03:06:16,564] {logging_mixin.py:109} INFO - [2022-03-24 03:06:16,563] {dagbag.py:500} INFO - Filling up the DagBag from /home/airflow/.local/lib/python3.7/site-packages/airflow/example_dags/example_bash_operator.py
[2022-03-24 03:06:16,655] {processor.py:654} INFO - DAG(s) dict_keys(['example_bash_operator']) retrieved from /home/airflow/.local/lib/python3.7/site-packages/airflow/example_dags/example_bash_operator.py
[2022-03-24 03:06:16,668] {logging_mixin.py:109} INFO - [2022-03-24 03:06:16,668] {dag.py:2398} INFO - Sync 1 DAGs
[2022-03-24 03:06:16,688] {logging_mixin.py:109} INFO - [2022-03-24 03:06:16,688] {dag.py:2937} INFO - Setting next_dagrun for example_bash_operator to 2022-03-23 00:00:00+00:00
[2022-03-24 03:06:16,703] {processor.py:171} INFO - Processing /home/airflow/.local/lib/python3.7/site-packages/airflow/example_dags/example_bash_operator.py took 0.159 seconds
[2022-03-24 03:06:46,927] {processor.py:163} INFO - Started process (PID=1880) to work on /home/airflow/.local/lib/python3.7/site-packages/airflow/example_dags/example_bash_operator.py
[2022-03-24 03:06:46,931] {processor.py:642} INFO - Processing file /home/airflow/.local/lib/python3.7/site-packages/airflow/example_dags/example_bash_operator.py for tasks to queue
[2022-03-24 03:06:46,933] {logging_mixin.py:109} INFO - [2022-03-24 03:06:46,933] {dagbag.py:500} INFO - Filling up the DagBag from /home/airflow/.local/lib/python3.7/site-packages/airflow/example_dags/example_bash_operator.py
[2022-03-24 03:06:47,016] {processor.py:654} INFO - DAG(s) dict_keys(['example_bash_operator']) retrieved from /home/airflow/.local/lib/python3.7/site-packages/airflow/example_dags/example_bash_operator.py
[2022-03-24 03:06:47,042] {logging_mixin.py:109} INFO - [2022-03-24 03:06:47,041] {dag.py:2398} INFO - Sync 1 DAGs
[2022-03-24 03:06:47,068] {logging_mixin.py:109} INFO - [2022-03-24 03:06:47,068] {dag.py:2937} INFO - Setting next_dagrun for example_bash_operator to 2022-03-23 00:00:00+00:00
[2022-03-24 03:06:47,078] {processor.py:171} INFO - Processing /home/airflow/.local/lib/python3.7/site-packages/airflow/example_dags/example_bash_operator.py took 0.160 seconds
[2022-03-24 03:07:17,619] {processor.py:163} INFO - Started process (PID=1931) to work on /home/airflow/.local/lib/python3.7/site-packages/airflow/example_dags/example_bash_operator.py
[2022-03-24 03:07:17,626] {processor.py:642} INFO - Processing file /home/airflow/.local/lib/python3.7/site-packages/airflow/example_dags/example_bash_operator.py for tasks to queue
[2022-03-24 03:07:17,628] {logging_mixin.py:109} INFO - [2022-03-24 03:07:17,628] {dagbag.py:500} INFO - Filling up the DagBag from /home/airflow/.local/lib/python3.7/site-packages/airflow/example_dags/example_bash_operator.py
[2022-03-24 03:07:17,695] {processor.py:654} INFO - DAG(s) dict_keys(['example_bash_operator']) retrieved from /home/airflow/.local/lib/python3.7/site-packages/airflow/example_dags/example_bash_operator.py
[2022-03-24 03:07:17,713] {logging_mixin.py:109} INFO - [2022-03-24 03:07:17,712] {dag.py:2398} INFO - Sync 1 DAGs
[2022-03-24 03:07:17,733] {logging_mixin.py:109} INFO - [2022-03-24 03:07:17,732] {dag.py:2937} INFO - Setting next_dagrun for example_bash_operator to 2022-03-23 00:00:00+00:00
[2022-03-24 03:07:17,748] {processor.py:171} INFO - Processing /home/airflow/.local/lib/python3.7/site-packages/airflow/example_dags/example_bash_operator.py took 0.135 seconds
[2022-03-24 03:07:48,377] {processor.py:163} INFO - Started process (PID=1983) to work on /home/airflow/.local/lib/python3.7/site-packages/airflow/example_dags/example_bash_operator.py
[2022-03-24 03:07:48,381] {processor.py:642} INFO - Processing file /home/airflow/.local/lib/python3.7/site-packages/airflow/example_dags/example_bash_operator.py for tasks to queue
[2022-03-24 03:07:48,384] {logging_mixin.py:109} INFO - [2022-03-24 03:07:48,383] {dagbag.py:500} INFO - Filling up the DagBag from /home/airflow/.local/lib/python3.7/site-packages/airflow/example_dags/example_bash_operator.py
[2022-03-24 03:07:48,439] {processor.py:654} INFO - DAG(s) dict_keys(['example_bash_operator']) retrieved from /home/airflow/.local/lib/python3.7/site-packages/airflow/example_dags/example_bash_operator.py
[2022-03-24 03:07:48,468] {logging_mixin.py:109} INFO - [2022-03-24 03:07:48,468] {dag.py:2398} INFO - Sync 1 DAGs
[2022-03-24 03:07:48,491] {logging_mixin.py:109} INFO - [2022-03-24 03:07:48,491] {dag.py:2937} INFO - Setting next_dagrun for example_bash_operator to 2022-03-23 00:00:00+00:00
[2022-03-24 03:07:48,505] {processor.py:171} INFO - Processing /home/airflow/.local/lib/python3.7/site-packages/airflow/example_dags/example_bash_operator.py took 0.138 seconds
[2022-03-24 03:08:18,995] {processor.py:163} INFO - Started process (PID=2034) to work on /home/airflow/.local/lib/python3.7/site-packages/airflow/example_dags/example_bash_operator.py
[2022-03-24 03:08:19,002] {processor.py:642} INFO - Processing file /home/airflow/.local/lib/python3.7/site-packages/airflow/example_dags/example_bash_operator.py for tasks to queue
[2022-03-24 03:08:19,006] {logging_mixin.py:109} INFO - [2022-03-24 03:08:19,006] {dagbag.py:500} INFO - Filling up the DagBag from /home/airflow/.local/lib/python3.7/site-packages/airflow/example_dags/example_bash_operator.py
[2022-03-24 03:08:19,102] {processor.py:654} INFO - DAG(s) dict_keys(['example_bash_operator']) retrieved from /home/airflow/.local/lib/python3.7/site-packages/airflow/example_dags/example_bash_operator.py
[2022-03-24 03:08:19,117] {logging_mixin.py:109} INFO - [2022-03-24 03:08:19,117] {dag.py:2398} INFO - Sync 1 DAGs
[2022-03-24 03:08:19,144] {logging_mixin.py:109} INFO - [2022-03-24 03:08:19,144] {dag.py:2937} INFO - Setting next_dagrun for example_bash_operator to 2022-03-23 00:00:00+00:00
[2022-03-24 03:08:19,162] {processor.py:171} INFO - Processing /home/airflow/.local/lib/python3.7/site-packages/airflow/example_dags/example_bash_operator.py took 0.171 seconds
[2022-03-24 03:08:49,294] {processor.py:163} INFO - Started process (PID=2089) to work on /home/airflow/.local/lib/python3.7/site-packages/airflow/example_dags/example_bash_operator.py
[2022-03-24 03:08:49,297] {processor.py:642} INFO - Processing file /home/airflow/.local/lib/python3.7/site-packages/airflow/example_dags/example_bash_operator.py for tasks to queue
[2022-03-24 03:08:49,299] {logging_mixin.py:109} INFO - [2022-03-24 03:08:49,299] {dagbag.py:500} INFO - Filling up the DagBag from /home/airflow/.local/lib/python3.7/site-packages/airflow/example_dags/example_bash_operator.py
[2022-03-24 03:08:49,368] {processor.py:654} INFO - DAG(s) dict_keys(['example_bash_operator']) retrieved from /home/airflow/.local/lib/python3.7/site-packages/airflow/example_dags/example_bash_operator.py
[2022-03-24 03:08:49,522] {logging_mixin.py:109} INFO - [2022-03-24 03:08:49,522] {dag.py:2398} INFO - Sync 1 DAGs
[2022-03-24 03:08:49,573] {logging_mixin.py:109} INFO - [2022-03-24 03:08:49,573] {dag.py:2937} INFO - Setting next_dagrun for example_bash_operator to 2022-03-23 00:00:00+00:00
[2022-03-24 03:08:49,859] {processor.py:171} INFO - Processing /home/airflow/.local/lib/python3.7/site-packages/airflow/example_dags/example_bash_operator.py took 0.571 seconds
[2022-03-24 03:09:20,734] {processor.py:163} INFO - Started process (PID=2149) to work on /home/airflow/.local/lib/python3.7/site-packages/airflow/example_dags/example_bash_operator.py
[2022-03-24 03:09:20,745] {processor.py:642} INFO - Processing file /home/airflow/.local/lib/python3.7/site-packages/airflow/example_dags/example_bash_operator.py for tasks to queue
[2022-03-24 03:09:20,748] {logging_mixin.py:109} INFO - [2022-03-24 03:09:20,748] {dagbag.py:500} INFO - Filling up the DagBag from /home/airflow/.local/lib/python3.7/site-packages/airflow/example_dags/example_bash_operator.py
[2022-03-24 03:09:20,920] {processor.py:654} INFO - DAG(s) dict_keys(['example_bash_operator']) retrieved from /home/airflow/.local/lib/python3.7/site-packages/airflow/example_dags/example_bash_operator.py
[2022-03-24 03:09:21,015] {logging_mixin.py:109} INFO - [2022-03-24 03:09:21,015] {dag.py:2398} INFO - Sync 1 DAGs
[2022-03-24 03:09:21,102] {logging_mixin.py:109} INFO - [2022-03-24 03:09:21,098] {dag.py:2937} INFO - Setting next_dagrun for example_bash_operator to 2022-03-23 00:00:00+00:00
[2022-03-24 03:09:21,150] {processor.py:171} INFO - Processing /home/airflow/.local/lib/python3.7/site-packages/airflow/example_dags/example_bash_operator.py took 0.426 seconds
[2022-03-24 03:09:51,377] {processor.py:163} INFO - Started process (PID=2200) to work on /home/airflow/.local/lib/python3.7/site-packages/airflow/example_dags/example_bash_operator.py
[2022-03-24 03:09:51,478] {processor.py:642} INFO - Processing file /home/airflow/.local/lib/python3.7/site-packages/airflow/example_dags/example_bash_operator.py for tasks to queue
[2022-03-24 03:09:51,482] {logging_mixin.py:109} INFO - [2022-03-24 03:09:51,482] {dagbag.py:500} INFO - Filling up the DagBag from /home/airflow/.local/lib/python3.7/site-packages/airflow/example_dags/example_bash_operator.py
[2022-03-24 03:09:51,659] {processor.py:654} INFO - DAG(s) dict_keys(['example_bash_operator']) retrieved from /home/airflow/.local/lib/python3.7/site-packages/airflow/example_dags/example_bash_operator.py
[2022-03-24 03:09:51,714] {logging_mixin.py:109} INFO - [2022-03-24 03:09:51,713] {dag.py:2398} INFO - Sync 1 DAGs
[2022-03-24 03:09:51,760] {logging_mixin.py:109} INFO - [2022-03-24 03:09:51,760] {dag.py:2937} INFO - Setting next_dagrun for example_bash_operator to 2022-03-23 00:00:00+00:00
[2022-03-24 03:09:51,781] {processor.py:171} INFO - Processing /home/airflow/.local/lib/python3.7/site-packages/airflow/example_dags/example_bash_operator.py took 0.421 seconds
[2022-03-24 03:10:21,832] {processor.py:163} INFO - Started process (PID=2243) to work on /home/airflow/.local/lib/python3.7/site-packages/airflow/example_dags/example_bash_operator.py
[2022-03-24 03:10:22,052] {processor.py:642} INFO - Processing file /home/airflow/.local/lib/python3.7/site-packages/airflow/example_dags/example_bash_operator.py for tasks to queue
[2022-03-24 03:10:22,425] {logging_mixin.py:109} INFO - [2022-03-24 03:10:22,425] {dagbag.py:500} INFO - Filling up the DagBag from /home/airflow/.local/lib/python3.7/site-packages/airflow/example_dags/example_bash_operator.py
[2022-03-24 03:10:22,486] {processor.py:654} INFO - DAG(s) dict_keys(['example_bash_operator']) retrieved from /home/airflow/.local/lib/python3.7/site-packages/airflow/example_dags/example_bash_operator.py
[2022-03-24 03:10:22,544] {logging_mixin.py:109} INFO - [2022-03-24 03:10:22,543] {dag.py:2398} INFO - Sync 1 DAGs
[2022-03-24 03:10:22,566] {logging_mixin.py:109} INFO - [2022-03-24 03:10:22,566] {dag.py:2937} INFO - Setting next_dagrun for example_bash_operator to 2022-03-23 00:00:00+00:00
[2022-03-24 03:10:22,584] {processor.py:171} INFO - Processing /home/airflow/.local/lib/python3.7/site-packages/airflow/example_dags/example_bash_operator.py took 0.757 seconds
[2022-03-24 03:10:53,013] {processor.py:163} INFO - Started process (PID=2293) to work on /home/airflow/.local/lib/python3.7/site-packages/airflow/example_dags/example_bash_operator.py
[2022-03-24 03:10:53,019] {processor.py:642} INFO - Processing file /home/airflow/.local/lib/python3.7/site-packages/airflow/example_dags/example_bash_operator.py for tasks to queue
[2022-03-24 03:10:53,022] {logging_mixin.py:109} INFO - [2022-03-24 03:10:53,022] {dagbag.py:500} INFO - Filling up the DagBag from /home/airflow/.local/lib/python3.7/site-packages/airflow/example_dags/example_bash_operator.py
[2022-03-24 03:10:53,176] {processor.py:654} INFO - DAG(s) dict_keys(['example_bash_operator']) retrieved from /home/airflow/.local/lib/python3.7/site-packages/airflow/example_dags/example_bash_operator.py
[2022-03-24 03:10:53,198] {logging_mixin.py:109} INFO - [2022-03-24 03:10:53,198] {dag.py:2398} INFO - Sync 1 DAGs
[2022-03-24 03:10:53,222] {logging_mixin.py:109} INFO - [2022-03-24 03:10:53,222] {dag.py:2937} INFO - Setting next_dagrun for example_bash_operator to 2022-03-23 00:00:00+00:00
[2022-03-24 03:10:53,273] {processor.py:171} INFO - Processing /home/airflow/.local/lib/python3.7/site-packages/airflow/example_dags/example_bash_operator.py took 0.270 seconds
[2022-03-24 03:11:23,700] {processor.py:163} INFO - Started process (PID=2343) to work on /home/airflow/.local/lib/python3.7/site-packages/airflow/example_dags/example_bash_operator.py
[2022-03-24 03:11:23,708] {processor.py:642} INFO - Processing file /home/airflow/.local/lib/python3.7/site-packages/airflow/example_dags/example_bash_operator.py for tasks to queue
[2022-03-24 03:11:23,711] {logging_mixin.py:109} INFO - [2022-03-24 03:11:23,711] {dagbag.py:500} INFO - Filling up the DagBag from /home/airflow/.local/lib/python3.7/site-packages/airflow/example_dags/example_bash_operator.py
[2022-03-24 03:11:23,767] {processor.py:654} INFO - DAG(s) dict_keys(['example_bash_operator']) retrieved from /home/airflow/.local/lib/python3.7/site-packages/airflow/example_dags/example_bash_operator.py
[2022-03-24 03:11:23,786] {logging_mixin.py:109} INFO - [2022-03-24 03:11:23,786] {dag.py:2398} INFO - Sync 1 DAGs
[2022-03-24 03:11:23,810] {logging_mixin.py:109} INFO - [2022-03-24 03:11:23,810] {dag.py:2937} INFO - Setting next_dagrun for example_bash_operator to 2022-03-23 00:00:00+00:00
[2022-03-24 03:11:23,831] {processor.py:171} INFO - Processing /home/airflow/.local/lib/python3.7/site-packages/airflow/example_dags/example_bash_operator.py took 0.135 seconds
[2022-03-24 03:11:54,047] {processor.py:163} INFO - Started process (PID=2392) to work on /home/airflow/.local/lib/python3.7/site-packages/airflow/example_dags/example_bash_operator.py
[2022-03-24 03:11:54,052] {processor.py:642} INFO - Processing file /home/airflow/.local/lib/python3.7/site-packages/airflow/example_dags/example_bash_operator.py for tasks to queue
[2022-03-24 03:11:54,055] {logging_mixin.py:109} INFO - [2022-03-24 03:11:54,055] {dagbag.py:500} INFO - Filling up the DagBag from /home/airflow/.local/lib/python3.7/site-packages/airflow/example_dags/example_bash_operator.py
[2022-03-24 03:11:54,123] {processor.py:654} INFO - DAG(s) dict_keys(['example_bash_operator']) retrieved from /home/airflow/.local/lib/python3.7/site-packages/airflow/example_dags/example_bash_operator.py
[2022-03-24 03:11:54,151] {logging_mixin.py:109} INFO - [2022-03-24 03:11:54,151] {dag.py:2398} INFO - Sync 1 DAGs
[2022-03-24 03:11:54,254] {logging_mixin.py:109} INFO - [2022-03-24 03:11:54,242] {dag.py:2937} INFO - Setting next_dagrun for example_bash_operator to 2022-03-23 00:00:00+00:00
[2022-03-24 03:11:54,283] {processor.py:171} INFO - Processing /home/airflow/.local/lib/python3.7/site-packages/airflow/example_dags/example_bash_operator.py took 0.259 seconds
[2022-03-24 03:12:24,425] {processor.py:163} INFO - Started process (PID=2442) to work on /home/airflow/.local/lib/python3.7/site-packages/airflow/example_dags/example_bash_operator.py
[2022-03-24 03:12:24,431] {processor.py:642} INFO - Processing file /home/airflow/.local/lib/python3.7/site-packages/airflow/example_dags/example_bash_operator.py for tasks to queue
[2022-03-24 03:12:24,604] {logging_mixin.py:109} INFO - [2022-03-24 03:12:24,603] {dagbag.py:500} INFO - Filling up the DagBag from /home/airflow/.local/lib/python3.7/site-packages/airflow/example_dags/example_bash_operator.py
[2022-03-24 03:12:24,678] {processor.py:654} INFO - DAG(s) dict_keys(['example_bash_operator']) retrieved from /home/airflow/.local/lib/python3.7/site-packages/airflow/example_dags/example_bash_operator.py
[2022-03-24 03:12:24,693] {logging_mixin.py:109} INFO - [2022-03-24 03:12:24,693] {dag.py:2398} INFO - Sync 1 DAGs
[2022-03-24 03:12:24,720] {logging_mixin.py:109} INFO - [2022-03-24 03:12:24,720] {dag.py:2937} INFO - Setting next_dagrun for example_bash_operator to 2022-03-23 00:00:00+00:00
[2022-03-24 03:12:24,735] {processor.py:171} INFO - Processing /home/airflow/.local/lib/python3.7/site-packages/airflow/example_dags/example_bash_operator.py took 0.315 seconds
[2022-03-24 03:12:55,199] {processor.py:163} INFO - Started process (PID=2495) to work on /home/airflow/.local/lib/python3.7/site-packages/airflow/example_dags/example_bash_operator.py
[2022-03-24 03:12:55,210] {processor.py:642} INFO - Processing file /home/airflow/.local/lib/python3.7/site-packages/airflow/example_dags/example_bash_operator.py for tasks to queue
[2022-03-24 03:12:55,213] {logging_mixin.py:109} INFO - [2022-03-24 03:12:55,213] {dagbag.py:500} INFO - Filling up the DagBag from /home/airflow/.local/lib/python3.7/site-packages/airflow/example_dags/example_bash_operator.py
[2022-03-24 03:12:55,330] {processor.py:654} INFO - DAG(s) dict_keys(['example_bash_operator']) retrieved from /home/airflow/.local/lib/python3.7/site-packages/airflow/example_dags/example_bash_operator.py
[2022-03-24 03:12:55,362] {logging_mixin.py:109} INFO - [2022-03-24 03:12:55,362] {dag.py:2398} INFO - Sync 1 DAGs
[2022-03-24 03:12:55,426] {logging_mixin.py:109} INFO - [2022-03-24 03:12:55,426] {dag.py:2937} INFO - Setting next_dagrun for example_bash_operator to 2022-03-23 00:00:00+00:00
[2022-03-24 03:12:55,447] {processor.py:171} INFO - Processing /home/airflow/.local/lib/python3.7/site-packages/airflow/example_dags/example_bash_operator.py took 0.252 seconds
[2022-03-24 03:13:25,904] {processor.py:163} INFO - Started process (PID=2555) to work on /home/airflow/.local/lib/python3.7/site-packages/airflow/example_dags/example_bash_operator.py
[2022-03-24 03:13:25,906] {processor.py:642} INFO - Processing file /home/airflow/.local/lib/python3.7/site-packages/airflow/example_dags/example_bash_operator.py for tasks to queue
[2022-03-24 03:13:25,909] {logging_mixin.py:109} INFO - [2022-03-24 03:13:25,909] {dagbag.py:500} INFO - Filling up the DagBag from /home/airflow/.local/lib/python3.7/site-packages/airflow/example_dags/example_bash_operator.py
[2022-03-24 03:13:26,002] {processor.py:654} INFO - DAG(s) dict_keys(['example_bash_operator']) retrieved from /home/airflow/.local/lib/python3.7/site-packages/airflow/example_dags/example_bash_operator.py
[2022-03-24 03:13:26,025] {logging_mixin.py:109} INFO - [2022-03-24 03:13:26,025] {dag.py:2398} INFO - Sync 1 DAGs
[2022-03-24 03:13:26,063] {logging_mixin.py:109} INFO - [2022-03-24 03:13:26,063] {dag.py:2937} INFO - Setting next_dagrun for example_bash_operator to 2022-03-23 00:00:00+00:00
[2022-03-24 03:13:26,086] {processor.py:171} INFO - Processing /home/airflow/.local/lib/python3.7/site-packages/airflow/example_dags/example_bash_operator.py took 0.188 seconds
[2022-03-24 03:13:56,945] {processor.py:163} INFO - Started process (PID=2611) to work on /home/airflow/.local/lib/python3.7/site-packages/airflow/example_dags/example_bash_operator.py
[2022-03-24 03:13:56,953] {processor.py:642} INFO - Processing file /home/airflow/.local/lib/python3.7/site-packages/airflow/example_dags/example_bash_operator.py for tasks to queue
[2022-03-24 03:13:56,955] {logging_mixin.py:109} INFO - [2022-03-24 03:13:56,955] {dagbag.py:500} INFO - Filling up the DagBag from /home/airflow/.local/lib/python3.7/site-packages/airflow/example_dags/example_bash_operator.py
[2022-03-24 03:13:57,111] {processor.py:654} INFO - DAG(s) dict_keys(['example_bash_operator']) retrieved from /home/airflow/.local/lib/python3.7/site-packages/airflow/example_dags/example_bash_operator.py
[2022-03-24 03:13:57,143] {logging_mixin.py:109} INFO - [2022-03-24 03:13:57,143] {dag.py:2398} INFO - Sync 1 DAGs
[2022-03-24 03:13:57,185] {logging_mixin.py:109} INFO - [2022-03-24 03:13:57,183] {dag.py:2937} INFO - Setting next_dagrun for example_bash_operator to 2022-03-23 00:00:00+00:00
[2022-03-24 03:13:57,233] {processor.py:171} INFO - Processing /home/airflow/.local/lib/python3.7/site-packages/airflow/example_dags/example_bash_operator.py took 0.297 seconds
[2022-03-24 03:14:28,140] {processor.py:163} INFO - Started process (PID=2662) to work on /home/airflow/.local/lib/python3.7/site-packages/airflow/example_dags/example_bash_operator.py
[2022-03-24 03:14:28,148] {processor.py:642} INFO - Processing file /home/airflow/.local/lib/python3.7/site-packages/airflow/example_dags/example_bash_operator.py for tasks to queue
[2022-03-24 03:14:28,150] {logging_mixin.py:109} INFO - [2022-03-24 03:14:28,150] {dagbag.py:500} INFO - Filling up the DagBag from /home/airflow/.local/lib/python3.7/site-packages/airflow/example_dags/example_bash_operator.py
[2022-03-24 03:14:28,239] {processor.py:654} INFO - DAG(s) dict_keys(['example_bash_operator']) retrieved from /home/airflow/.local/lib/python3.7/site-packages/airflow/example_dags/example_bash_operator.py
[2022-03-24 03:14:28,266] {logging_mixin.py:109} INFO - [2022-03-24 03:14:28,266] {dag.py:2398} INFO - Sync 1 DAGs
[2022-03-24 03:14:28,304] {logging_mixin.py:109} INFO - [2022-03-24 03:14:28,304] {dag.py:2937} INFO - Setting next_dagrun for example_bash_operator to 2022-03-23 00:00:00+00:00
[2022-03-24 03:14:28,330] {processor.py:171} INFO - Processing /home/airflow/.local/lib/python3.7/site-packages/airflow/example_dags/example_bash_operator.py took 0.193 seconds
[2022-03-24 03:14:59,123] {processor.py:163} INFO - Started process (PID=2716) to work on /home/airflow/.local/lib/python3.7/site-packages/airflow/example_dags/example_bash_operator.py
[2022-03-24 03:14:59,126] {processor.py:642} INFO - Processing file /home/airflow/.local/lib/python3.7/site-packages/airflow/example_dags/example_bash_operator.py for tasks to queue
[2022-03-24 03:14:59,129] {logging_mixin.py:109} INFO - [2022-03-24 03:14:59,129] {dagbag.py:500} INFO - Filling up the DagBag from /home/airflow/.local/lib/python3.7/site-packages/airflow/example_dags/example_bash_operator.py
[2022-03-24 03:14:59,193] {processor.py:654} INFO - DAG(s) dict_keys(['example_bash_operator']) retrieved from /home/airflow/.local/lib/python3.7/site-packages/airflow/example_dags/example_bash_operator.py
[2022-03-24 03:14:59,210] {logging_mixin.py:109} INFO - [2022-03-24 03:14:59,210] {dag.py:2398} INFO - Sync 1 DAGs
[2022-03-24 03:14:59,236] {logging_mixin.py:109} INFO - [2022-03-24 03:14:59,236] {dag.py:2937} INFO - Setting next_dagrun for example_bash_operator to 2022-03-23 00:00:00+00:00
[2022-03-24 03:14:59,256] {processor.py:171} INFO - Processing /home/airflow/.local/lib/python3.7/site-packages/airflow/example_dags/example_bash_operator.py took 0.145 seconds
[2022-03-24 03:15:30,358] {processor.py:163} INFO - Started process (PID=2770) to work on /home/airflow/.local/lib/python3.7/site-packages/airflow/example_dags/example_bash_operator.py
[2022-03-24 03:15:30,363] {processor.py:642} INFO - Processing file /home/airflow/.local/lib/python3.7/site-packages/airflow/example_dags/example_bash_operator.py for tasks to queue
[2022-03-24 03:15:30,366] {logging_mixin.py:109} INFO - [2022-03-24 03:15:30,365] {dagbag.py:500} INFO - Filling up the DagBag from /home/airflow/.local/lib/python3.7/site-packages/airflow/example_dags/example_bash_operator.py
[2022-03-24 03:15:30,417] {processor.py:654} INFO - DAG(s) dict_keys(['example_bash_operator']) retrieved from /home/airflow/.local/lib/python3.7/site-packages/airflow/example_dags/example_bash_operator.py
[2022-03-24 03:15:30,436] {logging_mixin.py:109} INFO - [2022-03-24 03:15:30,435] {dag.py:2398} INFO - Sync 1 DAGs
[2022-03-24 03:15:30,460] {logging_mixin.py:109} INFO - [2022-03-24 03:15:30,459] {dag.py:2937} INFO - Setting next_dagrun for example_bash_operator to 2022-03-23 00:00:00+00:00
[2022-03-24 03:15:30,472] {processor.py:171} INFO - Processing /home/airflow/.local/lib/python3.7/site-packages/airflow/example_dags/example_bash_operator.py took 0.122 seconds
[2022-03-24 03:16:00,536] {processor.py:163} INFO - Started process (PID=2817) to work on /home/airflow/.local/lib/python3.7/site-packages/airflow/example_dags/example_bash_operator.py
[2022-03-24 03:16:00,542] {processor.py:642} INFO - Processing file /home/airflow/.local/lib/python3.7/site-packages/airflow/example_dags/example_bash_operator.py for tasks to queue
[2022-03-24 03:16:00,548] {logging_mixin.py:109} INFO - [2022-03-24 03:16:00,548] {dagbag.py:500} INFO - Filling up the DagBag from /home/airflow/.local/lib/python3.7/site-packages/airflow/example_dags/example_bash_operator.py
[2022-03-24 03:16:00,634] {processor.py:654} INFO - DAG(s) dict_keys(['example_bash_operator']) retrieved from /home/airflow/.local/lib/python3.7/site-packages/airflow/example_dags/example_bash_operator.py
[2022-03-24 03:16:00,670] {logging_mixin.py:109} INFO - [2022-03-24 03:16:00,669] {dag.py:2398} INFO - Sync 1 DAGs
[2022-03-24 03:16:00,708] {logging_mixin.py:109} INFO - [2022-03-24 03:16:00,707] {dag.py:2937} INFO - Setting next_dagrun for example_bash_operator to 2022-03-23 00:00:00+00:00
[2022-03-24 03:16:00,731] {processor.py:171} INFO - Processing /home/airflow/.local/lib/python3.7/site-packages/airflow/example_dags/example_bash_operator.py took 0.205 seconds
[2022-03-24 03:16:31,704] {processor.py:163} INFO - Started process (PID=2868) to work on /home/airflow/.local/lib/python3.7/site-packages/airflow/example_dags/example_bash_operator.py
[2022-03-24 03:16:31,878] {processor.py:642} INFO - Processing file /home/airflow/.local/lib/python3.7/site-packages/airflow/example_dags/example_bash_operator.py for tasks to queue
[2022-03-24 03:16:31,882] {logging_mixin.py:109} INFO - [2022-03-24 03:16:31,881] {dagbag.py:500} INFO - Filling up the DagBag from /home/airflow/.local/lib/python3.7/site-packages/airflow/example_dags/example_bash_operator.py
[2022-03-24 03:16:31,983] {processor.py:654} INFO - DAG(s) dict_keys(['example_bash_operator']) retrieved from /home/airflow/.local/lib/python3.7/site-packages/airflow/example_dags/example_bash_operator.py
[2022-03-24 03:16:32,141] {logging_mixin.py:109} INFO - [2022-03-24 03:16:32,141] {dag.py:2398} INFO - Sync 1 DAGs
[2022-03-24 03:16:32,161] {logging_mixin.py:109} INFO - [2022-03-24 03:16:32,161] {dag.py:2937} INFO - Setting next_dagrun for example_bash_operator to 2022-03-23 00:00:00+00:00
[2022-03-24 03:16:32,189] {processor.py:171} INFO - Processing /home/airflow/.local/lib/python3.7/site-packages/airflow/example_dags/example_bash_operator.py took 0.498 seconds
[2022-03-24 03:17:02,562] {processor.py:163} INFO - Started process (PID=2920) to work on /home/airflow/.local/lib/python3.7/site-packages/airflow/example_dags/example_bash_operator.py
[2022-03-24 03:17:02,567] {processor.py:642} INFO - Processing file /home/airflow/.local/lib/python3.7/site-packages/airflow/example_dags/example_bash_operator.py for tasks to queue
[2022-03-24 03:17:02,572] {logging_mixin.py:109} INFO - [2022-03-24 03:17:02,572] {dagbag.py:500} INFO - Filling up the DagBag from /home/airflow/.local/lib/python3.7/site-packages/airflow/example_dags/example_bash_operator.py
[2022-03-24 03:17:02,653] {processor.py:654} INFO - DAG(s) dict_keys(['example_bash_operator']) retrieved from /home/airflow/.local/lib/python3.7/site-packages/airflow/example_dags/example_bash_operator.py
[2022-03-24 03:17:02,670] {logging_mixin.py:109} INFO - [2022-03-24 03:17:02,670] {dag.py:2398} INFO - Sync 1 DAGs
[2022-03-24 03:17:02,708] {logging_mixin.py:109} INFO - [2022-03-24 03:17:02,708] {dag.py:2937} INFO - Setting next_dagrun for example_bash_operator to 2022-03-23 00:00:00+00:00
[2022-03-24 03:17:02,727] {processor.py:171} INFO - Processing /home/airflow/.local/lib/python3.7/site-packages/airflow/example_dags/example_bash_operator.py took 0.186 seconds
[2022-03-24 03:17:32,950] {processor.py:163} INFO - Started process (PID=2971) to work on /home/airflow/.local/lib/python3.7/site-packages/airflow/example_dags/example_bash_operator.py
[2022-03-24 03:17:32,954] {processor.py:642} INFO - Processing file /home/airflow/.local/lib/python3.7/site-packages/airflow/example_dags/example_bash_operator.py for tasks to queue
[2022-03-24 03:17:32,958] {logging_mixin.py:109} INFO - [2022-03-24 03:17:32,958] {dagbag.py:500} INFO - Filling up the DagBag from /home/airflow/.local/lib/python3.7/site-packages/airflow/example_dags/example_bash_operator.py
[2022-03-24 03:17:33,060] {processor.py:654} INFO - DAG(s) dict_keys(['example_bash_operator']) retrieved from /home/airflow/.local/lib/python3.7/site-packages/airflow/example_dags/example_bash_operator.py
[2022-03-24 03:17:33,093] {logging_mixin.py:109} INFO - [2022-03-24 03:17:33,093] {dag.py:2398} INFO - Sync 1 DAGs
[2022-03-24 03:17:33,138] {logging_mixin.py:109} INFO - [2022-03-24 03:17:33,138] {dag.py:2937} INFO - Setting next_dagrun for example_bash_operator to 2022-03-23 00:00:00+00:00
[2022-03-24 03:17:33,156] {processor.py:171} INFO - Processing /home/airflow/.local/lib/python3.7/site-packages/airflow/example_dags/example_bash_operator.py took 0.219 seconds
[2022-03-24 03:18:04,174] {processor.py:163} INFO - Started process (PID=3035) to work on /home/airflow/.local/lib/python3.7/site-packages/airflow/example_dags/example_bash_operator.py
[2022-03-24 03:18:04,184] {processor.py:642} INFO - Processing file /home/airflow/.local/lib/python3.7/site-packages/airflow/example_dags/example_bash_operator.py for tasks to queue
[2022-03-24 03:18:04,186] {logging_mixin.py:109} INFO - [2022-03-24 03:18:04,186] {dagbag.py:500} INFO - Filling up the DagBag from /home/airflow/.local/lib/python3.7/site-packages/airflow/example_dags/example_bash_operator.py
[2022-03-24 03:18:04,394] {processor.py:654} INFO - DAG(s) dict_keys(['example_bash_operator']) retrieved from /home/airflow/.local/lib/python3.7/site-packages/airflow/example_dags/example_bash_operator.py
[2022-03-24 03:18:04,427] {logging_mixin.py:109} INFO - [2022-03-24 03:18:04,426] {dag.py:2398} INFO - Sync 1 DAGs
[2022-03-24 03:18:04,521] {logging_mixin.py:109} INFO - [2022-03-24 03:18:04,520] {dag.py:2937} INFO - Setting next_dagrun for example_bash_operator to 2022-03-23 00:00:00+00:00
[2022-03-24 03:18:04,585] {processor.py:171} INFO - Processing /home/airflow/.local/lib/python3.7/site-packages/airflow/example_dags/example_bash_operator.py took 0.432 seconds
[2022-03-24 03:18:35,635] {processor.py:163} INFO - Started process (PID=3087) to work on /home/airflow/.local/lib/python3.7/site-packages/airflow/example_dags/example_bash_operator.py
[2022-03-24 03:18:35,638] {processor.py:642} INFO - Processing file /home/airflow/.local/lib/python3.7/site-packages/airflow/example_dags/example_bash_operator.py for tasks to queue
[2022-03-24 03:18:35,646] {logging_mixin.py:109} INFO - [2022-03-24 03:18:35,646] {dagbag.py:500} INFO - Filling up the DagBag from /home/airflow/.local/lib/python3.7/site-packages/airflow/example_dags/example_bash_operator.py
[2022-03-24 03:18:35,754] {processor.py:654} INFO - DAG(s) dict_keys(['example_bash_operator']) retrieved from /home/airflow/.local/lib/python3.7/site-packages/airflow/example_dags/example_bash_operator.py
[2022-03-24 03:18:35,767] {logging_mixin.py:109} INFO - [2022-03-24 03:18:35,767] {dag.py:2398} INFO - Sync 1 DAGs
[2022-03-24 03:18:35,785] {logging_mixin.py:109} INFO - [2022-03-24 03:18:35,785] {dag.py:2937} INFO - Setting next_dagrun for example_bash_operator to 2022-03-23 00:00:00+00:00
[2022-03-24 03:18:35,796] {processor.py:171} INFO - Processing /home/airflow/.local/lib/python3.7/site-packages/airflow/example_dags/example_bash_operator.py took 0.166 seconds
[2022-03-24 03:19:06,713] {processor.py:163} INFO - Started process (PID=3142) to work on /home/airflow/.local/lib/python3.7/site-packages/airflow/example_dags/example_bash_operator.py
[2022-03-24 03:19:06,844] {processor.py:642} INFO - Processing file /home/airflow/.local/lib/python3.7/site-packages/airflow/example_dags/example_bash_operator.py for tasks to queue
[2022-03-24 03:19:07,066] {logging_mixin.py:109} INFO - [2022-03-24 03:19:07,065] {dagbag.py:500} INFO - Filling up the DagBag from /home/airflow/.local/lib/python3.7/site-packages/airflow/example_dags/example_bash_operator.py
[2022-03-24 03:19:07,112] {processor.py:654} INFO - DAG(s) dict_keys(['example_bash_operator']) retrieved from /home/airflow/.local/lib/python3.7/site-packages/airflow/example_dags/example_bash_operator.py
[2022-03-24 03:19:07,290] {logging_mixin.py:109} INFO - [2022-03-24 03:19:07,289] {dag.py:2398} INFO - Sync 1 DAGs
[2022-03-24 03:19:07,504] {logging_mixin.py:109} INFO - [2022-03-24 03:19:07,504] {dag.py:2937} INFO - Setting next_dagrun for example_bash_operator to 2022-03-23 00:00:00+00:00
[2022-03-24 03:19:07,724] {processor.py:171} INFO - Processing /home/airflow/.local/lib/python3.7/site-packages/airflow/example_dags/example_bash_operator.py took 1.032 seconds
[2022-03-24 03:19:38,022] {processor.py:163} INFO - Started process (PID=3193) to work on /home/airflow/.local/lib/python3.7/site-packages/airflow/example_dags/example_bash_operator.py
[2022-03-24 03:19:38,027] {processor.py:642} INFO - Processing file /home/airflow/.local/lib/python3.7/site-packages/airflow/example_dags/example_bash_operator.py for tasks to queue
[2022-03-24 03:19:38,029] {logging_mixin.py:109} INFO - [2022-03-24 03:19:38,029] {dagbag.py:500} INFO - Filling up the DagBag from /home/airflow/.local/lib/python3.7/site-packages/airflow/example_dags/example_bash_operator.py
[2022-03-24 03:19:38,073] {processor.py:654} INFO - DAG(s) dict_keys(['example_bash_operator']) retrieved from /home/airflow/.local/lib/python3.7/site-packages/airflow/example_dags/example_bash_operator.py
[2022-03-24 03:19:38,087] {logging_mixin.py:109} INFO - [2022-03-24 03:19:38,087] {dag.py:2398} INFO - Sync 1 DAGs
[2022-03-24 03:19:38,104] {logging_mixin.py:109} INFO - [2022-03-24 03:19:38,104] {dag.py:2937} INFO - Setting next_dagrun for example_bash_operator to 2022-03-23 00:00:00+00:00
[2022-03-24 03:19:38,120] {processor.py:171} INFO - Processing /home/airflow/.local/lib/python3.7/site-packages/airflow/example_dags/example_bash_operator.py took 0.102 seconds
[2022-03-24 03:20:08,189] {processor.py:163} INFO - Started process (PID=3249) to work on /home/airflow/.local/lib/python3.7/site-packages/airflow/example_dags/example_bash_operator.py
[2022-03-24 03:20:08,191] {processor.py:642} INFO - Processing file /home/airflow/.local/lib/python3.7/site-packages/airflow/example_dags/example_bash_operator.py for tasks to queue
[2022-03-24 03:20:08,192] {logging_mixin.py:109} INFO - [2022-03-24 03:20:08,192] {dagbag.py:500} INFO - Filling up the DagBag from /home/airflow/.local/lib/python3.7/site-packages/airflow/example_dags/example_bash_operator.py
[2022-03-24 03:20:08,239] {processor.py:654} INFO - DAG(s) dict_keys(['example_bash_operator']) retrieved from /home/airflow/.local/lib/python3.7/site-packages/airflow/example_dags/example_bash_operator.py
[2022-03-24 03:20:08,252] {logging_mixin.py:109} INFO - [2022-03-24 03:20:08,252] {dag.py:2398} INFO - Sync 1 DAGs
[2022-03-24 03:20:08,272] {logging_mixin.py:109} INFO - [2022-03-24 03:20:08,272] {dag.py:2937} INFO - Setting next_dagrun for example_bash_operator to 2022-03-23 00:00:00+00:00
[2022-03-24 03:20:08,285] {processor.py:171} INFO - Processing /home/airflow/.local/lib/python3.7/site-packages/airflow/example_dags/example_bash_operator.py took 0.100 seconds
[2022-03-24 03:20:38,736] {processor.py:163} INFO - Started process (PID=3300) to work on /home/airflow/.local/lib/python3.7/site-packages/airflow/example_dags/example_bash_operator.py
[2022-03-24 03:20:38,741] {processor.py:642} INFO - Processing file /home/airflow/.local/lib/python3.7/site-packages/airflow/example_dags/example_bash_operator.py for tasks to queue
[2022-03-24 03:20:38,745] {logging_mixin.py:109} INFO - [2022-03-24 03:20:38,745] {dagbag.py:500} INFO - Filling up the DagBag from /home/airflow/.local/lib/python3.7/site-packages/airflow/example_dags/example_bash_operator.py
[2022-03-24 03:20:38,798] {processor.py:654} INFO - DAG(s) dict_keys(['example_bash_operator']) retrieved from /home/airflow/.local/lib/python3.7/site-packages/airflow/example_dags/example_bash_operator.py
[2022-03-24 03:20:38,816] {logging_mixin.py:109} INFO - [2022-03-24 03:20:38,816] {dag.py:2398} INFO - Sync 1 DAGs
[2022-03-24 03:20:38,836] {logging_mixin.py:109} INFO - [2022-03-24 03:20:38,836] {dag.py:2937} INFO - Setting next_dagrun for example_bash_operator to 2022-03-23 00:00:00+00:00
[2022-03-24 03:20:39,084] {processor.py:171} INFO - Processing /home/airflow/.local/lib/python3.7/site-packages/airflow/example_dags/example_bash_operator.py took 0.358 seconds
