[2022-03-24 02:50:06,970] {processor.py:163} INFO - Started process (PID=214) to work on /home/airflow/.local/lib/python3.7/site-packages/airflow/example_dags/example_external_task_marker_dag.py
[2022-03-24 02:50:06,979] {processor.py:642} INFO - Processing file /home/airflow/.local/lib/python3.7/site-packages/airflow/example_dags/example_external_task_marker_dag.py for tasks to queue
[2022-03-24 02:50:06,984] {logging_mixin.py:109} INFO - [2022-03-24 02:50:06,984] {dagbag.py:500} INFO - Filling up the DagBag from /home/airflow/.local/lib/python3.7/site-packages/airflow/example_dags/example_external_task_marker_dag.py
[2022-03-24 02:50:07,085] {processor.py:654} INFO - DAG(s) dict_keys(['example_external_task_marker_parent', 'example_external_task_marker_child']) retrieved from /home/airflow/.local/lib/python3.7/site-packages/airflow/example_dags/example_external_task_marker_dag.py
[2022-03-24 02:50:11,119] {logging_mixin.py:109} INFO - [2022-03-24 02:50:11,119] {manager.py:496} INFO - Created Permission View: can edit on DAG:example_external_task_marker_parent
[2022-03-24 02:50:11,132] {logging_mixin.py:109} INFO - [2022-03-24 02:50:11,132] {manager.py:496} INFO - Created Permission View: can read on DAG:example_external_task_marker_parent
[2022-03-24 02:50:11,167] {logging_mixin.py:109} INFO - [2022-03-24 02:50:11,167] {manager.py:496} INFO - Created Permission View: can edit on DAG:example_external_task_marker_child
[2022-03-24 02:50:11,180] {logging_mixin.py:109} INFO - [2022-03-24 02:50:11,180] {manager.py:496} INFO - Created Permission View: can read on DAG:example_external_task_marker_child
[2022-03-24 02:50:11,181] {logging_mixin.py:109} INFO - [2022-03-24 02:50:11,181] {dag.py:2398} INFO - Sync 2 DAGs
[2022-03-24 02:50:11,190] {logging_mixin.py:109} INFO - [2022-03-24 02:50:11,189] {dag.py:2417} INFO - Creating ORM DAG for example_external_task_marker_child
[2022-03-24 02:50:11,192] {logging_mixin.py:109} INFO - [2022-03-24 02:50:11,192] {dag.py:2417} INFO - Creating ORM DAG for example_external_task_marker_parent
[2022-03-24 02:50:11,202] {logging_mixin.py:109} INFO - [2022-03-24 02:50:11,202] {dag.py:2937} INFO - Setting next_dagrun for example_external_task_marker_child to None
[2022-03-24 02:50:11,205] {logging_mixin.py:109} INFO - [2022-03-24 02:50:11,205] {dag.py:2937} INFO - Setting next_dagrun for example_external_task_marker_parent to None
[2022-03-24 02:50:11,238] {processor.py:171} INFO - Processing /home/airflow/.local/lib/python3.7/site-packages/airflow/example_dags/example_external_task_marker_dag.py took 4.282 seconds
[2022-03-24 02:50:46,324] {processor.py:163} INFO - Started process (PID=295) to work on /home/airflow/.local/lib/python3.7/site-packages/airflow/example_dags/example_external_task_marker_dag.py
[2022-03-24 02:50:46,327] {processor.py:642} INFO - Processing file /home/airflow/.local/lib/python3.7/site-packages/airflow/example_dags/example_external_task_marker_dag.py for tasks to queue
[2022-03-24 02:50:46,329] {logging_mixin.py:109} INFO - [2022-03-24 02:50:46,329] {dagbag.py:500} INFO - Filling up the DagBag from /home/airflow/.local/lib/python3.7/site-packages/airflow/example_dags/example_external_task_marker_dag.py
[2022-03-24 02:50:46,398] {processor.py:654} INFO - DAG(s) dict_keys(['example_external_task_marker_parent', 'example_external_task_marker_child']) retrieved from /home/airflow/.local/lib/python3.7/site-packages/airflow/example_dags/example_external_task_marker_dag.py
[2022-03-24 02:50:46,427] {logging_mixin.py:109} INFO - [2022-03-24 02:50:46,427] {dag.py:2398} INFO - Sync 2 DAGs
[2022-03-24 02:50:46,447] {logging_mixin.py:109} INFO - [2022-03-24 02:50:46,446] {dag.py:2937} INFO - Setting next_dagrun for example_external_task_marker_child to None
[2022-03-24 02:50:46,448] {logging_mixin.py:109} INFO - [2022-03-24 02:50:46,448] {dag.py:2937} INFO - Setting next_dagrun for example_external_task_marker_parent to None
[2022-03-24 02:50:46,476] {processor.py:171} INFO - Processing /home/airflow/.local/lib/python3.7/site-packages/airflow/example_dags/example_external_task_marker_dag.py took 0.155 seconds
[2022-03-24 02:51:18,289] {processor.py:163} INFO - Started process (PID=346) to work on /home/airflow/.local/lib/python3.7/site-packages/airflow/example_dags/example_external_task_marker_dag.py
[2022-03-24 02:51:18,292] {processor.py:642} INFO - Processing file /home/airflow/.local/lib/python3.7/site-packages/airflow/example_dags/example_external_task_marker_dag.py for tasks to queue
[2022-03-24 02:51:18,295] {logging_mixin.py:109} INFO - [2022-03-24 02:51:18,295] {dagbag.py:500} INFO - Filling up the DagBag from /home/airflow/.local/lib/python3.7/site-packages/airflow/example_dags/example_external_task_marker_dag.py
[2022-03-24 02:51:18,452] {processor.py:654} INFO - DAG(s) dict_keys(['example_external_task_marker_parent', 'example_external_task_marker_child']) retrieved from /home/airflow/.local/lib/python3.7/site-packages/airflow/example_dags/example_external_task_marker_dag.py
[2022-03-24 02:51:18,520] {logging_mixin.py:109} INFO - [2022-03-24 02:51:18,520] {dag.py:2398} INFO - Sync 2 DAGs
[2022-03-24 02:51:18,580] {logging_mixin.py:109} INFO - [2022-03-24 02:51:18,579] {dag.py:2937} INFO - Setting next_dagrun for example_external_task_marker_child to None
[2022-03-24 02:51:18,584] {logging_mixin.py:109} INFO - [2022-03-24 02:51:18,583] {dag.py:2937} INFO - Setting next_dagrun for example_external_task_marker_parent to None
[2022-03-24 02:51:18,619] {processor.py:171} INFO - Processing /home/airflow/.local/lib/python3.7/site-packages/airflow/example_dags/example_external_task_marker_dag.py took 0.347 seconds
[2022-03-24 02:51:49,601] {processor.py:163} INFO - Started process (PID=403) to work on /home/airflow/.local/lib/python3.7/site-packages/airflow/example_dags/example_external_task_marker_dag.py
[2022-03-24 02:51:49,624] {processor.py:642} INFO - Processing file /home/airflow/.local/lib/python3.7/site-packages/airflow/example_dags/example_external_task_marker_dag.py for tasks to queue
[2022-03-24 02:51:49,627] {logging_mixin.py:109} INFO - [2022-03-24 02:51:49,626] {dagbag.py:500} INFO - Filling up the DagBag from /home/airflow/.local/lib/python3.7/site-packages/airflow/example_dags/example_external_task_marker_dag.py
[2022-03-24 02:51:49,934] {processor.py:654} INFO - DAG(s) dict_keys(['example_external_task_marker_parent', 'example_external_task_marker_child']) retrieved from /home/airflow/.local/lib/python3.7/site-packages/airflow/example_dags/example_external_task_marker_dag.py
[2022-03-24 02:51:50,031] {logging_mixin.py:109} INFO - [2022-03-24 02:51:50,030] {dag.py:2398} INFO - Sync 2 DAGs
[2022-03-24 02:51:50,106] {logging_mixin.py:109} INFO - [2022-03-24 02:51:50,106] {dag.py:2937} INFO - Setting next_dagrun for example_external_task_marker_child to None
[2022-03-24 02:51:50,112] {logging_mixin.py:109} INFO - [2022-03-24 02:51:50,112] {dag.py:2937} INFO - Setting next_dagrun for example_external_task_marker_parent to None
[2022-03-24 02:51:50,186] {processor.py:171} INFO - Processing /home/airflow/.local/lib/python3.7/site-packages/airflow/example_dags/example_external_task_marker_dag.py took 0.619 seconds
[2022-03-24 02:52:20,736] {processor.py:163} INFO - Started process (PID=456) to work on /home/airflow/.local/lib/python3.7/site-packages/airflow/example_dags/example_external_task_marker_dag.py
[2022-03-24 02:52:20,751] {processor.py:642} INFO - Processing file /home/airflow/.local/lib/python3.7/site-packages/airflow/example_dags/example_external_task_marker_dag.py for tasks to queue
[2022-03-24 02:52:20,755] {logging_mixin.py:109} INFO - [2022-03-24 02:52:20,755] {dagbag.py:500} INFO - Filling up the DagBag from /home/airflow/.local/lib/python3.7/site-packages/airflow/example_dags/example_external_task_marker_dag.py
[2022-03-24 02:52:20,829] {processor.py:654} INFO - DAG(s) dict_keys(['example_external_task_marker_parent', 'example_external_task_marker_child']) retrieved from /home/airflow/.local/lib/python3.7/site-packages/airflow/example_dags/example_external_task_marker_dag.py
[2022-03-24 02:52:20,853] {logging_mixin.py:109} INFO - [2022-03-24 02:52:20,853] {dag.py:2398} INFO - Sync 2 DAGs
[2022-03-24 02:52:20,881] {logging_mixin.py:109} INFO - [2022-03-24 02:52:20,881] {dag.py:2937} INFO - Setting next_dagrun for example_external_task_marker_child to None
[2022-03-24 02:52:20,882] {logging_mixin.py:109} INFO - [2022-03-24 02:52:20,882] {dag.py:2937} INFO - Setting next_dagrun for example_external_task_marker_parent to None
[2022-03-24 02:52:20,895] {processor.py:171} INFO - Processing /home/airflow/.local/lib/python3.7/site-packages/airflow/example_dags/example_external_task_marker_dag.py took 0.176 seconds
[2022-03-24 02:52:51,957] {processor.py:163} INFO - Started process (PID=506) to work on /home/airflow/.local/lib/python3.7/site-packages/airflow/example_dags/example_external_task_marker_dag.py
[2022-03-24 02:52:51,964] {processor.py:642} INFO - Processing file /home/airflow/.local/lib/python3.7/site-packages/airflow/example_dags/example_external_task_marker_dag.py for tasks to queue
[2022-03-24 02:52:51,968] {logging_mixin.py:109} INFO - [2022-03-24 02:52:51,967] {dagbag.py:500} INFO - Filling up the DagBag from /home/airflow/.local/lib/python3.7/site-packages/airflow/example_dags/example_external_task_marker_dag.py
[2022-03-24 02:52:52,099] {processor.py:654} INFO - DAG(s) dict_keys(['example_external_task_marker_parent', 'example_external_task_marker_child']) retrieved from /home/airflow/.local/lib/python3.7/site-packages/airflow/example_dags/example_external_task_marker_dag.py
[2022-03-24 02:52:52,144] {logging_mixin.py:109} INFO - [2022-03-24 02:52:52,144] {dag.py:2398} INFO - Sync 2 DAGs
[2022-03-24 02:52:52,177] {logging_mixin.py:109} INFO - [2022-03-24 02:52:52,177] {dag.py:2937} INFO - Setting next_dagrun for example_external_task_marker_child to None
[2022-03-24 02:52:52,179] {logging_mixin.py:109} INFO - [2022-03-24 02:52:52,179] {dag.py:2937} INFO - Setting next_dagrun for example_external_task_marker_parent to None
[2022-03-24 02:52:52,217] {processor.py:171} INFO - Processing /home/airflow/.local/lib/python3.7/site-packages/airflow/example_dags/example_external_task_marker_dag.py took 0.280 seconds
[2022-03-24 02:53:23,096] {processor.py:163} INFO - Started process (PID=555) to work on /home/airflow/.local/lib/python3.7/site-packages/airflow/example_dags/example_external_task_marker_dag.py
[2022-03-24 02:53:23,162] {processor.py:642} INFO - Processing file /home/airflow/.local/lib/python3.7/site-packages/airflow/example_dags/example_external_task_marker_dag.py for tasks to queue
[2022-03-24 02:53:23,164] {logging_mixin.py:109} INFO - [2022-03-24 02:53:23,164] {dagbag.py:500} INFO - Filling up the DagBag from /home/airflow/.local/lib/python3.7/site-packages/airflow/example_dags/example_external_task_marker_dag.py
[2022-03-24 02:53:23,321] {processor.py:654} INFO - DAG(s) dict_keys(['example_external_task_marker_parent', 'example_external_task_marker_child']) retrieved from /home/airflow/.local/lib/python3.7/site-packages/airflow/example_dags/example_external_task_marker_dag.py
[2022-03-24 02:53:23,365] {logging_mixin.py:109} INFO - [2022-03-24 02:53:23,364] {dag.py:2398} INFO - Sync 2 DAGs
[2022-03-24 02:53:23,398] {logging_mixin.py:109} INFO - [2022-03-24 02:53:23,397] {dag.py:2937} INFO - Setting next_dagrun for example_external_task_marker_child to None
[2022-03-24 02:53:23,400] {logging_mixin.py:109} INFO - [2022-03-24 02:53:23,399] {dag.py:2937} INFO - Setting next_dagrun for example_external_task_marker_parent to None
[2022-03-24 02:53:23,420] {processor.py:171} INFO - Processing /home/airflow/.local/lib/python3.7/site-packages/airflow/example_dags/example_external_task_marker_dag.py took 0.352 seconds
[2022-03-24 02:53:58,601] {processor.py:163} INFO - Started process (PID=605) to work on /home/airflow/.local/lib/python3.7/site-packages/airflow/example_dags/example_external_task_marker_dag.py
[2022-03-24 02:53:59,774] {processor.py:642} INFO - Processing file /home/airflow/.local/lib/python3.7/site-packages/airflow/example_dags/example_external_task_marker_dag.py for tasks to queue
[2022-03-24 02:54:00,559] {logging_mixin.py:109} INFO - [2022-03-24 02:54:00,559] {dagbag.py:500} INFO - Filling up the DagBag from /home/airflow/.local/lib/python3.7/site-packages/airflow/example_dags/example_external_task_marker_dag.py
[2022-03-24 02:54:01,386] {processor.py:654} INFO - DAG(s) dict_keys(['example_external_task_marker_parent', 'example_external_task_marker_child']) retrieved from /home/airflow/.local/lib/python3.7/site-packages/airflow/example_dags/example_external_task_marker_dag.py
[2022-03-24 02:54:02,335] {logging_mixin.py:109} INFO - [2022-03-24 02:54:02,335] {dag.py:2398} INFO - Sync 2 DAGs
[2022-03-24 02:54:02,828] {logging_mixin.py:109} INFO - [2022-03-24 02:54:02,828] {dag.py:2937} INFO - Setting next_dagrun for example_external_task_marker_child to None
[2022-03-24 02:54:03,290] {logging_mixin.py:109} INFO - [2022-03-24 02:54:03,290] {dag.py:2937} INFO - Setting next_dagrun for example_external_task_marker_parent to None
[2022-03-24 02:54:03,559] {processor.py:171} INFO - Processing /home/airflow/.local/lib/python3.7/site-packages/airflow/example_dags/example_external_task_marker_dag.py took 4.976 seconds
[2022-03-24 02:54:40,566] {processor.py:163} INFO - Started process (PID=666) to work on /home/airflow/.local/lib/python3.7/site-packages/airflow/example_dags/example_external_task_marker_dag.py
[2022-03-24 02:54:40,909] {processor.py:642} INFO - Processing file /home/airflow/.local/lib/python3.7/site-packages/airflow/example_dags/example_external_task_marker_dag.py for tasks to queue
[2022-03-24 02:54:40,914] {logging_mixin.py:109} INFO - [2022-03-24 02:54:40,914] {dagbag.py:500} INFO - Filling up the DagBag from /home/airflow/.local/lib/python3.7/site-packages/airflow/example_dags/example_external_task_marker_dag.py
[2022-03-24 02:54:41,105] {processor.py:654} INFO - DAG(s) dict_keys(['example_external_task_marker_parent', 'example_external_task_marker_child']) retrieved from /home/airflow/.local/lib/python3.7/site-packages/airflow/example_dags/example_external_task_marker_dag.py
[2022-03-24 02:54:42,322] {logging_mixin.py:109} INFO - [2022-03-24 02:54:42,322] {dag.py:2398} INFO - Sync 2 DAGs
[2022-03-24 02:54:42,554] {logging_mixin.py:109} INFO - [2022-03-24 02:54:42,554] {dag.py:2937} INFO - Setting next_dagrun for example_external_task_marker_child to None
[2022-03-24 02:54:42,677] {logging_mixin.py:109} INFO - [2022-03-24 02:54:42,676] {dag.py:2937} INFO - Setting next_dagrun for example_external_task_marker_parent to None
[2022-03-24 02:54:43,429] {processor.py:171} INFO - Processing /home/airflow/.local/lib/python3.7/site-packages/airflow/example_dags/example_external_task_marker_dag.py took 2.869 seconds
[2022-03-24 02:55:14,135] {processor.py:163} INFO - Started process (PID=717) to work on /home/airflow/.local/lib/python3.7/site-packages/airflow/example_dags/example_external_task_marker_dag.py
[2022-03-24 02:55:14,203] {processor.py:642} INFO - Processing file /home/airflow/.local/lib/python3.7/site-packages/airflow/example_dags/example_external_task_marker_dag.py for tasks to queue
[2022-03-24 02:55:14,205] {logging_mixin.py:109} INFO - [2022-03-24 02:55:14,205] {dagbag.py:500} INFO - Filling up the DagBag from /home/airflow/.local/lib/python3.7/site-packages/airflow/example_dags/example_external_task_marker_dag.py
[2022-03-24 02:55:14,246] {processor.py:654} INFO - DAG(s) dict_keys(['example_external_task_marker_parent', 'example_external_task_marker_child']) retrieved from /home/airflow/.local/lib/python3.7/site-packages/airflow/example_dags/example_external_task_marker_dag.py
[2022-03-24 02:55:14,263] {logging_mixin.py:109} INFO - [2022-03-24 02:55:14,263] {dag.py:2398} INFO - Sync 2 DAGs
[2022-03-24 02:55:14,281] {logging_mixin.py:109} INFO - [2022-03-24 02:55:14,281] {dag.py:2937} INFO - Setting next_dagrun for example_external_task_marker_child to None
[2022-03-24 02:55:14,283] {logging_mixin.py:109} INFO - [2022-03-24 02:55:14,283] {dag.py:2937} INFO - Setting next_dagrun for example_external_task_marker_parent to None
[2022-03-24 02:55:14,302] {processor.py:171} INFO - Processing /home/airflow/.local/lib/python3.7/site-packages/airflow/example_dags/example_external_task_marker_dag.py took 0.171 seconds
[2022-03-24 02:55:44,366] {processor.py:163} INFO - Started process (PID=768) to work on /home/airflow/.local/lib/python3.7/site-packages/airflow/example_dags/example_external_task_marker_dag.py
[2022-03-24 02:55:44,372] {processor.py:642} INFO - Processing file /home/airflow/.local/lib/python3.7/site-packages/airflow/example_dags/example_external_task_marker_dag.py for tasks to queue
[2022-03-24 02:55:44,373] {logging_mixin.py:109} INFO - [2022-03-24 02:55:44,373] {dagbag.py:500} INFO - Filling up the DagBag from /home/airflow/.local/lib/python3.7/site-packages/airflow/example_dags/example_external_task_marker_dag.py
[2022-03-24 02:55:44,419] {processor.py:654} INFO - DAG(s) dict_keys(['example_external_task_marker_parent', 'example_external_task_marker_child']) retrieved from /home/airflow/.local/lib/python3.7/site-packages/airflow/example_dags/example_external_task_marker_dag.py
[2022-03-24 02:55:44,437] {logging_mixin.py:109} INFO - [2022-03-24 02:55:44,437] {dag.py:2398} INFO - Sync 2 DAGs
[2022-03-24 02:55:44,583] {logging_mixin.py:109} INFO - [2022-03-24 02:55:44,583] {dag.py:2937} INFO - Setting next_dagrun for example_external_task_marker_child to None
[2022-03-24 02:55:44,586] {logging_mixin.py:109} INFO - [2022-03-24 02:55:44,585] {dag.py:2937} INFO - Setting next_dagrun for example_external_task_marker_parent to None
[2022-03-24 02:55:44,600] {processor.py:171} INFO - Processing /home/airflow/.local/lib/python3.7/site-packages/airflow/example_dags/example_external_task_marker_dag.py took 0.238 seconds
[2022-03-24 02:56:14,944] {processor.py:163} INFO - Started process (PID=818) to work on /home/airflow/.local/lib/python3.7/site-packages/airflow/example_dags/example_external_task_marker_dag.py
[2022-03-24 02:56:15,111] {processor.py:642} INFO - Processing file /home/airflow/.local/lib/python3.7/site-packages/airflow/example_dags/example_external_task_marker_dag.py for tasks to queue
[2022-03-24 02:56:15,115] {logging_mixin.py:109} INFO - [2022-03-24 02:56:15,115] {dagbag.py:500} INFO - Filling up the DagBag from /home/airflow/.local/lib/python3.7/site-packages/airflow/example_dags/example_external_task_marker_dag.py
[2022-03-24 02:56:15,205] {processor.py:654} INFO - DAG(s) dict_keys(['example_external_task_marker_parent', 'example_external_task_marker_child']) retrieved from /home/airflow/.local/lib/python3.7/site-packages/airflow/example_dags/example_external_task_marker_dag.py
[2022-03-24 02:56:15,582] {logging_mixin.py:109} INFO - [2022-03-24 02:56:15,582] {dag.py:2398} INFO - Sync 2 DAGs
[2022-03-24 02:56:15,781] {logging_mixin.py:109} INFO - [2022-03-24 02:56:15,780] {dag.py:2937} INFO - Setting next_dagrun for example_external_task_marker_child to None
[2022-03-24 02:56:15,860] {logging_mixin.py:109} INFO - [2022-03-24 02:56:15,860] {dag.py:2937} INFO - Setting next_dagrun for example_external_task_marker_parent to None
[2022-03-24 02:56:15,894] {processor.py:171} INFO - Processing /home/airflow/.local/lib/python3.7/site-packages/airflow/example_dags/example_external_task_marker_dag.py took 0.960 seconds
[2022-03-24 02:56:46,059] {processor.py:163} INFO - Started process (PID=867) to work on /home/airflow/.local/lib/python3.7/site-packages/airflow/example_dags/example_external_task_marker_dag.py
[2022-03-24 02:56:46,460] {processor.py:642} INFO - Processing file /home/airflow/.local/lib/python3.7/site-packages/airflow/example_dags/example_external_task_marker_dag.py for tasks to queue
[2022-03-24 02:56:46,463] {logging_mixin.py:109} INFO - [2022-03-24 02:56:46,462] {dagbag.py:500} INFO - Filling up the DagBag from /home/airflow/.local/lib/python3.7/site-packages/airflow/example_dags/example_external_task_marker_dag.py
[2022-03-24 02:56:46,572] {processor.py:654} INFO - DAG(s) dict_keys(['example_external_task_marker_parent', 'example_external_task_marker_child']) retrieved from /home/airflow/.local/lib/python3.7/site-packages/airflow/example_dags/example_external_task_marker_dag.py
[2022-03-24 02:56:46,776] {logging_mixin.py:109} INFO - [2022-03-24 02:56:46,776] {dag.py:2398} INFO - Sync 2 DAGs
[2022-03-24 02:56:46,946] {logging_mixin.py:109} INFO - [2022-03-24 02:56:46,946] {dag.py:2937} INFO - Setting next_dagrun for example_external_task_marker_child to None
[2022-03-24 02:56:46,949] {logging_mixin.py:109} INFO - [2022-03-24 02:56:46,948] {dag.py:2937} INFO - Setting next_dagrun for example_external_task_marker_parent to None
[2022-03-24 02:56:46,978] {processor.py:171} INFO - Processing /home/airflow/.local/lib/python3.7/site-packages/airflow/example_dags/example_external_task_marker_dag.py took 0.926 seconds
[2022-03-24 02:57:17,056] {processor.py:163} INFO - Started process (PID=917) to work on /home/airflow/.local/lib/python3.7/site-packages/airflow/example_dags/example_external_task_marker_dag.py
[2022-03-24 02:57:17,069] {processor.py:642} INFO - Processing file /home/airflow/.local/lib/python3.7/site-packages/airflow/example_dags/example_external_task_marker_dag.py for tasks to queue
[2022-03-24 02:57:17,072] {logging_mixin.py:109} INFO - [2022-03-24 02:57:17,071] {dagbag.py:500} INFO - Filling up the DagBag from /home/airflow/.local/lib/python3.7/site-packages/airflow/example_dags/example_external_task_marker_dag.py
[2022-03-24 02:57:17,158] {processor.py:654} INFO - DAG(s) dict_keys(['example_external_task_marker_parent', 'example_external_task_marker_child']) retrieved from /home/airflow/.local/lib/python3.7/site-packages/airflow/example_dags/example_external_task_marker_dag.py
[2022-03-24 02:57:17,267] {logging_mixin.py:109} INFO - [2022-03-24 02:57:17,266] {dag.py:2398} INFO - Sync 2 DAGs
[2022-03-24 02:57:17,466] {logging_mixin.py:109} INFO - [2022-03-24 02:57:17,466] {dag.py:2937} INFO - Setting next_dagrun for example_external_task_marker_child to None
[2022-03-24 02:57:17,470] {logging_mixin.py:109} INFO - [2022-03-24 02:57:17,470] {dag.py:2937} INFO - Setting next_dagrun for example_external_task_marker_parent to None
[2022-03-24 02:57:17,505] {processor.py:171} INFO - Processing /home/airflow/.local/lib/python3.7/site-packages/airflow/example_dags/example_external_task_marker_dag.py took 0.454 seconds
[2022-03-24 02:57:47,853] {processor.py:163} INFO - Started process (PID=969) to work on /home/airflow/.local/lib/python3.7/site-packages/airflow/example_dags/example_external_task_marker_dag.py
[2022-03-24 02:57:47,856] {processor.py:642} INFO - Processing file /home/airflow/.local/lib/python3.7/site-packages/airflow/example_dags/example_external_task_marker_dag.py for tasks to queue
[2022-03-24 02:57:47,859] {logging_mixin.py:109} INFO - [2022-03-24 02:57:47,858] {dagbag.py:500} INFO - Filling up the DagBag from /home/airflow/.local/lib/python3.7/site-packages/airflow/example_dags/example_external_task_marker_dag.py
[2022-03-24 02:57:47,902] {processor.py:654} INFO - DAG(s) dict_keys(['example_external_task_marker_parent', 'example_external_task_marker_child']) retrieved from /home/airflow/.local/lib/python3.7/site-packages/airflow/example_dags/example_external_task_marker_dag.py
[2022-03-24 02:57:47,920] {logging_mixin.py:109} INFO - [2022-03-24 02:57:47,920] {dag.py:2398} INFO - Sync 2 DAGs
[2022-03-24 02:57:47,938] {logging_mixin.py:109} INFO - [2022-03-24 02:57:47,938] {dag.py:2937} INFO - Setting next_dagrun for example_external_task_marker_child to None
[2022-03-24 02:57:47,941] {logging_mixin.py:109} INFO - [2022-03-24 02:57:47,940] {dag.py:2937} INFO - Setting next_dagrun for example_external_task_marker_parent to None
[2022-03-24 02:57:47,960] {processor.py:171} INFO - Processing /home/airflow/.local/lib/python3.7/site-packages/airflow/example_dags/example_external_task_marker_dag.py took 0.111 seconds
[2022-03-24 02:58:18,432] {processor.py:163} INFO - Started process (PID=1020) to work on /home/airflow/.local/lib/python3.7/site-packages/airflow/example_dags/example_external_task_marker_dag.py
[2022-03-24 02:58:18,440] {processor.py:642} INFO - Processing file /home/airflow/.local/lib/python3.7/site-packages/airflow/example_dags/example_external_task_marker_dag.py for tasks to queue
[2022-03-24 02:58:18,444] {logging_mixin.py:109} INFO - [2022-03-24 02:58:18,443] {dagbag.py:500} INFO - Filling up the DagBag from /home/airflow/.local/lib/python3.7/site-packages/airflow/example_dags/example_external_task_marker_dag.py
[2022-03-24 02:58:18,493] {processor.py:654} INFO - DAG(s) dict_keys(['example_external_task_marker_parent', 'example_external_task_marker_child']) retrieved from /home/airflow/.local/lib/python3.7/site-packages/airflow/example_dags/example_external_task_marker_dag.py
[2022-03-24 02:58:18,510] {logging_mixin.py:109} INFO - [2022-03-24 02:58:18,510] {dag.py:2398} INFO - Sync 2 DAGs
[2022-03-24 02:58:18,528] {logging_mixin.py:109} INFO - [2022-03-24 02:58:18,527] {dag.py:2937} INFO - Setting next_dagrun for example_external_task_marker_child to None
[2022-03-24 02:58:18,530] {logging_mixin.py:109} INFO - [2022-03-24 02:58:18,529] {dag.py:2937} INFO - Setting next_dagrun for example_external_task_marker_parent to None
[2022-03-24 02:58:18,544] {processor.py:171} INFO - Processing /home/airflow/.local/lib/python3.7/site-packages/airflow/example_dags/example_external_task_marker_dag.py took 0.124 seconds
[2022-03-24 02:58:49,029] {processor.py:163} INFO - Started process (PID=1072) to work on /home/airflow/.local/lib/python3.7/site-packages/airflow/example_dags/example_external_task_marker_dag.py
[2022-03-24 02:58:49,031] {processor.py:642} INFO - Processing file /home/airflow/.local/lib/python3.7/site-packages/airflow/example_dags/example_external_task_marker_dag.py for tasks to queue
[2022-03-24 02:58:49,033] {logging_mixin.py:109} INFO - [2022-03-24 02:58:49,033] {dagbag.py:500} INFO - Filling up the DagBag from /home/airflow/.local/lib/python3.7/site-packages/airflow/example_dags/example_external_task_marker_dag.py
[2022-03-24 02:58:49,077] {processor.py:654} INFO - DAG(s) dict_keys(['example_external_task_marker_parent', 'example_external_task_marker_child']) retrieved from /home/airflow/.local/lib/python3.7/site-packages/airflow/example_dags/example_external_task_marker_dag.py
[2022-03-24 02:58:49,098] {logging_mixin.py:109} INFO - [2022-03-24 02:58:49,098] {dag.py:2398} INFO - Sync 2 DAGs
[2022-03-24 02:58:49,115] {logging_mixin.py:109} INFO - [2022-03-24 02:58:49,115] {dag.py:2937} INFO - Setting next_dagrun for example_external_task_marker_child to None
[2022-03-24 02:58:49,117] {logging_mixin.py:109} INFO - [2022-03-24 02:58:49,116] {dag.py:2937} INFO - Setting next_dagrun for example_external_task_marker_parent to None
[2022-03-24 02:58:49,139] {processor.py:171} INFO - Processing /home/airflow/.local/lib/python3.7/site-packages/airflow/example_dags/example_external_task_marker_dag.py took 0.113 seconds
[2022-03-24 02:59:20,411] {processor.py:163} INFO - Started process (PID=1124) to work on /home/airflow/.local/lib/python3.7/site-packages/airflow/example_dags/example_external_task_marker_dag.py
[2022-03-24 02:59:20,531] {processor.py:642} INFO - Processing file /home/airflow/.local/lib/python3.7/site-packages/airflow/example_dags/example_external_task_marker_dag.py for tasks to queue
[2022-03-24 02:59:20,540] {logging_mixin.py:109} INFO - [2022-03-24 02:59:20,539] {dagbag.py:500} INFO - Filling up the DagBag from /home/airflow/.local/lib/python3.7/site-packages/airflow/example_dags/example_external_task_marker_dag.py
[2022-03-24 02:59:20,631] {processor.py:654} INFO - DAG(s) dict_keys(['example_external_task_marker_parent', 'example_external_task_marker_child']) retrieved from /home/airflow/.local/lib/python3.7/site-packages/airflow/example_dags/example_external_task_marker_dag.py
[2022-03-24 02:59:20,789] {logging_mixin.py:109} INFO - [2022-03-24 02:59:20,789] {dag.py:2398} INFO - Sync 2 DAGs
[2022-03-24 02:59:21,611] {logging_mixin.py:109} INFO - [2022-03-24 02:59:21,611] {dag.py:2937} INFO - Setting next_dagrun for example_external_task_marker_child to None
[2022-03-24 02:59:21,749] {logging_mixin.py:109} INFO - [2022-03-24 02:59:21,749] {dag.py:2937} INFO - Setting next_dagrun for example_external_task_marker_parent to None
[2022-03-24 02:59:21,951] {processor.py:171} INFO - Processing /home/airflow/.local/lib/python3.7/site-packages/airflow/example_dags/example_external_task_marker_dag.py took 1.573 seconds
[2022-03-24 02:59:52,545] {processor.py:163} INFO - Started process (PID=1186) to work on /home/airflow/.local/lib/python3.7/site-packages/airflow/example_dags/example_external_task_marker_dag.py
[2022-03-24 02:59:52,567] {processor.py:642} INFO - Processing file /home/airflow/.local/lib/python3.7/site-packages/airflow/example_dags/example_external_task_marker_dag.py for tasks to queue
[2022-03-24 02:59:52,582] {logging_mixin.py:109} INFO - [2022-03-24 02:59:52,582] {dagbag.py:500} INFO - Filling up the DagBag from /home/airflow/.local/lib/python3.7/site-packages/airflow/example_dags/example_external_task_marker_dag.py
[2022-03-24 02:59:52,747] {processor.py:654} INFO - DAG(s) dict_keys(['example_external_task_marker_parent', 'example_external_task_marker_child']) retrieved from /home/airflow/.local/lib/python3.7/site-packages/airflow/example_dags/example_external_task_marker_dag.py
[2022-03-24 02:59:52,820] {logging_mixin.py:109} INFO - [2022-03-24 02:59:52,819] {dag.py:2398} INFO - Sync 2 DAGs
[2022-03-24 02:59:52,933] {logging_mixin.py:109} INFO - [2022-03-24 02:59:52,933] {dag.py:2937} INFO - Setting next_dagrun for example_external_task_marker_child to None
[2022-03-24 02:59:52,941] {logging_mixin.py:109} INFO - [2022-03-24 02:59:52,941] {dag.py:2937} INFO - Setting next_dagrun for example_external_task_marker_parent to None
[2022-03-24 02:59:52,989] {processor.py:171} INFO - Processing /home/airflow/.local/lib/python3.7/site-packages/airflow/example_dags/example_external_task_marker_dag.py took 0.450 seconds
[2022-03-24 03:00:23,114] {processor.py:163} INFO - Started process (PID=1226) to work on /home/airflow/.local/lib/python3.7/site-packages/airflow/example_dags/example_external_task_marker_dag.py
[2022-03-24 03:00:23,116] {processor.py:642} INFO - Processing file /home/airflow/.local/lib/python3.7/site-packages/airflow/example_dags/example_external_task_marker_dag.py for tasks to queue
[2022-03-24 03:00:23,118] {logging_mixin.py:109} INFO - [2022-03-24 03:00:23,118] {dagbag.py:500} INFO - Filling up the DagBag from /home/airflow/.local/lib/python3.7/site-packages/airflow/example_dags/example_external_task_marker_dag.py
[2022-03-24 03:00:23,188] {processor.py:654} INFO - DAG(s) dict_keys(['example_external_task_marker_parent', 'example_external_task_marker_child']) retrieved from /home/airflow/.local/lib/python3.7/site-packages/airflow/example_dags/example_external_task_marker_dag.py
[2022-03-24 03:00:23,208] {logging_mixin.py:109} INFO - [2022-03-24 03:00:23,208] {dag.py:2398} INFO - Sync 2 DAGs
[2022-03-24 03:00:23,233] {logging_mixin.py:109} INFO - [2022-03-24 03:00:23,233] {dag.py:2937} INFO - Setting next_dagrun for example_external_task_marker_child to None
[2022-03-24 03:00:23,246] {logging_mixin.py:109} INFO - [2022-03-24 03:00:23,246] {dag.py:2937} INFO - Setting next_dagrun for example_external_task_marker_parent to None
[2022-03-24 03:00:23,265] {processor.py:171} INFO - Processing /home/airflow/.local/lib/python3.7/site-packages/airflow/example_dags/example_external_task_marker_dag.py took 0.162 seconds
[2022-03-24 03:00:53,521] {processor.py:163} INFO - Started process (PID=1276) to work on /home/airflow/.local/lib/python3.7/site-packages/airflow/example_dags/example_external_task_marker_dag.py
[2022-03-24 03:00:53,524] {processor.py:642} INFO - Processing file /home/airflow/.local/lib/python3.7/site-packages/airflow/example_dags/example_external_task_marker_dag.py for tasks to queue
[2022-03-24 03:00:53,526] {logging_mixin.py:109} INFO - [2022-03-24 03:00:53,526] {dagbag.py:500} INFO - Filling up the DagBag from /home/airflow/.local/lib/python3.7/site-packages/airflow/example_dags/example_external_task_marker_dag.py
[2022-03-24 03:00:53,596] {processor.py:654} INFO - DAG(s) dict_keys(['example_external_task_marker_parent', 'example_external_task_marker_child']) retrieved from /home/airflow/.local/lib/python3.7/site-packages/airflow/example_dags/example_external_task_marker_dag.py
[2022-03-24 03:00:53,617] {logging_mixin.py:109} INFO - [2022-03-24 03:00:53,617] {dag.py:2398} INFO - Sync 2 DAGs
[2022-03-24 03:00:53,639] {logging_mixin.py:109} INFO - [2022-03-24 03:00:53,639] {dag.py:2937} INFO - Setting next_dagrun for example_external_task_marker_child to None
[2022-03-24 03:00:53,641] {logging_mixin.py:109} INFO - [2022-03-24 03:00:53,641] {dag.py:2937} INFO - Setting next_dagrun for example_external_task_marker_parent to None
[2022-03-24 03:00:53,676] {processor.py:171} INFO - Processing /home/airflow/.local/lib/python3.7/site-packages/airflow/example_dags/example_external_task_marker_dag.py took 0.158 seconds
[2022-03-24 03:01:23,984] {processor.py:163} INFO - Started process (PID=1326) to work on /home/airflow/.local/lib/python3.7/site-packages/airflow/example_dags/example_external_task_marker_dag.py
[2022-03-24 03:01:24,124] {processor.py:642} INFO - Processing file /home/airflow/.local/lib/python3.7/site-packages/airflow/example_dags/example_external_task_marker_dag.py for tasks to queue
[2022-03-24 03:01:24,181] {logging_mixin.py:109} INFO - [2022-03-24 03:01:24,181] {dagbag.py:500} INFO - Filling up the DagBag from /home/airflow/.local/lib/python3.7/site-packages/airflow/example_dags/example_external_task_marker_dag.py
[2022-03-24 03:01:24,446] {processor.py:654} INFO - DAG(s) dict_keys(['example_external_task_marker_parent', 'example_external_task_marker_child']) retrieved from /home/airflow/.local/lib/python3.7/site-packages/airflow/example_dags/example_external_task_marker_dag.py
[2022-03-24 03:01:24,633] {logging_mixin.py:109} INFO - [2022-03-24 03:01:24,633] {dag.py:2398} INFO - Sync 2 DAGs
[2022-03-24 03:01:24,977] {logging_mixin.py:109} INFO - [2022-03-24 03:01:24,976] {dag.py:2937} INFO - Setting next_dagrun for example_external_task_marker_child to None
[2022-03-24 03:01:25,106] {logging_mixin.py:109} INFO - [2022-03-24 03:01:25,106] {dag.py:2937} INFO - Setting next_dagrun for example_external_task_marker_parent to None
[2022-03-24 03:01:25,782] {processor.py:171} INFO - Processing /home/airflow/.local/lib/python3.7/site-packages/airflow/example_dags/example_external_task_marker_dag.py took 1.811 seconds
[2022-03-24 03:01:56,449] {processor.py:163} INFO - Started process (PID=1378) to work on /home/airflow/.local/lib/python3.7/site-packages/airflow/example_dags/example_external_task_marker_dag.py
[2022-03-24 03:01:56,456] {processor.py:642} INFO - Processing file /home/airflow/.local/lib/python3.7/site-packages/airflow/example_dags/example_external_task_marker_dag.py for tasks to queue
[2022-03-24 03:01:56,459] {logging_mixin.py:109} INFO - [2022-03-24 03:01:56,459] {dagbag.py:500} INFO - Filling up the DagBag from /home/airflow/.local/lib/python3.7/site-packages/airflow/example_dags/example_external_task_marker_dag.py
[2022-03-24 03:01:56,512] {processor.py:654} INFO - DAG(s) dict_keys(['example_external_task_marker_parent', 'example_external_task_marker_child']) retrieved from /home/airflow/.local/lib/python3.7/site-packages/airflow/example_dags/example_external_task_marker_dag.py
[2022-03-24 03:01:56,534] {logging_mixin.py:109} INFO - [2022-03-24 03:01:56,534] {dag.py:2398} INFO - Sync 2 DAGs
[2022-03-24 03:01:56,555] {logging_mixin.py:109} INFO - [2022-03-24 03:01:56,555] {dag.py:2937} INFO - Setting next_dagrun for example_external_task_marker_child to None
[2022-03-24 03:01:56,556] {logging_mixin.py:109} INFO - [2022-03-24 03:01:56,556] {dag.py:2937} INFO - Setting next_dagrun for example_external_task_marker_parent to None
[2022-03-24 03:01:56,592] {processor.py:171} INFO - Processing /home/airflow/.local/lib/python3.7/site-packages/airflow/example_dags/example_external_task_marker_dag.py took 0.155 seconds
[2022-03-24 03:02:26,823] {processor.py:163} INFO - Started process (PID=1429) to work on /home/airflow/.local/lib/python3.7/site-packages/airflow/example_dags/example_external_task_marker_dag.py
[2022-03-24 03:02:26,825] {processor.py:642} INFO - Processing file /home/airflow/.local/lib/python3.7/site-packages/airflow/example_dags/example_external_task_marker_dag.py for tasks to queue
[2022-03-24 03:02:26,826] {logging_mixin.py:109} INFO - [2022-03-24 03:02:26,826] {dagbag.py:500} INFO - Filling up the DagBag from /home/airflow/.local/lib/python3.7/site-packages/airflow/example_dags/example_external_task_marker_dag.py
[2022-03-24 03:02:26,866] {processor.py:654} INFO - DAG(s) dict_keys(['example_external_task_marker_parent', 'example_external_task_marker_child']) retrieved from /home/airflow/.local/lib/python3.7/site-packages/airflow/example_dags/example_external_task_marker_dag.py
[2022-03-24 03:02:26,882] {logging_mixin.py:109} INFO - [2022-03-24 03:02:26,882] {dag.py:2398} INFO - Sync 2 DAGs
[2022-03-24 03:02:26,899] {logging_mixin.py:109} INFO - [2022-03-24 03:02:26,899] {dag.py:2937} INFO - Setting next_dagrun for example_external_task_marker_child to None
[2022-03-24 03:02:26,901] {logging_mixin.py:109} INFO - [2022-03-24 03:02:26,900] {dag.py:2937} INFO - Setting next_dagrun for example_external_task_marker_parent to None
[2022-03-24 03:02:26,915] {processor.py:171} INFO - Processing /home/airflow/.local/lib/python3.7/site-packages/airflow/example_dags/example_external_task_marker_dag.py took 0.097 seconds
[2022-03-24 03:02:57,000] {processor.py:163} INFO - Started process (PID=1490) to work on /home/airflow/.local/lib/python3.7/site-packages/airflow/example_dags/example_external_task_marker_dag.py
[2022-03-24 03:02:57,007] {processor.py:642} INFO - Processing file /home/airflow/.local/lib/python3.7/site-packages/airflow/example_dags/example_external_task_marker_dag.py for tasks to queue
[2022-03-24 03:02:57,009] {logging_mixin.py:109} INFO - [2022-03-24 03:02:57,009] {dagbag.py:500} INFO - Filling up the DagBag from /home/airflow/.local/lib/python3.7/site-packages/airflow/example_dags/example_external_task_marker_dag.py
[2022-03-24 03:02:57,111] {processor.py:654} INFO - DAG(s) dict_keys(['example_external_task_marker_parent', 'example_external_task_marker_child']) retrieved from /home/airflow/.local/lib/python3.7/site-packages/airflow/example_dags/example_external_task_marker_dag.py
[2022-03-24 03:02:57,155] {logging_mixin.py:109} INFO - [2022-03-24 03:02:57,155] {dag.py:2398} INFO - Sync 2 DAGs
[2022-03-24 03:02:57,185] {logging_mixin.py:109} INFO - [2022-03-24 03:02:57,185] {dag.py:2937} INFO - Setting next_dagrun for example_external_task_marker_child to None
[2022-03-24 03:02:57,187] {logging_mixin.py:109} INFO - [2022-03-24 03:02:57,187] {dag.py:2937} INFO - Setting next_dagrun for example_external_task_marker_parent to None
[2022-03-24 03:02:57,202] {processor.py:171} INFO - Processing /home/airflow/.local/lib/python3.7/site-packages/airflow/example_dags/example_external_task_marker_dag.py took 0.205 seconds
[2022-03-24 03:03:27,371] {processor.py:163} INFO - Started process (PID=1543) to work on /home/airflow/.local/lib/python3.7/site-packages/airflow/example_dags/example_external_task_marker_dag.py
[2022-03-24 03:03:27,377] {processor.py:642} INFO - Processing file /home/airflow/.local/lib/python3.7/site-packages/airflow/example_dags/example_external_task_marker_dag.py for tasks to queue
[2022-03-24 03:03:27,384] {logging_mixin.py:109} INFO - [2022-03-24 03:03:27,381] {dagbag.py:500} INFO - Filling up the DagBag from /home/airflow/.local/lib/python3.7/site-packages/airflow/example_dags/example_external_task_marker_dag.py
[2022-03-24 03:03:27,471] {processor.py:654} INFO - DAG(s) dict_keys(['example_external_task_marker_parent', 'example_external_task_marker_child']) retrieved from /home/airflow/.local/lib/python3.7/site-packages/airflow/example_dags/example_external_task_marker_dag.py
[2022-03-24 03:03:27,515] {logging_mixin.py:109} INFO - [2022-03-24 03:03:27,515] {dag.py:2398} INFO - Sync 2 DAGs
[2022-03-24 03:03:27,552] {logging_mixin.py:109} INFO - [2022-03-24 03:03:27,551] {dag.py:2937} INFO - Setting next_dagrun for example_external_task_marker_child to None
[2022-03-24 03:03:27,554] {logging_mixin.py:109} INFO - [2022-03-24 03:03:27,554] {dag.py:2937} INFO - Setting next_dagrun for example_external_task_marker_parent to None
[2022-03-24 03:03:27,574] {processor.py:171} INFO - Processing /home/airflow/.local/lib/python3.7/site-packages/airflow/example_dags/example_external_task_marker_dag.py took 0.224 seconds
[2022-03-24 03:03:57,747] {processor.py:163} INFO - Started process (PID=1593) to work on /home/airflow/.local/lib/python3.7/site-packages/airflow/example_dags/example_external_task_marker_dag.py
[2022-03-24 03:03:57,753] {processor.py:642} INFO - Processing file /home/airflow/.local/lib/python3.7/site-packages/airflow/example_dags/example_external_task_marker_dag.py for tasks to queue
[2022-03-24 03:03:57,755] {logging_mixin.py:109} INFO - [2022-03-24 03:03:57,754] {dagbag.py:500} INFO - Filling up the DagBag from /home/airflow/.local/lib/python3.7/site-packages/airflow/example_dags/example_external_task_marker_dag.py
[2022-03-24 03:03:57,791] {processor.py:654} INFO - DAG(s) dict_keys(['example_external_task_marker_parent', 'example_external_task_marker_child']) retrieved from /home/airflow/.local/lib/python3.7/site-packages/airflow/example_dags/example_external_task_marker_dag.py
[2022-03-24 03:03:57,810] {logging_mixin.py:109} INFO - [2022-03-24 03:03:57,810] {dag.py:2398} INFO - Sync 2 DAGs
[2022-03-24 03:03:57,827] {logging_mixin.py:109} INFO - [2022-03-24 03:03:57,826] {dag.py:2937} INFO - Setting next_dagrun for example_external_task_marker_child to None
[2022-03-24 03:03:57,828] {logging_mixin.py:109} INFO - [2022-03-24 03:03:57,828] {dag.py:2937} INFO - Setting next_dagrun for example_external_task_marker_parent to None
[2022-03-24 03:03:57,847] {processor.py:171} INFO - Processing /home/airflow/.local/lib/python3.7/site-packages/airflow/example_dags/example_external_task_marker_dag.py took 0.103 seconds
[2022-03-24 03:04:28,407] {processor.py:163} INFO - Started process (PID=1645) to work on /home/airflow/.local/lib/python3.7/site-packages/airflow/example_dags/example_external_task_marker_dag.py
[2022-03-24 03:04:28,415] {processor.py:642} INFO - Processing file /home/airflow/.local/lib/python3.7/site-packages/airflow/example_dags/example_external_task_marker_dag.py for tasks to queue
[2022-03-24 03:04:28,417] {logging_mixin.py:109} INFO - [2022-03-24 03:04:28,417] {dagbag.py:500} INFO - Filling up the DagBag from /home/airflow/.local/lib/python3.7/site-packages/airflow/example_dags/example_external_task_marker_dag.py
[2022-03-24 03:04:28,453] {processor.py:654} INFO - DAG(s) dict_keys(['example_external_task_marker_parent', 'example_external_task_marker_child']) retrieved from /home/airflow/.local/lib/python3.7/site-packages/airflow/example_dags/example_external_task_marker_dag.py
[2022-03-24 03:04:28,469] {logging_mixin.py:109} INFO - [2022-03-24 03:04:28,469] {dag.py:2398} INFO - Sync 2 DAGs
[2022-03-24 03:04:28,486] {logging_mixin.py:109} INFO - [2022-03-24 03:04:28,486] {dag.py:2937} INFO - Setting next_dagrun for example_external_task_marker_child to None
[2022-03-24 03:04:28,487] {logging_mixin.py:109} INFO - [2022-03-24 03:04:28,487] {dag.py:2937} INFO - Setting next_dagrun for example_external_task_marker_parent to None
[2022-03-24 03:04:28,505] {processor.py:171} INFO - Processing /home/airflow/.local/lib/python3.7/site-packages/airflow/example_dags/example_external_task_marker_dag.py took 0.102 seconds
[2022-03-24 03:04:58,860] {processor.py:163} INFO - Started process (PID=1708) to work on /home/airflow/.local/lib/python3.7/site-packages/airflow/example_dags/example_external_task_marker_dag.py
[2022-03-24 03:04:58,867] {processor.py:642} INFO - Processing file /home/airflow/.local/lib/python3.7/site-packages/airflow/example_dags/example_external_task_marker_dag.py for tasks to queue
[2022-03-24 03:04:58,870] {logging_mixin.py:109} INFO - [2022-03-24 03:04:58,870] {dagbag.py:500} INFO - Filling up the DagBag from /home/airflow/.local/lib/python3.7/site-packages/airflow/example_dags/example_external_task_marker_dag.py
[2022-03-24 03:04:58,942] {processor.py:654} INFO - DAG(s) dict_keys(['example_external_task_marker_parent', 'example_external_task_marker_child']) retrieved from /home/airflow/.local/lib/python3.7/site-packages/airflow/example_dags/example_external_task_marker_dag.py
[2022-03-24 03:04:58,959] {logging_mixin.py:109} INFO - [2022-03-24 03:04:58,959] {dag.py:2398} INFO - Sync 2 DAGs
[2022-03-24 03:04:58,976] {logging_mixin.py:109} INFO - [2022-03-24 03:04:58,976] {dag.py:2937} INFO - Setting next_dagrun for example_external_task_marker_child to None
[2022-03-24 03:04:58,977] {logging_mixin.py:109} INFO - [2022-03-24 03:04:58,977] {dag.py:2937} INFO - Setting next_dagrun for example_external_task_marker_parent to None
[2022-03-24 03:04:58,990] {processor.py:171} INFO - Processing /home/airflow/.local/lib/python3.7/site-packages/airflow/example_dags/example_external_task_marker_dag.py took 0.139 seconds
[2022-03-24 03:05:29,746] {processor.py:163} INFO - Started process (PID=1759) to work on /home/airflow/.local/lib/python3.7/site-packages/airflow/example_dags/example_external_task_marker_dag.py
[2022-03-24 03:05:29,748] {processor.py:642} INFO - Processing file /home/airflow/.local/lib/python3.7/site-packages/airflow/example_dags/example_external_task_marker_dag.py for tasks to queue
[2022-03-24 03:05:29,749] {logging_mixin.py:109} INFO - [2022-03-24 03:05:29,749] {dagbag.py:500} INFO - Filling up the DagBag from /home/airflow/.local/lib/python3.7/site-packages/airflow/example_dags/example_external_task_marker_dag.py
[2022-03-24 03:05:29,789] {processor.py:654} INFO - DAG(s) dict_keys(['example_external_task_marker_parent', 'example_external_task_marker_child']) retrieved from /home/airflow/.local/lib/python3.7/site-packages/airflow/example_dags/example_external_task_marker_dag.py
[2022-03-24 03:05:29,811] {logging_mixin.py:109} INFO - [2022-03-24 03:05:29,811] {dag.py:2398} INFO - Sync 2 DAGs
[2022-03-24 03:05:29,829] {logging_mixin.py:109} INFO - [2022-03-24 03:05:29,829] {dag.py:2937} INFO - Setting next_dagrun for example_external_task_marker_child to None
[2022-03-24 03:05:29,833] {logging_mixin.py:109} INFO - [2022-03-24 03:05:29,833] {dag.py:2937} INFO - Setting next_dagrun for example_external_task_marker_parent to None
[2022-03-24 03:05:29,859] {processor.py:171} INFO - Processing /home/airflow/.local/lib/python3.7/site-packages/airflow/example_dags/example_external_task_marker_dag.py took 0.122 seconds
[2022-03-24 03:06:00,600] {processor.py:163} INFO - Started process (PID=1810) to work on /home/airflow/.local/lib/python3.7/site-packages/airflow/example_dags/example_external_task_marker_dag.py
[2022-03-24 03:06:00,606] {processor.py:642} INFO - Processing file /home/airflow/.local/lib/python3.7/site-packages/airflow/example_dags/example_external_task_marker_dag.py for tasks to queue
[2022-03-24 03:06:00,608] {logging_mixin.py:109} INFO - [2022-03-24 03:06:00,608] {dagbag.py:500} INFO - Filling up the DagBag from /home/airflow/.local/lib/python3.7/site-packages/airflow/example_dags/example_external_task_marker_dag.py
[2022-03-24 03:06:00,648] {processor.py:654} INFO - DAG(s) dict_keys(['example_external_task_marker_parent', 'example_external_task_marker_child']) retrieved from /home/airflow/.local/lib/python3.7/site-packages/airflow/example_dags/example_external_task_marker_dag.py
[2022-03-24 03:06:00,665] {logging_mixin.py:109} INFO - [2022-03-24 03:06:00,665] {dag.py:2398} INFO - Sync 2 DAGs
[2022-03-24 03:06:00,682] {logging_mixin.py:109} INFO - [2022-03-24 03:06:00,682] {dag.py:2937} INFO - Setting next_dagrun for example_external_task_marker_child to None
[2022-03-24 03:06:00,683] {logging_mixin.py:109} INFO - [2022-03-24 03:06:00,683] {dag.py:2937} INFO - Setting next_dagrun for example_external_task_marker_parent to None
[2022-03-24 03:06:00,699] {processor.py:171} INFO - Processing /home/airflow/.local/lib/python3.7/site-packages/airflow/example_dags/example_external_task_marker_dag.py took 0.102 seconds
[2022-03-24 03:06:30,915] {processor.py:163} INFO - Started process (PID=1859) to work on /home/airflow/.local/lib/python3.7/site-packages/airflow/example_dags/example_external_task_marker_dag.py
[2022-03-24 03:06:30,922] {processor.py:642} INFO - Processing file /home/airflow/.local/lib/python3.7/site-packages/airflow/example_dags/example_external_task_marker_dag.py for tasks to queue
[2022-03-24 03:06:31,092] {logging_mixin.py:109} INFO - [2022-03-24 03:06:31,092] {dagbag.py:500} INFO - Filling up the DagBag from /home/airflow/.local/lib/python3.7/site-packages/airflow/example_dags/example_external_task_marker_dag.py
[2022-03-24 03:06:31,303] {processor.py:654} INFO - DAG(s) dict_keys(['example_external_task_marker_parent', 'example_external_task_marker_child']) retrieved from /home/airflow/.local/lib/python3.7/site-packages/airflow/example_dags/example_external_task_marker_dag.py
[2022-03-24 03:06:31,450] {logging_mixin.py:109} INFO - [2022-03-24 03:06:31,450] {dag.py:2398} INFO - Sync 2 DAGs
[2022-03-24 03:06:31,466] {logging_mixin.py:109} INFO - [2022-03-24 03:06:31,466] {dag.py:2937} INFO - Setting next_dagrun for example_external_task_marker_child to None
[2022-03-24 03:06:31,573] {logging_mixin.py:109} INFO - [2022-03-24 03:06:31,573] {dag.py:2937} INFO - Setting next_dagrun for example_external_task_marker_parent to None
[2022-03-24 03:06:31,591] {processor.py:171} INFO - Processing /home/airflow/.local/lib/python3.7/site-packages/airflow/example_dags/example_external_task_marker_dag.py took 0.680 seconds
[2022-03-24 03:07:01,714] {processor.py:163} INFO - Started process (PID=1911) to work on /home/airflow/.local/lib/python3.7/site-packages/airflow/example_dags/example_external_task_marker_dag.py
[2022-03-24 03:07:01,716] {processor.py:642} INFO - Processing file /home/airflow/.local/lib/python3.7/site-packages/airflow/example_dags/example_external_task_marker_dag.py for tasks to queue
[2022-03-24 03:07:01,718] {logging_mixin.py:109} INFO - [2022-03-24 03:07:01,718] {dagbag.py:500} INFO - Filling up the DagBag from /home/airflow/.local/lib/python3.7/site-packages/airflow/example_dags/example_external_task_marker_dag.py
[2022-03-24 03:07:01,763] {processor.py:654} INFO - DAG(s) dict_keys(['example_external_task_marker_parent', 'example_external_task_marker_child']) retrieved from /home/airflow/.local/lib/python3.7/site-packages/airflow/example_dags/example_external_task_marker_dag.py
[2022-03-24 03:07:01,779] {logging_mixin.py:109} INFO - [2022-03-24 03:07:01,779] {dag.py:2398} INFO - Sync 2 DAGs
[2022-03-24 03:07:01,794] {logging_mixin.py:109} INFO - [2022-03-24 03:07:01,794] {dag.py:2937} INFO - Setting next_dagrun for example_external_task_marker_child to None
[2022-03-24 03:07:01,795] {logging_mixin.py:109} INFO - [2022-03-24 03:07:01,795] {dag.py:2937} INFO - Setting next_dagrun for example_external_task_marker_parent to None
[2022-03-24 03:07:01,805] {processor.py:171} INFO - Processing /home/airflow/.local/lib/python3.7/site-packages/airflow/example_dags/example_external_task_marker_dag.py took 0.094 seconds
[2022-03-24 03:07:32,094] {processor.py:163} INFO - Started process (PID=1962) to work on /home/airflow/.local/lib/python3.7/site-packages/airflow/example_dags/example_external_task_marker_dag.py
[2022-03-24 03:07:32,097] {processor.py:642} INFO - Processing file /home/airflow/.local/lib/python3.7/site-packages/airflow/example_dags/example_external_task_marker_dag.py for tasks to queue
[2022-03-24 03:07:32,099] {logging_mixin.py:109} INFO - [2022-03-24 03:07:32,099] {dagbag.py:500} INFO - Filling up the DagBag from /home/airflow/.local/lib/python3.7/site-packages/airflow/example_dags/example_external_task_marker_dag.py
[2022-03-24 03:07:32,139] {processor.py:654} INFO - DAG(s) dict_keys(['example_external_task_marker_parent', 'example_external_task_marker_child']) retrieved from /home/airflow/.local/lib/python3.7/site-packages/airflow/example_dags/example_external_task_marker_dag.py
[2022-03-24 03:07:32,156] {logging_mixin.py:109} INFO - [2022-03-24 03:07:32,156] {dag.py:2398} INFO - Sync 2 DAGs
[2022-03-24 03:07:32,171] {logging_mixin.py:109} INFO - [2022-03-24 03:07:32,171] {dag.py:2937} INFO - Setting next_dagrun for example_external_task_marker_child to None
[2022-03-24 03:07:32,173] {logging_mixin.py:109} INFO - [2022-03-24 03:07:32,173] {dag.py:2937} INFO - Setting next_dagrun for example_external_task_marker_parent to None
[2022-03-24 03:07:32,185] {processor.py:171} INFO - Processing /home/airflow/.local/lib/python3.7/site-packages/airflow/example_dags/example_external_task_marker_dag.py took 0.095 seconds
[2022-03-24 03:08:02,311] {processor.py:163} INFO - Started process (PID=2012) to work on /home/airflow/.local/lib/python3.7/site-packages/airflow/example_dags/example_external_task_marker_dag.py
[2022-03-24 03:08:02,314] {processor.py:642} INFO - Processing file /home/airflow/.local/lib/python3.7/site-packages/airflow/example_dags/example_external_task_marker_dag.py for tasks to queue
[2022-03-24 03:08:02,315] {logging_mixin.py:109} INFO - [2022-03-24 03:08:02,315] {dagbag.py:500} INFO - Filling up the DagBag from /home/airflow/.local/lib/python3.7/site-packages/airflow/example_dags/example_external_task_marker_dag.py
[2022-03-24 03:08:02,355] {processor.py:654} INFO - DAG(s) dict_keys(['example_external_task_marker_parent', 'example_external_task_marker_child']) retrieved from /home/airflow/.local/lib/python3.7/site-packages/airflow/example_dags/example_external_task_marker_dag.py
[2022-03-24 03:08:02,370] {logging_mixin.py:109} INFO - [2022-03-24 03:08:02,370] {dag.py:2398} INFO - Sync 2 DAGs
[2022-03-24 03:08:02,387] {logging_mixin.py:109} INFO - [2022-03-24 03:08:02,387] {dag.py:2937} INFO - Setting next_dagrun for example_external_task_marker_child to None
[2022-03-24 03:08:02,388] {logging_mixin.py:109} INFO - [2022-03-24 03:08:02,388] {dag.py:2937} INFO - Setting next_dagrun for example_external_task_marker_parent to None
[2022-03-24 03:08:02,403] {processor.py:171} INFO - Processing /home/airflow/.local/lib/python3.7/site-packages/airflow/example_dags/example_external_task_marker_dag.py took 0.096 seconds
[2022-03-24 03:08:33,771] {processor.py:163} INFO - Started process (PID=2062) to work on /home/airflow/.local/lib/python3.7/site-packages/airflow/example_dags/example_external_task_marker_dag.py
[2022-03-24 03:08:33,963] {processor.py:642} INFO - Processing file /home/airflow/.local/lib/python3.7/site-packages/airflow/example_dags/example_external_task_marker_dag.py for tasks to queue
[2022-03-24 03:08:33,968] {logging_mixin.py:109} INFO - [2022-03-24 03:08:33,968] {dagbag.py:500} INFO - Filling up the DagBag from /home/airflow/.local/lib/python3.7/site-packages/airflow/example_dags/example_external_task_marker_dag.py
[2022-03-24 03:08:34,019] {processor.py:654} INFO - DAG(s) dict_keys(['example_external_task_marker_parent', 'example_external_task_marker_child']) retrieved from /home/airflow/.local/lib/python3.7/site-packages/airflow/example_dags/example_external_task_marker_dag.py
[2022-03-24 03:08:34,603] {logging_mixin.py:109} INFO - [2022-03-24 03:08:34,603] {dag.py:2398} INFO - Sync 2 DAGs
[2022-03-24 03:08:35,087] {logging_mixin.py:109} INFO - [2022-03-24 03:08:35,086] {dag.py:2937} INFO - Setting next_dagrun for example_external_task_marker_child to None
[2022-03-24 03:08:35,222] {logging_mixin.py:109} INFO - [2022-03-24 03:08:35,222] {dag.py:2937} INFO - Setting next_dagrun for example_external_task_marker_parent to None
[2022-03-24 03:08:35,608] {processor.py:171} INFO - Processing /home/airflow/.local/lib/python3.7/site-packages/airflow/example_dags/example_external_task_marker_dag.py took 1.842 seconds
[2022-03-24 03:09:06,093] {processor.py:163} INFO - Started process (PID=2125) to work on /home/airflow/.local/lib/python3.7/site-packages/airflow/example_dags/example_external_task_marker_dag.py
[2022-03-24 03:09:06,097] {processor.py:642} INFO - Processing file /home/airflow/.local/lib/python3.7/site-packages/airflow/example_dags/example_external_task_marker_dag.py for tasks to queue
[2022-03-24 03:09:06,102] {logging_mixin.py:109} INFO - [2022-03-24 03:09:06,101] {dagbag.py:500} INFO - Filling up the DagBag from /home/airflow/.local/lib/python3.7/site-packages/airflow/example_dags/example_external_task_marker_dag.py
[2022-03-24 03:09:06,209] {processor.py:654} INFO - DAG(s) dict_keys(['example_external_task_marker_parent', 'example_external_task_marker_child']) retrieved from /home/airflow/.local/lib/python3.7/site-packages/airflow/example_dags/example_external_task_marker_dag.py
[2022-03-24 03:09:06,231] {logging_mixin.py:109} INFO - [2022-03-24 03:09:06,231] {dag.py:2398} INFO - Sync 2 DAGs
[2022-03-24 03:09:06,267] {logging_mixin.py:109} INFO - [2022-03-24 03:09:06,267] {dag.py:2937} INFO - Setting next_dagrun for example_external_task_marker_child to None
[2022-03-24 03:09:06,270] {logging_mixin.py:109} INFO - [2022-03-24 03:09:06,270] {dag.py:2937} INFO - Setting next_dagrun for example_external_task_marker_parent to None
[2022-03-24 03:09:06,306] {processor.py:171} INFO - Processing /home/airflow/.local/lib/python3.7/site-packages/airflow/example_dags/example_external_task_marker_dag.py took 0.228 seconds
[2022-03-24 03:09:36,905] {processor.py:163} INFO - Started process (PID=2177) to work on /home/airflow/.local/lib/python3.7/site-packages/airflow/example_dags/example_external_task_marker_dag.py
[2022-03-24 03:09:36,930] {processor.py:642} INFO - Processing file /home/airflow/.local/lib/python3.7/site-packages/airflow/example_dags/example_external_task_marker_dag.py for tasks to queue
[2022-03-24 03:09:36,937] {logging_mixin.py:109} INFO - [2022-03-24 03:09:36,935] {dagbag.py:500} INFO - Filling up the DagBag from /home/airflow/.local/lib/python3.7/site-packages/airflow/example_dags/example_external_task_marker_dag.py
[2022-03-24 03:09:37,042] {processor.py:654} INFO - DAG(s) dict_keys(['example_external_task_marker_parent', 'example_external_task_marker_child']) retrieved from /home/airflow/.local/lib/python3.7/site-packages/airflow/example_dags/example_external_task_marker_dag.py
[2022-03-24 03:09:37,065] {logging_mixin.py:109} INFO - [2022-03-24 03:09:37,065] {dag.py:2398} INFO - Sync 2 DAGs
[2022-03-24 03:09:37,102] {logging_mixin.py:109} INFO - [2022-03-24 03:09:37,102] {dag.py:2937} INFO - Setting next_dagrun for example_external_task_marker_child to None
[2022-03-24 03:09:37,106] {logging_mixin.py:109} INFO - [2022-03-24 03:09:37,105] {dag.py:2937} INFO - Setting next_dagrun for example_external_task_marker_parent to None
[2022-03-24 03:09:37,206] {processor.py:171} INFO - Processing /home/airflow/.local/lib/python3.7/site-packages/airflow/example_dags/example_external_task_marker_dag.py took 0.313 seconds
[2022-03-24 03:10:07,659] {processor.py:163} INFO - Started process (PID=2219) to work on /home/airflow/.local/lib/python3.7/site-packages/airflow/example_dags/example_external_task_marker_dag.py
[2022-03-24 03:10:07,687] {processor.py:642} INFO - Processing file /home/airflow/.local/lib/python3.7/site-packages/airflow/example_dags/example_external_task_marker_dag.py for tasks to queue
[2022-03-24 03:10:07,706] {logging_mixin.py:109} INFO - [2022-03-24 03:10:07,705] {dagbag.py:500} INFO - Filling up the DagBag from /home/airflow/.local/lib/python3.7/site-packages/airflow/example_dags/example_external_task_marker_dag.py
[2022-03-24 03:10:08,077] {processor.py:654} INFO - DAG(s) dict_keys(['example_external_task_marker_parent', 'example_external_task_marker_child']) retrieved from /home/airflow/.local/lib/python3.7/site-packages/airflow/example_dags/example_external_task_marker_dag.py
[2022-03-24 03:10:08,173] {logging_mixin.py:109} INFO - [2022-03-24 03:10:08,173] {dag.py:2398} INFO - Sync 2 DAGs
[2022-03-24 03:10:08,224] {logging_mixin.py:109} INFO - [2022-03-24 03:10:08,224] {dag.py:2937} INFO - Setting next_dagrun for example_external_task_marker_child to None
[2022-03-24 03:10:08,225] {logging_mixin.py:109} INFO - [2022-03-24 03:10:08,225] {dag.py:2937} INFO - Setting next_dagrun for example_external_task_marker_parent to None
[2022-03-24 03:10:08,265] {processor.py:171} INFO - Processing /home/airflow/.local/lib/python3.7/site-packages/airflow/example_dags/example_external_task_marker_dag.py took 0.625 seconds
[2022-03-24 03:10:38,448] {processor.py:163} INFO - Started process (PID=2272) to work on /home/airflow/.local/lib/python3.7/site-packages/airflow/example_dags/example_external_task_marker_dag.py
[2022-03-24 03:10:38,453] {processor.py:642} INFO - Processing file /home/airflow/.local/lib/python3.7/site-packages/airflow/example_dags/example_external_task_marker_dag.py for tasks to queue
[2022-03-24 03:10:38,456] {logging_mixin.py:109} INFO - [2022-03-24 03:10:38,456] {dagbag.py:500} INFO - Filling up the DagBag from /home/airflow/.local/lib/python3.7/site-packages/airflow/example_dags/example_external_task_marker_dag.py
[2022-03-24 03:10:38,503] {processor.py:654} INFO - DAG(s) dict_keys(['example_external_task_marker_parent', 'example_external_task_marker_child']) retrieved from /home/airflow/.local/lib/python3.7/site-packages/airflow/example_dags/example_external_task_marker_dag.py
[2022-03-24 03:10:38,526] {logging_mixin.py:109} INFO - [2022-03-24 03:10:38,526] {dag.py:2398} INFO - Sync 2 DAGs
[2022-03-24 03:10:38,549] {logging_mixin.py:109} INFO - [2022-03-24 03:10:38,549] {dag.py:2937} INFO - Setting next_dagrun for example_external_task_marker_child to None
[2022-03-24 03:10:38,551] {logging_mixin.py:109} INFO - [2022-03-24 03:10:38,551] {dag.py:2937} INFO - Setting next_dagrun for example_external_task_marker_parent to None
[2022-03-24 03:10:38,571] {processor.py:171} INFO - Processing /home/airflow/.local/lib/python3.7/site-packages/airflow/example_dags/example_external_task_marker_dag.py took 0.130 seconds
[2022-03-24 03:11:08,962] {processor.py:163} INFO - Started process (PID=2321) to work on /home/airflow/.local/lib/python3.7/site-packages/airflow/example_dags/example_external_task_marker_dag.py
[2022-03-24 03:11:08,966] {processor.py:642} INFO - Processing file /home/airflow/.local/lib/python3.7/site-packages/airflow/example_dags/example_external_task_marker_dag.py for tasks to queue
[2022-03-24 03:11:08,970] {logging_mixin.py:109} INFO - [2022-03-24 03:11:08,970] {dagbag.py:500} INFO - Filling up the DagBag from /home/airflow/.local/lib/python3.7/site-packages/airflow/example_dags/example_external_task_marker_dag.py
[2022-03-24 03:11:09,028] {processor.py:654} INFO - DAG(s) dict_keys(['example_external_task_marker_parent', 'example_external_task_marker_child']) retrieved from /home/airflow/.local/lib/python3.7/site-packages/airflow/example_dags/example_external_task_marker_dag.py
[2022-03-24 03:11:09,046] {logging_mixin.py:109} INFO - [2022-03-24 03:11:09,046] {dag.py:2398} INFO - Sync 2 DAGs
[2022-03-24 03:11:09,066] {logging_mixin.py:109} INFO - [2022-03-24 03:11:09,066] {dag.py:2937} INFO - Setting next_dagrun for example_external_task_marker_child to None
[2022-03-24 03:11:09,068] {logging_mixin.py:109} INFO - [2022-03-24 03:11:09,068] {dag.py:2937} INFO - Setting next_dagrun for example_external_task_marker_parent to None
[2022-03-24 03:11:09,082] {processor.py:171} INFO - Processing /home/airflow/.local/lib/python3.7/site-packages/airflow/example_dags/example_external_task_marker_dag.py took 0.129 seconds
[2022-03-24 03:11:39,376] {processor.py:163} INFO - Started process (PID=2372) to work on /home/airflow/.local/lib/python3.7/site-packages/airflow/example_dags/example_external_task_marker_dag.py
[2022-03-24 03:11:39,442] {processor.py:642} INFO - Processing file /home/airflow/.local/lib/python3.7/site-packages/airflow/example_dags/example_external_task_marker_dag.py for tasks to queue
[2022-03-24 03:11:39,447] {logging_mixin.py:109} INFO - [2022-03-24 03:11:39,446] {dagbag.py:500} INFO - Filling up the DagBag from /home/airflow/.local/lib/python3.7/site-packages/airflow/example_dags/example_external_task_marker_dag.py
[2022-03-24 03:11:39,524] {processor.py:654} INFO - DAG(s) dict_keys(['example_external_task_marker_parent', 'example_external_task_marker_child']) retrieved from /home/airflow/.local/lib/python3.7/site-packages/airflow/example_dags/example_external_task_marker_dag.py
[2022-03-24 03:11:39,560] {logging_mixin.py:109} INFO - [2022-03-24 03:11:39,560] {dag.py:2398} INFO - Sync 2 DAGs
[2022-03-24 03:11:39,588] {logging_mixin.py:109} INFO - [2022-03-24 03:11:39,587] {dag.py:2937} INFO - Setting next_dagrun for example_external_task_marker_child to None
[2022-03-24 03:11:39,590] {logging_mixin.py:109} INFO - [2022-03-24 03:11:39,590] {dag.py:2937} INFO - Setting next_dagrun for example_external_task_marker_parent to None
[2022-03-24 03:11:39,618] {processor.py:171} INFO - Processing /home/airflow/.local/lib/python3.7/site-packages/airflow/example_dags/example_external_task_marker_dag.py took 0.245 seconds
[2022-03-24 03:12:10,539] {processor.py:163} INFO - Started process (PID=2421) to work on /home/airflow/.local/lib/python3.7/site-packages/airflow/example_dags/example_external_task_marker_dag.py
[2022-03-24 03:12:10,545] {processor.py:642} INFO - Processing file /home/airflow/.local/lib/python3.7/site-packages/airflow/example_dags/example_external_task_marker_dag.py for tasks to queue
[2022-03-24 03:12:10,546] {logging_mixin.py:109} INFO - [2022-03-24 03:12:10,546] {dagbag.py:500} INFO - Filling up the DagBag from /home/airflow/.local/lib/python3.7/site-packages/airflow/example_dags/example_external_task_marker_dag.py
[2022-03-24 03:12:10,690] {processor.py:654} INFO - DAG(s) dict_keys(['example_external_task_marker_parent', 'example_external_task_marker_child']) retrieved from /home/airflow/.local/lib/python3.7/site-packages/airflow/example_dags/example_external_task_marker_dag.py
[2022-03-24 03:12:10,759] {logging_mixin.py:109} INFO - [2022-03-24 03:12:10,759] {dag.py:2398} INFO - Sync 2 DAGs
[2022-03-24 03:12:10,817] {logging_mixin.py:109} INFO - [2022-03-24 03:12:10,816] {dag.py:2937} INFO - Setting next_dagrun for example_external_task_marker_child to None
[2022-03-24 03:12:10,820] {logging_mixin.py:109} INFO - [2022-03-24 03:12:10,820] {dag.py:2937} INFO - Setting next_dagrun for example_external_task_marker_parent to None
[2022-03-24 03:12:10,849] {processor.py:171} INFO - Processing /home/airflow/.local/lib/python3.7/site-packages/airflow/example_dags/example_external_task_marker_dag.py took 0.317 seconds
[2022-03-24 03:12:41,170] {processor.py:163} INFO - Started process (PID=2471) to work on /home/airflow/.local/lib/python3.7/site-packages/airflow/example_dags/example_external_task_marker_dag.py
[2022-03-24 03:12:41,174] {processor.py:642} INFO - Processing file /home/airflow/.local/lib/python3.7/site-packages/airflow/example_dags/example_external_task_marker_dag.py for tasks to queue
[2022-03-24 03:12:41,177] {logging_mixin.py:109} INFO - [2022-03-24 03:12:41,177] {dagbag.py:500} INFO - Filling up the DagBag from /home/airflow/.local/lib/python3.7/site-packages/airflow/example_dags/example_external_task_marker_dag.py
[2022-03-24 03:12:41,283] {processor.py:654} INFO - DAG(s) dict_keys(['example_external_task_marker_parent', 'example_external_task_marker_child']) retrieved from /home/airflow/.local/lib/python3.7/site-packages/airflow/example_dags/example_external_task_marker_dag.py
[2022-03-24 03:12:41,337] {logging_mixin.py:109} INFO - [2022-03-24 03:12:41,336] {dag.py:2398} INFO - Sync 2 DAGs
[2022-03-24 03:12:41,373] {logging_mixin.py:109} INFO - [2022-03-24 03:12:41,373] {dag.py:2937} INFO - Setting next_dagrun for example_external_task_marker_child to None
[2022-03-24 03:12:41,374] {logging_mixin.py:109} INFO - [2022-03-24 03:12:41,374] {dag.py:2937} INFO - Setting next_dagrun for example_external_task_marker_parent to None
[2022-03-24 03:12:41,422] {processor.py:171} INFO - Processing /home/airflow/.local/lib/python3.7/site-packages/airflow/example_dags/example_external_task_marker_dag.py took 0.261 seconds
[2022-03-24 03:13:11,783] {processor.py:163} INFO - Started process (PID=2533) to work on /home/airflow/.local/lib/python3.7/site-packages/airflow/example_dags/example_external_task_marker_dag.py
[2022-03-24 03:13:11,790] {processor.py:642} INFO - Processing file /home/airflow/.local/lib/python3.7/site-packages/airflow/example_dags/example_external_task_marker_dag.py for tasks to queue
[2022-03-24 03:13:11,794] {logging_mixin.py:109} INFO - [2022-03-24 03:13:11,794] {dagbag.py:500} INFO - Filling up the DagBag from /home/airflow/.local/lib/python3.7/site-packages/airflow/example_dags/example_external_task_marker_dag.py
[2022-03-24 03:13:11,877] {processor.py:654} INFO - DAG(s) dict_keys(['example_external_task_marker_parent', 'example_external_task_marker_child']) retrieved from /home/airflow/.local/lib/python3.7/site-packages/airflow/example_dags/example_external_task_marker_dag.py
[2022-03-24 03:13:11,917] {logging_mixin.py:109} INFO - [2022-03-24 03:13:11,917] {dag.py:2398} INFO - Sync 2 DAGs
[2022-03-24 03:13:11,976] {logging_mixin.py:109} INFO - [2022-03-24 03:13:11,976] {dag.py:2937} INFO - Setting next_dagrun for example_external_task_marker_child to None
[2022-03-24 03:13:11,978] {logging_mixin.py:109} INFO - [2022-03-24 03:13:11,978] {dag.py:2937} INFO - Setting next_dagrun for example_external_task_marker_parent to None
[2022-03-24 03:13:12,019] {processor.py:171} INFO - Processing /home/airflow/.local/lib/python3.7/site-packages/airflow/example_dags/example_external_task_marker_dag.py took 0.262 seconds
[2022-03-24 03:13:42,549] {processor.py:163} INFO - Started process (PID=2588) to work on /home/airflow/.local/lib/python3.7/site-packages/airflow/example_dags/example_external_task_marker_dag.py
[2022-03-24 03:13:42,648] {processor.py:642} INFO - Processing file /home/airflow/.local/lib/python3.7/site-packages/airflow/example_dags/example_external_task_marker_dag.py for tasks to queue
[2022-03-24 03:13:42,650] {logging_mixin.py:109} INFO - [2022-03-24 03:13:42,650] {dagbag.py:500} INFO - Filling up the DagBag from /home/airflow/.local/lib/python3.7/site-packages/airflow/example_dags/example_external_task_marker_dag.py
[2022-03-24 03:13:42,807] {processor.py:654} INFO - DAG(s) dict_keys(['example_external_task_marker_parent', 'example_external_task_marker_child']) retrieved from /home/airflow/.local/lib/python3.7/site-packages/airflow/example_dags/example_external_task_marker_dag.py
[2022-03-24 03:13:42,869] {logging_mixin.py:109} INFO - [2022-03-24 03:13:42,869] {dag.py:2398} INFO - Sync 2 DAGs
[2022-03-24 03:13:42,974] {logging_mixin.py:109} INFO - [2022-03-24 03:13:42,974] {dag.py:2937} INFO - Setting next_dagrun for example_external_task_marker_child to None
[2022-03-24 03:13:42,980] {logging_mixin.py:109} INFO - [2022-03-24 03:13:42,980] {dag.py:2937} INFO - Setting next_dagrun for example_external_task_marker_parent to None
[2022-03-24 03:13:43,007] {processor.py:171} INFO - Processing /home/airflow/.local/lib/python3.7/site-packages/airflow/example_dags/example_external_task_marker_dag.py took 0.474 seconds
[2022-03-24 03:14:13,918] {processor.py:163} INFO - Started process (PID=2640) to work on /home/airflow/.local/lib/python3.7/site-packages/airflow/example_dags/example_external_task_marker_dag.py
[2022-03-24 03:14:13,935] {processor.py:642} INFO - Processing file /home/airflow/.local/lib/python3.7/site-packages/airflow/example_dags/example_external_task_marker_dag.py for tasks to queue
[2022-03-24 03:14:13,938] {logging_mixin.py:109} INFO - [2022-03-24 03:14:13,938] {dagbag.py:500} INFO - Filling up the DagBag from /home/airflow/.local/lib/python3.7/site-packages/airflow/example_dags/example_external_task_marker_dag.py
[2022-03-24 03:14:14,000] {processor.py:654} INFO - DAG(s) dict_keys(['example_external_task_marker_parent', 'example_external_task_marker_child']) retrieved from /home/airflow/.local/lib/python3.7/site-packages/airflow/example_dags/example_external_task_marker_dag.py
[2022-03-24 03:14:14,033] {logging_mixin.py:109} INFO - [2022-03-24 03:14:14,033] {dag.py:2398} INFO - Sync 2 DAGs
[2022-03-24 03:14:14,062] {logging_mixin.py:109} INFO - [2022-03-24 03:14:14,062] {dag.py:2937} INFO - Setting next_dagrun for example_external_task_marker_child to None
[2022-03-24 03:14:14,064] {logging_mixin.py:109} INFO - [2022-03-24 03:14:14,064] {dag.py:2937} INFO - Setting next_dagrun for example_external_task_marker_parent to None
[2022-03-24 03:14:14,094] {processor.py:171} INFO - Processing /home/airflow/.local/lib/python3.7/site-packages/airflow/example_dags/example_external_task_marker_dag.py took 0.198 seconds
[2022-03-24 03:14:44,258] {processor.py:163} INFO - Started process (PID=2691) to work on /home/airflow/.local/lib/python3.7/site-packages/airflow/example_dags/example_external_task_marker_dag.py
[2022-03-24 03:14:44,262] {processor.py:642} INFO - Processing file /home/airflow/.local/lib/python3.7/site-packages/airflow/example_dags/example_external_task_marker_dag.py for tasks to queue
[2022-03-24 03:14:44,265] {logging_mixin.py:109} INFO - [2022-03-24 03:14:44,264] {dagbag.py:500} INFO - Filling up the DagBag from /home/airflow/.local/lib/python3.7/site-packages/airflow/example_dags/example_external_task_marker_dag.py
[2022-03-24 03:14:44,306] {processor.py:654} INFO - DAG(s) dict_keys(['example_external_task_marker_parent', 'example_external_task_marker_child']) retrieved from /home/airflow/.local/lib/python3.7/site-packages/airflow/example_dags/example_external_task_marker_dag.py
[2022-03-24 03:14:44,322] {logging_mixin.py:109} INFO - [2022-03-24 03:14:44,322] {dag.py:2398} INFO - Sync 2 DAGs
[2022-03-24 03:14:44,351] {logging_mixin.py:109} INFO - [2022-03-24 03:14:44,351] {dag.py:2937} INFO - Setting next_dagrun for example_external_task_marker_child to None
[2022-03-24 03:14:44,353] {logging_mixin.py:109} INFO - [2022-03-24 03:14:44,352] {dag.py:2937} INFO - Setting next_dagrun for example_external_task_marker_parent to None
[2022-03-24 03:14:44,382] {processor.py:171} INFO - Processing /home/airflow/.local/lib/python3.7/site-packages/airflow/example_dags/example_external_task_marker_dag.py took 0.128 seconds
[2022-03-24 03:15:14,477] {processor.py:163} INFO - Started process (PID=2748) to work on /home/airflow/.local/lib/python3.7/site-packages/airflow/example_dags/example_external_task_marker_dag.py
[2022-03-24 03:15:14,513] {processor.py:642} INFO - Processing file /home/airflow/.local/lib/python3.7/site-packages/airflow/example_dags/example_external_task_marker_dag.py for tasks to queue
[2022-03-24 03:15:14,517] {logging_mixin.py:109} INFO - [2022-03-24 03:15:14,517] {dagbag.py:500} INFO - Filling up the DagBag from /home/airflow/.local/lib/python3.7/site-packages/airflow/example_dags/example_external_task_marker_dag.py
[2022-03-24 03:15:14,639] {processor.py:654} INFO - DAG(s) dict_keys(['example_external_task_marker_parent', 'example_external_task_marker_child']) retrieved from /home/airflow/.local/lib/python3.7/site-packages/airflow/example_dags/example_external_task_marker_dag.py
[2022-03-24 03:15:14,674] {logging_mixin.py:109} INFO - [2022-03-24 03:15:14,674] {dag.py:2398} INFO - Sync 2 DAGs
[2022-03-24 03:15:14,762] {logging_mixin.py:109} INFO - [2022-03-24 03:15:14,762] {dag.py:2937} INFO - Setting next_dagrun for example_external_task_marker_child to None
[2022-03-24 03:15:14,765] {logging_mixin.py:109} INFO - [2022-03-24 03:15:14,765] {dag.py:2937} INFO - Setting next_dagrun for example_external_task_marker_parent to None
[2022-03-24 03:15:14,783] {processor.py:171} INFO - Processing /home/airflow/.local/lib/python3.7/site-packages/airflow/example_dags/example_external_task_marker_dag.py took 0.315 seconds
[2022-03-24 03:15:45,132] {processor.py:163} INFO - Started process (PID=2796) to work on /home/airflow/.local/lib/python3.7/site-packages/airflow/example_dags/example_external_task_marker_dag.py
[2022-03-24 03:15:45,138] {processor.py:642} INFO - Processing file /home/airflow/.local/lib/python3.7/site-packages/airflow/example_dags/example_external_task_marker_dag.py for tasks to queue
[2022-03-24 03:15:45,143] {logging_mixin.py:109} INFO - [2022-03-24 03:15:45,142] {dagbag.py:500} INFO - Filling up the DagBag from /home/airflow/.local/lib/python3.7/site-packages/airflow/example_dags/example_external_task_marker_dag.py
[2022-03-24 03:15:45,211] {processor.py:654} INFO - DAG(s) dict_keys(['example_external_task_marker_parent', 'example_external_task_marker_child']) retrieved from /home/airflow/.local/lib/python3.7/site-packages/airflow/example_dags/example_external_task_marker_dag.py
[2022-03-24 03:15:45,230] {logging_mixin.py:109} INFO - [2022-03-24 03:15:45,230] {dag.py:2398} INFO - Sync 2 DAGs
[2022-03-24 03:15:45,259] {logging_mixin.py:109} INFO - [2022-03-24 03:15:45,258] {dag.py:2937} INFO - Setting next_dagrun for example_external_task_marker_child to None
[2022-03-24 03:15:45,261] {logging_mixin.py:109} INFO - [2022-03-24 03:15:45,261] {dag.py:2937} INFO - Setting next_dagrun for example_external_task_marker_parent to None
[2022-03-24 03:15:45,286] {processor.py:171} INFO - Processing /home/airflow/.local/lib/python3.7/site-packages/airflow/example_dags/example_external_task_marker_dag.py took 0.164 seconds
[2022-03-24 03:16:15,676] {processor.py:163} INFO - Started process (PID=2845) to work on /home/airflow/.local/lib/python3.7/site-packages/airflow/example_dags/example_external_task_marker_dag.py
[2022-03-24 03:16:15,678] {processor.py:642} INFO - Processing file /home/airflow/.local/lib/python3.7/site-packages/airflow/example_dags/example_external_task_marker_dag.py for tasks to queue
[2022-03-24 03:16:15,681] {logging_mixin.py:109} INFO - [2022-03-24 03:16:15,681] {dagbag.py:500} INFO - Filling up the DagBag from /home/airflow/.local/lib/python3.7/site-packages/airflow/example_dags/example_external_task_marker_dag.py
[2022-03-24 03:16:15,812] {processor.py:654} INFO - DAG(s) dict_keys(['example_external_task_marker_parent', 'example_external_task_marker_child']) retrieved from /home/airflow/.local/lib/python3.7/site-packages/airflow/example_dags/example_external_task_marker_dag.py
[2022-03-24 03:16:15,892] {logging_mixin.py:109} INFO - [2022-03-24 03:16:15,892] {dag.py:2398} INFO - Sync 2 DAGs
[2022-03-24 03:16:15,943] {logging_mixin.py:109} INFO - [2022-03-24 03:16:15,943] {dag.py:2937} INFO - Setting next_dagrun for example_external_task_marker_child to None
[2022-03-24 03:16:15,946] {logging_mixin.py:109} INFO - [2022-03-24 03:16:15,946] {dag.py:2937} INFO - Setting next_dagrun for example_external_task_marker_parent to None
[2022-03-24 03:16:15,989] {processor.py:171} INFO - Processing /home/airflow/.local/lib/python3.7/site-packages/airflow/example_dags/example_external_task_marker_dag.py took 0.323 seconds
[2022-03-24 03:16:46,181] {processor.py:163} INFO - Started process (PID=2897) to work on /home/airflow/.local/lib/python3.7/site-packages/airflow/example_dags/example_external_task_marker_dag.py
[2022-03-24 03:16:46,183] {processor.py:642} INFO - Processing file /home/airflow/.local/lib/python3.7/site-packages/airflow/example_dags/example_external_task_marker_dag.py for tasks to queue
[2022-03-24 03:16:46,184] {logging_mixin.py:109} INFO - [2022-03-24 03:16:46,184] {dagbag.py:500} INFO - Filling up the DagBag from /home/airflow/.local/lib/python3.7/site-packages/airflow/example_dags/example_external_task_marker_dag.py
[2022-03-24 03:16:46,228] {processor.py:654} INFO - DAG(s) dict_keys(['example_external_task_marker_parent', 'example_external_task_marker_child']) retrieved from /home/airflow/.local/lib/python3.7/site-packages/airflow/example_dags/example_external_task_marker_dag.py
[2022-03-24 03:16:46,251] {logging_mixin.py:109} INFO - [2022-03-24 03:16:46,251] {dag.py:2398} INFO - Sync 2 DAGs
[2022-03-24 03:16:46,280] {logging_mixin.py:109} INFO - [2022-03-24 03:16:46,280] {dag.py:2937} INFO - Setting next_dagrun for example_external_task_marker_child to None
[2022-03-24 03:16:46,281] {logging_mixin.py:109} INFO - [2022-03-24 03:16:46,281] {dag.py:2937} INFO - Setting next_dagrun for example_external_task_marker_parent to None
[2022-03-24 03:16:46,309] {processor.py:171} INFO - Processing /home/airflow/.local/lib/python3.7/site-packages/airflow/example_dags/example_external_task_marker_dag.py took 0.133 seconds
[2022-03-24 03:17:16,525] {processor.py:163} INFO - Started process (PID=2946) to work on /home/airflow/.local/lib/python3.7/site-packages/airflow/example_dags/example_external_task_marker_dag.py
[2022-03-24 03:17:16,527] {processor.py:642} INFO - Processing file /home/airflow/.local/lib/python3.7/site-packages/airflow/example_dags/example_external_task_marker_dag.py for tasks to queue
[2022-03-24 03:17:16,529] {logging_mixin.py:109} INFO - [2022-03-24 03:17:16,528] {dagbag.py:500} INFO - Filling up the DagBag from /home/airflow/.local/lib/python3.7/site-packages/airflow/example_dags/example_external_task_marker_dag.py
[2022-03-24 03:17:16,568] {processor.py:654} INFO - DAG(s) dict_keys(['example_external_task_marker_parent', 'example_external_task_marker_child']) retrieved from /home/airflow/.local/lib/python3.7/site-packages/airflow/example_dags/example_external_task_marker_dag.py
[2022-03-24 03:17:16,593] {logging_mixin.py:109} INFO - [2022-03-24 03:17:16,592] {dag.py:2398} INFO - Sync 2 DAGs
[2022-03-24 03:17:16,623] {logging_mixin.py:109} INFO - [2022-03-24 03:17:16,623] {dag.py:2937} INFO - Setting next_dagrun for example_external_task_marker_child to None
[2022-03-24 03:17:16,625] {logging_mixin.py:109} INFO - [2022-03-24 03:17:16,625] {dag.py:2937} INFO - Setting next_dagrun for example_external_task_marker_parent to None
[2022-03-24 03:17:16,640] {processor.py:171} INFO - Processing /home/airflow/.local/lib/python3.7/site-packages/airflow/example_dags/example_external_task_marker_dag.py took 0.123 seconds
[2022-03-24 03:17:47,310] {processor.py:163} INFO - Started process (PID=2998) to work on /home/airflow/.local/lib/python3.7/site-packages/airflow/example_dags/example_external_task_marker_dag.py
[2022-03-24 03:17:47,317] {processor.py:642} INFO - Processing file /home/airflow/.local/lib/python3.7/site-packages/airflow/example_dags/example_external_task_marker_dag.py for tasks to queue
[2022-03-24 03:17:47,322] {logging_mixin.py:109} INFO - [2022-03-24 03:17:47,321] {dagbag.py:500} INFO - Filling up the DagBag from /home/airflow/.local/lib/python3.7/site-packages/airflow/example_dags/example_external_task_marker_dag.py
[2022-03-24 03:17:47,379] {processor.py:654} INFO - DAG(s) dict_keys(['example_external_task_marker_parent', 'example_external_task_marker_child']) retrieved from /home/airflow/.local/lib/python3.7/site-packages/airflow/example_dags/example_external_task_marker_dag.py
[2022-03-24 03:17:47,417] {logging_mixin.py:109} INFO - [2022-03-24 03:17:47,416] {dag.py:2398} INFO - Sync 2 DAGs
[2022-03-24 03:17:47,481] {logging_mixin.py:109} INFO - [2022-03-24 03:17:47,481] {dag.py:2937} INFO - Setting next_dagrun for example_external_task_marker_child to None
[2022-03-24 03:17:47,484] {logging_mixin.py:109} INFO - [2022-03-24 03:17:47,484] {dag.py:2937} INFO - Setting next_dagrun for example_external_task_marker_parent to None
[2022-03-24 03:17:47,512] {processor.py:171} INFO - Processing /home/airflow/.local/lib/python3.7/site-packages/airflow/example_dags/example_external_task_marker_dag.py took 0.218 seconds
[2022-03-24 03:18:18,226] {processor.py:163} INFO - Started process (PID=3058) to work on /home/airflow/.local/lib/python3.7/site-packages/airflow/example_dags/example_external_task_marker_dag.py
[2022-03-24 03:18:18,229] {processor.py:642} INFO - Processing file /home/airflow/.local/lib/python3.7/site-packages/airflow/example_dags/example_external_task_marker_dag.py for tasks to queue
[2022-03-24 03:18:18,233] {logging_mixin.py:109} INFO - [2022-03-24 03:18:18,233] {dagbag.py:500} INFO - Filling up the DagBag from /home/airflow/.local/lib/python3.7/site-packages/airflow/example_dags/example_external_task_marker_dag.py
[2022-03-24 03:18:18,353] {processor.py:654} INFO - DAG(s) dict_keys(['example_external_task_marker_parent', 'example_external_task_marker_child']) retrieved from /home/airflow/.local/lib/python3.7/site-packages/airflow/example_dags/example_external_task_marker_dag.py
[2022-03-24 03:18:18,401] {logging_mixin.py:109} INFO - [2022-03-24 03:18:18,401] {dag.py:2398} INFO - Sync 2 DAGs
[2022-03-24 03:18:18,455] {logging_mixin.py:109} INFO - [2022-03-24 03:18:18,455] {dag.py:2937} INFO - Setting next_dagrun for example_external_task_marker_child to None
[2022-03-24 03:18:18,457] {logging_mixin.py:109} INFO - [2022-03-24 03:18:18,457] {dag.py:2937} INFO - Setting next_dagrun for example_external_task_marker_parent to None
[2022-03-24 03:18:18,496] {processor.py:171} INFO - Processing /home/airflow/.local/lib/python3.7/site-packages/airflow/example_dags/example_external_task_marker_dag.py took 0.288 seconds
[2022-03-24 03:18:48,559] {processor.py:163} INFO - Started process (PID=3111) to work on /home/airflow/.local/lib/python3.7/site-packages/airflow/example_dags/example_external_task_marker_dag.py
[2022-03-24 03:18:48,564] {processor.py:642} INFO - Processing file /home/airflow/.local/lib/python3.7/site-packages/airflow/example_dags/example_external_task_marker_dag.py for tasks to queue
[2022-03-24 03:18:48,569] {logging_mixin.py:109} INFO - [2022-03-24 03:18:48,569] {dagbag.py:500} INFO - Filling up the DagBag from /home/airflow/.local/lib/python3.7/site-packages/airflow/example_dags/example_external_task_marker_dag.py
[2022-03-24 03:18:48,645] {processor.py:654} INFO - DAG(s) dict_keys(['example_external_task_marker_parent', 'example_external_task_marker_child']) retrieved from /home/airflow/.local/lib/python3.7/site-packages/airflow/example_dags/example_external_task_marker_dag.py
[2022-03-24 03:18:48,683] {logging_mixin.py:109} INFO - [2022-03-24 03:18:48,683] {dag.py:2398} INFO - Sync 2 DAGs
[2022-03-24 03:18:48,720] {logging_mixin.py:109} INFO - [2022-03-24 03:18:48,720] {dag.py:2937} INFO - Setting next_dagrun for example_external_task_marker_child to None
[2022-03-24 03:18:48,723] {logging_mixin.py:109} INFO - [2022-03-24 03:18:48,722] {dag.py:2937} INFO - Setting next_dagrun for example_external_task_marker_parent to None
[2022-03-24 03:18:48,756] {processor.py:171} INFO - Processing /home/airflow/.local/lib/python3.7/site-packages/airflow/example_dags/example_external_task_marker_dag.py took 0.208 seconds
[2022-03-24 03:19:18,921] {processor.py:163} INFO - Started process (PID=3165) to work on /home/airflow/.local/lib/python3.7/site-packages/airflow/example_dags/example_external_task_marker_dag.py
[2022-03-24 03:19:18,933] {processor.py:642} INFO - Processing file /home/airflow/.local/lib/python3.7/site-packages/airflow/example_dags/example_external_task_marker_dag.py for tasks to queue
[2022-03-24 03:19:18,940] {logging_mixin.py:109} INFO - [2022-03-24 03:19:18,939] {dagbag.py:500} INFO - Filling up the DagBag from /home/airflow/.local/lib/python3.7/site-packages/airflow/example_dags/example_external_task_marker_dag.py
[2022-03-24 03:19:19,017] {processor.py:654} INFO - DAG(s) dict_keys(['example_external_task_marker_parent', 'example_external_task_marker_child']) retrieved from /home/airflow/.local/lib/python3.7/site-packages/airflow/example_dags/example_external_task_marker_dag.py
[2022-03-24 03:19:19,047] {logging_mixin.py:109} INFO - [2022-03-24 03:19:19,047] {dag.py:2398} INFO - Sync 2 DAGs
[2022-03-24 03:19:19,077] {logging_mixin.py:109} INFO - [2022-03-24 03:19:19,077] {dag.py:2937} INFO - Setting next_dagrun for example_external_task_marker_child to None
[2022-03-24 03:19:19,078] {logging_mixin.py:109} INFO - [2022-03-24 03:19:19,078] {dag.py:2937} INFO - Setting next_dagrun for example_external_task_marker_parent to None
[2022-03-24 03:19:19,097] {processor.py:171} INFO - Processing /home/airflow/.local/lib/python3.7/site-packages/airflow/example_dags/example_external_task_marker_dag.py took 0.199 seconds
[2022-03-24 03:19:50,025] {processor.py:163} INFO - Started process (PID=3222) to work on /home/airflow/.local/lib/python3.7/site-packages/airflow/example_dags/example_external_task_marker_dag.py
[2022-03-24 03:19:50,030] {processor.py:642} INFO - Processing file /home/airflow/.local/lib/python3.7/site-packages/airflow/example_dags/example_external_task_marker_dag.py for tasks to queue
[2022-03-24 03:19:50,031] {logging_mixin.py:109} INFO - [2022-03-24 03:19:50,031] {dagbag.py:500} INFO - Filling up the DagBag from /home/airflow/.local/lib/python3.7/site-packages/airflow/example_dags/example_external_task_marker_dag.py
[2022-03-24 03:19:50,069] {processor.py:654} INFO - DAG(s) dict_keys(['example_external_task_marker_parent', 'example_external_task_marker_child']) retrieved from /home/airflow/.local/lib/python3.7/site-packages/airflow/example_dags/example_external_task_marker_dag.py
[2022-03-24 03:19:50,085] {logging_mixin.py:109} INFO - [2022-03-24 03:19:50,084] {dag.py:2398} INFO - Sync 2 DAGs
[2022-03-24 03:19:50,100] {logging_mixin.py:109} INFO - [2022-03-24 03:19:50,100] {dag.py:2937} INFO - Setting next_dagrun for example_external_task_marker_child to None
[2022-03-24 03:19:50,101] {logging_mixin.py:109} INFO - [2022-03-24 03:19:50,101] {dag.py:2937} INFO - Setting next_dagrun for example_external_task_marker_parent to None
[2022-03-24 03:19:50,115] {processor.py:171} INFO - Processing /home/airflow/.local/lib/python3.7/site-packages/airflow/example_dags/example_external_task_marker_dag.py took 0.094 seconds
[2022-03-24 03:20:20,337] {processor.py:163} INFO - Started process (PID=3273) to work on /home/airflow/.local/lib/python3.7/site-packages/airflow/example_dags/example_external_task_marker_dag.py
[2022-03-24 03:20:20,362] {processor.py:642} INFO - Processing file /home/airflow/.local/lib/python3.7/site-packages/airflow/example_dags/example_external_task_marker_dag.py for tasks to queue
[2022-03-24 03:20:20,364] {logging_mixin.py:109} INFO - [2022-03-24 03:20:20,364] {dagbag.py:500} INFO - Filling up the DagBag from /home/airflow/.local/lib/python3.7/site-packages/airflow/example_dags/example_external_task_marker_dag.py
[2022-03-24 03:20:20,439] {processor.py:654} INFO - DAG(s) dict_keys(['example_external_task_marker_parent', 'example_external_task_marker_child']) retrieved from /home/airflow/.local/lib/python3.7/site-packages/airflow/example_dags/example_external_task_marker_dag.py
[2022-03-24 03:20:20,471] {logging_mixin.py:109} INFO - [2022-03-24 03:20:20,471] {dag.py:2398} INFO - Sync 2 DAGs
[2022-03-24 03:20:20,487] {logging_mixin.py:109} INFO - [2022-03-24 03:20:20,487] {dag.py:2937} INFO - Setting next_dagrun for example_external_task_marker_child to None
[2022-03-24 03:20:20,488] {logging_mixin.py:109} INFO - [2022-03-24 03:20:20,488] {dag.py:2937} INFO - Setting next_dagrun for example_external_task_marker_parent to None
[2022-03-24 03:20:20,533] {processor.py:171} INFO - Processing /home/airflow/.local/lib/python3.7/site-packages/airflow/example_dags/example_external_task_marker_dag.py took 0.202 seconds
