[2022-03-24 02:47:17,256] {processor.py:163} INFO - Started process (PID=88) to work on /home/airflow/.local/lib/python3.7/site-packages/airflow/example_dags/example_branch_day_of_week_operator.py
[2022-03-24 02:47:17,259] {processor.py:642} INFO - Processing file /home/airflow/.local/lib/python3.7/site-packages/airflow/example_dags/example_branch_day_of_week_operator.py for tasks to queue
[2022-03-24 02:47:17,272] {logging_mixin.py:109} INFO - [2022-03-24 02:47:17,272] {dagbag.py:500} INFO - Filling up the DagBag from /home/airflow/.local/lib/python3.7/site-packages/airflow/example_dags/example_branch_day_of_week_operator.py
[2022-03-24 02:47:17,446] {processor.py:654} INFO - DAG(s) dict_keys(['example_weekday_branch_operator']) retrieved from /home/airflow/.local/lib/python3.7/site-packages/airflow/example_dags/example_branch_day_of_week_operator.py
[2022-03-24 02:47:28,905] {logging_mixin.py:109} INFO - [2022-03-24 02:47:28,905] {manager.py:496} INFO - Created Permission View: can edit on DAG:example_weekday_branch_operator
[2022-03-24 02:47:29,008] {logging_mixin.py:109} INFO - [2022-03-24 02:47:29,007] {manager.py:496} INFO - Created Permission View: can read on DAG:example_weekday_branch_operator
[2022-03-24 02:47:29,010] {logging_mixin.py:109} INFO - [2022-03-24 02:47:29,009] {dag.py:2398} INFO - Sync 1 DAGs
[2022-03-24 02:47:29,053] {logging_mixin.py:109} INFO - [2022-03-24 02:47:29,052] {dag.py:2417} INFO - Creating ORM DAG for example_weekday_branch_operator
[2022-03-24 02:47:29,183] {logging_mixin.py:109} INFO - [2022-03-24 02:47:29,183] {dag.py:2937} INFO - Setting next_dagrun for example_weekday_branch_operator to 2022-03-23 00:00:00+00:00
[2022-03-24 02:47:29,784] {processor.py:171} INFO - Processing /home/airflow/.local/lib/python3.7/site-packages/airflow/example_dags/example_branch_day_of_week_operator.py took 12.588 seconds
[2022-03-24 02:49:30,601] {processor.py:163} INFO - Started process (PID=172) to work on /home/airflow/.local/lib/python3.7/site-packages/airflow/example_dags/example_branch_day_of_week_operator.py
[2022-03-24 02:49:30,621] {processor.py:642} INFO - Processing file /home/airflow/.local/lib/python3.7/site-packages/airflow/example_dags/example_branch_day_of_week_operator.py for tasks to queue
[2022-03-24 02:49:30,642] {logging_mixin.py:109} INFO - [2022-03-24 02:49:30,642] {dagbag.py:500} INFO - Filling up the DagBag from /home/airflow/.local/lib/python3.7/site-packages/airflow/example_dags/example_branch_day_of_week_operator.py
[2022-03-24 02:49:31,472] {processor.py:654} INFO - DAG(s) dict_keys(['example_weekday_branch_operator']) retrieved from /home/airflow/.local/lib/python3.7/site-packages/airflow/example_dags/example_branch_day_of_week_operator.py
[2022-03-24 02:49:31,672] {logging_mixin.py:109} INFO - [2022-03-24 02:49:31,672] {dag.py:2398} INFO - Sync 1 DAGs
[2022-03-24 02:49:32,280] {logging_mixin.py:109} INFO - [2022-03-24 02:49:32,280] {dag.py:2937} INFO - Setting next_dagrun for example_weekday_branch_operator to 2022-03-23 00:00:00+00:00
[2022-03-24 02:49:32,482] {processor.py:171} INFO - Processing /home/airflow/.local/lib/python3.7/site-packages/airflow/example_dags/example_branch_day_of_week_operator.py took 1.921 seconds
[2022-03-24 02:50:43,899] {processor.py:163} INFO - Started process (PID=282) to work on /home/airflow/.local/lib/python3.7/site-packages/airflow/example_dags/example_branch_day_of_week_operator.py
[2022-03-24 02:50:43,904] {processor.py:642} INFO - Processing file /home/airflow/.local/lib/python3.7/site-packages/airflow/example_dags/example_branch_day_of_week_operator.py for tasks to queue
[2022-03-24 02:50:43,906] {logging_mixin.py:109} INFO - [2022-03-24 02:50:43,905] {dagbag.py:500} INFO - Filling up the DagBag from /home/airflow/.local/lib/python3.7/site-packages/airflow/example_dags/example_branch_day_of_week_operator.py
[2022-03-24 02:50:43,958] {processor.py:654} INFO - DAG(s) dict_keys(['example_weekday_branch_operator']) retrieved from /home/airflow/.local/lib/python3.7/site-packages/airflow/example_dags/example_branch_day_of_week_operator.py
[2022-03-24 02:50:43,979] {logging_mixin.py:109} INFO - [2022-03-24 02:50:43,978] {dag.py:2398} INFO - Sync 1 DAGs
[2022-03-24 02:50:44,005] {logging_mixin.py:109} INFO - [2022-03-24 02:50:44,005] {dag.py:2937} INFO - Setting next_dagrun for example_weekday_branch_operator to 2022-03-23 00:00:00+00:00
[2022-03-24 02:50:44,024] {processor.py:171} INFO - Processing /home/airflow/.local/lib/python3.7/site-packages/airflow/example_dags/example_branch_day_of_week_operator.py took 0.128 seconds
[2022-03-24 02:51:14,773] {processor.py:163} INFO - Started process (PID=335) to work on /home/airflow/.local/lib/python3.7/site-packages/airflow/example_dags/example_branch_day_of_week_operator.py
[2022-03-24 02:51:14,781] {processor.py:642} INFO - Processing file /home/airflow/.local/lib/python3.7/site-packages/airflow/example_dags/example_branch_day_of_week_operator.py for tasks to queue
[2022-03-24 02:51:14,784] {logging_mixin.py:109} INFO - [2022-03-24 02:51:14,784] {dagbag.py:500} INFO - Filling up the DagBag from /home/airflow/.local/lib/python3.7/site-packages/airflow/example_dags/example_branch_day_of_week_operator.py
[2022-03-24 02:51:14,939] {processor.py:654} INFO - DAG(s) dict_keys(['example_weekday_branch_operator']) retrieved from /home/airflow/.local/lib/python3.7/site-packages/airflow/example_dags/example_branch_day_of_week_operator.py
[2022-03-24 02:51:15,207] {logging_mixin.py:109} INFO - [2022-03-24 02:51:15,206] {dag.py:2398} INFO - Sync 1 DAGs
[2022-03-24 02:51:15,304] {logging_mixin.py:109} INFO - [2022-03-24 02:51:15,304] {dag.py:2937} INFO - Setting next_dagrun for example_weekday_branch_operator to 2022-03-23 00:00:00+00:00
[2022-03-24 02:51:15,333] {processor.py:171} INFO - Processing /home/airflow/.local/lib/python3.7/site-packages/airflow/example_dags/example_branch_day_of_week_operator.py took 0.568 seconds
[2022-03-24 02:51:46,037] {processor.py:163} INFO - Started process (PID=385) to work on /home/airflow/.local/lib/python3.7/site-packages/airflow/example_dags/example_branch_day_of_week_operator.py
[2022-03-24 02:51:46,046] {processor.py:642} INFO - Processing file /home/airflow/.local/lib/python3.7/site-packages/airflow/example_dags/example_branch_day_of_week_operator.py for tasks to queue
[2022-03-24 02:51:46,048] {logging_mixin.py:109} INFO - [2022-03-24 02:51:46,048] {dagbag.py:500} INFO - Filling up the DagBag from /home/airflow/.local/lib/python3.7/site-packages/airflow/example_dags/example_branch_day_of_week_operator.py
[2022-03-24 02:51:46,143] {processor.py:654} INFO - DAG(s) dict_keys(['example_weekday_branch_operator']) retrieved from /home/airflow/.local/lib/python3.7/site-packages/airflow/example_dags/example_branch_day_of_week_operator.py
[2022-03-24 02:51:46,165] {logging_mixin.py:109} INFO - [2022-03-24 02:51:46,165] {dag.py:2398} INFO - Sync 1 DAGs
[2022-03-24 02:51:46,196] {logging_mixin.py:109} INFO - [2022-03-24 02:51:46,196] {dag.py:2937} INFO - Setting next_dagrun for example_weekday_branch_operator to 2022-03-23 00:00:00+00:00
[2022-03-24 02:51:46,219] {processor.py:171} INFO - Processing /home/airflow/.local/lib/python3.7/site-packages/airflow/example_dags/example_branch_day_of_week_operator.py took 0.187 seconds
[2022-03-24 02:52:16,440] {processor.py:163} INFO - Started process (PID=435) to work on /home/airflow/.local/lib/python3.7/site-packages/airflow/example_dags/example_branch_day_of_week_operator.py
[2022-03-24 02:52:16,443] {processor.py:642} INFO - Processing file /home/airflow/.local/lib/python3.7/site-packages/airflow/example_dags/example_branch_day_of_week_operator.py for tasks to queue
[2022-03-24 02:52:16,446] {logging_mixin.py:109} INFO - [2022-03-24 02:52:16,445] {dagbag.py:500} INFO - Filling up the DagBag from /home/airflow/.local/lib/python3.7/site-packages/airflow/example_dags/example_branch_day_of_week_operator.py
[2022-03-24 02:52:16,493] {processor.py:654} INFO - DAG(s) dict_keys(['example_weekday_branch_operator']) retrieved from /home/airflow/.local/lib/python3.7/site-packages/airflow/example_dags/example_branch_day_of_week_operator.py
[2022-03-24 02:52:16,510] {logging_mixin.py:109} INFO - [2022-03-24 02:52:16,510] {dag.py:2398} INFO - Sync 1 DAGs
[2022-03-24 02:52:16,534] {logging_mixin.py:109} INFO - [2022-03-24 02:52:16,534] {dag.py:2937} INFO - Setting next_dagrun for example_weekday_branch_operator to 2022-03-23 00:00:00+00:00
[2022-03-24 02:52:16,568] {processor.py:171} INFO - Processing /home/airflow/.local/lib/python3.7/site-packages/airflow/example_dags/example_branch_day_of_week_operator.py took 0.133 seconds
[2022-03-24 02:52:47,243] {processor.py:163} INFO - Started process (PID=485) to work on /home/airflow/.local/lib/python3.7/site-packages/airflow/example_dags/example_branch_day_of_week_operator.py
[2022-03-24 02:52:47,260] {processor.py:642} INFO - Processing file /home/airflow/.local/lib/python3.7/site-packages/airflow/example_dags/example_branch_day_of_week_operator.py for tasks to queue
[2022-03-24 02:52:47,267] {logging_mixin.py:109} INFO - [2022-03-24 02:52:47,267] {dagbag.py:500} INFO - Filling up the DagBag from /home/airflow/.local/lib/python3.7/site-packages/airflow/example_dags/example_branch_day_of_week_operator.py
[2022-03-24 02:52:47,363] {processor.py:654} INFO - DAG(s) dict_keys(['example_weekday_branch_operator']) retrieved from /home/airflow/.local/lib/python3.7/site-packages/airflow/example_dags/example_branch_day_of_week_operator.py
[2022-03-24 02:52:47,393] {logging_mixin.py:109} INFO - [2022-03-24 02:52:47,393] {dag.py:2398} INFO - Sync 1 DAGs
[2022-03-24 02:52:47,463] {logging_mixin.py:109} INFO - [2022-03-24 02:52:47,463] {dag.py:2937} INFO - Setting next_dagrun for example_weekday_branch_operator to 2022-03-23 00:00:00+00:00
[2022-03-24 02:52:47,500] {processor.py:171} INFO - Processing /home/airflow/.local/lib/python3.7/site-packages/airflow/example_dags/example_branch_day_of_week_operator.py took 0.269 seconds
[2022-03-24 02:53:17,832] {processor.py:163} INFO - Started process (PID=542) to work on /home/airflow/.local/lib/python3.7/site-packages/airflow/example_dags/example_branch_day_of_week_operator.py
[2022-03-24 02:53:17,839] {processor.py:642} INFO - Processing file /home/airflow/.local/lib/python3.7/site-packages/airflow/example_dags/example_branch_day_of_week_operator.py for tasks to queue
[2022-03-24 02:53:17,841] {logging_mixin.py:109} INFO - [2022-03-24 02:53:17,840] {dagbag.py:500} INFO - Filling up the DagBag from /home/airflow/.local/lib/python3.7/site-packages/airflow/example_dags/example_branch_day_of_week_operator.py
[2022-03-24 02:53:17,995] {processor.py:654} INFO - DAG(s) dict_keys(['example_weekday_branch_operator']) retrieved from /home/airflow/.local/lib/python3.7/site-packages/airflow/example_dags/example_branch_day_of_week_operator.py
[2022-03-24 02:53:18,048] {logging_mixin.py:109} INFO - [2022-03-24 02:53:18,048] {dag.py:2398} INFO - Sync 1 DAGs
[2022-03-24 02:53:18,133] {logging_mixin.py:109} INFO - [2022-03-24 02:53:18,133] {dag.py:2937} INFO - Setting next_dagrun for example_weekday_branch_operator to 2022-03-23 00:00:00+00:00
[2022-03-24 02:53:18,180] {processor.py:171} INFO - Processing /home/airflow/.local/lib/python3.7/site-packages/airflow/example_dags/example_branch_day_of_week_operator.py took 0.386 seconds
[2022-03-24 02:53:48,403] {processor.py:163} INFO - Started process (PID=593) to work on /home/airflow/.local/lib/python3.7/site-packages/airflow/example_dags/example_branch_day_of_week_operator.py
[2022-03-24 02:53:48,407] {processor.py:642} INFO - Processing file /home/airflow/.local/lib/python3.7/site-packages/airflow/example_dags/example_branch_day_of_week_operator.py for tasks to queue
[2022-03-24 02:53:48,410] {logging_mixin.py:109} INFO - [2022-03-24 02:53:48,409] {dagbag.py:500} INFO - Filling up the DagBag from /home/airflow/.local/lib/python3.7/site-packages/airflow/example_dags/example_branch_day_of_week_operator.py
[2022-03-24 02:53:48,476] {processor.py:654} INFO - DAG(s) dict_keys(['example_weekday_branch_operator']) retrieved from /home/airflow/.local/lib/python3.7/site-packages/airflow/example_dags/example_branch_day_of_week_operator.py
[2022-03-24 02:53:48,506] {logging_mixin.py:109} INFO - [2022-03-24 02:53:48,506] {dag.py:2398} INFO - Sync 1 DAGs
[2022-03-24 02:53:48,533] {logging_mixin.py:109} INFO - [2022-03-24 02:53:48,532] {dag.py:2937} INFO - Setting next_dagrun for example_weekday_branch_operator to 2022-03-23 00:00:00+00:00
[2022-03-24 02:53:48,554] {processor.py:171} INFO - Processing /home/airflow/.local/lib/python3.7/site-packages/airflow/example_dags/example_branch_day_of_week_operator.py took 0.159 seconds
[2022-03-24 02:54:18,933] {processor.py:163} INFO - Started process (PID=644) to work on /home/airflow/.local/lib/python3.7/site-packages/airflow/example_dags/example_branch_day_of_week_operator.py
[2022-03-24 02:54:18,941] {processor.py:642} INFO - Processing file /home/airflow/.local/lib/python3.7/site-packages/airflow/example_dags/example_branch_day_of_week_operator.py for tasks to queue
[2022-03-24 02:54:18,947] {logging_mixin.py:109} INFO - [2022-03-24 02:54:18,946] {dagbag.py:500} INFO - Filling up the DagBag from /home/airflow/.local/lib/python3.7/site-packages/airflow/example_dags/example_branch_day_of_week_operator.py
[2022-03-24 02:54:19,033] {processor.py:654} INFO - DAG(s) dict_keys(['example_weekday_branch_operator']) retrieved from /home/airflow/.local/lib/python3.7/site-packages/airflow/example_dags/example_branch_day_of_week_operator.py
[2022-03-24 02:54:19,051] {logging_mixin.py:109} INFO - [2022-03-24 02:54:19,051] {dag.py:2398} INFO - Sync 1 DAGs
[2022-03-24 02:54:19,101] {logging_mixin.py:109} INFO - [2022-03-24 02:54:19,101] {dag.py:2937} INFO - Setting next_dagrun for example_weekday_branch_operator to 2022-03-23 00:00:00+00:00
[2022-03-24 02:54:19,133] {processor.py:171} INFO - Processing /home/airflow/.local/lib/python3.7/site-packages/airflow/example_dags/example_branch_day_of_week_operator.py took 0.211 seconds
[2022-03-24 02:54:49,990] {processor.py:163} INFO - Started process (PID=684) to work on /home/airflow/.local/lib/python3.7/site-packages/airflow/example_dags/example_branch_day_of_week_operator.py
[2022-03-24 02:54:49,999] {processor.py:642} INFO - Processing file /home/airflow/.local/lib/python3.7/site-packages/airflow/example_dags/example_branch_day_of_week_operator.py for tasks to queue
[2022-03-24 02:54:50,002] {logging_mixin.py:109} INFO - [2022-03-24 02:54:50,002] {dagbag.py:500} INFO - Filling up the DagBag from /home/airflow/.local/lib/python3.7/site-packages/airflow/example_dags/example_branch_day_of_week_operator.py
[2022-03-24 02:54:50,206] {processor.py:654} INFO - DAG(s) dict_keys(['example_weekday_branch_operator']) retrieved from /home/airflow/.local/lib/python3.7/site-packages/airflow/example_dags/example_branch_day_of_week_operator.py
[2022-03-24 02:54:50,281] {logging_mixin.py:109} INFO - [2022-03-24 02:54:50,281] {dag.py:2398} INFO - Sync 1 DAGs
[2022-03-24 02:54:50,394] {logging_mixin.py:109} INFO - [2022-03-24 02:54:50,394] {dag.py:2937} INFO - Setting next_dagrun for example_weekday_branch_operator to 2022-03-23 00:00:00+00:00
[2022-03-24 02:54:50,478] {processor.py:171} INFO - Processing /home/airflow/.local/lib/python3.7/site-packages/airflow/example_dags/example_branch_day_of_week_operator.py took 0.508 seconds
[2022-03-24 02:55:21,524] {processor.py:163} INFO - Started process (PID=742) to work on /home/airflow/.local/lib/python3.7/site-packages/airflow/example_dags/example_branch_day_of_week_operator.py
[2022-03-24 02:55:21,531] {processor.py:642} INFO - Processing file /home/airflow/.local/lib/python3.7/site-packages/airflow/example_dags/example_branch_day_of_week_operator.py for tasks to queue
[2022-03-24 02:55:21,537] {logging_mixin.py:109} INFO - [2022-03-24 02:55:21,536] {dagbag.py:500} INFO - Filling up the DagBag from /home/airflow/.local/lib/python3.7/site-packages/airflow/example_dags/example_branch_day_of_week_operator.py
[2022-03-24 02:55:21,662] {processor.py:654} INFO - DAG(s) dict_keys(['example_weekday_branch_operator']) retrieved from /home/airflow/.local/lib/python3.7/site-packages/airflow/example_dags/example_branch_day_of_week_operator.py
[2022-03-24 02:55:21,705] {logging_mixin.py:109} INFO - [2022-03-24 02:55:21,705] {dag.py:2398} INFO - Sync 1 DAGs
[2022-03-24 02:55:21,763] {logging_mixin.py:109} INFO - [2022-03-24 02:55:21,763] {dag.py:2937} INFO - Setting next_dagrun for example_weekday_branch_operator to 2022-03-23 00:00:00+00:00
[2022-03-24 02:55:21,800] {processor.py:171} INFO - Processing /home/airflow/.local/lib/python3.7/site-packages/airflow/example_dags/example_branch_day_of_week_operator.py took 0.295 seconds
[2022-03-24 02:55:52,116] {processor.py:163} INFO - Started process (PID=782) to work on /home/airflow/.local/lib/python3.7/site-packages/airflow/example_dags/example_branch_day_of_week_operator.py
[2022-03-24 02:55:52,126] {processor.py:642} INFO - Processing file /home/airflow/.local/lib/python3.7/site-packages/airflow/example_dags/example_branch_day_of_week_operator.py for tasks to queue
[2022-03-24 02:55:52,131] {logging_mixin.py:109} INFO - [2022-03-24 02:55:52,130] {dagbag.py:500} INFO - Filling up the DagBag from /home/airflow/.local/lib/python3.7/site-packages/airflow/example_dags/example_branch_day_of_week_operator.py
[2022-03-24 02:55:52,288] {processor.py:654} INFO - DAG(s) dict_keys(['example_weekday_branch_operator']) retrieved from /home/airflow/.local/lib/python3.7/site-packages/airflow/example_dags/example_branch_day_of_week_operator.py
[2022-03-24 02:55:52,311] {logging_mixin.py:109} INFO - [2022-03-24 02:55:52,310] {dag.py:2398} INFO - Sync 1 DAGs
[2022-03-24 02:55:52,351] {logging_mixin.py:109} INFO - [2022-03-24 02:55:52,351] {dag.py:2937} INFO - Setting next_dagrun for example_weekday_branch_operator to 2022-03-23 00:00:00+00:00
[2022-03-24 02:55:52,394] {processor.py:171} INFO - Processing /home/airflow/.local/lib/python3.7/site-packages/airflow/example_dags/example_branch_day_of_week_operator.py took 0.287 seconds
[2022-03-24 02:56:29,653] {processor.py:163} INFO - Started process (PID=844) to work on /home/airflow/.local/lib/python3.7/site-packages/airflow/example_dags/example_branch_day_of_week_operator.py
[2022-03-24 02:56:29,737] {processor.py:642} INFO - Processing file /home/airflow/.local/lib/python3.7/site-packages/airflow/example_dags/example_branch_day_of_week_operator.py for tasks to queue
[2022-03-24 02:56:29,741] {logging_mixin.py:109} INFO - [2022-03-24 02:56:29,741] {dagbag.py:500} INFO - Filling up the DagBag from /home/airflow/.local/lib/python3.7/site-packages/airflow/example_dags/example_branch_day_of_week_operator.py
[2022-03-24 02:56:29,816] {processor.py:654} INFO - DAG(s) dict_keys(['example_weekday_branch_operator']) retrieved from /home/airflow/.local/lib/python3.7/site-packages/airflow/example_dags/example_branch_day_of_week_operator.py
[2022-03-24 02:56:29,854] {logging_mixin.py:109} INFO - [2022-03-24 02:56:29,853] {dag.py:2398} INFO - Sync 1 DAGs
[2022-03-24 02:56:29,891] {logging_mixin.py:109} INFO - [2022-03-24 02:56:29,891] {dag.py:2937} INFO - Setting next_dagrun for example_weekday_branch_operator to 2022-03-23 00:00:00+00:00
[2022-03-24 02:56:29,922] {processor.py:171} INFO - Processing /home/airflow/.local/lib/python3.7/site-packages/airflow/example_dags/example_branch_day_of_week_operator.py took 0.273 seconds
[2022-03-24 02:57:00,187] {processor.py:163} INFO - Started process (PID=893) to work on /home/airflow/.local/lib/python3.7/site-packages/airflow/example_dags/example_branch_day_of_week_operator.py
[2022-03-24 02:57:01,224] {processor.py:642} INFO - Processing file /home/airflow/.local/lib/python3.7/site-packages/airflow/example_dags/example_branch_day_of_week_operator.py for tasks to queue
[2022-03-24 02:57:01,233] {logging_mixin.py:109} INFO - [2022-03-24 02:57:01,232] {dagbag.py:500} INFO - Filling up the DagBag from /home/airflow/.local/lib/python3.7/site-packages/airflow/example_dags/example_branch_day_of_week_operator.py
[2022-03-24 02:57:01,301] {processor.py:654} INFO - DAG(s) dict_keys(['example_weekday_branch_operator']) retrieved from /home/airflow/.local/lib/python3.7/site-packages/airflow/example_dags/example_branch_day_of_week_operator.py
[2022-03-24 02:57:01,623] {logging_mixin.py:109} INFO - [2022-03-24 02:57:01,623] {dag.py:2398} INFO - Sync 1 DAGs
[2022-03-24 02:57:01,738] {logging_mixin.py:109} INFO - [2022-03-24 02:57:01,737] {dag.py:2937} INFO - Setting next_dagrun for example_weekday_branch_operator to 2022-03-23 00:00:00+00:00
[2022-03-24 02:57:03,742] {processor.py:171} INFO - Processing /home/airflow/.local/lib/python3.7/site-packages/airflow/example_dags/example_branch_day_of_week_operator.py took 3.561 seconds
[2022-03-24 02:57:34,445] {processor.py:163} INFO - Started process (PID=942) to work on /home/airflow/.local/lib/python3.7/site-packages/airflow/example_dags/example_branch_day_of_week_operator.py
[2022-03-24 02:57:34,449] {processor.py:642} INFO - Processing file /home/airflow/.local/lib/python3.7/site-packages/airflow/example_dags/example_branch_day_of_week_operator.py for tasks to queue
[2022-03-24 02:57:34,452] {logging_mixin.py:109} INFO - [2022-03-24 02:57:34,452] {dagbag.py:500} INFO - Filling up the DagBag from /home/airflow/.local/lib/python3.7/site-packages/airflow/example_dags/example_branch_day_of_week_operator.py
[2022-03-24 02:57:34,513] {processor.py:654} INFO - DAG(s) dict_keys(['example_weekday_branch_operator']) retrieved from /home/airflow/.local/lib/python3.7/site-packages/airflow/example_dags/example_branch_day_of_week_operator.py
[2022-03-24 02:57:34,525] {logging_mixin.py:109} INFO - [2022-03-24 02:57:34,525] {dag.py:2398} INFO - Sync 1 DAGs
[2022-03-24 02:57:34,546] {logging_mixin.py:109} INFO - [2022-03-24 02:57:34,546] {dag.py:2937} INFO - Setting next_dagrun for example_weekday_branch_operator to 2022-03-23 00:00:00+00:00
[2022-03-24 02:57:34,566] {processor.py:171} INFO - Processing /home/airflow/.local/lib/python3.7/site-packages/airflow/example_dags/example_branch_day_of_week_operator.py took 0.127 seconds
[2022-03-24 02:58:04,930] {processor.py:163} INFO - Started process (PID=994) to work on /home/airflow/.local/lib/python3.7/site-packages/airflow/example_dags/example_branch_day_of_week_operator.py
[2022-03-24 02:58:05,238] {processor.py:642} INFO - Processing file /home/airflow/.local/lib/python3.7/site-packages/airflow/example_dags/example_branch_day_of_week_operator.py for tasks to queue
[2022-03-24 02:58:05,248] {logging_mixin.py:109} INFO - [2022-03-24 02:58:05,248] {dagbag.py:500} INFO - Filling up the DagBag from /home/airflow/.local/lib/python3.7/site-packages/airflow/example_dags/example_branch_day_of_week_operator.py
[2022-03-24 02:58:05,529] {processor.py:654} INFO - DAG(s) dict_keys(['example_weekday_branch_operator']) retrieved from /home/airflow/.local/lib/python3.7/site-packages/airflow/example_dags/example_branch_day_of_week_operator.py
[2022-03-24 02:58:05,619] {logging_mixin.py:109} INFO - [2022-03-24 02:58:05,619] {dag.py:2398} INFO - Sync 1 DAGs
[2022-03-24 02:58:05,683] {logging_mixin.py:109} INFO - [2022-03-24 02:58:05,683] {dag.py:2937} INFO - Setting next_dagrun for example_weekday_branch_operator to 2022-03-23 00:00:00+00:00
[2022-03-24 02:58:05,707] {processor.py:171} INFO - Processing /home/airflow/.local/lib/python3.7/site-packages/airflow/example_dags/example_branch_day_of_week_operator.py took 0.790 seconds
[2022-03-24 02:58:36,603] {processor.py:163} INFO - Started process (PID=1046) to work on /home/airflow/.local/lib/python3.7/site-packages/airflow/example_dags/example_branch_day_of_week_operator.py
[2022-03-24 02:58:36,605] {processor.py:642} INFO - Processing file /home/airflow/.local/lib/python3.7/site-packages/airflow/example_dags/example_branch_day_of_week_operator.py for tasks to queue
[2022-03-24 02:58:36,607] {logging_mixin.py:109} INFO - [2022-03-24 02:58:36,607] {dagbag.py:500} INFO - Filling up the DagBag from /home/airflow/.local/lib/python3.7/site-packages/airflow/example_dags/example_branch_day_of_week_operator.py
[2022-03-24 02:58:36,676] {processor.py:654} INFO - DAG(s) dict_keys(['example_weekday_branch_operator']) retrieved from /home/airflow/.local/lib/python3.7/site-packages/airflow/example_dags/example_branch_day_of_week_operator.py
[2022-03-24 02:58:36,696] {logging_mixin.py:109} INFO - [2022-03-24 02:58:36,696] {dag.py:2398} INFO - Sync 1 DAGs
[2022-03-24 02:58:36,731] {logging_mixin.py:109} INFO - [2022-03-24 02:58:36,731] {dag.py:2937} INFO - Setting next_dagrun for example_weekday_branch_operator to 2022-03-23 00:00:00+00:00
[2022-03-24 02:58:36,746] {processor.py:171} INFO - Processing /home/airflow/.local/lib/python3.7/site-packages/airflow/example_dags/example_branch_day_of_week_operator.py took 0.148 seconds
[2022-03-24 02:59:07,131] {processor.py:163} INFO - Started process (PID=1107) to work on /home/airflow/.local/lib/python3.7/site-packages/airflow/example_dags/example_branch_day_of_week_operator.py
[2022-03-24 02:59:07,139] {processor.py:642} INFO - Processing file /home/airflow/.local/lib/python3.7/site-packages/airflow/example_dags/example_branch_day_of_week_operator.py for tasks to queue
[2022-03-24 02:59:07,143] {logging_mixin.py:109} INFO - [2022-03-24 02:59:07,143] {dagbag.py:500} INFO - Filling up the DagBag from /home/airflow/.local/lib/python3.7/site-packages/airflow/example_dags/example_branch_day_of_week_operator.py
[2022-03-24 02:59:07,291] {processor.py:654} INFO - DAG(s) dict_keys(['example_weekday_branch_operator']) retrieved from /home/airflow/.local/lib/python3.7/site-packages/airflow/example_dags/example_branch_day_of_week_operator.py
[2022-03-24 02:59:07,483] {logging_mixin.py:109} INFO - [2022-03-24 02:59:07,483] {dag.py:2398} INFO - Sync 1 DAGs
[2022-03-24 02:59:07,541] {logging_mixin.py:109} INFO - [2022-03-24 02:59:07,540] {dag.py:2937} INFO - Setting next_dagrun for example_weekday_branch_operator to 2022-03-23 00:00:00+00:00
[2022-03-24 02:59:07,591] {processor.py:171} INFO - Processing /home/airflow/.local/lib/python3.7/site-packages/airflow/example_dags/example_branch_day_of_week_operator.py took 0.478 seconds
[2022-03-24 02:59:38,509] {processor.py:163} INFO - Started process (PID=1160) to work on /home/airflow/.local/lib/python3.7/site-packages/airflow/example_dags/example_branch_day_of_week_operator.py
[2022-03-24 02:59:38,515] {processor.py:642} INFO - Processing file /home/airflow/.local/lib/python3.7/site-packages/airflow/example_dags/example_branch_day_of_week_operator.py for tasks to queue
[2022-03-24 02:59:38,520] {logging_mixin.py:109} INFO - [2022-03-24 02:59:38,520] {dagbag.py:500} INFO - Filling up the DagBag from /home/airflow/.local/lib/python3.7/site-packages/airflow/example_dags/example_branch_day_of_week_operator.py
[2022-03-24 02:59:38,622] {processor.py:654} INFO - DAG(s) dict_keys(['example_weekday_branch_operator']) retrieved from /home/airflow/.local/lib/python3.7/site-packages/airflow/example_dags/example_branch_day_of_week_operator.py
[2022-03-24 02:59:38,656] {logging_mixin.py:109} INFO - [2022-03-24 02:59:38,656] {dag.py:2398} INFO - Sync 1 DAGs
[2022-03-24 02:59:38,719] {logging_mixin.py:109} INFO - [2022-03-24 02:59:38,719] {dag.py:2937} INFO - Setting next_dagrun for example_weekday_branch_operator to 2022-03-23 00:00:00+00:00
[2022-03-24 02:59:38,805] {processor.py:171} INFO - Processing /home/airflow/.local/lib/python3.7/site-packages/airflow/example_dags/example_branch_day_of_week_operator.py took 0.331 seconds
[2022-03-24 03:00:09,499] {processor.py:163} INFO - Started process (PID=1210) to work on /home/airflow/.local/lib/python3.7/site-packages/airflow/example_dags/example_branch_day_of_week_operator.py
[2022-03-24 03:00:09,504] {processor.py:642} INFO - Processing file /home/airflow/.local/lib/python3.7/site-packages/airflow/example_dags/example_branch_day_of_week_operator.py for tasks to queue
[2022-03-24 03:00:09,514] {logging_mixin.py:109} INFO - [2022-03-24 03:00:09,513] {dagbag.py:500} INFO - Filling up the DagBag from /home/airflow/.local/lib/python3.7/site-packages/airflow/example_dags/example_branch_day_of_week_operator.py
[2022-03-24 03:00:09,752] {processor.py:654} INFO - DAG(s) dict_keys(['example_weekday_branch_operator']) retrieved from /home/airflow/.local/lib/python3.7/site-packages/airflow/example_dags/example_branch_day_of_week_operator.py
[2022-03-24 03:00:09,822] {logging_mixin.py:109} INFO - [2022-03-24 03:00:09,822] {dag.py:2398} INFO - Sync 1 DAGs
[2022-03-24 03:00:09,921] {logging_mixin.py:109} INFO - [2022-03-24 03:00:09,921] {dag.py:2937} INFO - Setting next_dagrun for example_weekday_branch_operator to 2022-03-23 00:00:00+00:00
[2022-03-24 03:00:10,008] {processor.py:171} INFO - Processing /home/airflow/.local/lib/python3.7/site-packages/airflow/example_dags/example_branch_day_of_week_operator.py took 0.524 seconds
[2022-03-24 03:00:40,166] {processor.py:163} INFO - Started process (PID=1252) to work on /home/airflow/.local/lib/python3.7/site-packages/airflow/example_dags/example_branch_day_of_week_operator.py
[2022-03-24 03:00:40,184] {processor.py:642} INFO - Processing file /home/airflow/.local/lib/python3.7/site-packages/airflow/example_dags/example_branch_day_of_week_operator.py for tasks to queue
[2022-03-24 03:00:40,186] {logging_mixin.py:109} INFO - [2022-03-24 03:00:40,186] {dagbag.py:500} INFO - Filling up the DagBag from /home/airflow/.local/lib/python3.7/site-packages/airflow/example_dags/example_branch_day_of_week_operator.py
[2022-03-24 03:00:40,341] {processor.py:654} INFO - DAG(s) dict_keys(['example_weekday_branch_operator']) retrieved from /home/airflow/.local/lib/python3.7/site-packages/airflow/example_dags/example_branch_day_of_week_operator.py
[2022-03-24 03:00:40,392] {logging_mixin.py:109} INFO - [2022-03-24 03:00:40,392] {dag.py:2398} INFO - Sync 1 DAGs
[2022-03-24 03:00:40,560] {logging_mixin.py:109} INFO - [2022-03-24 03:00:40,560] {dag.py:2937} INFO - Setting next_dagrun for example_weekday_branch_operator to 2022-03-23 00:00:00+00:00
[2022-03-24 03:00:40,607] {processor.py:171} INFO - Processing /home/airflow/.local/lib/python3.7/site-packages/airflow/example_dags/example_branch_day_of_week_operator.py took 0.454 seconds
[2022-03-24 03:01:11,406] {processor.py:163} INFO - Started process (PID=1308) to work on /home/airflow/.local/lib/python3.7/site-packages/airflow/example_dags/example_branch_day_of_week_operator.py
[2022-03-24 03:01:11,414] {processor.py:642} INFO - Processing file /home/airflow/.local/lib/python3.7/site-packages/airflow/example_dags/example_branch_day_of_week_operator.py for tasks to queue
[2022-03-24 03:01:11,429] {logging_mixin.py:109} INFO - [2022-03-24 03:01:11,429] {dagbag.py:500} INFO - Filling up the DagBag from /home/airflow/.local/lib/python3.7/site-packages/airflow/example_dags/example_branch_day_of_week_operator.py
[2022-03-24 03:01:11,754] {processor.py:654} INFO - DAG(s) dict_keys(['example_weekday_branch_operator']) retrieved from /home/airflow/.local/lib/python3.7/site-packages/airflow/example_dags/example_branch_day_of_week_operator.py
[2022-03-24 03:01:11,848] {logging_mixin.py:109} INFO - [2022-03-24 03:01:11,848] {dag.py:2398} INFO - Sync 1 DAGs
[2022-03-24 03:01:11,913] {logging_mixin.py:109} INFO - [2022-03-24 03:01:11,912] {dag.py:2937} INFO - Setting next_dagrun for example_weekday_branch_operator to 2022-03-23 00:00:00+00:00
[2022-03-24 03:01:11,955] {processor.py:171} INFO - Processing /home/airflow/.local/lib/python3.7/site-packages/airflow/example_dags/example_branch_day_of_week_operator.py took 0.599 seconds
[2022-03-24 03:01:44,174] {processor.py:163} INFO - Started process (PID=1352) to work on /home/airflow/.local/lib/python3.7/site-packages/airflow/example_dags/example_branch_day_of_week_operator.py
[2022-03-24 03:01:44,181] {processor.py:642} INFO - Processing file /home/airflow/.local/lib/python3.7/site-packages/airflow/example_dags/example_branch_day_of_week_operator.py for tasks to queue
[2022-03-24 03:01:44,186] {logging_mixin.py:109} INFO - [2022-03-24 03:01:44,185] {dagbag.py:500} INFO - Filling up the DagBag from /home/airflow/.local/lib/python3.7/site-packages/airflow/example_dags/example_branch_day_of_week_operator.py
[2022-03-24 03:01:44,268] {processor.py:654} INFO - DAG(s) dict_keys(['example_weekday_branch_operator']) retrieved from /home/airflow/.local/lib/python3.7/site-packages/airflow/example_dags/example_branch_day_of_week_operator.py
[2022-03-24 03:01:44,309] {logging_mixin.py:109} INFO - [2022-03-24 03:01:44,309] {dag.py:2398} INFO - Sync 1 DAGs
[2022-03-24 03:01:44,374] {logging_mixin.py:109} INFO - [2022-03-24 03:01:44,374] {dag.py:2937} INFO - Setting next_dagrun for example_weekday_branch_operator to 2022-03-23 00:00:00+00:00
[2022-03-24 03:01:44,420] {processor.py:171} INFO - Processing /home/airflow/.local/lib/python3.7/site-packages/airflow/example_dags/example_branch_day_of_week_operator.py took 0.252 seconds
[2022-03-24 03:02:14,510] {processor.py:163} INFO - Started process (PID=1410) to work on /home/airflow/.local/lib/python3.7/site-packages/airflow/example_dags/example_branch_day_of_week_operator.py
[2022-03-24 03:02:14,531] {processor.py:642} INFO - Processing file /home/airflow/.local/lib/python3.7/site-packages/airflow/example_dags/example_branch_day_of_week_operator.py for tasks to queue
[2022-03-24 03:02:14,536] {logging_mixin.py:109} INFO - [2022-03-24 03:02:14,535] {dagbag.py:500} INFO - Filling up the DagBag from /home/airflow/.local/lib/python3.7/site-packages/airflow/example_dags/example_branch_day_of_week_operator.py
[2022-03-24 03:02:14,630] {processor.py:654} INFO - DAG(s) dict_keys(['example_weekday_branch_operator']) retrieved from /home/airflow/.local/lib/python3.7/site-packages/airflow/example_dags/example_branch_day_of_week_operator.py
[2022-03-24 03:02:14,644] {logging_mixin.py:109} INFO - [2022-03-24 03:02:14,643] {dag.py:2398} INFO - Sync 1 DAGs
[2022-03-24 03:02:14,677] {logging_mixin.py:109} INFO - [2022-03-24 03:02:14,677] {dag.py:2937} INFO - Setting next_dagrun for example_weekday_branch_operator to 2022-03-23 00:00:00+00:00
[2022-03-24 03:02:14,693] {processor.py:171} INFO - Processing /home/airflow/.local/lib/python3.7/site-packages/airflow/example_dags/example_branch_day_of_week_operator.py took 0.189 seconds
[2022-03-24 03:02:44,854] {processor.py:163} INFO - Started process (PID=1464) to work on /home/airflow/.local/lib/python3.7/site-packages/airflow/example_dags/example_branch_day_of_week_operator.py
[2022-03-24 03:02:44,859] {processor.py:642} INFO - Processing file /home/airflow/.local/lib/python3.7/site-packages/airflow/example_dags/example_branch_day_of_week_operator.py for tasks to queue
[2022-03-24 03:02:44,872] {logging_mixin.py:109} INFO - [2022-03-24 03:02:44,872] {dagbag.py:500} INFO - Filling up the DagBag from /home/airflow/.local/lib/python3.7/site-packages/airflow/example_dags/example_branch_day_of_week_operator.py
[2022-03-24 03:02:44,963] {processor.py:654} INFO - DAG(s) dict_keys(['example_weekday_branch_operator']) retrieved from /home/airflow/.local/lib/python3.7/site-packages/airflow/example_dags/example_branch_day_of_week_operator.py
[2022-03-24 03:02:44,975] {logging_mixin.py:109} INFO - [2022-03-24 03:02:44,975] {dag.py:2398} INFO - Sync 1 DAGs
[2022-03-24 03:02:44,994] {logging_mixin.py:109} INFO - [2022-03-24 03:02:44,994] {dag.py:2937} INFO - Setting next_dagrun for example_weekday_branch_operator to 2022-03-23 00:00:00+00:00
[2022-03-24 03:02:45,008] {processor.py:171} INFO - Processing /home/airflow/.local/lib/python3.7/site-packages/airflow/example_dags/example_branch_day_of_week_operator.py took 0.161 seconds
[2022-03-24 03:03:15,395] {processor.py:163} INFO - Started process (PID=1512) to work on /home/airflow/.local/lib/python3.7/site-packages/airflow/example_dags/example_branch_day_of_week_operator.py
[2022-03-24 03:03:15,399] {processor.py:642} INFO - Processing file /home/airflow/.local/lib/python3.7/site-packages/airflow/example_dags/example_branch_day_of_week_operator.py for tasks to queue
[2022-03-24 03:03:15,402] {logging_mixin.py:109} INFO - [2022-03-24 03:03:15,402] {dagbag.py:500} INFO - Filling up the DagBag from /home/airflow/.local/lib/python3.7/site-packages/airflow/example_dags/example_branch_day_of_week_operator.py
[2022-03-24 03:03:15,459] {processor.py:654} INFO - DAG(s) dict_keys(['example_weekday_branch_operator']) retrieved from /home/airflow/.local/lib/python3.7/site-packages/airflow/example_dags/example_branch_day_of_week_operator.py
[2022-03-24 03:03:15,477] {logging_mixin.py:109} INFO - [2022-03-24 03:03:15,477] {dag.py:2398} INFO - Sync 1 DAGs
[2022-03-24 03:03:15,512] {logging_mixin.py:109} INFO - [2022-03-24 03:03:15,511] {dag.py:2937} INFO - Setting next_dagrun for example_weekday_branch_operator to 2022-03-23 00:00:00+00:00
[2022-03-24 03:03:15,533] {processor.py:171} INFO - Processing /home/airflow/.local/lib/python3.7/site-packages/airflow/example_dags/example_branch_day_of_week_operator.py took 0.145 seconds
[2022-03-24 03:03:45,827] {processor.py:163} INFO - Started process (PID=1565) to work on /home/airflow/.local/lib/python3.7/site-packages/airflow/example_dags/example_branch_day_of_week_operator.py
[2022-03-24 03:03:45,830] {processor.py:642} INFO - Processing file /home/airflow/.local/lib/python3.7/site-packages/airflow/example_dags/example_branch_day_of_week_operator.py for tasks to queue
[2022-03-24 03:03:45,832] {logging_mixin.py:109} INFO - [2022-03-24 03:03:45,832] {dagbag.py:500} INFO - Filling up the DagBag from /home/airflow/.local/lib/python3.7/site-packages/airflow/example_dags/example_branch_day_of_week_operator.py
[2022-03-24 03:03:45,974] {processor.py:654} INFO - DAG(s) dict_keys(['example_weekday_branch_operator']) retrieved from /home/airflow/.local/lib/python3.7/site-packages/airflow/example_dags/example_branch_day_of_week_operator.py
[2022-03-24 03:03:45,989] {logging_mixin.py:109} INFO - [2022-03-24 03:03:45,989] {dag.py:2398} INFO - Sync 1 DAGs
[2022-03-24 03:03:46,030] {logging_mixin.py:109} INFO - [2022-03-24 03:03:46,030] {dag.py:2937} INFO - Setting next_dagrun for example_weekday_branch_operator to 2022-03-23 00:00:00+00:00
[2022-03-24 03:03:46,054] {processor.py:171} INFO - Processing /home/airflow/.local/lib/python3.7/site-packages/airflow/example_dags/example_branch_day_of_week_operator.py took 0.231 seconds
[2022-03-24 03:04:16,294] {processor.py:163} INFO - Started process (PID=1626) to work on /home/airflow/.local/lib/python3.7/site-packages/airflow/example_dags/example_branch_day_of_week_operator.py
[2022-03-24 03:04:16,301] {processor.py:642} INFO - Processing file /home/airflow/.local/lib/python3.7/site-packages/airflow/example_dags/example_branch_day_of_week_operator.py for tasks to queue
[2022-03-24 03:04:16,371] {logging_mixin.py:109} INFO - [2022-03-24 03:04:16,371] {dagbag.py:500} INFO - Filling up the DagBag from /home/airflow/.local/lib/python3.7/site-packages/airflow/example_dags/example_branch_day_of_week_operator.py
[2022-03-24 03:04:16,534] {processor.py:654} INFO - DAG(s) dict_keys(['example_weekday_branch_operator']) retrieved from /home/airflow/.local/lib/python3.7/site-packages/airflow/example_dags/example_branch_day_of_week_operator.py
[2022-03-24 03:04:16,559] {logging_mixin.py:109} INFO - [2022-03-24 03:04:16,559] {dag.py:2398} INFO - Sync 1 DAGs
[2022-03-24 03:04:16,601] {logging_mixin.py:109} INFO - [2022-03-24 03:04:16,601] {dag.py:2937} INFO - Setting next_dagrun for example_weekday_branch_operator to 2022-03-23 00:00:00+00:00
[2022-03-24 03:04:16,617] {processor.py:171} INFO - Processing /home/airflow/.local/lib/python3.7/site-packages/airflow/example_dags/example_branch_day_of_week_operator.py took 0.334 seconds
[2022-03-24 03:04:46,719] {processor.py:163} INFO - Started process (PID=1677) to work on /home/airflow/.local/lib/python3.7/site-packages/airflow/example_dags/example_branch_day_of_week_operator.py
[2022-03-24 03:04:46,884] {processor.py:642} INFO - Processing file /home/airflow/.local/lib/python3.7/site-packages/airflow/example_dags/example_branch_day_of_week_operator.py for tasks to queue
[2022-03-24 03:04:46,888] {logging_mixin.py:109} INFO - [2022-03-24 03:04:46,888] {dagbag.py:500} INFO - Filling up the DagBag from /home/airflow/.local/lib/python3.7/site-packages/airflow/example_dags/example_branch_day_of_week_operator.py
[2022-03-24 03:04:46,978] {processor.py:654} INFO - DAG(s) dict_keys(['example_weekday_branch_operator']) retrieved from /home/airflow/.local/lib/python3.7/site-packages/airflow/example_dags/example_branch_day_of_week_operator.py
[2022-03-24 03:04:47,014] {logging_mixin.py:109} INFO - [2022-03-24 03:04:47,014] {dag.py:2398} INFO - Sync 1 DAGs
[2022-03-24 03:04:47,079] {logging_mixin.py:109} INFO - [2022-03-24 03:04:47,079] {dag.py:2937} INFO - Setting next_dagrun for example_weekday_branch_operator to 2022-03-23 00:00:00+00:00
[2022-03-24 03:04:47,112] {processor.py:171} INFO - Processing /home/airflow/.local/lib/python3.7/site-packages/airflow/example_dags/example_branch_day_of_week_operator.py took 0.397 seconds
[2022-03-24 03:05:17,175] {processor.py:163} INFO - Started process (PID=1731) to work on /home/airflow/.local/lib/python3.7/site-packages/airflow/example_dags/example_branch_day_of_week_operator.py
[2022-03-24 03:05:17,178] {processor.py:642} INFO - Processing file /home/airflow/.local/lib/python3.7/site-packages/airflow/example_dags/example_branch_day_of_week_operator.py for tasks to queue
[2022-03-24 03:05:17,182] {logging_mixin.py:109} INFO - [2022-03-24 03:05:17,180] {dagbag.py:500} INFO - Filling up the DagBag from /home/airflow/.local/lib/python3.7/site-packages/airflow/example_dags/example_branch_day_of_week_operator.py
[2022-03-24 03:05:17,224] {processor.py:654} INFO - DAG(s) dict_keys(['example_weekday_branch_operator']) retrieved from /home/airflow/.local/lib/python3.7/site-packages/airflow/example_dags/example_branch_day_of_week_operator.py
[2022-03-24 03:05:17,209] {logging_mixin.py:109} INFO - [2022-03-24 03:05:17,209] {dag.py:2398} INFO - Sync 1 DAGs
[2022-03-24 03:05:17,232] {logging_mixin.py:109} INFO - [2022-03-24 03:05:17,232] {dag.py:2937} INFO - Setting next_dagrun for example_weekday_branch_operator to 2022-03-23 00:00:00+00:00
[2022-03-24 03:05:17,249] {processor.py:171} INFO - Processing /home/airflow/.local/lib/python3.7/site-packages/airflow/example_dags/example_branch_day_of_week_operator.py took 0.112 seconds
[2022-03-24 03:05:47,427] {processor.py:163} INFO - Started process (PID=1782) to work on /home/airflow/.local/lib/python3.7/site-packages/airflow/example_dags/example_branch_day_of_week_operator.py
[2022-03-24 03:05:47,430] {processor.py:642} INFO - Processing file /home/airflow/.local/lib/python3.7/site-packages/airflow/example_dags/example_branch_day_of_week_operator.py for tasks to queue
[2022-03-24 03:05:47,434] {logging_mixin.py:109} INFO - [2022-03-24 03:05:47,433] {dagbag.py:500} INFO - Filling up the DagBag from /home/airflow/.local/lib/python3.7/site-packages/airflow/example_dags/example_branch_day_of_week_operator.py
[2022-03-24 03:05:47,480] {processor.py:654} INFO - DAG(s) dict_keys(['example_weekday_branch_operator']) retrieved from /home/airflow/.local/lib/python3.7/site-packages/airflow/example_dags/example_branch_day_of_week_operator.py
[2022-03-24 03:05:47,493] {logging_mixin.py:109} INFO - [2022-03-24 03:05:47,493] {dag.py:2398} INFO - Sync 1 DAGs
[2022-03-24 03:05:47,513] {logging_mixin.py:109} INFO - [2022-03-24 03:05:47,513] {dag.py:2937} INFO - Setting next_dagrun for example_weekday_branch_operator to 2022-03-23 00:00:00+00:00
[2022-03-24 03:05:47,525] {processor.py:171} INFO - Processing /home/airflow/.local/lib/python3.7/site-packages/airflow/example_dags/example_branch_day_of_week_operator.py took 0.110 seconds
[2022-03-24 03:06:17,640] {processor.py:163} INFO - Started process (PID=1832) to work on /home/airflow/.local/lib/python3.7/site-packages/airflow/example_dags/example_branch_day_of_week_operator.py
[2022-03-24 03:06:17,803] {processor.py:642} INFO - Processing file /home/airflow/.local/lib/python3.7/site-packages/airflow/example_dags/example_branch_day_of_week_operator.py for tasks to queue
[2022-03-24 03:06:17,807] {logging_mixin.py:109} INFO - [2022-03-24 03:06:17,807] {dagbag.py:500} INFO - Filling up the DagBag from /home/airflow/.local/lib/python3.7/site-packages/airflow/example_dags/example_branch_day_of_week_operator.py
[2022-03-24 03:06:17,875] {processor.py:654} INFO - DAG(s) dict_keys(['example_weekday_branch_operator']) retrieved from /home/airflow/.local/lib/python3.7/site-packages/airflow/example_dags/example_branch_day_of_week_operator.py
[2022-03-24 03:06:17,891] {logging_mixin.py:109} INFO - [2022-03-24 03:06:17,891] {dag.py:2398} INFO - Sync 1 DAGs
[2022-03-24 03:06:17,926] {logging_mixin.py:109} INFO - [2022-03-24 03:06:17,925] {dag.py:2937} INFO - Setting next_dagrun for example_weekday_branch_operator to 2022-03-23 00:00:00+00:00
[2022-03-24 03:06:17,957] {processor.py:171} INFO - Processing /home/airflow/.local/lib/python3.7/site-packages/airflow/example_dags/example_branch_day_of_week_operator.py took 0.321 seconds
[2022-03-24 03:06:48,026] {processor.py:163} INFO - Started process (PID=1881) to work on /home/airflow/.local/lib/python3.7/site-packages/airflow/example_dags/example_branch_day_of_week_operator.py
[2022-03-24 03:06:48,032] {processor.py:642} INFO - Processing file /home/airflow/.local/lib/python3.7/site-packages/airflow/example_dags/example_branch_day_of_week_operator.py for tasks to queue
[2022-03-24 03:06:48,035] {logging_mixin.py:109} INFO - [2022-03-24 03:06:48,035] {dagbag.py:500} INFO - Filling up the DagBag from /home/airflow/.local/lib/python3.7/site-packages/airflow/example_dags/example_branch_day_of_week_operator.py
[2022-03-24 03:06:48,090] {processor.py:654} INFO - DAG(s) dict_keys(['example_weekday_branch_operator']) retrieved from /home/airflow/.local/lib/python3.7/site-packages/airflow/example_dags/example_branch_day_of_week_operator.py
[2022-03-24 03:06:48,113] {logging_mixin.py:109} INFO - [2022-03-24 03:06:48,113] {dag.py:2398} INFO - Sync 1 DAGs
[2022-03-24 03:06:48,154] {logging_mixin.py:109} INFO - [2022-03-24 03:06:48,153] {dag.py:2937} INFO - Setting next_dagrun for example_weekday_branch_operator to 2022-03-23 00:00:00+00:00
[2022-03-24 03:06:48,182] {processor.py:171} INFO - Processing /home/airflow/.local/lib/python3.7/site-packages/airflow/example_dags/example_branch_day_of_week_operator.py took 0.159 seconds
[2022-03-24 03:07:18,799] {processor.py:163} INFO - Started process (PID=1932) to work on /home/airflow/.local/lib/python3.7/site-packages/airflow/example_dags/example_branch_day_of_week_operator.py
[2022-03-24 03:07:18,801] {processor.py:642} INFO - Processing file /home/airflow/.local/lib/python3.7/site-packages/airflow/example_dags/example_branch_day_of_week_operator.py for tasks to queue
[2022-03-24 03:07:18,803] {logging_mixin.py:109} INFO - [2022-03-24 03:07:18,803] {dagbag.py:500} INFO - Filling up the DagBag from /home/airflow/.local/lib/python3.7/site-packages/airflow/example_dags/example_branch_day_of_week_operator.py
[2022-03-24 03:07:18,846] {processor.py:654} INFO - DAG(s) dict_keys(['example_weekday_branch_operator']) retrieved from /home/airflow/.local/lib/python3.7/site-packages/airflow/example_dags/example_branch_day_of_week_operator.py
[2022-03-24 03:07:18,859] {logging_mixin.py:109} INFO - [2022-03-24 03:07:18,858] {dag.py:2398} INFO - Sync 1 DAGs
[2022-03-24 03:07:18,879] {logging_mixin.py:109} INFO - [2022-03-24 03:07:18,879] {dag.py:2937} INFO - Setting next_dagrun for example_weekday_branch_operator to 2022-03-23 00:00:00+00:00
[2022-03-24 03:07:18,898] {processor.py:171} INFO - Processing /home/airflow/.local/lib/python3.7/site-packages/airflow/example_dags/example_branch_day_of_week_operator.py took 0.102 seconds
[2022-03-24 03:07:49,496] {processor.py:163} INFO - Started process (PID=1984) to work on /home/airflow/.local/lib/python3.7/site-packages/airflow/example_dags/example_branch_day_of_week_operator.py
[2022-03-24 03:07:49,541] {processor.py:642} INFO - Processing file /home/airflow/.local/lib/python3.7/site-packages/airflow/example_dags/example_branch_day_of_week_operator.py for tasks to queue
[2022-03-24 03:07:49,544] {logging_mixin.py:109} INFO - [2022-03-24 03:07:49,543] {dagbag.py:500} INFO - Filling up the DagBag from /home/airflow/.local/lib/python3.7/site-packages/airflow/example_dags/example_branch_day_of_week_operator.py
[2022-03-24 03:07:49,589] {processor.py:654} INFO - DAG(s) dict_keys(['example_weekday_branch_operator']) retrieved from /home/airflow/.local/lib/python3.7/site-packages/airflow/example_dags/example_branch_day_of_week_operator.py
[2022-03-24 03:07:49,709] {logging_mixin.py:109} INFO - [2022-03-24 03:07:49,709] {dag.py:2398} INFO - Sync 1 DAGs
[2022-03-24 03:07:50,275] {logging_mixin.py:109} INFO - [2022-03-24 03:07:50,275] {dag.py:2937} INFO - Setting next_dagrun for example_weekday_branch_operator to 2022-03-23 00:00:00+00:00
[2022-03-24 03:07:50,356] {processor.py:171} INFO - Processing /home/airflow/.local/lib/python3.7/site-packages/airflow/example_dags/example_branch_day_of_week_operator.py took 0.864 seconds
[2022-03-24 03:08:21,204] {processor.py:163} INFO - Started process (PID=2035) to work on /home/airflow/.local/lib/python3.7/site-packages/airflow/example_dags/example_branch_day_of_week_operator.py
[2022-03-24 03:08:21,221] {processor.py:642} INFO - Processing file /home/airflow/.local/lib/python3.7/site-packages/airflow/example_dags/example_branch_day_of_week_operator.py for tasks to queue
[2022-03-24 03:08:21,226] {logging_mixin.py:109} INFO - [2022-03-24 03:08:21,225] {dagbag.py:500} INFO - Filling up the DagBag from /home/airflow/.local/lib/python3.7/site-packages/airflow/example_dags/example_branch_day_of_week_operator.py
[2022-03-24 03:08:21,314] {processor.py:654} INFO - DAG(s) dict_keys(['example_weekday_branch_operator']) retrieved from /home/airflow/.local/lib/python3.7/site-packages/airflow/example_dags/example_branch_day_of_week_operator.py
[2022-03-24 03:08:21,424] {logging_mixin.py:109} INFO - [2022-03-24 03:08:21,424] {dag.py:2398} INFO - Sync 1 DAGs
[2022-03-24 03:08:21,479] {logging_mixin.py:109} INFO - [2022-03-24 03:08:21,479] {dag.py:2937} INFO - Setting next_dagrun for example_weekday_branch_operator to 2022-03-23 00:00:00+00:00
[2022-03-24 03:08:21,500] {processor.py:171} INFO - Processing /home/airflow/.local/lib/python3.7/site-packages/airflow/example_dags/example_branch_day_of_week_operator.py took 0.303 seconds
[2022-03-24 03:08:51,918] {processor.py:163} INFO - Started process (PID=2099) to work on /home/airflow/.local/lib/python3.7/site-packages/airflow/example_dags/example_branch_day_of_week_operator.py
[2022-03-24 03:08:51,926] {processor.py:642} INFO - Processing file /home/airflow/.local/lib/python3.7/site-packages/airflow/example_dags/example_branch_day_of_week_operator.py for tasks to queue
[2022-03-24 03:08:51,928] {logging_mixin.py:109} INFO - [2022-03-24 03:08:51,928] {dagbag.py:500} INFO - Filling up the DagBag from /home/airflow/.local/lib/python3.7/site-packages/airflow/example_dags/example_branch_day_of_week_operator.py
[2022-03-24 03:08:52,032] {processor.py:654} INFO - DAG(s) dict_keys(['example_weekday_branch_operator']) retrieved from /home/airflow/.local/lib/python3.7/site-packages/airflow/example_dags/example_branch_day_of_week_operator.py
[2022-03-24 03:08:52,049] {logging_mixin.py:109} INFO - [2022-03-24 03:08:52,049] {dag.py:2398} INFO - Sync 1 DAGs
[2022-03-24 03:08:52,085] {logging_mixin.py:109} INFO - [2022-03-24 03:08:52,085] {dag.py:2937} INFO - Setting next_dagrun for example_weekday_branch_operator to 2022-03-23 00:00:00+00:00
[2022-03-24 03:08:52,126] {processor.py:171} INFO - Processing /home/airflow/.local/lib/python3.7/site-packages/airflow/example_dags/example_branch_day_of_week_operator.py took 0.225 seconds
[2022-03-24 03:09:22,204] {processor.py:163} INFO - Started process (PID=2150) to work on /home/airflow/.local/lib/python3.7/site-packages/airflow/example_dags/example_branch_day_of_week_operator.py
[2022-03-24 03:09:22,213] {processor.py:642} INFO - Processing file /home/airflow/.local/lib/python3.7/site-packages/airflow/example_dags/example_branch_day_of_week_operator.py for tasks to queue
[2022-03-24 03:09:22,217] {logging_mixin.py:109} INFO - [2022-03-24 03:09:22,216] {dagbag.py:500} INFO - Filling up the DagBag from /home/airflow/.local/lib/python3.7/site-packages/airflow/example_dags/example_branch_day_of_week_operator.py
[2022-03-24 03:09:22,308] {processor.py:654} INFO - DAG(s) dict_keys(['example_weekday_branch_operator']) retrieved from /home/airflow/.local/lib/python3.7/site-packages/airflow/example_dags/example_branch_day_of_week_operator.py
[2022-03-24 03:09:22,336] {logging_mixin.py:109} INFO - [2022-03-24 03:09:22,336] {dag.py:2398} INFO - Sync 1 DAGs
[2022-03-24 03:09:22,372] {logging_mixin.py:109} INFO - [2022-03-24 03:09:22,372] {dag.py:2937} INFO - Setting next_dagrun for example_weekday_branch_operator to 2022-03-23 00:00:00+00:00
[2022-03-24 03:09:22,390] {processor.py:171} INFO - Processing /home/airflow/.local/lib/python3.7/site-packages/airflow/example_dags/example_branch_day_of_week_operator.py took 0.199 seconds
[2022-03-24 03:09:52,783] {processor.py:163} INFO - Started process (PID=2201) to work on /home/airflow/.local/lib/python3.7/site-packages/airflow/example_dags/example_branch_day_of_week_operator.py
[2022-03-24 03:09:52,787] {processor.py:642} INFO - Processing file /home/airflow/.local/lib/python3.7/site-packages/airflow/example_dags/example_branch_day_of_week_operator.py for tasks to queue
[2022-03-24 03:09:52,791] {logging_mixin.py:109} INFO - [2022-03-24 03:09:52,790] {dagbag.py:500} INFO - Filling up the DagBag from /home/airflow/.local/lib/python3.7/site-packages/airflow/example_dags/example_branch_day_of_week_operator.py
[2022-03-24 03:09:52,895] {processor.py:654} INFO - DAG(s) dict_keys(['example_weekday_branch_operator']) retrieved from /home/airflow/.local/lib/python3.7/site-packages/airflow/example_dags/example_branch_day_of_week_operator.py
[2022-03-24 03:09:52,940] {logging_mixin.py:109} INFO - [2022-03-24 03:09:52,939] {dag.py:2398} INFO - Sync 1 DAGs
[2022-03-24 03:09:53,009] {logging_mixin.py:109} INFO - [2022-03-24 03:09:53,009] {dag.py:2937} INFO - Setting next_dagrun for example_weekday_branch_operator to 2022-03-23 00:00:00+00:00
[2022-03-24 03:09:53,074] {processor.py:171} INFO - Processing /home/airflow/.local/lib/python3.7/site-packages/airflow/example_dags/example_branch_day_of_week_operator.py took 0.311 seconds
[2022-03-24 03:10:23,677] {processor.py:163} INFO - Started process (PID=2244) to work on /home/airflow/.local/lib/python3.7/site-packages/airflow/example_dags/example_branch_day_of_week_operator.py
[2022-03-24 03:10:23,694] {processor.py:642} INFO - Processing file /home/airflow/.local/lib/python3.7/site-packages/airflow/example_dags/example_branch_day_of_week_operator.py for tasks to queue
[2022-03-24 03:10:23,703] {logging_mixin.py:109} INFO - [2022-03-24 03:10:23,703] {dagbag.py:500} INFO - Filling up the DagBag from /home/airflow/.local/lib/python3.7/site-packages/airflow/example_dags/example_branch_day_of_week_operator.py
[2022-03-24 03:10:23,797] {processor.py:654} INFO - DAG(s) dict_keys(['example_weekday_branch_operator']) retrieved from /home/airflow/.local/lib/python3.7/site-packages/airflow/example_dags/example_branch_day_of_week_operator.py
[2022-03-24 03:10:23,826] {logging_mixin.py:109} INFO - [2022-03-24 03:10:23,826] {dag.py:2398} INFO - Sync 1 DAGs
[2022-03-24 03:10:23,864] {logging_mixin.py:109} INFO - [2022-03-24 03:10:23,864] {dag.py:2937} INFO - Setting next_dagrun for example_weekday_branch_operator to 2022-03-23 00:00:00+00:00
[2022-03-24 03:10:24,043] {processor.py:171} INFO - Processing /home/airflow/.local/lib/python3.7/site-packages/airflow/example_dags/example_branch_day_of_week_operator.py took 0.376 seconds
[2022-03-24 03:10:54,274] {processor.py:163} INFO - Started process (PID=2294) to work on /home/airflow/.local/lib/python3.7/site-packages/airflow/example_dags/example_branch_day_of_week_operator.py
[2022-03-24 03:10:54,991] {processor.py:642} INFO - Processing file /home/airflow/.local/lib/python3.7/site-packages/airflow/example_dags/example_branch_day_of_week_operator.py for tasks to queue
[2022-03-24 03:10:54,994] {logging_mixin.py:109} INFO - [2022-03-24 03:10:54,994] {dagbag.py:500} INFO - Filling up the DagBag from /home/airflow/.local/lib/python3.7/site-packages/airflow/example_dags/example_branch_day_of_week_operator.py
[2022-03-24 03:10:55,074] {processor.py:654} INFO - DAG(s) dict_keys(['example_weekday_branch_operator']) retrieved from /home/airflow/.local/lib/python3.7/site-packages/airflow/example_dags/example_branch_day_of_week_operator.py
[2022-03-24 03:10:55,104] {logging_mixin.py:109} INFO - [2022-03-24 03:10:55,104] {dag.py:2398} INFO - Sync 1 DAGs
[2022-03-24 03:10:55,127] {logging_mixin.py:109} INFO - [2022-03-24 03:10:55,127] {dag.py:2937} INFO - Setting next_dagrun for example_weekday_branch_operator to 2022-03-23 00:00:00+00:00
[2022-03-24 03:10:55,146] {processor.py:171} INFO - Processing /home/airflow/.local/lib/python3.7/site-packages/airflow/example_dags/example_branch_day_of_week_operator.py took 0.876 seconds
[2022-03-24 03:11:25,778] {processor.py:163} INFO - Started process (PID=2344) to work on /home/airflow/.local/lib/python3.7/site-packages/airflow/example_dags/example_branch_day_of_week_operator.py
[2022-03-24 03:11:25,786] {processor.py:642} INFO - Processing file /home/airflow/.local/lib/python3.7/site-packages/airflow/example_dags/example_branch_day_of_week_operator.py for tasks to queue
[2022-03-24 03:11:25,788] {logging_mixin.py:109} INFO - [2022-03-24 03:11:25,788] {dagbag.py:500} INFO - Filling up the DagBag from /home/airflow/.local/lib/python3.7/site-packages/airflow/example_dags/example_branch_day_of_week_operator.py
[2022-03-24 03:11:25,836] {processor.py:654} INFO - DAG(s) dict_keys(['example_weekday_branch_operator']) retrieved from /home/airflow/.local/lib/python3.7/site-packages/airflow/example_dags/example_branch_day_of_week_operator.py
[2022-03-24 03:11:25,853] {logging_mixin.py:109} INFO - [2022-03-24 03:11:25,853] {dag.py:2398} INFO - Sync 1 DAGs
[2022-03-24 03:11:25,874] {logging_mixin.py:109} INFO - [2022-03-24 03:11:25,874] {dag.py:2937} INFO - Setting next_dagrun for example_weekday_branch_operator to 2022-03-23 00:00:00+00:00
[2022-03-24 03:11:25,894] {processor.py:171} INFO - Processing /home/airflow/.local/lib/python3.7/site-packages/airflow/example_dags/example_branch_day_of_week_operator.py took 0.124 seconds
[2022-03-24 03:11:56,040] {processor.py:163} INFO - Started process (PID=2401) to work on /home/airflow/.local/lib/python3.7/site-packages/airflow/example_dags/example_branch_day_of_week_operator.py
[2022-03-24 03:11:56,047] {processor.py:642} INFO - Processing file /home/airflow/.local/lib/python3.7/site-packages/airflow/example_dags/example_branch_day_of_week_operator.py for tasks to queue
[2022-03-24 03:11:56,066] {logging_mixin.py:109} INFO - [2022-03-24 03:11:56,066] {dagbag.py:500} INFO - Filling up the DagBag from /home/airflow/.local/lib/python3.7/site-packages/airflow/example_dags/example_branch_day_of_week_operator.py
[2022-03-24 03:11:56,193] {processor.py:654} INFO - DAG(s) dict_keys(['example_weekday_branch_operator']) retrieved from /home/airflow/.local/lib/python3.7/site-packages/airflow/example_dags/example_branch_day_of_week_operator.py
[2022-03-24 03:11:56,244] {logging_mixin.py:109} INFO - [2022-03-24 03:11:56,243] {dag.py:2398} INFO - Sync 1 DAGs
[2022-03-24 03:11:56,304] {logging_mixin.py:109} INFO - [2022-03-24 03:11:56,304] {dag.py:2937} INFO - Setting next_dagrun for example_weekday_branch_operator to 2022-03-23 00:00:00+00:00
[2022-03-24 03:11:56,366] {processor.py:171} INFO - Processing /home/airflow/.local/lib/python3.7/site-packages/airflow/example_dags/example_branch_day_of_week_operator.py took 0.357 seconds
[2022-03-24 03:12:26,867] {processor.py:163} INFO - Started process (PID=2452) to work on /home/airflow/.local/lib/python3.7/site-packages/airflow/example_dags/example_branch_day_of_week_operator.py
[2022-03-24 03:12:26,878] {processor.py:642} INFO - Processing file /home/airflow/.local/lib/python3.7/site-packages/airflow/example_dags/example_branch_day_of_week_operator.py for tasks to queue
[2022-03-24 03:12:26,887] {logging_mixin.py:109} INFO - [2022-03-24 03:12:26,887] {dagbag.py:500} INFO - Filling up the DagBag from /home/airflow/.local/lib/python3.7/site-packages/airflow/example_dags/example_branch_day_of_week_operator.py
[2022-03-24 03:12:27,025] {processor.py:654} INFO - DAG(s) dict_keys(['example_weekday_branch_operator']) retrieved from /home/airflow/.local/lib/python3.7/site-packages/airflow/example_dags/example_branch_day_of_week_operator.py
[2022-03-24 03:12:27,081] {logging_mixin.py:109} INFO - [2022-03-24 03:12:27,081] {dag.py:2398} INFO - Sync 1 DAGs
[2022-03-24 03:12:27,133] {logging_mixin.py:109} INFO - [2022-03-24 03:12:27,133] {dag.py:2937} INFO - Setting next_dagrun for example_weekday_branch_operator to 2022-03-23 00:00:00+00:00
[2022-03-24 03:12:27,172] {processor.py:171} INFO - Processing /home/airflow/.local/lib/python3.7/site-packages/airflow/example_dags/example_branch_day_of_week_operator.py took 0.338 seconds
[2022-03-24 03:12:57,514] {processor.py:163} INFO - Started process (PID=2506) to work on /home/airflow/.local/lib/python3.7/site-packages/airflow/example_dags/example_branch_day_of_week_operator.py
[2022-03-24 03:12:57,521] {processor.py:642} INFO - Processing file /home/airflow/.local/lib/python3.7/site-packages/airflow/example_dags/example_branch_day_of_week_operator.py for tasks to queue
[2022-03-24 03:12:57,532] {logging_mixin.py:109} INFO - [2022-03-24 03:12:57,532] {dagbag.py:500} INFO - Filling up the DagBag from /home/airflow/.local/lib/python3.7/site-packages/airflow/example_dags/example_branch_day_of_week_operator.py
[2022-03-24 03:12:57,735] {processor.py:654} INFO - DAG(s) dict_keys(['example_weekday_branch_operator']) retrieved from /home/airflow/.local/lib/python3.7/site-packages/airflow/example_dags/example_branch_day_of_week_operator.py
[2022-03-24 03:12:57,801] {logging_mixin.py:109} INFO - [2022-03-24 03:12:57,801] {dag.py:2398} INFO - Sync 1 DAGs
[2022-03-24 03:12:57,866] {logging_mixin.py:109} INFO - [2022-03-24 03:12:57,866] {dag.py:2937} INFO - Setting next_dagrun for example_weekday_branch_operator to 2022-03-23 00:00:00+00:00
[2022-03-24 03:12:57,883] {processor.py:171} INFO - Processing /home/airflow/.local/lib/python3.7/site-packages/airflow/example_dags/example_branch_day_of_week_operator.py took 0.388 seconds
[2022-03-24 03:13:27,957] {processor.py:163} INFO - Started process (PID=2558) to work on /home/airflow/.local/lib/python3.7/site-packages/airflow/example_dags/example_branch_day_of_week_operator.py
[2022-03-24 03:13:27,961] {processor.py:642} INFO - Processing file /home/airflow/.local/lib/python3.7/site-packages/airflow/example_dags/example_branch_day_of_week_operator.py for tasks to queue
[2022-03-24 03:13:27,978] {logging_mixin.py:109} INFO - [2022-03-24 03:13:27,975] {dagbag.py:500} INFO - Filling up the DagBag from /home/airflow/.local/lib/python3.7/site-packages/airflow/example_dags/example_branch_day_of_week_operator.py
[2022-03-24 03:13:28,058] {processor.py:654} INFO - DAG(s) dict_keys(['example_weekday_branch_operator']) retrieved from /home/airflow/.local/lib/python3.7/site-packages/airflow/example_dags/example_branch_day_of_week_operator.py
[2022-03-24 03:13:28,073] {logging_mixin.py:109} INFO - [2022-03-24 03:13:28,072] {dag.py:2398} INFO - Sync 1 DAGs
[2022-03-24 03:13:28,093] {logging_mixin.py:109} INFO - [2022-03-24 03:13:28,093] {dag.py:2937} INFO - Setting next_dagrun for example_weekday_branch_operator to 2022-03-23 00:00:00+00:00
[2022-03-24 03:13:28,107] {processor.py:171} INFO - Processing /home/airflow/.local/lib/python3.7/site-packages/airflow/example_dags/example_branch_day_of_week_operator.py took 0.169 seconds
[2022-03-24 03:13:58,291] {processor.py:163} INFO - Started process (PID=2612) to work on /home/airflow/.local/lib/python3.7/site-packages/airflow/example_dags/example_branch_day_of_week_operator.py
[2022-03-24 03:13:58,294] {processor.py:642} INFO - Processing file /home/airflow/.local/lib/python3.7/site-packages/airflow/example_dags/example_branch_day_of_week_operator.py for tasks to queue
[2022-03-24 03:13:58,296] {logging_mixin.py:109} INFO - [2022-03-24 03:13:58,295] {dagbag.py:500} INFO - Filling up the DagBag from /home/airflow/.local/lib/python3.7/site-packages/airflow/example_dags/example_branch_day_of_week_operator.py
[2022-03-24 03:13:58,341] {processor.py:654} INFO - DAG(s) dict_keys(['example_weekday_branch_operator']) retrieved from /home/airflow/.local/lib/python3.7/site-packages/airflow/example_dags/example_branch_day_of_week_operator.py
[2022-03-24 03:13:58,354] {logging_mixin.py:109} INFO - [2022-03-24 03:13:58,353] {dag.py:2398} INFO - Sync 1 DAGs
[2022-03-24 03:13:58,378] {logging_mixin.py:109} INFO - [2022-03-24 03:13:58,378] {dag.py:2937} INFO - Setting next_dagrun for example_weekday_branch_operator to 2022-03-23 00:00:00+00:00
[2022-03-24 03:13:58,396] {processor.py:171} INFO - Processing /home/airflow/.local/lib/python3.7/site-packages/airflow/example_dags/example_branch_day_of_week_operator.py took 0.112 seconds
[2022-03-24 03:14:28,658] {processor.py:163} INFO - Started process (PID=2663) to work on /home/airflow/.local/lib/python3.7/site-packages/airflow/example_dags/example_branch_day_of_week_operator.py
[2022-03-24 03:14:28,662] {processor.py:642} INFO - Processing file /home/airflow/.local/lib/python3.7/site-packages/airflow/example_dags/example_branch_day_of_week_operator.py for tasks to queue
[2022-03-24 03:14:28,664] {logging_mixin.py:109} INFO - [2022-03-24 03:14:28,664] {dagbag.py:500} INFO - Filling up the DagBag from /home/airflow/.local/lib/python3.7/site-packages/airflow/example_dags/example_branch_day_of_week_operator.py
[2022-03-24 03:14:28,730] {processor.py:654} INFO - DAG(s) dict_keys(['example_weekday_branch_operator']) retrieved from /home/airflow/.local/lib/python3.7/site-packages/airflow/example_dags/example_branch_day_of_week_operator.py
[2022-03-24 03:14:28,763] {logging_mixin.py:109} INFO - [2022-03-24 03:14:28,763] {dag.py:2398} INFO - Sync 1 DAGs
[2022-03-24 03:14:28,794] {logging_mixin.py:109} INFO - [2022-03-24 03:14:28,791] {dag.py:2937} INFO - Setting next_dagrun for example_weekday_branch_operator to 2022-03-23 00:00:00+00:00
[2022-03-24 03:14:28,805] {processor.py:171} INFO - Processing /home/airflow/.local/lib/python3.7/site-packages/airflow/example_dags/example_branch_day_of_week_operator.py took 0.156 seconds
[2022-03-24 03:14:58,939] {processor.py:163} INFO - Started process (PID=2714) to work on /home/airflow/.local/lib/python3.7/site-packages/airflow/example_dags/example_branch_day_of_week_operator.py
[2022-03-24 03:14:58,946] {processor.py:642} INFO - Processing file /home/airflow/.local/lib/python3.7/site-packages/airflow/example_dags/example_branch_day_of_week_operator.py for tasks to queue
[2022-03-24 03:14:58,950] {logging_mixin.py:109} INFO - [2022-03-24 03:14:58,949] {dagbag.py:500} INFO - Filling up the DagBag from /home/airflow/.local/lib/python3.7/site-packages/airflow/example_dags/example_branch_day_of_week_operator.py
[2022-03-24 03:14:58,997] {processor.py:654} INFO - DAG(s) dict_keys(['example_weekday_branch_operator']) retrieved from /home/airflow/.local/lib/python3.7/site-packages/airflow/example_dags/example_branch_day_of_week_operator.py
[2022-03-24 03:14:59,021] {logging_mixin.py:109} INFO - [2022-03-24 03:14:59,021] {dag.py:2398} INFO - Sync 1 DAGs
[2022-03-24 03:14:59,056] {logging_mixin.py:109} INFO - [2022-03-24 03:14:59,056] {dag.py:2937} INFO - Setting next_dagrun for example_weekday_branch_operator to 2022-03-23 00:00:00+00:00
[2022-03-24 03:14:59,074] {processor.py:171} INFO - Processing /home/airflow/.local/lib/python3.7/site-packages/airflow/example_dags/example_branch_day_of_week_operator.py took 0.146 seconds
[2022-03-24 03:15:29,944] {processor.py:163} INFO - Started process (PID=2768) to work on /home/airflow/.local/lib/python3.7/site-packages/airflow/example_dags/example_branch_day_of_week_operator.py
[2022-03-24 03:15:30,126] {processor.py:642} INFO - Processing file /home/airflow/.local/lib/python3.7/site-packages/airflow/example_dags/example_branch_day_of_week_operator.py for tasks to queue
[2022-03-24 03:15:30,143] {logging_mixin.py:109} INFO - [2022-03-24 03:15:30,140] {dagbag.py:500} INFO - Filling up the DagBag from /home/airflow/.local/lib/python3.7/site-packages/airflow/example_dags/example_branch_day_of_week_operator.py
[2022-03-24 03:15:30,259] {processor.py:654} INFO - DAG(s) dict_keys(['example_weekday_branch_operator']) retrieved from /home/airflow/.local/lib/python3.7/site-packages/airflow/example_dags/example_branch_day_of_week_operator.py
[2022-03-24 03:15:30,279] {logging_mixin.py:109} INFO - [2022-03-24 03:15:30,278] {dag.py:2398} INFO - Sync 1 DAGs
[2022-03-24 03:15:30,303] {logging_mixin.py:109} INFO - [2022-03-24 03:15:30,303] {dag.py:2937} INFO - Setting next_dagrun for example_weekday_branch_operator to 2022-03-23 00:00:00+00:00
[2022-03-24 03:15:30,320] {processor.py:171} INFO - Processing /home/airflow/.local/lib/python3.7/site-packages/airflow/example_dags/example_branch_day_of_week_operator.py took 0.391 seconds
[2022-03-24 03:16:00,519] {processor.py:163} INFO - Started process (PID=2816) to work on /home/airflow/.local/lib/python3.7/site-packages/airflow/example_dags/example_branch_day_of_week_operator.py
[2022-03-24 03:16:00,522] {processor.py:642} INFO - Processing file /home/airflow/.local/lib/python3.7/site-packages/airflow/example_dags/example_branch_day_of_week_operator.py for tasks to queue
[2022-03-24 03:16:00,526] {logging_mixin.py:109} INFO - [2022-03-24 03:16:00,525] {dagbag.py:500} INFO - Filling up the DagBag from /home/airflow/.local/lib/python3.7/site-packages/airflow/example_dags/example_branch_day_of_week_operator.py
[2022-03-24 03:16:00,588] {processor.py:654} INFO - DAG(s) dict_keys(['example_weekday_branch_operator']) retrieved from /home/airflow/.local/lib/python3.7/site-packages/airflow/example_dags/example_branch_day_of_week_operator.py
[2022-03-24 03:16:00,607] {logging_mixin.py:109} INFO - [2022-03-24 03:16:00,607] {dag.py:2398} INFO - Sync 1 DAGs
[2022-03-24 03:16:00,634] {logging_mixin.py:109} INFO - [2022-03-24 03:16:00,634] {dag.py:2937} INFO - Setting next_dagrun for example_weekday_branch_operator to 2022-03-23 00:00:00+00:00
[2022-03-24 03:16:00,649] {processor.py:171} INFO - Processing /home/airflow/.local/lib/python3.7/site-packages/airflow/example_dags/example_branch_day_of_week_operator.py took 0.134 seconds
[2022-03-24 03:16:30,823] {processor.py:163} INFO - Started process (PID=2866) to work on /home/airflow/.local/lib/python3.7/site-packages/airflow/example_dags/example_branch_day_of_week_operator.py
[2022-03-24 03:16:30,872] {processor.py:642} INFO - Processing file /home/airflow/.local/lib/python3.7/site-packages/airflow/example_dags/example_branch_day_of_week_operator.py for tasks to queue
[2022-03-24 03:16:30,917] {logging_mixin.py:109} INFO - [2022-03-24 03:16:30,916] {dagbag.py:500} INFO - Filling up the DagBag from /home/airflow/.local/lib/python3.7/site-packages/airflow/example_dags/example_branch_day_of_week_operator.py
[2022-03-24 03:16:31,040] {processor.py:654} INFO - DAG(s) dict_keys(['example_weekday_branch_operator']) retrieved from /home/airflow/.local/lib/python3.7/site-packages/airflow/example_dags/example_branch_day_of_week_operator.py
[2022-03-24 03:16:31,124] {logging_mixin.py:109} INFO - [2022-03-24 03:16:31,124] {dag.py:2398} INFO - Sync 1 DAGs
[2022-03-24 03:16:31,358] {logging_mixin.py:109} INFO - [2022-03-24 03:16:31,358] {dag.py:2937} INFO - Setting next_dagrun for example_weekday_branch_operator to 2022-03-23 00:00:00+00:00
[2022-03-24 03:16:31,619] {processor.py:171} INFO - Processing /home/airflow/.local/lib/python3.7/site-packages/airflow/example_dags/example_branch_day_of_week_operator.py took 0.805 seconds
[2022-03-24 03:17:02,287] {processor.py:163} INFO - Started process (PID=2918) to work on /home/airflow/.local/lib/python3.7/site-packages/airflow/example_dags/example_branch_day_of_week_operator.py
[2022-03-24 03:17:02,293] {processor.py:642} INFO - Processing file /home/airflow/.local/lib/python3.7/site-packages/airflow/example_dags/example_branch_day_of_week_operator.py for tasks to queue
[2022-03-24 03:17:02,295] {logging_mixin.py:109} INFO - [2022-03-24 03:17:02,295] {dagbag.py:500} INFO - Filling up the DagBag from /home/airflow/.local/lib/python3.7/site-packages/airflow/example_dags/example_branch_day_of_week_operator.py
[2022-03-24 03:17:02,346] {processor.py:654} INFO - DAG(s) dict_keys(['example_weekday_branch_operator']) retrieved from /home/airflow/.local/lib/python3.7/site-packages/airflow/example_dags/example_branch_day_of_week_operator.py
[2022-03-24 03:17:02,386] {logging_mixin.py:109} INFO - [2022-03-24 03:17:02,386] {dag.py:2398} INFO - Sync 1 DAGs
[2022-03-24 03:17:02,478] {logging_mixin.py:109} INFO - [2022-03-24 03:17:02,478] {dag.py:2937} INFO - Setting next_dagrun for example_weekday_branch_operator to 2022-03-23 00:00:00+00:00
[2022-03-24 03:17:02,554] {processor.py:171} INFO - Processing /home/airflow/.local/lib/python3.7/site-packages/airflow/example_dags/example_branch_day_of_week_operator.py took 0.277 seconds
[2022-03-24 03:17:32,739] {processor.py:163} INFO - Started process (PID=2969) to work on /home/airflow/.local/lib/python3.7/site-packages/airflow/example_dags/example_branch_day_of_week_operator.py
[2022-03-24 03:17:32,743] {processor.py:642} INFO - Processing file /home/airflow/.local/lib/python3.7/site-packages/airflow/example_dags/example_branch_day_of_week_operator.py for tasks to queue
[2022-03-24 03:17:32,746] {logging_mixin.py:109} INFO - [2022-03-24 03:17:32,745] {dagbag.py:500} INFO - Filling up the DagBag from /home/airflow/.local/lib/python3.7/site-packages/airflow/example_dags/example_branch_day_of_week_operator.py
[2022-03-24 03:17:32,802] {processor.py:654} INFO - DAG(s) dict_keys(['example_weekday_branch_operator']) retrieved from /home/airflow/.local/lib/python3.7/site-packages/airflow/example_dags/example_branch_day_of_week_operator.py
[2022-03-24 03:17:32,829] {logging_mixin.py:109} INFO - [2022-03-24 03:17:32,829] {dag.py:2398} INFO - Sync 1 DAGs
[2022-03-24 03:17:32,862] {logging_mixin.py:109} INFO - [2022-03-24 03:17:32,862] {dag.py:2937} INFO - Setting next_dagrun for example_weekday_branch_operator to 2022-03-23 00:00:00+00:00
[2022-03-24 03:17:32,879] {processor.py:171} INFO - Processing /home/airflow/.local/lib/python3.7/site-packages/airflow/example_dags/example_branch_day_of_week_operator.py took 0.150 seconds
[2022-03-24 03:18:03,802] {processor.py:163} INFO - Started process (PID=3030) to work on /home/airflow/.local/lib/python3.7/site-packages/airflow/example_dags/example_branch_day_of_week_operator.py
[2022-03-24 03:18:03,811] {processor.py:642} INFO - Processing file /home/airflow/.local/lib/python3.7/site-packages/airflow/example_dags/example_branch_day_of_week_operator.py for tasks to queue
[2022-03-24 03:18:03,813] {logging_mixin.py:109} INFO - [2022-03-24 03:18:03,813] {dagbag.py:500} INFO - Filling up the DagBag from /home/airflow/.local/lib/python3.7/site-packages/airflow/example_dags/example_branch_day_of_week_operator.py
[2022-03-24 03:18:03,905] {processor.py:654} INFO - DAG(s) dict_keys(['example_weekday_branch_operator']) retrieved from /home/airflow/.local/lib/python3.7/site-packages/airflow/example_dags/example_branch_day_of_week_operator.py
[2022-03-24 03:18:03,937] {logging_mixin.py:109} INFO - [2022-03-24 03:18:03,937] {dag.py:2398} INFO - Sync 1 DAGs
[2022-03-24 03:18:03,985] {logging_mixin.py:109} INFO - [2022-03-24 03:18:03,985] {dag.py:2937} INFO - Setting next_dagrun for example_weekday_branch_operator to 2022-03-23 00:00:00+00:00
[2022-03-24 03:18:04,014] {processor.py:171} INFO - Processing /home/airflow/.local/lib/python3.7/site-packages/airflow/example_dags/example_branch_day_of_week_operator.py took 0.215 seconds
[2022-03-24 03:18:34,127] {processor.py:163} INFO - Started process (PID=3083) to work on /home/airflow/.local/lib/python3.7/site-packages/airflow/example_dags/example_branch_day_of_week_operator.py
[2022-03-24 03:18:34,132] {processor.py:642} INFO - Processing file /home/airflow/.local/lib/python3.7/site-packages/airflow/example_dags/example_branch_day_of_week_operator.py for tasks to queue
[2022-03-24 03:18:34,134] {logging_mixin.py:109} INFO - [2022-03-24 03:18:34,133] {dagbag.py:500} INFO - Filling up the DagBag from /home/airflow/.local/lib/python3.7/site-packages/airflow/example_dags/example_branch_day_of_week_operator.py
[2022-03-24 03:18:34,203] {processor.py:654} INFO - DAG(s) dict_keys(['example_weekday_branch_operator']) retrieved from /home/airflow/.local/lib/python3.7/site-packages/airflow/example_dags/example_branch_day_of_week_operator.py
[2022-03-24 03:18:34,237] {logging_mixin.py:109} INFO - [2022-03-24 03:18:34,237] {dag.py:2398} INFO - Sync 1 DAGs
[2022-03-24 03:18:34,276] {logging_mixin.py:109} INFO - [2022-03-24 03:18:34,276] {dag.py:2937} INFO - Setting next_dagrun for example_weekday_branch_operator to 2022-03-23 00:00:00+00:00
[2022-03-24 03:18:34,305] {processor.py:171} INFO - Processing /home/airflow/.local/lib/python3.7/site-packages/airflow/example_dags/example_branch_day_of_week_operator.py took 0.187 seconds
[2022-03-24 03:19:04,393] {processor.py:163} INFO - Started process (PID=3138) to work on /home/airflow/.local/lib/python3.7/site-packages/airflow/example_dags/example_branch_day_of_week_operator.py
[2022-03-24 03:19:04,403] {processor.py:642} INFO - Processing file /home/airflow/.local/lib/python3.7/site-packages/airflow/example_dags/example_branch_day_of_week_operator.py for tasks to queue
[2022-03-24 03:19:04,407] {logging_mixin.py:109} INFO - [2022-03-24 03:19:04,407] {dagbag.py:500} INFO - Filling up the DagBag from /home/airflow/.local/lib/python3.7/site-packages/airflow/example_dags/example_branch_day_of_week_operator.py
[2022-03-24 03:19:04,505] {processor.py:654} INFO - DAG(s) dict_keys(['example_weekday_branch_operator']) retrieved from /home/airflow/.local/lib/python3.7/site-packages/airflow/example_dags/example_branch_day_of_week_operator.py
[2022-03-24 03:19:04,533] {logging_mixin.py:109} INFO - [2022-03-24 03:19:04,533] {dag.py:2398} INFO - Sync 1 DAGs
[2022-03-24 03:19:04,575] {logging_mixin.py:109} INFO - [2022-03-24 03:19:04,575] {dag.py:2937} INFO - Setting next_dagrun for example_weekday_branch_operator to 2022-03-23 00:00:00+00:00
[2022-03-24 03:19:04,610] {processor.py:171} INFO - Processing /home/airflow/.local/lib/python3.7/site-packages/airflow/example_dags/example_branch_day_of_week_operator.py took 0.229 seconds
[2022-03-24 03:19:34,713] {processor.py:163} INFO - Started process (PID=3189) to work on /home/airflow/.local/lib/python3.7/site-packages/airflow/example_dags/example_branch_day_of_week_operator.py
[2022-03-24 03:19:34,720] {processor.py:642} INFO - Processing file /home/airflow/.local/lib/python3.7/site-packages/airflow/example_dags/example_branch_day_of_week_operator.py for tasks to queue
[2022-03-24 03:19:34,727] {logging_mixin.py:109} INFO - [2022-03-24 03:19:34,725] {dagbag.py:500} INFO - Filling up the DagBag from /home/airflow/.local/lib/python3.7/site-packages/airflow/example_dags/example_branch_day_of_week_operator.py
[2022-03-24 03:19:34,803] {processor.py:654} INFO - DAG(s) dict_keys(['example_weekday_branch_operator']) retrieved from /home/airflow/.local/lib/python3.7/site-packages/airflow/example_dags/example_branch_day_of_week_operator.py
[2022-03-24 03:19:34,839] {logging_mixin.py:109} INFO - [2022-03-24 03:19:34,839] {dag.py:2398} INFO - Sync 1 DAGs
[2022-03-24 03:19:34,883] {logging_mixin.py:109} INFO - [2022-03-24 03:19:34,883] {dag.py:2937} INFO - Setting next_dagrun for example_weekday_branch_operator to 2022-03-23 00:00:00+00:00
[2022-03-24 03:19:34,912] {processor.py:171} INFO - Processing /home/airflow/.local/lib/python3.7/site-packages/airflow/example_dags/example_branch_day_of_week_operator.py took 0.221 seconds
[2022-03-24 03:20:05,735] {processor.py:163} INFO - Started process (PID=3245) to work on /home/airflow/.local/lib/python3.7/site-packages/airflow/example_dags/example_branch_day_of_week_operator.py
[2022-03-24 03:20:05,739] {processor.py:642} INFO - Processing file /home/airflow/.local/lib/python3.7/site-packages/airflow/example_dags/example_branch_day_of_week_operator.py for tasks to queue
[2022-03-24 03:20:05,742] {logging_mixin.py:109} INFO - [2022-03-24 03:20:05,742] {dagbag.py:500} INFO - Filling up the DagBag from /home/airflow/.local/lib/python3.7/site-packages/airflow/example_dags/example_branch_day_of_week_operator.py
[2022-03-24 03:20:05,793] {processor.py:654} INFO - DAG(s) dict_keys(['example_weekday_branch_operator']) retrieved from /home/airflow/.local/lib/python3.7/site-packages/airflow/example_dags/example_branch_day_of_week_operator.py
[2022-03-24 03:20:05,811] {logging_mixin.py:109} INFO - [2022-03-24 03:20:05,811] {dag.py:2398} INFO - Sync 1 DAGs
[2022-03-24 03:20:05,842] {logging_mixin.py:109} INFO - [2022-03-24 03:20:05,842] {dag.py:2937} INFO - Setting next_dagrun for example_weekday_branch_operator to 2022-03-23 00:00:00+00:00
[2022-03-24 03:20:05,871] {processor.py:171} INFO - Processing /home/airflow/.local/lib/python3.7/site-packages/airflow/example_dags/example_branch_day_of_week_operator.py took 0.146 seconds
[2022-03-24 03:20:36,321] {processor.py:163} INFO - Started process (PID=3296) to work on /home/airflow/.local/lib/python3.7/site-packages/airflow/example_dags/example_branch_day_of_week_operator.py
[2022-03-24 03:20:36,325] {processor.py:642} INFO - Processing file /home/airflow/.local/lib/python3.7/site-packages/airflow/example_dags/example_branch_day_of_week_operator.py for tasks to queue
[2022-03-24 03:20:36,327] {logging_mixin.py:109} INFO - [2022-03-24 03:20:36,327] {dagbag.py:500} INFO - Filling up the DagBag from /home/airflow/.local/lib/python3.7/site-packages/airflow/example_dags/example_branch_day_of_week_operator.py
[2022-03-24 03:20:36,379] {processor.py:654} INFO - DAG(s) dict_keys(['example_weekday_branch_operator']) retrieved from /home/airflow/.local/lib/python3.7/site-packages/airflow/example_dags/example_branch_day_of_week_operator.py
[2022-03-24 03:20:36,398] {logging_mixin.py:109} INFO - [2022-03-24 03:20:36,398] {dag.py:2398} INFO - Sync 1 DAGs
[2022-03-24 03:20:36,443] {logging_mixin.py:109} INFO - [2022-03-24 03:20:36,443] {dag.py:2937} INFO - Setting next_dagrun for example_weekday_branch_operator to 2022-03-23 00:00:00+00:00
[2022-03-24 03:20:36,481] {processor.py:171} INFO - Processing /home/airflow/.local/lib/python3.7/site-packages/airflow/example_dags/example_branch_day_of_week_operator.py took 0.164 seconds
