[2022-03-24 02:48:09,134] {processor.py:163} INFO - Started process (PID=125) to work on /home/airflow/.local/lib/python3.7/site-packages/airflow/example_dags/example_complex.py
[2022-03-24 02:48:09,139] {processor.py:642} INFO - Processing file /home/airflow/.local/lib/python3.7/site-packages/airflow/example_dags/example_complex.py for tasks to queue
[2022-03-24 02:48:09,152] {logging_mixin.py:109} INFO - [2022-03-24 02:48:09,151] {dagbag.py:500} INFO - Filling up the DagBag from /home/airflow/.local/lib/python3.7/site-packages/airflow/example_dags/example_complex.py
[2022-03-24 02:48:09,612] {processor.py:654} INFO - DAG(s) dict_keys(['example_complex']) retrieved from /home/airflow/.local/lib/python3.7/site-packages/airflow/example_dags/example_complex.py
[2022-03-24 02:49:20,634] {logging_mixin.py:109} INFO - [2022-03-24 02:49:20,546] {manager.py:496} INFO - Created Permission View: can edit on DAG:example_complex
[2022-03-24 02:49:20,985] {logging_mixin.py:109} INFO - [2022-03-24 02:49:20,985] {manager.py:496} INFO - Created Permission View: can read on DAG:example_complex
[2022-03-24 02:49:21,010] {logging_mixin.py:109} INFO - [2022-03-24 02:49:20,988] {dag.py:2398} INFO - Sync 1 DAGs
[2022-03-24 02:49:21,238] {logging_mixin.py:109} INFO - [2022-03-24 02:49:21,238] {dag.py:2417} INFO - Creating ORM DAG for example_complex
[2022-03-24 02:49:24,394] {logging_mixin.py:109} INFO - [2022-03-24 02:49:24,394] {dag.py:2937} INFO - Setting next_dagrun for example_complex to None
[2022-03-24 02:49:24,742] {processor.py:171} INFO - Processing /home/airflow/.local/lib/python3.7/site-packages/airflow/example_dags/example_complex.py took 75.798 seconds
[2022-03-24 02:49:40,229] {processor.py:163} INFO - Started process (PID=185) to work on /home/airflow/.local/lib/python3.7/site-packages/airflow/example_dags/example_complex.py
[2022-03-24 02:49:40,241] {processor.py:642} INFO - Processing file /home/airflow/.local/lib/python3.7/site-packages/airflow/example_dags/example_complex.py for tasks to queue
[2022-03-24 02:49:40,245] {logging_mixin.py:109} INFO - [2022-03-24 02:49:40,243] {dagbag.py:500} INFO - Filling up the DagBag from /home/airflow/.local/lib/python3.7/site-packages/airflow/example_dags/example_complex.py
[2022-03-24 02:49:40,397] {processor.py:654} INFO - DAG(s) dict_keys(['example_complex']) retrieved from /home/airflow/.local/lib/python3.7/site-packages/airflow/example_dags/example_complex.py
[2022-03-24 02:49:40,498] {logging_mixin.py:109} INFO - [2022-03-24 02:49:40,498] {dag.py:2398} INFO - Sync 1 DAGs
[2022-03-24 02:49:40,568] {logging_mixin.py:109} INFO - [2022-03-24 02:49:40,568] {dag.py:2937} INFO - Setting next_dagrun for example_complex to None
[2022-03-24 02:49:40,620] {processor.py:171} INFO - Processing /home/airflow/.local/lib/python3.7/site-packages/airflow/example_dags/example_complex.py took 0.419 seconds
[2022-03-24 02:50:45,305] {processor.py:163} INFO - Started process (PID=289) to work on /home/airflow/.local/lib/python3.7/site-packages/airflow/example_dags/example_complex.py
[2022-03-24 02:50:45,310] {processor.py:642} INFO - Processing file /home/airflow/.local/lib/python3.7/site-packages/airflow/example_dags/example_complex.py for tasks to queue
[2022-03-24 02:50:45,313] {logging_mixin.py:109} INFO - [2022-03-24 02:50:45,313] {dagbag.py:500} INFO - Filling up the DagBag from /home/airflow/.local/lib/python3.7/site-packages/airflow/example_dags/example_complex.py
[2022-03-24 02:50:45,392] {processor.py:654} INFO - DAG(s) dict_keys(['example_complex']) retrieved from /home/airflow/.local/lib/python3.7/site-packages/airflow/example_dags/example_complex.py
[2022-03-24 02:50:45,415] {logging_mixin.py:109} INFO - [2022-03-24 02:50:45,415] {dag.py:2398} INFO - Sync 1 DAGs
[2022-03-24 02:50:45,454] {logging_mixin.py:109} INFO - [2022-03-24 02:50:45,454] {dag.py:2937} INFO - Setting next_dagrun for example_complex to None
[2022-03-24 02:50:45,485] {processor.py:171} INFO - Processing /home/airflow/.local/lib/python3.7/site-packages/airflow/example_dags/example_complex.py took 0.189 seconds
[2022-03-24 02:51:16,839] {processor.py:163} INFO - Started process (PID=341) to work on /home/airflow/.local/lib/python3.7/site-packages/airflow/example_dags/example_complex.py
[2022-03-24 02:51:16,844] {processor.py:642} INFO - Processing file /home/airflow/.local/lib/python3.7/site-packages/airflow/example_dags/example_complex.py for tasks to queue
[2022-03-24 02:51:16,859] {logging_mixin.py:109} INFO - [2022-03-24 02:51:16,858] {dagbag.py:500} INFO - Filling up the DagBag from /home/airflow/.local/lib/python3.7/site-packages/airflow/example_dags/example_complex.py
[2022-03-24 02:51:17,109] {processor.py:654} INFO - DAG(s) dict_keys(['example_complex']) retrieved from /home/airflow/.local/lib/python3.7/site-packages/airflow/example_dags/example_complex.py
[2022-03-24 02:51:17,411] {logging_mixin.py:109} INFO - [2022-03-24 02:51:17,411] {dag.py:2398} INFO - Sync 1 DAGs
[2022-03-24 02:51:17,473] {logging_mixin.py:109} INFO - [2022-03-24 02:51:17,473] {dag.py:2937} INFO - Setting next_dagrun for example_complex to None
[2022-03-24 02:51:17,522] {processor.py:171} INFO - Processing /home/airflow/.local/lib/python3.7/site-packages/airflow/example_dags/example_complex.py took 0.702 seconds
[2022-03-24 02:51:47,644] {processor.py:163} INFO - Started process (PID=391) to work on /home/airflow/.local/lib/python3.7/site-packages/airflow/example_dags/example_complex.py
[2022-03-24 02:51:47,650] {processor.py:642} INFO - Processing file /home/airflow/.local/lib/python3.7/site-packages/airflow/example_dags/example_complex.py for tasks to queue
[2022-03-24 02:51:47,672] {logging_mixin.py:109} INFO - [2022-03-24 02:51:47,671] {dagbag.py:500} INFO - Filling up the DagBag from /home/airflow/.local/lib/python3.7/site-packages/airflow/example_dags/example_complex.py
[2022-03-24 02:51:47,928] {processor.py:654} INFO - DAG(s) dict_keys(['example_complex']) retrieved from /home/airflow/.local/lib/python3.7/site-packages/airflow/example_dags/example_complex.py
[2022-03-24 02:51:48,064] {logging_mixin.py:109} INFO - [2022-03-24 02:51:48,063] {dag.py:2398} INFO - Sync 1 DAGs
[2022-03-24 02:51:48,174] {logging_mixin.py:109} INFO - [2022-03-24 02:51:48,174] {dag.py:2937} INFO - Setting next_dagrun for example_complex to None
[2022-03-24 02:51:48,224] {processor.py:171} INFO - Processing /home/airflow/.local/lib/python3.7/site-packages/airflow/example_dags/example_complex.py took 0.629 seconds
[2022-03-24 02:52:19,356] {processor.py:163} INFO - Started process (PID=449) to work on /home/airflow/.local/lib/python3.7/site-packages/airflow/example_dags/example_complex.py
[2022-03-24 02:52:19,359] {processor.py:642} INFO - Processing file /home/airflow/.local/lib/python3.7/site-packages/airflow/example_dags/example_complex.py for tasks to queue
[2022-03-24 02:52:19,366] {logging_mixin.py:109} INFO - [2022-03-24 02:52:19,365] {dagbag.py:500} INFO - Filling up the DagBag from /home/airflow/.local/lib/python3.7/site-packages/airflow/example_dags/example_complex.py
[2022-03-24 02:52:19,548] {processor.py:654} INFO - DAG(s) dict_keys(['example_complex']) retrieved from /home/airflow/.local/lib/python3.7/site-packages/airflow/example_dags/example_complex.py
[2022-03-24 02:52:19,607] {logging_mixin.py:109} INFO - [2022-03-24 02:52:19,606] {dag.py:2398} INFO - Sync 1 DAGs
[2022-03-24 02:52:19,658] {logging_mixin.py:109} INFO - [2022-03-24 02:52:19,658] {dag.py:2937} INFO - Setting next_dagrun for example_complex to None
[2022-03-24 02:52:19,704] {processor.py:171} INFO - Processing /home/airflow/.local/lib/python3.7/site-packages/airflow/example_dags/example_complex.py took 0.365 seconds
[2022-03-24 02:52:50,034] {processor.py:163} INFO - Started process (PID=500) to work on /home/airflow/.local/lib/python3.7/site-packages/airflow/example_dags/example_complex.py
[2022-03-24 02:52:50,040] {processor.py:642} INFO - Processing file /home/airflow/.local/lib/python3.7/site-packages/airflow/example_dags/example_complex.py for tasks to queue
[2022-03-24 02:52:50,047] {logging_mixin.py:109} INFO - [2022-03-24 02:52:50,045] {dagbag.py:500} INFO - Filling up the DagBag from /home/airflow/.local/lib/python3.7/site-packages/airflow/example_dags/example_complex.py
[2022-03-24 02:52:50,205] {processor.py:654} INFO - DAG(s) dict_keys(['example_complex']) retrieved from /home/airflow/.local/lib/python3.7/site-packages/airflow/example_dags/example_complex.py
[2022-03-24 02:52:50,272] {logging_mixin.py:109} INFO - [2022-03-24 02:52:50,271] {dag.py:2398} INFO - Sync 1 DAGs
[2022-03-24 02:52:50,330] {logging_mixin.py:109} INFO - [2022-03-24 02:52:50,330] {dag.py:2937} INFO - Setting next_dagrun for example_complex to None
[2022-03-24 02:52:50,372] {processor.py:171} INFO - Processing /home/airflow/.local/lib/python3.7/site-packages/airflow/example_dags/example_complex.py took 0.350 seconds
[2022-03-24 02:53:20,571] {processor.py:163} INFO - Started process (PID=549) to work on /home/airflow/.local/lib/python3.7/site-packages/airflow/example_dags/example_complex.py
[2022-03-24 02:53:20,575] {processor.py:642} INFO - Processing file /home/airflow/.local/lib/python3.7/site-packages/airflow/example_dags/example_complex.py for tasks to queue
[2022-03-24 02:53:20,578] {logging_mixin.py:109} INFO - [2022-03-24 02:53:20,578] {dagbag.py:500} INFO - Filling up the DagBag from /home/airflow/.local/lib/python3.7/site-packages/airflow/example_dags/example_complex.py
[2022-03-24 02:53:20,651] {processor.py:654} INFO - DAG(s) dict_keys(['example_complex']) retrieved from /home/airflow/.local/lib/python3.7/site-packages/airflow/example_dags/example_complex.py
[2022-03-24 02:53:20,678] {logging_mixin.py:109} INFO - [2022-03-24 02:53:20,678] {dag.py:2398} INFO - Sync 1 DAGs
[2022-03-24 02:53:20,701] {logging_mixin.py:109} INFO - [2022-03-24 02:53:20,700] {dag.py:2937} INFO - Setting next_dagrun for example_complex to None
[2022-03-24 02:53:20,715] {processor.py:171} INFO - Processing /home/airflow/.local/lib/python3.7/site-packages/airflow/example_dags/example_complex.py took 0.166 seconds
[2022-03-24 02:53:50,964] {processor.py:163} INFO - Started process (PID=598) to work on /home/airflow/.local/lib/python3.7/site-packages/airflow/example_dags/example_complex.py
[2022-03-24 02:53:50,971] {processor.py:642} INFO - Processing file /home/airflow/.local/lib/python3.7/site-packages/airflow/example_dags/example_complex.py for tasks to queue
[2022-03-24 02:53:50,973] {logging_mixin.py:109} INFO - [2022-03-24 02:53:50,973] {dagbag.py:500} INFO - Filling up the DagBag from /home/airflow/.local/lib/python3.7/site-packages/airflow/example_dags/example_complex.py
[2022-03-24 02:53:51,062] {processor.py:654} INFO - DAG(s) dict_keys(['example_complex']) retrieved from /home/airflow/.local/lib/python3.7/site-packages/airflow/example_dags/example_complex.py
[2022-03-24 02:53:51,092] {logging_mixin.py:109} INFO - [2022-03-24 02:53:51,091] {dag.py:2398} INFO - Sync 1 DAGs
[2022-03-24 02:53:51,126] {logging_mixin.py:109} INFO - [2022-03-24 02:53:51,126] {dag.py:2937} INFO - Setting next_dagrun for example_complex to None
[2022-03-24 02:53:51,141] {processor.py:171} INFO - Processing /home/airflow/.local/lib/python3.7/site-packages/airflow/example_dags/example_complex.py took 0.181 seconds
[2022-03-24 02:54:21,329] {processor.py:163} INFO - Started process (PID=649) to work on /home/airflow/.local/lib/python3.7/site-packages/airflow/example_dags/example_complex.py
[2022-03-24 02:54:21,332] {processor.py:642} INFO - Processing file /home/airflow/.local/lib/python3.7/site-packages/airflow/example_dags/example_complex.py for tasks to queue
[2022-03-24 02:54:21,333] {logging_mixin.py:109} INFO - [2022-03-24 02:54:21,333] {dagbag.py:500} INFO - Filling up the DagBag from /home/airflow/.local/lib/python3.7/site-packages/airflow/example_dags/example_complex.py
[2022-03-24 02:54:21,389] {processor.py:654} INFO - DAG(s) dict_keys(['example_complex']) retrieved from /home/airflow/.local/lib/python3.7/site-packages/airflow/example_dags/example_complex.py
[2022-03-24 02:54:21,409] {logging_mixin.py:109} INFO - [2022-03-24 02:54:21,408] {dag.py:2398} INFO - Sync 1 DAGs
[2022-03-24 02:54:21,426] {logging_mixin.py:109} INFO - [2022-03-24 02:54:21,426] {dag.py:2937} INFO - Setting next_dagrun for example_complex to None
[2022-03-24 02:54:21,441] {processor.py:171} INFO - Processing /home/airflow/.local/lib/python3.7/site-packages/airflow/example_dags/example_complex.py took 0.119 seconds
[2022-03-24 02:54:52,264] {processor.py:163} INFO - Started process (PID=699) to work on /home/airflow/.local/lib/python3.7/site-packages/airflow/example_dags/example_complex.py
[2022-03-24 02:54:52,271] {processor.py:642} INFO - Processing file /home/airflow/.local/lib/python3.7/site-packages/airflow/example_dags/example_complex.py for tasks to queue
[2022-03-24 02:54:52,287] {logging_mixin.py:109} INFO - [2022-03-24 02:54:52,286] {dagbag.py:500} INFO - Filling up the DagBag from /home/airflow/.local/lib/python3.7/site-packages/airflow/example_dags/example_complex.py
[2022-03-24 02:54:52,440] {processor.py:654} INFO - DAG(s) dict_keys(['example_complex']) retrieved from /home/airflow/.local/lib/python3.7/site-packages/airflow/example_dags/example_complex.py
[2022-03-24 02:54:52,474] {logging_mixin.py:109} INFO - [2022-03-24 02:54:52,474] {dag.py:2398} INFO - Sync 1 DAGs
[2022-03-24 02:54:52,513] {logging_mixin.py:109} INFO - [2022-03-24 02:54:52,513] {dag.py:2937} INFO - Setting next_dagrun for example_complex to None
[2022-03-24 02:54:52,539] {processor.py:171} INFO - Processing /home/airflow/.local/lib/python3.7/site-packages/airflow/example_dags/example_complex.py took 0.288 seconds
[2022-03-24 02:55:24,133] {processor.py:163} INFO - Started process (PID=751) to work on /home/airflow/.local/lib/python3.7/site-packages/airflow/example_dags/example_complex.py
[2022-03-24 02:55:24,152] {processor.py:642} INFO - Processing file /home/airflow/.local/lib/python3.7/site-packages/airflow/example_dags/example_complex.py for tasks to queue
[2022-03-24 02:55:24,176] {logging_mixin.py:109} INFO - [2022-03-24 02:55:24,176] {dagbag.py:500} INFO - Filling up the DagBag from /home/airflow/.local/lib/python3.7/site-packages/airflow/example_dags/example_complex.py
[2022-03-24 02:55:24,428] {processor.py:654} INFO - DAG(s) dict_keys(['example_complex']) retrieved from /home/airflow/.local/lib/python3.7/site-packages/airflow/example_dags/example_complex.py
[2022-03-24 02:55:24,490] {logging_mixin.py:109} INFO - [2022-03-24 02:55:24,490] {dag.py:2398} INFO - Sync 1 DAGs
[2022-03-24 02:55:24,609] {logging_mixin.py:109} INFO - [2022-03-24 02:55:24,608] {dag.py:2937} INFO - Setting next_dagrun for example_complex to None
[2022-03-24 02:55:24,675] {processor.py:171} INFO - Processing /home/airflow/.local/lib/python3.7/site-packages/airflow/example_dags/example_complex.py took 0.565 seconds
[2022-03-24 02:55:54,961] {processor.py:163} INFO - Started process (PID=798) to work on /home/airflow/.local/lib/python3.7/site-packages/airflow/example_dags/example_complex.py
[2022-03-24 02:55:54,971] {processor.py:642} INFO - Processing file /home/airflow/.local/lib/python3.7/site-packages/airflow/example_dags/example_complex.py for tasks to queue
[2022-03-24 02:55:54,973] {logging_mixin.py:109} INFO - [2022-03-24 02:55:54,973] {dagbag.py:500} INFO - Filling up the DagBag from /home/airflow/.local/lib/python3.7/site-packages/airflow/example_dags/example_complex.py
[2022-03-24 02:55:55,256] {processor.py:654} INFO - DAG(s) dict_keys(['example_complex']) retrieved from /home/airflow/.local/lib/python3.7/site-packages/airflow/example_dags/example_complex.py
[2022-03-24 02:55:55,389] {logging_mixin.py:109} INFO - [2022-03-24 02:55:55,388] {dag.py:2398} INFO - Sync 1 DAGs
[2022-03-24 02:55:55,476] {logging_mixin.py:109} INFO - [2022-03-24 02:55:55,476] {dag.py:2937} INFO - Setting next_dagrun for example_complex to None
[2022-03-24 02:55:55,521] {processor.py:171} INFO - Processing /home/airflow/.local/lib/python3.7/site-packages/airflow/example_dags/example_complex.py took 0.564 seconds
[2022-03-24 02:56:35,873] {processor.py:163} INFO - Started process (PID=849) to work on /home/airflow/.local/lib/python3.7/site-packages/airflow/example_dags/example_complex.py
[2022-03-24 02:56:36,799] {processor.py:642} INFO - Processing file /home/airflow/.local/lib/python3.7/site-packages/airflow/example_dags/example_complex.py for tasks to queue
[2022-03-24 02:56:36,810] {logging_mixin.py:109} INFO - [2022-03-24 02:56:36,810] {dagbag.py:500} INFO - Filling up the DagBag from /home/airflow/.local/lib/python3.7/site-packages/airflow/example_dags/example_complex.py
[2022-03-24 02:56:37,560] {processor.py:654} INFO - DAG(s) dict_keys(['example_complex']) retrieved from /home/airflow/.local/lib/python3.7/site-packages/airflow/example_dags/example_complex.py
[2022-03-24 02:56:37,760] {logging_mixin.py:109} INFO - [2022-03-24 02:56:37,760] {dag.py:2398} INFO - Sync 1 DAGs
[2022-03-24 02:56:37,957] {logging_mixin.py:109} INFO - [2022-03-24 02:56:37,957] {dag.py:2937} INFO - Setting next_dagrun for example_complex to None
[2022-03-24 02:56:37,984] {processor.py:171} INFO - Processing /home/airflow/.local/lib/python3.7/site-packages/airflow/example_dags/example_complex.py took 2.120 seconds
[2022-03-24 02:57:08,831] {processor.py:163} INFO - Started process (PID=899) to work on /home/airflow/.local/lib/python3.7/site-packages/airflow/example_dags/example_complex.py
[2022-03-24 02:57:08,846] {processor.py:642} INFO - Processing file /home/airflow/.local/lib/python3.7/site-packages/airflow/example_dags/example_complex.py for tasks to queue
[2022-03-24 02:57:08,849] {logging_mixin.py:109} INFO - [2022-03-24 02:57:08,849] {dagbag.py:500} INFO - Filling up the DagBag from /home/airflow/.local/lib/python3.7/site-packages/airflow/example_dags/example_complex.py
[2022-03-24 02:57:08,976] {processor.py:654} INFO - DAG(s) dict_keys(['example_complex']) retrieved from /home/airflow/.local/lib/python3.7/site-packages/airflow/example_dags/example_complex.py
[2022-03-24 02:57:09,022] {logging_mixin.py:109} INFO - [2022-03-24 02:57:09,022] {dag.py:2398} INFO - Sync 1 DAGs
[2022-03-24 02:57:09,093] {logging_mixin.py:109} INFO - [2022-03-24 02:57:09,093] {dag.py:2937} INFO - Setting next_dagrun for example_complex to None
[2022-03-24 02:57:09,156] {processor.py:171} INFO - Processing /home/airflow/.local/lib/python3.7/site-packages/airflow/example_dags/example_complex.py took 0.356 seconds
[2022-03-24 02:57:39,536] {processor.py:163} INFO - Started process (PID=949) to work on /home/airflow/.local/lib/python3.7/site-packages/airflow/example_dags/example_complex.py
[2022-03-24 02:57:39,541] {processor.py:642} INFO - Processing file /home/airflow/.local/lib/python3.7/site-packages/airflow/example_dags/example_complex.py for tasks to queue
[2022-03-24 02:57:39,543] {logging_mixin.py:109} INFO - [2022-03-24 02:57:39,543] {dagbag.py:500} INFO - Filling up the DagBag from /home/airflow/.local/lib/python3.7/site-packages/airflow/example_dags/example_complex.py
[2022-03-24 02:57:39,695] {processor.py:654} INFO - DAG(s) dict_keys(['example_complex']) retrieved from /home/airflow/.local/lib/python3.7/site-packages/airflow/example_dags/example_complex.py
[2022-03-24 02:57:39,741] {logging_mixin.py:109} INFO - [2022-03-24 02:57:39,741] {dag.py:2398} INFO - Sync 1 DAGs
[2022-03-24 02:57:39,789] {logging_mixin.py:109} INFO - [2022-03-24 02:57:39,789] {dag.py:2937} INFO - Setting next_dagrun for example_complex to None
[2022-03-24 02:57:39,827] {processor.py:171} INFO - Processing /home/airflow/.local/lib/python3.7/site-packages/airflow/example_dags/example_complex.py took 0.344 seconds
[2022-03-24 02:58:10,543] {processor.py:163} INFO - Started process (PID=1010) to work on /home/airflow/.local/lib/python3.7/site-packages/airflow/example_dags/example_complex.py
[2022-03-24 02:58:10,551] {processor.py:642} INFO - Processing file /home/airflow/.local/lib/python3.7/site-packages/airflow/example_dags/example_complex.py for tasks to queue
[2022-03-24 02:58:10,553] {logging_mixin.py:109} INFO - [2022-03-24 02:58:10,553] {dagbag.py:500} INFO - Filling up the DagBag from /home/airflow/.local/lib/python3.7/site-packages/airflow/example_dags/example_complex.py
[2022-03-24 02:58:10,821] {processor.py:654} INFO - DAG(s) dict_keys(['example_complex']) retrieved from /home/airflow/.local/lib/python3.7/site-packages/airflow/example_dags/example_complex.py
[2022-03-24 02:58:10,934] {logging_mixin.py:109} INFO - [2022-03-24 02:58:10,931] {dag.py:2398} INFO - Sync 1 DAGs
[2022-03-24 02:58:11,026] {logging_mixin.py:109} INFO - [2022-03-24 02:58:11,026] {dag.py:2937} INFO - Setting next_dagrun for example_complex to None
[2022-03-24 02:58:11,073] {processor.py:171} INFO - Processing /home/airflow/.local/lib/python3.7/site-packages/airflow/example_dags/example_complex.py took 0.543 seconds
[2022-03-24 02:58:41,868] {processor.py:163} INFO - Started process (PID=1062) to work on /home/airflow/.local/lib/python3.7/site-packages/airflow/example_dags/example_complex.py
[2022-03-24 02:58:41,875] {processor.py:642} INFO - Processing file /home/airflow/.local/lib/python3.7/site-packages/airflow/example_dags/example_complex.py for tasks to queue
[2022-03-24 02:58:41,877] {logging_mixin.py:109} INFO - [2022-03-24 02:58:41,877] {dagbag.py:500} INFO - Filling up the DagBag from /home/airflow/.local/lib/python3.7/site-packages/airflow/example_dags/example_complex.py
[2022-03-24 02:58:41,946] {processor.py:654} INFO - DAG(s) dict_keys(['example_complex']) retrieved from /home/airflow/.local/lib/python3.7/site-packages/airflow/example_dags/example_complex.py
[2022-03-24 02:58:41,969] {logging_mixin.py:109} INFO - [2022-03-24 02:58:41,968] {dag.py:2398} INFO - Sync 1 DAGs
[2022-03-24 02:58:42,001] {logging_mixin.py:109} INFO - [2022-03-24 02:58:42,001] {dag.py:2937} INFO - Setting next_dagrun for example_complex to None
[2022-03-24 02:58:42,271] {processor.py:171} INFO - Processing /home/airflow/.local/lib/python3.7/site-packages/airflow/example_dags/example_complex.py took 0.410 seconds
[2022-03-24 02:59:12,587] {processor.py:163} INFO - Started process (PID=1114) to work on /home/airflow/.local/lib/python3.7/site-packages/airflow/example_dags/example_complex.py
[2022-03-24 02:59:12,594] {processor.py:642} INFO - Processing file /home/airflow/.local/lib/python3.7/site-packages/airflow/example_dags/example_complex.py for tasks to queue
[2022-03-24 02:59:12,599] {logging_mixin.py:109} INFO - [2022-03-24 02:59:12,598] {dagbag.py:500} INFO - Filling up the DagBag from /home/airflow/.local/lib/python3.7/site-packages/airflow/example_dags/example_complex.py
[2022-03-24 02:59:12,717] {processor.py:654} INFO - DAG(s) dict_keys(['example_complex']) retrieved from /home/airflow/.local/lib/python3.7/site-packages/airflow/example_dags/example_complex.py
[2022-03-24 02:59:12,798] {logging_mixin.py:109} INFO - [2022-03-24 02:59:12,797] {dag.py:2398} INFO - Sync 1 DAGs
[2022-03-24 02:59:12,855] {logging_mixin.py:109} INFO - [2022-03-24 02:59:12,855] {dag.py:2937} INFO - Setting next_dagrun for example_complex to None
[2022-03-24 02:59:12,884] {processor.py:171} INFO - Processing /home/airflow/.local/lib/python3.7/site-packages/airflow/example_dags/example_complex.py took 0.313 seconds
[2022-03-24 02:59:43,123] {processor.py:163} INFO - Started process (PID=1167) to work on /home/airflow/.local/lib/python3.7/site-packages/airflow/example_dags/example_complex.py
[2022-03-24 02:59:43,128] {processor.py:642} INFO - Processing file /home/airflow/.local/lib/python3.7/site-packages/airflow/example_dags/example_complex.py for tasks to queue
[2022-03-24 02:59:43,133] {logging_mixin.py:109} INFO - [2022-03-24 02:59:43,133] {dagbag.py:500} INFO - Filling up the DagBag from /home/airflow/.local/lib/python3.7/site-packages/airflow/example_dags/example_complex.py
[2022-03-24 02:59:43,223] {processor.py:654} INFO - DAG(s) dict_keys(['example_complex']) retrieved from /home/airflow/.local/lib/python3.7/site-packages/airflow/example_dags/example_complex.py
[2022-03-24 02:59:43,241] {logging_mixin.py:109} INFO - [2022-03-24 02:59:43,241] {dag.py:2398} INFO - Sync 1 DAGs
[2022-03-24 02:59:43,259] {logging_mixin.py:109} INFO - [2022-03-24 02:59:43,259] {dag.py:2937} INFO - Setting next_dagrun for example_complex to None
[2022-03-24 02:59:43,271] {processor.py:171} INFO - Processing /home/airflow/.local/lib/python3.7/site-packages/airflow/example_dags/example_complex.py took 0.165 seconds
[2022-03-24 03:00:13,463] {processor.py:163} INFO - Started process (PID=1217) to work on /home/airflow/.local/lib/python3.7/site-packages/airflow/example_dags/example_complex.py
[2022-03-24 03:00:13,641] {processor.py:642} INFO - Processing file /home/airflow/.local/lib/python3.7/site-packages/airflow/example_dags/example_complex.py for tasks to queue
[2022-03-24 03:00:13,645] {logging_mixin.py:109} INFO - [2022-03-24 03:00:13,645] {dagbag.py:500} INFO - Filling up the DagBag from /home/airflow/.local/lib/python3.7/site-packages/airflow/example_dags/example_complex.py
[2022-03-24 03:00:13,773] {processor.py:654} INFO - DAG(s) dict_keys(['example_complex']) retrieved from /home/airflow/.local/lib/python3.7/site-packages/airflow/example_dags/example_complex.py
[2022-03-24 03:00:13,935] {logging_mixin.py:109} INFO - [2022-03-24 03:00:13,935] {dag.py:2398} INFO - Sync 1 DAGs
[2022-03-24 03:00:14,136] {logging_mixin.py:109} INFO - [2022-03-24 03:00:14,136] {dag.py:2937} INFO - Setting next_dagrun for example_complex to None
[2022-03-24 03:00:14,300] {processor.py:171} INFO - Processing /home/airflow/.local/lib/python3.7/site-packages/airflow/example_dags/example_complex.py took 0.852 seconds
[2022-03-24 03:00:44,800] {processor.py:163} INFO - Started process (PID=1267) to work on /home/airflow/.local/lib/python3.7/site-packages/airflow/example_dags/example_complex.py
[2022-03-24 03:00:44,802] {processor.py:642} INFO - Processing file /home/airflow/.local/lib/python3.7/site-packages/airflow/example_dags/example_complex.py for tasks to queue
[2022-03-24 03:00:44,804] {logging_mixin.py:109} INFO - [2022-03-24 03:00:44,804] {dagbag.py:500} INFO - Filling up the DagBag from /home/airflow/.local/lib/python3.7/site-packages/airflow/example_dags/example_complex.py
[2022-03-24 03:00:44,863] {processor.py:654} INFO - DAG(s) dict_keys(['example_complex']) retrieved from /home/airflow/.local/lib/python3.7/site-packages/airflow/example_dags/example_complex.py
[2022-03-24 03:00:44,933] {logging_mixin.py:109} INFO - [2022-03-24 03:00:44,933] {dag.py:2398} INFO - Sync 1 DAGs
[2022-03-24 03:00:44,969] {logging_mixin.py:109} INFO - [2022-03-24 03:00:44,969] {dag.py:2937} INFO - Setting next_dagrun for example_complex to None
[2022-03-24 03:00:44,989] {processor.py:171} INFO - Processing /home/airflow/.local/lib/python3.7/site-packages/airflow/example_dags/example_complex.py took 0.193 seconds
[2022-03-24 03:01:15,350] {processor.py:163} INFO - Started process (PID=1317) to work on /home/airflow/.local/lib/python3.7/site-packages/airflow/example_dags/example_complex.py
[2022-03-24 03:01:15,356] {processor.py:642} INFO - Processing file /home/airflow/.local/lib/python3.7/site-packages/airflow/example_dags/example_complex.py for tasks to queue
[2022-03-24 03:01:15,359] {logging_mixin.py:109} INFO - [2022-03-24 03:01:15,358] {dagbag.py:500} INFO - Filling up the DagBag from /home/airflow/.local/lib/python3.7/site-packages/airflow/example_dags/example_complex.py
[2022-03-24 03:01:15,423] {processor.py:654} INFO - DAG(s) dict_keys(['example_complex']) retrieved from /home/airflow/.local/lib/python3.7/site-packages/airflow/example_dags/example_complex.py
[2022-03-24 03:01:15,643] {logging_mixin.py:109} INFO - [2022-03-24 03:01:15,643] {dag.py:2398} INFO - Sync 1 DAGs
[2022-03-24 03:01:15,809] {logging_mixin.py:109} INFO - [2022-03-24 03:01:15,809] {dag.py:2937} INFO - Setting next_dagrun for example_complex to None
[2022-03-24 03:01:15,985] {processor.py:171} INFO - Processing /home/airflow/.local/lib/python3.7/site-packages/airflow/example_dags/example_complex.py took 0.639 seconds
[2022-03-24 03:01:46,217] {processor.py:163} INFO - Started process (PID=1359) to work on /home/airflow/.local/lib/python3.7/site-packages/airflow/example_dags/example_complex.py
[2022-03-24 03:01:46,221] {processor.py:642} INFO - Processing file /home/airflow/.local/lib/python3.7/site-packages/airflow/example_dags/example_complex.py for tasks to queue
[2022-03-24 03:01:46,226] {logging_mixin.py:109} INFO - [2022-03-24 03:01:46,226] {dagbag.py:500} INFO - Filling up the DagBag from /home/airflow/.local/lib/python3.7/site-packages/airflow/example_dags/example_complex.py
[2022-03-24 03:01:46,301] {processor.py:654} INFO - DAG(s) dict_keys(['example_complex']) retrieved from /home/airflow/.local/lib/python3.7/site-packages/airflow/example_dags/example_complex.py
[2022-03-24 03:01:46,530] {logging_mixin.py:109} INFO - [2022-03-24 03:01:46,530] {dag.py:2398} INFO - Sync 1 DAGs
[2022-03-24 03:01:46,557] {logging_mixin.py:109} INFO - [2022-03-24 03:01:46,557] {dag.py:2937} INFO - Setting next_dagrun for example_complex to None
[2022-03-24 03:01:46,581] {processor.py:171} INFO - Processing /home/airflow/.local/lib/python3.7/site-packages/airflow/example_dags/example_complex.py took 0.372 seconds
[2022-03-24 03:02:17,416] {processor.py:163} INFO - Started process (PID=1420) to work on /home/airflow/.local/lib/python3.7/site-packages/airflow/example_dags/example_complex.py
[2022-03-24 03:02:17,502] {processor.py:642} INFO - Processing file /home/airflow/.local/lib/python3.7/site-packages/airflow/example_dags/example_complex.py for tasks to queue
[2022-03-24 03:02:17,509] {logging_mixin.py:109} INFO - [2022-03-24 03:02:17,508] {dagbag.py:500} INFO - Filling up the DagBag from /home/airflow/.local/lib/python3.7/site-packages/airflow/example_dags/example_complex.py
[2022-03-24 03:02:17,664] {processor.py:654} INFO - DAG(s) dict_keys(['example_complex']) retrieved from /home/airflow/.local/lib/python3.7/site-packages/airflow/example_dags/example_complex.py
[2022-03-24 03:02:17,758] {logging_mixin.py:109} INFO - [2022-03-24 03:02:17,757] {dag.py:2398} INFO - Sync 1 DAGs
[2022-03-24 03:02:17,955] {logging_mixin.py:109} INFO - [2022-03-24 03:02:17,955] {dag.py:2937} INFO - Setting next_dagrun for example_complex to None
[2022-03-24 03:02:18,015] {processor.py:171} INFO - Processing /home/airflow/.local/lib/python3.7/site-packages/airflow/example_dags/example_complex.py took 0.638 seconds
[2022-03-24 03:02:48,162] {processor.py:163} INFO - Started process (PID=1472) to work on /home/airflow/.local/lib/python3.7/site-packages/airflow/example_dags/example_complex.py
[2022-03-24 03:02:48,191] {processor.py:642} INFO - Processing file /home/airflow/.local/lib/python3.7/site-packages/airflow/example_dags/example_complex.py for tasks to queue
[2022-03-24 03:02:48,194] {logging_mixin.py:109} INFO - [2022-03-24 03:02:48,193] {dagbag.py:500} INFO - Filling up the DagBag from /home/airflow/.local/lib/python3.7/site-packages/airflow/example_dags/example_complex.py
[2022-03-24 03:02:48,335] {processor.py:654} INFO - DAG(s) dict_keys(['example_complex']) retrieved from /home/airflow/.local/lib/python3.7/site-packages/airflow/example_dags/example_complex.py
[2022-03-24 03:02:48,355] {logging_mixin.py:109} INFO - [2022-03-24 03:02:48,354] {dag.py:2398} INFO - Sync 1 DAGs
[2022-03-24 03:02:48,372] {logging_mixin.py:109} INFO - [2022-03-24 03:02:48,372] {dag.py:2937} INFO - Setting next_dagrun for example_complex to None
[2022-03-24 03:02:48,415] {processor.py:171} INFO - Processing /home/airflow/.local/lib/python3.7/site-packages/airflow/example_dags/example_complex.py took 0.273 seconds
[2022-03-24 03:03:18,488] {processor.py:163} INFO - Started process (PID=1522) to work on /home/airflow/.local/lib/python3.7/site-packages/airflow/example_dags/example_complex.py
[2022-03-24 03:03:18,492] {processor.py:642} INFO - Processing file /home/airflow/.local/lib/python3.7/site-packages/airflow/example_dags/example_complex.py for tasks to queue
[2022-03-24 03:03:18,494] {logging_mixin.py:109} INFO - [2022-03-24 03:03:18,494] {dagbag.py:500} INFO - Filling up the DagBag from /home/airflow/.local/lib/python3.7/site-packages/airflow/example_dags/example_complex.py
[2022-03-24 03:03:18,541] {processor.py:654} INFO - DAG(s) dict_keys(['example_complex']) retrieved from /home/airflow/.local/lib/python3.7/site-packages/airflow/example_dags/example_complex.py
[2022-03-24 03:03:18,559] {logging_mixin.py:109} INFO - [2022-03-24 03:03:18,559] {dag.py:2398} INFO - Sync 1 DAGs
[2022-03-24 03:03:18,575] {logging_mixin.py:109} INFO - [2022-03-24 03:03:18,575] {dag.py:2937} INFO - Setting next_dagrun for example_complex to None
[2022-03-24 03:03:18,603] {processor.py:171} INFO - Processing /home/airflow/.local/lib/python3.7/site-packages/airflow/example_dags/example_complex.py took 0.119 seconds
[2022-03-24 03:03:49,274] {processor.py:163} INFO - Started process (PID=1585) to work on /home/airflow/.local/lib/python3.7/site-packages/airflow/example_dags/example_complex.py
[2022-03-24 03:03:49,276] {processor.py:642} INFO - Processing file /home/airflow/.local/lib/python3.7/site-packages/airflow/example_dags/example_complex.py for tasks to queue
[2022-03-24 03:03:49,278] {logging_mixin.py:109} INFO - [2022-03-24 03:03:49,278] {dagbag.py:500} INFO - Filling up the DagBag from /home/airflow/.local/lib/python3.7/site-packages/airflow/example_dags/example_complex.py
[2022-03-24 03:03:49,364] {processor.py:654} INFO - DAG(s) dict_keys(['example_complex']) retrieved from /home/airflow/.local/lib/python3.7/site-packages/airflow/example_dags/example_complex.py
[2022-03-24 03:03:49,387] {logging_mixin.py:109} INFO - [2022-03-24 03:03:49,386] {dag.py:2398} INFO - Sync 1 DAGs
[2022-03-24 03:03:49,404] {logging_mixin.py:109} INFO - [2022-03-24 03:03:49,403] {dag.py:2937} INFO - Setting next_dagrun for example_complex to None
[2022-03-24 03:03:49,419] {processor.py:171} INFO - Processing /home/airflow/.local/lib/python3.7/site-packages/airflow/example_dags/example_complex.py took 0.149 seconds
[2022-03-24 03:04:19,590] {processor.py:163} INFO - Started process (PID=1637) to work on /home/airflow/.local/lib/python3.7/site-packages/airflow/example_dags/example_complex.py
[2022-03-24 03:04:19,601] {processor.py:642} INFO - Processing file /home/airflow/.local/lib/python3.7/site-packages/airflow/example_dags/example_complex.py for tasks to queue
[2022-03-24 03:04:19,603] {logging_mixin.py:109} INFO - [2022-03-24 03:04:19,603] {dagbag.py:500} INFO - Filling up the DagBag from /home/airflow/.local/lib/python3.7/site-packages/airflow/example_dags/example_complex.py
[2022-03-24 03:04:19,852] {processor.py:654} INFO - DAG(s) dict_keys(['example_complex']) retrieved from /home/airflow/.local/lib/python3.7/site-packages/airflow/example_dags/example_complex.py
[2022-03-24 03:04:19,889] {logging_mixin.py:109} INFO - [2022-03-24 03:04:19,889] {dag.py:2398} INFO - Sync 1 DAGs
[2022-03-24 03:04:19,941] {logging_mixin.py:109} INFO - [2022-03-24 03:04:19,941] {dag.py:2937} INFO - Setting next_dagrun for example_complex to None
[2022-03-24 03:04:19,978] {processor.py:171} INFO - Processing /home/airflow/.local/lib/python3.7/site-packages/airflow/example_dags/example_complex.py took 0.403 seconds
[2022-03-24 03:04:50,056] {processor.py:163} INFO - Started process (PID=1686) to work on /home/airflow/.local/lib/python3.7/site-packages/airflow/example_dags/example_complex.py
[2022-03-24 03:04:50,061] {processor.py:642} INFO - Processing file /home/airflow/.local/lib/python3.7/site-packages/airflow/example_dags/example_complex.py for tasks to queue
[2022-03-24 03:04:50,063] {logging_mixin.py:109} INFO - [2022-03-24 03:04:50,063] {dagbag.py:500} INFO - Filling up the DagBag from /home/airflow/.local/lib/python3.7/site-packages/airflow/example_dags/example_complex.py
[2022-03-24 03:04:50,123] {processor.py:654} INFO - DAG(s) dict_keys(['example_complex']) retrieved from /home/airflow/.local/lib/python3.7/site-packages/airflow/example_dags/example_complex.py
[2022-03-24 03:04:50,145] {logging_mixin.py:109} INFO - [2022-03-24 03:04:50,145] {dag.py:2398} INFO - Sync 1 DAGs
[2022-03-24 03:04:50,161] {logging_mixin.py:109} INFO - [2022-03-24 03:04:50,161] {dag.py:2937} INFO - Setting next_dagrun for example_complex to None
[2022-03-24 03:04:50,172] {processor.py:171} INFO - Processing /home/airflow/.local/lib/python3.7/site-packages/airflow/example_dags/example_complex.py took 0.126 seconds
[2022-03-24 03:05:20,610] {processor.py:163} INFO - Started process (PID=1737) to work on /home/airflow/.local/lib/python3.7/site-packages/airflow/example_dags/example_complex.py
[2022-03-24 03:05:20,615] {processor.py:642} INFO - Processing file /home/airflow/.local/lib/python3.7/site-packages/airflow/example_dags/example_complex.py for tasks to queue
[2022-03-24 03:05:20,619] {logging_mixin.py:109} INFO - [2022-03-24 03:05:20,618] {dagbag.py:500} INFO - Filling up the DagBag from /home/airflow/.local/lib/python3.7/site-packages/airflow/example_dags/example_complex.py
[2022-03-24 03:05:20,697] {processor.py:654} INFO - DAG(s) dict_keys(['example_complex']) retrieved from /home/airflow/.local/lib/python3.7/site-packages/airflow/example_dags/example_complex.py
[2022-03-24 03:05:20,731] {logging_mixin.py:109} INFO - [2022-03-24 03:05:20,731] {dag.py:2398} INFO - Sync 1 DAGs
[2022-03-24 03:05:20,752] {logging_mixin.py:109} INFO - [2022-03-24 03:05:20,752] {dag.py:2937} INFO - Setting next_dagrun for example_complex to None
[2022-03-24 03:05:20,771] {processor.py:171} INFO - Processing /home/airflow/.local/lib/python3.7/site-packages/airflow/example_dags/example_complex.py took 0.166 seconds
[2022-03-24 03:05:51,702] {processor.py:163} INFO - Started process (PID=1789) to work on /home/airflow/.local/lib/python3.7/site-packages/airflow/example_dags/example_complex.py
[2022-03-24 03:05:51,786] {processor.py:642} INFO - Processing file /home/airflow/.local/lib/python3.7/site-packages/airflow/example_dags/example_complex.py for tasks to queue
[2022-03-24 03:05:51,787] {logging_mixin.py:109} INFO - [2022-03-24 03:05:51,787] {dagbag.py:500} INFO - Filling up the DagBag from /home/airflow/.local/lib/python3.7/site-packages/airflow/example_dags/example_complex.py
[2022-03-24 03:05:51,835] {processor.py:654} INFO - DAG(s) dict_keys(['example_complex']) retrieved from /home/airflow/.local/lib/python3.7/site-packages/airflow/example_dags/example_complex.py
[2022-03-24 03:05:51,898] {logging_mixin.py:109} INFO - [2022-03-24 03:05:51,898] {dag.py:2398} INFO - Sync 1 DAGs
[2022-03-24 03:05:51,920] {logging_mixin.py:109} INFO - [2022-03-24 03:05:51,920] {dag.py:2937} INFO - Setting next_dagrun for example_complex to None
[2022-03-24 03:05:51,954] {processor.py:171} INFO - Processing /home/airflow/.local/lib/python3.7/site-packages/airflow/example_dags/example_complex.py took 0.255 seconds
[2022-03-24 03:06:22,363] {processor.py:163} INFO - Started process (PID=1839) to work on /home/airflow/.local/lib/python3.7/site-packages/airflow/example_dags/example_complex.py
[2022-03-24 03:06:22,366] {processor.py:642} INFO - Processing file /home/airflow/.local/lib/python3.7/site-packages/airflow/example_dags/example_complex.py for tasks to queue
[2022-03-24 03:06:22,369] {logging_mixin.py:109} INFO - [2022-03-24 03:06:22,369] {dagbag.py:500} INFO - Filling up the DagBag from /home/airflow/.local/lib/python3.7/site-packages/airflow/example_dags/example_complex.py
[2022-03-24 03:06:22,433] {processor.py:654} INFO - DAG(s) dict_keys(['example_complex']) retrieved from /home/airflow/.local/lib/python3.7/site-packages/airflow/example_dags/example_complex.py
[2022-03-24 03:06:22,450] {logging_mixin.py:109} INFO - [2022-03-24 03:06:22,450] {dag.py:2398} INFO - Sync 1 DAGs
[2022-03-24 03:06:22,466] {logging_mixin.py:109} INFO - [2022-03-24 03:06:22,466] {dag.py:2937} INFO - Setting next_dagrun for example_complex to None
[2022-03-24 03:06:22,483] {processor.py:171} INFO - Processing /home/airflow/.local/lib/python3.7/site-packages/airflow/example_dags/example_complex.py took 0.129 seconds
[2022-03-24 03:06:52,554] {processor.py:163} INFO - Started process (PID=1888) to work on /home/airflow/.local/lib/python3.7/site-packages/airflow/example_dags/example_complex.py
[2022-03-24 03:06:52,558] {processor.py:642} INFO - Processing file /home/airflow/.local/lib/python3.7/site-packages/airflow/example_dags/example_complex.py for tasks to queue
[2022-03-24 03:06:52,560] {logging_mixin.py:109} INFO - [2022-03-24 03:06:52,560] {dagbag.py:500} INFO - Filling up the DagBag from /home/airflow/.local/lib/python3.7/site-packages/airflow/example_dags/example_complex.py
[2022-03-24 03:06:52,638] {processor.py:654} INFO - DAG(s) dict_keys(['example_complex']) retrieved from /home/airflow/.local/lib/python3.7/site-packages/airflow/example_dags/example_complex.py
[2022-03-24 03:06:52,661] {logging_mixin.py:109} INFO - [2022-03-24 03:06:52,660] {dag.py:2398} INFO - Sync 1 DAGs
[2022-03-24 03:06:52,678] {logging_mixin.py:109} INFO - [2022-03-24 03:06:52,678] {dag.py:2937} INFO - Setting next_dagrun for example_complex to None
[2022-03-24 03:06:52,690] {processor.py:171} INFO - Processing /home/airflow/.local/lib/python3.7/site-packages/airflow/example_dags/example_complex.py took 0.144 seconds
[2022-03-24 03:07:23,509] {processor.py:163} INFO - Started process (PID=1939) to work on /home/airflow/.local/lib/python3.7/site-packages/airflow/example_dags/example_complex.py
[2022-03-24 03:07:23,513] {processor.py:642} INFO - Processing file /home/airflow/.local/lib/python3.7/site-packages/airflow/example_dags/example_complex.py for tasks to queue
[2022-03-24 03:07:23,516] {logging_mixin.py:109} INFO - [2022-03-24 03:07:23,516] {dagbag.py:500} INFO - Filling up the DagBag from /home/airflow/.local/lib/python3.7/site-packages/airflow/example_dags/example_complex.py
[2022-03-24 03:07:23,567] {processor.py:654} INFO - DAG(s) dict_keys(['example_complex']) retrieved from /home/airflow/.local/lib/python3.7/site-packages/airflow/example_dags/example_complex.py
[2022-03-24 03:07:23,589] {logging_mixin.py:109} INFO - [2022-03-24 03:07:23,588] {dag.py:2398} INFO - Sync 1 DAGs
[2022-03-24 03:07:23,610] {logging_mixin.py:109} INFO - [2022-03-24 03:07:23,609] {dag.py:2937} INFO - Setting next_dagrun for example_complex to None
[2022-03-24 03:07:23,628] {processor.py:171} INFO - Processing /home/airflow/.local/lib/python3.7/site-packages/airflow/example_dags/example_complex.py took 0.135 seconds
[2022-03-24 03:07:53,998] {processor.py:163} INFO - Started process (PID=1991) to work on /home/airflow/.local/lib/python3.7/site-packages/airflow/example_dags/example_complex.py
[2022-03-24 03:07:54,003] {processor.py:642} INFO - Processing file /home/airflow/.local/lib/python3.7/site-packages/airflow/example_dags/example_complex.py for tasks to queue
[2022-03-24 03:07:54,008] {logging_mixin.py:109} INFO - [2022-03-24 03:07:54,008] {dagbag.py:500} INFO - Filling up the DagBag from /home/airflow/.local/lib/python3.7/site-packages/airflow/example_dags/example_complex.py
[2022-03-24 03:07:54,100] {processor.py:654} INFO - DAG(s) dict_keys(['example_complex']) retrieved from /home/airflow/.local/lib/python3.7/site-packages/airflow/example_dags/example_complex.py
[2022-03-24 03:07:54,176] {logging_mixin.py:109} INFO - [2022-03-24 03:07:54,176] {dag.py:2398} INFO - Sync 1 DAGs
[2022-03-24 03:07:54,214] {logging_mixin.py:109} INFO - [2022-03-24 03:07:54,214] {dag.py:2937} INFO - Setting next_dagrun for example_complex to None
[2022-03-24 03:07:54,235] {processor.py:171} INFO - Processing /home/airflow/.local/lib/python3.7/site-packages/airflow/example_dags/example_complex.py took 0.248 seconds
[2022-03-24 03:08:25,061] {processor.py:163} INFO - Started process (PID=2051) to work on /home/airflow/.local/lib/python3.7/site-packages/airflow/example_dags/example_complex.py
[2022-03-24 03:08:25,101] {processor.py:642} INFO - Processing file /home/airflow/.local/lib/python3.7/site-packages/airflow/example_dags/example_complex.py for tasks to queue
[2022-03-24 03:08:25,103] {logging_mixin.py:109} INFO - [2022-03-24 03:08:25,103] {dagbag.py:500} INFO - Filling up the DagBag from /home/airflow/.local/lib/python3.7/site-packages/airflow/example_dags/example_complex.py
[2022-03-24 03:08:25,285] {processor.py:654} INFO - DAG(s) dict_keys(['example_complex']) retrieved from /home/airflow/.local/lib/python3.7/site-packages/airflow/example_dags/example_complex.py
[2022-03-24 03:08:25,352] {logging_mixin.py:109} INFO - [2022-03-24 03:08:25,352] {dag.py:2398} INFO - Sync 1 DAGs
[2022-03-24 03:08:25,396] {logging_mixin.py:109} INFO - [2022-03-24 03:08:25,395] {dag.py:2937} INFO - Setting next_dagrun for example_complex to None
[2022-03-24 03:08:25,423] {processor.py:171} INFO - Processing /home/airflow/.local/lib/python3.7/site-packages/airflow/example_dags/example_complex.py took 0.373 seconds
[2022-03-24 03:08:55,548] {processor.py:163} INFO - Started process (PID=2106) to work on /home/airflow/.local/lib/python3.7/site-packages/airflow/example_dags/example_complex.py
[2022-03-24 03:08:55,552] {processor.py:642} INFO - Processing file /home/airflow/.local/lib/python3.7/site-packages/airflow/example_dags/example_complex.py for tasks to queue
[2022-03-24 03:08:55,556] {logging_mixin.py:109} INFO - [2022-03-24 03:08:55,556] {dagbag.py:500} INFO - Filling up the DagBag from /home/airflow/.local/lib/python3.7/site-packages/airflow/example_dags/example_complex.py
[2022-03-24 03:08:55,614] {processor.py:654} INFO - DAG(s) dict_keys(['example_complex']) retrieved from /home/airflow/.local/lib/python3.7/site-packages/airflow/example_dags/example_complex.py
[2022-03-24 03:08:55,637] {logging_mixin.py:109} INFO - [2022-03-24 03:08:55,637] {dag.py:2398} INFO - Sync 1 DAGs
[2022-03-24 03:08:55,660] {logging_mixin.py:109} INFO - [2022-03-24 03:08:55,660] {dag.py:2937} INFO - Setting next_dagrun for example_complex to None
[2022-03-24 03:08:55,676] {processor.py:171} INFO - Processing /home/airflow/.local/lib/python3.7/site-packages/airflow/example_dags/example_complex.py took 0.145 seconds
[2022-03-24 03:09:25,759] {processor.py:163} INFO - Started process (PID=2157) to work on /home/airflow/.local/lib/python3.7/site-packages/airflow/example_dags/example_complex.py
[2022-03-24 03:09:25,769] {processor.py:642} INFO - Processing file /home/airflow/.local/lib/python3.7/site-packages/airflow/example_dags/example_complex.py for tasks to queue
[2022-03-24 03:09:25,771] {logging_mixin.py:109} INFO - [2022-03-24 03:09:25,771] {dagbag.py:500} INFO - Filling up the DagBag from /home/airflow/.local/lib/python3.7/site-packages/airflow/example_dags/example_complex.py
[2022-03-24 03:09:25,864] {processor.py:654} INFO - DAG(s) dict_keys(['example_complex']) retrieved from /home/airflow/.local/lib/python3.7/site-packages/airflow/example_dags/example_complex.py
[2022-03-24 03:09:25,888] {logging_mixin.py:109} INFO - [2022-03-24 03:09:25,888] {dag.py:2398} INFO - Sync 1 DAGs
[2022-03-24 03:09:25,910] {logging_mixin.py:109} INFO - [2022-03-24 03:09:25,909] {dag.py:2937} INFO - Setting next_dagrun for example_complex to None
[2022-03-24 03:09:25,947] {processor.py:171} INFO - Processing /home/airflow/.local/lib/python3.7/site-packages/airflow/example_dags/example_complex.py took 0.197 seconds
[2022-03-24 03:09:56,983] {processor.py:163} INFO - Started process (PID=2208) to work on /home/airflow/.local/lib/python3.7/site-packages/airflow/example_dags/example_complex.py
[2022-03-24 03:09:57,001] {processor.py:642} INFO - Processing file /home/airflow/.local/lib/python3.7/site-packages/airflow/example_dags/example_complex.py for tasks to queue
[2022-03-24 03:09:57,014] {logging_mixin.py:109} INFO - [2022-03-24 03:09:57,014] {dagbag.py:500} INFO - Filling up the DagBag from /home/airflow/.local/lib/python3.7/site-packages/airflow/example_dags/example_complex.py
[2022-03-24 03:09:57,186] {processor.py:654} INFO - DAG(s) dict_keys(['example_complex']) retrieved from /home/airflow/.local/lib/python3.7/site-packages/airflow/example_dags/example_complex.py
[2022-03-24 03:09:57,234] {logging_mixin.py:109} INFO - [2022-03-24 03:09:57,233] {dag.py:2398} INFO - Sync 1 DAGs
[2022-03-24 03:09:57,347] {logging_mixin.py:109} INFO - [2022-03-24 03:09:57,347] {dag.py:2937} INFO - Setting next_dagrun for example_complex to None
[2022-03-24 03:09:57,409] {processor.py:171} INFO - Processing /home/airflow/.local/lib/python3.7/site-packages/airflow/example_dags/example_complex.py took 0.459 seconds
[2022-03-24 03:10:29,171] {processor.py:163} INFO - Started process (PID=2260) to work on /home/airflow/.local/lib/python3.7/site-packages/airflow/example_dags/example_complex.py
[2022-03-24 03:10:29,210] {processor.py:642} INFO - Processing file /home/airflow/.local/lib/python3.7/site-packages/airflow/example_dags/example_complex.py for tasks to queue
[2022-03-24 03:10:29,299] {logging_mixin.py:109} INFO - [2022-03-24 03:10:29,298] {dagbag.py:500} INFO - Filling up the DagBag from /home/airflow/.local/lib/python3.7/site-packages/airflow/example_dags/example_complex.py
[2022-03-24 03:10:29,543] {processor.py:654} INFO - DAG(s) dict_keys(['example_complex']) retrieved from /home/airflow/.local/lib/python3.7/site-packages/airflow/example_dags/example_complex.py
[2022-03-24 03:10:29,756] {logging_mixin.py:109} INFO - [2022-03-24 03:10:29,756] {dag.py:2398} INFO - Sync 1 DAGs
[2022-03-24 03:10:30,109] {logging_mixin.py:109} INFO - [2022-03-24 03:10:30,108] {dag.py:2937} INFO - Setting next_dagrun for example_complex to None
[2022-03-24 03:10:30,391] {processor.py:171} INFO - Processing /home/airflow/.local/lib/python3.7/site-packages/airflow/example_dags/example_complex.py took 1.252 seconds
[2022-03-24 03:11:00,502] {processor.py:163} INFO - Started process (PID=2310) to work on /home/airflow/.local/lib/python3.7/site-packages/airflow/example_dags/example_complex.py
[2022-03-24 03:11:01,018] {processor.py:642} INFO - Processing file /home/airflow/.local/lib/python3.7/site-packages/airflow/example_dags/example_complex.py for tasks to queue
[2022-03-24 03:11:01,029] {logging_mixin.py:109} INFO - [2022-03-24 03:11:01,027] {dagbag.py:500} INFO - Filling up the DagBag from /home/airflow/.local/lib/python3.7/site-packages/airflow/example_dags/example_complex.py
[2022-03-24 03:11:01,188] {processor.py:654} INFO - DAG(s) dict_keys(['example_complex']) retrieved from /home/airflow/.local/lib/python3.7/site-packages/airflow/example_dags/example_complex.py
[2022-03-24 03:11:01,234] {logging_mixin.py:109} INFO - [2022-03-24 03:11:01,234] {dag.py:2398} INFO - Sync 1 DAGs
[2022-03-24 03:11:01,259] {logging_mixin.py:109} INFO - [2022-03-24 03:11:01,259] {dag.py:2937} INFO - Setting next_dagrun for example_complex to None
[2022-03-24 03:11:01,276] {processor.py:171} INFO - Processing /home/airflow/.local/lib/python3.7/site-packages/airflow/example_dags/example_complex.py took 0.782 seconds
[2022-03-24 03:11:32,065] {processor.py:163} INFO - Started process (PID=2361) to work on /home/airflow/.local/lib/python3.7/site-packages/airflow/example_dags/example_complex.py
[2022-03-24 03:11:32,069] {processor.py:642} INFO - Processing file /home/airflow/.local/lib/python3.7/site-packages/airflow/example_dags/example_complex.py for tasks to queue
[2022-03-24 03:11:32,073] {logging_mixin.py:109} INFO - [2022-03-24 03:11:32,073] {dagbag.py:500} INFO - Filling up the DagBag from /home/airflow/.local/lib/python3.7/site-packages/airflow/example_dags/example_complex.py
[2022-03-24 03:11:32,254] {processor.py:654} INFO - DAG(s) dict_keys(['example_complex']) retrieved from /home/airflow/.local/lib/python3.7/site-packages/airflow/example_dags/example_complex.py
[2022-03-24 03:11:32,291] {logging_mixin.py:109} INFO - [2022-03-24 03:11:32,291] {dag.py:2398} INFO - Sync 1 DAGs
[2022-03-24 03:11:32,326] {logging_mixin.py:109} INFO - [2022-03-24 03:11:32,326] {dag.py:2937} INFO - Setting next_dagrun for example_complex to None
[2022-03-24 03:11:32,343] {processor.py:171} INFO - Processing /home/airflow/.local/lib/python3.7/site-packages/airflow/example_dags/example_complex.py took 0.282 seconds
[2022-03-24 03:12:02,554] {processor.py:163} INFO - Started process (PID=2410) to work on /home/airflow/.local/lib/python3.7/site-packages/airflow/example_dags/example_complex.py
[2022-03-24 03:12:02,561] {processor.py:642} INFO - Processing file /home/airflow/.local/lib/python3.7/site-packages/airflow/example_dags/example_complex.py for tasks to queue
[2022-03-24 03:12:02,565] {logging_mixin.py:109} INFO - [2022-03-24 03:12:02,564] {dagbag.py:500} INFO - Filling up the DagBag from /home/airflow/.local/lib/python3.7/site-packages/airflow/example_dags/example_complex.py
[2022-03-24 03:12:02,633] {processor.py:654} INFO - DAG(s) dict_keys(['example_complex']) retrieved from /home/airflow/.local/lib/python3.7/site-packages/airflow/example_dags/example_complex.py
[2022-03-24 03:12:02,656] {logging_mixin.py:109} INFO - [2022-03-24 03:12:02,656] {dag.py:2398} INFO - Sync 1 DAGs
[2022-03-24 03:12:02,688] {logging_mixin.py:109} INFO - [2022-03-24 03:12:02,688] {dag.py:2937} INFO - Setting next_dagrun for example_complex to None
[2022-03-24 03:12:02,718] {processor.py:171} INFO - Processing /home/airflow/.local/lib/python3.7/site-packages/airflow/example_dags/example_complex.py took 0.167 seconds
[2022-03-24 03:12:32,917] {processor.py:163} INFO - Started process (PID=2461) to work on /home/airflow/.local/lib/python3.7/site-packages/airflow/example_dags/example_complex.py
[2022-03-24 03:12:32,920] {processor.py:642} INFO - Processing file /home/airflow/.local/lib/python3.7/site-packages/airflow/example_dags/example_complex.py for tasks to queue
[2022-03-24 03:12:32,922] {logging_mixin.py:109} INFO - [2022-03-24 03:12:32,921] {dagbag.py:500} INFO - Filling up the DagBag from /home/airflow/.local/lib/python3.7/site-packages/airflow/example_dags/example_complex.py
[2022-03-24 03:12:32,985] {processor.py:654} INFO - DAG(s) dict_keys(['example_complex']) retrieved from /home/airflow/.local/lib/python3.7/site-packages/airflow/example_dags/example_complex.py
[2022-03-24 03:12:33,006] {logging_mixin.py:109} INFO - [2022-03-24 03:12:33,006] {dag.py:2398} INFO - Sync 1 DAGs
[2022-03-24 03:12:33,024] {logging_mixin.py:109} INFO - [2022-03-24 03:12:33,024] {dag.py:2937} INFO - Setting next_dagrun for example_complex to None
[2022-03-24 03:12:33,071] {processor.py:171} INFO - Processing /home/airflow/.local/lib/python3.7/site-packages/airflow/example_dags/example_complex.py took 0.159 seconds
[2022-03-24 03:13:03,239] {processor.py:163} INFO - Started process (PID=2514) to work on /home/airflow/.local/lib/python3.7/site-packages/airflow/example_dags/example_complex.py
[2022-03-24 03:13:03,247] {processor.py:642} INFO - Processing file /home/airflow/.local/lib/python3.7/site-packages/airflow/example_dags/example_complex.py for tasks to queue
[2022-03-24 03:13:03,249] {logging_mixin.py:109} INFO - [2022-03-24 03:13:03,248] {dagbag.py:500} INFO - Filling up the DagBag from /home/airflow/.local/lib/python3.7/site-packages/airflow/example_dags/example_complex.py
[2022-03-24 03:13:03,384] {processor.py:654} INFO - DAG(s) dict_keys(['example_complex']) retrieved from /home/airflow/.local/lib/python3.7/site-packages/airflow/example_dags/example_complex.py
[2022-03-24 03:13:03,408] {logging_mixin.py:109} INFO - [2022-03-24 03:13:03,408] {dag.py:2398} INFO - Sync 1 DAGs
[2022-03-24 03:13:03,426] {logging_mixin.py:109} INFO - [2022-03-24 03:13:03,426] {dag.py:2937} INFO - Setting next_dagrun for example_complex to None
[2022-03-24 03:13:03,448] {processor.py:171} INFO - Processing /home/airflow/.local/lib/python3.7/site-packages/airflow/example_dags/example_complex.py took 0.214 seconds
[2022-03-24 03:13:34,080] {processor.py:163} INFO - Started process (PID=2566) to work on /home/airflow/.local/lib/python3.7/site-packages/airflow/example_dags/example_complex.py
[2022-03-24 03:13:34,087] {processor.py:642} INFO - Processing file /home/airflow/.local/lib/python3.7/site-packages/airflow/example_dags/example_complex.py for tasks to queue
[2022-03-24 03:13:34,089] {logging_mixin.py:109} INFO - [2022-03-24 03:13:34,088] {dagbag.py:500} INFO - Filling up the DagBag from /home/airflow/.local/lib/python3.7/site-packages/airflow/example_dags/example_complex.py
[2022-03-24 03:13:34,200] {processor.py:654} INFO - DAG(s) dict_keys(['example_complex']) retrieved from /home/airflow/.local/lib/python3.7/site-packages/airflow/example_dags/example_complex.py
[2022-03-24 03:13:34,232] {logging_mixin.py:109} INFO - [2022-03-24 03:13:34,232] {dag.py:2398} INFO - Sync 1 DAGs
[2022-03-24 03:13:34,265] {logging_mixin.py:109} INFO - [2022-03-24 03:13:34,265] {dag.py:2937} INFO - Setting next_dagrun for example_complex to None
[2022-03-24 03:13:34,301] {processor.py:171} INFO - Processing /home/airflow/.local/lib/python3.7/site-packages/airflow/example_dags/example_complex.py took 0.233 seconds
[2022-03-24 03:14:04,633] {processor.py:163} INFO - Started process (PID=2620) to work on /home/airflow/.local/lib/python3.7/site-packages/airflow/example_dags/example_complex.py
[2022-03-24 03:14:04,639] {processor.py:642} INFO - Processing file /home/airflow/.local/lib/python3.7/site-packages/airflow/example_dags/example_complex.py for tasks to queue
[2022-03-24 03:14:04,641] {logging_mixin.py:109} INFO - [2022-03-24 03:14:04,641] {dagbag.py:500} INFO - Filling up the DagBag from /home/airflow/.local/lib/python3.7/site-packages/airflow/example_dags/example_complex.py
[2022-03-24 03:14:04,705] {processor.py:654} INFO - DAG(s) dict_keys(['example_complex']) retrieved from /home/airflow/.local/lib/python3.7/site-packages/airflow/example_dags/example_complex.py
[2022-03-24 03:14:04,728] {logging_mixin.py:109} INFO - [2022-03-24 03:14:04,728] {dag.py:2398} INFO - Sync 1 DAGs
[2022-03-24 03:14:04,760] {logging_mixin.py:109} INFO - [2022-03-24 03:14:04,760] {dag.py:2937} INFO - Setting next_dagrun for example_complex to None
[2022-03-24 03:14:04,773] {processor.py:171} INFO - Processing /home/airflow/.local/lib/python3.7/site-packages/airflow/example_dags/example_complex.py took 0.148 seconds
[2022-03-24 03:14:35,242] {processor.py:163} INFO - Started process (PID=2671) to work on /home/airflow/.local/lib/python3.7/site-packages/airflow/example_dags/example_complex.py
[2022-03-24 03:14:35,253] {processor.py:642} INFO - Processing file /home/airflow/.local/lib/python3.7/site-packages/airflow/example_dags/example_complex.py for tasks to queue
[2022-03-24 03:14:35,257] {logging_mixin.py:109} INFO - [2022-03-24 03:14:35,256] {dagbag.py:500} INFO - Filling up the DagBag from /home/airflow/.local/lib/python3.7/site-packages/airflow/example_dags/example_complex.py
[2022-03-24 03:14:35,317] {processor.py:654} INFO - DAG(s) dict_keys(['example_complex']) retrieved from /home/airflow/.local/lib/python3.7/site-packages/airflow/example_dags/example_complex.py
[2022-03-24 03:14:35,342] {logging_mixin.py:109} INFO - [2022-03-24 03:14:35,341] {dag.py:2398} INFO - Sync 1 DAGs
[2022-03-24 03:14:35,368] {logging_mixin.py:109} INFO - [2022-03-24 03:14:35,367] {dag.py:2937} INFO - Setting next_dagrun for example_complex to None
[2022-03-24 03:14:35,400] {processor.py:171} INFO - Processing /home/airflow/.local/lib/python3.7/site-packages/airflow/example_dags/example_complex.py took 0.165 seconds
[2022-03-24 03:15:05,766] {processor.py:163} INFO - Started process (PID=2724) to work on /home/airflow/.local/lib/python3.7/site-packages/airflow/example_dags/example_complex.py
[2022-03-24 03:15:06,047] {processor.py:642} INFO - Processing file /home/airflow/.local/lib/python3.7/site-packages/airflow/example_dags/example_complex.py for tasks to queue
[2022-03-24 03:15:06,053] {logging_mixin.py:109} INFO - [2022-03-24 03:15:06,053] {dagbag.py:500} INFO - Filling up the DagBag from /home/airflow/.local/lib/python3.7/site-packages/airflow/example_dags/example_complex.py
[2022-03-24 03:15:06,215] {processor.py:654} INFO - DAG(s) dict_keys(['example_complex']) retrieved from /home/airflow/.local/lib/python3.7/site-packages/airflow/example_dags/example_complex.py
[2022-03-24 03:15:06,518] {logging_mixin.py:109} INFO - [2022-03-24 03:15:06,518] {dag.py:2398} INFO - Sync 1 DAGs
[2022-03-24 03:15:07,068] {logging_mixin.py:109} INFO - [2022-03-24 03:15:07,068] {dag.py:2937} INFO - Setting next_dagrun for example_complex to None
[2022-03-24 03:15:07,121] {processor.py:171} INFO - Processing /home/airflow/.local/lib/python3.7/site-packages/airflow/example_dags/example_complex.py took 1.368 seconds
[2022-03-24 03:15:38,213] {processor.py:163} INFO - Started process (PID=2778) to work on /home/airflow/.local/lib/python3.7/site-packages/airflow/example_dags/example_complex.py
[2022-03-24 03:15:38,216] {processor.py:642} INFO - Processing file /home/airflow/.local/lib/python3.7/site-packages/airflow/example_dags/example_complex.py for tasks to queue
[2022-03-24 03:15:38,218] {logging_mixin.py:109} INFO - [2022-03-24 03:15:38,218] {dagbag.py:500} INFO - Filling up the DagBag from /home/airflow/.local/lib/python3.7/site-packages/airflow/example_dags/example_complex.py
[2022-03-24 03:15:38,284] {processor.py:654} INFO - DAG(s) dict_keys(['example_complex']) retrieved from /home/airflow/.local/lib/python3.7/site-packages/airflow/example_dags/example_complex.py
[2022-03-24 03:15:38,301] {logging_mixin.py:109} INFO - [2022-03-24 03:15:38,301] {dag.py:2398} INFO - Sync 1 DAGs
[2022-03-24 03:15:38,322] {logging_mixin.py:109} INFO - [2022-03-24 03:15:38,322] {dag.py:2937} INFO - Setting next_dagrun for example_complex to None
[2022-03-24 03:15:38,334] {processor.py:171} INFO - Processing /home/airflow/.local/lib/python3.7/site-packages/airflow/example_dags/example_complex.py took 0.125 seconds
[2022-03-24 03:16:08,429] {processor.py:163} INFO - Started process (PID=2825) to work on /home/airflow/.local/lib/python3.7/site-packages/airflow/example_dags/example_complex.py
[2022-03-24 03:16:08,538] {processor.py:642} INFO - Processing file /home/airflow/.local/lib/python3.7/site-packages/airflow/example_dags/example_complex.py for tasks to queue
[2022-03-24 03:16:08,850] {logging_mixin.py:109} INFO - [2022-03-24 03:16:08,850] {dagbag.py:500} INFO - Filling up the DagBag from /home/airflow/.local/lib/python3.7/site-packages/airflow/example_dags/example_complex.py
[2022-03-24 03:16:09,316] {processor.py:654} INFO - DAG(s) dict_keys(['example_complex']) retrieved from /home/airflow/.local/lib/python3.7/site-packages/airflow/example_dags/example_complex.py
[2022-03-24 03:16:10,791] {logging_mixin.py:109} INFO - [2022-03-24 03:16:10,790] {dag.py:2398} INFO - Sync 1 DAGs
[2022-03-24 03:16:11,480] {logging_mixin.py:109} INFO - [2022-03-24 03:16:11,480] {dag.py:2937} INFO - Setting next_dagrun for example_complex to None
[2022-03-24 03:16:11,563] {processor.py:171} INFO - Processing /home/airflow/.local/lib/python3.7/site-packages/airflow/example_dags/example_complex.py took 3.138 seconds
[2022-03-24 03:16:41,890] {processor.py:163} INFO - Started process (PID=2884) to work on /home/airflow/.local/lib/python3.7/site-packages/airflow/example_dags/example_complex.py
[2022-03-24 03:16:41,911] {processor.py:642} INFO - Processing file /home/airflow/.local/lib/python3.7/site-packages/airflow/example_dags/example_complex.py for tasks to queue
[2022-03-24 03:16:41,917] {logging_mixin.py:109} INFO - [2022-03-24 03:16:41,917] {dagbag.py:500} INFO - Filling up the DagBag from /home/airflow/.local/lib/python3.7/site-packages/airflow/example_dags/example_complex.py
[2022-03-24 03:16:42,227] {processor.py:654} INFO - DAG(s) dict_keys(['example_complex']) retrieved from /home/airflow/.local/lib/python3.7/site-packages/airflow/example_dags/example_complex.py
[2022-03-24 03:16:42,312] {logging_mixin.py:109} INFO - [2022-03-24 03:16:42,312] {dag.py:2398} INFO - Sync 1 DAGs
[2022-03-24 03:16:42,382] {logging_mixin.py:109} INFO - [2022-03-24 03:16:42,381] {dag.py:2937} INFO - Setting next_dagrun for example_complex to None
[2022-03-24 03:16:42,421] {processor.py:171} INFO - Processing /home/airflow/.local/lib/python3.7/site-packages/airflow/example_dags/example_complex.py took 0.543 seconds
[2022-03-24 03:17:12,888] {processor.py:163} INFO - Started process (PID=2938) to work on /home/airflow/.local/lib/python3.7/site-packages/airflow/example_dags/example_complex.py
[2022-03-24 03:17:12,891] {processor.py:642} INFO - Processing file /home/airflow/.local/lib/python3.7/site-packages/airflow/example_dags/example_complex.py for tasks to queue
[2022-03-24 03:17:12,894] {logging_mixin.py:109} INFO - [2022-03-24 03:17:12,893] {dagbag.py:500} INFO - Filling up the DagBag from /home/airflow/.local/lib/python3.7/site-packages/airflow/example_dags/example_complex.py
[2022-03-24 03:17:12,953] {processor.py:654} INFO - DAG(s) dict_keys(['example_complex']) retrieved from /home/airflow/.local/lib/python3.7/site-packages/airflow/example_dags/example_complex.py
[2022-03-24 03:17:12,976] {logging_mixin.py:109} INFO - [2022-03-24 03:17:12,976] {dag.py:2398} INFO - Sync 1 DAGs
[2022-03-24 03:17:13,010] {logging_mixin.py:109} INFO - [2022-03-24 03:17:13,010] {dag.py:2937} INFO - Setting next_dagrun for example_complex to None
[2022-03-24 03:17:13,027] {processor.py:171} INFO - Processing /home/airflow/.local/lib/python3.7/site-packages/airflow/example_dags/example_complex.py took 0.150 seconds
[2022-03-24 03:17:43,596] {processor.py:163} INFO - Started process (PID=2990) to work on /home/airflow/.local/lib/python3.7/site-packages/airflow/example_dags/example_complex.py
[2022-03-24 03:17:43,599] {processor.py:642} INFO - Processing file /home/airflow/.local/lib/python3.7/site-packages/airflow/example_dags/example_complex.py for tasks to queue
[2022-03-24 03:17:43,600] {logging_mixin.py:109} INFO - [2022-03-24 03:17:43,600] {dagbag.py:500} INFO - Filling up the DagBag from /home/airflow/.local/lib/python3.7/site-packages/airflow/example_dags/example_complex.py
[2022-03-24 03:17:43,653] {processor.py:654} INFO - DAG(s) dict_keys(['example_complex']) retrieved from /home/airflow/.local/lib/python3.7/site-packages/airflow/example_dags/example_complex.py
[2022-03-24 03:17:43,669] {logging_mixin.py:109} INFO - [2022-03-24 03:17:43,669] {dag.py:2398} INFO - Sync 1 DAGs
[2022-03-24 03:17:43,685] {logging_mixin.py:109} INFO - [2022-03-24 03:17:43,685] {dag.py:2937} INFO - Setting next_dagrun for example_complex to None
[2022-03-24 03:17:43,700] {processor.py:171} INFO - Processing /home/airflow/.local/lib/python3.7/site-packages/airflow/example_dags/example_complex.py took 0.108 seconds
[2022-03-24 03:18:14,029] {processor.py:163} INFO - Started process (PID=3042) to work on /home/airflow/.local/lib/python3.7/site-packages/airflow/example_dags/example_complex.py
[2022-03-24 03:18:14,033] {processor.py:642} INFO - Processing file /home/airflow/.local/lib/python3.7/site-packages/airflow/example_dags/example_complex.py for tasks to queue
[2022-03-24 03:18:14,036] {logging_mixin.py:109} INFO - [2022-03-24 03:18:14,035] {dagbag.py:500} INFO - Filling up the DagBag from /home/airflow/.local/lib/python3.7/site-packages/airflow/example_dags/example_complex.py
[2022-03-24 03:18:14,112] {processor.py:654} INFO - DAG(s) dict_keys(['example_complex']) retrieved from /home/airflow/.local/lib/python3.7/site-packages/airflow/example_dags/example_complex.py
[2022-03-24 03:18:14,137] {logging_mixin.py:109} INFO - [2022-03-24 03:18:14,137] {dag.py:2398} INFO - Sync 1 DAGs
[2022-03-24 03:18:14,154] {logging_mixin.py:109} INFO - [2022-03-24 03:18:14,154] {dag.py:2937} INFO - Setting next_dagrun for example_complex to None
[2022-03-24 03:18:14,166] {processor.py:171} INFO - Processing /home/airflow/.local/lib/python3.7/site-packages/airflow/example_dags/example_complex.py took 0.145 seconds
[2022-03-24 03:18:44,457] {processor.py:163} INFO - Started process (PID=3093) to work on /home/airflow/.local/lib/python3.7/site-packages/airflow/example_dags/example_complex.py
[2022-03-24 03:18:44,460] {processor.py:642} INFO - Processing file /home/airflow/.local/lib/python3.7/site-packages/airflow/example_dags/example_complex.py for tasks to queue
[2022-03-24 03:18:44,461] {logging_mixin.py:109} INFO - [2022-03-24 03:18:44,461] {dagbag.py:500} INFO - Filling up the DagBag from /home/airflow/.local/lib/python3.7/site-packages/airflow/example_dags/example_complex.py
[2022-03-24 03:18:44,536] {processor.py:654} INFO - DAG(s) dict_keys(['example_complex']) retrieved from /home/airflow/.local/lib/python3.7/site-packages/airflow/example_dags/example_complex.py
[2022-03-24 03:18:44,553] {logging_mixin.py:109} INFO - [2022-03-24 03:18:44,552] {dag.py:2398} INFO - Sync 1 DAGs
[2022-03-24 03:18:44,567] {logging_mixin.py:109} INFO - [2022-03-24 03:18:44,567] {dag.py:2937} INFO - Setting next_dagrun for example_complex to None
[2022-03-24 03:18:44,580] {processor.py:171} INFO - Processing /home/airflow/.local/lib/python3.7/site-packages/airflow/example_dags/example_complex.py took 0.127 seconds
[2022-03-24 03:19:15,282] {processor.py:163} INFO - Started process (PID=3154) to work on /home/airflow/.local/lib/python3.7/site-packages/airflow/example_dags/example_complex.py
[2022-03-24 03:19:15,288] {processor.py:642} INFO - Processing file /home/airflow/.local/lib/python3.7/site-packages/airflow/example_dags/example_complex.py for tasks to queue
[2022-03-24 03:19:15,299] {logging_mixin.py:109} INFO - [2022-03-24 03:19:15,299] {dagbag.py:500} INFO - Filling up the DagBag from /home/airflow/.local/lib/python3.7/site-packages/airflow/example_dags/example_complex.py
[2022-03-24 03:19:15,457] {processor.py:654} INFO - DAG(s) dict_keys(['example_complex']) retrieved from /home/airflow/.local/lib/python3.7/site-packages/airflow/example_dags/example_complex.py
[2022-03-24 03:19:15,531] {logging_mixin.py:109} INFO - [2022-03-24 03:19:15,531] {dag.py:2398} INFO - Sync 1 DAGs
[2022-03-24 03:19:15,563] {logging_mixin.py:109} INFO - [2022-03-24 03:19:15,563] {dag.py:2937} INFO - Setting next_dagrun for example_complex to None
[2022-03-24 03:19:15,633] {processor.py:171} INFO - Processing /home/airflow/.local/lib/python3.7/site-packages/airflow/example_dags/example_complex.py took 0.356 seconds
[2022-03-24 03:19:45,866] {processor.py:163} INFO - Started process (PID=3214) to work on /home/airflow/.local/lib/python3.7/site-packages/airflow/example_dags/example_complex.py
[2022-03-24 03:19:45,930] {processor.py:642} INFO - Processing file /home/airflow/.local/lib/python3.7/site-packages/airflow/example_dags/example_complex.py for tasks to queue
[2022-03-24 03:19:45,935] {logging_mixin.py:109} INFO - [2022-03-24 03:19:45,935] {dagbag.py:500} INFO - Filling up the DagBag from /home/airflow/.local/lib/python3.7/site-packages/airflow/example_dags/example_complex.py
[2022-03-24 03:19:46,116] {processor.py:654} INFO - DAG(s) dict_keys(['example_complex']) retrieved from /home/airflow/.local/lib/python3.7/site-packages/airflow/example_dags/example_complex.py
[2022-03-24 03:19:46,355] {logging_mixin.py:109} INFO - [2022-03-24 03:19:46,355] {dag.py:2398} INFO - Sync 1 DAGs
[2022-03-24 03:19:46,452] {logging_mixin.py:109} INFO - [2022-03-24 03:19:46,452] {dag.py:2937} INFO - Setting next_dagrun for example_complex to None
[2022-03-24 03:19:46,844] {processor.py:171} INFO - Processing /home/airflow/.local/lib/python3.7/site-packages/airflow/example_dags/example_complex.py took 1.520 seconds
[2022-03-24 03:20:17,473] {processor.py:163} INFO - Started process (PID=3265) to work on /home/airflow/.local/lib/python3.7/site-packages/airflow/example_dags/example_complex.py
[2022-03-24 03:20:17,476] {processor.py:642} INFO - Processing file /home/airflow/.local/lib/python3.7/site-packages/airflow/example_dags/example_complex.py for tasks to queue
[2022-03-24 03:20:17,481] {logging_mixin.py:109} INFO - [2022-03-24 03:20:17,480] {dagbag.py:500} INFO - Filling up the DagBag from /home/airflow/.local/lib/python3.7/site-packages/airflow/example_dags/example_complex.py
[2022-03-24 03:20:17,609] {processor.py:654} INFO - DAG(s) dict_keys(['example_complex']) retrieved from /home/airflow/.local/lib/python3.7/site-packages/airflow/example_dags/example_complex.py
[2022-03-24 03:20:17,658] {logging_mixin.py:109} INFO - [2022-03-24 03:20:17,658] {dag.py:2398} INFO - Sync 1 DAGs
[2022-03-24 03:20:17,702] {logging_mixin.py:109} INFO - [2022-03-24 03:20:17,702] {dag.py:2937} INFO - Setting next_dagrun for example_complex to None
[2022-03-24 03:20:17,739] {processor.py:171} INFO - Processing /home/airflow/.local/lib/python3.7/site-packages/airflow/example_dags/example_complex.py took 0.279 seconds
