[2022-03-24 02:50:11,329] {processor.py:163} INFO - Started process (PID=221) to work on /home/airflow/.local/lib/python3.7/site-packages/airflow/example_dags/example_kubernetes_executor.py
[2022-03-24 02:50:11,331] {processor.py:642} INFO - Processing file /home/airflow/.local/lib/python3.7/site-packages/airflow/example_dags/example_kubernetes_executor.py for tasks to queue
[2022-03-24 02:50:11,333] {logging_mixin.py:109} INFO - [2022-03-24 02:50:11,333] {dagbag.py:500} INFO - Filling up the DagBag from /home/airflow/.local/lib/python3.7/site-packages/airflow/example_dags/example_kubernetes_executor.py
[2022-03-24 02:50:11,419] {processor.py:654} INFO - DAG(s) dict_keys(['example_kubernetes_executor']) retrieved from /home/airflow/.local/lib/python3.7/site-packages/airflow/example_dags/example_kubernetes_executor.py
[2022-03-24 02:50:14,468] {logging_mixin.py:109} INFO - [2022-03-24 02:50:14,468] {manager.py:496} INFO - Created Permission View: can edit on DAG:example_kubernetes_executor
[2022-03-24 02:50:14,493] {logging_mixin.py:109} INFO - [2022-03-24 02:50:14,493] {manager.py:496} INFO - Created Permission View: can read on DAG:example_kubernetes_executor
[2022-03-24 02:50:14,496] {logging_mixin.py:109} INFO - [2022-03-24 02:50:14,495] {dag.py:2398} INFO - Sync 1 DAGs
[2022-03-24 02:50:14,530] {logging_mixin.py:109} INFO - [2022-03-24 02:50:14,528] {dag.py:2417} INFO - Creating ORM DAG for example_kubernetes_executor
[2022-03-24 02:50:14,555] {logging_mixin.py:109} INFO - [2022-03-24 02:50:14,555] {dag.py:2937} INFO - Setting next_dagrun for example_kubernetes_executor to None
[2022-03-24 02:50:14,585] {processor.py:171} INFO - Processing /home/airflow/.local/lib/python3.7/site-packages/airflow/example_dags/example_kubernetes_executor.py took 3.260 seconds
[2022-03-24 02:50:47,165] {processor.py:163} INFO - Started process (PID=298) to work on /home/airflow/.local/lib/python3.7/site-packages/airflow/example_dags/example_kubernetes_executor.py
[2022-03-24 02:50:47,170] {processor.py:642} INFO - Processing file /home/airflow/.local/lib/python3.7/site-packages/airflow/example_dags/example_kubernetes_executor.py for tasks to queue
[2022-03-24 02:50:47,173] {logging_mixin.py:109} INFO - [2022-03-24 02:50:47,172] {dagbag.py:500} INFO - Filling up the DagBag from /home/airflow/.local/lib/python3.7/site-packages/airflow/example_dags/example_kubernetes_executor.py
[2022-03-24 02:50:47,231] {processor.py:654} INFO - DAG(s) dict_keys(['example_kubernetes_executor']) retrieved from /home/airflow/.local/lib/python3.7/site-packages/airflow/example_dags/example_kubernetes_executor.py
[2022-03-24 02:50:47,253] {logging_mixin.py:109} INFO - [2022-03-24 02:50:47,253] {dag.py:2398} INFO - Sync 1 DAGs
[2022-03-24 02:50:47,277] {logging_mixin.py:109} INFO - [2022-03-24 02:50:47,277] {dag.py:2937} INFO - Setting next_dagrun for example_kubernetes_executor to None
[2022-03-24 02:50:47,297] {processor.py:171} INFO - Processing /home/airflow/.local/lib/python3.7/site-packages/airflow/example_dags/example_kubernetes_executor.py took 0.147 seconds
[2022-03-24 02:51:19,453] {processor.py:163} INFO - Started process (PID=351) to work on /home/airflow/.local/lib/python3.7/site-packages/airflow/example_dags/example_kubernetes_executor.py
[2022-03-24 02:51:19,465] {processor.py:642} INFO - Processing file /home/airflow/.local/lib/python3.7/site-packages/airflow/example_dags/example_kubernetes_executor.py for tasks to queue
[2022-03-24 02:51:19,471] {logging_mixin.py:109} INFO - [2022-03-24 02:51:19,470] {dagbag.py:500} INFO - Filling up the DagBag from /home/airflow/.local/lib/python3.7/site-packages/airflow/example_dags/example_kubernetes_executor.py
[2022-03-24 02:51:19,642] {processor.py:654} INFO - DAG(s) dict_keys(['example_kubernetes_executor']) retrieved from /home/airflow/.local/lib/python3.7/site-packages/airflow/example_dags/example_kubernetes_executor.py
[2022-03-24 02:51:19,693] {logging_mixin.py:109} INFO - [2022-03-24 02:51:19,693] {dag.py:2398} INFO - Sync 1 DAGs
[2022-03-24 02:51:19,741] {logging_mixin.py:109} INFO - [2022-03-24 02:51:19,741] {dag.py:2937} INFO - Setting next_dagrun for example_kubernetes_executor to None
[2022-03-24 02:51:19,772] {processor.py:171} INFO - Processing /home/airflow/.local/lib/python3.7/site-packages/airflow/example_dags/example_kubernetes_executor.py took 0.332 seconds
[2022-03-24 02:51:51,302] {processor.py:163} INFO - Started process (PID=409) to work on /home/airflow/.local/lib/python3.7/site-packages/airflow/example_dags/example_kubernetes_executor.py
[2022-03-24 02:51:51,309] {processor.py:642} INFO - Processing file /home/airflow/.local/lib/python3.7/site-packages/airflow/example_dags/example_kubernetes_executor.py for tasks to queue
[2022-03-24 02:51:51,316] {logging_mixin.py:109} INFO - [2022-03-24 02:51:51,315] {dagbag.py:500} INFO - Filling up the DagBag from /home/airflow/.local/lib/python3.7/site-packages/airflow/example_dags/example_kubernetes_executor.py
[2022-03-24 02:51:51,466] {processor.py:654} INFO - DAG(s) dict_keys(['example_kubernetes_executor']) retrieved from /home/airflow/.local/lib/python3.7/site-packages/airflow/example_dags/example_kubernetes_executor.py
[2022-03-24 02:51:51,519] {logging_mixin.py:109} INFO - [2022-03-24 02:51:51,519] {dag.py:2398} INFO - Sync 1 DAGs
[2022-03-24 02:51:51,584] {logging_mixin.py:109} INFO - [2022-03-24 02:51:51,584] {dag.py:2937} INFO - Setting next_dagrun for example_kubernetes_executor to None
[2022-03-24 02:51:51,632] {processor.py:171} INFO - Processing /home/airflow/.local/lib/python3.7/site-packages/airflow/example_dags/example_kubernetes_executor.py took 0.350 seconds
[2022-03-24 02:52:22,371] {processor.py:163} INFO - Started process (PID=460) to work on /home/airflow/.local/lib/python3.7/site-packages/airflow/example_dags/example_kubernetes_executor.py
[2022-03-24 02:52:22,378] {processor.py:642} INFO - Processing file /home/airflow/.local/lib/python3.7/site-packages/airflow/example_dags/example_kubernetes_executor.py for tasks to queue
[2022-03-24 02:52:22,381] {logging_mixin.py:109} INFO - [2022-03-24 02:52:22,381] {dagbag.py:500} INFO - Filling up the DagBag from /home/airflow/.local/lib/python3.7/site-packages/airflow/example_dags/example_kubernetes_executor.py
[2022-03-24 02:52:22,501] {processor.py:654} INFO - DAG(s) dict_keys(['example_kubernetes_executor']) retrieved from /home/airflow/.local/lib/python3.7/site-packages/airflow/example_dags/example_kubernetes_executor.py
[2022-03-24 02:52:22,554] {logging_mixin.py:109} INFO - [2022-03-24 02:52:22,554] {dag.py:2398} INFO - Sync 1 DAGs
[2022-03-24 02:52:22,599] {logging_mixin.py:109} INFO - [2022-03-24 02:52:22,599] {dag.py:2937} INFO - Setting next_dagrun for example_kubernetes_executor to None
[2022-03-24 02:52:22,632] {processor.py:171} INFO - Processing /home/airflow/.local/lib/python3.7/site-packages/airflow/example_dags/example_kubernetes_executor.py took 0.276 seconds
[2022-03-24 02:52:53,278] {processor.py:163} INFO - Started process (PID=510) to work on /home/airflow/.local/lib/python3.7/site-packages/airflow/example_dags/example_kubernetes_executor.py
[2022-03-24 02:52:53,280] {processor.py:642} INFO - Processing file /home/airflow/.local/lib/python3.7/site-packages/airflow/example_dags/example_kubernetes_executor.py for tasks to queue
[2022-03-24 02:52:53,282] {logging_mixin.py:109} INFO - [2022-03-24 02:52:53,282] {dagbag.py:500} INFO - Filling up the DagBag from /home/airflow/.local/lib/python3.7/site-packages/airflow/example_dags/example_kubernetes_executor.py
[2022-03-24 02:52:53,339] {processor.py:654} INFO - DAG(s) dict_keys(['example_kubernetes_executor']) retrieved from /home/airflow/.local/lib/python3.7/site-packages/airflow/example_dags/example_kubernetes_executor.py
[2022-03-24 02:52:53,362] {logging_mixin.py:109} INFO - [2022-03-24 02:52:53,362] {dag.py:2398} INFO - Sync 1 DAGs
[2022-03-24 02:52:53,383] {logging_mixin.py:109} INFO - [2022-03-24 02:52:53,383] {dag.py:2937} INFO - Setting next_dagrun for example_kubernetes_executor to None
[2022-03-24 02:52:53,396] {processor.py:171} INFO - Processing /home/airflow/.local/lib/python3.7/site-packages/airflow/example_dags/example_kubernetes_executor.py took 0.123 seconds
[2022-03-24 02:53:24,171] {processor.py:163} INFO - Started process (PID=559) to work on /home/airflow/.local/lib/python3.7/site-packages/airflow/example_dags/example_kubernetes_executor.py
[2022-03-24 02:53:24,179] {processor.py:642} INFO - Processing file /home/airflow/.local/lib/python3.7/site-packages/airflow/example_dags/example_kubernetes_executor.py for tasks to queue
[2022-03-24 02:53:24,183] {logging_mixin.py:109} INFO - [2022-03-24 02:53:24,183] {dagbag.py:500} INFO - Filling up the DagBag from /home/airflow/.local/lib/python3.7/site-packages/airflow/example_dags/example_kubernetes_executor.py
[2022-03-24 02:53:24,255] {processor.py:654} INFO - DAG(s) dict_keys(['example_kubernetes_executor']) retrieved from /home/airflow/.local/lib/python3.7/site-packages/airflow/example_dags/example_kubernetes_executor.py
[2022-03-24 02:53:24,281] {logging_mixin.py:109} INFO - [2022-03-24 02:53:24,281] {dag.py:2398} INFO - Sync 1 DAGs
[2022-03-24 02:53:24,308] {logging_mixin.py:109} INFO - [2022-03-24 02:53:24,307] {dag.py:2937} INFO - Setting next_dagrun for example_kubernetes_executor to None
[2022-03-24 02:53:24,335] {processor.py:171} INFO - Processing /home/airflow/.local/lib/python3.7/site-packages/airflow/example_dags/example_kubernetes_executor.py took 0.174 seconds
[2022-03-24 02:54:05,739] {processor.py:163} INFO - Started process (PID=618) to work on /home/airflow/.local/lib/python3.7/site-packages/airflow/example_dags/example_kubernetes_executor.py
[2022-03-24 02:54:05,860] {processor.py:642} INFO - Processing file /home/airflow/.local/lib/python3.7/site-packages/airflow/example_dags/example_kubernetes_executor.py for tasks to queue
[2022-03-24 02:54:05,864] {logging_mixin.py:109} INFO - [2022-03-24 02:54:05,863] {dagbag.py:500} INFO - Filling up the DagBag from /home/airflow/.local/lib/python3.7/site-packages/airflow/example_dags/example_kubernetes_executor.py
[2022-03-24 02:54:05,932] {processor.py:654} INFO - DAG(s) dict_keys(['example_kubernetes_executor']) retrieved from /home/airflow/.local/lib/python3.7/site-packages/airflow/example_dags/example_kubernetes_executor.py
[2022-03-24 02:54:06,131] {logging_mixin.py:109} INFO - [2022-03-24 02:54:06,131] {dag.py:2398} INFO - Sync 1 DAGs
[2022-03-24 02:54:06,227] {logging_mixin.py:109} INFO - [2022-03-24 02:54:06,227] {dag.py:2937} INFO - Setting next_dagrun for example_kubernetes_executor to None
[2022-03-24 02:54:06,709] {processor.py:171} INFO - Processing /home/airflow/.local/lib/python3.7/site-packages/airflow/example_dags/example_kubernetes_executor.py took 0.975 seconds
[2022-03-24 02:54:44,583] {processor.py:163} INFO - Started process (PID=669) to work on /home/airflow/.local/lib/python3.7/site-packages/airflow/example_dags/example_kubernetes_executor.py
[2022-03-24 02:54:44,839] {processor.py:642} INFO - Processing file /home/airflow/.local/lib/python3.7/site-packages/airflow/example_dags/example_kubernetes_executor.py for tasks to queue
[2022-03-24 02:54:44,960] {logging_mixin.py:109} INFO - [2022-03-24 02:54:44,959] {dagbag.py:500} INFO - Filling up the DagBag from /home/airflow/.local/lib/python3.7/site-packages/airflow/example_dags/example_kubernetes_executor.py
[2022-03-24 02:54:45,120] {processor.py:654} INFO - DAG(s) dict_keys(['example_kubernetes_executor']) retrieved from /home/airflow/.local/lib/python3.7/site-packages/airflow/example_dags/example_kubernetes_executor.py
[2022-03-24 02:54:45,454] {logging_mixin.py:109} INFO - [2022-03-24 02:54:45,454] {dag.py:2398} INFO - Sync 1 DAGs
[2022-03-24 02:54:46,606] {logging_mixin.py:109} INFO - [2022-03-24 02:54:46,606] {dag.py:2937} INFO - Setting next_dagrun for example_kubernetes_executor to None
[2022-03-24 02:54:47,001] {processor.py:171} INFO - Processing /home/airflow/.local/lib/python3.7/site-packages/airflow/example_dags/example_kubernetes_executor.py took 2.432 seconds
[2022-03-24 02:55:18,323] {processor.py:163} INFO - Started process (PID=720) to work on /home/airflow/.local/lib/python3.7/site-packages/airflow/example_dags/example_kubernetes_executor.py
[2022-03-24 02:55:18,328] {processor.py:642} INFO - Processing file /home/airflow/.local/lib/python3.7/site-packages/airflow/example_dags/example_kubernetes_executor.py for tasks to queue
[2022-03-24 02:55:18,332] {logging_mixin.py:109} INFO - [2022-03-24 02:55:18,331] {dagbag.py:500} INFO - Filling up the DagBag from /home/airflow/.local/lib/python3.7/site-packages/airflow/example_dags/example_kubernetes_executor.py
[2022-03-24 02:55:18,398] {processor.py:654} INFO - DAG(s) dict_keys(['example_kubernetes_executor']) retrieved from /home/airflow/.local/lib/python3.7/site-packages/airflow/example_dags/example_kubernetes_executor.py
[2022-03-24 02:55:18,448] {logging_mixin.py:109} INFO - [2022-03-24 02:55:18,448] {dag.py:2398} INFO - Sync 1 DAGs
[2022-03-24 02:55:18,481] {logging_mixin.py:109} INFO - [2022-03-24 02:55:18,481] {dag.py:2937} INFO - Setting next_dagrun for example_kubernetes_executor to None
[2022-03-24 02:55:18,521] {processor.py:171} INFO - Processing /home/airflow/.local/lib/python3.7/site-packages/airflow/example_dags/example_kubernetes_executor.py took 0.209 seconds
[2022-03-24 02:55:48,566] {processor.py:163} INFO - Started process (PID=771) to work on /home/airflow/.local/lib/python3.7/site-packages/airflow/example_dags/example_kubernetes_executor.py
[2022-03-24 02:55:48,570] {processor.py:642} INFO - Processing file /home/airflow/.local/lib/python3.7/site-packages/airflow/example_dags/example_kubernetes_executor.py for tasks to queue
[2022-03-24 02:55:48,572] {logging_mixin.py:109} INFO - [2022-03-24 02:55:48,572] {dagbag.py:500} INFO - Filling up the DagBag from /home/airflow/.local/lib/python3.7/site-packages/airflow/example_dags/example_kubernetes_executor.py
[2022-03-24 02:55:48,654] {processor.py:654} INFO - DAG(s) dict_keys(['example_kubernetes_executor']) retrieved from /home/airflow/.local/lib/python3.7/site-packages/airflow/example_dags/example_kubernetes_executor.py
[2022-03-24 02:55:48,686] {logging_mixin.py:109} INFO - [2022-03-24 02:55:48,686] {dag.py:2398} INFO - Sync 1 DAGs
[2022-03-24 02:55:48,722] {logging_mixin.py:109} INFO - [2022-03-24 02:55:48,722] {dag.py:2937} INFO - Setting next_dagrun for example_kubernetes_executor to None
[2022-03-24 02:55:48,746] {processor.py:171} INFO - Processing /home/airflow/.local/lib/python3.7/site-packages/airflow/example_dags/example_kubernetes_executor.py took 0.191 seconds
[2022-03-24 02:56:19,424] {processor.py:163} INFO - Started process (PID=821) to work on /home/airflow/.local/lib/python3.7/site-packages/airflow/example_dags/example_kubernetes_executor.py
[2022-03-24 02:56:19,819] {processor.py:642} INFO - Processing file /home/airflow/.local/lib/python3.7/site-packages/airflow/example_dags/example_kubernetes_executor.py for tasks to queue
[2022-03-24 02:56:20,200] {logging_mixin.py:109} INFO - [2022-03-24 02:56:20,199] {dagbag.py:500} INFO - Filling up the DagBag from /home/airflow/.local/lib/python3.7/site-packages/airflow/example_dags/example_kubernetes_executor.py
[2022-03-24 02:56:20,632] {processor.py:654} INFO - DAG(s) dict_keys(['example_kubernetes_executor']) retrieved from /home/airflow/.local/lib/python3.7/site-packages/airflow/example_dags/example_kubernetes_executor.py
[2022-03-24 02:56:20,838] {logging_mixin.py:109} INFO - [2022-03-24 02:56:20,838] {dag.py:2398} INFO - Sync 1 DAGs
[2022-03-24 02:56:20,884] {logging_mixin.py:109} INFO - [2022-03-24 02:56:20,883] {dag.py:2937} INFO - Setting next_dagrun for example_kubernetes_executor to None
[2022-03-24 02:56:20,915] {processor.py:171} INFO - Processing /home/airflow/.local/lib/python3.7/site-packages/airflow/example_dags/example_kubernetes_executor.py took 1.498 seconds
[2022-03-24 02:56:50,995] {processor.py:163} INFO - Started process (PID=871) to work on /home/airflow/.local/lib/python3.7/site-packages/airflow/example_dags/example_kubernetes_executor.py
[2022-03-24 02:56:51,218] {processor.py:642} INFO - Processing file /home/airflow/.local/lib/python3.7/site-packages/airflow/example_dags/example_kubernetes_executor.py for tasks to queue
[2022-03-24 02:56:51,222] {logging_mixin.py:109} INFO - [2022-03-24 02:56:51,222] {dagbag.py:500} INFO - Filling up the DagBag from /home/airflow/.local/lib/python3.7/site-packages/airflow/example_dags/example_kubernetes_executor.py
[2022-03-24 02:56:51,293] {processor.py:654} INFO - DAG(s) dict_keys(['example_kubernetes_executor']) retrieved from /home/airflow/.local/lib/python3.7/site-packages/airflow/example_dags/example_kubernetes_executor.py
[2022-03-24 02:56:51,322] {logging_mixin.py:109} INFO - [2022-03-24 02:56:51,322] {dag.py:2398} INFO - Sync 1 DAGs
[2022-03-24 02:56:51,356] {logging_mixin.py:109} INFO - [2022-03-24 02:56:51,356] {dag.py:2937} INFO - Setting next_dagrun for example_kubernetes_executor to None
[2022-03-24 02:56:51,383] {processor.py:171} INFO - Processing /home/airflow/.local/lib/python3.7/site-packages/airflow/example_dags/example_kubernetes_executor.py took 0.400 seconds
[2022-03-24 02:57:21,631] {processor.py:163} INFO - Started process (PID=922) to work on /home/airflow/.local/lib/python3.7/site-packages/airflow/example_dags/example_kubernetes_executor.py
[2022-03-24 02:57:21,635] {processor.py:642} INFO - Processing file /home/airflow/.local/lib/python3.7/site-packages/airflow/example_dags/example_kubernetes_executor.py for tasks to queue
[2022-03-24 02:57:21,638] {logging_mixin.py:109} INFO - [2022-03-24 02:57:21,637] {dagbag.py:500} INFO - Filling up the DagBag from /home/airflow/.local/lib/python3.7/site-packages/airflow/example_dags/example_kubernetes_executor.py
[2022-03-24 02:57:21,706] {processor.py:654} INFO - DAG(s) dict_keys(['example_kubernetes_executor']) retrieved from /home/airflow/.local/lib/python3.7/site-packages/airflow/example_dags/example_kubernetes_executor.py
[2022-03-24 02:57:21,736] {logging_mixin.py:109} INFO - [2022-03-24 02:57:21,736] {dag.py:2398} INFO - Sync 1 DAGs
[2022-03-24 02:57:21,770] {logging_mixin.py:109} INFO - [2022-03-24 02:57:21,770] {dag.py:2937} INFO - Setting next_dagrun for example_kubernetes_executor to None
[2022-03-24 02:57:21,787] {processor.py:171} INFO - Processing /home/airflow/.local/lib/python3.7/site-packages/airflow/example_dags/example_kubernetes_executor.py took 0.166 seconds
[2022-03-24 02:57:52,356] {processor.py:163} INFO - Started process (PID=975) to work on /home/airflow/.local/lib/python3.7/site-packages/airflow/example_dags/example_kubernetes_executor.py
[2022-03-24 02:57:52,359] {processor.py:642} INFO - Processing file /home/airflow/.local/lib/python3.7/site-packages/airflow/example_dags/example_kubernetes_executor.py for tasks to queue
[2022-03-24 02:57:52,361] {logging_mixin.py:109} INFO - [2022-03-24 02:57:52,361] {dagbag.py:500} INFO - Filling up the DagBag from /home/airflow/.local/lib/python3.7/site-packages/airflow/example_dags/example_kubernetes_executor.py
[2022-03-24 02:57:52,414] {processor.py:654} INFO - DAG(s) dict_keys(['example_kubernetes_executor']) retrieved from /home/airflow/.local/lib/python3.7/site-packages/airflow/example_dags/example_kubernetes_executor.py
[2022-03-24 02:57:52,431] {logging_mixin.py:109} INFO - [2022-03-24 02:57:52,431] {dag.py:2398} INFO - Sync 1 DAGs
[2022-03-24 02:57:52,463] {logging_mixin.py:109} INFO - [2022-03-24 02:57:52,463] {dag.py:2937} INFO - Setting next_dagrun for example_kubernetes_executor to None
[2022-03-24 02:57:52,481] {processor.py:171} INFO - Processing /home/airflow/.local/lib/python3.7/site-packages/airflow/example_dags/example_kubernetes_executor.py took 0.137 seconds
[2022-03-24 02:58:23,268] {processor.py:163} INFO - Started process (PID=1034) to work on /home/airflow/.local/lib/python3.7/site-packages/airflow/example_dags/example_kubernetes_executor.py
[2022-03-24 02:58:23,274] {processor.py:642} INFO - Processing file /home/airflow/.local/lib/python3.7/site-packages/airflow/example_dags/example_kubernetes_executor.py for tasks to queue
[2022-03-24 02:58:23,276] {logging_mixin.py:109} INFO - [2022-03-24 02:58:23,276] {dagbag.py:500} INFO - Filling up the DagBag from /home/airflow/.local/lib/python3.7/site-packages/airflow/example_dags/example_kubernetes_executor.py
[2022-03-24 02:58:23,452] {processor.py:654} INFO - DAG(s) dict_keys(['example_kubernetes_executor']) retrieved from /home/airflow/.local/lib/python3.7/site-packages/airflow/example_dags/example_kubernetes_executor.py
[2022-03-24 02:58:23,548] {logging_mixin.py:109} INFO - [2022-03-24 02:58:23,547] {dag.py:2398} INFO - Sync 1 DAGs
[2022-03-24 02:58:23,596] {logging_mixin.py:109} INFO - [2022-03-24 02:58:23,596] {dag.py:2937} INFO - Setting next_dagrun for example_kubernetes_executor to None
[2022-03-24 02:58:23,625] {processor.py:171} INFO - Processing /home/airflow/.local/lib/python3.7/site-packages/airflow/example_dags/example_kubernetes_executor.py took 0.366 seconds
[2022-03-24 02:58:54,259] {processor.py:163} INFO - Started process (PID=1088) to work on /home/airflow/.local/lib/python3.7/site-packages/airflow/example_dags/example_kubernetes_executor.py
[2022-03-24 02:58:54,268] {processor.py:642} INFO - Processing file /home/airflow/.local/lib/python3.7/site-packages/airflow/example_dags/example_kubernetes_executor.py for tasks to queue
[2022-03-24 02:58:54,272] {logging_mixin.py:109} INFO - [2022-03-24 02:58:54,271] {dagbag.py:500} INFO - Filling up the DagBag from /home/airflow/.local/lib/python3.7/site-packages/airflow/example_dags/example_kubernetes_executor.py
[2022-03-24 02:58:54,371] {processor.py:654} INFO - DAG(s) dict_keys(['example_kubernetes_executor']) retrieved from /home/airflow/.local/lib/python3.7/site-packages/airflow/example_dags/example_kubernetes_executor.py
[2022-03-24 02:58:54,429] {logging_mixin.py:109} INFO - [2022-03-24 02:58:54,429] {dag.py:2398} INFO - Sync 1 DAGs
[2022-03-24 02:58:54,470] {logging_mixin.py:109} INFO - [2022-03-24 02:58:54,470] {dag.py:2937} INFO - Setting next_dagrun for example_kubernetes_executor to None
[2022-03-24 02:58:54,495] {processor.py:171} INFO - Processing /home/airflow/.local/lib/python3.7/site-packages/airflow/example_dags/example_kubernetes_executor.py took 0.246 seconds
[2022-03-24 02:59:26,866] {processor.py:163} INFO - Started process (PID=1140) to work on /home/airflow/.local/lib/python3.7/site-packages/airflow/example_dags/example_kubernetes_executor.py
[2022-03-24 02:59:27,671] {processor.py:642} INFO - Processing file /home/airflow/.local/lib/python3.7/site-packages/airflow/example_dags/example_kubernetes_executor.py for tasks to queue
[2022-03-24 02:59:28,131] {logging_mixin.py:109} INFO - [2022-03-24 02:59:28,131] {dagbag.py:500} INFO - Filling up the DagBag from /home/airflow/.local/lib/python3.7/site-packages/airflow/example_dags/example_kubernetes_executor.py
[2022-03-24 02:59:28,425] {processor.py:654} INFO - DAG(s) dict_keys(['example_kubernetes_executor']) retrieved from /home/airflow/.local/lib/python3.7/site-packages/airflow/example_dags/example_kubernetes_executor.py
[2022-03-24 02:59:28,561] {logging_mixin.py:109} INFO - [2022-03-24 02:59:28,561] {dag.py:2398} INFO - Sync 1 DAGs
[2022-03-24 02:59:28,734] {logging_mixin.py:109} INFO - [2022-03-24 02:59:28,734] {dag.py:2937} INFO - Setting next_dagrun for example_kubernetes_executor to None
[2022-03-24 02:59:28,934] {processor.py:171} INFO - Processing /home/airflow/.local/lib/python3.7/site-packages/airflow/example_dags/example_kubernetes_executor.py took 2.073 seconds
[2022-03-24 03:00:00,364] {processor.py:163} INFO - Started process (PID=1192) to work on /home/airflow/.local/lib/python3.7/site-packages/airflow/example_dags/example_kubernetes_executor.py
[2022-03-24 03:00:00,578] {processor.py:642} INFO - Processing file /home/airflow/.local/lib/python3.7/site-packages/airflow/example_dags/example_kubernetes_executor.py for tasks to queue
[2022-03-24 03:00:00,581] {logging_mixin.py:109} INFO - [2022-03-24 03:00:00,581] {dagbag.py:500} INFO - Filling up the DagBag from /home/airflow/.local/lib/python3.7/site-packages/airflow/example_dags/example_kubernetes_executor.py
[2022-03-24 03:00:00,636] {processor.py:654} INFO - DAG(s) dict_keys(['example_kubernetes_executor']) retrieved from /home/airflow/.local/lib/python3.7/site-packages/airflow/example_dags/example_kubernetes_executor.py
[2022-03-24 03:00:00,849] {logging_mixin.py:109} INFO - [2022-03-24 03:00:00,849] {dag.py:2398} INFO - Sync 1 DAGs
[2022-03-24 03:00:00,879] {logging_mixin.py:109} INFO - [2022-03-24 03:00:00,879] {dag.py:2937} INFO - Setting next_dagrun for example_kubernetes_executor to None
[2022-03-24 03:00:00,907] {processor.py:171} INFO - Processing /home/airflow/.local/lib/python3.7/site-packages/airflow/example_dags/example_kubernetes_executor.py took 0.551 seconds
[2022-03-24 03:00:31,801] {processor.py:163} INFO - Started process (PID=1243) to work on /home/airflow/.local/lib/python3.7/site-packages/airflow/example_dags/example_kubernetes_executor.py
[2022-03-24 03:00:31,804] {processor.py:642} INFO - Processing file /home/airflow/.local/lib/python3.7/site-packages/airflow/example_dags/example_kubernetes_executor.py for tasks to queue
[2022-03-24 03:00:31,809] {logging_mixin.py:109} INFO - [2022-03-24 03:00:31,809] {dagbag.py:500} INFO - Filling up the DagBag from /home/airflow/.local/lib/python3.7/site-packages/airflow/example_dags/example_kubernetes_executor.py
[2022-03-24 03:00:31,999] {processor.py:654} INFO - DAG(s) dict_keys(['example_kubernetes_executor']) retrieved from /home/airflow/.local/lib/python3.7/site-packages/airflow/example_dags/example_kubernetes_executor.py
[2022-03-24 03:00:32,024] {logging_mixin.py:109} INFO - [2022-03-24 03:00:32,023] {dag.py:2398} INFO - Sync 1 DAGs
[2022-03-24 03:00:32,047] {logging_mixin.py:109} INFO - [2022-03-24 03:00:32,047] {dag.py:2937} INFO - Setting next_dagrun for example_kubernetes_executor to None
[2022-03-24 03:00:32,061] {processor.py:171} INFO - Processing /home/airflow/.local/lib/python3.7/site-packages/airflow/example_dags/example_kubernetes_executor.py took 0.263 seconds
[2022-03-24 03:01:02,393] {processor.py:163} INFO - Started process (PID=1293) to work on /home/airflow/.local/lib/python3.7/site-packages/airflow/example_dags/example_kubernetes_executor.py
[2022-03-24 03:01:02,399] {processor.py:642} INFO - Processing file /home/airflow/.local/lib/python3.7/site-packages/airflow/example_dags/example_kubernetes_executor.py for tasks to queue
[2022-03-24 03:01:02,402] {logging_mixin.py:109} INFO - [2022-03-24 03:01:02,402] {dagbag.py:500} INFO - Filling up the DagBag from /home/airflow/.local/lib/python3.7/site-packages/airflow/example_dags/example_kubernetes_executor.py
[2022-03-24 03:01:02,475] {processor.py:654} INFO - DAG(s) dict_keys(['example_kubernetes_executor']) retrieved from /home/airflow/.local/lib/python3.7/site-packages/airflow/example_dags/example_kubernetes_executor.py
[2022-03-24 03:01:02,491] {logging_mixin.py:109} INFO - [2022-03-24 03:01:02,491] {dag.py:2398} INFO - Sync 1 DAGs
[2022-03-24 03:01:02,507] {logging_mixin.py:109} INFO - [2022-03-24 03:01:02,507] {dag.py:2937} INFO - Setting next_dagrun for example_kubernetes_executor to None
[2022-03-24 03:01:02,517] {processor.py:171} INFO - Processing /home/airflow/.local/lib/python3.7/site-packages/airflow/example_dags/example_kubernetes_executor.py took 0.132 seconds
[2022-03-24 03:01:32,688] {processor.py:163} INFO - Started process (PID=1343) to work on /home/airflow/.local/lib/python3.7/site-packages/airflow/example_dags/example_kubernetes_executor.py
[2022-03-24 03:01:32,708] {processor.py:642} INFO - Processing file /home/airflow/.local/lib/python3.7/site-packages/airflow/example_dags/example_kubernetes_executor.py for tasks to queue
[2022-03-24 03:01:32,884] {logging_mixin.py:109} INFO - [2022-03-24 03:01:32,883] {dagbag.py:500} INFO - Filling up the DagBag from /home/airflow/.local/lib/python3.7/site-packages/airflow/example_dags/example_kubernetes_executor.py
[2022-03-24 03:01:33,427] {processor.py:654} INFO - DAG(s) dict_keys(['example_kubernetes_executor']) retrieved from /home/airflow/.local/lib/python3.7/site-packages/airflow/example_dags/example_kubernetes_executor.py
[2022-03-24 03:01:33,791] {logging_mixin.py:109} INFO - [2022-03-24 03:01:33,791] {dag.py:2398} INFO - Sync 1 DAGs
[2022-03-24 03:01:34,105] {logging_mixin.py:109} INFO - [2022-03-24 03:01:34,104] {dag.py:2937} INFO - Setting next_dagrun for example_kubernetes_executor to None
[2022-03-24 03:01:37,736] {processor.py:171} INFO - Processing /home/airflow/.local/lib/python3.7/site-packages/airflow/example_dags/example_kubernetes_executor.py took 5.065 seconds
[2022-03-24 03:02:08,627] {processor.py:163} INFO - Started process (PID=1394) to work on /home/airflow/.local/lib/python3.7/site-packages/airflow/example_dags/example_kubernetes_executor.py
[2022-03-24 03:02:08,655] {processor.py:642} INFO - Processing file /home/airflow/.local/lib/python3.7/site-packages/airflow/example_dags/example_kubernetes_executor.py for tasks to queue
[2022-03-24 03:02:08,658] {logging_mixin.py:109} INFO - [2022-03-24 03:02:08,658] {dagbag.py:500} INFO - Filling up the DagBag from /home/airflow/.local/lib/python3.7/site-packages/airflow/example_dags/example_kubernetes_executor.py
[2022-03-24 03:02:08,712] {processor.py:654} INFO - DAG(s) dict_keys(['example_kubernetes_executor']) retrieved from /home/airflow/.local/lib/python3.7/site-packages/airflow/example_dags/example_kubernetes_executor.py
[2022-03-24 03:02:08,734] {logging_mixin.py:109} INFO - [2022-03-24 03:02:08,734] {dag.py:2398} INFO - Sync 1 DAGs
[2022-03-24 03:02:08,776] {logging_mixin.py:109} INFO - [2022-03-24 03:02:08,776] {dag.py:2937} INFO - Setting next_dagrun for example_kubernetes_executor to None
[2022-03-24 03:02:08,796] {processor.py:171} INFO - Processing /home/airflow/.local/lib/python3.7/site-packages/airflow/example_dags/example_kubernetes_executor.py took 0.190 seconds
[2022-03-24 03:02:39,735] {processor.py:163} INFO - Started process (PID=1446) to work on /home/airflow/.local/lib/python3.7/site-packages/airflow/example_dags/example_kubernetes_executor.py
[2022-03-24 03:02:39,747] {processor.py:642} INFO - Processing file /home/airflow/.local/lib/python3.7/site-packages/airflow/example_dags/example_kubernetes_executor.py for tasks to queue
[2022-03-24 03:02:39,751] {logging_mixin.py:109} INFO - [2022-03-24 03:02:39,751] {dagbag.py:500} INFO - Filling up the DagBag from /home/airflow/.local/lib/python3.7/site-packages/airflow/example_dags/example_kubernetes_executor.py
[2022-03-24 03:02:39,895] {processor.py:654} INFO - DAG(s) dict_keys(['example_kubernetes_executor']) retrieved from /home/airflow/.local/lib/python3.7/site-packages/airflow/example_dags/example_kubernetes_executor.py
[2022-03-24 03:02:39,911] {logging_mixin.py:109} INFO - [2022-03-24 03:02:39,911] {dag.py:2398} INFO - Sync 1 DAGs
[2022-03-24 03:02:39,932] {logging_mixin.py:109} INFO - [2022-03-24 03:02:39,931] {dag.py:2937} INFO - Setting next_dagrun for example_kubernetes_executor to None
[2022-03-24 03:02:39,944] {processor.py:171} INFO - Processing /home/airflow/.local/lib/python3.7/site-packages/airflow/example_dags/example_kubernetes_executor.py took 0.223 seconds
[2022-03-24 03:03:10,053] {processor.py:163} INFO - Started process (PID=1508) to work on /home/airflow/.local/lib/python3.7/site-packages/airflow/example_dags/example_kubernetes_executor.py
[2022-03-24 03:03:10,057] {processor.py:642} INFO - Processing file /home/airflow/.local/lib/python3.7/site-packages/airflow/example_dags/example_kubernetes_executor.py for tasks to queue
[2022-03-24 03:03:10,059] {logging_mixin.py:109} INFO - [2022-03-24 03:03:10,059] {dagbag.py:500} INFO - Filling up the DagBag from /home/airflow/.local/lib/python3.7/site-packages/airflow/example_dags/example_kubernetes_executor.py
[2022-03-24 03:03:10,111] {processor.py:654} INFO - DAG(s) dict_keys(['example_kubernetes_executor']) retrieved from /home/airflow/.local/lib/python3.7/site-packages/airflow/example_dags/example_kubernetes_executor.py
[2022-03-24 03:03:10,132] {logging_mixin.py:109} INFO - [2022-03-24 03:03:10,132] {dag.py:2398} INFO - Sync 1 DAGs
[2022-03-24 03:03:10,155] {logging_mixin.py:109} INFO - [2022-03-24 03:03:10,154] {dag.py:2937} INFO - Setting next_dagrun for example_kubernetes_executor to None
[2022-03-24 03:03:10,168] {processor.py:171} INFO - Processing /home/airflow/.local/lib/python3.7/site-packages/airflow/example_dags/example_kubernetes_executor.py took 0.124 seconds
[2022-03-24 03:03:40,266] {processor.py:163} INFO - Started process (PID=1560) to work on /home/airflow/.local/lib/python3.7/site-packages/airflow/example_dags/example_kubernetes_executor.py
[2022-03-24 03:03:40,277] {processor.py:642} INFO - Processing file /home/airflow/.local/lib/python3.7/site-packages/airflow/example_dags/example_kubernetes_executor.py for tasks to queue
[2022-03-24 03:03:40,283] {logging_mixin.py:109} INFO - [2022-03-24 03:03:40,282] {dagbag.py:500} INFO - Filling up the DagBag from /home/airflow/.local/lib/python3.7/site-packages/airflow/example_dags/example_kubernetes_executor.py
[2022-03-24 03:03:40,385] {processor.py:654} INFO - DAG(s) dict_keys(['example_kubernetes_executor']) retrieved from /home/airflow/.local/lib/python3.7/site-packages/airflow/example_dags/example_kubernetes_executor.py
[2022-03-24 03:03:40,428] {logging_mixin.py:109} INFO - [2022-03-24 03:03:40,428] {dag.py:2398} INFO - Sync 1 DAGs
[2022-03-24 03:03:40,475] {logging_mixin.py:109} INFO - [2022-03-24 03:03:40,475] {dag.py:2937} INFO - Setting next_dagrun for example_kubernetes_executor to None
[2022-03-24 03:03:40,501] {processor.py:171} INFO - Processing /home/airflow/.local/lib/python3.7/site-packages/airflow/example_dags/example_kubernetes_executor.py took 0.247 seconds
[2022-03-24 03:04:10,799] {processor.py:163} INFO - Started process (PID=1610) to work on /home/airflow/.local/lib/python3.7/site-packages/airflow/example_dags/example_kubernetes_executor.py
[2022-03-24 03:04:10,804] {processor.py:642} INFO - Processing file /home/airflow/.local/lib/python3.7/site-packages/airflow/example_dags/example_kubernetes_executor.py for tasks to queue
[2022-03-24 03:04:10,807] {logging_mixin.py:109} INFO - [2022-03-24 03:04:10,807] {dagbag.py:500} INFO - Filling up the DagBag from /home/airflow/.local/lib/python3.7/site-packages/airflow/example_dags/example_kubernetes_executor.py
[2022-03-24 03:04:10,877] {processor.py:654} INFO - DAG(s) dict_keys(['example_kubernetes_executor']) retrieved from /home/airflow/.local/lib/python3.7/site-packages/airflow/example_dags/example_kubernetes_executor.py
[2022-03-24 03:04:10,894] {logging_mixin.py:109} INFO - [2022-03-24 03:04:10,893] {dag.py:2398} INFO - Sync 1 DAGs
[2022-03-24 03:04:10,909] {logging_mixin.py:109} INFO - [2022-03-24 03:04:10,909] {dag.py:2937} INFO - Setting next_dagrun for example_kubernetes_executor to None
[2022-03-24 03:04:10,924] {processor.py:171} INFO - Processing /home/airflow/.local/lib/python3.7/site-packages/airflow/example_dags/example_kubernetes_executor.py took 0.138 seconds
[2022-03-24 03:04:41,090] {processor.py:163} INFO - Started process (PID=1662) to work on /home/airflow/.local/lib/python3.7/site-packages/airflow/example_dags/example_kubernetes_executor.py
[2022-03-24 03:04:41,111] {processor.py:642} INFO - Processing file /home/airflow/.local/lib/python3.7/site-packages/airflow/example_dags/example_kubernetes_executor.py for tasks to queue
[2022-03-24 03:04:41,121] {logging_mixin.py:109} INFO - [2022-03-24 03:04:41,119] {dagbag.py:500} INFO - Filling up the DagBag from /home/airflow/.local/lib/python3.7/site-packages/airflow/example_dags/example_kubernetes_executor.py
[2022-03-24 03:04:41,266] {processor.py:654} INFO - DAG(s) dict_keys(['example_kubernetes_executor']) retrieved from /home/airflow/.local/lib/python3.7/site-packages/airflow/example_dags/example_kubernetes_executor.py
[2022-03-24 03:04:41,291] {logging_mixin.py:109} INFO - [2022-03-24 03:04:41,291] {dag.py:2398} INFO - Sync 1 DAGs
[2022-03-24 03:04:41,318] {logging_mixin.py:109} INFO - [2022-03-24 03:04:41,318] {dag.py:2937} INFO - Setting next_dagrun for example_kubernetes_executor to None
[2022-03-24 03:04:41,339] {processor.py:171} INFO - Processing /home/airflow/.local/lib/python3.7/site-packages/airflow/example_dags/example_kubernetes_executor.py took 0.260 seconds
[2022-03-24 03:05:11,685] {processor.py:163} INFO - Started process (PID=1725) to work on /home/airflow/.local/lib/python3.7/site-packages/airflow/example_dags/example_kubernetes_executor.py
[2022-03-24 03:05:11,965] {processor.py:642} INFO - Processing file /home/airflow/.local/lib/python3.7/site-packages/airflow/example_dags/example_kubernetes_executor.py for tasks to queue
[2022-03-24 03:05:12,481] {logging_mixin.py:109} INFO - [2022-03-24 03:05:12,481] {dagbag.py:500} INFO - Filling up the DagBag from /home/airflow/.local/lib/python3.7/site-packages/airflow/example_dags/example_kubernetes_executor.py
[2022-03-24 03:05:12,577] {processor.py:654} INFO - DAG(s) dict_keys(['example_kubernetes_executor']) retrieved from /home/airflow/.local/lib/python3.7/site-packages/airflow/example_dags/example_kubernetes_executor.py
[2022-03-24 03:05:12,841] {logging_mixin.py:109} INFO - [2022-03-24 03:05:12,841] {dag.py:2398} INFO - Sync 1 DAGs
[2022-03-24 03:05:12,906] {logging_mixin.py:109} INFO - [2022-03-24 03:05:12,906] {dag.py:2937} INFO - Setting next_dagrun for example_kubernetes_executor to None
[2022-03-24 03:05:13,247] {processor.py:171} INFO - Processing /home/airflow/.local/lib/python3.7/site-packages/airflow/example_dags/example_kubernetes_executor.py took 1.572 seconds
[2022-03-24 03:05:44,081] {processor.py:163} INFO - Started process (PID=1777) to work on /home/airflow/.local/lib/python3.7/site-packages/airflow/example_dags/example_kubernetes_executor.py
[2022-03-24 03:05:44,083] {processor.py:642} INFO - Processing file /home/airflow/.local/lib/python3.7/site-packages/airflow/example_dags/example_kubernetes_executor.py for tasks to queue
[2022-03-24 03:05:44,085] {logging_mixin.py:109} INFO - [2022-03-24 03:05:44,085] {dagbag.py:500} INFO - Filling up the DagBag from /home/airflow/.local/lib/python3.7/site-packages/airflow/example_dags/example_kubernetes_executor.py
[2022-03-24 03:05:44,140] {processor.py:654} INFO - DAG(s) dict_keys(['example_kubernetes_executor']) retrieved from /home/airflow/.local/lib/python3.7/site-packages/airflow/example_dags/example_kubernetes_executor.py
[2022-03-24 03:05:44,162] {logging_mixin.py:109} INFO - [2022-03-24 03:05:44,162] {dag.py:2398} INFO - Sync 1 DAGs
[2022-03-24 03:05:44,180] {logging_mixin.py:109} INFO - [2022-03-24 03:05:44,179] {dag.py:2937} INFO - Setting next_dagrun for example_kubernetes_executor to None
[2022-03-24 03:05:44,205] {processor.py:171} INFO - Processing /home/airflow/.local/lib/python3.7/site-packages/airflow/example_dags/example_kubernetes_executor.py took 0.128 seconds
[2022-03-24 03:06:14,348] {processor.py:163} INFO - Started process (PID=1827) to work on /home/airflow/.local/lib/python3.7/site-packages/airflow/example_dags/example_kubernetes_executor.py
[2022-03-24 03:06:14,353] {processor.py:642} INFO - Processing file /home/airflow/.local/lib/python3.7/site-packages/airflow/example_dags/example_kubernetes_executor.py for tasks to queue
[2022-03-24 03:06:14,356] {logging_mixin.py:109} INFO - [2022-03-24 03:06:14,356] {dagbag.py:500} INFO - Filling up the DagBag from /home/airflow/.local/lib/python3.7/site-packages/airflow/example_dags/example_kubernetes_executor.py
[2022-03-24 03:06:14,410] {processor.py:654} INFO - DAG(s) dict_keys(['example_kubernetes_executor']) retrieved from /home/airflow/.local/lib/python3.7/site-packages/airflow/example_dags/example_kubernetes_executor.py
[2022-03-24 03:06:14,427] {logging_mixin.py:109} INFO - [2022-03-24 03:06:14,427] {dag.py:2398} INFO - Sync 1 DAGs
[2022-03-24 03:06:14,446] {logging_mixin.py:109} INFO - [2022-03-24 03:06:14,446] {dag.py:2937} INFO - Setting next_dagrun for example_kubernetes_executor to None
[2022-03-24 03:06:14,474] {processor.py:171} INFO - Processing /home/airflow/.local/lib/python3.7/site-packages/airflow/example_dags/example_kubernetes_executor.py took 0.133 seconds
[2022-03-24 03:06:45,470] {processor.py:163} INFO - Started process (PID=1876) to work on /home/airflow/.local/lib/python3.7/site-packages/airflow/example_dags/example_kubernetes_executor.py
[2022-03-24 03:06:45,489] {processor.py:642} INFO - Processing file /home/airflow/.local/lib/python3.7/site-packages/airflow/example_dags/example_kubernetes_executor.py for tasks to queue
[2022-03-24 03:06:45,493] {logging_mixin.py:109} INFO - [2022-03-24 03:06:45,493] {dagbag.py:500} INFO - Filling up the DagBag from /home/airflow/.local/lib/python3.7/site-packages/airflow/example_dags/example_kubernetes_executor.py
[2022-03-24 03:06:45,708] {processor.py:654} INFO - DAG(s) dict_keys(['example_kubernetes_executor']) retrieved from /home/airflow/.local/lib/python3.7/site-packages/airflow/example_dags/example_kubernetes_executor.py
[2022-03-24 03:06:45,742] {logging_mixin.py:109} INFO - [2022-03-24 03:06:45,742] {dag.py:2398} INFO - Sync 1 DAGs
[2022-03-24 03:06:45,794] {logging_mixin.py:109} INFO - [2022-03-24 03:06:45,794] {dag.py:2937} INFO - Setting next_dagrun for example_kubernetes_executor to None
[2022-03-24 03:06:45,844] {processor.py:171} INFO - Processing /home/airflow/.local/lib/python3.7/site-packages/airflow/example_dags/example_kubernetes_executor.py took 0.431 seconds
[2022-03-24 03:07:16,372] {processor.py:163} INFO - Started process (PID=1927) to work on /home/airflow/.local/lib/python3.7/site-packages/airflow/example_dags/example_kubernetes_executor.py
[2022-03-24 03:07:16,375] {processor.py:642} INFO - Processing file /home/airflow/.local/lib/python3.7/site-packages/airflow/example_dags/example_kubernetes_executor.py for tasks to queue
[2022-03-24 03:07:16,378] {logging_mixin.py:109} INFO - [2022-03-24 03:07:16,378] {dagbag.py:500} INFO - Filling up the DagBag from /home/airflow/.local/lib/python3.7/site-packages/airflow/example_dags/example_kubernetes_executor.py
[2022-03-24 03:07:16,452] {processor.py:654} INFO - DAG(s) dict_keys(['example_kubernetes_executor']) retrieved from /home/airflow/.local/lib/python3.7/site-packages/airflow/example_dags/example_kubernetes_executor.py
[2022-03-24 03:07:16,494] {logging_mixin.py:109} INFO - [2022-03-24 03:07:16,494] {dag.py:2398} INFO - Sync 1 DAGs
[2022-03-24 03:07:16,561] {logging_mixin.py:109} INFO - [2022-03-24 03:07:16,561] {dag.py:2937} INFO - Setting next_dagrun for example_kubernetes_executor to None
[2022-03-24 03:07:16,592] {processor.py:171} INFO - Processing /home/airflow/.local/lib/python3.7/site-packages/airflow/example_dags/example_kubernetes_executor.py took 0.230 seconds
[2022-03-24 03:07:47,166] {processor.py:163} INFO - Started process (PID=1979) to work on /home/airflow/.local/lib/python3.7/site-packages/airflow/example_dags/example_kubernetes_executor.py
[2022-03-24 03:07:47,168] {processor.py:642} INFO - Processing file /home/airflow/.local/lib/python3.7/site-packages/airflow/example_dags/example_kubernetes_executor.py for tasks to queue
[2022-03-24 03:07:47,170] {logging_mixin.py:109} INFO - [2022-03-24 03:07:47,169] {dagbag.py:500} INFO - Filling up the DagBag from /home/airflow/.local/lib/python3.7/site-packages/airflow/example_dags/example_kubernetes_executor.py
[2022-03-24 03:07:47,237] {processor.py:654} INFO - DAG(s) dict_keys(['example_kubernetes_executor']) retrieved from /home/airflow/.local/lib/python3.7/site-packages/airflow/example_dags/example_kubernetes_executor.py
[2022-03-24 03:07:47,261] {logging_mixin.py:109} INFO - [2022-03-24 03:07:47,261] {dag.py:2398} INFO - Sync 1 DAGs
[2022-03-24 03:07:47,296] {logging_mixin.py:109} INFO - [2022-03-24 03:07:47,296] {dag.py:2937} INFO - Setting next_dagrun for example_kubernetes_executor to None
[2022-03-24 03:07:47,309] {processor.py:171} INFO - Processing /home/airflow/.local/lib/python3.7/site-packages/airflow/example_dags/example_kubernetes_executor.py took 0.147 seconds
[2022-03-24 03:08:17,667] {processor.py:163} INFO - Started process (PID=2030) to work on /home/airflow/.local/lib/python3.7/site-packages/airflow/example_dags/example_kubernetes_executor.py
[2022-03-24 03:08:17,671] {processor.py:642} INFO - Processing file /home/airflow/.local/lib/python3.7/site-packages/airflow/example_dags/example_kubernetes_executor.py for tasks to queue
[2022-03-24 03:08:17,675] {logging_mixin.py:109} INFO - [2022-03-24 03:08:17,674] {dagbag.py:500} INFO - Filling up the DagBag from /home/airflow/.local/lib/python3.7/site-packages/airflow/example_dags/example_kubernetes_executor.py
[2022-03-24 03:08:17,733] {processor.py:654} INFO - DAG(s) dict_keys(['example_kubernetes_executor']) retrieved from /home/airflow/.local/lib/python3.7/site-packages/airflow/example_dags/example_kubernetes_executor.py
[2022-03-24 03:08:17,756] {logging_mixin.py:109} INFO - [2022-03-24 03:08:17,756] {dag.py:2398} INFO - Sync 1 DAGs
[2022-03-24 03:08:17,775] {logging_mixin.py:109} INFO - [2022-03-24 03:08:17,774] {dag.py:2937} INFO - Setting next_dagrun for example_kubernetes_executor to None
[2022-03-24 03:08:17,808] {processor.py:171} INFO - Processing /home/airflow/.local/lib/python3.7/site-packages/airflow/example_dags/example_kubernetes_executor.py took 0.164 seconds
[2022-03-24 03:08:48,095] {processor.py:163} INFO - Started process (PID=2085) to work on /home/airflow/.local/lib/python3.7/site-packages/airflow/example_dags/example_kubernetes_executor.py
[2022-03-24 03:08:48,099] {processor.py:642} INFO - Processing file /home/airflow/.local/lib/python3.7/site-packages/airflow/example_dags/example_kubernetes_executor.py for tasks to queue
[2022-03-24 03:08:48,103] {logging_mixin.py:109} INFO - [2022-03-24 03:08:48,102] {dagbag.py:500} INFO - Filling up the DagBag from /home/airflow/.local/lib/python3.7/site-packages/airflow/example_dags/example_kubernetes_executor.py
[2022-03-24 03:08:48,158] {processor.py:654} INFO - DAG(s) dict_keys(['example_kubernetes_executor']) retrieved from /home/airflow/.local/lib/python3.7/site-packages/airflow/example_dags/example_kubernetes_executor.py
[2022-03-24 03:08:48,186] {logging_mixin.py:109} INFO - [2022-03-24 03:08:48,186] {dag.py:2398} INFO - Sync 1 DAGs
[2022-03-24 03:08:48,221] {logging_mixin.py:109} INFO - [2022-03-24 03:08:48,221] {dag.py:2937} INFO - Setting next_dagrun for example_kubernetes_executor to None
[2022-03-24 03:08:48,240] {processor.py:171} INFO - Processing /home/airflow/.local/lib/python3.7/site-packages/airflow/example_dags/example_kubernetes_executor.py took 0.156 seconds
[2022-03-24 03:09:18,370] {processor.py:163} INFO - Started process (PID=2136) to work on /home/airflow/.local/lib/python3.7/site-packages/airflow/example_dags/example_kubernetes_executor.py
[2022-03-24 03:09:18,373] {processor.py:642} INFO - Processing file /home/airflow/.local/lib/python3.7/site-packages/airflow/example_dags/example_kubernetes_executor.py for tasks to queue
[2022-03-24 03:09:18,375] {logging_mixin.py:109} INFO - [2022-03-24 03:09:18,375] {dagbag.py:500} INFO - Filling up the DagBag from /home/airflow/.local/lib/python3.7/site-packages/airflow/example_dags/example_kubernetes_executor.py
[2022-03-24 03:09:18,458] {processor.py:654} INFO - DAG(s) dict_keys(['example_kubernetes_executor']) retrieved from /home/airflow/.local/lib/python3.7/site-packages/airflow/example_dags/example_kubernetes_executor.py
[2022-03-24 03:09:18,479] {logging_mixin.py:109} INFO - [2022-03-24 03:09:18,479] {dag.py:2398} INFO - Sync 1 DAGs
[2022-03-24 03:09:18,495] {logging_mixin.py:109} INFO - [2022-03-24 03:09:18,495] {dag.py:2937} INFO - Setting next_dagrun for example_kubernetes_executor to None
[2022-03-24 03:09:18,506] {processor.py:171} INFO - Processing /home/airflow/.local/lib/python3.7/site-packages/airflow/example_dags/example_kubernetes_executor.py took 0.142 seconds
[2022-03-24 03:09:48,713] {processor.py:163} INFO - Started process (PID=2185) to work on /home/airflow/.local/lib/python3.7/site-packages/airflow/example_dags/example_kubernetes_executor.py
[2022-03-24 03:09:48,716] {processor.py:642} INFO - Processing file /home/airflow/.local/lib/python3.7/site-packages/airflow/example_dags/example_kubernetes_executor.py for tasks to queue
[2022-03-24 03:09:48,718] {logging_mixin.py:109} INFO - [2022-03-24 03:09:48,718] {dagbag.py:500} INFO - Filling up the DagBag from /home/airflow/.local/lib/python3.7/site-packages/airflow/example_dags/example_kubernetes_executor.py
[2022-03-24 03:09:48,783] {processor.py:654} INFO - DAG(s) dict_keys(['example_kubernetes_executor']) retrieved from /home/airflow/.local/lib/python3.7/site-packages/airflow/example_dags/example_kubernetes_executor.py
[2022-03-24 03:09:48,812] {logging_mixin.py:109} INFO - [2022-03-24 03:09:48,812] {dag.py:2398} INFO - Sync 1 DAGs
[2022-03-24 03:09:48,845] {logging_mixin.py:109} INFO - [2022-03-24 03:09:48,845] {dag.py:2937} INFO - Setting next_dagrun for example_kubernetes_executor to None
[2022-03-24 03:09:48,855] {processor.py:171} INFO - Processing /home/airflow/.local/lib/python3.7/site-packages/airflow/example_dags/example_kubernetes_executor.py took 0.146 seconds
[2022-03-24 03:10:19,144] {processor.py:163} INFO - Started process (PID=2237) to work on /home/airflow/.local/lib/python3.7/site-packages/airflow/example_dags/example_kubernetes_executor.py
[2022-03-24 03:10:19,211] {processor.py:642} INFO - Processing file /home/airflow/.local/lib/python3.7/site-packages/airflow/example_dags/example_kubernetes_executor.py for tasks to queue
[2022-03-24 03:10:19,215] {logging_mixin.py:109} INFO - [2022-03-24 03:10:19,214] {dagbag.py:500} INFO - Filling up the DagBag from /home/airflow/.local/lib/python3.7/site-packages/airflow/example_dags/example_kubernetes_executor.py
[2022-03-24 03:10:19,299] {processor.py:654} INFO - DAG(s) dict_keys(['example_kubernetes_executor']) retrieved from /home/airflow/.local/lib/python3.7/site-packages/airflow/example_dags/example_kubernetes_executor.py
[2022-03-24 03:10:19,316] {logging_mixin.py:109} INFO - [2022-03-24 03:10:19,316] {dag.py:2398} INFO - Sync 1 DAGs
[2022-03-24 03:10:19,334] {logging_mixin.py:109} INFO - [2022-03-24 03:10:19,334] {dag.py:2937} INFO - Setting next_dagrun for example_kubernetes_executor to None
[2022-03-24 03:10:19,350] {processor.py:171} INFO - Processing /home/airflow/.local/lib/python3.7/site-packages/airflow/example_dags/example_kubernetes_executor.py took 0.211 seconds
[2022-03-24 03:10:49,428] {processor.py:163} INFO - Started process (PID=2287) to work on /home/airflow/.local/lib/python3.7/site-packages/airflow/example_dags/example_kubernetes_executor.py
[2022-03-24 03:10:49,462] {processor.py:642} INFO - Processing file /home/airflow/.local/lib/python3.7/site-packages/airflow/example_dags/example_kubernetes_executor.py for tasks to queue
[2022-03-24 03:10:49,466] {logging_mixin.py:109} INFO - [2022-03-24 03:10:49,465] {dagbag.py:500} INFO - Filling up the DagBag from /home/airflow/.local/lib/python3.7/site-packages/airflow/example_dags/example_kubernetes_executor.py
[2022-03-24 03:10:49,543] {processor.py:654} INFO - DAG(s) dict_keys(['example_kubernetes_executor']) retrieved from /home/airflow/.local/lib/python3.7/site-packages/airflow/example_dags/example_kubernetes_executor.py
[2022-03-24 03:10:49,573] {logging_mixin.py:109} INFO - [2022-03-24 03:10:49,573] {dag.py:2398} INFO - Sync 1 DAGs
[2022-03-24 03:10:49,769] {logging_mixin.py:109} INFO - [2022-03-24 03:10:49,769] {dag.py:2937} INFO - Setting next_dagrun for example_kubernetes_executor to None
[2022-03-24 03:10:49,877] {processor.py:171} INFO - Processing /home/airflow/.local/lib/python3.7/site-packages/airflow/example_dags/example_kubernetes_executor.py took 0.453 seconds
[2022-03-24 03:11:20,295] {processor.py:163} INFO - Started process (PID=2337) to work on /home/airflow/.local/lib/python3.7/site-packages/airflow/example_dags/example_kubernetes_executor.py
[2022-03-24 03:11:20,329] {processor.py:642} INFO - Processing file /home/airflow/.local/lib/python3.7/site-packages/airflow/example_dags/example_kubernetes_executor.py for tasks to queue
[2022-03-24 03:11:20,645] {logging_mixin.py:109} INFO - [2022-03-24 03:11:20,645] {dagbag.py:500} INFO - Filling up the DagBag from /home/airflow/.local/lib/python3.7/site-packages/airflow/example_dags/example_kubernetes_executor.py
[2022-03-24 03:11:20,695] {processor.py:654} INFO - DAG(s) dict_keys(['example_kubernetes_executor']) retrieved from /home/airflow/.local/lib/python3.7/site-packages/airflow/example_dags/example_kubernetes_executor.py
[2022-03-24 03:11:21,071] {logging_mixin.py:109} INFO - [2022-03-24 03:11:21,070] {dag.py:2398} INFO - Sync 1 DAGs
[2022-03-24 03:11:21,087] {logging_mixin.py:109} INFO - [2022-03-24 03:11:21,087] {dag.py:2937} INFO - Setting next_dagrun for example_kubernetes_executor to None
[2022-03-24 03:11:21,437] {processor.py:171} INFO - Processing /home/airflow/.local/lib/python3.7/site-packages/airflow/example_dags/example_kubernetes_executor.py took 1.154 seconds
[2022-03-24 03:11:51,812] {processor.py:163} INFO - Started process (PID=2388) to work on /home/airflow/.local/lib/python3.7/site-packages/airflow/example_dags/example_kubernetes_executor.py
[2022-03-24 03:11:51,815] {processor.py:642} INFO - Processing file /home/airflow/.local/lib/python3.7/site-packages/airflow/example_dags/example_kubernetes_executor.py for tasks to queue
[2022-03-24 03:11:51,817] {logging_mixin.py:109} INFO - [2022-03-24 03:11:51,817] {dagbag.py:500} INFO - Filling up the DagBag from /home/airflow/.local/lib/python3.7/site-packages/airflow/example_dags/example_kubernetes_executor.py
[2022-03-24 03:11:51,869] {processor.py:654} INFO - DAG(s) dict_keys(['example_kubernetes_executor']) retrieved from /home/airflow/.local/lib/python3.7/site-packages/airflow/example_dags/example_kubernetes_executor.py
[2022-03-24 03:11:51,887] {logging_mixin.py:109} INFO - [2022-03-24 03:11:51,886] {dag.py:2398} INFO - Sync 1 DAGs
[2022-03-24 03:11:51,902] {logging_mixin.py:109} INFO - [2022-03-24 03:11:51,902] {dag.py:2937} INFO - Setting next_dagrun for example_kubernetes_executor to None
[2022-03-24 03:11:51,917] {processor.py:171} INFO - Processing /home/airflow/.local/lib/python3.7/site-packages/airflow/example_dags/example_kubernetes_executor.py took 0.108 seconds
[2022-03-24 03:12:22,037] {processor.py:163} INFO - Started process (PID=2437) to work on /home/airflow/.local/lib/python3.7/site-packages/airflow/example_dags/example_kubernetes_executor.py
[2022-03-24 03:12:22,044] {processor.py:642} INFO - Processing file /home/airflow/.local/lib/python3.7/site-packages/airflow/example_dags/example_kubernetes_executor.py for tasks to queue
[2022-03-24 03:12:22,049] {logging_mixin.py:109} INFO - [2022-03-24 03:12:22,048] {dagbag.py:500} INFO - Filling up the DagBag from /home/airflow/.local/lib/python3.7/site-packages/airflow/example_dags/example_kubernetes_executor.py
[2022-03-24 03:12:22,121] {processor.py:654} INFO - DAG(s) dict_keys(['example_kubernetes_executor']) retrieved from /home/airflow/.local/lib/python3.7/site-packages/airflow/example_dags/example_kubernetes_executor.py
[2022-03-24 03:12:22,143] {logging_mixin.py:109} INFO - [2022-03-24 03:12:22,143] {dag.py:2398} INFO - Sync 1 DAGs
[2022-03-24 03:12:22,175] {logging_mixin.py:109} INFO - [2022-03-24 03:12:22,175] {dag.py:2937} INFO - Setting next_dagrun for example_kubernetes_executor to None
[2022-03-24 03:12:22,189] {processor.py:171} INFO - Processing /home/airflow/.local/lib/python3.7/site-packages/airflow/example_dags/example_kubernetes_executor.py took 0.166 seconds
[2022-03-24 03:12:52,447] {processor.py:163} INFO - Started process (PID=2490) to work on /home/airflow/.local/lib/python3.7/site-packages/airflow/example_dags/example_kubernetes_executor.py
[2022-03-24 03:12:52,454] {processor.py:642} INFO - Processing file /home/airflow/.local/lib/python3.7/site-packages/airflow/example_dags/example_kubernetes_executor.py for tasks to queue
[2022-03-24 03:12:52,457] {logging_mixin.py:109} INFO - [2022-03-24 03:12:52,457] {dagbag.py:500} INFO - Filling up the DagBag from /home/airflow/.local/lib/python3.7/site-packages/airflow/example_dags/example_kubernetes_executor.py
[2022-03-24 03:12:52,536] {processor.py:654} INFO - DAG(s) dict_keys(['example_kubernetes_executor']) retrieved from /home/airflow/.local/lib/python3.7/site-packages/airflow/example_dags/example_kubernetes_executor.py
[2022-03-24 03:12:52,558] {logging_mixin.py:109} INFO - [2022-03-24 03:12:52,558] {dag.py:2398} INFO - Sync 1 DAGs
[2022-03-24 03:12:52,575] {logging_mixin.py:109} INFO - [2022-03-24 03:12:52,575] {dag.py:2937} INFO - Setting next_dagrun for example_kubernetes_executor to None
[2022-03-24 03:12:52,588] {processor.py:171} INFO - Processing /home/airflow/.local/lib/python3.7/site-packages/airflow/example_dags/example_kubernetes_executor.py took 0.150 seconds
[2022-03-24 03:13:22,903] {processor.py:163} INFO - Started process (PID=2541) to work on /home/airflow/.local/lib/python3.7/site-packages/airflow/example_dags/example_kubernetes_executor.py
[2022-03-24 03:13:22,907] {processor.py:642} INFO - Processing file /home/airflow/.local/lib/python3.7/site-packages/airflow/example_dags/example_kubernetes_executor.py for tasks to queue
[2022-03-24 03:13:22,912] {logging_mixin.py:109} INFO - [2022-03-24 03:13:22,911] {dagbag.py:500} INFO - Filling up the DagBag from /home/airflow/.local/lib/python3.7/site-packages/airflow/example_dags/example_kubernetes_executor.py
[2022-03-24 03:13:23,061] {processor.py:654} INFO - DAG(s) dict_keys(['example_kubernetes_executor']) retrieved from /home/airflow/.local/lib/python3.7/site-packages/airflow/example_dags/example_kubernetes_executor.py
[2022-03-24 03:13:23,112] {logging_mixin.py:109} INFO - [2022-03-24 03:13:23,112] {dag.py:2398} INFO - Sync 1 DAGs
[2022-03-24 03:13:23,154] {logging_mixin.py:109} INFO - [2022-03-24 03:13:23,154] {dag.py:2937} INFO - Setting next_dagrun for example_kubernetes_executor to None
[2022-03-24 03:13:23,216] {processor.py:171} INFO - Processing /home/airflow/.local/lib/python3.7/site-packages/airflow/example_dags/example_kubernetes_executor.py took 0.325 seconds
[2022-03-24 03:13:54,238] {processor.py:163} INFO - Started process (PID=2606) to work on /home/airflow/.local/lib/python3.7/site-packages/airflow/example_dags/example_kubernetes_executor.py
[2022-03-24 03:13:54,243] {processor.py:642} INFO - Processing file /home/airflow/.local/lib/python3.7/site-packages/airflow/example_dags/example_kubernetes_executor.py for tasks to queue
[2022-03-24 03:13:54,255] {logging_mixin.py:109} INFO - [2022-03-24 03:13:54,255] {dagbag.py:500} INFO - Filling up the DagBag from /home/airflow/.local/lib/python3.7/site-packages/airflow/example_dags/example_kubernetes_executor.py
[2022-03-24 03:13:54,429] {processor.py:654} INFO - DAG(s) dict_keys(['example_kubernetes_executor']) retrieved from /home/airflow/.local/lib/python3.7/site-packages/airflow/example_dags/example_kubernetes_executor.py
[2022-03-24 03:13:54,455] {logging_mixin.py:109} INFO - [2022-03-24 03:13:54,455] {dag.py:2398} INFO - Sync 1 DAGs
[2022-03-24 03:13:54,482] {logging_mixin.py:109} INFO - [2022-03-24 03:13:54,482] {dag.py:2937} INFO - Setting next_dagrun for example_kubernetes_executor to None
[2022-03-24 03:13:54,505] {processor.py:171} INFO - Processing /home/airflow/.local/lib/python3.7/site-packages/airflow/example_dags/example_kubernetes_executor.py took 0.294 seconds
[2022-03-24 03:14:25,373] {processor.py:163} INFO - Started process (PID=2657) to work on /home/airflow/.local/lib/python3.7/site-packages/airflow/example_dags/example_kubernetes_executor.py
[2022-03-24 03:14:25,376] {processor.py:642} INFO - Processing file /home/airflow/.local/lib/python3.7/site-packages/airflow/example_dags/example_kubernetes_executor.py for tasks to queue
[2022-03-24 03:14:25,381] {logging_mixin.py:109} INFO - [2022-03-24 03:14:25,380] {dagbag.py:500} INFO - Filling up the DagBag from /home/airflow/.local/lib/python3.7/site-packages/airflow/example_dags/example_kubernetes_executor.py
[2022-03-24 03:14:25,600] {processor.py:654} INFO - DAG(s) dict_keys(['example_kubernetes_executor']) retrieved from /home/airflow/.local/lib/python3.7/site-packages/airflow/example_dags/example_kubernetes_executor.py
[2022-03-24 03:14:25,644] {logging_mixin.py:109} INFO - [2022-03-24 03:14:25,642] {dag.py:2398} INFO - Sync 1 DAGs
[2022-03-24 03:14:25,687] {logging_mixin.py:109} INFO - [2022-03-24 03:14:25,687] {dag.py:2937} INFO - Setting next_dagrun for example_kubernetes_executor to None
[2022-03-24 03:14:25,725] {processor.py:171} INFO - Processing /home/airflow/.local/lib/python3.7/site-packages/airflow/example_dags/example_kubernetes_executor.py took 0.372 seconds
[2022-03-24 03:14:56,202] {processor.py:163} INFO - Started process (PID=2710) to work on /home/airflow/.local/lib/python3.7/site-packages/airflow/example_dags/example_kubernetes_executor.py
[2022-03-24 03:14:56,213] {processor.py:642} INFO - Processing file /home/airflow/.local/lib/python3.7/site-packages/airflow/example_dags/example_kubernetes_executor.py for tasks to queue
[2022-03-24 03:14:56,218] {logging_mixin.py:109} INFO - [2022-03-24 03:14:56,218] {dagbag.py:500} INFO - Filling up the DagBag from /home/airflow/.local/lib/python3.7/site-packages/airflow/example_dags/example_kubernetes_executor.py
[2022-03-24 03:14:56,492] {processor.py:654} INFO - DAG(s) dict_keys(['example_kubernetes_executor']) retrieved from /home/airflow/.local/lib/python3.7/site-packages/airflow/example_dags/example_kubernetes_executor.py
[2022-03-24 03:14:56,601] {logging_mixin.py:109} INFO - [2022-03-24 03:14:56,601] {dag.py:2398} INFO - Sync 1 DAGs
[2022-03-24 03:14:56,721] {logging_mixin.py:109} INFO - [2022-03-24 03:14:56,720] {dag.py:2937} INFO - Setting next_dagrun for example_kubernetes_executor to None
[2022-03-24 03:14:56,794] {processor.py:171} INFO - Processing /home/airflow/.local/lib/python3.7/site-packages/airflow/example_dags/example_kubernetes_executor.py took 0.605 seconds
[2022-03-24 03:15:26,917] {processor.py:163} INFO - Started process (PID=2764) to work on /home/airflow/.local/lib/python3.7/site-packages/airflow/example_dags/example_kubernetes_executor.py
[2022-03-24 03:15:26,932] {processor.py:642} INFO - Processing file /home/airflow/.local/lib/python3.7/site-packages/airflow/example_dags/example_kubernetes_executor.py for tasks to queue
[2022-03-24 03:15:26,942] {logging_mixin.py:109} INFO - [2022-03-24 03:15:26,942] {dagbag.py:500} INFO - Filling up the DagBag from /home/airflow/.local/lib/python3.7/site-packages/airflow/example_dags/example_kubernetes_executor.py
[2022-03-24 03:15:27,103] {processor.py:654} INFO - DAG(s) dict_keys(['example_kubernetes_executor']) retrieved from /home/airflow/.local/lib/python3.7/site-packages/airflow/example_dags/example_kubernetes_executor.py
[2022-03-24 03:15:27,147] {logging_mixin.py:109} INFO - [2022-03-24 03:15:27,147] {dag.py:2398} INFO - Sync 1 DAGs
[2022-03-24 03:15:27,193] {logging_mixin.py:109} INFO - [2022-03-24 03:15:27,193] {dag.py:2937} INFO - Setting next_dagrun for example_kubernetes_executor to None
[2022-03-24 03:15:27,227] {processor.py:171} INFO - Processing /home/airflow/.local/lib/python3.7/site-packages/airflow/example_dags/example_kubernetes_executor.py took 0.315 seconds
[2022-03-24 03:15:57,347] {processor.py:163} INFO - Started process (PID=2812) to work on /home/airflow/.local/lib/python3.7/site-packages/airflow/example_dags/example_kubernetes_executor.py
[2022-03-24 03:15:57,735] {processor.py:642} INFO - Processing file /home/airflow/.local/lib/python3.7/site-packages/airflow/example_dags/example_kubernetes_executor.py for tasks to queue
[2022-03-24 03:15:57,738] {logging_mixin.py:109} INFO - [2022-03-24 03:15:57,738] {dagbag.py:500} INFO - Filling up the DagBag from /home/airflow/.local/lib/python3.7/site-packages/airflow/example_dags/example_kubernetes_executor.py
[2022-03-24 03:15:57,903] {processor.py:654} INFO - DAG(s) dict_keys(['example_kubernetes_executor']) retrieved from /home/airflow/.local/lib/python3.7/site-packages/airflow/example_dags/example_kubernetes_executor.py
[2022-03-24 03:15:58,224] {logging_mixin.py:109} INFO - [2022-03-24 03:15:58,224] {dag.py:2398} INFO - Sync 1 DAGs
[2022-03-24 03:15:58,349] {logging_mixin.py:109} INFO - [2022-03-24 03:15:58,349] {dag.py:2937} INFO - Setting next_dagrun for example_kubernetes_executor to None
[2022-03-24 03:15:58,597] {processor.py:171} INFO - Processing /home/airflow/.local/lib/python3.7/site-packages/airflow/example_dags/example_kubernetes_executor.py took 1.268 seconds
[2022-03-24 03:16:28,808] {processor.py:163} INFO - Started process (PID=2863) to work on /home/airflow/.local/lib/python3.7/site-packages/airflow/example_dags/example_kubernetes_executor.py
[2022-03-24 03:16:29,030] {processor.py:642} INFO - Processing file /home/airflow/.local/lib/python3.7/site-packages/airflow/example_dags/example_kubernetes_executor.py for tasks to queue
[2022-03-24 03:16:29,048] {logging_mixin.py:109} INFO - [2022-03-24 03:16:29,047] {dagbag.py:500} INFO - Filling up the DagBag from /home/airflow/.local/lib/python3.7/site-packages/airflow/example_dags/example_kubernetes_executor.py
[2022-03-24 03:16:29,454] {processor.py:654} INFO - DAG(s) dict_keys(['example_kubernetes_executor']) retrieved from /home/airflow/.local/lib/python3.7/site-packages/airflow/example_dags/example_kubernetes_executor.py
[2022-03-24 03:16:29,628] {logging_mixin.py:109} INFO - [2022-03-24 03:16:29,628] {dag.py:2398} INFO - Sync 1 DAGs
[2022-03-24 03:16:29,705] {logging_mixin.py:109} INFO - [2022-03-24 03:16:29,704] {dag.py:2937} INFO - Setting next_dagrun for example_kubernetes_executor to None
[2022-03-24 03:16:29,741] {processor.py:171} INFO - Processing /home/airflow/.local/lib/python3.7/site-packages/airflow/example_dags/example_kubernetes_executor.py took 0.937 seconds
[2022-03-24 03:17:00,107] {processor.py:163} INFO - Started process (PID=2915) to work on /home/airflow/.local/lib/python3.7/site-packages/airflow/example_dags/example_kubernetes_executor.py
[2022-03-24 03:17:00,112] {processor.py:642} INFO - Processing file /home/airflow/.local/lib/python3.7/site-packages/airflow/example_dags/example_kubernetes_executor.py for tasks to queue
[2022-03-24 03:17:00,114] {logging_mixin.py:109} INFO - [2022-03-24 03:17:00,113] {dagbag.py:500} INFO - Filling up the DagBag from /home/airflow/.local/lib/python3.7/site-packages/airflow/example_dags/example_kubernetes_executor.py
[2022-03-24 03:17:00,156] {processor.py:654} INFO - DAG(s) dict_keys(['example_kubernetes_executor']) retrieved from /home/airflow/.local/lib/python3.7/site-packages/airflow/example_dags/example_kubernetes_executor.py
[2022-03-24 03:17:00,170] {logging_mixin.py:109} INFO - [2022-03-24 03:17:00,170] {dag.py:2398} INFO - Sync 1 DAGs
[2022-03-24 03:17:00,185] {logging_mixin.py:109} INFO - [2022-03-24 03:17:00,185] {dag.py:2937} INFO - Setting next_dagrun for example_kubernetes_executor to None
[2022-03-24 03:17:00,196] {processor.py:171} INFO - Processing /home/airflow/.local/lib/python3.7/site-packages/airflow/example_dags/example_kubernetes_executor.py took 0.094 seconds
[2022-03-24 03:17:30,432] {processor.py:163} INFO - Started process (PID=2965) to work on /home/airflow/.local/lib/python3.7/site-packages/airflow/example_dags/example_kubernetes_executor.py
[2022-03-24 03:17:30,436] {processor.py:642} INFO - Processing file /home/airflow/.local/lib/python3.7/site-packages/airflow/example_dags/example_kubernetes_executor.py for tasks to queue
[2022-03-24 03:17:30,437] {logging_mixin.py:109} INFO - [2022-03-24 03:17:30,437] {dagbag.py:500} INFO - Filling up the DagBag from /home/airflow/.local/lib/python3.7/site-packages/airflow/example_dags/example_kubernetes_executor.py
[2022-03-24 03:17:30,498] {processor.py:654} INFO - DAG(s) dict_keys(['example_kubernetes_executor']) retrieved from /home/airflow/.local/lib/python3.7/site-packages/airflow/example_dags/example_kubernetes_executor.py
[2022-03-24 03:17:30,516] {logging_mixin.py:109} INFO - [2022-03-24 03:17:30,516] {dag.py:2398} INFO - Sync 1 DAGs
[2022-03-24 03:17:30,534] {logging_mixin.py:109} INFO - [2022-03-24 03:17:30,534] {dag.py:2937} INFO - Setting next_dagrun for example_kubernetes_executor to None
[2022-03-24 03:17:30,548] {processor.py:171} INFO - Processing /home/airflow/.local/lib/python3.7/site-packages/airflow/example_dags/example_kubernetes_executor.py took 0.124 seconds
[2022-03-24 03:18:00,599] {processor.py:163} INFO - Started process (PID=3018) to work on /home/airflow/.local/lib/python3.7/site-packages/airflow/example_dags/example_kubernetes_executor.py
[2022-03-24 03:18:00,604] {processor.py:642} INFO - Processing file /home/airflow/.local/lib/python3.7/site-packages/airflow/example_dags/example_kubernetes_executor.py for tasks to queue
[2022-03-24 03:18:00,607] {logging_mixin.py:109} INFO - [2022-03-24 03:18:00,607] {dagbag.py:500} INFO - Filling up the DagBag from /home/airflow/.local/lib/python3.7/site-packages/airflow/example_dags/example_kubernetes_executor.py
[2022-03-24 03:18:00,681] {processor.py:654} INFO - DAG(s) dict_keys(['example_kubernetes_executor']) retrieved from /home/airflow/.local/lib/python3.7/site-packages/airflow/example_dags/example_kubernetes_executor.py
[2022-03-24 03:18:00,707] {logging_mixin.py:109} INFO - [2022-03-24 03:18:00,707] {dag.py:2398} INFO - Sync 1 DAGs
[2022-03-24 03:18:00,724] {logging_mixin.py:109} INFO - [2022-03-24 03:18:00,724] {dag.py:2937} INFO - Setting next_dagrun for example_kubernetes_executor to None
[2022-03-24 03:18:00,743] {processor.py:171} INFO - Processing /home/airflow/.local/lib/python3.7/site-packages/airflow/example_dags/example_kubernetes_executor.py took 0.152 seconds
[2022-03-24 03:18:30,803] {processor.py:163} INFO - Started process (PID=3070) to work on /home/airflow/.local/lib/python3.7/site-packages/airflow/example_dags/example_kubernetes_executor.py
[2022-03-24 03:18:30,865] {processor.py:642} INFO - Processing file /home/airflow/.local/lib/python3.7/site-packages/airflow/example_dags/example_kubernetes_executor.py for tasks to queue
[2022-03-24 03:18:30,872] {logging_mixin.py:109} INFO - [2022-03-24 03:18:30,871] {dagbag.py:500} INFO - Filling up the DagBag from /home/airflow/.local/lib/python3.7/site-packages/airflow/example_dags/example_kubernetes_executor.py
[2022-03-24 03:18:30,921] {processor.py:654} INFO - DAG(s) dict_keys(['example_kubernetes_executor']) retrieved from /home/airflow/.local/lib/python3.7/site-packages/airflow/example_dags/example_kubernetes_executor.py
[2022-03-24 03:18:31,026] {logging_mixin.py:109} INFO - [2022-03-24 03:18:31,026] {dag.py:2398} INFO - Sync 1 DAGs
[2022-03-24 03:18:31,042] {logging_mixin.py:109} INFO - [2022-03-24 03:18:31,042] {dag.py:2937} INFO - Setting next_dagrun for example_kubernetes_executor to None
[2022-03-24 03:18:31,058] {processor.py:171} INFO - Processing /home/airflow/.local/lib/python3.7/site-packages/airflow/example_dags/example_kubernetes_executor.py took 0.259 seconds
[2022-03-24 03:19:01,563] {processor.py:163} INFO - Started process (PID=3134) to work on /home/airflow/.local/lib/python3.7/site-packages/airflow/example_dags/example_kubernetes_executor.py
[2022-03-24 03:19:01,583] {processor.py:642} INFO - Processing file /home/airflow/.local/lib/python3.7/site-packages/airflow/example_dags/example_kubernetes_executor.py for tasks to queue
[2022-03-24 03:19:01,593] {logging_mixin.py:109} INFO - [2022-03-24 03:19:01,592] {dagbag.py:500} INFO - Filling up the DagBag from /home/airflow/.local/lib/python3.7/site-packages/airflow/example_dags/example_kubernetes_executor.py
[2022-03-24 03:19:01,786] {processor.py:654} INFO - DAG(s) dict_keys(['example_kubernetes_executor']) retrieved from /home/airflow/.local/lib/python3.7/site-packages/airflow/example_dags/example_kubernetes_executor.py
[2022-03-24 03:19:01,820] {logging_mixin.py:109} INFO - [2022-03-24 03:19:01,820] {dag.py:2398} INFO - Sync 1 DAGs
[2022-03-24 03:19:01,882] {logging_mixin.py:109} INFO - [2022-03-24 03:19:01,882] {dag.py:2937} INFO - Setting next_dagrun for example_kubernetes_executor to None
[2022-03-24 03:19:01,936] {processor.py:171} INFO - Processing /home/airflow/.local/lib/python3.7/site-packages/airflow/example_dags/example_kubernetes_executor.py took 0.387 seconds
[2022-03-24 03:19:32,426] {processor.py:163} INFO - Started process (PID=3186) to work on /home/airflow/.local/lib/python3.7/site-packages/airflow/example_dags/example_kubernetes_executor.py
[2022-03-24 03:19:32,434] {processor.py:642} INFO - Processing file /home/airflow/.local/lib/python3.7/site-packages/airflow/example_dags/example_kubernetes_executor.py for tasks to queue
[2022-03-24 03:19:32,437] {logging_mixin.py:109} INFO - [2022-03-24 03:19:32,436] {dagbag.py:500} INFO - Filling up the DagBag from /home/airflow/.local/lib/python3.7/site-packages/airflow/example_dags/example_kubernetes_executor.py
[2022-03-24 03:19:32,487] {processor.py:654} INFO - DAG(s) dict_keys(['example_kubernetes_executor']) retrieved from /home/airflow/.local/lib/python3.7/site-packages/airflow/example_dags/example_kubernetes_executor.py
[2022-03-24 03:19:32,509] {logging_mixin.py:109} INFO - [2022-03-24 03:19:32,509] {dag.py:2398} INFO - Sync 1 DAGs
[2022-03-24 03:19:32,530] {logging_mixin.py:109} INFO - [2022-03-24 03:19:32,530] {dag.py:2937} INFO - Setting next_dagrun for example_kubernetes_executor to None
[2022-03-24 03:19:32,572] {processor.py:171} INFO - Processing /home/airflow/.local/lib/python3.7/site-packages/airflow/example_dags/example_kubernetes_executor.py took 0.164 seconds
[2022-03-24 03:20:03,467] {processor.py:163} INFO - Started process (PID=3242) to work on /home/airflow/.local/lib/python3.7/site-packages/airflow/example_dags/example_kubernetes_executor.py
[2022-03-24 03:20:03,470] {processor.py:642} INFO - Processing file /home/airflow/.local/lib/python3.7/site-packages/airflow/example_dags/example_kubernetes_executor.py for tasks to queue
[2022-03-24 03:20:03,471] {logging_mixin.py:109} INFO - [2022-03-24 03:20:03,471] {dagbag.py:500} INFO - Filling up the DagBag from /home/airflow/.local/lib/python3.7/site-packages/airflow/example_dags/example_kubernetes_executor.py
[2022-03-24 03:20:03,543] {processor.py:654} INFO - DAG(s) dict_keys(['example_kubernetes_executor']) retrieved from /home/airflow/.local/lib/python3.7/site-packages/airflow/example_dags/example_kubernetes_executor.py
[2022-03-24 03:20:03,576] {logging_mixin.py:109} INFO - [2022-03-24 03:20:03,576] {dag.py:2398} INFO - Sync 1 DAGs
[2022-03-24 03:20:03,593] {logging_mixin.py:109} INFO - [2022-03-24 03:20:03,593] {dag.py:2937} INFO - Setting next_dagrun for example_kubernetes_executor to None
[2022-03-24 03:20:03,677] {processor.py:171} INFO - Processing /home/airflow/.local/lib/python3.7/site-packages/airflow/example_dags/example_kubernetes_executor.py took 0.219 seconds
[2022-03-24 03:20:34,142] {processor.py:163} INFO - Started process (PID=3293) to work on /home/airflow/.local/lib/python3.7/site-packages/airflow/example_dags/example_kubernetes_executor.py
[2022-03-24 03:20:34,148] {processor.py:642} INFO - Processing file /home/airflow/.local/lib/python3.7/site-packages/airflow/example_dags/example_kubernetes_executor.py for tasks to queue
[2022-03-24 03:20:34,149] {logging_mixin.py:109} INFO - [2022-03-24 03:20:34,149] {dagbag.py:500} INFO - Filling up the DagBag from /home/airflow/.local/lib/python3.7/site-packages/airflow/example_dags/example_kubernetes_executor.py
[2022-03-24 03:20:34,189] {processor.py:654} INFO - DAG(s) dict_keys(['example_kubernetes_executor']) retrieved from /home/airflow/.local/lib/python3.7/site-packages/airflow/example_dags/example_kubernetes_executor.py
[2022-03-24 03:20:34,204] {logging_mixin.py:109} INFO - [2022-03-24 03:20:34,204] {dag.py:2398} INFO - Sync 1 DAGs
[2022-03-24 03:20:34,218] {logging_mixin.py:109} INFO - [2022-03-24 03:20:34,218] {dag.py:2937} INFO - Setting next_dagrun for example_kubernetes_executor to None
[2022-03-24 03:20:34,229] {processor.py:171} INFO - Processing /home/airflow/.local/lib/python3.7/site-packages/airflow/example_dags/example_kubernetes_executor.py took 0.091 seconds
