[2022-03-24 02:47:45,557] {processor.py:163} INFO - Started process (PID=108) to work on /home/airflow/.local/lib/python3.7/site-packages/airflow/example_dags/example_latest_only.py
[2022-03-24 02:47:45,559] {processor.py:642} INFO - Processing file /home/airflow/.local/lib/python3.7/site-packages/airflow/example_dags/example_latest_only.py for tasks to queue
[2022-03-24 02:47:45,569] {logging_mixin.py:109} INFO - [2022-03-24 02:47:45,569] {dagbag.py:500} INFO - Filling up the DagBag from /home/airflow/.local/lib/python3.7/site-packages/airflow/example_dags/example_latest_only.py
[2022-03-24 02:47:45,865] {processor.py:654} INFO - DAG(s) dict_keys(['latest_only']) retrieved from /home/airflow/.local/lib/python3.7/site-packages/airflow/example_dags/example_latest_only.py
[2022-03-24 02:48:03,803] {logging_mixin.py:109} INFO - [2022-03-24 02:48:03,803] {manager.py:496} INFO - Created Permission View: can edit on DAG:latest_only
[2022-03-24 02:48:03,856] {logging_mixin.py:109} INFO - [2022-03-24 02:48:03,856] {manager.py:496} INFO - Created Permission View: can read on DAG:latest_only
[2022-03-24 02:48:03,862] {logging_mixin.py:109} INFO - [2022-03-24 02:48:03,860] {dag.py:2398} INFO - Sync 1 DAGs
[2022-03-24 02:48:03,908] {logging_mixin.py:109} INFO - [2022-03-24 02:48:03,907] {dag.py:2417} INFO - Creating ORM DAG for latest_only
[2022-03-24 02:48:03,979] {logging_mixin.py:109} INFO - [2022-03-24 02:48:03,979] {dag.py:2937} INFO - Setting next_dagrun for latest_only to 2022-03-23T22:48:03.978534+00:00
[2022-03-24 02:48:05,725] {processor.py:171} INFO - Processing /home/airflow/.local/lib/python3.7/site-packages/airflow/example_dags/example_latest_only.py took 20.227 seconds
[2022-03-24 02:49:38,447] {processor.py:163} INFO - Started process (PID=175) to work on /home/airflow/.local/lib/python3.7/site-packages/airflow/example_dags/example_latest_only.py
[2022-03-24 02:49:38,481] {processor.py:642} INFO - Processing file /home/airflow/.local/lib/python3.7/site-packages/airflow/example_dags/example_latest_only.py for tasks to queue
[2022-03-24 02:49:38,490] {logging_mixin.py:109} INFO - [2022-03-24 02:49:38,490] {dagbag.py:500} INFO - Filling up the DagBag from /home/airflow/.local/lib/python3.7/site-packages/airflow/example_dags/example_latest_only.py
[2022-03-24 02:49:39,060] {processor.py:654} INFO - DAG(s) dict_keys(['latest_only']) retrieved from /home/airflow/.local/lib/python3.7/site-packages/airflow/example_dags/example_latest_only.py
[2022-03-24 02:49:39,175] {logging_mixin.py:109} INFO - [2022-03-24 02:49:39,175] {dag.py:2398} INFO - Sync 1 DAGs
[2022-03-24 02:49:39,339] {logging_mixin.py:109} INFO - [2022-03-24 02:49:39,339] {dag.py:2937} INFO - Setting next_dagrun for latest_only to 2022-03-23T22:49:39.338787+00:00
[2022-03-24 02:49:39,473] {processor.py:171} INFO - Processing /home/airflow/.local/lib/python3.7/site-packages/airflow/example_dags/example_latest_only.py took 1.163 seconds
[2022-03-24 02:50:44,757] {processor.py:163} INFO - Started process (PID=286) to work on /home/airflow/.local/lib/python3.7/site-packages/airflow/example_dags/example_latest_only.py
[2022-03-24 02:50:44,761] {processor.py:642} INFO - Processing file /home/airflow/.local/lib/python3.7/site-packages/airflow/example_dags/example_latest_only.py for tasks to queue
[2022-03-24 02:50:44,764] {logging_mixin.py:109} INFO - [2022-03-24 02:50:44,763] {dagbag.py:500} INFO - Filling up the DagBag from /home/airflow/.local/lib/python3.7/site-packages/airflow/example_dags/example_latest_only.py
[2022-03-24 02:50:44,818] {processor.py:654} INFO - DAG(s) dict_keys(['latest_only']) retrieved from /home/airflow/.local/lib/python3.7/site-packages/airflow/example_dags/example_latest_only.py
[2022-03-24 02:50:44,838] {logging_mixin.py:109} INFO - [2022-03-24 02:50:44,838] {dag.py:2398} INFO - Sync 1 DAGs
[2022-03-24 02:50:44,860] {logging_mixin.py:109} INFO - [2022-03-24 02:50:44,860] {dag.py:2937} INFO - Setting next_dagrun for latest_only to 2022-03-23T22:50:44.860150+00:00
[2022-03-24 02:50:44,875] {processor.py:171} INFO - Processing /home/airflow/.local/lib/python3.7/site-packages/airflow/example_dags/example_latest_only.py took 0.127 seconds
[2022-03-24 02:51:15,729] {processor.py:163} INFO - Started process (PID=338) to work on /home/airflow/.local/lib/python3.7/site-packages/airflow/example_dags/example_latest_only.py
[2022-03-24 02:51:15,736] {processor.py:642} INFO - Processing file /home/airflow/.local/lib/python3.7/site-packages/airflow/example_dags/example_latest_only.py for tasks to queue
[2022-03-24 02:51:15,738] {logging_mixin.py:109} INFO - [2022-03-24 02:51:15,738] {dagbag.py:500} INFO - Filling up the DagBag from /home/airflow/.local/lib/python3.7/site-packages/airflow/example_dags/example_latest_only.py
[2022-03-24 02:51:15,897] {processor.py:654} INFO - DAG(s) dict_keys(['latest_only']) retrieved from /home/airflow/.local/lib/python3.7/site-packages/airflow/example_dags/example_latest_only.py
[2022-03-24 02:51:15,947] {logging_mixin.py:109} INFO - [2022-03-24 02:51:15,946] {dag.py:2398} INFO - Sync 1 DAGs
[2022-03-24 02:51:15,997] {logging_mixin.py:109} INFO - [2022-03-24 02:51:15,997] {dag.py:2937} INFO - Setting next_dagrun for latest_only to 2022-03-23T22:51:15.997077+00:00
[2022-03-24 02:51:16,016] {processor.py:171} INFO - Processing /home/airflow/.local/lib/python3.7/site-packages/airflow/example_dags/example_latest_only.py took 0.301 seconds
[2022-03-24 02:51:46,484] {processor.py:163} INFO - Started process (PID=387) to work on /home/airflow/.local/lib/python3.7/site-packages/airflow/example_dags/example_latest_only.py
[2022-03-24 02:51:46,497] {processor.py:642} INFO - Processing file /home/airflow/.local/lib/python3.7/site-packages/airflow/example_dags/example_latest_only.py for tasks to queue
[2022-03-24 02:51:46,505] {logging_mixin.py:109} INFO - [2022-03-24 02:51:46,503] {dagbag.py:500} INFO - Filling up the DagBag from /home/airflow/.local/lib/python3.7/site-packages/airflow/example_dags/example_latest_only.py
[2022-03-24 02:51:46,669] {processor.py:654} INFO - DAG(s) dict_keys(['latest_only']) retrieved from /home/airflow/.local/lib/python3.7/site-packages/airflow/example_dags/example_latest_only.py
[2022-03-24 02:51:46,695] {logging_mixin.py:109} INFO - [2022-03-24 02:51:46,695] {dag.py:2398} INFO - Sync 1 DAGs
[2022-03-24 02:51:46,738] {logging_mixin.py:109} INFO - [2022-03-24 02:51:46,737] {dag.py:2937} INFO - Setting next_dagrun for latest_only to 2022-03-23T22:51:46.737468+00:00
[2022-03-24 02:51:46,773] {processor.py:171} INFO - Processing /home/airflow/.local/lib/python3.7/site-packages/airflow/example_dags/example_latest_only.py took 0.305 seconds
[2022-03-24 02:52:17,712] {processor.py:163} INFO - Started process (PID=438) to work on /home/airflow/.local/lib/python3.7/site-packages/airflow/example_dags/example_latest_only.py
[2022-03-24 02:52:17,725] {processor.py:642} INFO - Processing file /home/airflow/.local/lib/python3.7/site-packages/airflow/example_dags/example_latest_only.py for tasks to queue
[2022-03-24 02:52:17,738] {logging_mixin.py:109} INFO - [2022-03-24 02:52:17,738] {dagbag.py:500} INFO - Filling up the DagBag from /home/airflow/.local/lib/python3.7/site-packages/airflow/example_dags/example_latest_only.py
[2022-03-24 02:52:17,925] {processor.py:654} INFO - DAG(s) dict_keys(['latest_only']) retrieved from /home/airflow/.local/lib/python3.7/site-packages/airflow/example_dags/example_latest_only.py
[2022-03-24 02:52:17,965] {logging_mixin.py:109} INFO - [2022-03-24 02:52:17,965] {dag.py:2398} INFO - Sync 1 DAGs
[2022-03-24 02:52:17,978] {logging_mixin.py:109} INFO - [2022-03-24 02:52:17,977] {dag.py:2937} INFO - Setting next_dagrun for latest_only to 2022-03-23T22:52:17.977544+00:00
[2022-03-24 02:52:18,014] {processor.py:171} INFO - Processing /home/airflow/.local/lib/python3.7/site-packages/airflow/example_dags/example_latest_only.py took 0.348 seconds
[2022-03-24 02:52:48,144] {processor.py:163} INFO - Started process (PID=494) to work on /home/airflow/.local/lib/python3.7/site-packages/airflow/example_dags/example_latest_only.py
[2022-03-24 02:52:48,149] {processor.py:642} INFO - Processing file /home/airflow/.local/lib/python3.7/site-packages/airflow/example_dags/example_latest_only.py for tasks to queue
[2022-03-24 02:52:48,151] {logging_mixin.py:109} INFO - [2022-03-24 02:52:48,151] {dagbag.py:500} INFO - Filling up the DagBag from /home/airflow/.local/lib/python3.7/site-packages/airflow/example_dags/example_latest_only.py
[2022-03-24 02:52:48,225] {processor.py:654} INFO - DAG(s) dict_keys(['latest_only']) retrieved from /home/airflow/.local/lib/python3.7/site-packages/airflow/example_dags/example_latest_only.py
[2022-03-24 02:52:48,238] {logging_mixin.py:109} INFO - [2022-03-24 02:52:48,238] {dag.py:2398} INFO - Sync 1 DAGs
[2022-03-24 02:52:48,267] {logging_mixin.py:109} INFO - [2022-03-24 02:52:48,267] {dag.py:2937} INFO - Setting next_dagrun for latest_only to 2022-03-23T22:52:48.258133+00:00
[2022-03-24 02:52:48,300] {processor.py:171} INFO - Processing /home/airflow/.local/lib/python3.7/site-packages/airflow/example_dags/example_latest_only.py took 0.160 seconds
[2022-03-24 02:53:19,073] {processor.py:163} INFO - Started process (PID=545) to work on /home/airflow/.local/lib/python3.7/site-packages/airflow/example_dags/example_latest_only.py
[2022-03-24 02:53:19,081] {processor.py:642} INFO - Processing file /home/airflow/.local/lib/python3.7/site-packages/airflow/example_dags/example_latest_only.py for tasks to queue
[2022-03-24 02:53:19,096] {logging_mixin.py:109} INFO - [2022-03-24 02:53:19,096] {dagbag.py:500} INFO - Filling up the DagBag from /home/airflow/.local/lib/python3.7/site-packages/airflow/example_dags/example_latest_only.py
[2022-03-24 02:53:19,163] {processor.py:654} INFO - DAG(s) dict_keys(['latest_only']) retrieved from /home/airflow/.local/lib/python3.7/site-packages/airflow/example_dags/example_latest_only.py
[2022-03-24 02:53:19,209] {logging_mixin.py:109} INFO - [2022-03-24 02:53:19,209] {dag.py:2398} INFO - Sync 1 DAGs
[2022-03-24 02:53:19,236] {logging_mixin.py:109} INFO - [2022-03-24 02:53:19,235] {dag.py:2937} INFO - Setting next_dagrun for latest_only to 2022-03-23T22:53:19.235140+00:00
[2022-03-24 02:53:19,252] {processor.py:171} INFO - Processing /home/airflow/.local/lib/python3.7/site-packages/airflow/example_dags/example_latest_only.py took 0.207 seconds
[2022-03-24 02:53:49,394] {processor.py:163} INFO - Started process (PID=594) to work on /home/airflow/.local/lib/python3.7/site-packages/airflow/example_dags/example_latest_only.py
[2022-03-24 02:53:49,445] {processor.py:642} INFO - Processing file /home/airflow/.local/lib/python3.7/site-packages/airflow/example_dags/example_latest_only.py for tasks to queue
[2022-03-24 02:53:49,450] {logging_mixin.py:109} INFO - [2022-03-24 02:53:49,449] {dagbag.py:500} INFO - Filling up the DagBag from /home/airflow/.local/lib/python3.7/site-packages/airflow/example_dags/example_latest_only.py
[2022-03-24 02:53:49,511] {processor.py:654} INFO - DAG(s) dict_keys(['latest_only']) retrieved from /home/airflow/.local/lib/python3.7/site-packages/airflow/example_dags/example_latest_only.py
[2022-03-24 02:53:49,536] {logging_mixin.py:109} INFO - [2022-03-24 02:53:49,536] {dag.py:2398} INFO - Sync 1 DAGs
[2022-03-24 02:53:49,565] {logging_mixin.py:109} INFO - [2022-03-24 02:53:49,565] {dag.py:2937} INFO - Setting next_dagrun for latest_only to 2022-03-23T22:53:49.564974+00:00
[2022-03-24 02:53:49,585] {processor.py:171} INFO - Processing /home/airflow/.local/lib/python3.7/site-packages/airflow/example_dags/example_latest_only.py took 0.195 seconds
[2022-03-24 02:54:19,931] {processor.py:163} INFO - Started process (PID=645) to work on /home/airflow/.local/lib/python3.7/site-packages/airflow/example_dags/example_latest_only.py
[2022-03-24 02:54:19,934] {processor.py:642} INFO - Processing file /home/airflow/.local/lib/python3.7/site-packages/airflow/example_dags/example_latest_only.py for tasks to queue
[2022-03-24 02:54:19,936] {logging_mixin.py:109} INFO - [2022-03-24 02:54:19,936] {dagbag.py:500} INFO - Filling up the DagBag from /home/airflow/.local/lib/python3.7/site-packages/airflow/example_dags/example_latest_only.py
[2022-03-24 02:54:19,981] {processor.py:654} INFO - DAG(s) dict_keys(['latest_only']) retrieved from /home/airflow/.local/lib/python3.7/site-packages/airflow/example_dags/example_latest_only.py
[2022-03-24 02:54:19,996] {logging_mixin.py:109} INFO - [2022-03-24 02:54:19,996] {dag.py:2398} INFO - Sync 1 DAGs
[2022-03-24 02:54:20,014] {logging_mixin.py:109} INFO - [2022-03-24 02:54:20,013] {dag.py:2937} INFO - Setting next_dagrun for latest_only to 2022-03-23T22:54:20.012706+00:00
[2022-03-24 02:54:20,026] {processor.py:171} INFO - Processing /home/airflow/.local/lib/python3.7/site-packages/airflow/example_dags/example_latest_only.py took 0.100 seconds
[2022-03-24 02:54:50,581] {processor.py:163} INFO - Started process (PID=693) to work on /home/airflow/.local/lib/python3.7/site-packages/airflow/example_dags/example_latest_only.py
[2022-03-24 02:54:50,670] {processor.py:642} INFO - Processing file /home/airflow/.local/lib/python3.7/site-packages/airflow/example_dags/example_latest_only.py for tasks to queue
[2022-03-24 02:54:50,800] {logging_mixin.py:109} INFO - [2022-03-24 02:54:50,800] {dagbag.py:500} INFO - Filling up the DagBag from /home/airflow/.local/lib/python3.7/site-packages/airflow/example_dags/example_latest_only.py
[2022-03-24 02:54:50,943] {processor.py:654} INFO - DAG(s) dict_keys(['latest_only']) retrieved from /home/airflow/.local/lib/python3.7/site-packages/airflow/example_dags/example_latest_only.py
[2022-03-24 02:54:50,975] {logging_mixin.py:109} INFO - [2022-03-24 02:54:50,974] {dag.py:2398} INFO - Sync 1 DAGs
[2022-03-24 02:54:51,029] {logging_mixin.py:109} INFO - [2022-03-24 02:54:51,029] {dag.py:2937} INFO - Setting next_dagrun for latest_only to 2022-03-23T22:54:51.028864+00:00
[2022-03-24 02:54:51,066] {processor.py:171} INFO - Processing /home/airflow/.local/lib/python3.7/site-packages/airflow/example_dags/example_latest_only.py took 0.490 seconds
[2022-03-24 02:55:21,876] {processor.py:163} INFO - Started process (PID=744) to work on /home/airflow/.local/lib/python3.7/site-packages/airflow/example_dags/example_latest_only.py
[2022-03-24 02:55:21,887] {processor.py:642} INFO - Processing file /home/airflow/.local/lib/python3.7/site-packages/airflow/example_dags/example_latest_only.py for tasks to queue
[2022-03-24 02:55:21,894] {logging_mixin.py:109} INFO - [2022-03-24 02:55:21,894] {dagbag.py:500} INFO - Filling up the DagBag from /home/airflow/.local/lib/python3.7/site-packages/airflow/example_dags/example_latest_only.py
[2022-03-24 02:55:22,010] {processor.py:654} INFO - DAG(s) dict_keys(['latest_only']) retrieved from /home/airflow/.local/lib/python3.7/site-packages/airflow/example_dags/example_latest_only.py
[2022-03-24 02:55:22,066] {logging_mixin.py:109} INFO - [2022-03-24 02:55:22,065] {dag.py:2398} INFO - Sync 1 DAGs
[2022-03-24 02:55:22,108] {logging_mixin.py:109} INFO - [2022-03-24 02:55:22,108] {dag.py:2937} INFO - Setting next_dagrun for latest_only to 2022-03-23T22:55:22.108073+00:00
[2022-03-24 02:55:22,142] {processor.py:171} INFO - Processing /home/airflow/.local/lib/python3.7/site-packages/airflow/example_dags/example_latest_only.py took 0.281 seconds
[2022-03-24 02:55:52,632] {processor.py:163} INFO - Started process (PID=787) to work on /home/airflow/.local/lib/python3.7/site-packages/airflow/example_dags/example_latest_only.py
[2022-03-24 02:55:52,636] {processor.py:642} INFO - Processing file /home/airflow/.local/lib/python3.7/site-packages/airflow/example_dags/example_latest_only.py for tasks to queue
[2022-03-24 02:55:52,639] {logging_mixin.py:109} INFO - [2022-03-24 02:55:52,638] {dagbag.py:500} INFO - Filling up the DagBag from /home/airflow/.local/lib/python3.7/site-packages/airflow/example_dags/example_latest_only.py
[2022-03-24 02:55:52,691] {processor.py:654} INFO - DAG(s) dict_keys(['latest_only']) retrieved from /home/airflow/.local/lib/python3.7/site-packages/airflow/example_dags/example_latest_only.py
[2022-03-24 02:55:52,709] {logging_mixin.py:109} INFO - [2022-03-24 02:55:52,709] {dag.py:2398} INFO - Sync 1 DAGs
[2022-03-24 02:55:52,733] {logging_mixin.py:109} INFO - [2022-03-24 02:55:52,733] {dag.py:2937} INFO - Setting next_dagrun for latest_only to 2022-03-23T22:55:52.732445+00:00
[2022-03-24 02:55:52,751] {processor.py:171} INFO - Processing /home/airflow/.local/lib/python3.7/site-packages/airflow/example_dags/example_latest_only.py took 0.129 seconds
[2022-03-24 02:56:33,401] {processor.py:163} INFO - Started process (PID=846) to work on /home/airflow/.local/lib/python3.7/site-packages/airflow/example_dags/example_latest_only.py
[2022-03-24 02:56:34,078] {processor.py:642} INFO - Processing file /home/airflow/.local/lib/python3.7/site-packages/airflow/example_dags/example_latest_only.py for tasks to queue
[2022-03-24 02:56:34,084] {logging_mixin.py:109} INFO - [2022-03-24 02:56:34,084] {dagbag.py:500} INFO - Filling up the DagBag from /home/airflow/.local/lib/python3.7/site-packages/airflow/example_dags/example_latest_only.py
[2022-03-24 02:56:34,250] {processor.py:654} INFO - DAG(s) dict_keys(['latest_only']) retrieved from /home/airflow/.local/lib/python3.7/site-packages/airflow/example_dags/example_latest_only.py
[2022-03-24 02:56:34,742] {logging_mixin.py:109} INFO - [2022-03-24 02:56:34,741] {dag.py:2398} INFO - Sync 1 DAGs
[2022-03-24 02:56:34,767] {logging_mixin.py:109} INFO - [2022-03-24 02:56:34,767] {dag.py:2937} INFO - Setting next_dagrun for latest_only to 2022-03-23T22:56:34.767453+00:00
[2022-03-24 02:56:35,575] {processor.py:171} INFO - Processing /home/airflow/.local/lib/python3.7/site-packages/airflow/example_dags/example_latest_only.py took 2.178 seconds
[2022-03-24 02:57:06,579] {processor.py:163} INFO - Started process (PID=896) to work on /home/airflow/.local/lib/python3.7/site-packages/airflow/example_dags/example_latest_only.py
[2022-03-24 02:57:06,584] {processor.py:642} INFO - Processing file /home/airflow/.local/lib/python3.7/site-packages/airflow/example_dags/example_latest_only.py for tasks to queue
[2022-03-24 02:57:06,586] {logging_mixin.py:109} INFO - [2022-03-24 02:57:06,586] {dagbag.py:500} INFO - Filling up the DagBag from /home/airflow/.local/lib/python3.7/site-packages/airflow/example_dags/example_latest_only.py
[2022-03-24 02:57:06,634] {processor.py:654} INFO - DAG(s) dict_keys(['latest_only']) retrieved from /home/airflow/.local/lib/python3.7/site-packages/airflow/example_dags/example_latest_only.py
[2022-03-24 02:57:06,656] {logging_mixin.py:109} INFO - [2022-03-24 02:57:06,656] {dag.py:2398} INFO - Sync 1 DAGs
[2022-03-24 02:57:06,688] {logging_mixin.py:109} INFO - [2022-03-24 02:57:06,688] {dag.py:2937} INFO - Setting next_dagrun for latest_only to 2022-03-23T22:57:06.687853+00:00
[2022-03-24 02:57:06,716] {processor.py:171} INFO - Processing /home/airflow/.local/lib/python3.7/site-packages/airflow/example_dags/example_latest_only.py took 0.141 seconds
[2022-03-24 02:57:37,126] {processor.py:163} INFO - Started process (PID=946) to work on /home/airflow/.local/lib/python3.7/site-packages/airflow/example_dags/example_latest_only.py
[2022-03-24 02:57:37,133] {processor.py:642} INFO - Processing file /home/airflow/.local/lib/python3.7/site-packages/airflow/example_dags/example_latest_only.py for tasks to queue
[2022-03-24 02:57:37,135] {logging_mixin.py:109} INFO - [2022-03-24 02:57:37,134] {dagbag.py:500} INFO - Filling up the DagBag from /home/airflow/.local/lib/python3.7/site-packages/airflow/example_dags/example_latest_only.py
[2022-03-24 02:57:37,214] {processor.py:654} INFO - DAG(s) dict_keys(['latest_only']) retrieved from /home/airflow/.local/lib/python3.7/site-packages/airflow/example_dags/example_latest_only.py
[2022-03-24 02:57:37,250] {logging_mixin.py:109} INFO - [2022-03-24 02:57:37,250] {dag.py:2398} INFO - Sync 1 DAGs
[2022-03-24 02:57:37,350] {logging_mixin.py:109} INFO - [2022-03-24 02:57:37,350] {dag.py:2937} INFO - Setting next_dagrun for latest_only to 2022-03-23T22:57:37.349790+00:00
[2022-03-24 02:57:37,393] {processor.py:171} INFO - Processing /home/airflow/.local/lib/python3.7/site-packages/airflow/example_dags/example_latest_only.py took 0.271 seconds
[2022-03-24 02:58:08,285] {processor.py:163} INFO - Started process (PID=998) to work on /home/airflow/.local/lib/python3.7/site-packages/airflow/example_dags/example_latest_only.py
[2022-03-24 02:58:08,289] {processor.py:642} INFO - Processing file /home/airflow/.local/lib/python3.7/site-packages/airflow/example_dags/example_latest_only.py for tasks to queue
[2022-03-24 02:58:08,291] {logging_mixin.py:109} INFO - [2022-03-24 02:58:08,291] {dagbag.py:500} INFO - Filling up the DagBag from /home/airflow/.local/lib/python3.7/site-packages/airflow/example_dags/example_latest_only.py
[2022-03-24 02:58:08,369] {processor.py:654} INFO - DAG(s) dict_keys(['latest_only']) retrieved from /home/airflow/.local/lib/python3.7/site-packages/airflow/example_dags/example_latest_only.py
[2022-03-24 02:58:08,386] {logging_mixin.py:109} INFO - [2022-03-24 02:58:08,386] {dag.py:2398} INFO - Sync 1 DAGs
[2022-03-24 02:58:08,431] {logging_mixin.py:109} INFO - [2022-03-24 02:58:08,431] {dag.py:2937} INFO - Setting next_dagrun for latest_only to 2022-03-23T22:58:08.431488+00:00
[2022-03-24 02:58:08,448] {processor.py:171} INFO - Processing /home/airflow/.local/lib/python3.7/site-packages/airflow/example_dags/example_latest_only.py took 0.167 seconds
[2022-03-24 02:58:38,598] {processor.py:163} INFO - Started process (PID=1059) to work on /home/airflow/.local/lib/python3.7/site-packages/airflow/example_dags/example_latest_only.py
[2022-03-24 02:58:38,606] {processor.py:642} INFO - Processing file /home/airflow/.local/lib/python3.7/site-packages/airflow/example_dags/example_latest_only.py for tasks to queue
[2022-03-24 02:58:38,612] {logging_mixin.py:109} INFO - [2022-03-24 02:58:38,610] {dagbag.py:500} INFO - Filling up the DagBag from /home/airflow/.local/lib/python3.7/site-packages/airflow/example_dags/example_latest_only.py
[2022-03-24 02:58:38,696] {processor.py:654} INFO - DAG(s) dict_keys(['latest_only']) retrieved from /home/airflow/.local/lib/python3.7/site-packages/airflow/example_dags/example_latest_only.py
[2022-03-24 02:58:38,713] {logging_mixin.py:109} INFO - [2022-03-24 02:58:38,713] {dag.py:2398} INFO - Sync 1 DAGs
[2022-03-24 02:58:38,744] {logging_mixin.py:109} INFO - [2022-03-24 02:58:38,744] {dag.py:2937} INFO - Setting next_dagrun for latest_only to 2022-03-23T22:58:38.744349+00:00
[2022-03-24 02:58:38,771] {processor.py:171} INFO - Processing /home/airflow/.local/lib/python3.7/site-packages/airflow/example_dags/example_latest_only.py took 0.185 seconds
[2022-03-24 02:59:09,185] {processor.py:163} INFO - Started process (PID=1111) to work on /home/airflow/.local/lib/python3.7/site-packages/airflow/example_dags/example_latest_only.py
[2022-03-24 02:59:09,193] {processor.py:642} INFO - Processing file /home/airflow/.local/lib/python3.7/site-packages/airflow/example_dags/example_latest_only.py for tasks to queue
[2022-03-24 02:59:09,201] {logging_mixin.py:109} INFO - [2022-03-24 02:59:09,200] {dagbag.py:500} INFO - Filling up the DagBag from /home/airflow/.local/lib/python3.7/site-packages/airflow/example_dags/example_latest_only.py
[2022-03-24 02:59:09,324] {processor.py:654} INFO - DAG(s) dict_keys(['latest_only']) retrieved from /home/airflow/.local/lib/python3.7/site-packages/airflow/example_dags/example_latest_only.py
[2022-03-24 02:59:09,347] {logging_mixin.py:109} INFO - [2022-03-24 02:59:09,346] {dag.py:2398} INFO - Sync 1 DAGs
[2022-03-24 02:59:09,421] {logging_mixin.py:109} INFO - [2022-03-24 02:59:09,421] {dag.py:2937} INFO - Setting next_dagrun for latest_only to 2022-03-23T22:59:09.420909+00:00
[2022-03-24 02:59:09,458] {processor.py:171} INFO - Processing /home/airflow/.local/lib/python3.7/site-packages/airflow/example_dags/example_latest_only.py took 0.282 seconds
[2022-03-24 02:59:39,735] {processor.py:163} INFO - Started process (PID=1164) to work on /home/airflow/.local/lib/python3.7/site-packages/airflow/example_dags/example_latest_only.py
[2022-03-24 02:59:39,738] {processor.py:642} INFO - Processing file /home/airflow/.local/lib/python3.7/site-packages/airflow/example_dags/example_latest_only.py for tasks to queue
[2022-03-24 02:59:39,750] {logging_mixin.py:109} INFO - [2022-03-24 02:59:39,750] {dagbag.py:500} INFO - Filling up the DagBag from /home/airflow/.local/lib/python3.7/site-packages/airflow/example_dags/example_latest_only.py
[2022-03-24 02:59:39,875] {processor.py:654} INFO - DAG(s) dict_keys(['latest_only']) retrieved from /home/airflow/.local/lib/python3.7/site-packages/airflow/example_dags/example_latest_only.py
[2022-03-24 02:59:39,901] {logging_mixin.py:109} INFO - [2022-03-24 02:59:39,901] {dag.py:2398} INFO - Sync 1 DAGs
[2022-03-24 02:59:39,941] {logging_mixin.py:109} INFO - [2022-03-24 02:59:39,941] {dag.py:2937} INFO - Setting next_dagrun for latest_only to 2022-03-23T22:59:39.940388+00:00
[2022-03-24 02:59:39,967] {processor.py:171} INFO - Processing /home/airflow/.local/lib/python3.7/site-packages/airflow/example_dags/example_latest_only.py took 0.242 seconds
[2022-03-24 03:00:10,668] {processor.py:163} INFO - Started process (PID=1214) to work on /home/airflow/.local/lib/python3.7/site-packages/airflow/example_dags/example_latest_only.py
[2022-03-24 03:00:10,685] {processor.py:642} INFO - Processing file /home/airflow/.local/lib/python3.7/site-packages/airflow/example_dags/example_latest_only.py for tasks to queue
[2022-03-24 03:00:10,690] {logging_mixin.py:109} INFO - [2022-03-24 03:00:10,690] {dagbag.py:500} INFO - Filling up the DagBag from /home/airflow/.local/lib/python3.7/site-packages/airflow/example_dags/example_latest_only.py
[2022-03-24 03:00:11,028] {processor.py:654} INFO - DAG(s) dict_keys(['latest_only']) retrieved from /home/airflow/.local/lib/python3.7/site-packages/airflow/example_dags/example_latest_only.py
[2022-03-24 03:00:11,063] {logging_mixin.py:109} INFO - [2022-03-24 03:00:11,063] {dag.py:2398} INFO - Sync 1 DAGs
[2022-03-24 03:00:11,204] {logging_mixin.py:109} INFO - [2022-03-24 03:00:11,204] {dag.py:2937} INFO - Setting next_dagrun for latest_only to 2022-03-23T23:00:11.204201+00:00
[2022-03-24 03:00:11,316] {processor.py:171} INFO - Processing /home/airflow/.local/lib/python3.7/site-packages/airflow/example_dags/example_latest_only.py took 0.668 seconds
[2022-03-24 03:00:42,327] {processor.py:163} INFO - Started process (PID=1263) to work on /home/airflow/.local/lib/python3.7/site-packages/airflow/example_dags/example_latest_only.py
[2022-03-24 03:00:42,420] {processor.py:642} INFO - Processing file /home/airflow/.local/lib/python3.7/site-packages/airflow/example_dags/example_latest_only.py for tasks to queue
[2022-03-24 03:00:42,424] {logging_mixin.py:109} INFO - [2022-03-24 03:00:42,424] {dagbag.py:500} INFO - Filling up the DagBag from /home/airflow/.local/lib/python3.7/site-packages/airflow/example_dags/example_latest_only.py
[2022-03-24 03:00:42,609] {processor.py:654} INFO - DAG(s) dict_keys(['latest_only']) retrieved from /home/airflow/.local/lib/python3.7/site-packages/airflow/example_dags/example_latest_only.py
[2022-03-24 03:00:42,651] {logging_mixin.py:109} INFO - [2022-03-24 03:00:42,650] {dag.py:2398} INFO - Sync 1 DAGs
[2022-03-24 03:00:42,711] {logging_mixin.py:109} INFO - [2022-03-24 03:00:42,709] {dag.py:2937} INFO - Setting next_dagrun for latest_only to 2022-03-23T23:00:42.705663+00:00
[2022-03-24 03:00:42,762] {processor.py:171} INFO - Processing /home/airflow/.local/lib/python3.7/site-packages/airflow/example_dags/example_latest_only.py took 0.467 seconds
[2022-03-24 03:01:13,090] {processor.py:163} INFO - Started process (PID=1313) to work on /home/airflow/.local/lib/python3.7/site-packages/airflow/example_dags/example_latest_only.py
[2022-03-24 03:01:13,098] {processor.py:642} INFO - Processing file /home/airflow/.local/lib/python3.7/site-packages/airflow/example_dags/example_latest_only.py for tasks to queue
[2022-03-24 03:01:13,102] {logging_mixin.py:109} INFO - [2022-03-24 03:01:13,102] {dagbag.py:500} INFO - Filling up the DagBag from /home/airflow/.local/lib/python3.7/site-packages/airflow/example_dags/example_latest_only.py
[2022-03-24 03:01:13,197] {processor.py:654} INFO - DAG(s) dict_keys(['latest_only']) retrieved from /home/airflow/.local/lib/python3.7/site-packages/airflow/example_dags/example_latest_only.py
[2022-03-24 03:01:13,229] {logging_mixin.py:109} INFO - [2022-03-24 03:01:13,229] {dag.py:2398} INFO - Sync 1 DAGs
[2022-03-24 03:01:13,263] {logging_mixin.py:109} INFO - [2022-03-24 03:01:13,263] {dag.py:2937} INFO - Setting next_dagrun for latest_only to 2022-03-23T23:01:13.263277+00:00
[2022-03-24 03:01:13,280] {processor.py:171} INFO - Processing /home/airflow/.local/lib/python3.7/site-packages/airflow/example_dags/example_latest_only.py took 0.204 seconds
[2022-03-24 03:01:44,511] {processor.py:163} INFO - Started process (PID=1354) to work on /home/airflow/.local/lib/python3.7/site-packages/airflow/example_dags/example_latest_only.py
[2022-03-24 03:01:44,521] {processor.py:642} INFO - Processing file /home/airflow/.local/lib/python3.7/site-packages/airflow/example_dags/example_latest_only.py for tasks to queue
[2022-03-24 03:01:44,526] {logging_mixin.py:109} INFO - [2022-03-24 03:01:44,525] {dagbag.py:500} INFO - Filling up the DagBag from /home/airflow/.local/lib/python3.7/site-packages/airflow/example_dags/example_latest_only.py
[2022-03-24 03:01:44,651] {processor.py:654} INFO - DAG(s) dict_keys(['latest_only']) retrieved from /home/airflow/.local/lib/python3.7/site-packages/airflow/example_dags/example_latest_only.py
[2022-03-24 03:01:44,717] {logging_mixin.py:109} INFO - [2022-03-24 03:01:44,717] {dag.py:2398} INFO - Sync 1 DAGs
[2022-03-24 03:01:44,822] {logging_mixin.py:109} INFO - [2022-03-24 03:01:44,820] {dag.py:2937} INFO - Setting next_dagrun for latest_only to 2022-03-23T23:01:44.819819+00:00
[2022-03-24 03:01:44,856] {processor.py:171} INFO - Processing /home/airflow/.local/lib/python3.7/site-packages/airflow/example_dags/example_latest_only.py took 0.357 seconds
[2022-03-24 03:02:15,065] {processor.py:163} INFO - Started process (PID=1415) to work on /home/airflow/.local/lib/python3.7/site-packages/airflow/example_dags/example_latest_only.py
[2022-03-24 03:02:15,073] {processor.py:642} INFO - Processing file /home/airflow/.local/lib/python3.7/site-packages/airflow/example_dags/example_latest_only.py for tasks to queue
[2022-03-24 03:02:15,076] {logging_mixin.py:109} INFO - [2022-03-24 03:02:15,076] {dagbag.py:500} INFO - Filling up the DagBag from /home/airflow/.local/lib/python3.7/site-packages/airflow/example_dags/example_latest_only.py
[2022-03-24 03:02:15,255] {processor.py:654} INFO - DAG(s) dict_keys(['latest_only']) retrieved from /home/airflow/.local/lib/python3.7/site-packages/airflow/example_dags/example_latest_only.py
[2022-03-24 03:02:15,278] {logging_mixin.py:109} INFO - [2022-03-24 03:02:15,278] {dag.py:2398} INFO - Sync 1 DAGs
[2022-03-24 03:02:15,306] {logging_mixin.py:109} INFO - [2022-03-24 03:02:15,306] {dag.py:2937} INFO - Setting next_dagrun for latest_only to 2022-03-23T23:02:15.306185+00:00
[2022-03-24 03:02:15,473] {processor.py:171} INFO - Processing /home/airflow/.local/lib/python3.7/site-packages/airflow/example_dags/example_latest_only.py took 0.423 seconds
[2022-03-24 03:02:45,547] {processor.py:163} INFO - Started process (PID=1467) to work on /home/airflow/.local/lib/python3.7/site-packages/airflow/example_dags/example_latest_only.py
[2022-03-24 03:02:45,550] {processor.py:642} INFO - Processing file /home/airflow/.local/lib/python3.7/site-packages/airflow/example_dags/example_latest_only.py for tasks to queue
[2022-03-24 03:02:45,551] {logging_mixin.py:109} INFO - [2022-03-24 03:02:45,551] {dagbag.py:500} INFO - Filling up the DagBag from /home/airflow/.local/lib/python3.7/site-packages/airflow/example_dags/example_latest_only.py
[2022-03-24 03:02:45,600] {processor.py:654} INFO - DAG(s) dict_keys(['latest_only']) retrieved from /home/airflow/.local/lib/python3.7/site-packages/airflow/example_dags/example_latest_only.py
[2022-03-24 03:02:45,618] {logging_mixin.py:109} INFO - [2022-03-24 03:02:45,618] {dag.py:2398} INFO - Sync 1 DAGs
[2022-03-24 03:02:45,642] {logging_mixin.py:109} INFO - [2022-03-24 03:02:45,641] {dag.py:2937} INFO - Setting next_dagrun for latest_only to 2022-03-23T23:02:45.641146+00:00
[2022-03-24 03:02:45,653] {processor.py:171} INFO - Processing /home/airflow/.local/lib/python3.7/site-packages/airflow/example_dags/example_latest_only.py took 0.110 seconds
[2022-03-24 03:03:15,906] {processor.py:163} INFO - Started process (PID=1517) to work on /home/airflow/.local/lib/python3.7/site-packages/airflow/example_dags/example_latest_only.py
[2022-03-24 03:03:15,908] {processor.py:642} INFO - Processing file /home/airflow/.local/lib/python3.7/site-packages/airflow/example_dags/example_latest_only.py for tasks to queue
[2022-03-24 03:03:15,910] {logging_mixin.py:109} INFO - [2022-03-24 03:03:15,910] {dagbag.py:500} INFO - Filling up the DagBag from /home/airflow/.local/lib/python3.7/site-packages/airflow/example_dags/example_latest_only.py
[2022-03-24 03:03:15,946] {processor.py:654} INFO - DAG(s) dict_keys(['latest_only']) retrieved from /home/airflow/.local/lib/python3.7/site-packages/airflow/example_dags/example_latest_only.py
[2022-03-24 03:03:15,958] {logging_mixin.py:109} INFO - [2022-03-24 03:03:15,958] {dag.py:2398} INFO - Sync 1 DAGs
[2022-03-24 03:03:15,974] {logging_mixin.py:109} INFO - [2022-03-24 03:03:15,974] {dag.py:2937} INFO - Setting next_dagrun for latest_only to 2022-03-23T23:03:15.974238+00:00
[2022-03-24 03:03:15,985] {processor.py:171} INFO - Processing /home/airflow/.local/lib/python3.7/site-packages/airflow/example_dags/example_latest_only.py took 0.083 seconds
[2022-03-24 03:03:46,263] {processor.py:163} INFO - Started process (PID=1568) to work on /home/airflow/.local/lib/python3.7/site-packages/airflow/example_dags/example_latest_only.py
[2022-03-24 03:03:46,266] {processor.py:642} INFO - Processing file /home/airflow/.local/lib/python3.7/site-packages/airflow/example_dags/example_latest_only.py for tasks to queue
[2022-03-24 03:03:46,269] {logging_mixin.py:109} INFO - [2022-03-24 03:03:46,269] {dagbag.py:500} INFO - Filling up the DagBag from /home/airflow/.local/lib/python3.7/site-packages/airflow/example_dags/example_latest_only.py
[2022-03-24 03:03:46,355] {processor.py:654} INFO - DAG(s) dict_keys(['latest_only']) retrieved from /home/airflow/.local/lib/python3.7/site-packages/airflow/example_dags/example_latest_only.py
[2022-03-24 03:03:46,377] {logging_mixin.py:109} INFO - [2022-03-24 03:03:46,377] {dag.py:2398} INFO - Sync 1 DAGs
[2022-03-24 03:03:46,406] {logging_mixin.py:109} INFO - [2022-03-24 03:03:46,406] {dag.py:2937} INFO - Setting next_dagrun for latest_only to 2022-03-23T23:03:46.405256+00:00
[2022-03-24 03:03:46,438] {processor.py:171} INFO - Processing /home/airflow/.local/lib/python3.7/site-packages/airflow/example_dags/example_latest_only.py took 0.179 seconds
[2022-03-24 03:04:16,654] {processor.py:163} INFO - Started process (PID=1628) to work on /home/airflow/.local/lib/python3.7/site-packages/airflow/example_dags/example_latest_only.py
[2022-03-24 03:04:16,763] {processor.py:642} INFO - Processing file /home/airflow/.local/lib/python3.7/site-packages/airflow/example_dags/example_latest_only.py for tasks to queue
[2022-03-24 03:04:16,764] {logging_mixin.py:109} INFO - [2022-03-24 03:04:16,764] {dagbag.py:500} INFO - Filling up the DagBag from /home/airflow/.local/lib/python3.7/site-packages/airflow/example_dags/example_latest_only.py
[2022-03-24 03:04:16,811] {processor.py:654} INFO - DAG(s) dict_keys(['latest_only']) retrieved from /home/airflow/.local/lib/python3.7/site-packages/airflow/example_dags/example_latest_only.py
[2022-03-24 03:04:16,824] {logging_mixin.py:109} INFO - [2022-03-24 03:04:16,824] {dag.py:2398} INFO - Sync 1 DAGs
[2022-03-24 03:04:16,841] {logging_mixin.py:109} INFO - [2022-03-24 03:04:16,841] {dag.py:2937} INFO - Setting next_dagrun for latest_only to 2022-03-23T23:04:16.840753+00:00
[2022-03-24 03:04:16,852] {processor.py:171} INFO - Processing /home/airflow/.local/lib/python3.7/site-packages/airflow/example_dags/example_latest_only.py took 0.202 seconds
[2022-03-24 03:04:47,051] {processor.py:163} INFO - Started process (PID=1678) to work on /home/airflow/.local/lib/python3.7/site-packages/airflow/example_dags/example_latest_only.py
[2022-03-24 03:04:47,059] {processor.py:642} INFO - Processing file /home/airflow/.local/lib/python3.7/site-packages/airflow/example_dags/example_latest_only.py for tasks to queue
[2022-03-24 03:04:47,064] {logging_mixin.py:109} INFO - [2022-03-24 03:04:47,063] {dagbag.py:500} INFO - Filling up the DagBag from /home/airflow/.local/lib/python3.7/site-packages/airflow/example_dags/example_latest_only.py
[2022-03-24 03:04:47,141] {processor.py:654} INFO - DAG(s) dict_keys(['latest_only']) retrieved from /home/airflow/.local/lib/python3.7/site-packages/airflow/example_dags/example_latest_only.py
[2022-03-24 03:04:47,162] {logging_mixin.py:109} INFO - [2022-03-24 03:04:47,161] {dag.py:2398} INFO - Sync 1 DAGs
[2022-03-24 03:04:47,198] {logging_mixin.py:109} INFO - [2022-03-24 03:04:47,198] {dag.py:2937} INFO - Setting next_dagrun for latest_only to 2022-03-23T23:04:47.198045+00:00
[2022-03-24 03:04:47,226] {processor.py:171} INFO - Processing /home/airflow/.local/lib/python3.7/site-packages/airflow/example_dags/example_latest_only.py took 0.186 seconds
[2022-03-24 03:05:17,280] {processor.py:163} INFO - Started process (PID=1732) to work on /home/airflow/.local/lib/python3.7/site-packages/airflow/example_dags/example_latest_only.py
[2022-03-24 03:05:17,283] {processor.py:642} INFO - Processing file /home/airflow/.local/lib/python3.7/site-packages/airflow/example_dags/example_latest_only.py for tasks to queue
[2022-03-24 03:05:17,284] {logging_mixin.py:109} INFO - [2022-03-24 03:05:17,284] {dagbag.py:500} INFO - Filling up the DagBag from /home/airflow/.local/lib/python3.7/site-packages/airflow/example_dags/example_latest_only.py
[2022-03-24 03:05:17,323] {processor.py:654} INFO - DAG(s) dict_keys(['latest_only']) retrieved from /home/airflow/.local/lib/python3.7/site-packages/airflow/example_dags/example_latest_only.py
[2022-03-24 03:05:17,337] {logging_mixin.py:109} INFO - [2022-03-24 03:05:17,336] {dag.py:2398} INFO - Sync 1 DAGs
[2022-03-24 03:05:17,355] {logging_mixin.py:109} INFO - [2022-03-24 03:05:17,355] {dag.py:2937} INFO - Setting next_dagrun for latest_only to 2022-03-23T23:05:17.355266+00:00
[2022-03-24 03:05:17,367] {processor.py:171} INFO - Processing /home/airflow/.local/lib/python3.7/site-packages/airflow/example_dags/example_latest_only.py took 0.092 seconds
[2022-03-24 03:05:47,574] {processor.py:163} INFO - Started process (PID=1784) to work on /home/airflow/.local/lib/python3.7/site-packages/airflow/example_dags/example_latest_only.py
[2022-03-24 03:05:47,576] {processor.py:642} INFO - Processing file /home/airflow/.local/lib/python3.7/site-packages/airflow/example_dags/example_latest_only.py for tasks to queue
[2022-03-24 03:05:47,578] {logging_mixin.py:109} INFO - [2022-03-24 03:05:47,577] {dagbag.py:500} INFO - Filling up the DagBag from /home/airflow/.local/lib/python3.7/site-packages/airflow/example_dags/example_latest_only.py
[2022-03-24 03:05:47,619] {processor.py:654} INFO - DAG(s) dict_keys(['latest_only']) retrieved from /home/airflow/.local/lib/python3.7/site-packages/airflow/example_dags/example_latest_only.py
[2022-03-24 03:05:47,633] {logging_mixin.py:109} INFO - [2022-03-24 03:05:47,633] {dag.py:2398} INFO - Sync 1 DAGs
[2022-03-24 03:05:47,650] {logging_mixin.py:109} INFO - [2022-03-24 03:05:47,650] {dag.py:2937} INFO - Setting next_dagrun for latest_only to 2022-03-23T23:05:47.650157+00:00
[2022-03-24 03:05:47,663] {processor.py:171} INFO - Processing /home/airflow/.local/lib/python3.7/site-packages/airflow/example_dags/example_latest_only.py took 0.096 seconds
[2022-03-24 03:06:17,942] {processor.py:163} INFO - Started process (PID=1834) to work on /home/airflow/.local/lib/python3.7/site-packages/airflow/example_dags/example_latest_only.py
[2022-03-24 03:06:17,947] {processor.py:642} INFO - Processing file /home/airflow/.local/lib/python3.7/site-packages/airflow/example_dags/example_latest_only.py for tasks to queue
[2022-03-24 03:06:17,949] {logging_mixin.py:109} INFO - [2022-03-24 03:06:17,949] {dagbag.py:500} INFO - Filling up the DagBag from /home/airflow/.local/lib/python3.7/site-packages/airflow/example_dags/example_latest_only.py
[2022-03-24 03:06:17,996] {processor.py:654} INFO - DAG(s) dict_keys(['latest_only']) retrieved from /home/airflow/.local/lib/python3.7/site-packages/airflow/example_dags/example_latest_only.py
[2022-03-24 03:06:18,014] {logging_mixin.py:109} INFO - [2022-03-24 03:06:18,014] {dag.py:2398} INFO - Sync 1 DAGs
[2022-03-24 03:06:18,030] {logging_mixin.py:109} INFO - [2022-03-24 03:06:18,030] {dag.py:2937} INFO - Setting next_dagrun for latest_only to 2022-03-23T23:06:18.030217+00:00
[2022-03-24 03:06:18,127] {processor.py:171} INFO - Processing /home/airflow/.local/lib/python3.7/site-packages/airflow/example_dags/example_latest_only.py took 0.190 seconds
[2022-03-24 03:06:48,164] {processor.py:163} INFO - Started process (PID=1883) to work on /home/airflow/.local/lib/python3.7/site-packages/airflow/example_dags/example_latest_only.py
[2022-03-24 03:06:48,167] {processor.py:642} INFO - Processing file /home/airflow/.local/lib/python3.7/site-packages/airflow/example_dags/example_latest_only.py for tasks to queue
[2022-03-24 03:06:48,169] {logging_mixin.py:109} INFO - [2022-03-24 03:06:48,168] {dagbag.py:500} INFO - Filling up the DagBag from /home/airflow/.local/lib/python3.7/site-packages/airflow/example_dags/example_latest_only.py
[2022-03-24 03:06:48,217] {processor.py:654} INFO - DAG(s) dict_keys(['latest_only']) retrieved from /home/airflow/.local/lib/python3.7/site-packages/airflow/example_dags/example_latest_only.py
[2022-03-24 03:06:48,229] {logging_mixin.py:109} INFO - [2022-03-24 03:06:48,229] {dag.py:2398} INFO - Sync 1 DAGs
[2022-03-24 03:06:48,252] {logging_mixin.py:109} INFO - [2022-03-24 03:06:48,252] {dag.py:2937} INFO - Setting next_dagrun for latest_only to 2022-03-23T23:06:48.251790+00:00
[2022-03-24 03:06:48,267] {processor.py:171} INFO - Processing /home/airflow/.local/lib/python3.7/site-packages/airflow/example_dags/example_latest_only.py took 0.106 seconds
[2022-03-24 03:07:18,954] {processor.py:163} INFO - Started process (PID=1934) to work on /home/airflow/.local/lib/python3.7/site-packages/airflow/example_dags/example_latest_only.py
[2022-03-24 03:07:18,958] {processor.py:642} INFO - Processing file /home/airflow/.local/lib/python3.7/site-packages/airflow/example_dags/example_latest_only.py for tasks to queue
[2022-03-24 03:07:18,961] {logging_mixin.py:109} INFO - [2022-03-24 03:07:18,961] {dagbag.py:500} INFO - Filling up the DagBag from /home/airflow/.local/lib/python3.7/site-packages/airflow/example_dags/example_latest_only.py
[2022-03-24 03:07:19,013] {processor.py:654} INFO - DAG(s) dict_keys(['latest_only']) retrieved from /home/airflow/.local/lib/python3.7/site-packages/airflow/example_dags/example_latest_only.py
[2022-03-24 03:07:19,027] {logging_mixin.py:109} INFO - [2022-03-24 03:07:19,027] {dag.py:2398} INFO - Sync 1 DAGs
[2022-03-24 03:07:19,044] {logging_mixin.py:109} INFO - [2022-03-24 03:07:19,044] {dag.py:2937} INFO - Setting next_dagrun for latest_only to 2022-03-23T23:07:19.043404+00:00
[2022-03-24 03:07:19,068] {processor.py:171} INFO - Processing /home/airflow/.local/lib/python3.7/site-packages/airflow/example_dags/example_latest_only.py took 0.122 seconds
[2022-03-24 03:07:50,405] {processor.py:163} INFO - Started process (PID=1986) to work on /home/airflow/.local/lib/python3.7/site-packages/airflow/example_dags/example_latest_only.py
[2022-03-24 03:07:50,410] {processor.py:642} INFO - Processing file /home/airflow/.local/lib/python3.7/site-packages/airflow/example_dags/example_latest_only.py for tasks to queue
[2022-03-24 03:07:50,414] {logging_mixin.py:109} INFO - [2022-03-24 03:07:50,413] {dagbag.py:500} INFO - Filling up the DagBag from /home/airflow/.local/lib/python3.7/site-packages/airflow/example_dags/example_latest_only.py
[2022-03-24 03:07:50,462] {processor.py:654} INFO - DAG(s) dict_keys(['latest_only']) retrieved from /home/airflow/.local/lib/python3.7/site-packages/airflow/example_dags/example_latest_only.py
[2022-03-24 03:07:50,474] {logging_mixin.py:109} INFO - [2022-03-24 03:07:50,474] {dag.py:2398} INFO - Sync 1 DAGs
[2022-03-24 03:07:50,500] {logging_mixin.py:109} INFO - [2022-03-24 03:07:50,499] {dag.py:2937} INFO - Setting next_dagrun for latest_only to 2022-03-23T23:07:50.498260+00:00
[2022-03-24 03:07:50,528] {processor.py:171} INFO - Processing /home/airflow/.local/lib/python3.7/site-packages/airflow/example_dags/example_latest_only.py took 0.133 seconds
[2022-03-24 03:08:21,596] {processor.py:163} INFO - Started process (PID=2037) to work on /home/airflow/.local/lib/python3.7/site-packages/airflow/example_dags/example_latest_only.py
[2022-03-24 03:08:21,600] {processor.py:642} INFO - Processing file /home/airflow/.local/lib/python3.7/site-packages/airflow/example_dags/example_latest_only.py for tasks to queue
[2022-03-24 03:08:21,602] {logging_mixin.py:109} INFO - [2022-03-24 03:08:21,602] {dagbag.py:500} INFO - Filling up the DagBag from /home/airflow/.local/lib/python3.7/site-packages/airflow/example_dags/example_latest_only.py
[2022-03-24 03:08:21,724] {processor.py:654} INFO - DAG(s) dict_keys(['latest_only']) retrieved from /home/airflow/.local/lib/python3.7/site-packages/airflow/example_dags/example_latest_only.py
[2022-03-24 03:08:21,767] {logging_mixin.py:109} INFO - [2022-03-24 03:08:21,767] {dag.py:2398} INFO - Sync 1 DAGs
[2022-03-24 03:08:21,857] {logging_mixin.py:109} INFO - [2022-03-24 03:08:21,857] {dag.py:2937} INFO - Setting next_dagrun for latest_only to 2022-03-23T23:08:21.856777+00:00
[2022-03-24 03:08:21,904] {processor.py:171} INFO - Processing /home/airflow/.local/lib/python3.7/site-packages/airflow/example_dags/example_latest_only.py took 0.315 seconds
[2022-03-24 03:08:52,305] {processor.py:163} INFO - Started process (PID=2102) to work on /home/airflow/.local/lib/python3.7/site-packages/airflow/example_dags/example_latest_only.py
[2022-03-24 03:08:52,308] {processor.py:642} INFO - Processing file /home/airflow/.local/lib/python3.7/site-packages/airflow/example_dags/example_latest_only.py for tasks to queue
[2022-03-24 03:08:52,310] {logging_mixin.py:109} INFO - [2022-03-24 03:08:52,310] {dagbag.py:500} INFO - Filling up the DagBag from /home/airflow/.local/lib/python3.7/site-packages/airflow/example_dags/example_latest_only.py
[2022-03-24 03:08:52,448] {processor.py:654} INFO - DAG(s) dict_keys(['latest_only']) retrieved from /home/airflow/.local/lib/python3.7/site-packages/airflow/example_dags/example_latest_only.py
[2022-03-24 03:08:52,497] {logging_mixin.py:109} INFO - [2022-03-24 03:08:52,496] {dag.py:2398} INFO - Sync 1 DAGs
[2022-03-24 03:08:52,556] {logging_mixin.py:109} INFO - [2022-03-24 03:08:52,555] {dag.py:2937} INFO - Setting next_dagrun for latest_only to 2022-03-23T23:08:52.553677+00:00
[2022-03-24 03:08:52,595] {processor.py:171} INFO - Processing /home/airflow/.local/lib/python3.7/site-packages/airflow/example_dags/example_latest_only.py took 0.308 seconds
[2022-03-24 03:09:22,808] {processor.py:163} INFO - Started process (PID=2152) to work on /home/airflow/.local/lib/python3.7/site-packages/airflow/example_dags/example_latest_only.py
[2022-03-24 03:09:22,817] {processor.py:642} INFO - Processing file /home/airflow/.local/lib/python3.7/site-packages/airflow/example_dags/example_latest_only.py for tasks to queue
[2022-03-24 03:09:22,824] {logging_mixin.py:109} INFO - [2022-03-24 03:09:22,822] {dagbag.py:500} INFO - Filling up the DagBag from /home/airflow/.local/lib/python3.7/site-packages/airflow/example_dags/example_latest_only.py
[2022-03-24 03:09:22,925] {processor.py:654} INFO - DAG(s) dict_keys(['latest_only']) retrieved from /home/airflow/.local/lib/python3.7/site-packages/airflow/example_dags/example_latest_only.py
[2022-03-24 03:09:22,946] {logging_mixin.py:109} INFO - [2022-03-24 03:09:22,946] {dag.py:2398} INFO - Sync 1 DAGs
[2022-03-24 03:09:22,991] {logging_mixin.py:109} INFO - [2022-03-24 03:09:22,991] {dag.py:2937} INFO - Setting next_dagrun for latest_only to 2022-03-23T23:09:22.990902+00:00
[2022-03-24 03:09:23,084] {processor.py:171} INFO - Processing /home/airflow/.local/lib/python3.7/site-packages/airflow/example_dags/example_latest_only.py took 0.287 seconds
[2022-03-24 03:09:53,584] {processor.py:163} INFO - Started process (PID=2203) to work on /home/airflow/.local/lib/python3.7/site-packages/airflow/example_dags/example_latest_only.py
[2022-03-24 03:09:53,598] {processor.py:642} INFO - Processing file /home/airflow/.local/lib/python3.7/site-packages/airflow/example_dags/example_latest_only.py for tasks to queue
[2022-03-24 03:09:53,603] {logging_mixin.py:109} INFO - [2022-03-24 03:09:53,603] {dagbag.py:500} INFO - Filling up the DagBag from /home/airflow/.local/lib/python3.7/site-packages/airflow/example_dags/example_latest_only.py
[2022-03-24 03:09:53,774] {processor.py:654} INFO - DAG(s) dict_keys(['latest_only']) retrieved from /home/airflow/.local/lib/python3.7/site-packages/airflow/example_dags/example_latest_only.py
[2022-03-24 03:09:53,817] {logging_mixin.py:109} INFO - [2022-03-24 03:09:53,817] {dag.py:2398} INFO - Sync 1 DAGs
[2022-03-24 03:09:53,864] {logging_mixin.py:109} INFO - [2022-03-24 03:09:53,862] {dag.py:2937} INFO - Setting next_dagrun for latest_only to 2022-03-23T23:09:53.862405+00:00
[2022-03-24 03:09:53,911] {processor.py:171} INFO - Processing /home/airflow/.local/lib/python3.7/site-packages/airflow/example_dags/example_latest_only.py took 0.344 seconds
[2022-03-24 03:10:24,121] {processor.py:163} INFO - Started process (PID=2246) to work on /home/airflow/.local/lib/python3.7/site-packages/airflow/example_dags/example_latest_only.py
[2022-03-24 03:10:24,133] {processor.py:642} INFO - Processing file /home/airflow/.local/lib/python3.7/site-packages/airflow/example_dags/example_latest_only.py for tasks to queue
[2022-03-24 03:10:24,134] {logging_mixin.py:109} INFO - [2022-03-24 03:10:24,134] {dagbag.py:500} INFO - Filling up the DagBag from /home/airflow/.local/lib/python3.7/site-packages/airflow/example_dags/example_latest_only.py
[2022-03-24 03:10:24,248] {processor.py:654} INFO - DAG(s) dict_keys(['latest_only']) retrieved from /home/airflow/.local/lib/python3.7/site-packages/airflow/example_dags/example_latest_only.py
[2022-03-24 03:10:24,347] {logging_mixin.py:109} INFO - [2022-03-24 03:10:24,347] {dag.py:2398} INFO - Sync 1 DAGs
[2022-03-24 03:10:24,531] {logging_mixin.py:109} INFO - [2022-03-24 03:10:24,531] {dag.py:2937} INFO - Setting next_dagrun for latest_only to 2022-03-23T23:10:24.525878+00:00
[2022-03-24 03:10:24,604] {processor.py:171} INFO - Processing /home/airflow/.local/lib/python3.7/site-packages/airflow/example_dags/example_latest_only.py took 0.496 seconds
[2022-03-24 03:10:55,228] {processor.py:163} INFO - Started process (PID=2296) to work on /home/airflow/.local/lib/python3.7/site-packages/airflow/example_dags/example_latest_only.py
[2022-03-24 03:10:55,240] {processor.py:642} INFO - Processing file /home/airflow/.local/lib/python3.7/site-packages/airflow/example_dags/example_latest_only.py for tasks to queue
[2022-03-24 03:10:55,242] {logging_mixin.py:109} INFO - [2022-03-24 03:10:55,242] {dagbag.py:500} INFO - Filling up the DagBag from /home/airflow/.local/lib/python3.7/site-packages/airflow/example_dags/example_latest_only.py
[2022-03-24 03:10:55,367] {processor.py:654} INFO - DAG(s) dict_keys(['latest_only']) retrieved from /home/airflow/.local/lib/python3.7/site-packages/airflow/example_dags/example_latest_only.py
[2022-03-24 03:10:56,161] {logging_mixin.py:109} INFO - [2022-03-24 03:10:56,161] {dag.py:2398} INFO - Sync 1 DAGs
[2022-03-24 03:10:56,213] {logging_mixin.py:109} INFO - [2022-03-24 03:10:56,213] {dag.py:2937} INFO - Setting next_dagrun for latest_only to 2022-03-23T23:10:56.213277+00:00
[2022-03-24 03:10:56,290] {processor.py:171} INFO - Processing /home/airflow/.local/lib/python3.7/site-packages/airflow/example_dags/example_latest_only.py took 1.072 seconds
[2022-03-24 03:11:27,058] {processor.py:163} INFO - Started process (PID=2354) to work on /home/airflow/.local/lib/python3.7/site-packages/airflow/example_dags/example_latest_only.py
[2022-03-24 03:11:27,070] {processor.py:642} INFO - Processing file /home/airflow/.local/lib/python3.7/site-packages/airflow/example_dags/example_latest_only.py for tasks to queue
[2022-03-24 03:11:27,081] {logging_mixin.py:109} INFO - [2022-03-24 03:11:27,076] {dagbag.py:500} INFO - Filling up the DagBag from /home/airflow/.local/lib/python3.7/site-packages/airflow/example_dags/example_latest_only.py
[2022-03-24 03:11:27,282] {processor.py:654} INFO - DAG(s) dict_keys(['latest_only']) retrieved from /home/airflow/.local/lib/python3.7/site-packages/airflow/example_dags/example_latest_only.py
[2022-03-24 03:11:27,355] {logging_mixin.py:109} INFO - [2022-03-24 03:11:27,354] {dag.py:2398} INFO - Sync 1 DAGs
[2022-03-24 03:11:27,436] {logging_mixin.py:109} INFO - [2022-03-24 03:11:27,436] {dag.py:2937} INFO - Setting next_dagrun for latest_only to 2022-03-23T23:11:27.435932+00:00
[2022-03-24 03:11:27,487] {processor.py:171} INFO - Processing /home/airflow/.local/lib/python3.7/site-packages/airflow/example_dags/example_latest_only.py took 0.455 seconds
[2022-03-24 03:11:58,507] {processor.py:163} INFO - Started process (PID=2405) to work on /home/airflow/.local/lib/python3.7/site-packages/airflow/example_dags/example_latest_only.py
[2022-03-24 03:11:58,512] {processor.py:642} INFO - Processing file /home/airflow/.local/lib/python3.7/site-packages/airflow/example_dags/example_latest_only.py for tasks to queue
[2022-03-24 03:11:58,529] {logging_mixin.py:109} INFO - [2022-03-24 03:11:58,518] {dagbag.py:500} INFO - Filling up the DagBag from /home/airflow/.local/lib/python3.7/site-packages/airflow/example_dags/example_latest_only.py
[2022-03-24 03:11:58,659] {processor.py:654} INFO - DAG(s) dict_keys(['latest_only']) retrieved from /home/airflow/.local/lib/python3.7/site-packages/airflow/example_dags/example_latest_only.py
[2022-03-24 03:11:58,712] {logging_mixin.py:109} INFO - [2022-03-24 03:11:58,712] {dag.py:2398} INFO - Sync 1 DAGs
[2022-03-24 03:11:58,774] {logging_mixin.py:109} INFO - [2022-03-24 03:11:58,774] {dag.py:2937} INFO - Setting next_dagrun for latest_only to 2022-03-23T23:11:58.773998+00:00
[2022-03-24 03:11:58,821] {processor.py:171} INFO - Processing /home/airflow/.local/lib/python3.7/site-packages/airflow/example_dags/example_latest_only.py took 0.342 seconds
[2022-03-24 03:12:28,971] {processor.py:163} INFO - Started process (PID=2456) to work on /home/airflow/.local/lib/python3.7/site-packages/airflow/example_dags/example_latest_only.py
[2022-03-24 03:12:28,974] {processor.py:642} INFO - Processing file /home/airflow/.local/lib/python3.7/site-packages/airflow/example_dags/example_latest_only.py for tasks to queue
[2022-03-24 03:12:28,976] {logging_mixin.py:109} INFO - [2022-03-24 03:12:28,976] {dagbag.py:500} INFO - Filling up the DagBag from /home/airflow/.local/lib/python3.7/site-packages/airflow/example_dags/example_latest_only.py
[2022-03-24 03:12:29,147] {processor.py:654} INFO - DAG(s) dict_keys(['latest_only']) retrieved from /home/airflow/.local/lib/python3.7/site-packages/airflow/example_dags/example_latest_only.py
[2022-03-24 03:12:29,282] {logging_mixin.py:109} INFO - [2022-03-24 03:12:29,281] {dag.py:2398} INFO - Sync 1 DAGs
[2022-03-24 03:12:29,373] {logging_mixin.py:109} INFO - [2022-03-24 03:12:29,373] {dag.py:2937} INFO - Setting next_dagrun for latest_only to 2022-03-23T23:12:29.373025+00:00
[2022-03-24 03:12:29,446] {processor.py:171} INFO - Processing /home/airflow/.local/lib/python3.7/site-packages/airflow/example_dags/example_latest_only.py took 0.492 seconds
[2022-03-24 03:12:59,612] {processor.py:163} INFO - Started process (PID=2509) to work on /home/airflow/.local/lib/python3.7/site-packages/airflow/example_dags/example_latest_only.py
[2022-03-24 03:12:59,625] {processor.py:642} INFO - Processing file /home/airflow/.local/lib/python3.7/site-packages/airflow/example_dags/example_latest_only.py for tasks to queue
[2022-03-24 03:12:59,635] {logging_mixin.py:109} INFO - [2022-03-24 03:12:59,634] {dagbag.py:500} INFO - Filling up the DagBag from /home/airflow/.local/lib/python3.7/site-packages/airflow/example_dags/example_latest_only.py
[2022-03-24 03:12:59,724] {processor.py:654} INFO - DAG(s) dict_keys(['latest_only']) retrieved from /home/airflow/.local/lib/python3.7/site-packages/airflow/example_dags/example_latest_only.py
[2022-03-24 03:12:59,744] {logging_mixin.py:109} INFO - [2022-03-24 03:12:59,744] {dag.py:2398} INFO - Sync 1 DAGs
[2022-03-24 03:12:59,772] {logging_mixin.py:109} INFO - [2022-03-24 03:12:59,772] {dag.py:2937} INFO - Setting next_dagrun for latest_only to 2022-03-23T23:12:59.771546+00:00
[2022-03-24 03:12:59,903] {processor.py:171} INFO - Processing /home/airflow/.local/lib/python3.7/site-packages/airflow/example_dags/example_latest_only.py took 0.302 seconds
[2022-03-24 03:13:30,639] {processor.py:163} INFO - Started process (PID=2561) to work on /home/airflow/.local/lib/python3.7/site-packages/airflow/example_dags/example_latest_only.py
[2022-03-24 03:13:30,675] {processor.py:642} INFO - Processing file /home/airflow/.local/lib/python3.7/site-packages/airflow/example_dags/example_latest_only.py for tasks to queue
[2022-03-24 03:13:30,678] {logging_mixin.py:109} INFO - [2022-03-24 03:13:30,678] {dagbag.py:500} INFO - Filling up the DagBag from /home/airflow/.local/lib/python3.7/site-packages/airflow/example_dags/example_latest_only.py
[2022-03-24 03:13:30,732] {processor.py:654} INFO - DAG(s) dict_keys(['latest_only']) retrieved from /home/airflow/.local/lib/python3.7/site-packages/airflow/example_dags/example_latest_only.py
[2022-03-24 03:13:30,754] {logging_mixin.py:109} INFO - [2022-03-24 03:13:30,754] {dag.py:2398} INFO - Sync 1 DAGs
[2022-03-24 03:13:30,798] {logging_mixin.py:109} INFO - [2022-03-24 03:13:30,798] {dag.py:2937} INFO - Setting next_dagrun for latest_only to 2022-03-23T23:13:30.797935+00:00
[2022-03-24 03:13:30,811] {processor.py:171} INFO - Processing /home/airflow/.local/lib/python3.7/site-packages/airflow/example_dags/example_latest_only.py took 0.181 seconds
[2022-03-24 03:14:00,858] {processor.py:163} INFO - Started process (PID=2615) to work on /home/airflow/.local/lib/python3.7/site-packages/airflow/example_dags/example_latest_only.py
[2022-03-24 03:14:00,865] {processor.py:642} INFO - Processing file /home/airflow/.local/lib/python3.7/site-packages/airflow/example_dags/example_latest_only.py for tasks to queue
[2022-03-24 03:14:00,869] {logging_mixin.py:109} INFO - [2022-03-24 03:14:00,868] {dagbag.py:500} INFO - Filling up the DagBag from /home/airflow/.local/lib/python3.7/site-packages/airflow/example_dags/example_latest_only.py
[2022-03-24 03:14:00,996] {processor.py:654} INFO - DAG(s) dict_keys(['latest_only']) retrieved from /home/airflow/.local/lib/python3.7/site-packages/airflow/example_dags/example_latest_only.py
[2022-03-24 03:14:01,051] {logging_mixin.py:109} INFO - [2022-03-24 03:14:01,047] {dag.py:2398} INFO - Sync 1 DAGs
[2022-03-24 03:14:01,130] {logging_mixin.py:109} INFO - [2022-03-24 03:14:01,130] {dag.py:2937} INFO - Setting next_dagrun for latest_only to 2022-03-23T23:14:01.129853+00:00
[2022-03-24 03:14:01,208] {processor.py:171} INFO - Processing /home/airflow/.local/lib/python3.7/site-packages/airflow/example_dags/example_latest_only.py took 0.359 seconds
[2022-03-24 03:14:31,673] {processor.py:163} INFO - Started process (PID=2665) to work on /home/airflow/.local/lib/python3.7/site-packages/airflow/example_dags/example_latest_only.py
[2022-03-24 03:14:31,692] {processor.py:642} INFO - Processing file /home/airflow/.local/lib/python3.7/site-packages/airflow/example_dags/example_latest_only.py for tasks to queue
[2022-03-24 03:14:31,696] {logging_mixin.py:109} INFO - [2022-03-24 03:14:31,695] {dagbag.py:500} INFO - Filling up the DagBag from /home/airflow/.local/lib/python3.7/site-packages/airflow/example_dags/example_latest_only.py
[2022-03-24 03:14:31,868] {processor.py:654} INFO - DAG(s) dict_keys(['latest_only']) retrieved from /home/airflow/.local/lib/python3.7/site-packages/airflow/example_dags/example_latest_only.py
[2022-03-24 03:14:31,933] {logging_mixin.py:109} INFO - [2022-03-24 03:14:31,933] {dag.py:2398} INFO - Sync 1 DAGs
[2022-03-24 03:14:31,960] {logging_mixin.py:109} INFO - [2022-03-24 03:14:31,960] {dag.py:2937} INFO - Setting next_dagrun for latest_only to 2022-03-23T23:14:31.960028+00:00
[2022-03-24 03:14:31,974] {processor.py:171} INFO - Processing /home/airflow/.local/lib/python3.7/site-packages/airflow/example_dags/example_latest_only.py took 0.313 seconds
[2022-03-24 03:15:02,385] {processor.py:163} INFO - Started process (PID=2718) to work on /home/airflow/.local/lib/python3.7/site-packages/airflow/example_dags/example_latest_only.py
[2022-03-24 03:15:02,389] {processor.py:642} INFO - Processing file /home/airflow/.local/lib/python3.7/site-packages/airflow/example_dags/example_latest_only.py for tasks to queue
[2022-03-24 03:15:02,394] {logging_mixin.py:109} INFO - [2022-03-24 03:15:02,393] {dagbag.py:500} INFO - Filling up the DagBag from /home/airflow/.local/lib/python3.7/site-packages/airflow/example_dags/example_latest_only.py
[2022-03-24 03:15:02,441] {processor.py:654} INFO - DAG(s) dict_keys(['latest_only']) retrieved from /home/airflow/.local/lib/python3.7/site-packages/airflow/example_dags/example_latest_only.py
[2022-03-24 03:15:02,466] {logging_mixin.py:109} INFO - [2022-03-24 03:15:02,466] {dag.py:2398} INFO - Sync 1 DAGs
[2022-03-24 03:15:02,493] {logging_mixin.py:109} INFO - [2022-03-24 03:15:02,493] {dag.py:2937} INFO - Setting next_dagrun for latest_only to 2022-03-23T23:15:02.492860+00:00
[2022-03-24 03:15:02,513] {processor.py:171} INFO - Processing /home/airflow/.local/lib/python3.7/site-packages/airflow/example_dags/example_latest_only.py took 0.140 seconds
[2022-03-24 03:15:32,597] {processor.py:163} INFO - Started process (PID=2772) to work on /home/airflow/.local/lib/python3.7/site-packages/airflow/example_dags/example_latest_only.py
[2022-03-24 03:15:32,601] {processor.py:642} INFO - Processing file /home/airflow/.local/lib/python3.7/site-packages/airflow/example_dags/example_latest_only.py for tasks to queue
[2022-03-24 03:15:32,605] {logging_mixin.py:109} INFO - [2022-03-24 03:15:32,604] {dagbag.py:500} INFO - Filling up the DagBag from /home/airflow/.local/lib/python3.7/site-packages/airflow/example_dags/example_latest_only.py
[2022-03-24 03:15:32,657] {processor.py:654} INFO - DAG(s) dict_keys(['latest_only']) retrieved from /home/airflow/.local/lib/python3.7/site-packages/airflow/example_dags/example_latest_only.py
[2022-03-24 03:15:32,668] {logging_mixin.py:109} INFO - [2022-03-24 03:15:32,668] {dag.py:2398} INFO - Sync 1 DAGs
[2022-03-24 03:15:32,688] {logging_mixin.py:109} INFO - [2022-03-24 03:15:32,688] {dag.py:2937} INFO - Setting next_dagrun for latest_only to 2022-03-23T23:15:32.687783+00:00
[2022-03-24 03:15:32,701] {processor.py:171} INFO - Processing /home/airflow/.local/lib/python3.7/site-packages/airflow/example_dags/example_latest_only.py took 0.114 seconds
[2022-03-24 03:16:02,786] {processor.py:163} INFO - Started process (PID=2820) to work on /home/airflow/.local/lib/python3.7/site-packages/airflow/example_dags/example_latest_only.py
[2022-03-24 03:16:02,791] {processor.py:642} INFO - Processing file /home/airflow/.local/lib/python3.7/site-packages/airflow/example_dags/example_latest_only.py for tasks to queue
[2022-03-24 03:16:02,794] {logging_mixin.py:109} INFO - [2022-03-24 03:16:02,793] {dagbag.py:500} INFO - Filling up the DagBag from /home/airflow/.local/lib/python3.7/site-packages/airflow/example_dags/example_latest_only.py
[2022-03-24 03:16:02,852] {processor.py:654} INFO - DAG(s) dict_keys(['latest_only']) retrieved from /home/airflow/.local/lib/python3.7/site-packages/airflow/example_dags/example_latest_only.py
[2022-03-24 03:16:02,904] {logging_mixin.py:109} INFO - [2022-03-24 03:16:02,903] {dag.py:2398} INFO - Sync 1 DAGs
[2022-03-24 03:16:02,929] {logging_mixin.py:109} INFO - [2022-03-24 03:16:02,929] {dag.py:2937} INFO - Setting next_dagrun for latest_only to 2022-03-23T23:16:02.928882+00:00
[2022-03-24 03:16:03,277] {processor.py:171} INFO - Processing /home/airflow/.local/lib/python3.7/site-packages/airflow/example_dags/example_latest_only.py took 0.502 seconds
[2022-03-24 03:16:33,326] {processor.py:163} INFO - Started process (PID=2871) to work on /home/airflow/.local/lib/python3.7/site-packages/airflow/example_dags/example_latest_only.py
[2022-03-24 03:16:33,335] {processor.py:642} INFO - Processing file /home/airflow/.local/lib/python3.7/site-packages/airflow/example_dags/example_latest_only.py for tasks to queue
[2022-03-24 03:16:33,342] {logging_mixin.py:109} INFO - [2022-03-24 03:16:33,342] {dagbag.py:500} INFO - Filling up the DagBag from /home/airflow/.local/lib/python3.7/site-packages/airflow/example_dags/example_latest_only.py
[2022-03-24 03:16:33,434] {processor.py:654} INFO - DAG(s) dict_keys(['latest_only']) retrieved from /home/airflow/.local/lib/python3.7/site-packages/airflow/example_dags/example_latest_only.py
[2022-03-24 03:16:33,457] {logging_mixin.py:109} INFO - [2022-03-24 03:16:33,457] {dag.py:2398} INFO - Sync 1 DAGs
[2022-03-24 03:16:33,481] {logging_mixin.py:109} INFO - [2022-03-24 03:16:33,481] {dag.py:2937} INFO - Setting next_dagrun for latest_only to 2022-03-23T23:16:33.480928+00:00
[2022-03-24 03:16:33,503] {processor.py:171} INFO - Processing /home/airflow/.local/lib/python3.7/site-packages/airflow/example_dags/example_latest_only.py took 0.184 seconds
[2022-03-24 03:17:03,782] {processor.py:163} INFO - Started process (PID=2923) to work on /home/airflow/.local/lib/python3.7/site-packages/airflow/example_dags/example_latest_only.py
[2022-03-24 03:17:03,786] {processor.py:642} INFO - Processing file /home/airflow/.local/lib/python3.7/site-packages/airflow/example_dags/example_latest_only.py for tasks to queue
[2022-03-24 03:17:03,789] {logging_mixin.py:109} INFO - [2022-03-24 03:17:03,789] {dagbag.py:500} INFO - Filling up the DagBag from /home/airflow/.local/lib/python3.7/site-packages/airflow/example_dags/example_latest_only.py
[2022-03-24 03:17:03,836] {processor.py:654} INFO - DAG(s) dict_keys(['latest_only']) retrieved from /home/airflow/.local/lib/python3.7/site-packages/airflow/example_dags/example_latest_only.py
[2022-03-24 03:17:03,859] {logging_mixin.py:109} INFO - [2022-03-24 03:17:03,859] {dag.py:2398} INFO - Sync 1 DAGs
[2022-03-24 03:17:03,877] {logging_mixin.py:109} INFO - [2022-03-24 03:17:03,877] {dag.py:2937} INFO - Setting next_dagrun for latest_only to 2022-03-23T23:17:03.877222+00:00
[2022-03-24 03:17:03,891] {processor.py:171} INFO - Processing /home/airflow/.local/lib/python3.7/site-packages/airflow/example_dags/example_latest_only.py took 0.125 seconds
[2022-03-24 03:17:34,222] {processor.py:163} INFO - Started process (PID=2973) to work on /home/airflow/.local/lib/python3.7/site-packages/airflow/example_dags/example_latest_only.py
[2022-03-24 03:17:34,226] {processor.py:642} INFO - Processing file /home/airflow/.local/lib/python3.7/site-packages/airflow/example_dags/example_latest_only.py for tasks to queue
[2022-03-24 03:17:34,229] {logging_mixin.py:109} INFO - [2022-03-24 03:17:34,228] {dagbag.py:500} INFO - Filling up the DagBag from /home/airflow/.local/lib/python3.7/site-packages/airflow/example_dags/example_latest_only.py
[2022-03-24 03:17:34,306] {processor.py:654} INFO - DAG(s) dict_keys(['latest_only']) retrieved from /home/airflow/.local/lib/python3.7/site-packages/airflow/example_dags/example_latest_only.py
[2022-03-24 03:17:34,342] {logging_mixin.py:109} INFO - [2022-03-24 03:17:34,342] {dag.py:2398} INFO - Sync 1 DAGs
[2022-03-24 03:17:34,392] {logging_mixin.py:109} INFO - [2022-03-24 03:17:34,392] {dag.py:2937} INFO - Setting next_dagrun for latest_only to 2022-03-23T23:17:34.391885+00:00
[2022-03-24 03:17:34,420] {processor.py:171} INFO - Processing /home/airflow/.local/lib/python3.7/site-packages/airflow/example_dags/example_latest_only.py took 0.212 seconds
[2022-03-24 03:18:04,703] {processor.py:163} INFO - Started process (PID=3036) to work on /home/airflow/.local/lib/python3.7/site-packages/airflow/example_dags/example_latest_only.py
[2022-03-24 03:18:04,713] {processor.py:642} INFO - Processing file /home/airflow/.local/lib/python3.7/site-packages/airflow/example_dags/example_latest_only.py for tasks to queue
[2022-03-24 03:18:04,721] {logging_mixin.py:109} INFO - [2022-03-24 03:18:04,720] {dagbag.py:500} INFO - Filling up the DagBag from /home/airflow/.local/lib/python3.7/site-packages/airflow/example_dags/example_latest_only.py
[2022-03-24 03:18:04,864] {processor.py:654} INFO - DAG(s) dict_keys(['latest_only']) retrieved from /home/airflow/.local/lib/python3.7/site-packages/airflow/example_dags/example_latest_only.py
[2022-03-24 03:18:04,904] {logging_mixin.py:109} INFO - [2022-03-24 03:18:04,904] {dag.py:2398} INFO - Sync 1 DAGs
[2022-03-24 03:18:04,952] {logging_mixin.py:109} INFO - [2022-03-24 03:18:04,952] {dag.py:2937} INFO - Setting next_dagrun for latest_only to 2022-03-23T23:18:04.952055+00:00
[2022-03-24 03:18:05,012] {processor.py:171} INFO - Processing /home/airflow/.local/lib/python3.7/site-packages/airflow/example_dags/example_latest_only.py took 0.332 seconds
[2022-03-24 03:18:35,397] {processor.py:163} INFO - Started process (PID=3085) to work on /home/airflow/.local/lib/python3.7/site-packages/airflow/example_dags/example_latest_only.py
[2022-03-24 03:18:35,407] {processor.py:642} INFO - Processing file /home/airflow/.local/lib/python3.7/site-packages/airflow/example_dags/example_latest_only.py for tasks to queue
[2022-03-24 03:18:35,411] {logging_mixin.py:109} INFO - [2022-03-24 03:18:35,411] {dagbag.py:500} INFO - Filling up the DagBag from /home/airflow/.local/lib/python3.7/site-packages/airflow/example_dags/example_latest_only.py
[2022-03-24 03:18:35,502] {processor.py:654} INFO - DAG(s) dict_keys(['latest_only']) retrieved from /home/airflow/.local/lib/python3.7/site-packages/airflow/example_dags/example_latest_only.py
[2022-03-24 03:18:35,525] {logging_mixin.py:109} INFO - [2022-03-24 03:18:35,525] {dag.py:2398} INFO - Sync 1 DAGs
[2022-03-24 03:18:35,556] {logging_mixin.py:109} INFO - [2022-03-24 03:18:35,556] {dag.py:2937} INFO - Setting next_dagrun for latest_only to 2022-03-23T23:18:35.556267+00:00
[2022-03-24 03:18:35,575] {processor.py:171} INFO - Processing /home/airflow/.local/lib/python3.7/site-packages/airflow/example_dags/example_latest_only.py took 0.197 seconds
[2022-03-24 03:19:05,680] {processor.py:163} INFO - Started process (PID=3140) to work on /home/airflow/.local/lib/python3.7/site-packages/airflow/example_dags/example_latest_only.py
[2022-03-24 03:19:05,685] {processor.py:642} INFO - Processing file /home/airflow/.local/lib/python3.7/site-packages/airflow/example_dags/example_latest_only.py for tasks to queue
[2022-03-24 03:19:05,688] {logging_mixin.py:109} INFO - [2022-03-24 03:19:05,687] {dagbag.py:500} INFO - Filling up the DagBag from /home/airflow/.local/lib/python3.7/site-packages/airflow/example_dags/example_latest_only.py
[2022-03-24 03:19:05,727] {processor.py:654} INFO - DAG(s) dict_keys(['latest_only']) retrieved from /home/airflow/.local/lib/python3.7/site-packages/airflow/example_dags/example_latest_only.py
[2022-03-24 03:19:05,739] {logging_mixin.py:109} INFO - [2022-03-24 03:19:05,739] {dag.py:2398} INFO - Sync 1 DAGs
[2022-03-24 03:19:05,755] {logging_mixin.py:109} INFO - [2022-03-24 03:19:05,755] {dag.py:2937} INFO - Setting next_dagrun for latest_only to 2022-03-23T23:19:05.755267+00:00
[2022-03-24 03:19:05,767] {processor.py:171} INFO - Processing /home/airflow/.local/lib/python3.7/site-packages/airflow/example_dags/example_latest_only.py took 0.091 seconds
[2022-03-24 03:19:36,002] {processor.py:163} INFO - Started process (PID=3192) to work on /home/airflow/.local/lib/python3.7/site-packages/airflow/example_dags/example_latest_only.py
[2022-03-24 03:19:36,004] {processor.py:642} INFO - Processing file /home/airflow/.local/lib/python3.7/site-packages/airflow/example_dags/example_latest_only.py for tasks to queue
[2022-03-24 03:19:36,006] {logging_mixin.py:109} INFO - [2022-03-24 03:19:36,006] {dagbag.py:500} INFO - Filling up the DagBag from /home/airflow/.local/lib/python3.7/site-packages/airflow/example_dags/example_latest_only.py
[2022-03-24 03:19:36,045] {processor.py:654} INFO - DAG(s) dict_keys(['latest_only']) retrieved from /home/airflow/.local/lib/python3.7/site-packages/airflow/example_dags/example_latest_only.py
[2022-03-24 03:19:36,060] {logging_mixin.py:109} INFO - [2022-03-24 03:19:36,060] {dag.py:2398} INFO - Sync 1 DAGs
[2022-03-24 03:19:36,085] {logging_mixin.py:109} INFO - [2022-03-24 03:19:36,085] {dag.py:2937} INFO - Setting next_dagrun for latest_only to 2022-03-23T23:19:36.084762+00:00
[2022-03-24 03:19:36,102] {processor.py:171} INFO - Processing /home/airflow/.local/lib/python3.7/site-packages/airflow/example_dags/example_latest_only.py took 0.103 seconds
[2022-03-24 03:20:06,946] {processor.py:163} INFO - Started process (PID=3248) to work on /home/airflow/.local/lib/python3.7/site-packages/airflow/example_dags/example_latest_only.py
[2022-03-24 03:20:06,956] {processor.py:642} INFO - Processing file /home/airflow/.local/lib/python3.7/site-packages/airflow/example_dags/example_latest_only.py for tasks to queue
[2022-03-24 03:20:06,959] {logging_mixin.py:109} INFO - [2022-03-24 03:20:06,959] {dagbag.py:500} INFO - Filling up the DagBag from /home/airflow/.local/lib/python3.7/site-packages/airflow/example_dags/example_latest_only.py
[2022-03-24 03:20:07,026] {processor.py:654} INFO - DAG(s) dict_keys(['latest_only']) retrieved from /home/airflow/.local/lib/python3.7/site-packages/airflow/example_dags/example_latest_only.py
[2022-03-24 03:20:07,116] {logging_mixin.py:109} INFO - [2022-03-24 03:20:07,116] {dag.py:2398} INFO - Sync 1 DAGs
[2022-03-24 03:20:07,136] {logging_mixin.py:109} INFO - [2022-03-24 03:20:07,136] {dag.py:2937} INFO - Setting next_dagrun for latest_only to 2022-03-23T23:20:07.136547+00:00
[2022-03-24 03:20:07,149] {processor.py:171} INFO - Processing /home/airflow/.local/lib/python3.7/site-packages/airflow/example_dags/example_latest_only.py took 0.213 seconds
[2022-03-24 03:20:37,621] {processor.py:163} INFO - Started process (PID=3299) to work on /home/airflow/.local/lib/python3.7/site-packages/airflow/example_dags/example_latest_only.py
[2022-03-24 03:20:37,626] {processor.py:642} INFO - Processing file /home/airflow/.local/lib/python3.7/site-packages/airflow/example_dags/example_latest_only.py for tasks to queue
[2022-03-24 03:20:37,630] {logging_mixin.py:109} INFO - [2022-03-24 03:20:37,630] {dagbag.py:500} INFO - Filling up the DagBag from /home/airflow/.local/lib/python3.7/site-packages/airflow/example_dags/example_latest_only.py
[2022-03-24 03:20:37,676] {processor.py:654} INFO - DAG(s) dict_keys(['latest_only']) retrieved from /home/airflow/.local/lib/python3.7/site-packages/airflow/example_dags/example_latest_only.py
[2022-03-24 03:20:37,690] {logging_mixin.py:109} INFO - [2022-03-24 03:20:37,690] {dag.py:2398} INFO - Sync 1 DAGs
[2022-03-24 03:20:37,706] {logging_mixin.py:109} INFO - [2022-03-24 03:20:37,706] {dag.py:2937} INFO - Setting next_dagrun for latest_only to 2022-03-23T23:20:37.706056+00:00
[2022-03-24 03:20:37,724] {processor.py:171} INFO - Processing /home/airflow/.local/lib/python3.7/site-packages/airflow/example_dags/example_latest_only.py took 0.107 seconds
