[2022-03-24 02:50:11,298] {processor.py:163} INFO - Started process (PID=220) to work on /home/airflow/.local/lib/python3.7/site-packages/airflow/example_dags/example_branch_labels.py
[2022-03-24 02:50:11,302] {processor.py:642} INFO - Processing file /home/airflow/.local/lib/python3.7/site-packages/airflow/example_dags/example_branch_labels.py for tasks to queue
[2022-03-24 02:50:11,304] {logging_mixin.py:109} INFO - [2022-03-24 02:50:11,304] {dagbag.py:500} INFO - Filling up the DagBag from /home/airflow/.local/lib/python3.7/site-packages/airflow/example_dags/example_branch_labels.py
[2022-03-24 02:50:11,377] {processor.py:654} INFO - DAG(s) dict_keys(['example_branch_labels']) retrieved from /home/airflow/.local/lib/python3.7/site-packages/airflow/example_dags/example_branch_labels.py
[2022-03-24 02:50:15,135] {logging_mixin.py:109} INFO - [2022-03-24 02:50:15,135] {manager.py:496} INFO - Created Permission View: can edit on DAG:example_branch_labels
[2022-03-24 02:50:15,165] {logging_mixin.py:109} INFO - [2022-03-24 02:50:15,165] {manager.py:496} INFO - Created Permission View: can read on DAG:example_branch_labels
[2022-03-24 02:50:15,168] {logging_mixin.py:109} INFO - [2022-03-24 02:50:15,168] {dag.py:2398} INFO - Sync 1 DAGs
[2022-03-24 02:50:15,192] {logging_mixin.py:109} INFO - [2022-03-24 02:50:15,192] {dag.py:2417} INFO - Creating ORM DAG for example_branch_labels
[2022-03-24 02:50:15,227] {logging_mixin.py:109} INFO - [2022-03-24 02:50:15,227] {dag.py:2937} INFO - Setting next_dagrun for example_branch_labels to 2022-03-23 00:00:00+00:00
[2022-03-24 02:50:15,265] {processor.py:171} INFO - Processing /home/airflow/.local/lib/python3.7/site-packages/airflow/example_dags/example_branch_labels.py took 3.974 seconds
[2022-03-24 02:50:46,771] {processor.py:163} INFO - Started process (PID=297) to work on /home/airflow/.local/lib/python3.7/site-packages/airflow/example_dags/example_branch_labels.py
[2022-03-24 02:50:46,778] {processor.py:642} INFO - Processing file /home/airflow/.local/lib/python3.7/site-packages/airflow/example_dags/example_branch_labels.py for tasks to queue
[2022-03-24 02:50:46,782] {logging_mixin.py:109} INFO - [2022-03-24 02:50:46,782] {dagbag.py:500} INFO - Filling up the DagBag from /home/airflow/.local/lib/python3.7/site-packages/airflow/example_dags/example_branch_labels.py
[2022-03-24 02:50:46,917] {processor.py:654} INFO - DAG(s) dict_keys(['example_branch_labels']) retrieved from /home/airflow/.local/lib/python3.7/site-packages/airflow/example_dags/example_branch_labels.py
[2022-03-24 02:50:46,980] {logging_mixin.py:109} INFO - [2022-03-24 02:50:46,980] {dag.py:2398} INFO - Sync 1 DAGs
[2022-03-24 02:50:47,044] {logging_mixin.py:109} INFO - [2022-03-24 02:50:47,044] {dag.py:2937} INFO - Setting next_dagrun for example_branch_labels to 2022-03-23 00:00:00+00:00
[2022-03-24 02:50:47,086] {processor.py:171} INFO - Processing /home/airflow/.local/lib/python3.7/site-packages/airflow/example_dags/example_branch_labels.py took 0.331 seconds
[2022-03-24 02:51:18,999] {processor.py:163} INFO - Started process (PID=350) to work on /home/airflow/.local/lib/python3.7/site-packages/airflow/example_dags/example_branch_labels.py
[2022-03-24 02:51:19,004] {processor.py:642} INFO - Processing file /home/airflow/.local/lib/python3.7/site-packages/airflow/example_dags/example_branch_labels.py for tasks to queue
[2022-03-24 02:51:19,012] {logging_mixin.py:109} INFO - [2022-03-24 02:51:19,012] {dagbag.py:500} INFO - Filling up the DagBag from /home/airflow/.local/lib/python3.7/site-packages/airflow/example_dags/example_branch_labels.py
[2022-03-24 02:51:19,168] {processor.py:654} INFO - DAG(s) dict_keys(['example_branch_labels']) retrieved from /home/airflow/.local/lib/python3.7/site-packages/airflow/example_dags/example_branch_labels.py
[2022-03-24 02:51:19,248] {logging_mixin.py:109} INFO - [2022-03-24 02:51:19,248] {dag.py:2398} INFO - Sync 1 DAGs
[2022-03-24 02:51:19,328] {logging_mixin.py:109} INFO - [2022-03-24 02:51:19,328] {dag.py:2937} INFO - Setting next_dagrun for example_branch_labels to 2022-03-23 00:00:00+00:00
[2022-03-24 02:51:19,361] {processor.py:171} INFO - Processing /home/airflow/.local/lib/python3.7/site-packages/airflow/example_dags/example_branch_labels.py took 0.377 seconds
[2022-03-24 02:51:50,908] {processor.py:163} INFO - Started process (PID=408) to work on /home/airflow/.local/lib/python3.7/site-packages/airflow/example_dags/example_branch_labels.py
[2022-03-24 02:51:50,914] {processor.py:642} INFO - Processing file /home/airflow/.local/lib/python3.7/site-packages/airflow/example_dags/example_branch_labels.py for tasks to queue
[2022-03-24 02:51:50,925] {logging_mixin.py:109} INFO - [2022-03-24 02:51:50,921] {dagbag.py:500} INFO - Filling up the DagBag from /home/airflow/.local/lib/python3.7/site-packages/airflow/example_dags/example_branch_labels.py
[2022-03-24 02:51:51,128] {processor.py:654} INFO - DAG(s) dict_keys(['example_branch_labels']) retrieved from /home/airflow/.local/lib/python3.7/site-packages/airflow/example_dags/example_branch_labels.py
[2022-03-24 02:51:51,183] {logging_mixin.py:109} INFO - [2022-03-24 02:51:51,183] {dag.py:2398} INFO - Sync 1 DAGs
[2022-03-24 02:51:51,210] {logging_mixin.py:109} INFO - [2022-03-24 02:51:51,209] {dag.py:2937} INFO - Setting next_dagrun for example_branch_labels to 2022-03-23 00:00:00+00:00
[2022-03-24 02:51:51,222] {processor.py:171} INFO - Processing /home/airflow/.local/lib/python3.7/site-packages/airflow/example_dags/example_branch_labels.py took 0.343 seconds
[2022-03-24 02:52:21,324] {processor.py:163} INFO - Started process (PID=458) to work on /home/airflow/.local/lib/python3.7/site-packages/airflow/example_dags/example_branch_labels.py
[2022-03-24 02:52:21,331] {processor.py:642} INFO - Processing file /home/airflow/.local/lib/python3.7/site-packages/airflow/example_dags/example_branch_labels.py for tasks to queue
[2022-03-24 02:52:21,336] {logging_mixin.py:109} INFO - [2022-03-24 02:52:21,334] {dagbag.py:500} INFO - Filling up the DagBag from /home/airflow/.local/lib/python3.7/site-packages/airflow/example_dags/example_branch_labels.py
[2022-03-24 02:52:21,478] {processor.py:654} INFO - DAG(s) dict_keys(['example_branch_labels']) retrieved from /home/airflow/.local/lib/python3.7/site-packages/airflow/example_dags/example_branch_labels.py
[2022-03-24 02:52:21,526] {logging_mixin.py:109} INFO - [2022-03-24 02:52:21,525] {dag.py:2398} INFO - Sync 1 DAGs
[2022-03-24 02:52:21,577] {logging_mixin.py:109} INFO - [2022-03-24 02:52:21,577] {dag.py:2937} INFO - Setting next_dagrun for example_branch_labels to 2022-03-23 00:00:00+00:00
[2022-03-24 02:52:21,603] {processor.py:171} INFO - Processing /home/airflow/.local/lib/python3.7/site-packages/airflow/example_dags/example_branch_labels.py took 0.310 seconds
[2022-03-24 02:52:52,223] {processor.py:163} INFO - Started process (PID=508) to work on /home/airflow/.local/lib/python3.7/site-packages/airflow/example_dags/example_branch_labels.py
[2022-03-24 02:52:52,226] {processor.py:642} INFO - Processing file /home/airflow/.local/lib/python3.7/site-packages/airflow/example_dags/example_branch_labels.py for tasks to queue
[2022-03-24 02:52:52,230] {logging_mixin.py:109} INFO - [2022-03-24 02:52:52,229] {dagbag.py:500} INFO - Filling up the DagBag from /home/airflow/.local/lib/python3.7/site-packages/airflow/example_dags/example_branch_labels.py
[2022-03-24 02:52:52,289] {processor.py:654} INFO - DAG(s) dict_keys(['example_branch_labels']) retrieved from /home/airflow/.local/lib/python3.7/site-packages/airflow/example_dags/example_branch_labels.py
[2022-03-24 02:52:52,310] {logging_mixin.py:109} INFO - [2022-03-24 02:52:52,310] {dag.py:2398} INFO - Sync 1 DAGs
[2022-03-24 02:52:52,336] {logging_mixin.py:109} INFO - [2022-03-24 02:52:52,336] {dag.py:2937} INFO - Setting next_dagrun for example_branch_labels to 2022-03-23 00:00:00+00:00
[2022-03-24 02:52:52,348] {processor.py:171} INFO - Processing /home/airflow/.local/lib/python3.7/site-packages/airflow/example_dags/example_branch_labels.py took 0.134 seconds
[2022-03-24 02:53:23,471] {processor.py:163} INFO - Started process (PID=557) to work on /home/airflow/.local/lib/python3.7/site-packages/airflow/example_dags/example_branch_labels.py
[2022-03-24 02:53:23,480] {processor.py:642} INFO - Processing file /home/airflow/.local/lib/python3.7/site-packages/airflow/example_dags/example_branch_labels.py for tasks to queue
[2022-03-24 02:53:23,511] {logging_mixin.py:109} INFO - [2022-03-24 02:53:23,511] {dagbag.py:500} INFO - Filling up the DagBag from /home/airflow/.local/lib/python3.7/site-packages/airflow/example_dags/example_branch_labels.py
[2022-03-24 02:53:23,802] {processor.py:654} INFO - DAG(s) dict_keys(['example_branch_labels']) retrieved from /home/airflow/.local/lib/python3.7/site-packages/airflow/example_dags/example_branch_labels.py
[2022-03-24 02:53:23,933] {logging_mixin.py:109} INFO - [2022-03-24 02:53:23,933] {dag.py:2398} INFO - Sync 1 DAGs
[2022-03-24 02:53:24,008] {logging_mixin.py:109} INFO - [2022-03-24 02:53:24,007] {dag.py:2937} INFO - Setting next_dagrun for example_branch_labels to 2022-03-23 00:00:00+00:00
[2022-03-24 02:53:24,060] {processor.py:171} INFO - Processing /home/airflow/.local/lib/python3.7/site-packages/airflow/example_dags/example_branch_labels.py took 0.598 seconds
[2022-03-24 02:54:05,465] {processor.py:163} INFO - Started process (PID=617) to work on /home/airflow/.local/lib/python3.7/site-packages/airflow/example_dags/example_branch_labels.py
[2022-03-24 02:54:05,699] {processor.py:642} INFO - Processing file /home/airflow/.local/lib/python3.7/site-packages/airflow/example_dags/example_branch_labels.py for tasks to queue
[2022-03-24 02:54:05,702] {logging_mixin.py:109} INFO - [2022-03-24 02:54:05,702] {dagbag.py:500} INFO - Filling up the DagBag from /home/airflow/.local/lib/python3.7/site-packages/airflow/example_dags/example_branch_labels.py
[2022-03-24 02:54:05,780] {processor.py:654} INFO - DAG(s) dict_keys(['example_branch_labels']) retrieved from /home/airflow/.local/lib/python3.7/site-packages/airflow/example_dags/example_branch_labels.py
[2022-03-24 02:54:05,881] {logging_mixin.py:109} INFO - [2022-03-24 02:54:05,880] {dag.py:2398} INFO - Sync 1 DAGs
[2022-03-24 02:54:06,134] {logging_mixin.py:109} INFO - [2022-03-24 02:54:06,134] {dag.py:2937} INFO - Setting next_dagrun for example_branch_labels to 2022-03-23 00:00:00+00:00
[2022-03-24 02:54:06,421] {processor.py:171} INFO - Processing /home/airflow/.local/lib/python3.7/site-packages/airflow/example_dags/example_branch_labels.py took 0.960 seconds
[2022-03-24 02:54:44,008] {processor.py:163} INFO - Started process (PID=668) to work on /home/airflow/.local/lib/python3.7/site-packages/airflow/example_dags/example_branch_labels.py
[2022-03-24 02:54:44,272] {processor.py:642} INFO - Processing file /home/airflow/.local/lib/python3.7/site-packages/airflow/example_dags/example_branch_labels.py for tasks to queue
[2022-03-24 02:54:44,522] {logging_mixin.py:109} INFO - [2022-03-24 02:54:44,522] {dagbag.py:500} INFO - Filling up the DagBag from /home/airflow/.local/lib/python3.7/site-packages/airflow/example_dags/example_branch_labels.py
[2022-03-24 02:54:44,613] {processor.py:654} INFO - DAG(s) dict_keys(['example_branch_labels']) retrieved from /home/airflow/.local/lib/python3.7/site-packages/airflow/example_dags/example_branch_labels.py
[2022-03-24 02:54:44,852] {logging_mixin.py:109} INFO - [2022-03-24 02:54:44,852] {dag.py:2398} INFO - Sync 1 DAGs
[2022-03-24 02:54:44,997] {logging_mixin.py:109} INFO - [2022-03-24 02:54:44,997] {dag.py:2937} INFO - Setting next_dagrun for example_branch_labels to 2022-03-23 00:00:00+00:00
[2022-03-24 02:54:45,053] {processor.py:171} INFO - Processing /home/airflow/.local/lib/python3.7/site-packages/airflow/example_dags/example_branch_labels.py took 1.059 seconds
[2022-03-24 02:55:15,152] {processor.py:163} INFO - Started process (PID=719) to work on /home/airflow/.local/lib/python3.7/site-packages/airflow/example_dags/example_branch_labels.py
[2022-03-24 02:55:15,155] {processor.py:642} INFO - Processing file /home/airflow/.local/lib/python3.7/site-packages/airflow/example_dags/example_branch_labels.py for tasks to queue
[2022-03-24 02:55:15,156] {logging_mixin.py:109} INFO - [2022-03-24 02:55:15,156] {dagbag.py:500} INFO - Filling up the DagBag from /home/airflow/.local/lib/python3.7/site-packages/airflow/example_dags/example_branch_labels.py
[2022-03-24 02:55:15,255] {processor.py:654} INFO - DAG(s) dict_keys(['example_branch_labels']) retrieved from /home/airflow/.local/lib/python3.7/site-packages/airflow/example_dags/example_branch_labels.py
[2022-03-24 02:55:15,274] {logging_mixin.py:109} INFO - [2022-03-24 02:55:15,273] {dag.py:2398} INFO - Sync 1 DAGs
[2022-03-24 02:55:15,312] {logging_mixin.py:109} INFO - [2022-03-24 02:55:15,312] {dag.py:2937} INFO - Setting next_dagrun for example_branch_labels to 2022-03-23 00:00:00+00:00
[2022-03-24 02:55:15,330] {processor.py:171} INFO - Processing /home/airflow/.local/lib/python3.7/site-packages/airflow/example_dags/example_branch_labels.py took 0.182 seconds
[2022-03-24 02:55:45,391] {processor.py:163} INFO - Started process (PID=770) to work on /home/airflow/.local/lib/python3.7/site-packages/airflow/example_dags/example_branch_labels.py
[2022-03-24 02:55:45,424] {processor.py:642} INFO - Processing file /home/airflow/.local/lib/python3.7/site-packages/airflow/example_dags/example_branch_labels.py for tasks to queue
[2022-03-24 02:55:45,426] {logging_mixin.py:109} INFO - [2022-03-24 02:55:45,426] {dagbag.py:500} INFO - Filling up the DagBag from /home/airflow/.local/lib/python3.7/site-packages/airflow/example_dags/example_branch_labels.py
[2022-03-24 02:55:45,475] {processor.py:654} INFO - DAG(s) dict_keys(['example_branch_labels']) retrieved from /home/airflow/.local/lib/python3.7/site-packages/airflow/example_dags/example_branch_labels.py
[2022-03-24 02:55:45,504] {logging_mixin.py:109} INFO - [2022-03-24 02:55:45,504] {dag.py:2398} INFO - Sync 1 DAGs
[2022-03-24 02:55:45,544] {logging_mixin.py:109} INFO - [2022-03-24 02:55:45,544] {dag.py:2937} INFO - Setting next_dagrun for example_branch_labels to 2022-03-23 00:00:00+00:00
[2022-03-24 02:55:45,564] {processor.py:171} INFO - Processing /home/airflow/.local/lib/python3.7/site-packages/airflow/example_dags/example_branch_labels.py took 0.182 seconds
[2022-03-24 02:56:16,274] {processor.py:163} INFO - Started process (PID=820) to work on /home/airflow/.local/lib/python3.7/site-packages/airflow/example_dags/example_branch_labels.py
[2022-03-24 02:56:16,283] {processor.py:642} INFO - Processing file /home/airflow/.local/lib/python3.7/site-packages/airflow/example_dags/example_branch_labels.py for tasks to queue
[2022-03-24 02:56:16,288] {logging_mixin.py:109} INFO - [2022-03-24 02:56:16,288] {dagbag.py:500} INFO - Filling up the DagBag from /home/airflow/.local/lib/python3.7/site-packages/airflow/example_dags/example_branch_labels.py
[2022-03-24 02:56:16,346] {processor.py:654} INFO - DAG(s) dict_keys(['example_branch_labels']) retrieved from /home/airflow/.local/lib/python3.7/site-packages/airflow/example_dags/example_branch_labels.py
[2022-03-24 02:56:16,378] {logging_mixin.py:109} INFO - [2022-03-24 02:56:16,378] {dag.py:2398} INFO - Sync 1 DAGs
[2022-03-24 02:56:16,418] {logging_mixin.py:109} INFO - [2022-03-24 02:56:16,418] {dag.py:2937} INFO - Setting next_dagrun for example_branch_labels to 2022-03-23 00:00:00+00:00
[2022-03-24 02:56:16,441] {processor.py:171} INFO - Processing /home/airflow/.local/lib/python3.7/site-packages/airflow/example_dags/example_branch_labels.py took 0.177 seconds
[2022-03-24 02:56:47,086] {processor.py:163} INFO - Started process (PID=870) to work on /home/airflow/.local/lib/python3.7/site-packages/airflow/example_dags/example_branch_labels.py
[2022-03-24 02:56:47,091] {processor.py:642} INFO - Processing file /home/airflow/.local/lib/python3.7/site-packages/airflow/example_dags/example_branch_labels.py for tasks to queue
[2022-03-24 02:56:47,094] {logging_mixin.py:109} INFO - [2022-03-24 02:56:47,094] {dagbag.py:500} INFO - Filling up the DagBag from /home/airflow/.local/lib/python3.7/site-packages/airflow/example_dags/example_branch_labels.py
[2022-03-24 02:56:47,146] {processor.py:654} INFO - DAG(s) dict_keys(['example_branch_labels']) retrieved from /home/airflow/.local/lib/python3.7/site-packages/airflow/example_dags/example_branch_labels.py
[2022-03-24 02:56:47,172] {logging_mixin.py:109} INFO - [2022-03-24 02:56:47,172] {dag.py:2398} INFO - Sync 1 DAGs
[2022-03-24 02:56:47,198] {logging_mixin.py:109} INFO - [2022-03-24 02:56:47,197] {dag.py:2937} INFO - Setting next_dagrun for example_branch_labels to 2022-03-23 00:00:00+00:00
[2022-03-24 02:56:47,220] {processor.py:171} INFO - Processing /home/airflow/.local/lib/python3.7/site-packages/airflow/example_dags/example_branch_labels.py took 0.152 seconds
[2022-03-24 02:57:17,723] {processor.py:163} INFO - Started process (PID=919) to work on /home/airflow/.local/lib/python3.7/site-packages/airflow/example_dags/example_branch_labels.py
[2022-03-24 02:57:17,853] {processor.py:642} INFO - Processing file /home/airflow/.local/lib/python3.7/site-packages/airflow/example_dags/example_branch_labels.py for tasks to queue
[2022-03-24 02:57:17,856] {logging_mixin.py:109} INFO - [2022-03-24 02:57:17,855] {dagbag.py:500} INFO - Filling up the DagBag from /home/airflow/.local/lib/python3.7/site-packages/airflow/example_dags/example_branch_labels.py
[2022-03-24 02:57:17,901] {processor.py:654} INFO - DAG(s) dict_keys(['example_branch_labels']) retrieved from /home/airflow/.local/lib/python3.7/site-packages/airflow/example_dags/example_branch_labels.py
[2022-03-24 02:57:18,253] {logging_mixin.py:109} INFO - [2022-03-24 02:57:18,253] {dag.py:2398} INFO - Sync 1 DAGs
[2022-03-24 02:57:18,300] {logging_mixin.py:109} INFO - [2022-03-24 02:57:18,300] {dag.py:2937} INFO - Setting next_dagrun for example_branch_labels to 2022-03-23 00:00:00+00:00
[2022-03-24 02:57:18,564] {processor.py:171} INFO - Processing /home/airflow/.local/lib/python3.7/site-packages/airflow/example_dags/example_branch_labels.py took 0.847 seconds
[2022-03-24 02:57:48,873] {processor.py:163} INFO - Started process (PID=971) to work on /home/airflow/.local/lib/python3.7/site-packages/airflow/example_dags/example_branch_labels.py
[2022-03-24 02:57:48,876] {processor.py:642} INFO - Processing file /home/airflow/.local/lib/python3.7/site-packages/airflow/example_dags/example_branch_labels.py for tasks to queue
[2022-03-24 02:57:48,878] {logging_mixin.py:109} INFO - [2022-03-24 02:57:48,878] {dagbag.py:500} INFO - Filling up the DagBag from /home/airflow/.local/lib/python3.7/site-packages/airflow/example_dags/example_branch_labels.py
[2022-03-24 02:57:48,940] {processor.py:654} INFO - DAG(s) dict_keys(['example_branch_labels']) retrieved from /home/airflow/.local/lib/python3.7/site-packages/airflow/example_dags/example_branch_labels.py
[2022-03-24 02:57:48,954] {logging_mixin.py:109} INFO - [2022-03-24 02:57:48,954] {dag.py:2398} INFO - Sync 1 DAGs
[2022-03-24 02:57:48,971] {logging_mixin.py:109} INFO - [2022-03-24 02:57:48,971] {dag.py:2937} INFO - Setting next_dagrun for example_branch_labels to 2022-03-23 00:00:00+00:00
[2022-03-24 02:57:48,983] {processor.py:171} INFO - Processing /home/airflow/.local/lib/python3.7/site-packages/airflow/example_dags/example_branch_labels.py took 0.115 seconds
[2022-03-24 02:58:19,436] {processor.py:163} INFO - Started process (PID=1022) to work on /home/airflow/.local/lib/python3.7/site-packages/airflow/example_dags/example_branch_labels.py
[2022-03-24 02:58:19,439] {processor.py:642} INFO - Processing file /home/airflow/.local/lib/python3.7/site-packages/airflow/example_dags/example_branch_labels.py for tasks to queue
[2022-03-24 02:58:19,440] {logging_mixin.py:109} INFO - [2022-03-24 02:58:19,440] {dagbag.py:500} INFO - Filling up the DagBag from /home/airflow/.local/lib/python3.7/site-packages/airflow/example_dags/example_branch_labels.py
[2022-03-24 02:58:19,483] {processor.py:654} INFO - DAG(s) dict_keys(['example_branch_labels']) retrieved from /home/airflow/.local/lib/python3.7/site-packages/airflow/example_dags/example_branch_labels.py
[2022-03-24 02:58:19,503] {logging_mixin.py:109} INFO - [2022-03-24 02:58:19,502] {dag.py:2398} INFO - Sync 1 DAGs
[2022-03-24 02:58:19,529] {logging_mixin.py:109} INFO - [2022-03-24 02:58:19,528] {dag.py:2937} INFO - Setting next_dagrun for example_branch_labels to 2022-03-23 00:00:00+00:00
[2022-03-24 02:58:19,555] {processor.py:171} INFO - Processing /home/airflow/.local/lib/python3.7/site-packages/airflow/example_dags/example_branch_labels.py took 0.123 seconds
[2022-03-24 02:58:50,570] {processor.py:163} INFO - Started process (PID=1075) to work on /home/airflow/.local/lib/python3.7/site-packages/airflow/example_dags/example_branch_labels.py
[2022-03-24 02:58:50,774] {processor.py:642} INFO - Processing file /home/airflow/.local/lib/python3.7/site-packages/airflow/example_dags/example_branch_labels.py for tasks to queue
[2022-03-24 02:58:50,777] {logging_mixin.py:109} INFO - [2022-03-24 02:58:50,776] {dagbag.py:500} INFO - Filling up the DagBag from /home/airflow/.local/lib/python3.7/site-packages/airflow/example_dags/example_branch_labels.py
[2022-03-24 02:58:50,821] {processor.py:654} INFO - DAG(s) dict_keys(['example_branch_labels']) retrieved from /home/airflow/.local/lib/python3.7/site-packages/airflow/example_dags/example_branch_labels.py
[2022-03-24 02:58:50,835] {logging_mixin.py:109} INFO - [2022-03-24 02:58:50,835] {dag.py:2398} INFO - Sync 1 DAGs
[2022-03-24 02:58:50,862] {logging_mixin.py:109} INFO - [2022-03-24 02:58:50,861] {dag.py:2937} INFO - Setting next_dagrun for example_branch_labels to 2022-03-23 00:00:00+00:00
[2022-03-24 02:58:50,985] {processor.py:171} INFO - Processing /home/airflow/.local/lib/python3.7/site-packages/airflow/example_dags/example_branch_labels.py took 0.424 seconds
[2022-03-24 02:59:22,535] {processor.py:163} INFO - Started process (PID=1137) to work on /home/airflow/.local/lib/python3.7/site-packages/airflow/example_dags/example_branch_labels.py
[2022-03-24 02:59:22,565] {processor.py:642} INFO - Processing file /home/airflow/.local/lib/python3.7/site-packages/airflow/example_dags/example_branch_labels.py for tasks to queue
[2022-03-24 02:59:22,718] {logging_mixin.py:109} INFO - [2022-03-24 02:59:22,718] {dagbag.py:500} INFO - Filling up the DagBag from /home/airflow/.local/lib/python3.7/site-packages/airflow/example_dags/example_branch_labels.py
[2022-03-24 02:59:22,886] {processor.py:654} INFO - DAG(s) dict_keys(['example_branch_labels']) retrieved from /home/airflow/.local/lib/python3.7/site-packages/airflow/example_dags/example_branch_labels.py
[2022-03-24 02:59:22,975] {logging_mixin.py:109} INFO - [2022-03-24 02:59:22,975] {dag.py:2398} INFO - Sync 1 DAGs
[2022-03-24 02:59:23,204] {logging_mixin.py:109} INFO - [2022-03-24 02:59:23,203] {dag.py:2937} INFO - Setting next_dagrun for example_branch_labels to 2022-03-23 00:00:00+00:00
[2022-03-24 02:59:23,638] {processor.py:171} INFO - Processing /home/airflow/.local/lib/python3.7/site-packages/airflow/example_dags/example_branch_labels.py took 1.120 seconds
[2022-03-24 02:59:54,446] {processor.py:163} INFO - Started process (PID=1189) to work on /home/airflow/.local/lib/python3.7/site-packages/airflow/example_dags/example_branch_labels.py
[2022-03-24 02:59:54,469] {processor.py:642} INFO - Processing file /home/airflow/.local/lib/python3.7/site-packages/airflow/example_dags/example_branch_labels.py for tasks to queue
[2022-03-24 02:59:54,482] {logging_mixin.py:109} INFO - [2022-03-24 02:59:54,479] {dagbag.py:500} INFO - Filling up the DagBag from /home/airflow/.local/lib/python3.7/site-packages/airflow/example_dags/example_branch_labels.py
[2022-03-24 02:59:54,648] {processor.py:654} INFO - DAG(s) dict_keys(['example_branch_labels']) retrieved from /home/airflow/.local/lib/python3.7/site-packages/airflow/example_dags/example_branch_labels.py
[2022-03-24 02:59:54,742] {logging_mixin.py:109} INFO - [2022-03-24 02:59:54,742] {dag.py:2398} INFO - Sync 1 DAGs
[2022-03-24 02:59:54,896] {logging_mixin.py:109} INFO - [2022-03-24 02:59:54,895] {dag.py:2937} INFO - Setting next_dagrun for example_branch_labels to 2022-03-23 00:00:00+00:00
[2022-03-24 02:59:54,991] {processor.py:171} INFO - Processing /home/airflow/.local/lib/python3.7/site-packages/airflow/example_dags/example_branch_labels.py took 0.566 seconds
[2022-03-24 03:00:25,408] {processor.py:163} INFO - Started process (PID=1237) to work on /home/airflow/.local/lib/python3.7/site-packages/airflow/example_dags/example_branch_labels.py
[2022-03-24 03:00:25,455] {processor.py:642} INFO - Processing file /home/airflow/.local/lib/python3.7/site-packages/airflow/example_dags/example_branch_labels.py for tasks to queue
[2022-03-24 03:00:25,461] {logging_mixin.py:109} INFO - [2022-03-24 03:00:25,458] {dagbag.py:500} INFO - Filling up the DagBag from /home/airflow/.local/lib/python3.7/site-packages/airflow/example_dags/example_branch_labels.py
[2022-03-24 03:00:25,642] {processor.py:654} INFO - DAG(s) dict_keys(['example_branch_labels']) retrieved from /home/airflow/.local/lib/python3.7/site-packages/airflow/example_dags/example_branch_labels.py
[2022-03-24 03:00:25,773] {logging_mixin.py:109} INFO - [2022-03-24 03:00:25,773] {dag.py:2398} INFO - Sync 1 DAGs
[2022-03-24 03:00:25,909] {logging_mixin.py:109} INFO - [2022-03-24 03:00:25,908] {dag.py:2937} INFO - Setting next_dagrun for example_branch_labels to 2022-03-23 00:00:00+00:00
[2022-03-24 03:00:26,184] {processor.py:171} INFO - Processing /home/airflow/.local/lib/python3.7/site-packages/airflow/example_dags/example_branch_labels.py took 0.799 seconds
[2022-03-24 03:00:56,815] {processor.py:163} INFO - Started process (PID=1288) to work on /home/airflow/.local/lib/python3.7/site-packages/airflow/example_dags/example_branch_labels.py
[2022-03-24 03:00:56,831] {processor.py:642} INFO - Processing file /home/airflow/.local/lib/python3.7/site-packages/airflow/example_dags/example_branch_labels.py for tasks to queue
[2022-03-24 03:00:56,835] {logging_mixin.py:109} INFO - [2022-03-24 03:00:56,835] {dagbag.py:500} INFO - Filling up the DagBag from /home/airflow/.local/lib/python3.7/site-packages/airflow/example_dags/example_branch_labels.py
[2022-03-24 03:00:56,885] {processor.py:654} INFO - DAG(s) dict_keys(['example_branch_labels']) retrieved from /home/airflow/.local/lib/python3.7/site-packages/airflow/example_dags/example_branch_labels.py
[2022-03-24 03:00:56,910] {logging_mixin.py:109} INFO - [2022-03-24 03:00:56,910] {dag.py:2398} INFO - Sync 1 DAGs
[2022-03-24 03:00:56,964] {logging_mixin.py:109} INFO - [2022-03-24 03:00:56,964] {dag.py:2937} INFO - Setting next_dagrun for example_branch_labels to 2022-03-23 00:00:00+00:00
[2022-03-24 03:00:56,995] {processor.py:171} INFO - Processing /home/airflow/.local/lib/python3.7/site-packages/airflow/example_dags/example_branch_labels.py took 0.213 seconds
[2022-03-24 03:01:27,260] {processor.py:163} INFO - Started process (PID=1338) to work on /home/airflow/.local/lib/python3.7/site-packages/airflow/example_dags/example_branch_labels.py
[2022-03-24 03:01:27,533] {processor.py:642} INFO - Processing file /home/airflow/.local/lib/python3.7/site-packages/airflow/example_dags/example_branch_labels.py for tasks to queue
[2022-03-24 03:01:27,555] {logging_mixin.py:109} INFO - [2022-03-24 03:01:27,555] {dagbag.py:500} INFO - Filling up the DagBag from /home/airflow/.local/lib/python3.7/site-packages/airflow/example_dags/example_branch_labels.py
[2022-03-24 03:01:27,802] {processor.py:654} INFO - DAG(s) dict_keys(['example_branch_labels']) retrieved from /home/airflow/.local/lib/python3.7/site-packages/airflow/example_dags/example_branch_labels.py
[2022-03-24 03:01:28,286] {logging_mixin.py:109} INFO - [2022-03-24 03:01:28,285] {dag.py:2398} INFO - Sync 1 DAGs
[2022-03-24 03:01:28,499] {logging_mixin.py:109} INFO - [2022-03-24 03:01:28,499] {dag.py:2937} INFO - Setting next_dagrun for example_branch_labels to 2022-03-23 00:00:00+00:00
[2022-03-24 03:01:29,046] {processor.py:171} INFO - Processing /home/airflow/.local/lib/python3.7/site-packages/airflow/example_dags/example_branch_labels.py took 1.802 seconds
[2022-03-24 03:01:59,481] {processor.py:163} INFO - Started process (PID=1380) to work on /home/airflow/.local/lib/python3.7/site-packages/airflow/example_dags/example_branch_labels.py
[2022-03-24 03:01:59,485] {processor.py:642} INFO - Processing file /home/airflow/.local/lib/python3.7/site-packages/airflow/example_dags/example_branch_labels.py for tasks to queue
[2022-03-24 03:01:59,490] {logging_mixin.py:109} INFO - [2022-03-24 03:01:59,489] {dagbag.py:500} INFO - Filling up the DagBag from /home/airflow/.local/lib/python3.7/site-packages/airflow/example_dags/example_branch_labels.py
[2022-03-24 03:01:59,542] {processor.py:654} INFO - DAG(s) dict_keys(['example_branch_labels']) retrieved from /home/airflow/.local/lib/python3.7/site-packages/airflow/example_dags/example_branch_labels.py
[2022-03-24 03:01:59,701] {logging_mixin.py:109} INFO - [2022-03-24 03:01:59,701] {dag.py:2398} INFO - Sync 1 DAGs
[2022-03-24 03:01:59,823] {logging_mixin.py:109} INFO - [2022-03-24 03:01:59,823] {dag.py:2937} INFO - Setting next_dagrun for example_branch_labels to 2022-03-23 00:00:00+00:00
[2022-03-24 03:01:59,943] {processor.py:171} INFO - Processing /home/airflow/.local/lib/python3.7/site-packages/airflow/example_dags/example_branch_labels.py took 0.474 seconds
[2022-03-24 03:02:30,919] {processor.py:163} INFO - Started process (PID=1441) to work on /home/airflow/.local/lib/python3.7/site-packages/airflow/example_dags/example_branch_labels.py
[2022-03-24 03:02:31,002] {processor.py:642} INFO - Processing file /home/airflow/.local/lib/python3.7/site-packages/airflow/example_dags/example_branch_labels.py for tasks to queue
[2022-03-24 03:02:31,324] {logging_mixin.py:109} INFO - [2022-03-24 03:02:31,324] {dagbag.py:500} INFO - Filling up the DagBag from /home/airflow/.local/lib/python3.7/site-packages/airflow/example_dags/example_branch_labels.py
[2022-03-24 03:02:31,692] {processor.py:654} INFO - DAG(s) dict_keys(['example_branch_labels']) retrieved from /home/airflow/.local/lib/python3.7/site-packages/airflow/example_dags/example_branch_labels.py
[2022-03-24 03:02:31,993] {logging_mixin.py:109} INFO - [2022-03-24 03:02:31,992] {dag.py:2398} INFO - Sync 1 DAGs
[2022-03-24 03:02:32,029] {logging_mixin.py:109} INFO - [2022-03-24 03:02:32,029] {dag.py:2937} INFO - Setting next_dagrun for example_branch_labels to 2022-03-23 00:00:00+00:00
[2022-03-24 03:02:32,270] {processor.py:171} INFO - Processing /home/airflow/.local/lib/python3.7/site-packages/airflow/example_dags/example_branch_labels.py took 1.356 seconds
[2022-03-24 03:03:02,342] {processor.py:163} INFO - Started process (PID=1492) to work on /home/airflow/.local/lib/python3.7/site-packages/airflow/example_dags/example_branch_labels.py
[2022-03-24 03:03:02,345] {processor.py:642} INFO - Processing file /home/airflow/.local/lib/python3.7/site-packages/airflow/example_dags/example_branch_labels.py for tasks to queue
[2022-03-24 03:03:02,348] {logging_mixin.py:109} INFO - [2022-03-24 03:03:02,348] {dagbag.py:500} INFO - Filling up the DagBag from /home/airflow/.local/lib/python3.7/site-packages/airflow/example_dags/example_branch_labels.py
[2022-03-24 03:03:02,418] {processor.py:654} INFO - DAG(s) dict_keys(['example_branch_labels']) retrieved from /home/airflow/.local/lib/python3.7/site-packages/airflow/example_dags/example_branch_labels.py
[2022-03-24 03:03:02,439] {logging_mixin.py:109} INFO - [2022-03-24 03:03:02,439] {dag.py:2398} INFO - Sync 1 DAGs
[2022-03-24 03:03:02,468] {logging_mixin.py:109} INFO - [2022-03-24 03:03:02,468] {dag.py:2937} INFO - Setting next_dagrun for example_branch_labels to 2022-03-23 00:00:00+00:00
[2022-03-24 03:03:02,494] {processor.py:171} INFO - Processing /home/airflow/.local/lib/python3.7/site-packages/airflow/example_dags/example_branch_labels.py took 0.162 seconds
[2022-03-24 03:03:32,692] {processor.py:163} INFO - Started process (PID=1545) to work on /home/airflow/.local/lib/python3.7/site-packages/airflow/example_dags/example_branch_labels.py
[2022-03-24 03:03:32,699] {processor.py:642} INFO - Processing file /home/airflow/.local/lib/python3.7/site-packages/airflow/example_dags/example_branch_labels.py for tasks to queue
[2022-03-24 03:03:32,703] {logging_mixin.py:109} INFO - [2022-03-24 03:03:32,703] {dagbag.py:500} INFO - Filling up the DagBag from /home/airflow/.local/lib/python3.7/site-packages/airflow/example_dags/example_branch_labels.py
[2022-03-24 03:03:32,790] {processor.py:654} INFO - DAG(s) dict_keys(['example_branch_labels']) retrieved from /home/airflow/.local/lib/python3.7/site-packages/airflow/example_dags/example_branch_labels.py
[2022-03-24 03:03:32,829] {logging_mixin.py:109} INFO - [2022-03-24 03:03:32,829] {dag.py:2398} INFO - Sync 1 DAGs
[2022-03-24 03:03:32,886] {logging_mixin.py:109} INFO - [2022-03-24 03:03:32,886] {dag.py:2937} INFO - Setting next_dagrun for example_branch_labels to 2022-03-23 00:00:00+00:00
[2022-03-24 03:03:32,904] {processor.py:171} INFO - Processing /home/airflow/.local/lib/python3.7/site-packages/airflow/example_dags/example_branch_labels.py took 0.225 seconds
[2022-03-24 03:04:03,103] {processor.py:163} INFO - Started process (PID=1605) to work on /home/airflow/.local/lib/python3.7/site-packages/airflow/example_dags/example_branch_labels.py
[2022-03-24 03:04:03,107] {processor.py:642} INFO - Processing file /home/airflow/.local/lib/python3.7/site-packages/airflow/example_dags/example_branch_labels.py for tasks to queue
[2022-03-24 03:04:03,115] {logging_mixin.py:109} INFO - [2022-03-24 03:04:03,112] {dagbag.py:500} INFO - Filling up the DagBag from /home/airflow/.local/lib/python3.7/site-packages/airflow/example_dags/example_branch_labels.py
[2022-03-24 03:04:03,194] {processor.py:654} INFO - DAG(s) dict_keys(['example_branch_labels']) retrieved from /home/airflow/.local/lib/python3.7/site-packages/airflow/example_dags/example_branch_labels.py
[2022-03-24 03:04:03,222] {logging_mixin.py:109} INFO - [2022-03-24 03:04:03,222] {dag.py:2398} INFO - Sync 1 DAGs
[2022-03-24 03:04:03,253] {logging_mixin.py:109} INFO - [2022-03-24 03:04:03,253] {dag.py:2937} INFO - Setting next_dagrun for example_branch_labels to 2022-03-23 00:00:00+00:00
[2022-03-24 03:04:03,274] {processor.py:171} INFO - Processing /home/airflow/.local/lib/python3.7/site-packages/airflow/example_dags/example_branch_labels.py took 0.182 seconds
[2022-03-24 03:04:33,708] {processor.py:163} INFO - Started process (PID=1657) to work on /home/airflow/.local/lib/python3.7/site-packages/airflow/example_dags/example_branch_labels.py
[2022-03-24 03:04:33,878] {processor.py:642} INFO - Processing file /home/airflow/.local/lib/python3.7/site-packages/airflow/example_dags/example_branch_labels.py for tasks to queue
[2022-03-24 03:04:33,885] {logging_mixin.py:109} INFO - [2022-03-24 03:04:33,884] {dagbag.py:500} INFO - Filling up the DagBag from /home/airflow/.local/lib/python3.7/site-packages/airflow/example_dags/example_branch_labels.py
[2022-03-24 03:04:33,975] {processor.py:654} INFO - DAG(s) dict_keys(['example_branch_labels']) retrieved from /home/airflow/.local/lib/python3.7/site-packages/airflow/example_dags/example_branch_labels.py
[2022-03-24 03:04:34,073] {logging_mixin.py:109} INFO - [2022-03-24 03:04:34,071] {dag.py:2398} INFO - Sync 1 DAGs
[2022-03-24 03:04:34,116] {logging_mixin.py:109} INFO - [2022-03-24 03:04:34,116] {dag.py:2937} INFO - Setting next_dagrun for example_branch_labels to 2022-03-23 00:00:00+00:00
[2022-03-24 03:04:34,381] {processor.py:171} INFO - Processing /home/airflow/.local/lib/python3.7/site-packages/airflow/example_dags/example_branch_labels.py took 0.684 seconds
[2022-03-24 03:05:05,066] {processor.py:163} INFO - Started process (PID=1711) to work on /home/airflow/.local/lib/python3.7/site-packages/airflow/example_dags/example_branch_labels.py
[2022-03-24 03:05:05,071] {processor.py:642} INFO - Processing file /home/airflow/.local/lib/python3.7/site-packages/airflow/example_dags/example_branch_labels.py for tasks to queue
[2022-03-24 03:05:05,072] {logging_mixin.py:109} INFO - [2022-03-24 03:05:05,072] {dagbag.py:500} INFO - Filling up the DagBag from /home/airflow/.local/lib/python3.7/site-packages/airflow/example_dags/example_branch_labels.py
[2022-03-24 03:05:05,117] {processor.py:654} INFO - DAG(s) dict_keys(['example_branch_labels']) retrieved from /home/airflow/.local/lib/python3.7/site-packages/airflow/example_dags/example_branch_labels.py
[2022-03-24 03:05:05,130] {logging_mixin.py:109} INFO - [2022-03-24 03:05:05,130] {dag.py:2398} INFO - Sync 1 DAGs
[2022-03-24 03:05:05,150] {logging_mixin.py:109} INFO - [2022-03-24 03:05:05,150] {dag.py:2937} INFO - Setting next_dagrun for example_branch_labels to 2022-03-23 00:00:00+00:00
[2022-03-24 03:05:05,162] {processor.py:171} INFO - Processing /home/airflow/.local/lib/python3.7/site-packages/airflow/example_dags/example_branch_labels.py took 0.100 seconds
[2022-03-24 03:05:35,927] {processor.py:163} INFO - Started process (PID=1762) to work on /home/airflow/.local/lib/python3.7/site-packages/airflow/example_dags/example_branch_labels.py
[2022-03-24 03:05:35,928] {processor.py:642} INFO - Processing file /home/airflow/.local/lib/python3.7/site-packages/airflow/example_dags/example_branch_labels.py for tasks to queue
[2022-03-24 03:05:35,930] {logging_mixin.py:109} INFO - [2022-03-24 03:05:35,930] {dagbag.py:500} INFO - Filling up the DagBag from /home/airflow/.local/lib/python3.7/site-packages/airflow/example_dags/example_branch_labels.py
[2022-03-24 03:05:35,972] {processor.py:654} INFO - DAG(s) dict_keys(['example_branch_labels']) retrieved from /home/airflow/.local/lib/python3.7/site-packages/airflow/example_dags/example_branch_labels.py
[2022-03-24 03:05:35,991] {logging_mixin.py:109} INFO - [2022-03-24 03:05:35,990] {dag.py:2398} INFO - Sync 1 DAGs
[2022-03-24 03:05:36,011] {logging_mixin.py:109} INFO - [2022-03-24 03:05:36,010] {dag.py:2937} INFO - Setting next_dagrun for example_branch_labels to 2022-03-23 00:00:00+00:00
[2022-03-24 03:05:36,023] {processor.py:171} INFO - Processing /home/airflow/.local/lib/python3.7/site-packages/airflow/example_dags/example_branch_labels.py took 0.100 seconds
[2022-03-24 03:06:06,772] {processor.py:163} INFO - Started process (PID=1813) to work on /home/airflow/.local/lib/python3.7/site-packages/airflow/example_dags/example_branch_labels.py
[2022-03-24 03:06:06,776] {processor.py:642} INFO - Processing file /home/airflow/.local/lib/python3.7/site-packages/airflow/example_dags/example_branch_labels.py for tasks to queue
[2022-03-24 03:06:06,778] {logging_mixin.py:109} INFO - [2022-03-24 03:06:06,778] {dagbag.py:500} INFO - Filling up the DagBag from /home/airflow/.local/lib/python3.7/site-packages/airflow/example_dags/example_branch_labels.py
[2022-03-24 03:06:06,840] {processor.py:654} INFO - DAG(s) dict_keys(['example_branch_labels']) retrieved from /home/airflow/.local/lib/python3.7/site-packages/airflow/example_dags/example_branch_labels.py
[2022-03-24 03:06:06,852] {logging_mixin.py:109} INFO - [2022-03-24 03:06:06,852] {dag.py:2398} INFO - Sync 1 DAGs
[2022-03-24 03:06:06,873] {logging_mixin.py:109} INFO - [2022-03-24 03:06:06,873] {dag.py:2937} INFO - Setting next_dagrun for example_branch_labels to 2022-03-23 00:00:00+00:00
[2022-03-24 03:06:06,888] {processor.py:171} INFO - Processing /home/airflow/.local/lib/python3.7/site-packages/airflow/example_dags/example_branch_labels.py took 0.125 seconds
[2022-03-24 03:06:37,661] {processor.py:163} INFO - Started process (PID=1862) to work on /home/airflow/.local/lib/python3.7/site-packages/airflow/example_dags/example_branch_labels.py
[2022-03-24 03:06:37,668] {processor.py:642} INFO - Processing file /home/airflow/.local/lib/python3.7/site-packages/airflow/example_dags/example_branch_labels.py for tasks to queue
[2022-03-24 03:06:37,671] {logging_mixin.py:109} INFO - [2022-03-24 03:06:37,671] {dagbag.py:500} INFO - Filling up the DagBag from /home/airflow/.local/lib/python3.7/site-packages/airflow/example_dags/example_branch_labels.py
[2022-03-24 03:06:37,719] {processor.py:654} INFO - DAG(s) dict_keys(['example_branch_labels']) retrieved from /home/airflow/.local/lib/python3.7/site-packages/airflow/example_dags/example_branch_labels.py
[2022-03-24 03:06:37,732] {logging_mixin.py:109} INFO - [2022-03-24 03:06:37,731] {dag.py:2398} INFO - Sync 1 DAGs
[2022-03-24 03:06:37,752] {logging_mixin.py:109} INFO - [2022-03-24 03:06:37,752] {dag.py:2937} INFO - Setting next_dagrun for example_branch_labels to 2022-03-23 00:00:00+00:00
[2022-03-24 03:06:37,765] {processor.py:171} INFO - Processing /home/airflow/.local/lib/python3.7/site-packages/airflow/example_dags/example_branch_labels.py took 0.108 seconds
[2022-03-24 03:07:07,880] {processor.py:163} INFO - Started process (PID=1914) to work on /home/airflow/.local/lib/python3.7/site-packages/airflow/example_dags/example_branch_labels.py
[2022-03-24 03:07:07,883] {processor.py:642} INFO - Processing file /home/airflow/.local/lib/python3.7/site-packages/airflow/example_dags/example_branch_labels.py for tasks to queue
[2022-03-24 03:07:07,887] {logging_mixin.py:109} INFO - [2022-03-24 03:07:07,886] {dagbag.py:500} INFO - Filling up the DagBag from /home/airflow/.local/lib/python3.7/site-packages/airflow/example_dags/example_branch_labels.py
[2022-03-24 03:07:07,934] {processor.py:654} INFO - DAG(s) dict_keys(['example_branch_labels']) retrieved from /home/airflow/.local/lib/python3.7/site-packages/airflow/example_dags/example_branch_labels.py
[2022-03-24 03:07:07,947] {logging_mixin.py:109} INFO - [2022-03-24 03:07:07,947] {dag.py:2398} INFO - Sync 1 DAGs
[2022-03-24 03:07:07,965] {logging_mixin.py:109} INFO - [2022-03-24 03:07:07,965] {dag.py:2937} INFO - Setting next_dagrun for example_branch_labels to 2022-03-23 00:00:00+00:00
[2022-03-24 03:07:07,978] {processor.py:171} INFO - Processing /home/airflow/.local/lib/python3.7/site-packages/airflow/example_dags/example_branch_labels.py took 0.107 seconds
[2022-03-24 03:07:38,260] {processor.py:163} INFO - Started process (PID=1965) to work on /home/airflow/.local/lib/python3.7/site-packages/airflow/example_dags/example_branch_labels.py
[2022-03-24 03:07:38,265] {processor.py:642} INFO - Processing file /home/airflow/.local/lib/python3.7/site-packages/airflow/example_dags/example_branch_labels.py for tasks to queue
[2022-03-24 03:07:38,267] {logging_mixin.py:109} INFO - [2022-03-24 03:07:38,266] {dagbag.py:500} INFO - Filling up the DagBag from /home/airflow/.local/lib/python3.7/site-packages/airflow/example_dags/example_branch_labels.py
[2022-03-24 03:07:38,391] {processor.py:654} INFO - DAG(s) dict_keys(['example_branch_labels']) retrieved from /home/airflow/.local/lib/python3.7/site-packages/airflow/example_dags/example_branch_labels.py
[2022-03-24 03:07:38,431] {logging_mixin.py:109} INFO - [2022-03-24 03:07:38,430] {dag.py:2398} INFO - Sync 1 DAGs
[2022-03-24 03:07:38,494] {logging_mixin.py:109} INFO - [2022-03-24 03:07:38,494] {dag.py:2937} INFO - Setting next_dagrun for example_branch_labels to 2022-03-23 00:00:00+00:00
[2022-03-24 03:07:38,538] {processor.py:171} INFO - Processing /home/airflow/.local/lib/python3.7/site-packages/airflow/example_dags/example_branch_labels.py took 0.282 seconds
[2022-03-24 03:08:08,889] {processor.py:163} INFO - Started process (PID=2025) to work on /home/airflow/.local/lib/python3.7/site-packages/airflow/example_dags/example_branch_labels.py
[2022-03-24 03:08:08,899] {processor.py:642} INFO - Processing file /home/airflow/.local/lib/python3.7/site-packages/airflow/example_dags/example_branch_labels.py for tasks to queue
[2022-03-24 03:08:08,903] {logging_mixin.py:109} INFO - [2022-03-24 03:08:08,903] {dagbag.py:500} INFO - Filling up the DagBag from /home/airflow/.local/lib/python3.7/site-packages/airflow/example_dags/example_branch_labels.py
[2022-03-24 03:08:09,117] {processor.py:654} INFO - DAG(s) dict_keys(['example_branch_labels']) retrieved from /home/airflow/.local/lib/python3.7/site-packages/airflow/example_dags/example_branch_labels.py
[2022-03-24 03:08:09,178] {logging_mixin.py:109} INFO - [2022-03-24 03:08:09,178] {dag.py:2398} INFO - Sync 1 DAGs
[2022-03-24 03:08:09,217] {logging_mixin.py:109} INFO - [2022-03-24 03:08:09,217] {dag.py:2937} INFO - Setting next_dagrun for example_branch_labels to 2022-03-23 00:00:00+00:00
[2022-03-24 03:08:09,546] {processor.py:171} INFO - Processing /home/airflow/.local/lib/python3.7/site-packages/airflow/example_dags/example_branch_labels.py took 0.673 seconds
[2022-03-24 03:08:39,790] {processor.py:163} INFO - Started process (PID=2080) to work on /home/airflow/.local/lib/python3.7/site-packages/airflow/example_dags/example_branch_labels.py
[2022-03-24 03:08:40,011] {processor.py:642} INFO - Processing file /home/airflow/.local/lib/python3.7/site-packages/airflow/example_dags/example_branch_labels.py for tasks to queue
[2022-03-24 03:08:40,166] {logging_mixin.py:109} INFO - [2022-03-24 03:08:40,166] {dagbag.py:500} INFO - Filling up the DagBag from /home/airflow/.local/lib/python3.7/site-packages/airflow/example_dags/example_branch_labels.py
[2022-03-24 03:08:40,397] {processor.py:654} INFO - DAG(s) dict_keys(['example_branch_labels']) retrieved from /home/airflow/.local/lib/python3.7/site-packages/airflow/example_dags/example_branch_labels.py
[2022-03-24 03:08:40,510] {logging_mixin.py:109} INFO - [2022-03-24 03:08:40,510] {dag.py:2398} INFO - Sync 1 DAGs
[2022-03-24 03:08:40,735] {logging_mixin.py:109} INFO - [2022-03-24 03:08:40,735] {dag.py:2937} INFO - Setting next_dagrun for example_branch_labels to 2022-03-23 00:00:00+00:00
[2022-03-24 03:08:40,950] {processor.py:171} INFO - Processing /home/airflow/.local/lib/python3.7/site-packages/airflow/example_dags/example_branch_labels.py took 1.171 seconds
[2022-03-24 03:09:11,865] {processor.py:163} INFO - Started process (PID=2133) to work on /home/airflow/.local/lib/python3.7/site-packages/airflow/example_dags/example_branch_labels.py
[2022-03-24 03:09:11,870] {processor.py:642} INFO - Processing file /home/airflow/.local/lib/python3.7/site-packages/airflow/example_dags/example_branch_labels.py for tasks to queue
[2022-03-24 03:09:11,872] {logging_mixin.py:109} INFO - [2022-03-24 03:09:11,872] {dagbag.py:500} INFO - Filling up the DagBag from /home/airflow/.local/lib/python3.7/site-packages/airflow/example_dags/example_branch_labels.py
[2022-03-24 03:09:11,930] {processor.py:654} INFO - DAG(s) dict_keys(['example_branch_labels']) retrieved from /home/airflow/.local/lib/python3.7/site-packages/airflow/example_dags/example_branch_labels.py
[2022-03-24 03:09:11,943] {logging_mixin.py:109} INFO - [2022-03-24 03:09:11,943] {dag.py:2398} INFO - Sync 1 DAGs
[2022-03-24 03:09:11,968] {logging_mixin.py:109} INFO - [2022-03-24 03:09:11,968] {dag.py:2937} INFO - Setting next_dagrun for example_branch_labels to 2022-03-23 00:00:00+00:00
[2022-03-24 03:09:11,980] {processor.py:171} INFO - Processing /home/airflow/.local/lib/python3.7/site-packages/airflow/example_dags/example_branch_labels.py took 0.123 seconds
[2022-03-24 03:09:42,592] {processor.py:163} INFO - Started process (PID=2183) to work on /home/airflow/.local/lib/python3.7/site-packages/airflow/example_dags/example_branch_labels.py
[2022-03-24 03:09:43,019] {processor.py:642} INFO - Processing file /home/airflow/.local/lib/python3.7/site-packages/airflow/example_dags/example_branch_labels.py for tasks to queue
[2022-03-24 03:09:43,026] {logging_mixin.py:109} INFO - [2022-03-24 03:09:43,025] {dagbag.py:500} INFO - Filling up the DagBag from /home/airflow/.local/lib/python3.7/site-packages/airflow/example_dags/example_branch_labels.py
[2022-03-24 03:09:43,122] {processor.py:654} INFO - DAG(s) dict_keys(['example_branch_labels']) retrieved from /home/airflow/.local/lib/python3.7/site-packages/airflow/example_dags/example_branch_labels.py
[2022-03-24 03:09:43,140] {logging_mixin.py:109} INFO - [2022-03-24 03:09:43,140] {dag.py:2398} INFO - Sync 1 DAGs
[2022-03-24 03:09:43,166] {logging_mixin.py:109} INFO - [2022-03-24 03:09:43,166] {dag.py:2937} INFO - Setting next_dagrun for example_branch_labels to 2022-03-23 00:00:00+00:00
[2022-03-24 03:09:43,698] {processor.py:171} INFO - Processing /home/airflow/.local/lib/python3.7/site-packages/airflow/example_dags/example_branch_labels.py took 1.111 seconds
[2022-03-24 03:10:14,140] {processor.py:163} INFO - Started process (PID=2236) to work on /home/airflow/.local/lib/python3.7/site-packages/airflow/example_dags/example_branch_labels.py
[2022-03-24 03:10:14,150] {processor.py:642} INFO - Processing file /home/airflow/.local/lib/python3.7/site-packages/airflow/example_dags/example_branch_labels.py for tasks to queue
[2022-03-24 03:10:14,152] {logging_mixin.py:109} INFO - [2022-03-24 03:10:14,152] {dagbag.py:500} INFO - Filling up the DagBag from /home/airflow/.local/lib/python3.7/site-packages/airflow/example_dags/example_branch_labels.py
[2022-03-24 03:10:14,249] {processor.py:654} INFO - DAG(s) dict_keys(['example_branch_labels']) retrieved from /home/airflow/.local/lib/python3.7/site-packages/airflow/example_dags/example_branch_labels.py
[2022-03-24 03:10:14,281] {logging_mixin.py:109} INFO - [2022-03-24 03:10:14,281] {dag.py:2398} INFO - Sync 1 DAGs
[2022-03-24 03:10:14,331] {logging_mixin.py:109} INFO - [2022-03-24 03:10:14,331] {dag.py:2937} INFO - Setting next_dagrun for example_branch_labels to 2022-03-23 00:00:00+00:00
[2022-03-24 03:10:14,343] {processor.py:171} INFO - Processing /home/airflow/.local/lib/python3.7/site-packages/airflow/example_dags/example_branch_labels.py took 0.207 seconds
[2022-03-24 03:10:45,356] {processor.py:163} INFO - Started process (PID=2286) to work on /home/airflow/.local/lib/python3.7/site-packages/airflow/example_dags/example_branch_labels.py
[2022-03-24 03:10:45,364] {processor.py:642} INFO - Processing file /home/airflow/.local/lib/python3.7/site-packages/airflow/example_dags/example_branch_labels.py for tasks to queue
[2022-03-24 03:10:45,367] {logging_mixin.py:109} INFO - [2022-03-24 03:10:45,367] {dagbag.py:500} INFO - Filling up the DagBag from /home/airflow/.local/lib/python3.7/site-packages/airflow/example_dags/example_branch_labels.py
[2022-03-24 03:10:45,435] {processor.py:654} INFO - DAG(s) dict_keys(['example_branch_labels']) retrieved from /home/airflow/.local/lib/python3.7/site-packages/airflow/example_dags/example_branch_labels.py
[2022-03-24 03:10:45,453] {logging_mixin.py:109} INFO - [2022-03-24 03:10:45,453] {dag.py:2398} INFO - Sync 1 DAGs
[2022-03-24 03:10:45,474] {logging_mixin.py:109} INFO - [2022-03-24 03:10:45,473] {dag.py:2937} INFO - Setting next_dagrun for example_branch_labels to 2022-03-23 00:00:00+00:00
[2022-03-24 03:10:45,486] {processor.py:171} INFO - Processing /home/airflow/.local/lib/python3.7/site-packages/airflow/example_dags/example_branch_labels.py took 0.135 seconds
[2022-03-24 03:11:16,181] {processor.py:163} INFO - Started process (PID=2336) to work on /home/airflow/.local/lib/python3.7/site-packages/airflow/example_dags/example_branch_labels.py
[2022-03-24 03:11:16,183] {processor.py:642} INFO - Processing file /home/airflow/.local/lib/python3.7/site-packages/airflow/example_dags/example_branch_labels.py for tasks to queue
[2022-03-24 03:11:16,184] {logging_mixin.py:109} INFO - [2022-03-24 03:11:16,184] {dagbag.py:500} INFO - Filling up the DagBag from /home/airflow/.local/lib/python3.7/site-packages/airflow/example_dags/example_branch_labels.py
[2022-03-24 03:11:16,227] {processor.py:654} INFO - DAG(s) dict_keys(['example_branch_labels']) retrieved from /home/airflow/.local/lib/python3.7/site-packages/airflow/example_dags/example_branch_labels.py
[2022-03-24 03:11:16,240] {logging_mixin.py:109} INFO - [2022-03-24 03:11:16,240] {dag.py:2398} INFO - Sync 1 DAGs
[2022-03-24 03:11:16,261] {logging_mixin.py:109} INFO - [2022-03-24 03:11:16,261] {dag.py:2937} INFO - Setting next_dagrun for example_branch_labels to 2022-03-23 00:00:00+00:00
[2022-03-24 03:11:16,271] {processor.py:171} INFO - Processing /home/airflow/.local/lib/python3.7/site-packages/airflow/example_dags/example_branch_labels.py took 0.094 seconds
[2022-03-24 03:11:46,483] {processor.py:163} INFO - Started process (PID=2386) to work on /home/airflow/.local/lib/python3.7/site-packages/airflow/example_dags/example_branch_labels.py
[2022-03-24 03:11:46,487] {processor.py:642} INFO - Processing file /home/airflow/.local/lib/python3.7/site-packages/airflow/example_dags/example_branch_labels.py for tasks to queue
[2022-03-24 03:11:46,489] {logging_mixin.py:109} INFO - [2022-03-24 03:11:46,489] {dagbag.py:500} INFO - Filling up the DagBag from /home/airflow/.local/lib/python3.7/site-packages/airflow/example_dags/example_branch_labels.py
[2022-03-24 03:11:46,544] {processor.py:654} INFO - DAG(s) dict_keys(['example_branch_labels']) retrieved from /home/airflow/.local/lib/python3.7/site-packages/airflow/example_dags/example_branch_labels.py
[2022-03-24 03:11:46,569] {logging_mixin.py:109} INFO - [2022-03-24 03:11:46,569] {dag.py:2398} INFO - Sync 1 DAGs
[2022-03-24 03:11:46,591] {logging_mixin.py:109} INFO - [2022-03-24 03:11:46,591] {dag.py:2937} INFO - Setting next_dagrun for example_branch_labels to 2022-03-23 00:00:00+00:00
[2022-03-24 03:11:46,608] {processor.py:171} INFO - Processing /home/airflow/.local/lib/python3.7/site-packages/airflow/example_dags/example_branch_labels.py took 0.130 seconds
[2022-03-24 03:12:16,909] {processor.py:163} INFO - Started process (PID=2436) to work on /home/airflow/.local/lib/python3.7/site-packages/airflow/example_dags/example_branch_labels.py
[2022-03-24 03:12:16,913] {processor.py:642} INFO - Processing file /home/airflow/.local/lib/python3.7/site-packages/airflow/example_dags/example_branch_labels.py for tasks to queue
[2022-03-24 03:12:16,916] {logging_mixin.py:109} INFO - [2022-03-24 03:12:16,916] {dagbag.py:500} INFO - Filling up the DagBag from /home/airflow/.local/lib/python3.7/site-packages/airflow/example_dags/example_branch_labels.py
[2022-03-24 03:12:16,964] {processor.py:654} INFO - DAG(s) dict_keys(['example_branch_labels']) retrieved from /home/airflow/.local/lib/python3.7/site-packages/airflow/example_dags/example_branch_labels.py
[2022-03-24 03:12:16,977] {logging_mixin.py:109} INFO - [2022-03-24 03:12:16,977] {dag.py:2398} INFO - Sync 1 DAGs
[2022-03-24 03:12:17,004] {logging_mixin.py:109} INFO - [2022-03-24 03:12:17,004] {dag.py:2937} INFO - Setting next_dagrun for example_branch_labels to 2022-03-23 00:00:00+00:00
[2022-03-24 03:12:17,014] {processor.py:171} INFO - Processing /home/airflow/.local/lib/python3.7/site-packages/airflow/example_dags/example_branch_labels.py took 0.116 seconds
[2022-03-24 03:12:47,369] {processor.py:163} INFO - Started process (PID=2489) to work on /home/airflow/.local/lib/python3.7/site-packages/airflow/example_dags/example_branch_labels.py
[2022-03-24 03:12:47,382] {processor.py:642} INFO - Processing file /home/airflow/.local/lib/python3.7/site-packages/airflow/example_dags/example_branch_labels.py for tasks to queue
[2022-03-24 03:12:47,392] {logging_mixin.py:109} INFO - [2022-03-24 03:12:47,392] {dagbag.py:500} INFO - Filling up the DagBag from /home/airflow/.local/lib/python3.7/site-packages/airflow/example_dags/example_branch_labels.py
[2022-03-24 03:12:47,454] {processor.py:654} INFO - DAG(s) dict_keys(['example_branch_labels']) retrieved from /home/airflow/.local/lib/python3.7/site-packages/airflow/example_dags/example_branch_labels.py
[2022-03-24 03:12:47,477] {logging_mixin.py:109} INFO - [2022-03-24 03:12:47,477] {dag.py:2398} INFO - Sync 1 DAGs
[2022-03-24 03:12:47,497] {logging_mixin.py:109} INFO - [2022-03-24 03:12:47,497] {dag.py:2937} INFO - Setting next_dagrun for example_branch_labels to 2022-03-23 00:00:00+00:00
[2022-03-24 03:12:47,566] {processor.py:171} INFO - Processing /home/airflow/.local/lib/python3.7/site-packages/airflow/example_dags/example_branch_labels.py took 0.207 seconds
[2022-03-24 03:13:17,815] {processor.py:163} INFO - Started process (PID=2540) to work on /home/airflow/.local/lib/python3.7/site-packages/airflow/example_dags/example_branch_labels.py
[2022-03-24 03:13:17,820] {processor.py:642} INFO - Processing file /home/airflow/.local/lib/python3.7/site-packages/airflow/example_dags/example_branch_labels.py for tasks to queue
[2022-03-24 03:13:17,824] {logging_mixin.py:109} INFO - [2022-03-24 03:13:17,823] {dagbag.py:500} INFO - Filling up the DagBag from /home/airflow/.local/lib/python3.7/site-packages/airflow/example_dags/example_branch_labels.py
[2022-03-24 03:13:17,869] {processor.py:654} INFO - DAG(s) dict_keys(['example_branch_labels']) retrieved from /home/airflow/.local/lib/python3.7/site-packages/airflow/example_dags/example_branch_labels.py
[2022-03-24 03:13:17,884] {logging_mixin.py:109} INFO - [2022-03-24 03:13:17,884] {dag.py:2398} INFO - Sync 1 DAGs
[2022-03-24 03:13:17,906] {logging_mixin.py:109} INFO - [2022-03-24 03:13:17,906] {dag.py:2937} INFO - Setting next_dagrun for example_branch_labels to 2022-03-23 00:00:00+00:00
[2022-03-24 03:13:17,924] {processor.py:171} INFO - Processing /home/airflow/.local/lib/python3.7/site-packages/airflow/example_dags/example_branch_labels.py took 0.119 seconds
[2022-03-24 03:13:48,889] {processor.py:163} INFO - Started process (PID=2595) to work on /home/airflow/.local/lib/python3.7/site-packages/airflow/example_dags/example_branch_labels.py
[2022-03-24 03:13:48,891] {processor.py:642} INFO - Processing file /home/airflow/.local/lib/python3.7/site-packages/airflow/example_dags/example_branch_labels.py for tasks to queue
[2022-03-24 03:13:48,892] {logging_mixin.py:109} INFO - [2022-03-24 03:13:48,892] {dagbag.py:500} INFO - Filling up the DagBag from /home/airflow/.local/lib/python3.7/site-packages/airflow/example_dags/example_branch_labels.py
[2022-03-24 03:13:48,941] {processor.py:654} INFO - DAG(s) dict_keys(['example_branch_labels']) retrieved from /home/airflow/.local/lib/python3.7/site-packages/airflow/example_dags/example_branch_labels.py
[2022-03-24 03:13:48,984] {logging_mixin.py:109} INFO - [2022-03-24 03:13:48,984] {dag.py:2398} INFO - Sync 1 DAGs
[2022-03-24 03:13:49,030] {logging_mixin.py:109} INFO - [2022-03-24 03:13:49,030] {dag.py:2937} INFO - Setting next_dagrun for example_branch_labels to 2022-03-23 00:00:00+00:00
[2022-03-24 03:13:49,058] {processor.py:171} INFO - Processing /home/airflow/.local/lib/python3.7/site-packages/airflow/example_dags/example_branch_labels.py took 0.174 seconds
[2022-03-24 03:14:19,962] {processor.py:163} INFO - Started process (PID=2647) to work on /home/airflow/.local/lib/python3.7/site-packages/airflow/example_dags/example_branch_labels.py
[2022-03-24 03:14:19,968] {processor.py:642} INFO - Processing file /home/airflow/.local/lib/python3.7/site-packages/airflow/example_dags/example_branch_labels.py for tasks to queue
[2022-03-24 03:14:19,981] {logging_mixin.py:109} INFO - [2022-03-24 03:14:19,981] {dagbag.py:500} INFO - Filling up the DagBag from /home/airflow/.local/lib/python3.7/site-packages/airflow/example_dags/example_branch_labels.py
[2022-03-24 03:14:20,120] {processor.py:654} INFO - DAG(s) dict_keys(['example_branch_labels']) retrieved from /home/airflow/.local/lib/python3.7/site-packages/airflow/example_dags/example_branch_labels.py
[2022-03-24 03:14:20,153] {logging_mixin.py:109} INFO - [2022-03-24 03:14:20,153] {dag.py:2398} INFO - Sync 1 DAGs
[2022-03-24 03:14:20,211] {logging_mixin.py:109} INFO - [2022-03-24 03:14:20,211] {dag.py:2937} INFO - Setting next_dagrun for example_branch_labels to 2022-03-23 00:00:00+00:00
[2022-03-24 03:14:20,230] {processor.py:171} INFO - Processing /home/airflow/.local/lib/python3.7/site-packages/airflow/example_dags/example_branch_labels.py took 0.284 seconds
[2022-03-24 03:14:50,955] {processor.py:163} INFO - Started process (PID=2698) to work on /home/airflow/.local/lib/python3.7/site-packages/airflow/example_dags/example_branch_labels.py
[2022-03-24 03:14:50,958] {processor.py:642} INFO - Processing file /home/airflow/.local/lib/python3.7/site-packages/airflow/example_dags/example_branch_labels.py for tasks to queue
[2022-03-24 03:14:50,959] {logging_mixin.py:109} INFO - [2022-03-24 03:14:50,959] {dagbag.py:500} INFO - Filling up the DagBag from /home/airflow/.local/lib/python3.7/site-packages/airflow/example_dags/example_branch_labels.py
[2022-03-24 03:14:51,007] {processor.py:654} INFO - DAG(s) dict_keys(['example_branch_labels']) retrieved from /home/airflow/.local/lib/python3.7/site-packages/airflow/example_dags/example_branch_labels.py
[2022-03-24 03:14:51,026] {logging_mixin.py:109} INFO - [2022-03-24 03:14:51,025] {dag.py:2398} INFO - Sync 1 DAGs
[2022-03-24 03:14:51,046] {logging_mixin.py:109} INFO - [2022-03-24 03:14:51,046] {dag.py:2937} INFO - Setting next_dagrun for example_branch_labels to 2022-03-23 00:00:00+00:00
[2022-03-24 03:14:51,061] {processor.py:171} INFO - Processing /home/airflow/.local/lib/python3.7/site-packages/airflow/example_dags/example_branch_labels.py took 0.111 seconds
[2022-03-24 03:15:21,399] {processor.py:163} INFO - Started process (PID=2754) to work on /home/airflow/.local/lib/python3.7/site-packages/airflow/example_dags/example_branch_labels.py
[2022-03-24 03:15:21,402] {processor.py:642} INFO - Processing file /home/airflow/.local/lib/python3.7/site-packages/airflow/example_dags/example_branch_labels.py for tasks to queue
[2022-03-24 03:15:21,404] {logging_mixin.py:109} INFO - [2022-03-24 03:15:21,404] {dagbag.py:500} INFO - Filling up the DagBag from /home/airflow/.local/lib/python3.7/site-packages/airflow/example_dags/example_branch_labels.py
[2022-03-24 03:15:21,440] {processor.py:654} INFO - DAG(s) dict_keys(['example_branch_labels']) retrieved from /home/airflow/.local/lib/python3.7/site-packages/airflow/example_dags/example_branch_labels.py
[2022-03-24 03:15:21,454] {logging_mixin.py:109} INFO - [2022-03-24 03:15:21,453] {dag.py:2398} INFO - Sync 1 DAGs
[2022-03-24 03:15:21,472] {logging_mixin.py:109} INFO - [2022-03-24 03:15:21,472] {dag.py:2937} INFO - Setting next_dagrun for example_branch_labels to 2022-03-23 00:00:00+00:00
[2022-03-24 03:15:21,485] {processor.py:171} INFO - Processing /home/airflow/.local/lib/python3.7/site-packages/airflow/example_dags/example_branch_labels.py took 0.096 seconds
[2022-03-24 03:15:51,899] {processor.py:163} INFO - Started process (PID=2803) to work on /home/airflow/.local/lib/python3.7/site-packages/airflow/example_dags/example_branch_labels.py
[2022-03-24 03:15:51,906] {processor.py:642} INFO - Processing file /home/airflow/.local/lib/python3.7/site-packages/airflow/example_dags/example_branch_labels.py for tasks to queue
[2022-03-24 03:15:52,034] {logging_mixin.py:109} INFO - [2022-03-24 03:15:52,034] {dagbag.py:500} INFO - Filling up the DagBag from /home/airflow/.local/lib/python3.7/site-packages/airflow/example_dags/example_branch_labels.py
[2022-03-24 03:15:52,075] {processor.py:654} INFO - DAG(s) dict_keys(['example_branch_labels']) retrieved from /home/airflow/.local/lib/python3.7/site-packages/airflow/example_dags/example_branch_labels.py
[2022-03-24 03:15:52,201] {logging_mixin.py:109} INFO - [2022-03-24 03:15:52,201] {dag.py:2398} INFO - Sync 1 DAGs
[2022-03-24 03:15:52,220] {logging_mixin.py:109} INFO - [2022-03-24 03:15:52,220] {dag.py:2937} INFO - Setting next_dagrun for example_branch_labels to 2022-03-23 00:00:00+00:00
[2022-03-24 03:15:52,237] {processor.py:171} INFO - Processing /home/airflow/.local/lib/python3.7/site-packages/airflow/example_dags/example_branch_labels.py took 0.344 seconds
[2022-03-24 03:16:22,325] {processor.py:163} INFO - Started process (PID=2851) to work on /home/airflow/.local/lib/python3.7/site-packages/airflow/example_dags/example_branch_labels.py
[2022-03-24 03:16:22,332] {processor.py:642} INFO - Processing file /home/airflow/.local/lib/python3.7/site-packages/airflow/example_dags/example_branch_labels.py for tasks to queue
[2022-03-24 03:16:22,336] {logging_mixin.py:109} INFO - [2022-03-24 03:16:22,336] {dagbag.py:500} INFO - Filling up the DagBag from /home/airflow/.local/lib/python3.7/site-packages/airflow/example_dags/example_branch_labels.py
[2022-03-24 03:16:22,379] {processor.py:654} INFO - DAG(s) dict_keys(['example_branch_labels']) retrieved from /home/airflow/.local/lib/python3.7/site-packages/airflow/example_dags/example_branch_labels.py
[2022-03-24 03:16:22,397] {logging_mixin.py:109} INFO - [2022-03-24 03:16:22,397] {dag.py:2398} INFO - Sync 1 DAGs
[2022-03-24 03:16:22,421] {logging_mixin.py:109} INFO - [2022-03-24 03:16:22,421] {dag.py:2937} INFO - Setting next_dagrun for example_branch_labels to 2022-03-23 00:00:00+00:00
[2022-03-24 03:16:22,434] {processor.py:171} INFO - Processing /home/airflow/.local/lib/python3.7/site-packages/airflow/example_dags/example_branch_labels.py took 0.118 seconds
[2022-03-24 03:16:52,882] {processor.py:163} INFO - Started process (PID=2904) to work on /home/airflow/.local/lib/python3.7/site-packages/airflow/example_dags/example_branch_labels.py
[2022-03-24 03:16:52,884] {processor.py:642} INFO - Processing file /home/airflow/.local/lib/python3.7/site-packages/airflow/example_dags/example_branch_labels.py for tasks to queue
[2022-03-24 03:16:52,891] {logging_mixin.py:109} INFO - [2022-03-24 03:16:52,888] {dagbag.py:500} INFO - Filling up the DagBag from /home/airflow/.local/lib/python3.7/site-packages/airflow/example_dags/example_branch_labels.py
[2022-03-24 03:16:52,965] {processor.py:654} INFO - DAG(s) dict_keys(['example_branch_labels']) retrieved from /home/airflow/.local/lib/python3.7/site-packages/airflow/example_dags/example_branch_labels.py
[2022-03-24 03:16:52,988] {logging_mixin.py:109} INFO - [2022-03-24 03:16:52,988] {dag.py:2398} INFO - Sync 1 DAGs
[2022-03-24 03:16:53,020] {logging_mixin.py:109} INFO - [2022-03-24 03:16:53,020] {dag.py:2937} INFO - Setting next_dagrun for example_branch_labels to 2022-03-23 00:00:00+00:00
[2022-03-24 03:16:53,050] {processor.py:171} INFO - Processing /home/airflow/.local/lib/python3.7/site-packages/airflow/example_dags/example_branch_labels.py took 0.172 seconds
[2022-03-24 03:17:23,517] {processor.py:163} INFO - Started process (PID=2964) to work on /home/airflow/.local/lib/python3.7/site-packages/airflow/example_dags/example_branch_labels.py
[2022-03-24 03:17:23,526] {processor.py:642} INFO - Processing file /home/airflow/.local/lib/python3.7/site-packages/airflow/example_dags/example_branch_labels.py for tasks to queue
[2022-03-24 03:17:23,528] {logging_mixin.py:109} INFO - [2022-03-24 03:17:23,528] {dagbag.py:500} INFO - Filling up the DagBag from /home/airflow/.local/lib/python3.7/site-packages/airflow/example_dags/example_branch_labels.py
[2022-03-24 03:17:23,730] {processor.py:654} INFO - DAG(s) dict_keys(['example_branch_labels']) retrieved from /home/airflow/.local/lib/python3.7/site-packages/airflow/example_dags/example_branch_labels.py
[2022-03-24 03:17:23,789] {logging_mixin.py:109} INFO - [2022-03-24 03:17:23,789] {dag.py:2398} INFO - Sync 1 DAGs
[2022-03-24 03:17:23,847] {logging_mixin.py:109} INFO - [2022-03-24 03:17:23,847] {dag.py:2937} INFO - Setting next_dagrun for example_branch_labels to 2022-03-23 00:00:00+00:00
[2022-03-24 03:17:23,895] {processor.py:171} INFO - Processing /home/airflow/.local/lib/python3.7/site-packages/airflow/example_dags/example_branch_labels.py took 0.406 seconds
[2022-03-24 03:17:54,205] {processor.py:163} INFO - Started process (PID=3016) to work on /home/airflow/.local/lib/python3.7/site-packages/airflow/example_dags/example_branch_labels.py
[2022-03-24 03:17:54,213] {processor.py:642} INFO - Processing file /home/airflow/.local/lib/python3.7/site-packages/airflow/example_dags/example_branch_labels.py for tasks to queue
[2022-03-24 03:17:54,221] {logging_mixin.py:109} INFO - [2022-03-24 03:17:54,221] {dagbag.py:500} INFO - Filling up the DagBag from /home/airflow/.local/lib/python3.7/site-packages/airflow/example_dags/example_branch_labels.py
[2022-03-24 03:17:54,276] {processor.py:654} INFO - DAG(s) dict_keys(['example_branch_labels']) retrieved from /home/airflow/.local/lib/python3.7/site-packages/airflow/example_dags/example_branch_labels.py
[2022-03-24 03:17:54,290] {logging_mixin.py:109} INFO - [2022-03-24 03:17:54,289] {dag.py:2398} INFO - Sync 1 DAGs
[2022-03-24 03:17:54,307] {logging_mixin.py:109} INFO - [2022-03-24 03:17:54,307] {dag.py:2937} INFO - Setting next_dagrun for example_branch_labels to 2022-03-23 00:00:00+00:00
[2022-03-24 03:17:54,324] {processor.py:171} INFO - Processing /home/airflow/.local/lib/python3.7/site-packages/airflow/example_dags/example_branch_labels.py took 0.124 seconds
[2022-03-24 03:18:24,425] {processor.py:163} INFO - Started process (PID=3068) to work on /home/airflow/.local/lib/python3.7/site-packages/airflow/example_dags/example_branch_labels.py
[2022-03-24 03:18:24,429] {processor.py:642} INFO - Processing file /home/airflow/.local/lib/python3.7/site-packages/airflow/example_dags/example_branch_labels.py for tasks to queue
[2022-03-24 03:18:24,432] {logging_mixin.py:109} INFO - [2022-03-24 03:18:24,431] {dagbag.py:500} INFO - Filling up the DagBag from /home/airflow/.local/lib/python3.7/site-packages/airflow/example_dags/example_branch_labels.py
[2022-03-24 03:18:24,480] {processor.py:654} INFO - DAG(s) dict_keys(['example_branch_labels']) retrieved from /home/airflow/.local/lib/python3.7/site-packages/airflow/example_dags/example_branch_labels.py
[2022-03-24 03:18:24,499] {logging_mixin.py:109} INFO - [2022-03-24 03:18:24,498] {dag.py:2398} INFO - Sync 1 DAGs
[2022-03-24 03:18:24,522] {logging_mixin.py:109} INFO - [2022-03-24 03:18:24,522] {dag.py:2937} INFO - Setting next_dagrun for example_branch_labels to 2022-03-23 00:00:00+00:00
[2022-03-24 03:18:24,536] {processor.py:171} INFO - Processing /home/airflow/.local/lib/python3.7/site-packages/airflow/example_dags/example_branch_labels.py took 0.119 seconds
[2022-03-24 03:18:55,201] {processor.py:163} INFO - Started process (PID=3119) to work on /home/airflow/.local/lib/python3.7/site-packages/airflow/example_dags/example_branch_labels.py
[2022-03-24 03:18:55,203] {processor.py:642} INFO - Processing file /home/airflow/.local/lib/python3.7/site-packages/airflow/example_dags/example_branch_labels.py for tasks to queue
[2022-03-24 03:18:55,205] {logging_mixin.py:109} INFO - [2022-03-24 03:18:55,205] {dagbag.py:500} INFO - Filling up the DagBag from /home/airflow/.local/lib/python3.7/site-packages/airflow/example_dags/example_branch_labels.py
[2022-03-24 03:18:55,245] {processor.py:654} INFO - DAG(s) dict_keys(['example_branch_labels']) retrieved from /home/airflow/.local/lib/python3.7/site-packages/airflow/example_dags/example_branch_labels.py
[2022-03-24 03:18:55,258] {logging_mixin.py:109} INFO - [2022-03-24 03:18:55,258] {dag.py:2398} INFO - Sync 1 DAGs
[2022-03-24 03:18:55,277] {logging_mixin.py:109} INFO - [2022-03-24 03:18:55,277] {dag.py:2937} INFO - Setting next_dagrun for example_branch_labels to 2022-03-23 00:00:00+00:00
[2022-03-24 03:18:55,288] {processor.py:171} INFO - Processing /home/airflow/.local/lib/python3.7/site-packages/airflow/example_dags/example_branch_labels.py took 0.092 seconds
[2022-03-24 03:19:25,882] {processor.py:163} INFO - Started process (PID=3173) to work on /home/airflow/.local/lib/python3.7/site-packages/airflow/example_dags/example_branch_labels.py
[2022-03-24 03:19:25,885] {processor.py:642} INFO - Processing file /home/airflow/.local/lib/python3.7/site-packages/airflow/example_dags/example_branch_labels.py for tasks to queue
[2022-03-24 03:19:25,886] {logging_mixin.py:109} INFO - [2022-03-24 03:19:25,886] {dagbag.py:500} INFO - Filling up the DagBag from /home/airflow/.local/lib/python3.7/site-packages/airflow/example_dags/example_branch_labels.py
[2022-03-24 03:19:25,928] {processor.py:654} INFO - DAG(s) dict_keys(['example_branch_labels']) retrieved from /home/airflow/.local/lib/python3.7/site-packages/airflow/example_dags/example_branch_labels.py
[2022-03-24 03:19:25,939] {logging_mixin.py:109} INFO - [2022-03-24 03:19:25,939] {dag.py:2398} INFO - Sync 1 DAGs
[2022-03-24 03:19:25,956] {logging_mixin.py:109} INFO - [2022-03-24 03:19:25,956] {dag.py:2937} INFO - Setting next_dagrun for example_branch_labels to 2022-03-23 00:00:00+00:00
[2022-03-24 03:19:25,967] {processor.py:171} INFO - Processing /home/airflow/.local/lib/python3.7/site-packages/airflow/example_dags/example_branch_labels.py took 0.091 seconds
[2022-03-24 03:19:57,147] {processor.py:163} INFO - Started process (PID=3230) to work on /home/airflow/.local/lib/python3.7/site-packages/airflow/example_dags/example_branch_labels.py
[2022-03-24 03:19:57,161] {processor.py:642} INFO - Processing file /home/airflow/.local/lib/python3.7/site-packages/airflow/example_dags/example_branch_labels.py for tasks to queue
[2022-03-24 03:19:57,170] {logging_mixin.py:109} INFO - [2022-03-24 03:19:57,168] {dagbag.py:500} INFO - Filling up the DagBag from /home/airflow/.local/lib/python3.7/site-packages/airflow/example_dags/example_branch_labels.py
[2022-03-24 03:19:57,269] {processor.py:654} INFO - DAG(s) dict_keys(['example_branch_labels']) retrieved from /home/airflow/.local/lib/python3.7/site-packages/airflow/example_dags/example_branch_labels.py
[2022-03-24 03:19:57,290] {logging_mixin.py:109} INFO - [2022-03-24 03:19:57,290] {dag.py:2398} INFO - Sync 1 DAGs
[2022-03-24 03:19:57,323] {logging_mixin.py:109} INFO - [2022-03-24 03:19:57,323] {dag.py:2937} INFO - Setting next_dagrun for example_branch_labels to 2022-03-23 00:00:00+00:00
[2022-03-24 03:19:57,341] {processor.py:171} INFO - Processing /home/airflow/.local/lib/python3.7/site-packages/airflow/example_dags/example_branch_labels.py took 0.216 seconds
[2022-03-24 03:20:28,272] {processor.py:163} INFO - Started process (PID=3281) to work on /home/airflow/.local/lib/python3.7/site-packages/airflow/example_dags/example_branch_labels.py
[2022-03-24 03:20:28,277] {processor.py:642} INFO - Processing file /home/airflow/.local/lib/python3.7/site-packages/airflow/example_dags/example_branch_labels.py for tasks to queue
[2022-03-24 03:20:28,280] {logging_mixin.py:109} INFO - [2022-03-24 03:20:28,280] {dagbag.py:500} INFO - Filling up the DagBag from /home/airflow/.local/lib/python3.7/site-packages/airflow/example_dags/example_branch_labels.py
[2022-03-24 03:20:28,331] {processor.py:654} INFO - DAG(s) dict_keys(['example_branch_labels']) retrieved from /home/airflow/.local/lib/python3.7/site-packages/airflow/example_dags/example_branch_labels.py
[2022-03-24 03:20:28,351] {logging_mixin.py:109} INFO - [2022-03-24 03:20:28,351] {dag.py:2398} INFO - Sync 1 DAGs
[2022-03-24 03:20:28,401] {logging_mixin.py:109} INFO - [2022-03-24 03:20:28,400] {dag.py:2937} INFO - Setting next_dagrun for example_branch_labels to 2022-03-23 00:00:00+00:00
[2022-03-24 03:20:28,428] {processor.py:171} INFO - Processing /home/airflow/.local/lib/python3.7/site-packages/airflow/example_dags/example_branch_labels.py took 0.167 seconds
