[2022-03-24 02:50:15,483] {processor.py:163} INFO - Started process (PID=227) to work on /home/airflow/.local/lib/python3.7/site-packages/airflow/example_dags/example_sla_dag.py
[2022-03-24 02:50:15,491] {processor.py:642} INFO - Processing file /home/airflow/.local/lib/python3.7/site-packages/airflow/example_dags/example_sla_dag.py for tasks to queue
[2022-03-24 02:50:15,493] {logging_mixin.py:109} INFO - [2022-03-24 02:50:15,493] {dagbag.py:500} INFO - Filling up the DagBag from /home/airflow/.local/lib/python3.7/site-packages/airflow/example_dags/example_sla_dag.py
[2022-03-24 02:50:15,660] {processor.py:654} INFO - DAG(s) dict_keys(['example_sla_dag']) retrieved from /home/airflow/.local/lib/python3.7/site-packages/airflow/example_dags/example_sla_dag.py
[2022-03-24 02:50:22,248] {logging_mixin.py:109} INFO - [2022-03-24 02:50:22,248] {manager.py:496} INFO - Created Permission View: can edit on DAG:example_sla_dag
[2022-03-24 02:50:22,270] {logging_mixin.py:109} INFO - [2022-03-24 02:50:22,270] {manager.py:496} INFO - Created Permission View: can read on DAG:example_sla_dag
[2022-03-24 02:50:22,272] {logging_mixin.py:109} INFO - [2022-03-24 02:50:22,271] {dag.py:2398} INFO - Sync 1 DAGs
[2022-03-24 02:50:22,293] {logging_mixin.py:109} INFO - [2022-03-24 02:50:22,292] {dag.py:2417} INFO - Creating ORM DAG for example_sla_dag
[2022-03-24 02:50:22,314] {logging_mixin.py:109} INFO - [2022-03-24 02:50:22,314] {dag.py:2937} INFO - Setting next_dagrun for example_sla_dag to 2022-03-24T02:48:00+00:00
[2022-03-24 02:50:22,339] {processor.py:171} INFO - Processing /home/airflow/.local/lib/python3.7/site-packages/airflow/example_dags/example_sla_dag.py took 6.905 seconds
[2022-03-24 02:50:53,380] {processor.py:163} INFO - Started process (PID=300) to work on /home/airflow/.local/lib/python3.7/site-packages/airflow/example_dags/example_sla_dag.py
[2022-03-24 02:50:53,388] {processor.py:642} INFO - Processing file /home/airflow/.local/lib/python3.7/site-packages/airflow/example_dags/example_sla_dag.py for tasks to queue
[2022-03-24 02:50:53,391] {logging_mixin.py:109} INFO - [2022-03-24 02:50:53,390] {dagbag.py:500} INFO - Filling up the DagBag from /home/airflow/.local/lib/python3.7/site-packages/airflow/example_dags/example_sla_dag.py
[2022-03-24 02:50:53,523] {processor.py:654} INFO - DAG(s) dict_keys(['example_sla_dag']) retrieved from /home/airflow/.local/lib/python3.7/site-packages/airflow/example_dags/example_sla_dag.py
[2022-03-24 02:50:53,544] {logging_mixin.py:109} INFO - [2022-03-24 02:50:53,543] {dag.py:2398} INFO - Sync 1 DAGs
[2022-03-24 02:50:53,576] {logging_mixin.py:109} INFO - [2022-03-24 02:50:53,576] {dag.py:2937} INFO - Setting next_dagrun for example_sla_dag to 2022-03-24T02:48:00+00:00
[2022-03-24 02:50:53,607] {processor.py:171} INFO - Processing /home/airflow/.local/lib/python3.7/site-packages/airflow/example_dags/example_sla_dag.py took 0.242 seconds
[2022-03-24 02:51:23,871] {processor.py:163} INFO - Started process (PID=362) to work on /home/airflow/.local/lib/python3.7/site-packages/airflow/example_dags/example_sla_dag.py
[2022-03-24 02:51:23,895] {processor.py:642} INFO - Processing file /home/airflow/.local/lib/python3.7/site-packages/airflow/example_dags/example_sla_dag.py for tasks to queue
[2022-03-24 02:51:23,897] {logging_mixin.py:109} INFO - [2022-03-24 02:51:23,897] {dagbag.py:500} INFO - Filling up the DagBag from /home/airflow/.local/lib/python3.7/site-packages/airflow/example_dags/example_sla_dag.py
[2022-03-24 02:51:23,984] {processor.py:654} INFO - DAG(s) dict_keys(['example_sla_dag']) retrieved from /home/airflow/.local/lib/python3.7/site-packages/airflow/example_dags/example_sla_dag.py
[2022-03-24 02:51:24,009] {logging_mixin.py:109} INFO - [2022-03-24 02:51:24,009] {dag.py:2398} INFO - Sync 1 DAGs
[2022-03-24 02:51:24,032] {logging_mixin.py:109} INFO - [2022-03-24 02:51:24,031] {dag.py:2937} INFO - Setting next_dagrun for example_sla_dag to 2022-03-24T02:48:00+00:00
[2022-03-24 02:51:24,048] {processor.py:171} INFO - Processing /home/airflow/.local/lib/python3.7/site-packages/airflow/example_dags/example_sla_dag.py took 0.185 seconds
[2022-03-24 02:51:54,145] {processor.py:163} INFO - Started process (PID=412) to work on /home/airflow/.local/lib/python3.7/site-packages/airflow/example_dags/example_sla_dag.py
[2022-03-24 02:51:54,152] {processor.py:642} INFO - Processing file /home/airflow/.local/lib/python3.7/site-packages/airflow/example_dags/example_sla_dag.py for tasks to queue
[2022-03-24 02:51:54,157] {logging_mixin.py:109} INFO - [2022-03-24 02:51:54,157] {dagbag.py:500} INFO - Filling up the DagBag from /home/airflow/.local/lib/python3.7/site-packages/airflow/example_dags/example_sla_dag.py
[2022-03-24 02:51:54,227] {processor.py:654} INFO - DAG(s) dict_keys(['example_sla_dag']) retrieved from /home/airflow/.local/lib/python3.7/site-packages/airflow/example_dags/example_sla_dag.py
[2022-03-24 02:51:54,243] {logging_mixin.py:109} INFO - [2022-03-24 02:51:54,243] {dag.py:2398} INFO - Sync 1 DAGs
[2022-03-24 02:51:54,300] {logging_mixin.py:109} INFO - [2022-03-24 02:51:54,300] {dag.py:2937} INFO - Setting next_dagrun for example_sla_dag to 2022-03-24T02:48:00+00:00
[2022-03-24 02:51:54,323] {processor.py:171} INFO - Processing /home/airflow/.local/lib/python3.7/site-packages/airflow/example_dags/example_sla_dag.py took 0.185 seconds
[2022-03-24 02:52:25,122] {processor.py:163} INFO - Started process (PID=463) to work on /home/airflow/.local/lib/python3.7/site-packages/airflow/example_dags/example_sla_dag.py
[2022-03-24 02:52:25,124] {processor.py:642} INFO - Processing file /home/airflow/.local/lib/python3.7/site-packages/airflow/example_dags/example_sla_dag.py for tasks to queue
[2022-03-24 02:52:25,125] {logging_mixin.py:109} INFO - [2022-03-24 02:52:25,125] {dagbag.py:500} INFO - Filling up the DagBag from /home/airflow/.local/lib/python3.7/site-packages/airflow/example_dags/example_sla_dag.py
[2022-03-24 02:52:25,173] {processor.py:654} INFO - DAG(s) dict_keys(['example_sla_dag']) retrieved from /home/airflow/.local/lib/python3.7/site-packages/airflow/example_dags/example_sla_dag.py
[2022-03-24 02:52:25,188] {logging_mixin.py:109} INFO - [2022-03-24 02:52:25,188] {dag.py:2398} INFO - Sync 1 DAGs
[2022-03-24 02:52:25,211] {logging_mixin.py:109} INFO - [2022-03-24 02:52:25,211] {dag.py:2937} INFO - Setting next_dagrun for example_sla_dag to 2022-03-24T02:50:00+00:00
[2022-03-24 02:52:25,230] {processor.py:171} INFO - Processing /home/airflow/.local/lib/python3.7/site-packages/airflow/example_dags/example_sla_dag.py took 0.112 seconds
[2022-03-24 02:52:55,614] {processor.py:163} INFO - Started process (PID=513) to work on /home/airflow/.local/lib/python3.7/site-packages/airflow/example_dags/example_sla_dag.py
[2022-03-24 02:52:55,620] {processor.py:642} INFO - Processing file /home/airflow/.local/lib/python3.7/site-packages/airflow/example_dags/example_sla_dag.py for tasks to queue
[2022-03-24 02:52:55,622] {logging_mixin.py:109} INFO - [2022-03-24 02:52:55,622] {dagbag.py:500} INFO - Filling up the DagBag from /home/airflow/.local/lib/python3.7/site-packages/airflow/example_dags/example_sla_dag.py
[2022-03-24 02:52:55,669] {processor.py:654} INFO - DAG(s) dict_keys(['example_sla_dag']) retrieved from /home/airflow/.local/lib/python3.7/site-packages/airflow/example_dags/example_sla_dag.py
[2022-03-24 02:52:55,681] {logging_mixin.py:109} INFO - [2022-03-24 02:52:55,681] {dag.py:2398} INFO - Sync 1 DAGs
[2022-03-24 02:52:55,702] {logging_mixin.py:109} INFO - [2022-03-24 02:52:55,701] {dag.py:2937} INFO - Setting next_dagrun for example_sla_dag to 2022-03-24T02:50:00+00:00
[2022-03-24 02:52:55,715] {processor.py:171} INFO - Processing /home/airflow/.local/lib/python3.7/site-packages/airflow/example_dags/example_sla_dag.py took 0.105 seconds
[2022-03-24 02:53:25,795] {processor.py:163} INFO - Started process (PID=562) to work on /home/airflow/.local/lib/python3.7/site-packages/airflow/example_dags/example_sla_dag.py
[2022-03-24 02:53:25,802] {processor.py:642} INFO - Processing file /home/airflow/.local/lib/python3.7/site-packages/airflow/example_dags/example_sla_dag.py for tasks to queue
[2022-03-24 02:53:25,810] {logging_mixin.py:109} INFO - [2022-03-24 02:53:25,809] {dagbag.py:500} INFO - Filling up the DagBag from /home/airflow/.local/lib/python3.7/site-packages/airflow/example_dags/example_sla_dag.py
[2022-03-24 02:53:25,865] {processor.py:654} INFO - DAG(s) dict_keys(['example_sla_dag']) retrieved from /home/airflow/.local/lib/python3.7/site-packages/airflow/example_dags/example_sla_dag.py
[2022-03-24 02:53:25,883] {logging_mixin.py:109} INFO - [2022-03-24 02:53:25,883] {dag.py:2398} INFO - Sync 1 DAGs
[2022-03-24 02:53:25,939] {logging_mixin.py:109} INFO - [2022-03-24 02:53:25,939] {dag.py:2937} INFO - Setting next_dagrun for example_sla_dag to 2022-03-24T02:50:00+00:00
[2022-03-24 02:53:25,952] {processor.py:171} INFO - Processing /home/airflow/.local/lib/python3.7/site-packages/airflow/example_dags/example_sla_dag.py took 0.166 seconds
[2022-03-24 02:54:06,860] {processor.py:163} INFO - Started process (PID=620) to work on /home/airflow/.local/lib/python3.7/site-packages/airflow/example_dags/example_sla_dag.py
[2022-03-24 02:54:07,001] {processor.py:642} INFO - Processing file /home/airflow/.local/lib/python3.7/site-packages/airflow/example_dags/example_sla_dag.py for tasks to queue
[2022-03-24 02:54:07,282] {logging_mixin.py:109} INFO - [2022-03-24 02:54:07,282] {dagbag.py:500} INFO - Filling up the DagBag from /home/airflow/.local/lib/python3.7/site-packages/airflow/example_dags/example_sla_dag.py
[2022-03-24 02:54:07,457] {processor.py:654} INFO - DAG(s) dict_keys(['example_sla_dag']) retrieved from /home/airflow/.local/lib/python3.7/site-packages/airflow/example_dags/example_sla_dag.py
[2022-03-24 02:54:08,044] {logging_mixin.py:109} INFO - [2022-03-24 02:54:08,044] {dag.py:2398} INFO - Sync 1 DAGs
[2022-03-24 02:54:08,069] {logging_mixin.py:109} INFO - [2022-03-24 02:54:08,069] {dag.py:2937} INFO - Setting next_dagrun for example_sla_dag to 2022-03-24T02:52:00+00:00
[2022-03-24 02:54:08,894] {processor.py:171} INFO - Processing /home/airflow/.local/lib/python3.7/site-packages/airflow/example_dags/example_sla_dag.py took 2.038 seconds
[2022-03-24 02:54:47,457] {processor.py:163} INFO - Started process (PID=671) to work on /home/airflow/.local/lib/python3.7/site-packages/airflow/example_dags/example_sla_dag.py
[2022-03-24 02:54:47,708] {processor.py:642} INFO - Processing file /home/airflow/.local/lib/python3.7/site-packages/airflow/example_dags/example_sla_dag.py for tasks to queue
[2022-03-24 02:54:47,716] {logging_mixin.py:109} INFO - [2022-03-24 02:54:47,716] {dagbag.py:500} INFO - Filling up the DagBag from /home/airflow/.local/lib/python3.7/site-packages/airflow/example_dags/example_sla_dag.py
[2022-03-24 02:54:48,093] {processor.py:654} INFO - DAG(s) dict_keys(['example_sla_dag']) retrieved from /home/airflow/.local/lib/python3.7/site-packages/airflow/example_dags/example_sla_dag.py
[2022-03-24 02:54:48,152] {logging_mixin.py:109} INFO - [2022-03-24 02:54:48,152] {dag.py:2398} INFO - Sync 1 DAGs
[2022-03-24 02:54:48,318] {logging_mixin.py:109} INFO - [2022-03-24 02:54:48,318] {dag.py:2937} INFO - Setting next_dagrun for example_sla_dag to 2022-03-24T02:52:00+00:00
[2022-03-24 02:54:48,432] {processor.py:171} INFO - Processing /home/airflow/.local/lib/python3.7/site-packages/airflow/example_dags/example_sla_dag.py took 1.013 seconds
[2022-03-24 02:55:18,562] {processor.py:163} INFO - Started process (PID=722) to work on /home/airflow/.local/lib/python3.7/site-packages/airflow/example_dags/example_sla_dag.py
[2022-03-24 02:55:18,566] {processor.py:642} INFO - Processing file /home/airflow/.local/lib/python3.7/site-packages/airflow/example_dags/example_sla_dag.py for tasks to queue
[2022-03-24 02:55:18,570] {logging_mixin.py:109} INFO - [2022-03-24 02:55:18,570] {dagbag.py:500} INFO - Filling up the DagBag from /home/airflow/.local/lib/python3.7/site-packages/airflow/example_dags/example_sla_dag.py
[2022-03-24 02:55:18,710] {processor.py:654} INFO - DAG(s) dict_keys(['example_sla_dag']) retrieved from /home/airflow/.local/lib/python3.7/site-packages/airflow/example_dags/example_sla_dag.py
[2022-03-24 02:55:18,736] {logging_mixin.py:109} INFO - [2022-03-24 02:55:18,736] {dag.py:2398} INFO - Sync 1 DAGs
[2022-03-24 02:55:18,781] {logging_mixin.py:109} INFO - [2022-03-24 02:55:18,781] {dag.py:2937} INFO - Setting next_dagrun for example_sla_dag to 2022-03-24T02:52:00+00:00
[2022-03-24 02:55:18,810] {processor.py:171} INFO - Processing /home/airflow/.local/lib/python3.7/site-packages/airflow/example_dags/example_sla_dag.py took 0.253 seconds
[2022-03-24 02:55:50,066] {processor.py:163} INFO - Started process (PID=775) to work on /home/airflow/.local/lib/python3.7/site-packages/airflow/example_dags/example_sla_dag.py
[2022-03-24 02:55:50,068] {processor.py:642} INFO - Processing file /home/airflow/.local/lib/python3.7/site-packages/airflow/example_dags/example_sla_dag.py for tasks to queue
[2022-03-24 02:55:50,069] {logging_mixin.py:109} INFO - [2022-03-24 02:55:50,069] {dagbag.py:500} INFO - Filling up the DagBag from /home/airflow/.local/lib/python3.7/site-packages/airflow/example_dags/example_sla_dag.py
[2022-03-24 02:55:50,124] {processor.py:654} INFO - DAG(s) dict_keys(['example_sla_dag']) retrieved from /home/airflow/.local/lib/python3.7/site-packages/airflow/example_dags/example_sla_dag.py
[2022-03-24 02:55:50,155] {logging_mixin.py:109} INFO - [2022-03-24 02:55:50,155] {dag.py:2398} INFO - Sync 1 DAGs
[2022-03-24 02:55:50,184] {logging_mixin.py:109} INFO - [2022-03-24 02:55:50,184] {dag.py:2937} INFO - Setting next_dagrun for example_sla_dag to 2022-03-24T02:52:00+00:00
[2022-03-24 02:55:50,206] {processor.py:171} INFO - Processing /home/airflow/.local/lib/python3.7/site-packages/airflow/example_dags/example_sla_dag.py took 0.152 seconds
[2022-03-24 02:56:21,149] {processor.py:163} INFO - Started process (PID=825) to work on /home/airflow/.local/lib/python3.7/site-packages/airflow/example_dags/example_sla_dag.py
[2022-03-24 02:56:21,155] {processor.py:642} INFO - Processing file /home/airflow/.local/lib/python3.7/site-packages/airflow/example_dags/example_sla_dag.py for tasks to queue
[2022-03-24 02:56:21,164] {logging_mixin.py:109} INFO - [2022-03-24 02:56:21,164] {dagbag.py:500} INFO - Filling up the DagBag from /home/airflow/.local/lib/python3.7/site-packages/airflow/example_dags/example_sla_dag.py
[2022-03-24 02:56:21,316] {processor.py:654} INFO - DAG(s) dict_keys(['example_sla_dag']) retrieved from /home/airflow/.local/lib/python3.7/site-packages/airflow/example_dags/example_sla_dag.py
[2022-03-24 02:56:21,354] {logging_mixin.py:109} INFO - [2022-03-24 02:56:21,354] {dag.py:2398} INFO - Sync 1 DAGs
[2022-03-24 02:56:21,410] {logging_mixin.py:109} INFO - [2022-03-24 02:56:21,410] {dag.py:2937} INFO - Setting next_dagrun for example_sla_dag to 2022-03-24T02:54:00+00:00
[2022-03-24 02:56:21,464] {processor.py:171} INFO - Processing /home/airflow/.local/lib/python3.7/site-packages/airflow/example_dags/example_sla_dag.py took 0.322 seconds
[2022-03-24 02:56:52,580] {processor.py:163} INFO - Started process (PID=875) to work on /home/airflow/.local/lib/python3.7/site-packages/airflow/example_dags/example_sla_dag.py
[2022-03-24 02:56:52,582] {processor.py:642} INFO - Processing file /home/airflow/.local/lib/python3.7/site-packages/airflow/example_dags/example_sla_dag.py for tasks to queue
[2022-03-24 02:56:52,584] {logging_mixin.py:109} INFO - [2022-03-24 02:56:52,584] {dagbag.py:500} INFO - Filling up the DagBag from /home/airflow/.local/lib/python3.7/site-packages/airflow/example_dags/example_sla_dag.py
[2022-03-24 02:56:52,631] {processor.py:654} INFO - DAG(s) dict_keys(['example_sla_dag']) retrieved from /home/airflow/.local/lib/python3.7/site-packages/airflow/example_dags/example_sla_dag.py
[2022-03-24 02:56:52,654] {logging_mixin.py:109} INFO - [2022-03-24 02:56:52,653] {dag.py:2398} INFO - Sync 1 DAGs
[2022-03-24 02:56:52,687] {logging_mixin.py:109} INFO - [2022-03-24 02:56:52,687] {dag.py:2937} INFO - Setting next_dagrun for example_sla_dag to 2022-03-24T02:54:00+00:00
[2022-03-24 02:56:52,707] {processor.py:171} INFO - Processing /home/airflow/.local/lib/python3.7/site-packages/airflow/example_dags/example_sla_dag.py took 0.131 seconds
[2022-03-24 02:57:22,950] {processor.py:163} INFO - Started process (PID=925) to work on /home/airflow/.local/lib/python3.7/site-packages/airflow/example_dags/example_sla_dag.py
[2022-03-24 02:57:22,954] {processor.py:642} INFO - Processing file /home/airflow/.local/lib/python3.7/site-packages/airflow/example_dags/example_sla_dag.py for tasks to queue
[2022-03-24 02:57:22,958] {logging_mixin.py:109} INFO - [2022-03-24 02:57:22,957] {dagbag.py:500} INFO - Filling up the DagBag from /home/airflow/.local/lib/python3.7/site-packages/airflow/example_dags/example_sla_dag.py
[2022-03-24 02:57:23,034] {processor.py:654} INFO - DAG(s) dict_keys(['example_sla_dag']) retrieved from /home/airflow/.local/lib/python3.7/site-packages/airflow/example_dags/example_sla_dag.py
[2022-03-24 02:57:23,054] {logging_mixin.py:109} INFO - [2022-03-24 02:57:23,054] {dag.py:2398} INFO - Sync 1 DAGs
[2022-03-24 02:57:23,085] {logging_mixin.py:109} INFO - [2022-03-24 02:57:23,085] {dag.py:2937} INFO - Setting next_dagrun for example_sla_dag to 2022-03-24T02:54:00+00:00
[2022-03-24 02:57:23,298] {processor.py:171} INFO - Processing /home/airflow/.local/lib/python3.7/site-packages/airflow/example_dags/example_sla_dag.py took 0.361 seconds
[2022-03-24 02:57:53,546] {processor.py:163} INFO - Started process (PID=977) to work on /home/airflow/.local/lib/python3.7/site-packages/airflow/example_dags/example_sla_dag.py
[2022-03-24 02:57:53,554] {processor.py:642} INFO - Processing file /home/airflow/.local/lib/python3.7/site-packages/airflow/example_dags/example_sla_dag.py for tasks to queue
[2022-03-24 02:57:53,558] {logging_mixin.py:109} INFO - [2022-03-24 02:57:53,558] {dagbag.py:500} INFO - Filling up the DagBag from /home/airflow/.local/lib/python3.7/site-packages/airflow/example_dags/example_sla_dag.py
[2022-03-24 02:57:53,863] {processor.py:654} INFO - DAG(s) dict_keys(['example_sla_dag']) retrieved from /home/airflow/.local/lib/python3.7/site-packages/airflow/example_dags/example_sla_dag.py
[2022-03-24 02:57:53,895] {logging_mixin.py:109} INFO - [2022-03-24 02:57:53,895] {dag.py:2398} INFO - Sync 1 DAGs
[2022-03-24 02:57:53,943] {logging_mixin.py:109} INFO - [2022-03-24 02:57:53,943] {dag.py:2937} INFO - Setting next_dagrun for example_sla_dag to 2022-03-24T02:54:00+00:00
[2022-03-24 02:57:53,982] {processor.py:171} INFO - Processing /home/airflow/.local/lib/python3.7/site-packages/airflow/example_dags/example_sla_dag.py took 0.459 seconds
[2022-03-24 02:58:24,736] {processor.py:163} INFO - Started process (PID=1038) to work on /home/airflow/.local/lib/python3.7/site-packages/airflow/example_dags/example_sla_dag.py
[2022-03-24 02:58:24,744] {processor.py:642} INFO - Processing file /home/airflow/.local/lib/python3.7/site-packages/airflow/example_dags/example_sla_dag.py for tasks to queue
[2022-03-24 02:58:24,753] {logging_mixin.py:109} INFO - [2022-03-24 02:58:24,751] {dagbag.py:500} INFO - Filling up the DagBag from /home/airflow/.local/lib/python3.7/site-packages/airflow/example_dags/example_sla_dag.py
[2022-03-24 02:58:24,987] {processor.py:654} INFO - DAG(s) dict_keys(['example_sla_dag']) retrieved from /home/airflow/.local/lib/python3.7/site-packages/airflow/example_dags/example_sla_dag.py
[2022-03-24 02:58:25,043] {logging_mixin.py:109} INFO - [2022-03-24 02:58:25,043] {dag.py:2398} INFO - Sync 1 DAGs
[2022-03-24 02:58:25,113] {logging_mixin.py:109} INFO - [2022-03-24 02:58:25,113] {dag.py:2937} INFO - Setting next_dagrun for example_sla_dag to 2022-03-24T02:56:00+00:00
[2022-03-24 02:58:25,131] {processor.py:171} INFO - Processing /home/airflow/.local/lib/python3.7/site-packages/airflow/example_dags/example_sla_dag.py took 0.449 seconds
[2022-03-24 02:58:55,545] {processor.py:163} INFO - Started process (PID=1090) to work on /home/airflow/.local/lib/python3.7/site-packages/airflow/example_dags/example_sla_dag.py
[2022-03-24 02:58:55,550] {processor.py:642} INFO - Processing file /home/airflow/.local/lib/python3.7/site-packages/airflow/example_dags/example_sla_dag.py for tasks to queue
[2022-03-24 02:58:55,553] {logging_mixin.py:109} INFO - [2022-03-24 02:58:55,553] {dagbag.py:500} INFO - Filling up the DagBag from /home/airflow/.local/lib/python3.7/site-packages/airflow/example_dags/example_sla_dag.py
[2022-03-24 02:58:55,665] {processor.py:654} INFO - DAG(s) dict_keys(['example_sla_dag']) retrieved from /home/airflow/.local/lib/python3.7/site-packages/airflow/example_dags/example_sla_dag.py
[2022-03-24 02:58:55,686] {logging_mixin.py:109} INFO - [2022-03-24 02:58:55,685] {dag.py:2398} INFO - Sync 1 DAGs
[2022-03-24 02:58:55,757] {logging_mixin.py:109} INFO - [2022-03-24 02:58:55,757] {dag.py:2937} INFO - Setting next_dagrun for example_sla_dag to 2022-03-24T02:56:00+00:00
[2022-03-24 02:58:55,779] {processor.py:171} INFO - Processing /home/airflow/.local/lib/python3.7/site-packages/airflow/example_dags/example_sla_dag.py took 0.237 seconds
[2022-03-24 02:59:29,465] {processor.py:163} INFO - Started process (PID=1142) to work on /home/airflow/.local/lib/python3.7/site-packages/airflow/example_dags/example_sla_dag.py
[2022-03-24 02:59:29,473] {processor.py:642} INFO - Processing file /home/airflow/.local/lib/python3.7/site-packages/airflow/example_dags/example_sla_dag.py for tasks to queue
[2022-03-24 02:59:29,475] {logging_mixin.py:109} INFO - [2022-03-24 02:59:29,475] {dagbag.py:500} INFO - Filling up the DagBag from /home/airflow/.local/lib/python3.7/site-packages/airflow/example_dags/example_sla_dag.py
[2022-03-24 02:59:29,553] {processor.py:654} INFO - DAG(s) dict_keys(['example_sla_dag']) retrieved from /home/airflow/.local/lib/python3.7/site-packages/airflow/example_dags/example_sla_dag.py
[2022-03-24 02:59:29,754] {logging_mixin.py:109} INFO - [2022-03-24 02:59:29,754] {dag.py:2398} INFO - Sync 1 DAGs
[2022-03-24 02:59:30,035] {logging_mixin.py:109} INFO - [2022-03-24 02:59:30,035] {dag.py:2937} INFO - Setting next_dagrun for example_sla_dag to 2022-03-24T02:56:00+00:00
[2022-03-24 02:59:30,353] {processor.py:171} INFO - Processing /home/airflow/.local/lib/python3.7/site-packages/airflow/example_dags/example_sla_dag.py took 0.896 seconds
[2022-03-24 03:00:00,943] {processor.py:163} INFO - Started process (PID=1194) to work on /home/airflow/.local/lib/python3.7/site-packages/airflow/example_dags/example_sla_dag.py
[2022-03-24 03:00:00,950] {processor.py:642} INFO - Processing file /home/airflow/.local/lib/python3.7/site-packages/airflow/example_dags/example_sla_dag.py for tasks to queue
[2022-03-24 03:00:00,952] {logging_mixin.py:109} INFO - [2022-03-24 03:00:00,952] {dagbag.py:500} INFO - Filling up the DagBag from /home/airflow/.local/lib/python3.7/site-packages/airflow/example_dags/example_sla_dag.py
[2022-03-24 03:00:01,005] {processor.py:654} INFO - DAG(s) dict_keys(['example_sla_dag']) retrieved from /home/airflow/.local/lib/python3.7/site-packages/airflow/example_dags/example_sla_dag.py
[2022-03-24 03:00:01,017] {logging_mixin.py:109} INFO - [2022-03-24 03:00:01,017] {dag.py:2398} INFO - Sync 1 DAGs
[2022-03-24 03:00:01,040] {logging_mixin.py:109} INFO - [2022-03-24 03:00:01,040] {dag.py:2937} INFO - Setting next_dagrun for example_sla_dag to 2022-03-24T02:58:00+00:00
[2022-03-24 03:00:01,054] {processor.py:171} INFO - Processing /home/airflow/.local/lib/python3.7/site-packages/airflow/example_dags/example_sla_dag.py took 0.122 seconds
[2022-03-24 03:00:32,110] {processor.py:163} INFO - Started process (PID=1245) to work on /home/airflow/.local/lib/python3.7/site-packages/airflow/example_dags/example_sla_dag.py
[2022-03-24 03:00:32,113] {processor.py:642} INFO - Processing file /home/airflow/.local/lib/python3.7/site-packages/airflow/example_dags/example_sla_dag.py for tasks to queue
[2022-03-24 03:00:32,115] {logging_mixin.py:109} INFO - [2022-03-24 03:00:32,115] {dagbag.py:500} INFO - Filling up the DagBag from /home/airflow/.local/lib/python3.7/site-packages/airflow/example_dags/example_sla_dag.py
[2022-03-24 03:00:32,178] {processor.py:654} INFO - DAG(s) dict_keys(['example_sla_dag']) retrieved from /home/airflow/.local/lib/python3.7/site-packages/airflow/example_dags/example_sla_dag.py
[2022-03-24 03:00:32,196] {logging_mixin.py:109} INFO - [2022-03-24 03:00:32,196] {dag.py:2398} INFO - Sync 1 DAGs
[2022-03-24 03:00:32,232] {logging_mixin.py:109} INFO - [2022-03-24 03:00:32,232] {dag.py:2937} INFO - Setting next_dagrun for example_sla_dag to 2022-03-24T02:58:00+00:00
[2022-03-24 03:00:32,248] {processor.py:171} INFO - Processing /home/airflow/.local/lib/python3.7/site-packages/airflow/example_dags/example_sla_dag.py took 0.144 seconds
[2022-03-24 03:01:02,585] {processor.py:163} INFO - Started process (PID=1295) to work on /home/airflow/.local/lib/python3.7/site-packages/airflow/example_dags/example_sla_dag.py
[2022-03-24 03:01:02,588] {processor.py:642} INFO - Processing file /home/airflow/.local/lib/python3.7/site-packages/airflow/example_dags/example_sla_dag.py for tasks to queue
[2022-03-24 03:01:02,592] {logging_mixin.py:109} INFO - [2022-03-24 03:01:02,591] {dagbag.py:500} INFO - Filling up the DagBag from /home/airflow/.local/lib/python3.7/site-packages/airflow/example_dags/example_sla_dag.py
[2022-03-24 03:01:02,664] {processor.py:654} INFO - DAG(s) dict_keys(['example_sla_dag']) retrieved from /home/airflow/.local/lib/python3.7/site-packages/airflow/example_dags/example_sla_dag.py
[2022-03-24 03:01:02,720] {logging_mixin.py:109} INFO - [2022-03-24 03:01:02,720] {dag.py:2398} INFO - Sync 1 DAGs
[2022-03-24 03:01:02,741] {logging_mixin.py:109} INFO - [2022-03-24 03:01:02,741] {dag.py:2937} INFO - Setting next_dagrun for example_sla_dag to 2022-03-24T02:58:00+00:00
[2022-03-24 03:01:02,756] {processor.py:171} INFO - Processing /home/airflow/.local/lib/python3.7/site-packages/airflow/example_dags/example_sla_dag.py took 0.182 seconds
[2022-03-24 03:01:38,002] {processor.py:163} INFO - Started process (PID=1345) to work on /home/airflow/.local/lib/python3.7/site-packages/airflow/example_dags/example_sla_dag.py
[2022-03-24 03:01:38,160] {processor.py:642} INFO - Processing file /home/airflow/.local/lib/python3.7/site-packages/airflow/example_dags/example_sla_dag.py for tasks to queue
[2022-03-24 03:01:38,663] {logging_mixin.py:109} INFO - [2022-03-24 03:01:38,663] {dagbag.py:500} INFO - Filling up the DagBag from /home/airflow/.local/lib/python3.7/site-packages/airflow/example_dags/example_sla_dag.py
[2022-03-24 03:01:38,713] {processor.py:654} INFO - DAG(s) dict_keys(['example_sla_dag']) retrieved from /home/airflow/.local/lib/python3.7/site-packages/airflow/example_dags/example_sla_dag.py
[2022-03-24 03:01:39,365] {logging_mixin.py:109} INFO - [2022-03-24 03:01:39,364] {dag.py:2398} INFO - Sync 1 DAGs
[2022-03-24 03:01:39,754] {logging_mixin.py:109} INFO - [2022-03-24 03:01:39,753] {dag.py:2937} INFO - Setting next_dagrun for example_sla_dag to 2022-03-24T02:58:00+00:00
[2022-03-24 03:01:40,252] {processor.py:171} INFO - Processing /home/airflow/.local/lib/python3.7/site-packages/airflow/example_dags/example_sla_dag.py took 2.254 seconds
[2022-03-24 03:02:10,848] {processor.py:163} INFO - Started process (PID=1396) to work on /home/airflow/.local/lib/python3.7/site-packages/airflow/example_dags/example_sla_dag.py
[2022-03-24 03:02:10,853] {processor.py:642} INFO - Processing file /home/airflow/.local/lib/python3.7/site-packages/airflow/example_dags/example_sla_dag.py for tasks to queue
[2022-03-24 03:02:10,856] {logging_mixin.py:109} INFO - [2022-03-24 03:02:10,855] {dagbag.py:500} INFO - Filling up the DagBag from /home/airflow/.local/lib/python3.7/site-packages/airflow/example_dags/example_sla_dag.py
[2022-03-24 03:02:10,914] {processor.py:654} INFO - DAG(s) dict_keys(['example_sla_dag']) retrieved from /home/airflow/.local/lib/python3.7/site-packages/airflow/example_dags/example_sla_dag.py
[2022-03-24 03:02:10,929] {logging_mixin.py:109} INFO - [2022-03-24 03:02:10,929] {dag.py:2398} INFO - Sync 1 DAGs
[2022-03-24 03:02:10,950] {logging_mixin.py:109} INFO - [2022-03-24 03:02:10,949] {dag.py:2937} INFO - Setting next_dagrun for example_sla_dag to 2022-03-24T03:00:00+00:00
[2022-03-24 03:02:10,960] {processor.py:171} INFO - Processing /home/airflow/.local/lib/python3.7/site-packages/airflow/example_dags/example_sla_dag.py took 0.120 seconds
[2022-03-24 03:02:41,887] {processor.py:163} INFO - Started process (PID=1448) to work on /home/airflow/.local/lib/python3.7/site-packages/airflow/example_dags/example_sla_dag.py
[2022-03-24 03:02:41,893] {processor.py:642} INFO - Processing file /home/airflow/.local/lib/python3.7/site-packages/airflow/example_dags/example_sla_dag.py for tasks to queue
[2022-03-24 03:02:41,894] {logging_mixin.py:109} INFO - [2022-03-24 03:02:41,894] {dagbag.py:500} INFO - Filling up the DagBag from /home/airflow/.local/lib/python3.7/site-packages/airflow/example_dags/example_sla_dag.py
[2022-03-24 03:02:41,942] {processor.py:654} INFO - DAG(s) dict_keys(['example_sla_dag']) retrieved from /home/airflow/.local/lib/python3.7/site-packages/airflow/example_dags/example_sla_dag.py
[2022-03-24 03:02:41,954] {logging_mixin.py:109} INFO - [2022-03-24 03:02:41,954] {dag.py:2398} INFO - Sync 1 DAGs
[2022-03-24 03:02:41,989] {logging_mixin.py:109} INFO - [2022-03-24 03:02:41,989] {dag.py:2937} INFO - Setting next_dagrun for example_sla_dag to 2022-03-24T03:00:00+00:00
[2022-03-24 03:02:42,007] {processor.py:171} INFO - Processing /home/airflow/.local/lib/python3.7/site-packages/airflow/example_dags/example_sla_dag.py took 0.123 seconds
[2022-03-24 03:03:12,057] {processor.py:163} INFO - Started process (PID=1509) to work on /home/airflow/.local/lib/python3.7/site-packages/airflow/example_dags/example_sla_dag.py
[2022-03-24 03:03:12,063] {processor.py:642} INFO - Processing file /home/airflow/.local/lib/python3.7/site-packages/airflow/example_dags/example_sla_dag.py for tasks to queue
[2022-03-24 03:03:12,065] {logging_mixin.py:109} INFO - [2022-03-24 03:03:12,064] {dagbag.py:500} INFO - Filling up the DagBag from /home/airflow/.local/lib/python3.7/site-packages/airflow/example_dags/example_sla_dag.py
[2022-03-24 03:03:12,105] {processor.py:654} INFO - DAG(s) dict_keys(['example_sla_dag']) retrieved from /home/airflow/.local/lib/python3.7/site-packages/airflow/example_dags/example_sla_dag.py
[2022-03-24 03:03:12,118] {logging_mixin.py:109} INFO - [2022-03-24 03:03:12,118] {dag.py:2398} INFO - Sync 1 DAGs
[2022-03-24 03:03:12,138] {logging_mixin.py:109} INFO - [2022-03-24 03:03:12,138] {dag.py:2937} INFO - Setting next_dagrun for example_sla_dag to 2022-03-24T03:00:00+00:00
[2022-03-24 03:03:12,153] {processor.py:171} INFO - Processing /home/airflow/.local/lib/python3.7/site-packages/airflow/example_dags/example_sla_dag.py took 0.101 seconds
[2022-03-24 03:03:42,585] {processor.py:163} INFO - Started process (PID=1562) to work on /home/airflow/.local/lib/python3.7/site-packages/airflow/example_dags/example_sla_dag.py
[2022-03-24 03:03:42,589] {processor.py:642} INFO - Processing file /home/airflow/.local/lib/python3.7/site-packages/airflow/example_dags/example_sla_dag.py for tasks to queue
[2022-03-24 03:03:42,590] {logging_mixin.py:109} INFO - [2022-03-24 03:03:42,590] {dagbag.py:500} INFO - Filling up the DagBag from /home/airflow/.local/lib/python3.7/site-packages/airflow/example_dags/example_sla_dag.py
[2022-03-24 03:03:42,632] {processor.py:654} INFO - DAG(s) dict_keys(['example_sla_dag']) retrieved from /home/airflow/.local/lib/python3.7/site-packages/airflow/example_dags/example_sla_dag.py
[2022-03-24 03:03:42,644] {logging_mixin.py:109} INFO - [2022-03-24 03:03:42,644] {dag.py:2398} INFO - Sync 1 DAGs
[2022-03-24 03:03:42,664] {logging_mixin.py:109} INFO - [2022-03-24 03:03:42,664] {dag.py:2937} INFO - Setting next_dagrun for example_sla_dag to 2022-03-24T03:00:00+00:00
[2022-03-24 03:03:42,673] {processor.py:171} INFO - Processing /home/airflow/.local/lib/python3.7/site-packages/airflow/example_dags/example_sla_dag.py took 0.094 seconds
[2022-03-24 03:04:12,947] {processor.py:163} INFO - Started process (PID=1612) to work on /home/airflow/.local/lib/python3.7/site-packages/airflow/example_dags/example_sla_dag.py
[2022-03-24 03:04:12,949] {processor.py:642} INFO - Processing file /home/airflow/.local/lib/python3.7/site-packages/airflow/example_dags/example_sla_dag.py for tasks to queue
[2022-03-24 03:04:12,950] {logging_mixin.py:109} INFO - [2022-03-24 03:04:12,950] {dagbag.py:500} INFO - Filling up the DagBag from /home/airflow/.local/lib/python3.7/site-packages/airflow/example_dags/example_sla_dag.py
[2022-03-24 03:04:12,994] {processor.py:654} INFO - DAG(s) dict_keys(['example_sla_dag']) retrieved from /home/airflow/.local/lib/python3.7/site-packages/airflow/example_dags/example_sla_dag.py
[2022-03-24 03:04:13,007] {logging_mixin.py:109} INFO - [2022-03-24 03:04:13,007] {dag.py:2398} INFO - Sync 1 DAGs
[2022-03-24 03:04:13,036] {logging_mixin.py:109} INFO - [2022-03-24 03:04:13,036] {dag.py:2937} INFO - Setting next_dagrun for example_sla_dag to 2022-03-24T03:02:00+00:00
[2022-03-24 03:04:13,076] {processor.py:171} INFO - Processing /home/airflow/.local/lib/python3.7/site-packages/airflow/example_dags/example_sla_dag.py took 0.133 seconds
[2022-03-24 03:04:43,415] {processor.py:163} INFO - Started process (PID=1673) to work on /home/airflow/.local/lib/python3.7/site-packages/airflow/example_dags/example_sla_dag.py
[2022-03-24 03:04:43,419] {processor.py:642} INFO - Processing file /home/airflow/.local/lib/python3.7/site-packages/airflow/example_dags/example_sla_dag.py for tasks to queue
[2022-03-24 03:04:43,423] {logging_mixin.py:109} INFO - [2022-03-24 03:04:43,422] {dagbag.py:500} INFO - Filling up the DagBag from /home/airflow/.local/lib/python3.7/site-packages/airflow/example_dags/example_sla_dag.py
[2022-03-24 03:04:43,543] {processor.py:654} INFO - DAG(s) dict_keys(['example_sla_dag']) retrieved from /home/airflow/.local/lib/python3.7/site-packages/airflow/example_dags/example_sla_dag.py
[2022-03-24 03:04:43,569] {logging_mixin.py:109} INFO - [2022-03-24 03:04:43,568] {dag.py:2398} INFO - Sync 1 DAGs
[2022-03-24 03:04:43,609] {logging_mixin.py:109} INFO - [2022-03-24 03:04:43,609] {dag.py:2937} INFO - Setting next_dagrun for example_sla_dag to 2022-03-24T03:02:00+00:00
[2022-03-24 03:04:43,637] {processor.py:171} INFO - Processing /home/airflow/.local/lib/python3.7/site-packages/airflow/example_dags/example_sla_dag.py took 0.230 seconds
[2022-03-24 03:05:14,571] {processor.py:163} INFO - Started process (PID=1727) to work on /home/airflow/.local/lib/python3.7/site-packages/airflow/example_dags/example_sla_dag.py
[2022-03-24 03:05:14,580] {processor.py:642} INFO - Processing file /home/airflow/.local/lib/python3.7/site-packages/airflow/example_dags/example_sla_dag.py for tasks to queue
[2022-03-24 03:05:14,584] {logging_mixin.py:109} INFO - [2022-03-24 03:05:14,584] {dagbag.py:500} INFO - Filling up the DagBag from /home/airflow/.local/lib/python3.7/site-packages/airflow/example_dags/example_sla_dag.py
[2022-03-24 03:05:14,714] {processor.py:654} INFO - DAG(s) dict_keys(['example_sla_dag']) retrieved from /home/airflow/.local/lib/python3.7/site-packages/airflow/example_dags/example_sla_dag.py
[2022-03-24 03:05:14,735] {logging_mixin.py:109} INFO - [2022-03-24 03:05:14,735] {dag.py:2398} INFO - Sync 1 DAGs
[2022-03-24 03:05:14,763] {logging_mixin.py:109} INFO - [2022-03-24 03:05:14,763] {dag.py:2937} INFO - Setting next_dagrun for example_sla_dag to 2022-03-24T03:02:00+00:00
[2022-03-24 03:05:14,782] {processor.py:171} INFO - Processing /home/airflow/.local/lib/python3.7/site-packages/airflow/example_dags/example_sla_dag.py took 0.222 seconds
[2022-03-24 03:05:45,242] {processor.py:163} INFO - Started process (PID=1779) to work on /home/airflow/.local/lib/python3.7/site-packages/airflow/example_dags/example_sla_dag.py
[2022-03-24 03:05:45,244] {processor.py:642} INFO - Processing file /home/airflow/.local/lib/python3.7/site-packages/airflow/example_dags/example_sla_dag.py for tasks to queue
[2022-03-24 03:05:45,245] {logging_mixin.py:109} INFO - [2022-03-24 03:05:45,245] {dagbag.py:500} INFO - Filling up the DagBag from /home/airflow/.local/lib/python3.7/site-packages/airflow/example_dags/example_sla_dag.py
[2022-03-24 03:05:45,290] {processor.py:654} INFO - DAG(s) dict_keys(['example_sla_dag']) retrieved from /home/airflow/.local/lib/python3.7/site-packages/airflow/example_dags/example_sla_dag.py
[2022-03-24 03:05:45,304] {logging_mixin.py:109} INFO - [2022-03-24 03:05:45,303] {dag.py:2398} INFO - Sync 1 DAGs
[2022-03-24 03:05:45,324] {logging_mixin.py:109} INFO - [2022-03-24 03:05:45,324] {dag.py:2937} INFO - Setting next_dagrun for example_sla_dag to 2022-03-24T03:02:00+00:00
[2022-03-24 03:05:45,341] {processor.py:171} INFO - Processing /home/airflow/.local/lib/python3.7/site-packages/airflow/example_dags/example_sla_dag.py took 0.103 seconds
[2022-03-24 03:06:15,504] {processor.py:163} INFO - Started process (PID=1829) to work on /home/airflow/.local/lib/python3.7/site-packages/airflow/example_dags/example_sla_dag.py
[2022-03-24 03:06:15,507] {processor.py:642} INFO - Processing file /home/airflow/.local/lib/python3.7/site-packages/airflow/example_dags/example_sla_dag.py for tasks to queue
[2022-03-24 03:06:15,508] {logging_mixin.py:109} INFO - [2022-03-24 03:06:15,508] {dagbag.py:500} INFO - Filling up the DagBag from /home/airflow/.local/lib/python3.7/site-packages/airflow/example_dags/example_sla_dag.py
[2022-03-24 03:06:15,557] {processor.py:654} INFO - DAG(s) dict_keys(['example_sla_dag']) retrieved from /home/airflow/.local/lib/python3.7/site-packages/airflow/example_dags/example_sla_dag.py
[2022-03-24 03:06:15,576] {logging_mixin.py:109} INFO - [2022-03-24 03:06:15,576] {dag.py:2398} INFO - Sync 1 DAGs
[2022-03-24 03:06:15,601] {logging_mixin.py:109} INFO - [2022-03-24 03:06:15,601] {dag.py:2937} INFO - Setting next_dagrun for example_sla_dag to 2022-03-24T03:04:00+00:00
[2022-03-24 03:06:15,616] {processor.py:171} INFO - Processing /home/airflow/.local/lib/python3.7/site-packages/airflow/example_dags/example_sla_dag.py took 0.116 seconds
[2022-03-24 03:06:45,815] {processor.py:163} INFO - Started process (PID=1878) to work on /home/airflow/.local/lib/python3.7/site-packages/airflow/example_dags/example_sla_dag.py
[2022-03-24 03:06:45,820] {processor.py:642} INFO - Processing file /home/airflow/.local/lib/python3.7/site-packages/airflow/example_dags/example_sla_dag.py for tasks to queue
[2022-03-24 03:06:45,827] {logging_mixin.py:109} INFO - [2022-03-24 03:06:45,826] {dagbag.py:500} INFO - Filling up the DagBag from /home/airflow/.local/lib/python3.7/site-packages/airflow/example_dags/example_sla_dag.py
[2022-03-24 03:06:45,922] {processor.py:654} INFO - DAG(s) dict_keys(['example_sla_dag']) retrieved from /home/airflow/.local/lib/python3.7/site-packages/airflow/example_dags/example_sla_dag.py
[2022-03-24 03:06:45,935] {logging_mixin.py:109} INFO - [2022-03-24 03:06:45,935] {dag.py:2398} INFO - Sync 1 DAGs
[2022-03-24 03:06:45,956] {logging_mixin.py:109} INFO - [2022-03-24 03:06:45,956] {dag.py:2937} INFO - Setting next_dagrun for example_sla_dag to 2022-03-24T03:04:00+00:00
[2022-03-24 03:06:45,970] {processor.py:171} INFO - Processing /home/airflow/.local/lib/python3.7/site-packages/airflow/example_dags/example_sla_dag.py took 0.167 seconds
[2022-03-24 03:07:16,514] {processor.py:163} INFO - Started process (PID=1929) to work on /home/airflow/.local/lib/python3.7/site-packages/airflow/example_dags/example_sla_dag.py
[2022-03-24 03:07:16,517] {processor.py:642} INFO - Processing file /home/airflow/.local/lib/python3.7/site-packages/airflow/example_dags/example_sla_dag.py for tasks to queue
[2022-03-24 03:07:16,519] {logging_mixin.py:109} INFO - [2022-03-24 03:07:16,518] {dagbag.py:500} INFO - Filling up the DagBag from /home/airflow/.local/lib/python3.7/site-packages/airflow/example_dags/example_sla_dag.py
[2022-03-24 03:07:16,571] {processor.py:654} INFO - DAG(s) dict_keys(['example_sla_dag']) retrieved from /home/airflow/.local/lib/python3.7/site-packages/airflow/example_dags/example_sla_dag.py
[2022-03-24 03:07:16,585] {logging_mixin.py:109} INFO - [2022-03-24 03:07:16,585] {dag.py:2398} INFO - Sync 1 DAGs
[2022-03-24 03:07:16,629] {logging_mixin.py:109} INFO - [2022-03-24 03:07:16,629] {dag.py:2937} INFO - Setting next_dagrun for example_sla_dag to 2022-03-24T03:04:00+00:00
[2022-03-24 03:07:16,643] {processor.py:171} INFO - Processing /home/airflow/.local/lib/python3.7/site-packages/airflow/example_dags/example_sla_dag.py took 0.133 seconds
[2022-03-24 03:07:47,315] {processor.py:163} INFO - Started process (PID=1981) to work on /home/airflow/.local/lib/python3.7/site-packages/airflow/example_dags/example_sla_dag.py
[2022-03-24 03:07:47,320] {processor.py:642} INFO - Processing file /home/airflow/.local/lib/python3.7/site-packages/airflow/example_dags/example_sla_dag.py for tasks to queue
[2022-03-24 03:07:47,325] {logging_mixin.py:109} INFO - [2022-03-24 03:07:47,324] {dagbag.py:500} INFO - Filling up the DagBag from /home/airflow/.local/lib/python3.7/site-packages/airflow/example_dags/example_sla_dag.py
[2022-03-24 03:07:47,392] {processor.py:654} INFO - DAG(s) dict_keys(['example_sla_dag']) retrieved from /home/airflow/.local/lib/python3.7/site-packages/airflow/example_dags/example_sla_dag.py
[2022-03-24 03:07:47,407] {logging_mixin.py:109} INFO - [2022-03-24 03:07:47,407] {dag.py:2398} INFO - Sync 1 DAGs
[2022-03-24 03:07:47,430] {logging_mixin.py:109} INFO - [2022-03-24 03:07:47,430] {dag.py:2937} INFO - Setting next_dagrun for example_sla_dag to 2022-03-24T03:04:00+00:00
[2022-03-24 03:07:47,444] {processor.py:171} INFO - Processing /home/airflow/.local/lib/python3.7/site-packages/airflow/example_dags/example_sla_dag.py took 0.138 seconds
[2022-03-24 03:08:17,894] {processor.py:163} INFO - Started process (PID=2032) to work on /home/airflow/.local/lib/python3.7/site-packages/airflow/example_dags/example_sla_dag.py
[2022-03-24 03:08:17,904] {processor.py:642} INFO - Processing file /home/airflow/.local/lib/python3.7/site-packages/airflow/example_dags/example_sla_dag.py for tasks to queue
[2022-03-24 03:08:17,906] {logging_mixin.py:109} INFO - [2022-03-24 03:08:17,905] {dagbag.py:500} INFO - Filling up the DagBag from /home/airflow/.local/lib/python3.7/site-packages/airflow/example_dags/example_sla_dag.py
[2022-03-24 03:08:17,974] {processor.py:654} INFO - DAG(s) dict_keys(['example_sla_dag']) retrieved from /home/airflow/.local/lib/python3.7/site-packages/airflow/example_dags/example_sla_dag.py
[2022-03-24 03:08:17,986] {logging_mixin.py:109} INFO - [2022-03-24 03:08:17,985] {dag.py:2398} INFO - Sync 1 DAGs
[2022-03-24 03:08:18,007] {logging_mixin.py:109} INFO - [2022-03-24 03:08:18,007] {dag.py:2937} INFO - Setting next_dagrun for example_sla_dag to 2022-03-24T03:06:00+00:00
[2022-03-24 03:08:18,078] {processor.py:171} INFO - Processing /home/airflow/.local/lib/python3.7/site-packages/airflow/example_dags/example_sla_dag.py took 0.190 seconds
[2022-03-24 03:08:48,230] {processor.py:163} INFO - Started process (PID=2087) to work on /home/airflow/.local/lib/python3.7/site-packages/airflow/example_dags/example_sla_dag.py
[2022-03-24 03:08:48,235] {processor.py:642} INFO - Processing file /home/airflow/.local/lib/python3.7/site-packages/airflow/example_dags/example_sla_dag.py for tasks to queue
[2022-03-24 03:08:48,242] {logging_mixin.py:109} INFO - [2022-03-24 03:08:48,242] {dagbag.py:500} INFO - Filling up the DagBag from /home/airflow/.local/lib/python3.7/site-packages/airflow/example_dags/example_sla_dag.py
[2022-03-24 03:08:48,296] {processor.py:654} INFO - DAG(s) dict_keys(['example_sla_dag']) retrieved from /home/airflow/.local/lib/python3.7/site-packages/airflow/example_dags/example_sla_dag.py
[2022-03-24 03:08:48,310] {logging_mixin.py:109} INFO - [2022-03-24 03:08:48,310] {dag.py:2398} INFO - Sync 1 DAGs
[2022-03-24 03:08:48,329] {logging_mixin.py:109} INFO - [2022-03-24 03:08:48,329] {dag.py:2937} INFO - Setting next_dagrun for example_sla_dag to 2022-03-24T03:06:00+00:00
[2022-03-24 03:08:48,342] {processor.py:171} INFO - Processing /home/airflow/.local/lib/python3.7/site-packages/airflow/example_dags/example_sla_dag.py took 0.117 seconds
[2022-03-24 03:09:18,563] {processor.py:163} INFO - Started process (PID=2138) to work on /home/airflow/.local/lib/python3.7/site-packages/airflow/example_dags/example_sla_dag.py
[2022-03-24 03:09:18,566] {processor.py:642} INFO - Processing file /home/airflow/.local/lib/python3.7/site-packages/airflow/example_dags/example_sla_dag.py for tasks to queue
[2022-03-24 03:09:18,569] {logging_mixin.py:109} INFO - [2022-03-24 03:09:18,569] {dagbag.py:500} INFO - Filling up the DagBag from /home/airflow/.local/lib/python3.7/site-packages/airflow/example_dags/example_sla_dag.py
[2022-03-24 03:09:18,635] {processor.py:654} INFO - DAG(s) dict_keys(['example_sla_dag']) retrieved from /home/airflow/.local/lib/python3.7/site-packages/airflow/example_dags/example_sla_dag.py
[2022-03-24 03:09:18,664] {logging_mixin.py:109} INFO - [2022-03-24 03:09:18,664] {dag.py:2398} INFO - Sync 1 DAGs
[2022-03-24 03:09:18,694] {logging_mixin.py:109} INFO - [2022-03-24 03:09:18,694] {dag.py:2937} INFO - Setting next_dagrun for example_sla_dag to 2022-03-24T03:06:00+00:00
[2022-03-24 03:09:18,711] {processor.py:171} INFO - Processing /home/airflow/.local/lib/python3.7/site-packages/airflow/example_dags/example_sla_dag.py took 0.155 seconds
[2022-03-24 03:09:49,361] {processor.py:163} INFO - Started process (PID=2188) to work on /home/airflow/.local/lib/python3.7/site-packages/airflow/example_dags/example_sla_dag.py
[2022-03-24 03:09:49,371] {processor.py:642} INFO - Processing file /home/airflow/.local/lib/python3.7/site-packages/airflow/example_dags/example_sla_dag.py for tasks to queue
[2022-03-24 03:09:49,376] {logging_mixin.py:109} INFO - [2022-03-24 03:09:49,375] {dagbag.py:500} INFO - Filling up the DagBag from /home/airflow/.local/lib/python3.7/site-packages/airflow/example_dags/example_sla_dag.py
[2022-03-24 03:09:49,644] {processor.py:654} INFO - DAG(s) dict_keys(['example_sla_dag']) retrieved from /home/airflow/.local/lib/python3.7/site-packages/airflow/example_dags/example_sla_dag.py
[2022-03-24 03:09:49,794] {logging_mixin.py:109} INFO - [2022-03-24 03:09:49,793] {dag.py:2398} INFO - Sync 1 DAGs
[2022-03-24 03:09:49,868] {logging_mixin.py:109} INFO - [2022-03-24 03:09:49,867] {dag.py:2937} INFO - Setting next_dagrun for example_sla_dag to 2022-03-24T03:06:00+00:00
[2022-03-24 03:09:49,939] {processor.py:171} INFO - Processing /home/airflow/.local/lib/python3.7/site-packages/airflow/example_dags/example_sla_dag.py took 0.592 seconds
[2022-03-24 03:10:20,400] {processor.py:163} INFO - Started process (PID=2240) to work on /home/airflow/.local/lib/python3.7/site-packages/airflow/example_dags/example_sla_dag.py
[2022-03-24 03:10:20,462] {processor.py:642} INFO - Processing file /home/airflow/.local/lib/python3.7/site-packages/airflow/example_dags/example_sla_dag.py for tasks to queue
[2022-03-24 03:10:20,663] {logging_mixin.py:109} INFO - [2022-03-24 03:10:20,663] {dagbag.py:500} INFO - Filling up the DagBag from /home/airflow/.local/lib/python3.7/site-packages/airflow/example_dags/example_sla_dag.py
[2022-03-24 03:10:20,717] {processor.py:654} INFO - DAG(s) dict_keys(['example_sla_dag']) retrieved from /home/airflow/.local/lib/python3.7/site-packages/airflow/example_dags/example_sla_dag.py
[2022-03-24 03:10:20,730] {logging_mixin.py:109} INFO - [2022-03-24 03:10:20,729] {dag.py:2398} INFO - Sync 1 DAGs
[2022-03-24 03:10:20,760] {logging_mixin.py:109} INFO - [2022-03-24 03:10:20,760] {dag.py:2937} INFO - Setting next_dagrun for example_sla_dag to 2022-03-24T03:08:00+00:00
[2022-03-24 03:10:20,780] {processor.py:171} INFO - Processing /home/airflow/.local/lib/python3.7/site-packages/airflow/example_dags/example_sla_dag.py took 0.384 seconds
[2022-03-24 03:10:50,921] {processor.py:163} INFO - Started process (PID=2290) to work on /home/airflow/.local/lib/python3.7/site-packages/airflow/example_dags/example_sla_dag.py
[2022-03-24 03:10:51,324] {processor.py:642} INFO - Processing file /home/airflow/.local/lib/python3.7/site-packages/airflow/example_dags/example_sla_dag.py for tasks to queue
[2022-03-24 03:10:51,332] {logging_mixin.py:109} INFO - [2022-03-24 03:10:51,332] {dagbag.py:500} INFO - Filling up the DagBag from /home/airflow/.local/lib/python3.7/site-packages/airflow/example_dags/example_sla_dag.py
[2022-03-24 03:10:51,600] {processor.py:654} INFO - DAG(s) dict_keys(['example_sla_dag']) retrieved from /home/airflow/.local/lib/python3.7/site-packages/airflow/example_dags/example_sla_dag.py
[2022-03-24 03:10:51,623] {logging_mixin.py:109} INFO - [2022-03-24 03:10:51,623] {dag.py:2398} INFO - Sync 1 DAGs
[2022-03-24 03:10:51,655] {logging_mixin.py:109} INFO - [2022-03-24 03:10:51,654] {dag.py:2937} INFO - Setting next_dagrun for example_sla_dag to 2022-03-24T03:08:00+00:00
[2022-03-24 03:10:51,676] {processor.py:171} INFO - Processing /home/airflow/.local/lib/python3.7/site-packages/airflow/example_dags/example_sla_dag.py took 0.770 seconds
[2022-03-24 03:11:21,823] {processor.py:163} INFO - Started process (PID=2339) to work on /home/airflow/.local/lib/python3.7/site-packages/airflow/example_dags/example_sla_dag.py
[2022-03-24 03:11:21,828] {processor.py:642} INFO - Processing file /home/airflow/.local/lib/python3.7/site-packages/airflow/example_dags/example_sla_dag.py for tasks to queue
[2022-03-24 03:11:21,831] {logging_mixin.py:109} INFO - [2022-03-24 03:11:21,830] {dagbag.py:500} INFO - Filling up the DagBag from /home/airflow/.local/lib/python3.7/site-packages/airflow/example_dags/example_sla_dag.py
[2022-03-24 03:11:21,901] {processor.py:654} INFO - DAG(s) dict_keys(['example_sla_dag']) retrieved from /home/airflow/.local/lib/python3.7/site-packages/airflow/example_dags/example_sla_dag.py
[2022-03-24 03:11:21,915] {logging_mixin.py:109} INFO - [2022-03-24 03:11:21,915] {dag.py:2398} INFO - Sync 1 DAGs
[2022-03-24 03:11:21,946] {logging_mixin.py:109} INFO - [2022-03-24 03:11:21,946] {dag.py:2937} INFO - Setting next_dagrun for example_sla_dag to 2022-03-24T03:08:00+00:00
[2022-03-24 03:11:21,994] {processor.py:171} INFO - Processing /home/airflow/.local/lib/python3.7/site-packages/airflow/example_dags/example_sla_dag.py took 0.180 seconds
[2022-03-24 03:11:52,831] {processor.py:163} INFO - Started process (PID=2390) to work on /home/airflow/.local/lib/python3.7/site-packages/airflow/example_dags/example_sla_dag.py
[2022-03-24 03:11:52,836] {processor.py:642} INFO - Processing file /home/airflow/.local/lib/python3.7/site-packages/airflow/example_dags/example_sla_dag.py for tasks to queue
[2022-03-24 03:11:52,838] {logging_mixin.py:109} INFO - [2022-03-24 03:11:52,837] {dagbag.py:500} INFO - Filling up the DagBag from /home/airflow/.local/lib/python3.7/site-packages/airflow/example_dags/example_sla_dag.py
[2022-03-24 03:11:52,897] {processor.py:654} INFO - DAG(s) dict_keys(['example_sla_dag']) retrieved from /home/airflow/.local/lib/python3.7/site-packages/airflow/example_dags/example_sla_dag.py
[2022-03-24 03:11:52,912] {logging_mixin.py:109} INFO - [2022-03-24 03:11:52,912] {dag.py:2398} INFO - Sync 1 DAGs
[2022-03-24 03:11:52,936] {logging_mixin.py:109} INFO - [2022-03-24 03:11:52,936] {dag.py:2937} INFO - Setting next_dagrun for example_sla_dag to 2022-03-24T03:08:00+00:00
[2022-03-24 03:11:52,949] {processor.py:171} INFO - Processing /home/airflow/.local/lib/python3.7/site-packages/airflow/example_dags/example_sla_dag.py took 0.123 seconds
[2022-03-24 03:12:23,194] {processor.py:163} INFO - Started process (PID=2439) to work on /home/airflow/.local/lib/python3.7/site-packages/airflow/example_dags/example_sla_dag.py
[2022-03-24 03:12:23,207] {processor.py:642} INFO - Processing file /home/airflow/.local/lib/python3.7/site-packages/airflow/example_dags/example_sla_dag.py for tasks to queue
[2022-03-24 03:12:23,212] {logging_mixin.py:109} INFO - [2022-03-24 03:12:23,212] {dagbag.py:500} INFO - Filling up the DagBag from /home/airflow/.local/lib/python3.7/site-packages/airflow/example_dags/example_sla_dag.py
[2022-03-24 03:12:23,299] {processor.py:654} INFO - DAG(s) dict_keys(['example_sla_dag']) retrieved from /home/airflow/.local/lib/python3.7/site-packages/airflow/example_dags/example_sla_dag.py
[2022-03-24 03:12:23,339] {logging_mixin.py:109} INFO - [2022-03-24 03:12:23,338] {dag.py:2398} INFO - Sync 1 DAGs
[2022-03-24 03:12:23,360] {logging_mixin.py:109} INFO - [2022-03-24 03:12:23,360] {dag.py:2937} INFO - Setting next_dagrun for example_sla_dag to 2022-03-24T03:10:00+00:00
[2022-03-24 03:12:23,375] {processor.py:171} INFO - Processing /home/airflow/.local/lib/python3.7/site-packages/airflow/example_dags/example_sla_dag.py took 0.185 seconds
[2022-03-24 03:12:53,689] {processor.py:163} INFO - Started process (PID=2492) to work on /home/airflow/.local/lib/python3.7/site-packages/airflow/example_dags/example_sla_dag.py
[2022-03-24 03:12:53,692] {processor.py:642} INFO - Processing file /home/airflow/.local/lib/python3.7/site-packages/airflow/example_dags/example_sla_dag.py for tasks to queue
[2022-03-24 03:12:53,695] {logging_mixin.py:109} INFO - [2022-03-24 03:12:53,695] {dagbag.py:500} INFO - Filling up the DagBag from /home/airflow/.local/lib/python3.7/site-packages/airflow/example_dags/example_sla_dag.py
[2022-03-24 03:12:53,853] {processor.py:654} INFO - DAG(s) dict_keys(['example_sla_dag']) retrieved from /home/airflow/.local/lib/python3.7/site-packages/airflow/example_dags/example_sla_dag.py
[2022-03-24 03:12:53,941] {logging_mixin.py:109} INFO - [2022-03-24 03:12:53,941] {dag.py:2398} INFO - Sync 1 DAGs
[2022-03-24 03:12:54,040] {logging_mixin.py:109} INFO - [2022-03-24 03:12:54,040] {dag.py:2937} INFO - Setting next_dagrun for example_sla_dag to 2022-03-24T03:10:00+00:00
[2022-03-24 03:12:54,093] {processor.py:171} INFO - Processing /home/airflow/.local/lib/python3.7/site-packages/airflow/example_dags/example_sla_dag.py took 0.417 seconds
[2022-03-24 03:13:24,262] {processor.py:163} INFO - Started process (PID=2543) to work on /home/airflow/.local/lib/python3.7/site-packages/airflow/example_dags/example_sla_dag.py
[2022-03-24 03:13:24,264] {processor.py:642} INFO - Processing file /home/airflow/.local/lib/python3.7/site-packages/airflow/example_dags/example_sla_dag.py for tasks to queue
[2022-03-24 03:13:24,266] {logging_mixin.py:109} INFO - [2022-03-24 03:13:24,266] {dagbag.py:500} INFO - Filling up the DagBag from /home/airflow/.local/lib/python3.7/site-packages/airflow/example_dags/example_sla_dag.py
[2022-03-24 03:13:24,314] {processor.py:654} INFO - DAG(s) dict_keys(['example_sla_dag']) retrieved from /home/airflow/.local/lib/python3.7/site-packages/airflow/example_dags/example_sla_dag.py
[2022-03-24 03:13:24,327] {logging_mixin.py:109} INFO - [2022-03-24 03:13:24,327] {dag.py:2398} INFO - Sync 1 DAGs
[2022-03-24 03:13:24,369] {logging_mixin.py:109} INFO - [2022-03-24 03:13:24,369] {dag.py:2937} INFO - Setting next_dagrun for example_sla_dag to 2022-03-24T03:10:00+00:00
[2022-03-24 03:13:24,392] {processor.py:171} INFO - Processing /home/airflow/.local/lib/python3.7/site-packages/airflow/example_dags/example_sla_dag.py took 0.134 seconds
[2022-03-24 03:13:54,553] {processor.py:163} INFO - Started process (PID=2608) to work on /home/airflow/.local/lib/python3.7/site-packages/airflow/example_dags/example_sla_dag.py
[2022-03-24 03:13:54,557] {processor.py:642} INFO - Processing file /home/airflow/.local/lib/python3.7/site-packages/airflow/example_dags/example_sla_dag.py for tasks to queue
[2022-03-24 03:13:54,559] {logging_mixin.py:109} INFO - [2022-03-24 03:13:54,559] {dagbag.py:500} INFO - Filling up the DagBag from /home/airflow/.local/lib/python3.7/site-packages/airflow/example_dags/example_sla_dag.py
[2022-03-24 03:13:54,616] {processor.py:654} INFO - DAG(s) dict_keys(['example_sla_dag']) retrieved from /home/airflow/.local/lib/python3.7/site-packages/airflow/example_dags/example_sla_dag.py
[2022-03-24 03:13:54,633] {logging_mixin.py:109} INFO - [2022-03-24 03:13:54,632] {dag.py:2398} INFO - Sync 1 DAGs
[2022-03-24 03:13:54,660] {logging_mixin.py:109} INFO - [2022-03-24 03:13:54,660] {dag.py:2937} INFO - Setting next_dagrun for example_sla_dag to 2022-03-24T03:10:00+00:00
[2022-03-24 03:13:54,686] {processor.py:171} INFO - Processing /home/airflow/.local/lib/python3.7/site-packages/airflow/example_dags/example_sla_dag.py took 0.143 seconds
[2022-03-24 03:14:25,846] {processor.py:163} INFO - Started process (PID=2659) to work on /home/airflow/.local/lib/python3.7/site-packages/airflow/example_dags/example_sla_dag.py
[2022-03-24 03:14:25,852] {processor.py:642} INFO - Processing file /home/airflow/.local/lib/python3.7/site-packages/airflow/example_dags/example_sla_dag.py for tasks to queue
[2022-03-24 03:14:25,854] {logging_mixin.py:109} INFO - [2022-03-24 03:14:25,854] {dagbag.py:500} INFO - Filling up the DagBag from /home/airflow/.local/lib/python3.7/site-packages/airflow/example_dags/example_sla_dag.py
[2022-03-24 03:14:25,969] {processor.py:654} INFO - DAG(s) dict_keys(['example_sla_dag']) retrieved from /home/airflow/.local/lib/python3.7/site-packages/airflow/example_dags/example_sla_dag.py
[2022-03-24 03:14:25,981] {logging_mixin.py:109} INFO - [2022-03-24 03:14:25,980] {dag.py:2398} INFO - Sync 1 DAGs
[2022-03-24 03:14:26,049] {logging_mixin.py:109} INFO - [2022-03-24 03:14:26,048] {dag.py:2937} INFO - Setting next_dagrun for example_sla_dag to 2022-03-24T03:12:00+00:00
[2022-03-24 03:14:26,077] {processor.py:171} INFO - Processing /home/airflow/.local/lib/python3.7/site-packages/airflow/example_dags/example_sla_dag.py took 0.244 seconds
[2022-03-24 03:14:56,922] {processor.py:163} INFO - Started process (PID=2712) to work on /home/airflow/.local/lib/python3.7/site-packages/airflow/example_dags/example_sla_dag.py
[2022-03-24 03:14:56,942] {processor.py:642} INFO - Processing file /home/airflow/.local/lib/python3.7/site-packages/airflow/example_dags/example_sla_dag.py for tasks to queue
[2022-03-24 03:14:56,947] {logging_mixin.py:109} INFO - [2022-03-24 03:14:56,947] {dagbag.py:500} INFO - Filling up the DagBag from /home/airflow/.local/lib/python3.7/site-packages/airflow/example_dags/example_sla_dag.py
[2022-03-24 03:14:57,036] {processor.py:654} INFO - DAG(s) dict_keys(['example_sla_dag']) retrieved from /home/airflow/.local/lib/python3.7/site-packages/airflow/example_dags/example_sla_dag.py
[2022-03-24 03:14:57,070] {logging_mixin.py:109} INFO - [2022-03-24 03:14:57,069] {dag.py:2398} INFO - Sync 1 DAGs
[2022-03-24 03:14:57,111] {logging_mixin.py:109} INFO - [2022-03-24 03:14:57,111] {dag.py:2937} INFO - Setting next_dagrun for example_sla_dag to 2022-03-24T03:12:00+00:00
[2022-03-24 03:14:57,136] {processor.py:171} INFO - Processing /home/airflow/.local/lib/python3.7/site-packages/airflow/example_dags/example_sla_dag.py took 0.227 seconds
[2022-03-24 03:15:27,386] {processor.py:163} INFO - Started process (PID=2766) to work on /home/airflow/.local/lib/python3.7/site-packages/airflow/example_dags/example_sla_dag.py
[2022-03-24 03:15:27,391] {processor.py:642} INFO - Processing file /home/airflow/.local/lib/python3.7/site-packages/airflow/example_dags/example_sla_dag.py for tasks to queue
[2022-03-24 03:15:27,398] {logging_mixin.py:109} INFO - [2022-03-24 03:15:27,396] {dagbag.py:500} INFO - Filling up the DagBag from /home/airflow/.local/lib/python3.7/site-packages/airflow/example_dags/example_sla_dag.py
[2022-03-24 03:15:27,608] {processor.py:654} INFO - DAG(s) dict_keys(['example_sla_dag']) retrieved from /home/airflow/.local/lib/python3.7/site-packages/airflow/example_dags/example_sla_dag.py
[2022-03-24 03:15:27,678] {logging_mixin.py:109} INFO - [2022-03-24 03:15:27,678] {dag.py:2398} INFO - Sync 1 DAGs
[2022-03-24 03:15:27,790] {logging_mixin.py:109} INFO - [2022-03-24 03:15:27,790] {dag.py:2937} INFO - Setting next_dagrun for example_sla_dag to 2022-03-24T03:12:00+00:00
[2022-03-24 03:15:27,820] {processor.py:171} INFO - Processing /home/airflow/.local/lib/python3.7/site-packages/airflow/example_dags/example_sla_dag.py took 0.464 seconds
[2022-03-24 03:15:58,711] {processor.py:163} INFO - Started process (PID=2814) to work on /home/airflow/.local/lib/python3.7/site-packages/airflow/example_dags/example_sla_dag.py
[2022-03-24 03:15:58,719] {processor.py:642} INFO - Processing file /home/airflow/.local/lib/python3.7/site-packages/airflow/example_dags/example_sla_dag.py for tasks to queue
[2022-03-24 03:15:58,723] {logging_mixin.py:109} INFO - [2022-03-24 03:15:58,722] {dagbag.py:500} INFO - Filling up the DagBag from /home/airflow/.local/lib/python3.7/site-packages/airflow/example_dags/example_sla_dag.py
[2022-03-24 03:15:58,784] {processor.py:654} INFO - DAG(s) dict_keys(['example_sla_dag']) retrieved from /home/airflow/.local/lib/python3.7/site-packages/airflow/example_dags/example_sla_dag.py
[2022-03-24 03:15:58,805] {logging_mixin.py:109} INFO - [2022-03-24 03:15:58,805] {dag.py:2398} INFO - Sync 1 DAGs
[2022-03-24 03:15:58,840] {logging_mixin.py:109} INFO - [2022-03-24 03:15:58,839] {dag.py:2937} INFO - Setting next_dagrun for example_sla_dag to 2022-03-24T03:12:00+00:00
[2022-03-24 03:15:58,860] {processor.py:171} INFO - Processing /home/airflow/.local/lib/python3.7/site-packages/airflow/example_dags/example_sla_dag.py took 0.163 seconds
[2022-03-24 03:16:29,881] {processor.py:163} INFO - Started process (PID=2865) to work on /home/airflow/.local/lib/python3.7/site-packages/airflow/example_dags/example_sla_dag.py
[2022-03-24 03:16:30,175] {processor.py:642} INFO - Processing file /home/airflow/.local/lib/python3.7/site-packages/airflow/example_dags/example_sla_dag.py for tasks to queue
[2022-03-24 03:16:30,177] {logging_mixin.py:109} INFO - [2022-03-24 03:16:30,177] {dagbag.py:500} INFO - Filling up the DagBag from /home/airflow/.local/lib/python3.7/site-packages/airflow/example_dags/example_sla_dag.py
[2022-03-24 03:16:30,347] {processor.py:654} INFO - DAG(s) dict_keys(['example_sla_dag']) retrieved from /home/airflow/.local/lib/python3.7/site-packages/airflow/example_dags/example_sla_dag.py
[2022-03-24 03:16:30,371] {logging_mixin.py:109} INFO - [2022-03-24 03:16:30,371] {dag.py:2398} INFO - Sync 1 DAGs
[2022-03-24 03:16:30,416] {logging_mixin.py:109} INFO - [2022-03-24 03:16:30,416] {dag.py:2937} INFO - Setting next_dagrun for example_sla_dag to 2022-03-24T03:14:00+00:00
[2022-03-24 03:16:30,915] {processor.py:171} INFO - Processing /home/airflow/.local/lib/python3.7/site-packages/airflow/example_dags/example_sla_dag.py took 1.096 seconds
[2022-03-24 03:17:01,138] {processor.py:163} INFO - Started process (PID=2917) to work on /home/airflow/.local/lib/python3.7/site-packages/airflow/example_dags/example_sla_dag.py
[2022-03-24 03:17:01,141] {processor.py:642} INFO - Processing file /home/airflow/.local/lib/python3.7/site-packages/airflow/example_dags/example_sla_dag.py for tasks to queue
[2022-03-24 03:17:01,143] {logging_mixin.py:109} INFO - [2022-03-24 03:17:01,143] {dagbag.py:500} INFO - Filling up the DagBag from /home/airflow/.local/lib/python3.7/site-packages/airflow/example_dags/example_sla_dag.py
[2022-03-24 03:17:01,190] {processor.py:654} INFO - DAG(s) dict_keys(['example_sla_dag']) retrieved from /home/airflow/.local/lib/python3.7/site-packages/airflow/example_dags/example_sla_dag.py
[2022-03-24 03:17:01,203] {logging_mixin.py:109} INFO - [2022-03-24 03:17:01,202] {dag.py:2398} INFO - Sync 1 DAGs
[2022-03-24 03:17:01,226] {logging_mixin.py:109} INFO - [2022-03-24 03:17:01,226] {dag.py:2937} INFO - Setting next_dagrun for example_sla_dag to 2022-03-24T03:14:00+00:00
[2022-03-24 03:17:01,240] {processor.py:171} INFO - Processing /home/airflow/.local/lib/python3.7/site-packages/airflow/example_dags/example_sla_dag.py took 0.106 seconds
[2022-03-24 03:17:31,424] {processor.py:163} INFO - Started process (PID=2967) to work on /home/airflow/.local/lib/python3.7/site-packages/airflow/example_dags/example_sla_dag.py
[2022-03-24 03:17:31,426] {processor.py:642} INFO - Processing file /home/airflow/.local/lib/python3.7/site-packages/airflow/example_dags/example_sla_dag.py for tasks to queue
[2022-03-24 03:17:31,428] {logging_mixin.py:109} INFO - [2022-03-24 03:17:31,428] {dagbag.py:500} INFO - Filling up the DagBag from /home/airflow/.local/lib/python3.7/site-packages/airflow/example_dags/example_sla_dag.py
[2022-03-24 03:17:31,474] {processor.py:654} INFO - DAG(s) dict_keys(['example_sla_dag']) retrieved from /home/airflow/.local/lib/python3.7/site-packages/airflow/example_dags/example_sla_dag.py
[2022-03-24 03:17:31,486] {logging_mixin.py:109} INFO - [2022-03-24 03:17:31,486] {dag.py:2398} INFO - Sync 1 DAGs
[2022-03-24 03:17:31,506] {logging_mixin.py:109} INFO - [2022-03-24 03:17:31,506] {dag.py:2937} INFO - Setting next_dagrun for example_sla_dag to 2022-03-24T03:14:00+00:00
[2022-03-24 03:17:31,517] {processor.py:171} INFO - Processing /home/airflow/.local/lib/python3.7/site-packages/airflow/example_dags/example_sla_dag.py took 0.098 seconds
[2022-03-24 03:18:01,615] {processor.py:163} INFO - Started process (PID=3020) to work on /home/airflow/.local/lib/python3.7/site-packages/airflow/example_dags/example_sla_dag.py
[2022-03-24 03:18:01,619] {processor.py:642} INFO - Processing file /home/airflow/.local/lib/python3.7/site-packages/airflow/example_dags/example_sla_dag.py for tasks to queue
[2022-03-24 03:18:01,622] {logging_mixin.py:109} INFO - [2022-03-24 03:18:01,622] {dagbag.py:500} INFO - Filling up the DagBag from /home/airflow/.local/lib/python3.7/site-packages/airflow/example_dags/example_sla_dag.py
[2022-03-24 03:18:01,702] {processor.py:654} INFO - DAG(s) dict_keys(['example_sla_dag']) retrieved from /home/airflow/.local/lib/python3.7/site-packages/airflow/example_dags/example_sla_dag.py
[2022-03-24 03:18:01,723] {logging_mixin.py:109} INFO - [2022-03-24 03:18:01,723] {dag.py:2398} INFO - Sync 1 DAGs
[2022-03-24 03:18:01,745] {logging_mixin.py:109} INFO - [2022-03-24 03:18:01,745] {dag.py:2937} INFO - Setting next_dagrun for example_sla_dag to 2022-03-24T03:16:00+00:00
[2022-03-24 03:18:01,760] {processor.py:171} INFO - Processing /home/airflow/.local/lib/python3.7/site-packages/airflow/example_dags/example_sla_dag.py took 0.153 seconds
[2022-03-24 03:18:31,832] {processor.py:163} INFO - Started process (PID=3072) to work on /home/airflow/.local/lib/python3.7/site-packages/airflow/example_dags/example_sla_dag.py
[2022-03-24 03:18:31,837] {processor.py:642} INFO - Processing file /home/airflow/.local/lib/python3.7/site-packages/airflow/example_dags/example_sla_dag.py for tasks to queue
[2022-03-24 03:18:31,839] {logging_mixin.py:109} INFO - [2022-03-24 03:18:31,839] {dagbag.py:500} INFO - Filling up the DagBag from /home/airflow/.local/lib/python3.7/site-packages/airflow/example_dags/example_sla_dag.py
[2022-03-24 03:18:31,957] {processor.py:654} INFO - DAG(s) dict_keys(['example_sla_dag']) retrieved from /home/airflow/.local/lib/python3.7/site-packages/airflow/example_dags/example_sla_dag.py
[2022-03-24 03:18:31,979] {logging_mixin.py:109} INFO - [2022-03-24 03:18:31,979] {dag.py:2398} INFO - Sync 1 DAGs
[2022-03-24 03:18:32,028] {logging_mixin.py:109} INFO - [2022-03-24 03:18:32,027] {dag.py:2937} INFO - Setting next_dagrun for example_sla_dag to 2022-03-24T03:16:00+00:00
[2022-03-24 03:18:32,050] {processor.py:171} INFO - Processing /home/airflow/.local/lib/python3.7/site-packages/airflow/example_dags/example_sla_dag.py took 0.227 seconds
[2022-03-24 03:19:02,716] {processor.py:163} INFO - Started process (PID=3136) to work on /home/airflow/.local/lib/python3.7/site-packages/airflow/example_dags/example_sla_dag.py
[2022-03-24 03:19:02,723] {processor.py:642} INFO - Processing file /home/airflow/.local/lib/python3.7/site-packages/airflow/example_dags/example_sla_dag.py for tasks to queue
[2022-03-24 03:19:02,727] {logging_mixin.py:109} INFO - [2022-03-24 03:19:02,727] {dagbag.py:500} INFO - Filling up the DagBag from /home/airflow/.local/lib/python3.7/site-packages/airflow/example_dags/example_sla_dag.py
[2022-03-24 03:19:02,918] {processor.py:654} INFO - DAG(s) dict_keys(['example_sla_dag']) retrieved from /home/airflow/.local/lib/python3.7/site-packages/airflow/example_dags/example_sla_dag.py
[2022-03-24 03:19:02,976] {logging_mixin.py:109} INFO - [2022-03-24 03:19:02,976] {dag.py:2398} INFO - Sync 1 DAGs
[2022-03-24 03:19:03,083] {logging_mixin.py:109} INFO - [2022-03-24 03:19:03,081] {dag.py:2937} INFO - Setting next_dagrun for example_sla_dag to 2022-03-24T03:16:00+00:00
[2022-03-24 03:19:03,136] {processor.py:171} INFO - Processing /home/airflow/.local/lib/python3.7/site-packages/airflow/example_dags/example_sla_dag.py took 0.439 seconds
[2022-03-24 03:19:33,476] {processor.py:163} INFO - Started process (PID=3188) to work on /home/airflow/.local/lib/python3.7/site-packages/airflow/example_dags/example_sla_dag.py
[2022-03-24 03:19:33,478] {processor.py:642} INFO - Processing file /home/airflow/.local/lib/python3.7/site-packages/airflow/example_dags/example_sla_dag.py for tasks to queue
[2022-03-24 03:19:33,481] {logging_mixin.py:109} INFO - [2022-03-24 03:19:33,481] {dagbag.py:500} INFO - Filling up the DagBag from /home/airflow/.local/lib/python3.7/site-packages/airflow/example_dags/example_sla_dag.py
[2022-03-24 03:19:33,612] {processor.py:654} INFO - DAG(s) dict_keys(['example_sla_dag']) retrieved from /home/airflow/.local/lib/python3.7/site-packages/airflow/example_dags/example_sla_dag.py
[2022-03-24 03:19:33,667] {logging_mixin.py:109} INFO - [2022-03-24 03:19:33,667] {dag.py:2398} INFO - Sync 1 DAGs
[2022-03-24 03:19:33,717] {logging_mixin.py:109} INFO - [2022-03-24 03:19:33,717] {dag.py:2937} INFO - Setting next_dagrun for example_sla_dag to 2022-03-24T03:16:00+00:00
[2022-03-24 03:19:33,743] {processor.py:171} INFO - Processing /home/airflow/.local/lib/python3.7/site-packages/airflow/example_dags/example_sla_dag.py took 0.278 seconds
[2022-03-24 03:20:04,528] {processor.py:163} INFO - Started process (PID=3244) to work on /home/airflow/.local/lib/python3.7/site-packages/airflow/example_dags/example_sla_dag.py
[2022-03-24 03:20:04,533] {processor.py:642} INFO - Processing file /home/airflow/.local/lib/python3.7/site-packages/airflow/example_dags/example_sla_dag.py for tasks to queue
[2022-03-24 03:20:04,534] {logging_mixin.py:109} INFO - [2022-03-24 03:20:04,534] {dagbag.py:500} INFO - Filling up the DagBag from /home/airflow/.local/lib/python3.7/site-packages/airflow/example_dags/example_sla_dag.py
[2022-03-24 03:20:04,578] {processor.py:654} INFO - DAG(s) dict_keys(['example_sla_dag']) retrieved from /home/airflow/.local/lib/python3.7/site-packages/airflow/example_dags/example_sla_dag.py
[2022-03-24 03:20:04,687] {logging_mixin.py:109} INFO - [2022-03-24 03:20:04,687] {dag.py:2398} INFO - Sync 1 DAGs
[2022-03-24 03:20:04,715] {logging_mixin.py:109} INFO - [2022-03-24 03:20:04,715] {dag.py:2937} INFO - Setting next_dagrun for example_sla_dag to 2022-03-24T03:18:00+00:00
[2022-03-24 03:20:04,728] {processor.py:171} INFO - Processing /home/airflow/.local/lib/python3.7/site-packages/airflow/example_dags/example_sla_dag.py took 0.204 seconds
[2022-03-24 03:20:35,190] {processor.py:163} INFO - Started process (PID=3295) to work on /home/airflow/.local/lib/python3.7/site-packages/airflow/example_dags/example_sla_dag.py
[2022-03-24 03:20:35,194] {processor.py:642} INFO - Processing file /home/airflow/.local/lib/python3.7/site-packages/airflow/example_dags/example_sla_dag.py for tasks to queue
[2022-03-24 03:20:35,197] {logging_mixin.py:109} INFO - [2022-03-24 03:20:35,196] {dagbag.py:500} INFO - Filling up the DagBag from /home/airflow/.local/lib/python3.7/site-packages/airflow/example_dags/example_sla_dag.py
[2022-03-24 03:20:35,297] {processor.py:654} INFO - DAG(s) dict_keys(['example_sla_dag']) retrieved from /home/airflow/.local/lib/python3.7/site-packages/airflow/example_dags/example_sla_dag.py
[2022-03-24 03:20:35,310] {logging_mixin.py:109} INFO - [2022-03-24 03:20:35,310] {dag.py:2398} INFO - Sync 1 DAGs
[2022-03-24 03:20:35,332] {logging_mixin.py:109} INFO - [2022-03-24 03:20:35,332] {dag.py:2937} INFO - Setting next_dagrun for example_sla_dag to 2022-03-24T03:18:00+00:00
[2022-03-24 03:20:35,343] {processor.py:171} INFO - Processing /home/airflow/.local/lib/python3.7/site-packages/airflow/example_dags/example_sla_dag.py took 0.162 seconds
