[2022-03-24 02:46:57,959] {processor.py:163} INFO - Started process (PID=72) to work on /home/airflow/.local/lib/python3.7/site-packages/airflow/example_dags/example_short_circuit_operator.py
[2022-03-24 02:46:57,971] {processor.py:642} INFO - Processing file /home/airflow/.local/lib/python3.7/site-packages/airflow/example_dags/example_short_circuit_operator.py for tasks to queue
[2022-03-24 02:46:58,024] {logging_mixin.py:109} INFO - [2022-03-24 02:46:58,023] {dagbag.py:500} INFO - Filling up the DagBag from /home/airflow/.local/lib/python3.7/site-packages/airflow/example_dags/example_short_circuit_operator.py
[2022-03-24 02:46:58,429] {processor.py:654} INFO - DAG(s) dict_keys(['example_short_circuit_operator']) retrieved from /home/airflow/.local/lib/python3.7/site-packages/airflow/example_dags/example_short_circuit_operator.py
[2022-03-24 02:47:15,851] {logging_mixin.py:109} INFO - [2022-03-24 02:47:15,851] {manager.py:496} INFO - Created Permission View: can edit on DAG:example_short_circuit_operator
[2022-03-24 02:47:15,905] {logging_mixin.py:109} INFO - [2022-03-24 02:47:15,905] {manager.py:496} INFO - Created Permission View: can read on DAG:example_short_circuit_operator
[2022-03-24 02:47:15,908] {logging_mixin.py:109} INFO - [2022-03-24 02:47:15,908] {dag.py:2398} INFO - Sync 1 DAGs
[2022-03-24 02:47:15,944] {logging_mixin.py:109} INFO - [2022-03-24 02:47:15,944] {dag.py:2417} INFO - Creating ORM DAG for example_short_circuit_operator
[2022-03-24 02:47:16,029] {logging_mixin.py:109} INFO - [2022-03-24 02:47:16,029] {dag.py:2937} INFO - Setting next_dagrun for example_short_circuit_operator to 2022-03-23T02:47:16.029445+00:00
[2022-03-24 02:47:16,142] {processor.py:171} INFO - Processing /home/airflow/.local/lib/python3.7/site-packages/airflow/example_dags/example_short_circuit_operator.py took 18.222 seconds
[2022-03-24 02:49:28,419] {processor.py:163} INFO - Started process (PID=169) to work on /home/airflow/.local/lib/python3.7/site-packages/airflow/example_dags/example_short_circuit_operator.py
[2022-03-24 02:49:28,444] {processor.py:642} INFO - Processing file /home/airflow/.local/lib/python3.7/site-packages/airflow/example_dags/example_short_circuit_operator.py for tasks to queue
[2022-03-24 02:49:28,480] {logging_mixin.py:109} INFO - [2022-03-24 02:49:28,479] {dagbag.py:500} INFO - Filling up the DagBag from /home/airflow/.local/lib/python3.7/site-packages/airflow/example_dags/example_short_circuit_operator.py
[2022-03-24 02:49:29,139] {processor.py:654} INFO - DAG(s) dict_keys(['example_short_circuit_operator']) retrieved from /home/airflow/.local/lib/python3.7/site-packages/airflow/example_dags/example_short_circuit_operator.py
[2022-03-24 02:49:29,274] {logging_mixin.py:109} INFO - [2022-03-24 02:49:29,274] {dag.py:2398} INFO - Sync 1 DAGs
[2022-03-24 02:49:29,375] {logging_mixin.py:109} INFO - [2022-03-24 02:49:29,375] {dag.py:2937} INFO - Setting next_dagrun for example_short_circuit_operator to 2022-03-23T02:49:29.358284+00:00
[2022-03-24 02:49:29,437] {processor.py:171} INFO - Processing /home/airflow/.local/lib/python3.7/site-packages/airflow/example_dags/example_short_circuit_operator.py took 1.037 seconds
[2022-03-24 02:50:43,036] {processor.py:163} INFO - Started process (PID=278) to work on /home/airflow/.local/lib/python3.7/site-packages/airflow/example_dags/example_short_circuit_operator.py
[2022-03-24 02:50:43,046] {processor.py:642} INFO - Processing file /home/airflow/.local/lib/python3.7/site-packages/airflow/example_dags/example_short_circuit_operator.py for tasks to queue
[2022-03-24 02:50:43,052] {logging_mixin.py:109} INFO - [2022-03-24 02:50:43,048] {dagbag.py:500} INFO - Filling up the DagBag from /home/airflow/.local/lib/python3.7/site-packages/airflow/example_dags/example_short_circuit_operator.py
[2022-03-24 02:50:43,177] {processor.py:654} INFO - DAG(s) dict_keys(['example_short_circuit_operator']) retrieved from /home/airflow/.local/lib/python3.7/site-packages/airflow/example_dags/example_short_circuit_operator.py
[2022-03-24 02:50:43,197] {logging_mixin.py:109} INFO - [2022-03-24 02:50:43,197] {dag.py:2398} INFO - Sync 1 DAGs
[2022-03-24 02:50:43,224] {logging_mixin.py:109} INFO - [2022-03-24 02:50:43,223] {dag.py:2937} INFO - Setting next_dagrun for example_short_circuit_operator to 2022-03-23T02:50:43.223319+00:00
[2022-03-24 02:50:43,243] {processor.py:171} INFO - Processing /home/airflow/.local/lib/python3.7/site-packages/airflow/example_dags/example_short_circuit_operator.py took 0.212 seconds
[2022-03-24 02:51:13,369] {processor.py:163} INFO - Started process (PID=332) to work on /home/airflow/.local/lib/python3.7/site-packages/airflow/example_dags/example_short_circuit_operator.py
[2022-03-24 02:51:13,375] {processor.py:642} INFO - Processing file /home/airflow/.local/lib/python3.7/site-packages/airflow/example_dags/example_short_circuit_operator.py for tasks to queue
[2022-03-24 02:51:13,378] {logging_mixin.py:109} INFO - [2022-03-24 02:51:13,378] {dagbag.py:500} INFO - Filling up the DagBag from /home/airflow/.local/lib/python3.7/site-packages/airflow/example_dags/example_short_circuit_operator.py
[2022-03-24 02:51:13,474] {processor.py:654} INFO - DAG(s) dict_keys(['example_short_circuit_operator']) retrieved from /home/airflow/.local/lib/python3.7/site-packages/airflow/example_dags/example_short_circuit_operator.py
[2022-03-24 02:51:13,494] {logging_mixin.py:109} INFO - [2022-03-24 02:51:13,494] {dag.py:2398} INFO - Sync 1 DAGs
[2022-03-24 02:51:13,517] {logging_mixin.py:109} INFO - [2022-03-24 02:51:13,517] {dag.py:2937} INFO - Setting next_dagrun for example_short_circuit_operator to 2022-03-23T02:51:13.517441+00:00
[2022-03-24 02:51:13,544] {processor.py:171} INFO - Processing /home/airflow/.local/lib/python3.7/site-packages/airflow/example_dags/example_short_circuit_operator.py took 0.184 seconds
[2022-03-24 02:51:44,495] {processor.py:163} INFO - Started process (PID=381) to work on /home/airflow/.local/lib/python3.7/site-packages/airflow/example_dags/example_short_circuit_operator.py
[2022-03-24 02:51:44,504] {processor.py:642} INFO - Processing file /home/airflow/.local/lib/python3.7/site-packages/airflow/example_dags/example_short_circuit_operator.py for tasks to queue
[2022-03-24 02:51:44,507] {logging_mixin.py:109} INFO - [2022-03-24 02:51:44,506] {dagbag.py:500} INFO - Filling up the DagBag from /home/airflow/.local/lib/python3.7/site-packages/airflow/example_dags/example_short_circuit_operator.py
[2022-03-24 02:51:44,558] {processor.py:654} INFO - DAG(s) dict_keys(['example_short_circuit_operator']) retrieved from /home/airflow/.local/lib/python3.7/site-packages/airflow/example_dags/example_short_circuit_operator.py
[2022-03-24 02:51:44,618] {logging_mixin.py:109} INFO - [2022-03-24 02:51:44,618] {dag.py:2398} INFO - Sync 1 DAGs
[2022-03-24 02:51:44,643] {logging_mixin.py:109} INFO - [2022-03-24 02:51:44,643] {dag.py:2937} INFO - Setting next_dagrun for example_short_circuit_operator to 2022-03-23T02:51:44.642601+00:00
[2022-03-24 02:51:44,675] {processor.py:171} INFO - Processing /home/airflow/.local/lib/python3.7/site-packages/airflow/example_dags/example_short_circuit_operator.py took 0.189 seconds
[2022-03-24 02:52:14,763] {processor.py:163} INFO - Started process (PID=432) to work on /home/airflow/.local/lib/python3.7/site-packages/airflow/example_dags/example_short_circuit_operator.py
[2022-03-24 02:52:14,766] {processor.py:642} INFO - Processing file /home/airflow/.local/lib/python3.7/site-packages/airflow/example_dags/example_short_circuit_operator.py for tasks to queue
[2022-03-24 02:52:14,768] {logging_mixin.py:109} INFO - [2022-03-24 02:52:14,768] {dagbag.py:500} INFO - Filling up the DagBag from /home/airflow/.local/lib/python3.7/site-packages/airflow/example_dags/example_short_circuit_operator.py
[2022-03-24 02:52:14,822] {processor.py:654} INFO - DAG(s) dict_keys(['example_short_circuit_operator']) retrieved from /home/airflow/.local/lib/python3.7/site-packages/airflow/example_dags/example_short_circuit_operator.py
[2022-03-24 02:52:14,862] {logging_mixin.py:109} INFO - [2022-03-24 02:52:14,862] {dag.py:2398} INFO - Sync 1 DAGs
[2022-03-24 02:52:14,891] {logging_mixin.py:109} INFO - [2022-03-24 02:52:14,891] {dag.py:2937} INFO - Setting next_dagrun for example_short_circuit_operator to 2022-03-23T02:52:14.891301+00:00
[2022-03-24 02:52:14,927] {processor.py:171} INFO - Processing /home/airflow/.local/lib/python3.7/site-packages/airflow/example_dags/example_short_circuit_operator.py took 0.169 seconds
[2022-03-24 02:52:45,059] {processor.py:163} INFO - Started process (PID=483) to work on /home/airflow/.local/lib/python3.7/site-packages/airflow/example_dags/example_short_circuit_operator.py
[2022-03-24 02:52:45,063] {processor.py:642} INFO - Processing file /home/airflow/.local/lib/python3.7/site-packages/airflow/example_dags/example_short_circuit_operator.py for tasks to queue
[2022-03-24 02:52:45,066] {logging_mixin.py:109} INFO - [2022-03-24 02:52:45,066] {dagbag.py:500} INFO - Filling up the DagBag from /home/airflow/.local/lib/python3.7/site-packages/airflow/example_dags/example_short_circuit_operator.py
[2022-03-24 02:52:45,113] {processor.py:654} INFO - DAG(s) dict_keys(['example_short_circuit_operator']) retrieved from /home/airflow/.local/lib/python3.7/site-packages/airflow/example_dags/example_short_circuit_operator.py
[2022-03-24 02:52:45,128] {logging_mixin.py:109} INFO - [2022-03-24 02:52:45,128] {dag.py:2398} INFO - Sync 1 DAGs
[2022-03-24 02:52:45,146] {logging_mixin.py:109} INFO - [2022-03-24 02:52:45,146] {dag.py:2937} INFO - Setting next_dagrun for example_short_circuit_operator to 2022-03-23T02:52:45.146094+00:00
[2022-03-24 02:52:45,165] {processor.py:171} INFO - Processing /home/airflow/.local/lib/python3.7/site-packages/airflow/example_dags/example_short_circuit_operator.py took 0.116 seconds
[2022-03-24 02:53:15,576] {processor.py:163} INFO - Started process (PID=532) to work on /home/airflow/.local/lib/python3.7/site-packages/airflow/example_dags/example_short_circuit_operator.py
[2022-03-24 02:53:15,580] {processor.py:642} INFO - Processing file /home/airflow/.local/lib/python3.7/site-packages/airflow/example_dags/example_short_circuit_operator.py for tasks to queue
[2022-03-24 02:53:15,583] {logging_mixin.py:109} INFO - [2022-03-24 02:53:15,582] {dagbag.py:500} INFO - Filling up the DagBag from /home/airflow/.local/lib/python3.7/site-packages/airflow/example_dags/example_short_circuit_operator.py
[2022-03-24 02:53:15,634] {processor.py:654} INFO - DAG(s) dict_keys(['example_short_circuit_operator']) retrieved from /home/airflow/.local/lib/python3.7/site-packages/airflow/example_dags/example_short_circuit_operator.py
[2022-03-24 02:53:15,647] {logging_mixin.py:109} INFO - [2022-03-24 02:53:15,646] {dag.py:2398} INFO - Sync 1 DAGs
[2022-03-24 02:53:15,697] {logging_mixin.py:109} INFO - [2022-03-24 02:53:15,697] {dag.py:2937} INFO - Setting next_dagrun for example_short_circuit_operator to 2022-03-23T02:53:15.696333+00:00
[2022-03-24 02:53:15,709] {processor.py:171} INFO - Processing /home/airflow/.local/lib/python3.7/site-packages/airflow/example_dags/example_short_circuit_operator.py took 0.142 seconds
[2022-03-24 02:53:46,108] {processor.py:163} INFO - Started process (PID=590) to work on /home/airflow/.local/lib/python3.7/site-packages/airflow/example_dags/example_short_circuit_operator.py
[2022-03-24 02:53:46,123] {processor.py:642} INFO - Processing file /home/airflow/.local/lib/python3.7/site-packages/airflow/example_dags/example_short_circuit_operator.py for tasks to queue
[2022-03-24 02:53:46,141] {logging_mixin.py:109} INFO - [2022-03-24 02:53:46,140] {dagbag.py:500} INFO - Filling up the DagBag from /home/airflow/.local/lib/python3.7/site-packages/airflow/example_dags/example_short_circuit_operator.py
[2022-03-24 02:53:46,464] {processor.py:654} INFO - DAG(s) dict_keys(['example_short_circuit_operator']) retrieved from /home/airflow/.local/lib/python3.7/site-packages/airflow/example_dags/example_short_circuit_operator.py
[2022-03-24 02:53:46,550] {logging_mixin.py:109} INFO - [2022-03-24 02:53:46,550] {dag.py:2398} INFO - Sync 1 DAGs
[2022-03-24 02:53:46,594] {logging_mixin.py:109} INFO - [2022-03-24 02:53:46,594] {dag.py:2937} INFO - Setting next_dagrun for example_short_circuit_operator to 2022-03-23T02:53:46.593753+00:00
[2022-03-24 02:53:46,647] {processor.py:171} INFO - Processing /home/airflow/.local/lib/python3.7/site-packages/airflow/example_dags/example_short_circuit_operator.py took 0.619 seconds
[2022-03-24 02:54:17,179] {processor.py:163} INFO - Started process (PID=641) to work on /home/airflow/.local/lib/python3.7/site-packages/airflow/example_dags/example_short_circuit_operator.py
[2022-03-24 02:54:17,187] {processor.py:642} INFO - Processing file /home/airflow/.local/lib/python3.7/site-packages/airflow/example_dags/example_short_circuit_operator.py for tasks to queue
[2022-03-24 02:54:17,189] {logging_mixin.py:109} INFO - [2022-03-24 02:54:17,189] {dagbag.py:500} INFO - Filling up the DagBag from /home/airflow/.local/lib/python3.7/site-packages/airflow/example_dags/example_short_circuit_operator.py
[2022-03-24 02:54:17,262] {processor.py:654} INFO - DAG(s) dict_keys(['example_short_circuit_operator']) retrieved from /home/airflow/.local/lib/python3.7/site-packages/airflow/example_dags/example_short_circuit_operator.py
[2022-03-24 02:54:17,284] {logging_mixin.py:109} INFO - [2022-03-24 02:54:17,283] {dag.py:2398} INFO - Sync 1 DAGs
[2022-03-24 02:54:17,310] {logging_mixin.py:109} INFO - [2022-03-24 02:54:17,310] {dag.py:2937} INFO - Setting next_dagrun for example_short_circuit_operator to 2022-03-23T02:54:17.310049+00:00
[2022-03-24 02:54:17,330] {processor.py:171} INFO - Processing /home/airflow/.local/lib/python3.7/site-packages/airflow/example_dags/example_short_circuit_operator.py took 0.165 seconds
[2022-03-24 02:54:48,515] {processor.py:163} INFO - Started process (PID=674) to work on /home/airflow/.local/lib/python3.7/site-packages/airflow/example_dags/example_short_circuit_operator.py
[2022-03-24 02:54:48,518] {processor.py:642} INFO - Processing file /home/airflow/.local/lib/python3.7/site-packages/airflow/example_dags/example_short_circuit_operator.py for tasks to queue
[2022-03-24 02:54:48,520] {logging_mixin.py:109} INFO - [2022-03-24 02:54:48,520] {dagbag.py:500} INFO - Filling up the DagBag from /home/airflow/.local/lib/python3.7/site-packages/airflow/example_dags/example_short_circuit_operator.py
[2022-03-24 02:54:48,595] {processor.py:654} INFO - DAG(s) dict_keys(['example_short_circuit_operator']) retrieved from /home/airflow/.local/lib/python3.7/site-packages/airflow/example_dags/example_short_circuit_operator.py
[2022-03-24 02:54:48,612] {logging_mixin.py:109} INFO - [2022-03-24 02:54:48,611] {dag.py:2398} INFO - Sync 1 DAGs
[2022-03-24 02:54:48,629] {logging_mixin.py:109} INFO - [2022-03-24 02:54:48,629] {dag.py:2937} INFO - Setting next_dagrun for example_short_circuit_operator to 2022-03-23T02:54:48.628778+00:00
[2022-03-24 02:54:48,643] {processor.py:171} INFO - Processing /home/airflow/.local/lib/python3.7/site-packages/airflow/example_dags/example_short_circuit_operator.py took 0.132 seconds
[2022-03-24 02:55:18,796] {processor.py:163} INFO - Started process (PID=724) to work on /home/airflow/.local/lib/python3.7/site-packages/airflow/example_dags/example_short_circuit_operator.py
[2022-03-24 02:55:18,800] {processor.py:642} INFO - Processing file /home/airflow/.local/lib/python3.7/site-packages/airflow/example_dags/example_short_circuit_operator.py for tasks to queue
[2022-03-24 02:55:18,806] {logging_mixin.py:109} INFO - [2022-03-24 02:55:18,805] {dagbag.py:500} INFO - Filling up the DagBag from /home/airflow/.local/lib/python3.7/site-packages/airflow/example_dags/example_short_circuit_operator.py
[2022-03-24 02:55:18,891] {processor.py:654} INFO - DAG(s) dict_keys(['example_short_circuit_operator']) retrieved from /home/airflow/.local/lib/python3.7/site-packages/airflow/example_dags/example_short_circuit_operator.py
[2022-03-24 02:55:18,919] {logging_mixin.py:109} INFO - [2022-03-24 02:55:18,918] {dag.py:2398} INFO - Sync 1 DAGs
[2022-03-24 02:55:18,957] {logging_mixin.py:109} INFO - [2022-03-24 02:55:18,957] {dag.py:2937} INFO - Setting next_dagrun for example_short_circuit_operator to 2022-03-23T02:55:18.957033+00:00
[2022-03-24 02:55:18,972] {processor.py:171} INFO - Processing /home/airflow/.local/lib/python3.7/site-packages/airflow/example_dags/example_short_circuit_operator.py took 0.180 seconds
[2022-03-24 02:55:49,775] {processor.py:163} INFO - Started process (PID=773) to work on /home/airflow/.local/lib/python3.7/site-packages/airflow/example_dags/example_short_circuit_operator.py
[2022-03-24 02:55:49,783] {processor.py:642} INFO - Processing file /home/airflow/.local/lib/python3.7/site-packages/airflow/example_dags/example_short_circuit_operator.py for tasks to queue
[2022-03-24 02:55:49,787] {logging_mixin.py:109} INFO - [2022-03-24 02:55:49,786] {dagbag.py:500} INFO - Filling up the DagBag from /home/airflow/.local/lib/python3.7/site-packages/airflow/example_dags/example_short_circuit_operator.py
[2022-03-24 02:55:49,908] {processor.py:654} INFO - DAG(s) dict_keys(['example_short_circuit_operator']) retrieved from /home/airflow/.local/lib/python3.7/site-packages/airflow/example_dags/example_short_circuit_operator.py
[2022-03-24 02:55:49,952] {logging_mixin.py:109} INFO - [2022-03-24 02:55:49,952] {dag.py:2398} INFO - Sync 1 DAGs
[2022-03-24 02:55:49,986] {logging_mixin.py:109} INFO - [2022-03-24 02:55:49,986] {dag.py:2937} INFO - Setting next_dagrun for example_short_circuit_operator to 2022-03-23T02:55:49.985858+00:00
[2022-03-24 02:55:50,003] {processor.py:171} INFO - Processing /home/airflow/.local/lib/python3.7/site-packages/airflow/example_dags/example_short_circuit_operator.py took 0.247 seconds
[2022-03-24 02:56:20,973] {processor.py:163} INFO - Started process (PID=823) to work on /home/airflow/.local/lib/python3.7/site-packages/airflow/example_dags/example_short_circuit_operator.py
[2022-03-24 02:56:20,976] {processor.py:642} INFO - Processing file /home/airflow/.local/lib/python3.7/site-packages/airflow/example_dags/example_short_circuit_operator.py for tasks to queue
[2022-03-24 02:56:20,979] {logging_mixin.py:109} INFO - [2022-03-24 02:56:20,978] {dagbag.py:500} INFO - Filling up the DagBag from /home/airflow/.local/lib/python3.7/site-packages/airflow/example_dags/example_short_circuit_operator.py
[2022-03-24 02:56:21,032] {processor.py:654} INFO - DAG(s) dict_keys(['example_short_circuit_operator']) retrieved from /home/airflow/.local/lib/python3.7/site-packages/airflow/example_dags/example_short_circuit_operator.py
[2022-03-24 02:56:21,049] {logging_mixin.py:109} INFO - [2022-03-24 02:56:21,048] {dag.py:2398} INFO - Sync 1 DAGs
[2022-03-24 02:56:21,074] {logging_mixin.py:109} INFO - [2022-03-24 02:56:21,074] {dag.py:2937} INFO - Setting next_dagrun for example_short_circuit_operator to 2022-03-23T02:56:21.073968+00:00
[2022-03-24 02:56:21,091] {processor.py:171} INFO - Processing /home/airflow/.local/lib/python3.7/site-packages/airflow/example_dags/example_short_circuit_operator.py took 0.123 seconds
[2022-03-24 02:56:51,385] {processor.py:163} INFO - Started process (PID=873) to work on /home/airflow/.local/lib/python3.7/site-packages/airflow/example_dags/example_short_circuit_operator.py
[2022-03-24 02:56:51,393] {processor.py:642} INFO - Processing file /home/airflow/.local/lib/python3.7/site-packages/airflow/example_dags/example_short_circuit_operator.py for tasks to queue
[2022-03-24 02:56:51,396] {logging_mixin.py:109} INFO - [2022-03-24 02:56:51,396] {dagbag.py:500} INFO - Filling up the DagBag from /home/airflow/.local/lib/python3.7/site-packages/airflow/example_dags/example_short_circuit_operator.py
[2022-03-24 02:56:51,453] {processor.py:654} INFO - DAG(s) dict_keys(['example_short_circuit_operator']) retrieved from /home/airflow/.local/lib/python3.7/site-packages/airflow/example_dags/example_short_circuit_operator.py
[2022-03-24 02:56:51,469] {logging_mixin.py:109} INFO - [2022-03-24 02:56:51,469] {dag.py:2398} INFO - Sync 1 DAGs
[2022-03-24 02:56:51,499] {logging_mixin.py:109} INFO - [2022-03-24 02:56:51,499] {dag.py:2937} INFO - Setting next_dagrun for example_short_circuit_operator to 2022-03-23T02:56:51.493815+00:00
[2022-03-24 02:56:51,524] {processor.py:171} INFO - Processing /home/airflow/.local/lib/python3.7/site-packages/airflow/example_dags/example_short_circuit_operator.py took 0.148 seconds
[2022-03-24 02:57:21,605] {processor.py:163} INFO - Started process (PID=921) to work on /home/airflow/.local/lib/python3.7/site-packages/airflow/example_dags/example_short_circuit_operator.py
[2022-03-24 02:57:21,611] {processor.py:642} INFO - Processing file /home/airflow/.local/lib/python3.7/site-packages/airflow/example_dags/example_short_circuit_operator.py for tasks to queue
[2022-03-24 02:57:21,613] {logging_mixin.py:109} INFO - [2022-03-24 02:57:21,613] {dagbag.py:500} INFO - Filling up the DagBag from /home/airflow/.local/lib/python3.7/site-packages/airflow/example_dags/example_short_circuit_operator.py
[2022-03-24 02:57:21,663] {processor.py:654} INFO - DAG(s) dict_keys(['example_short_circuit_operator']) retrieved from /home/airflow/.local/lib/python3.7/site-packages/airflow/example_dags/example_short_circuit_operator.py
[2022-03-24 02:57:21,675] {logging_mixin.py:109} INFO - [2022-03-24 02:57:21,675] {dag.py:2398} INFO - Sync 1 DAGs
[2022-03-24 02:57:21,702] {logging_mixin.py:109} INFO - [2022-03-24 02:57:21,701] {dag.py:2937} INFO - Setting next_dagrun for example_short_circuit_operator to 2022-03-23T02:57:21.701648+00:00
[2022-03-24 02:57:21,728] {processor.py:171} INFO - Processing /home/airflow/.local/lib/python3.7/site-packages/airflow/example_dags/example_short_circuit_operator.py took 0.127 seconds
[2022-03-24 02:57:52,106] {processor.py:163} INFO - Started process (PID=973) to work on /home/airflow/.local/lib/python3.7/site-packages/airflow/example_dags/example_short_circuit_operator.py
[2022-03-24 02:57:52,108] {processor.py:642} INFO - Processing file /home/airflow/.local/lib/python3.7/site-packages/airflow/example_dags/example_short_circuit_operator.py for tasks to queue
[2022-03-24 02:57:52,109] {logging_mixin.py:109} INFO - [2022-03-24 02:57:52,109] {dagbag.py:500} INFO - Filling up the DagBag from /home/airflow/.local/lib/python3.7/site-packages/airflow/example_dags/example_short_circuit_operator.py
[2022-03-24 02:57:52,186] {processor.py:654} INFO - DAG(s) dict_keys(['example_short_circuit_operator']) retrieved from /home/airflow/.local/lib/python3.7/site-packages/airflow/example_dags/example_short_circuit_operator.py
[2022-03-24 02:57:52,200] {logging_mixin.py:109} INFO - [2022-03-24 02:57:52,200] {dag.py:2398} INFO - Sync 1 DAGs
[2022-03-24 02:57:52,229] {logging_mixin.py:109} INFO - [2022-03-24 02:57:52,229] {dag.py:2937} INFO - Setting next_dagrun for example_short_circuit_operator to 2022-03-23T02:57:52.229117+00:00
[2022-03-24 02:57:52,309] {processor.py:171} INFO - Processing /home/airflow/.local/lib/python3.7/site-packages/airflow/example_dags/example_short_circuit_operator.py took 0.210 seconds
[2022-03-24 02:58:22,862] {processor.py:163} INFO - Started process (PID=1024) to work on /home/airflow/.local/lib/python3.7/site-packages/airflow/example_dags/example_short_circuit_operator.py
[2022-03-24 02:58:22,891] {processor.py:642} INFO - Processing file /home/airflow/.local/lib/python3.7/site-packages/airflow/example_dags/example_short_circuit_operator.py for tasks to queue
[2022-03-24 02:58:22,894] {logging_mixin.py:109} INFO - [2022-03-24 02:58:22,894] {dagbag.py:500} INFO - Filling up the DagBag from /home/airflow/.local/lib/python3.7/site-packages/airflow/example_dags/example_short_circuit_operator.py
[2022-03-24 02:58:22,992] {processor.py:654} INFO - DAG(s) dict_keys(['example_short_circuit_operator']) retrieved from /home/airflow/.local/lib/python3.7/site-packages/airflow/example_dags/example_short_circuit_operator.py
[2022-03-24 02:58:23,068] {logging_mixin.py:109} INFO - [2022-03-24 02:58:23,068] {dag.py:2398} INFO - Sync 1 DAGs
[2022-03-24 02:58:23,146] {logging_mixin.py:109} INFO - [2022-03-24 02:58:23,146] {dag.py:2937} INFO - Setting next_dagrun for example_short_circuit_operator to 2022-03-23T02:58:23.145768+00:00
[2022-03-24 02:58:23,174] {processor.py:171} INFO - Processing /home/airflow/.local/lib/python3.7/site-packages/airflow/example_dags/example_short_circuit_operator.py took 0.357 seconds
[2022-03-24 02:58:53,918] {processor.py:163} INFO - Started process (PID=1086) to work on /home/airflow/.local/lib/python3.7/site-packages/airflow/example_dags/example_short_circuit_operator.py
[2022-03-24 02:58:53,923] {processor.py:642} INFO - Processing file /home/airflow/.local/lib/python3.7/site-packages/airflow/example_dags/example_short_circuit_operator.py for tasks to queue
[2022-03-24 02:58:53,935] {logging_mixin.py:109} INFO - [2022-03-24 02:58:53,930] {dagbag.py:500} INFO - Filling up the DagBag from /home/airflow/.local/lib/python3.7/site-packages/airflow/example_dags/example_short_circuit_operator.py
[2022-03-24 02:58:54,054] {processor.py:654} INFO - DAG(s) dict_keys(['example_short_circuit_operator']) retrieved from /home/airflow/.local/lib/python3.7/site-packages/airflow/example_dags/example_short_circuit_operator.py
[2022-03-24 02:58:54,099] {logging_mixin.py:109} INFO - [2022-03-24 02:58:54,099] {dag.py:2398} INFO - Sync 1 DAGs
[2022-03-24 02:58:54,147] {logging_mixin.py:109} INFO - [2022-03-24 02:58:54,146] {dag.py:2937} INFO - Setting next_dagrun for example_short_circuit_operator to 2022-03-23T02:58:54.146521+00:00
[2022-03-24 02:58:54,186] {processor.py:171} INFO - Processing /home/airflow/.local/lib/python3.7/site-packages/airflow/example_dags/example_short_circuit_operator.py took 0.288 seconds
[2022-03-24 02:59:24,895] {processor.py:163} INFO - Started process (PID=1138) to work on /home/airflow/.local/lib/python3.7/site-packages/airflow/example_dags/example_short_circuit_operator.py
[2022-03-24 02:59:24,963] {processor.py:642} INFO - Processing file /home/airflow/.local/lib/python3.7/site-packages/airflow/example_dags/example_short_circuit_operator.py for tasks to queue
[2022-03-24 02:59:24,974] {logging_mixin.py:109} INFO - [2022-03-24 02:59:24,973] {dagbag.py:500} INFO - Filling up the DagBag from /home/airflow/.local/lib/python3.7/site-packages/airflow/example_dags/example_short_circuit_operator.py
[2022-03-24 02:59:25,397] {processor.py:654} INFO - DAG(s) dict_keys(['example_short_circuit_operator']) retrieved from /home/airflow/.local/lib/python3.7/site-packages/airflow/example_dags/example_short_circuit_operator.py
[2022-03-24 02:59:25,632] {logging_mixin.py:109} INFO - [2022-03-24 02:59:25,632] {dag.py:2398} INFO - Sync 1 DAGs
[2022-03-24 02:59:25,835] {logging_mixin.py:109} INFO - [2022-03-24 02:59:25,835] {dag.py:2937} INFO - Setting next_dagrun for example_short_circuit_operator to 2022-03-23T02:59:25.834848+00:00
[2022-03-24 02:59:26,551] {processor.py:171} INFO - Processing /home/airflow/.local/lib/python3.7/site-packages/airflow/example_dags/example_short_circuit_operator.py took 1.659 seconds
[2022-03-24 02:59:56,912] {processor.py:163} INFO - Started process (PID=1190) to work on /home/airflow/.local/lib/python3.7/site-packages/airflow/example_dags/example_short_circuit_operator.py
[2022-03-24 02:59:56,918] {processor.py:642} INFO - Processing file /home/airflow/.local/lib/python3.7/site-packages/airflow/example_dags/example_short_circuit_operator.py for tasks to queue
[2022-03-24 02:59:56,919] {logging_mixin.py:109} INFO - [2022-03-24 02:59:56,919] {dagbag.py:500} INFO - Filling up the DagBag from /home/airflow/.local/lib/python3.7/site-packages/airflow/example_dags/example_short_circuit_operator.py
[2022-03-24 02:59:57,043] {processor.py:654} INFO - DAG(s) dict_keys(['example_short_circuit_operator']) retrieved from /home/airflow/.local/lib/python3.7/site-packages/airflow/example_dags/example_short_circuit_operator.py
[2022-03-24 02:59:57,115] {logging_mixin.py:109} INFO - [2022-03-24 02:59:57,114] {dag.py:2398} INFO - Sync 1 DAGs
[2022-03-24 02:59:57,178] {logging_mixin.py:109} INFO - [2022-03-24 02:59:57,178] {dag.py:2937} INFO - Setting next_dagrun for example_short_circuit_operator to 2022-03-23T02:59:57.177971+00:00
[2022-03-24 02:59:57,220] {processor.py:171} INFO - Processing /home/airflow/.local/lib/python3.7/site-packages/airflow/example_dags/example_short_circuit_operator.py took 0.312 seconds
[2022-03-24 03:00:27,371] {processor.py:163} INFO - Started process (PID=1241) to work on /home/airflow/.local/lib/python3.7/site-packages/airflow/example_dags/example_short_circuit_operator.py
[2022-03-24 03:00:27,391] {processor.py:642} INFO - Processing file /home/airflow/.local/lib/python3.7/site-packages/airflow/example_dags/example_short_circuit_operator.py for tasks to queue
[2022-03-24 03:00:27,394] {logging_mixin.py:109} INFO - [2022-03-24 03:00:27,394] {dagbag.py:500} INFO - Filling up the DagBag from /home/airflow/.local/lib/python3.7/site-packages/airflow/example_dags/example_short_circuit_operator.py
[2022-03-24 03:00:27,579] {processor.py:654} INFO - DAG(s) dict_keys(['example_short_circuit_operator']) retrieved from /home/airflow/.local/lib/python3.7/site-packages/airflow/example_dags/example_short_circuit_operator.py
[2022-03-24 03:00:27,642] {logging_mixin.py:109} INFO - [2022-03-24 03:00:27,642] {dag.py:2398} INFO - Sync 1 DAGs
[2022-03-24 03:00:27,676] {logging_mixin.py:109} INFO - [2022-03-24 03:00:27,676] {dag.py:2937} INFO - Setting next_dagrun for example_short_circuit_operator to 2022-03-23T03:00:27.675720+00:00
[2022-03-24 03:00:27,704] {processor.py:171} INFO - Processing /home/airflow/.local/lib/python3.7/site-packages/airflow/example_dags/example_short_circuit_operator.py took 0.353 seconds
[2022-03-24 03:00:57,996] {processor.py:163} INFO - Started process (PID=1290) to work on /home/airflow/.local/lib/python3.7/site-packages/airflow/example_dags/example_short_circuit_operator.py
[2022-03-24 03:00:58,027] {processor.py:642} INFO - Processing file /home/airflow/.local/lib/python3.7/site-packages/airflow/example_dags/example_short_circuit_operator.py for tasks to queue
[2022-03-24 03:00:58,035] {logging_mixin.py:109} INFO - [2022-03-24 03:00:58,034] {dagbag.py:500} INFO - Filling up the DagBag from /home/airflow/.local/lib/python3.7/site-packages/airflow/example_dags/example_short_circuit_operator.py
[2022-03-24 03:00:58,152] {processor.py:654} INFO - DAG(s) dict_keys(['example_short_circuit_operator']) retrieved from /home/airflow/.local/lib/python3.7/site-packages/airflow/example_dags/example_short_circuit_operator.py
[2022-03-24 03:00:58,197] {logging_mixin.py:109} INFO - [2022-03-24 03:00:58,197] {dag.py:2398} INFO - Sync 1 DAGs
[2022-03-24 03:00:58,242] {logging_mixin.py:109} INFO - [2022-03-24 03:00:58,242] {dag.py:2937} INFO - Setting next_dagrun for example_short_circuit_operator to 2022-03-23T03:00:58.241666+00:00
[2022-03-24 03:00:58,289] {processor.py:171} INFO - Processing /home/airflow/.local/lib/python3.7/site-packages/airflow/example_dags/example_short_circuit_operator.py took 0.321 seconds
[2022-03-24 03:01:29,533] {processor.py:163} INFO - Started process (PID=1340) to work on /home/airflow/.local/lib/python3.7/site-packages/airflow/example_dags/example_short_circuit_operator.py
[2022-03-24 03:01:29,861] {processor.py:642} INFO - Processing file /home/airflow/.local/lib/python3.7/site-packages/airflow/example_dags/example_short_circuit_operator.py for tasks to queue
[2022-03-24 03:01:29,880] {logging_mixin.py:109} INFO - [2022-03-24 03:01:29,880] {dagbag.py:500} INFO - Filling up the DagBag from /home/airflow/.local/lib/python3.7/site-packages/airflow/example_dags/example_short_circuit_operator.py
[2022-03-24 03:01:30,164] {processor.py:654} INFO - DAG(s) dict_keys(['example_short_circuit_operator']) retrieved from /home/airflow/.local/lib/python3.7/site-packages/airflow/example_dags/example_short_circuit_operator.py
[2022-03-24 03:01:30,336] {logging_mixin.py:109} INFO - [2022-03-24 03:01:30,336] {dag.py:2398} INFO - Sync 1 DAGs
[2022-03-24 03:01:30,509] {logging_mixin.py:109} INFO - [2022-03-24 03:01:30,509] {dag.py:2937} INFO - Setting next_dagrun for example_short_circuit_operator to 2022-03-23T03:01:30.509112+00:00
[2022-03-24 03:01:30,884] {processor.py:171} INFO - Processing /home/airflow/.local/lib/python3.7/site-packages/airflow/example_dags/example_short_circuit_operator.py took 1.369 seconds
[2022-03-24 03:02:02,007] {processor.py:163} INFO - Started process (PID=1390) to work on /home/airflow/.local/lib/python3.7/site-packages/airflow/example_dags/example_short_circuit_operator.py
[2022-03-24 03:02:02,014] {processor.py:642} INFO - Processing file /home/airflow/.local/lib/python3.7/site-packages/airflow/example_dags/example_short_circuit_operator.py for tasks to queue
[2022-03-24 03:02:02,015] {logging_mixin.py:109} INFO - [2022-03-24 03:02:02,015] {dagbag.py:500} INFO - Filling up the DagBag from /home/airflow/.local/lib/python3.7/site-packages/airflow/example_dags/example_short_circuit_operator.py
[2022-03-24 03:02:02,086] {processor.py:654} INFO - DAG(s) dict_keys(['example_short_circuit_operator']) retrieved from /home/airflow/.local/lib/python3.7/site-packages/airflow/example_dags/example_short_circuit_operator.py
[2022-03-24 03:02:02,106] {logging_mixin.py:109} INFO - [2022-03-24 03:02:02,106] {dag.py:2398} INFO - Sync 1 DAGs
[2022-03-24 03:02:02,145] {logging_mixin.py:109} INFO - [2022-03-24 03:02:02,145] {dag.py:2937} INFO - Setting next_dagrun for example_short_circuit_operator to 2022-03-23T03:02:02.144270+00:00
[2022-03-24 03:02:02,163] {processor.py:171} INFO - Processing /home/airflow/.local/lib/python3.7/site-packages/airflow/example_dags/example_short_circuit_operator.py took 0.163 seconds
[2022-03-24 03:02:32,302] {processor.py:163} INFO - Started process (PID=1442) to work on /home/airflow/.local/lib/python3.7/site-packages/airflow/example_dags/example_short_circuit_operator.py
[2022-03-24 03:02:32,637] {processor.py:642} INFO - Processing file /home/airflow/.local/lib/python3.7/site-packages/airflow/example_dags/example_short_circuit_operator.py for tasks to queue
[2022-03-24 03:02:32,841] {logging_mixin.py:109} INFO - [2022-03-24 03:02:32,841] {dagbag.py:500} INFO - Filling up the DagBag from /home/airflow/.local/lib/python3.7/site-packages/airflow/example_dags/example_short_circuit_operator.py
[2022-03-24 03:02:32,888] {processor.py:654} INFO - DAG(s) dict_keys(['example_short_circuit_operator']) retrieved from /home/airflow/.local/lib/python3.7/site-packages/airflow/example_dags/example_short_circuit_operator.py
[2022-03-24 03:02:33,104] {logging_mixin.py:109} INFO - [2022-03-24 03:02:33,104] {dag.py:2398} INFO - Sync 1 DAGs
[2022-03-24 03:02:33,144] {logging_mixin.py:109} INFO - [2022-03-24 03:02:33,144] {dag.py:2937} INFO - Setting next_dagrun for example_short_circuit_operator to 2022-03-23T03:02:33.144177+00:00
[2022-03-24 03:02:33,177] {processor.py:171} INFO - Processing /home/airflow/.local/lib/python3.7/site-packages/airflow/example_dags/example_short_circuit_operator.py took 0.879 seconds
[2022-03-24 03:03:03,495] {processor.py:163} INFO - Started process (PID=1493) to work on /home/airflow/.local/lib/python3.7/site-packages/airflow/example_dags/example_short_circuit_operator.py
[2022-03-24 03:03:03,573] {processor.py:642} INFO - Processing file /home/airflow/.local/lib/python3.7/site-packages/airflow/example_dags/example_short_circuit_operator.py for tasks to queue
[2022-03-24 03:03:03,575] {logging_mixin.py:109} INFO - [2022-03-24 03:03:03,575] {dagbag.py:500} INFO - Filling up the DagBag from /home/airflow/.local/lib/python3.7/site-packages/airflow/example_dags/example_short_circuit_operator.py
[2022-03-24 03:03:03,649] {processor.py:654} INFO - DAG(s) dict_keys(['example_short_circuit_operator']) retrieved from /home/airflow/.local/lib/python3.7/site-packages/airflow/example_dags/example_short_circuit_operator.py
[2022-03-24 03:03:03,728] {logging_mixin.py:109} INFO - [2022-03-24 03:03:03,728] {dag.py:2398} INFO - Sync 1 DAGs
[2022-03-24 03:03:03,789] {logging_mixin.py:109} INFO - [2022-03-24 03:03:03,788] {dag.py:2937} INFO - Setting next_dagrun for example_short_circuit_operator to 2022-03-23T03:03:03.786149+00:00
[2022-03-24 03:03:03,841] {processor.py:171} INFO - Processing /home/airflow/.local/lib/python3.7/site-packages/airflow/example_dags/example_short_circuit_operator.py took 0.350 seconds
[2022-03-24 03:03:33,991] {processor.py:163} INFO - Started process (PID=1547) to work on /home/airflow/.local/lib/python3.7/site-packages/airflow/example_dags/example_short_circuit_operator.py
[2022-03-24 03:03:34,001] {processor.py:642} INFO - Processing file /home/airflow/.local/lib/python3.7/site-packages/airflow/example_dags/example_short_circuit_operator.py for tasks to queue
[2022-03-24 03:03:34,004] {logging_mixin.py:109} INFO - [2022-03-24 03:03:34,004] {dagbag.py:500} INFO - Filling up the DagBag from /home/airflow/.local/lib/python3.7/site-packages/airflow/example_dags/example_short_circuit_operator.py
[2022-03-24 03:03:34,275] {processor.py:654} INFO - DAG(s) dict_keys(['example_short_circuit_operator']) retrieved from /home/airflow/.local/lib/python3.7/site-packages/airflow/example_dags/example_short_circuit_operator.py
[2022-03-24 03:03:34,321] {logging_mixin.py:109} INFO - [2022-03-24 03:03:34,321] {dag.py:2398} INFO - Sync 1 DAGs
[2022-03-24 03:03:34,374] {logging_mixin.py:109} INFO - [2022-03-24 03:03:34,374] {dag.py:2937} INFO - Setting next_dagrun for example_short_circuit_operator to 2022-03-23T03:03:34.373779+00:00
[2022-03-24 03:03:34,410] {processor.py:171} INFO - Processing /home/airflow/.local/lib/python3.7/site-packages/airflow/example_dags/example_short_circuit_operator.py took 0.450 seconds
[2022-03-24 03:04:05,320] {processor.py:163} INFO - Started process (PID=1607) to work on /home/airflow/.local/lib/python3.7/site-packages/airflow/example_dags/example_short_circuit_operator.py
[2022-03-24 03:04:05,325] {processor.py:642} INFO - Processing file /home/airflow/.local/lib/python3.7/site-packages/airflow/example_dags/example_short_circuit_operator.py for tasks to queue
[2022-03-24 03:04:05,326] {logging_mixin.py:109} INFO - [2022-03-24 03:04:05,326] {dagbag.py:500} INFO - Filling up the DagBag from /home/airflow/.local/lib/python3.7/site-packages/airflow/example_dags/example_short_circuit_operator.py
[2022-03-24 03:04:05,390] {processor.py:654} INFO - DAG(s) dict_keys(['example_short_circuit_operator']) retrieved from /home/airflow/.local/lib/python3.7/site-packages/airflow/example_dags/example_short_circuit_operator.py
[2022-03-24 03:04:05,405] {logging_mixin.py:109} INFO - [2022-03-24 03:04:05,405] {dag.py:2398} INFO - Sync 1 DAGs
[2022-03-24 03:04:05,433] {logging_mixin.py:109} INFO - [2022-03-24 03:04:05,433] {dag.py:2937} INFO - Setting next_dagrun for example_short_circuit_operator to 2022-03-23T03:04:05.433512+00:00
[2022-03-24 03:04:05,454] {processor.py:171} INFO - Processing /home/airflow/.local/lib/python3.7/site-packages/airflow/example_dags/example_short_circuit_operator.py took 0.143 seconds
[2022-03-24 03:04:35,612] {processor.py:163} INFO - Started process (PID=1659) to work on /home/airflow/.local/lib/python3.7/site-packages/airflow/example_dags/example_short_circuit_operator.py
[2022-03-24 03:04:35,619] {processor.py:642} INFO - Processing file /home/airflow/.local/lib/python3.7/site-packages/airflow/example_dags/example_short_circuit_operator.py for tasks to queue
[2022-03-24 03:04:35,778] {logging_mixin.py:109} INFO - [2022-03-24 03:04:35,778] {dagbag.py:500} INFO - Filling up the DagBag from /home/airflow/.local/lib/python3.7/site-packages/airflow/example_dags/example_short_circuit_operator.py
[2022-03-24 03:04:35,848] {processor.py:654} INFO - DAG(s) dict_keys(['example_short_circuit_operator']) retrieved from /home/airflow/.local/lib/python3.7/site-packages/airflow/example_dags/example_short_circuit_operator.py
[2022-03-24 03:04:36,044] {logging_mixin.py:109} INFO - [2022-03-24 03:04:36,043] {dag.py:2398} INFO - Sync 1 DAGs
[2022-03-24 03:04:36,197] {logging_mixin.py:109} INFO - [2022-03-24 03:04:36,197] {dag.py:2937} INFO - Setting next_dagrun for example_short_circuit_operator to 2022-03-23T03:04:36.197047+00:00
[2022-03-24 03:04:36,551] {processor.py:171} INFO - Processing /home/airflow/.local/lib/python3.7/site-packages/airflow/example_dags/example_short_circuit_operator.py took 0.946 seconds
[2022-03-24 03:05:07,237] {processor.py:163} INFO - Started process (PID=1713) to work on /home/airflow/.local/lib/python3.7/site-packages/airflow/example_dags/example_short_circuit_operator.py
[2022-03-24 03:05:07,239] {processor.py:642} INFO - Processing file /home/airflow/.local/lib/python3.7/site-packages/airflow/example_dags/example_short_circuit_operator.py for tasks to queue
[2022-03-24 03:05:07,242] {logging_mixin.py:109} INFO - [2022-03-24 03:05:07,242] {dagbag.py:500} INFO - Filling up the DagBag from /home/airflow/.local/lib/python3.7/site-packages/airflow/example_dags/example_short_circuit_operator.py
[2022-03-24 03:05:07,285] {processor.py:654} INFO - DAG(s) dict_keys(['example_short_circuit_operator']) retrieved from /home/airflow/.local/lib/python3.7/site-packages/airflow/example_dags/example_short_circuit_operator.py
[2022-03-24 03:05:07,298] {logging_mixin.py:109} INFO - [2022-03-24 03:05:07,298] {dag.py:2398} INFO - Sync 1 DAGs
[2022-03-24 03:05:07,314] {logging_mixin.py:109} INFO - [2022-03-24 03:05:07,313] {dag.py:2937} INFO - Setting next_dagrun for example_short_circuit_operator to 2022-03-23T03:05:07.313298+00:00
[2022-03-24 03:05:07,327] {processor.py:171} INFO - Processing /home/airflow/.local/lib/python3.7/site-packages/airflow/example_dags/example_short_circuit_operator.py took 0.093 seconds
[2022-03-24 03:05:38,132] {processor.py:163} INFO - Started process (PID=1772) to work on /home/airflow/.local/lib/python3.7/site-packages/airflow/example_dags/example_short_circuit_operator.py
[2022-03-24 03:05:38,140] {processor.py:642} INFO - Processing file /home/airflow/.local/lib/python3.7/site-packages/airflow/example_dags/example_short_circuit_operator.py for tasks to queue
[2022-03-24 03:05:38,144] {logging_mixin.py:109} INFO - [2022-03-24 03:05:38,143] {dagbag.py:500} INFO - Filling up the DagBag from /home/airflow/.local/lib/python3.7/site-packages/airflow/example_dags/example_short_circuit_operator.py
[2022-03-24 03:05:38,254] {processor.py:654} INFO - DAG(s) dict_keys(['example_short_circuit_operator']) retrieved from /home/airflow/.local/lib/python3.7/site-packages/airflow/example_dags/example_short_circuit_operator.py
[2022-03-24 03:05:38,281] {logging_mixin.py:109} INFO - [2022-03-24 03:05:38,281] {dag.py:2398} INFO - Sync 1 DAGs
[2022-03-24 03:05:38,341] {logging_mixin.py:109} INFO - [2022-03-24 03:05:38,333] {dag.py:2937} INFO - Setting next_dagrun for example_short_circuit_operator to 2022-03-23T03:05:38.333201+00:00
[2022-03-24 03:05:38,385] {processor.py:171} INFO - Processing /home/airflow/.local/lib/python3.7/site-packages/airflow/example_dags/example_short_circuit_operator.py took 0.265 seconds
[2022-03-24 03:06:08,961] {processor.py:163} INFO - Started process (PID=1815) to work on /home/airflow/.local/lib/python3.7/site-packages/airflow/example_dags/example_short_circuit_operator.py
[2022-03-24 03:06:08,966] {processor.py:642} INFO - Processing file /home/airflow/.local/lib/python3.7/site-packages/airflow/example_dags/example_short_circuit_operator.py for tasks to queue
[2022-03-24 03:06:08,970] {logging_mixin.py:109} INFO - [2022-03-24 03:06:08,969] {dagbag.py:500} INFO - Filling up the DagBag from /home/airflow/.local/lib/python3.7/site-packages/airflow/example_dags/example_short_circuit_operator.py
[2022-03-24 03:06:09,042] {processor.py:654} INFO - DAG(s) dict_keys(['example_short_circuit_operator']) retrieved from /home/airflow/.local/lib/python3.7/site-packages/airflow/example_dags/example_short_circuit_operator.py
[2022-03-24 03:06:09,062] {logging_mixin.py:109} INFO - [2022-03-24 03:06:09,062] {dag.py:2398} INFO - Sync 1 DAGs
[2022-03-24 03:06:09,137] {logging_mixin.py:109} INFO - [2022-03-24 03:06:09,137] {dag.py:2937} INFO - Setting next_dagrun for example_short_circuit_operator to 2022-03-23T03:06:09.137032+00:00
[2022-03-24 03:06:09,227] {processor.py:171} INFO - Processing /home/airflow/.local/lib/python3.7/site-packages/airflow/example_dags/example_short_circuit_operator.py took 0.280 seconds
[2022-03-24 03:06:39,836] {processor.py:163} INFO - Started process (PID=1864) to work on /home/airflow/.local/lib/python3.7/site-packages/airflow/example_dags/example_short_circuit_operator.py
[2022-03-24 03:06:39,842] {processor.py:642} INFO - Processing file /home/airflow/.local/lib/python3.7/site-packages/airflow/example_dags/example_short_circuit_operator.py for tasks to queue
[2022-03-24 03:06:39,845] {logging_mixin.py:109} INFO - [2022-03-24 03:06:39,845] {dagbag.py:500} INFO - Filling up the DagBag from /home/airflow/.local/lib/python3.7/site-packages/airflow/example_dags/example_short_circuit_operator.py
[2022-03-24 03:06:39,923] {processor.py:654} INFO - DAG(s) dict_keys(['example_short_circuit_operator']) retrieved from /home/airflow/.local/lib/python3.7/site-packages/airflow/example_dags/example_short_circuit_operator.py
[2022-03-24 03:06:39,949] {logging_mixin.py:109} INFO - [2022-03-24 03:06:39,948] {dag.py:2398} INFO - Sync 1 DAGs
[2022-03-24 03:06:39,978] {logging_mixin.py:109} INFO - [2022-03-24 03:06:39,978] {dag.py:2937} INFO - Setting next_dagrun for example_short_circuit_operator to 2022-03-23T03:06:39.978159+00:00
[2022-03-24 03:06:39,992] {processor.py:171} INFO - Processing /home/airflow/.local/lib/python3.7/site-packages/airflow/example_dags/example_short_circuit_operator.py took 0.160 seconds
[2022-03-24 03:07:10,100] {processor.py:163} INFO - Started process (PID=1916) to work on /home/airflow/.local/lib/python3.7/site-packages/airflow/example_dags/example_short_circuit_operator.py
[2022-03-24 03:07:10,110] {processor.py:642} INFO - Processing file /home/airflow/.local/lib/python3.7/site-packages/airflow/example_dags/example_short_circuit_operator.py for tasks to queue
[2022-03-24 03:07:10,112] {logging_mixin.py:109} INFO - [2022-03-24 03:07:10,112] {dagbag.py:500} INFO - Filling up the DagBag from /home/airflow/.local/lib/python3.7/site-packages/airflow/example_dags/example_short_circuit_operator.py
[2022-03-24 03:07:10,197] {processor.py:654} INFO - DAG(s) dict_keys(['example_short_circuit_operator']) retrieved from /home/airflow/.local/lib/python3.7/site-packages/airflow/example_dags/example_short_circuit_operator.py
[2022-03-24 03:07:10,223] {logging_mixin.py:109} INFO - [2022-03-24 03:07:10,223] {dag.py:2398} INFO - Sync 1 DAGs
[2022-03-24 03:07:10,257] {logging_mixin.py:109} INFO - [2022-03-24 03:07:10,257] {dag.py:2937} INFO - Setting next_dagrun for example_short_circuit_operator to 2022-03-23T03:07:10.256974+00:00
[2022-03-24 03:07:10,285] {processor.py:171} INFO - Processing /home/airflow/.local/lib/python3.7/site-packages/airflow/example_dags/example_short_circuit_operator.py took 0.189 seconds
[2022-03-24 03:07:40,635] {processor.py:163} INFO - Started process (PID=1967) to work on /home/airflow/.local/lib/python3.7/site-packages/airflow/example_dags/example_short_circuit_operator.py
[2022-03-24 03:07:40,640] {processor.py:642} INFO - Processing file /home/airflow/.local/lib/python3.7/site-packages/airflow/example_dags/example_short_circuit_operator.py for tasks to queue
[2022-03-24 03:07:40,642] {logging_mixin.py:109} INFO - [2022-03-24 03:07:40,642] {dagbag.py:500} INFO - Filling up the DagBag from /home/airflow/.local/lib/python3.7/site-packages/airflow/example_dags/example_short_circuit_operator.py
[2022-03-24 03:07:40,750] {processor.py:654} INFO - DAG(s) dict_keys(['example_short_circuit_operator']) retrieved from /home/airflow/.local/lib/python3.7/site-packages/airflow/example_dags/example_short_circuit_operator.py
[2022-03-24 03:07:40,762] {logging_mixin.py:109} INFO - [2022-03-24 03:07:40,762] {dag.py:2398} INFO - Sync 1 DAGs
[2022-03-24 03:07:40,783] {logging_mixin.py:109} INFO - [2022-03-24 03:07:40,783] {dag.py:2937} INFO - Setting next_dagrun for example_short_circuit_operator to 2022-03-23T03:07:40.782840+00:00
[2022-03-24 03:07:40,801] {processor.py:171} INFO - Processing /home/airflow/.local/lib/python3.7/site-packages/airflow/example_dags/example_short_circuit_operator.py took 0.171 seconds
[2022-03-24 03:08:11,005] {processor.py:163} INFO - Started process (PID=2027) to work on /home/airflow/.local/lib/python3.7/site-packages/airflow/example_dags/example_short_circuit_operator.py
[2022-03-24 03:08:11,012] {processor.py:642} INFO - Processing file /home/airflow/.local/lib/python3.7/site-packages/airflow/example_dags/example_short_circuit_operator.py for tasks to queue
[2022-03-24 03:08:11,016] {logging_mixin.py:109} INFO - [2022-03-24 03:08:11,015] {dagbag.py:500} INFO - Filling up the DagBag from /home/airflow/.local/lib/python3.7/site-packages/airflow/example_dags/example_short_circuit_operator.py
[2022-03-24 03:08:11,104] {processor.py:654} INFO - DAG(s) dict_keys(['example_short_circuit_operator']) retrieved from /home/airflow/.local/lib/python3.7/site-packages/airflow/example_dags/example_short_circuit_operator.py
[2022-03-24 03:08:11,140] {logging_mixin.py:109} INFO - [2022-03-24 03:08:11,140] {dag.py:2398} INFO - Sync 1 DAGs
[2022-03-24 03:08:11,179] {logging_mixin.py:109} INFO - [2022-03-24 03:08:11,179] {dag.py:2937} INFO - Setting next_dagrun for example_short_circuit_operator to 2022-03-23T03:08:11.178774+00:00
[2022-03-24 03:08:11,193] {processor.py:171} INFO - Processing /home/airflow/.local/lib/python3.7/site-packages/airflow/example_dags/example_short_circuit_operator.py took 0.217 seconds
[2022-03-24 03:08:41,249] {processor.py:163} INFO - Started process (PID=2082) to work on /home/airflow/.local/lib/python3.7/site-packages/airflow/example_dags/example_short_circuit_operator.py
[2022-03-24 03:08:41,253] {processor.py:642} INFO - Processing file /home/airflow/.local/lib/python3.7/site-packages/airflow/example_dags/example_short_circuit_operator.py for tasks to queue
[2022-03-24 03:08:41,255] {logging_mixin.py:109} INFO - [2022-03-24 03:08:41,255] {dagbag.py:500} INFO - Filling up the DagBag from /home/airflow/.local/lib/python3.7/site-packages/airflow/example_dags/example_short_circuit_operator.py
[2022-03-24 03:08:41,305] {processor.py:654} INFO - DAG(s) dict_keys(['example_short_circuit_operator']) retrieved from /home/airflow/.local/lib/python3.7/site-packages/airflow/example_dags/example_short_circuit_operator.py
[2022-03-24 03:08:41,319] {logging_mixin.py:109} INFO - [2022-03-24 03:08:41,318] {dag.py:2398} INFO - Sync 1 DAGs
[2022-03-24 03:08:41,337] {logging_mixin.py:109} INFO - [2022-03-24 03:08:41,337] {dag.py:2937} INFO - Setting next_dagrun for example_short_circuit_operator to 2022-03-23T03:08:41.336774+00:00
[2022-03-24 03:08:41,350] {processor.py:171} INFO - Processing /home/airflow/.local/lib/python3.7/site-packages/airflow/example_dags/example_short_circuit_operator.py took 0.105 seconds
[2022-03-24 03:09:11,482] {processor.py:163} INFO - Started process (PID=2130) to work on /home/airflow/.local/lib/python3.7/site-packages/airflow/example_dags/example_short_circuit_operator.py
[2022-03-24 03:09:11,487] {processor.py:642} INFO - Processing file /home/airflow/.local/lib/python3.7/site-packages/airflow/example_dags/example_short_circuit_operator.py for tasks to queue
[2022-03-24 03:09:11,489] {logging_mixin.py:109} INFO - [2022-03-24 03:09:11,488] {dagbag.py:500} INFO - Filling up the DagBag from /home/airflow/.local/lib/python3.7/site-packages/airflow/example_dags/example_short_circuit_operator.py
[2022-03-24 03:09:11,557] {processor.py:654} INFO - DAG(s) dict_keys(['example_short_circuit_operator']) retrieved from /home/airflow/.local/lib/python3.7/site-packages/airflow/example_dags/example_short_circuit_operator.py
[2022-03-24 03:09:11,589] {logging_mixin.py:109} INFO - [2022-03-24 03:09:11,589] {dag.py:2398} INFO - Sync 1 DAGs
[2022-03-24 03:09:11,623] {logging_mixin.py:109} INFO - [2022-03-24 03:09:11,623] {dag.py:2937} INFO - Setting next_dagrun for example_short_circuit_operator to 2022-03-23T03:09:11.622851+00:00
[2022-03-24 03:09:11,663] {processor.py:171} INFO - Processing /home/airflow/.local/lib/python3.7/site-packages/airflow/example_dags/example_short_circuit_operator.py took 0.189 seconds
[2022-03-24 03:09:41,833] {processor.py:163} INFO - Started process (PID=2180) to work on /home/airflow/.local/lib/python3.7/site-packages/airflow/example_dags/example_short_circuit_operator.py
[2022-03-24 03:09:41,889] {processor.py:642} INFO - Processing file /home/airflow/.local/lib/python3.7/site-packages/airflow/example_dags/example_short_circuit_operator.py for tasks to queue
[2022-03-24 03:09:41,940] {logging_mixin.py:109} INFO - [2022-03-24 03:09:41,940] {dagbag.py:500} INFO - Filling up the DagBag from /home/airflow/.local/lib/python3.7/site-packages/airflow/example_dags/example_short_circuit_operator.py
[2022-03-24 03:09:42,062] {processor.py:654} INFO - DAG(s) dict_keys(['example_short_circuit_operator']) retrieved from /home/airflow/.local/lib/python3.7/site-packages/airflow/example_dags/example_short_circuit_operator.py
[2022-03-24 03:09:42,331] {logging_mixin.py:109} INFO - [2022-03-24 03:09:42,331] {dag.py:2398} INFO - Sync 1 DAGs
[2022-03-24 03:09:42,379] {logging_mixin.py:109} INFO - [2022-03-24 03:09:42,379] {dag.py:2937} INFO - Setting next_dagrun for example_short_circuit_operator to 2022-03-23T03:09:42.379209+00:00
[2022-03-24 03:09:42,512] {processor.py:171} INFO - Processing /home/airflow/.local/lib/python3.7/site-packages/airflow/example_dags/example_short_circuit_operator.py took 0.684 seconds
[2022-03-24 03:10:13,032] {processor.py:163} INFO - Started process (PID=2233) to work on /home/airflow/.local/lib/python3.7/site-packages/airflow/example_dags/example_short_circuit_operator.py
[2022-03-24 03:10:13,034] {processor.py:642} INFO - Processing file /home/airflow/.local/lib/python3.7/site-packages/airflow/example_dags/example_short_circuit_operator.py for tasks to queue
[2022-03-24 03:10:13,047] {logging_mixin.py:109} INFO - [2022-03-24 03:10:13,042] {dagbag.py:500} INFO - Filling up the DagBag from /home/airflow/.local/lib/python3.7/site-packages/airflow/example_dags/example_short_circuit_operator.py
[2022-03-24 03:10:13,229] {processor.py:654} INFO - DAG(s) dict_keys(['example_short_circuit_operator']) retrieved from /home/airflow/.local/lib/python3.7/site-packages/airflow/example_dags/example_short_circuit_operator.py
[2022-03-24 03:10:13,289] {logging_mixin.py:109} INFO - [2022-03-24 03:10:13,289] {dag.py:2398} INFO - Sync 1 DAGs
[2022-03-24 03:10:13,429] {logging_mixin.py:109} INFO - [2022-03-24 03:10:13,429] {dag.py:2937} INFO - Setting next_dagrun for example_short_circuit_operator to 2022-03-23T03:10:13.429336+00:00
[2022-03-24 03:10:13,573] {processor.py:171} INFO - Processing /home/airflow/.local/lib/python3.7/site-packages/airflow/example_dags/example_short_circuit_operator.py took 0.564 seconds
[2022-03-24 03:10:44,535] {processor.py:163} INFO - Started process (PID=2283) to work on /home/airflow/.local/lib/python3.7/site-packages/airflow/example_dags/example_short_circuit_operator.py
[2022-03-24 03:10:44,539] {processor.py:642} INFO - Processing file /home/airflow/.local/lib/python3.7/site-packages/airflow/example_dags/example_short_circuit_operator.py for tasks to queue
[2022-03-24 03:10:44,552] {logging_mixin.py:109} INFO - [2022-03-24 03:10:44,552] {dagbag.py:500} INFO - Filling up the DagBag from /home/airflow/.local/lib/python3.7/site-packages/airflow/example_dags/example_short_circuit_operator.py
[2022-03-24 03:10:44,781] {processor.py:654} INFO - DAG(s) dict_keys(['example_short_circuit_operator']) retrieved from /home/airflow/.local/lib/python3.7/site-packages/airflow/example_dags/example_short_circuit_operator.py
[2022-03-24 03:10:44,836] {logging_mixin.py:109} INFO - [2022-03-24 03:10:44,836] {dag.py:2398} INFO - Sync 1 DAGs
[2022-03-24 03:10:44,876] {logging_mixin.py:109} INFO - [2022-03-24 03:10:44,876] {dag.py:2937} INFO - Setting next_dagrun for example_short_circuit_operator to 2022-03-23T03:10:44.874756+00:00
[2022-03-24 03:10:44,911] {processor.py:171} INFO - Processing /home/airflow/.local/lib/python3.7/site-packages/airflow/example_dags/example_short_circuit_operator.py took 0.404 seconds
[2022-03-24 03:11:15,000] {processor.py:163} INFO - Started process (PID=2332) to work on /home/airflow/.local/lib/python3.7/site-packages/airflow/example_dags/example_short_circuit_operator.py
[2022-03-24 03:11:15,010] {processor.py:642} INFO - Processing file /home/airflow/.local/lib/python3.7/site-packages/airflow/example_dags/example_short_circuit_operator.py for tasks to queue
[2022-03-24 03:11:15,012] {logging_mixin.py:109} INFO - [2022-03-24 03:11:15,012] {dagbag.py:500} INFO - Filling up the DagBag from /home/airflow/.local/lib/python3.7/site-packages/airflow/example_dags/example_short_circuit_operator.py
[2022-03-24 03:11:15,084] {processor.py:654} INFO - DAG(s) dict_keys(['example_short_circuit_operator']) retrieved from /home/airflow/.local/lib/python3.7/site-packages/airflow/example_dags/example_short_circuit_operator.py
[2022-03-24 03:11:15,103] {logging_mixin.py:109} INFO - [2022-03-24 03:11:15,103] {dag.py:2398} INFO - Sync 1 DAGs
[2022-03-24 03:11:15,127] {logging_mixin.py:109} INFO - [2022-03-24 03:11:15,127] {dag.py:2937} INFO - Setting next_dagrun for example_short_circuit_operator to 2022-03-23T03:11:15.127419+00:00
[2022-03-24 03:11:15,157] {processor.py:171} INFO - Processing /home/airflow/.local/lib/python3.7/site-packages/airflow/example_dags/example_short_circuit_operator.py took 0.178 seconds
[2022-03-24 03:11:45,944] {processor.py:163} INFO - Started process (PID=2382) to work on /home/airflow/.local/lib/python3.7/site-packages/airflow/example_dags/example_short_circuit_operator.py
[2022-03-24 03:11:45,951] {processor.py:642} INFO - Processing file /home/airflow/.local/lib/python3.7/site-packages/airflow/example_dags/example_short_circuit_operator.py for tasks to queue
[2022-03-24 03:11:45,952] {logging_mixin.py:109} INFO - [2022-03-24 03:11:45,952] {dagbag.py:500} INFO - Filling up the DagBag from /home/airflow/.local/lib/python3.7/site-packages/airflow/example_dags/example_short_circuit_operator.py
[2022-03-24 03:11:45,993] {processor.py:654} INFO - DAG(s) dict_keys(['example_short_circuit_operator']) retrieved from /home/airflow/.local/lib/python3.7/site-packages/airflow/example_dags/example_short_circuit_operator.py
[2022-03-24 03:11:46,008] {logging_mixin.py:109} INFO - [2022-03-24 03:11:46,008] {dag.py:2398} INFO - Sync 1 DAGs
[2022-03-24 03:11:46,025] {logging_mixin.py:109} INFO - [2022-03-24 03:11:46,025] {dag.py:2937} INFO - Setting next_dagrun for example_short_circuit_operator to 2022-03-23T03:11:46.025459+00:00
[2022-03-24 03:11:46,040] {processor.py:171} INFO - Processing /home/airflow/.local/lib/python3.7/site-packages/airflow/example_dags/example_short_circuit_operator.py took 0.100 seconds
[2022-03-24 03:12:16,264] {processor.py:163} INFO - Started process (PID=2432) to work on /home/airflow/.local/lib/python3.7/site-packages/airflow/example_dags/example_short_circuit_operator.py
[2022-03-24 03:12:16,271] {processor.py:642} INFO - Processing file /home/airflow/.local/lib/python3.7/site-packages/airflow/example_dags/example_short_circuit_operator.py for tasks to queue
[2022-03-24 03:12:16,274] {logging_mixin.py:109} INFO - [2022-03-24 03:12:16,273] {dagbag.py:500} INFO - Filling up the DagBag from /home/airflow/.local/lib/python3.7/site-packages/airflow/example_dags/example_short_circuit_operator.py
[2022-03-24 03:12:16,324] {processor.py:654} INFO - DAG(s) dict_keys(['example_short_circuit_operator']) retrieved from /home/airflow/.local/lib/python3.7/site-packages/airflow/example_dags/example_short_circuit_operator.py
[2022-03-24 03:12:16,337] {logging_mixin.py:109} INFO - [2022-03-24 03:12:16,337] {dag.py:2398} INFO - Sync 1 DAGs
[2022-03-24 03:12:16,355] {logging_mixin.py:109} INFO - [2022-03-24 03:12:16,355] {dag.py:2937} INFO - Setting next_dagrun for example_short_circuit_operator to 2022-03-23T03:12:16.355062+00:00
[2022-03-24 03:12:16,371] {processor.py:171} INFO - Processing /home/airflow/.local/lib/python3.7/site-packages/airflow/example_dags/example_short_circuit_operator.py took 0.116 seconds
[2022-03-24 03:12:46,717] {processor.py:163} INFO - Started process (PID=2485) to work on /home/airflow/.local/lib/python3.7/site-packages/airflow/example_dags/example_short_circuit_operator.py
[2022-03-24 03:12:46,726] {processor.py:642} INFO - Processing file /home/airflow/.local/lib/python3.7/site-packages/airflow/example_dags/example_short_circuit_operator.py for tasks to queue
[2022-03-24 03:12:46,728] {logging_mixin.py:109} INFO - [2022-03-24 03:12:46,728] {dagbag.py:500} INFO - Filling up the DagBag from /home/airflow/.local/lib/python3.7/site-packages/airflow/example_dags/example_short_circuit_operator.py
[2022-03-24 03:12:46,745] {processor.py:654} INFO - DAG(s) dict_keys(['example_short_circuit_operator']) retrieved from /home/airflow/.local/lib/python3.7/site-packages/airflow/example_dags/example_short_circuit_operator.py
[2022-03-24 03:12:46,762] {logging_mixin.py:109} INFO - [2022-03-24 03:12:46,762] {dag.py:2398} INFO - Sync 1 DAGs
[2022-03-24 03:12:46,782] {logging_mixin.py:109} INFO - [2022-03-24 03:12:46,781] {dag.py:2937} INFO - Setting next_dagrun for example_short_circuit_operator to 2022-03-23T03:12:46.781491+00:00
[2022-03-24 03:12:46,796] {processor.py:171} INFO - Processing /home/airflow/.local/lib/python3.7/site-packages/airflow/example_dags/example_short_circuit_operator.py took 0.120 seconds
[2022-03-24 03:13:17,077] {processor.py:163} INFO - Started process (PID=2536) to work on /home/airflow/.local/lib/python3.7/site-packages/airflow/example_dags/example_short_circuit_operator.py
[2022-03-24 03:13:17,086] {processor.py:642} INFO - Processing file /home/airflow/.local/lib/python3.7/site-packages/airflow/example_dags/example_short_circuit_operator.py for tasks to queue
[2022-03-24 03:13:17,088] {logging_mixin.py:109} INFO - [2022-03-24 03:13:17,088] {dagbag.py:500} INFO - Filling up the DagBag from /home/airflow/.local/lib/python3.7/site-packages/airflow/example_dags/example_short_circuit_operator.py
[2022-03-24 03:13:17,131] {processor.py:654} INFO - DAG(s) dict_keys(['example_short_circuit_operator']) retrieved from /home/airflow/.local/lib/python3.7/site-packages/airflow/example_dags/example_short_circuit_operator.py
[2022-03-24 03:13:17,145] {logging_mixin.py:109} INFO - [2022-03-24 03:13:17,145] {dag.py:2398} INFO - Sync 1 DAGs
[2022-03-24 03:13:17,161] {logging_mixin.py:109} INFO - [2022-03-24 03:13:17,160] {dag.py:2937} INFO - Setting next_dagrun for example_short_circuit_operator to 2022-03-23T03:13:17.160570+00:00
[2022-03-24 03:13:17,174] {processor.py:171} INFO - Processing /home/airflow/.local/lib/python3.7/site-packages/airflow/example_dags/example_short_circuit_operator.py took 0.101 seconds
[2022-03-24 03:13:47,252] {processor.py:163} INFO - Started process (PID=2591) to work on /home/airflow/.local/lib/python3.7/site-packages/airflow/example_dags/example_short_circuit_operator.py
[2022-03-24 03:13:47,254] {processor.py:642} INFO - Processing file /home/airflow/.local/lib/python3.7/site-packages/airflow/example_dags/example_short_circuit_operator.py for tasks to queue
[2022-03-24 03:13:47,256] {logging_mixin.py:109} INFO - [2022-03-24 03:13:47,256] {dagbag.py:500} INFO - Filling up the DagBag from /home/airflow/.local/lib/python3.7/site-packages/airflow/example_dags/example_short_circuit_operator.py
[2022-03-24 03:13:47,297] {processor.py:654} INFO - DAG(s) dict_keys(['example_short_circuit_operator']) retrieved from /home/airflow/.local/lib/python3.7/site-packages/airflow/example_dags/example_short_circuit_operator.py
[2022-03-24 03:13:47,312] {logging_mixin.py:109} INFO - [2022-03-24 03:13:47,312] {dag.py:2398} INFO - Sync 1 DAGs
[2022-03-24 03:13:47,331] {logging_mixin.py:109} INFO - [2022-03-24 03:13:47,331] {dag.py:2937} INFO - Setting next_dagrun for example_short_circuit_operator to 2022-03-23T03:13:47.330860+00:00
[2022-03-24 03:13:47,346] {processor.py:171} INFO - Processing /home/airflow/.local/lib/python3.7/site-packages/airflow/example_dags/example_short_circuit_operator.py took 0.099 seconds
[2022-03-24 03:14:17,435] {processor.py:163} INFO - Started process (PID=2643) to work on /home/airflow/.local/lib/python3.7/site-packages/airflow/example_dags/example_short_circuit_operator.py
[2022-03-24 03:14:17,439] {processor.py:642} INFO - Processing file /home/airflow/.local/lib/python3.7/site-packages/airflow/example_dags/example_short_circuit_operator.py for tasks to queue
[2022-03-24 03:14:17,441] {logging_mixin.py:109} INFO - [2022-03-24 03:14:17,441] {dagbag.py:500} INFO - Filling up the DagBag from /home/airflow/.local/lib/python3.7/site-packages/airflow/example_dags/example_short_circuit_operator.py
[2022-03-24 03:14:17,484] {processor.py:654} INFO - DAG(s) dict_keys(['example_short_circuit_operator']) retrieved from /home/airflow/.local/lib/python3.7/site-packages/airflow/example_dags/example_short_circuit_operator.py
[2022-03-24 03:14:17,509] {logging_mixin.py:109} INFO - [2022-03-24 03:14:17,508] {dag.py:2398} INFO - Sync 1 DAGs
[2022-03-24 03:14:17,525] {logging_mixin.py:109} INFO - [2022-03-24 03:14:17,525] {dag.py:2937} INFO - Setting next_dagrun for example_short_circuit_operator to 2022-03-23T03:14:17.525444+00:00
[2022-03-24 03:14:17,536] {processor.py:171} INFO - Processing /home/airflow/.local/lib/python3.7/site-packages/airflow/example_dags/example_short_circuit_operator.py took 0.107 seconds
[2022-03-24 03:14:47,790] {processor.py:163} INFO - Started process (PID=2694) to work on /home/airflow/.local/lib/python3.7/site-packages/airflow/example_dags/example_short_circuit_operator.py
[2022-03-24 03:14:47,792] {processor.py:642} INFO - Processing file /home/airflow/.local/lib/python3.7/site-packages/airflow/example_dags/example_short_circuit_operator.py for tasks to queue
[2022-03-24 03:14:47,795] {logging_mixin.py:109} INFO - [2022-03-24 03:14:47,794] {dagbag.py:500} INFO - Filling up the DagBag from /home/airflow/.local/lib/python3.7/site-packages/airflow/example_dags/example_short_circuit_operator.py
[2022-03-24 03:14:47,837] {processor.py:654} INFO - DAG(s) dict_keys(['example_short_circuit_operator']) retrieved from /home/airflow/.local/lib/python3.7/site-packages/airflow/example_dags/example_short_circuit_operator.py
[2022-03-24 03:14:47,857] {logging_mixin.py:109} INFO - [2022-03-24 03:14:47,857] {dag.py:2398} INFO - Sync 1 DAGs
[2022-03-24 03:14:47,882] {logging_mixin.py:109} INFO - [2022-03-24 03:14:47,881] {dag.py:2937} INFO - Setting next_dagrun for example_short_circuit_operator to 2022-03-23T03:14:47.881594+00:00
[2022-03-24 03:14:47,898] {processor.py:171} INFO - Processing /home/airflow/.local/lib/python3.7/site-packages/airflow/example_dags/example_short_circuit_operator.py took 0.112 seconds
[2022-03-24 03:15:18,246] {processor.py:163} INFO - Started process (PID=2751) to work on /home/airflow/.local/lib/python3.7/site-packages/airflow/example_dags/example_short_circuit_operator.py
[2022-03-24 03:15:18,250] {processor.py:642} INFO - Processing file /home/airflow/.local/lib/python3.7/site-packages/airflow/example_dags/example_short_circuit_operator.py for tasks to queue
[2022-03-24 03:15:18,253] {logging_mixin.py:109} INFO - [2022-03-24 03:15:18,252] {dagbag.py:500} INFO - Filling up the DagBag from /home/airflow/.local/lib/python3.7/site-packages/airflow/example_dags/example_short_circuit_operator.py
[2022-03-24 03:15:18,303] {processor.py:654} INFO - DAG(s) dict_keys(['example_short_circuit_operator']) retrieved from /home/airflow/.local/lib/python3.7/site-packages/airflow/example_dags/example_short_circuit_operator.py
[2022-03-24 03:15:18,340] {logging_mixin.py:109} INFO - [2022-03-24 03:15:18,340] {dag.py:2398} INFO - Sync 1 DAGs
[2022-03-24 03:15:18,360] {logging_mixin.py:109} INFO - [2022-03-24 03:15:18,360] {dag.py:2937} INFO - Setting next_dagrun for example_short_circuit_operator to 2022-03-23T03:15:18.359900+00:00
[2022-03-24 03:15:18,387] {processor.py:171} INFO - Processing /home/airflow/.local/lib/python3.7/site-packages/airflow/example_dags/example_short_circuit_operator.py took 0.150 seconds
[2022-03-24 03:15:48,725] {processor.py:163} INFO - Started process (PID=2799) to work on /home/airflow/.local/lib/python3.7/site-packages/airflow/example_dags/example_short_circuit_operator.py
[2022-03-24 03:15:48,728] {processor.py:642} INFO - Processing file /home/airflow/.local/lib/python3.7/site-packages/airflow/example_dags/example_short_circuit_operator.py for tasks to queue
[2022-03-24 03:15:48,729] {logging_mixin.py:109} INFO - [2022-03-24 03:15:48,729] {dagbag.py:500} INFO - Filling up the DagBag from /home/airflow/.local/lib/python3.7/site-packages/airflow/example_dags/example_short_circuit_operator.py
[2022-03-24 03:15:48,770] {processor.py:654} INFO - DAG(s) dict_keys(['example_short_circuit_operator']) retrieved from /home/airflow/.local/lib/python3.7/site-packages/airflow/example_dags/example_short_circuit_operator.py
[2022-03-24 03:15:48,789] {logging_mixin.py:109} INFO - [2022-03-24 03:15:48,789] {dag.py:2398} INFO - Sync 1 DAGs
[2022-03-24 03:15:48,809] {logging_mixin.py:109} INFO - [2022-03-24 03:15:48,809] {dag.py:2937} INFO - Setting next_dagrun for example_short_circuit_operator to 2022-03-23T03:15:48.809187+00:00
[2022-03-24 03:15:48,825] {processor.py:171} INFO - Processing /home/airflow/.local/lib/python3.7/site-packages/airflow/example_dags/example_short_circuit_operator.py took 0.104 seconds
[2022-03-24 03:16:19,013] {processor.py:163} INFO - Started process (PID=2847) to work on /home/airflow/.local/lib/python3.7/site-packages/airflow/example_dags/example_short_circuit_operator.py
[2022-03-24 03:16:19,111] {processor.py:642} INFO - Processing file /home/airflow/.local/lib/python3.7/site-packages/airflow/example_dags/example_short_circuit_operator.py for tasks to queue
[2022-03-24 03:16:19,117] {logging_mixin.py:109} INFO - [2022-03-24 03:16:19,115] {dagbag.py:500} INFO - Filling up the DagBag from /home/airflow/.local/lib/python3.7/site-packages/airflow/example_dags/example_short_circuit_operator.py
[2022-03-24 03:16:19,176] {processor.py:654} INFO - DAG(s) dict_keys(['example_short_circuit_operator']) retrieved from /home/airflow/.local/lib/python3.7/site-packages/airflow/example_dags/example_short_circuit_operator.py
[2022-03-24 03:16:19,199] {logging_mixin.py:109} INFO - [2022-03-24 03:16:19,198] {dag.py:2398} INFO - Sync 1 DAGs
[2022-03-24 03:16:19,231] {logging_mixin.py:109} INFO - [2022-03-24 03:16:19,231] {dag.py:2937} INFO - Setting next_dagrun for example_short_circuit_operator to 2022-03-23T03:16:19.231433+00:00
[2022-03-24 03:16:19,249] {processor.py:171} INFO - Processing /home/airflow/.local/lib/python3.7/site-packages/airflow/example_dags/example_short_circuit_operator.py took 0.241 seconds
[2022-03-24 03:16:49,364] {processor.py:163} INFO - Started process (PID=2899) to work on /home/airflow/.local/lib/python3.7/site-packages/airflow/example_dags/example_short_circuit_operator.py
[2022-03-24 03:16:49,366] {processor.py:642} INFO - Processing file /home/airflow/.local/lib/python3.7/site-packages/airflow/example_dags/example_short_circuit_operator.py for tasks to queue
[2022-03-24 03:16:49,373] {logging_mixin.py:109} INFO - [2022-03-24 03:16:49,372] {dagbag.py:500} INFO - Filling up the DagBag from /home/airflow/.local/lib/python3.7/site-packages/airflow/example_dags/example_short_circuit_operator.py
[2022-03-24 03:16:49,409] {processor.py:654} INFO - DAG(s) dict_keys(['example_short_circuit_operator']) retrieved from /home/airflow/.local/lib/python3.7/site-packages/airflow/example_dags/example_short_circuit_operator.py
[2022-03-24 03:16:49,422] {logging_mixin.py:109} INFO - [2022-03-24 03:16:49,422] {dag.py:2398} INFO - Sync 1 DAGs
[2022-03-24 03:16:49,437] {logging_mixin.py:109} INFO - [2022-03-24 03:16:49,437] {dag.py:2937} INFO - Setting next_dagrun for example_short_circuit_operator to 2022-03-23T03:16:49.437320+00:00
[2022-03-24 03:16:49,449] {processor.py:171} INFO - Processing /home/airflow/.local/lib/python3.7/site-packages/airflow/example_dags/example_short_circuit_operator.py took 0.092 seconds
[2022-03-24 03:17:20,105] {processor.py:163} INFO - Started process (PID=2950) to work on /home/airflow/.local/lib/python3.7/site-packages/airflow/example_dags/example_short_circuit_operator.py
[2022-03-24 03:17:20,277] {processor.py:642} INFO - Processing file /home/airflow/.local/lib/python3.7/site-packages/airflow/example_dags/example_short_circuit_operator.py for tasks to queue
[2022-03-24 03:17:20,280] {logging_mixin.py:109} INFO - [2022-03-24 03:17:20,280] {dagbag.py:500} INFO - Filling up the DagBag from /home/airflow/.local/lib/python3.7/site-packages/airflow/example_dags/example_short_circuit_operator.py
[2022-03-24 03:17:20,354] {processor.py:654} INFO - DAG(s) dict_keys(['example_short_circuit_operator']) retrieved from /home/airflow/.local/lib/python3.7/site-packages/airflow/example_dags/example_short_circuit_operator.py
[2022-03-24 03:17:20,368] {logging_mixin.py:109} INFO - [2022-03-24 03:17:20,368] {dag.py:2398} INFO - Sync 1 DAGs
[2022-03-24 03:17:20,385] {logging_mixin.py:109} INFO - [2022-03-24 03:17:20,385] {dag.py:2937} INFO - Setting next_dagrun for example_short_circuit_operator to 2022-03-23T03:17:20.385291+00:00
[2022-03-24 03:17:20,398] {processor.py:171} INFO - Processing /home/airflow/.local/lib/python3.7/site-packages/airflow/example_dags/example_short_circuit_operator.py took 0.301 seconds
[2022-03-24 03:17:51,180] {processor.py:163} INFO - Started process (PID=3012) to work on /home/airflow/.local/lib/python3.7/site-packages/airflow/example_dags/example_short_circuit_operator.py
[2022-03-24 03:17:51,181] {processor.py:642} INFO - Processing file /home/airflow/.local/lib/python3.7/site-packages/airflow/example_dags/example_short_circuit_operator.py for tasks to queue
[2022-03-24 03:17:51,187] {logging_mixin.py:109} INFO - [2022-03-24 03:17:51,187] {dagbag.py:500} INFO - Filling up the DagBag from /home/airflow/.local/lib/python3.7/site-packages/airflow/example_dags/example_short_circuit_operator.py
[2022-03-24 03:17:51,252] {processor.py:654} INFO - DAG(s) dict_keys(['example_short_circuit_operator']) retrieved from /home/airflow/.local/lib/python3.7/site-packages/airflow/example_dags/example_short_circuit_operator.py
[2022-03-24 03:17:51,274] {logging_mixin.py:109} INFO - [2022-03-24 03:17:51,274] {dag.py:2398} INFO - Sync 1 DAGs
[2022-03-24 03:17:51,306] {logging_mixin.py:109} INFO - [2022-03-24 03:17:51,306] {dag.py:2937} INFO - Setting next_dagrun for example_short_circuit_operator to 2022-03-23T03:17:51.306288+00:00
[2022-03-24 03:17:51,321] {processor.py:171} INFO - Processing /home/airflow/.local/lib/python3.7/site-packages/airflow/example_dags/example_short_circuit_operator.py took 0.149 seconds
[2022-03-24 03:18:21,667] {processor.py:163} INFO - Started process (PID=3064) to work on /home/airflow/.local/lib/python3.7/site-packages/airflow/example_dags/example_short_circuit_operator.py
[2022-03-24 03:18:21,672] {processor.py:642} INFO - Processing file /home/airflow/.local/lib/python3.7/site-packages/airflow/example_dags/example_short_circuit_operator.py for tasks to queue
[2022-03-24 03:18:21,675] {logging_mixin.py:109} INFO - [2022-03-24 03:18:21,674] {dagbag.py:500} INFO - Filling up the DagBag from /home/airflow/.local/lib/python3.7/site-packages/airflow/example_dags/example_short_circuit_operator.py
[2022-03-24 03:18:21,727] {processor.py:654} INFO - DAG(s) dict_keys(['example_short_circuit_operator']) retrieved from /home/airflow/.local/lib/python3.7/site-packages/airflow/example_dags/example_short_circuit_operator.py
[2022-03-24 03:18:21,746] {logging_mixin.py:109} INFO - [2022-03-24 03:18:21,746] {dag.py:2398} INFO - Sync 1 DAGs
[2022-03-24 03:18:21,768] {logging_mixin.py:109} INFO - [2022-03-24 03:18:21,768] {dag.py:2937} INFO - Setting next_dagrun for example_short_circuit_operator to 2022-03-23T03:18:21.767779+00:00
[2022-03-24 03:18:21,786] {processor.py:171} INFO - Processing /home/airflow/.local/lib/python3.7/site-packages/airflow/example_dags/example_short_circuit_operator.py took 0.127 seconds
[2022-03-24 03:18:51,887] {processor.py:163} INFO - Started process (PID=3115) to work on /home/airflow/.local/lib/python3.7/site-packages/airflow/example_dags/example_short_circuit_operator.py
[2022-03-24 03:18:51,891] {processor.py:642} INFO - Processing file /home/airflow/.local/lib/python3.7/site-packages/airflow/example_dags/example_short_circuit_operator.py for tasks to queue
[2022-03-24 03:18:51,893] {logging_mixin.py:109} INFO - [2022-03-24 03:18:51,892] {dagbag.py:500} INFO - Filling up the DagBag from /home/airflow/.local/lib/python3.7/site-packages/airflow/example_dags/example_short_circuit_operator.py
[2022-03-24 03:18:51,938] {processor.py:654} INFO - DAG(s) dict_keys(['example_short_circuit_operator']) retrieved from /home/airflow/.local/lib/python3.7/site-packages/airflow/example_dags/example_short_circuit_operator.py
[2022-03-24 03:18:51,950] {logging_mixin.py:109} INFO - [2022-03-24 03:18:51,950] {dag.py:2398} INFO - Sync 1 DAGs
[2022-03-24 03:18:51,968] {logging_mixin.py:109} INFO - [2022-03-24 03:18:51,968] {dag.py:2937} INFO - Setting next_dagrun for example_short_circuit_operator to 2022-03-23T03:18:51.967911+00:00
[2022-03-24 03:18:51,984] {processor.py:171} INFO - Processing /home/airflow/.local/lib/python3.7/site-packages/airflow/example_dags/example_short_circuit_operator.py took 0.101 seconds
[2022-03-24 03:19:22,461] {processor.py:163} INFO - Started process (PID=3169) to work on /home/airflow/.local/lib/python3.7/site-packages/airflow/example_dags/example_short_circuit_operator.py
[2022-03-24 03:19:22,468] {processor.py:642} INFO - Processing file /home/airflow/.local/lib/python3.7/site-packages/airflow/example_dags/example_short_circuit_operator.py for tasks to queue
[2022-03-24 03:19:22,470] {logging_mixin.py:109} INFO - [2022-03-24 03:19:22,470] {dagbag.py:500} INFO - Filling up the DagBag from /home/airflow/.local/lib/python3.7/site-packages/airflow/example_dags/example_short_circuit_operator.py
[2022-03-24 03:19:22,564] {processor.py:654} INFO - DAG(s) dict_keys(['example_short_circuit_operator']) retrieved from /home/airflow/.local/lib/python3.7/site-packages/airflow/example_dags/example_short_circuit_operator.py
[2022-03-24 03:19:22,578] {logging_mixin.py:109} INFO - [2022-03-24 03:19:22,577] {dag.py:2398} INFO - Sync 1 DAGs
[2022-03-24 03:19:22,603] {logging_mixin.py:109} INFO - [2022-03-24 03:19:22,603] {dag.py:2937} INFO - Setting next_dagrun for example_short_circuit_operator to 2022-03-23T03:19:22.602871+00:00
[2022-03-24 03:19:22,622] {processor.py:171} INFO - Processing /home/airflow/.local/lib/python3.7/site-packages/airflow/example_dags/example_short_circuit_operator.py took 0.166 seconds
[2022-03-24 03:19:53,496] {processor.py:163} INFO - Started process (PID=3226) to work on /home/airflow/.local/lib/python3.7/site-packages/airflow/example_dags/example_short_circuit_operator.py
[2022-03-24 03:19:53,499] {processor.py:642} INFO - Processing file /home/airflow/.local/lib/python3.7/site-packages/airflow/example_dags/example_short_circuit_operator.py for tasks to queue
[2022-03-24 03:19:53,501] {logging_mixin.py:109} INFO - [2022-03-24 03:19:53,500] {dagbag.py:500} INFO - Filling up the DagBag from /home/airflow/.local/lib/python3.7/site-packages/airflow/example_dags/example_short_circuit_operator.py
[2022-03-24 03:19:53,556] {processor.py:654} INFO - DAG(s) dict_keys(['example_short_circuit_operator']) retrieved from /home/airflow/.local/lib/python3.7/site-packages/airflow/example_dags/example_short_circuit_operator.py
[2022-03-24 03:19:53,569] {logging_mixin.py:109} INFO - [2022-03-24 03:19:53,569] {dag.py:2398} INFO - Sync 1 DAGs
[2022-03-24 03:19:53,587] {logging_mixin.py:109} INFO - [2022-03-24 03:19:53,587] {dag.py:2937} INFO - Setting next_dagrun for example_short_circuit_operator to 2022-03-23T03:19:53.586836+00:00
[2022-03-24 03:19:53,601] {processor.py:171} INFO - Processing /home/airflow/.local/lib/python3.7/site-packages/airflow/example_dags/example_short_circuit_operator.py took 0.113 seconds
[2022-03-24 03:20:24,081] {processor.py:163} INFO - Started process (PID=3277) to work on /home/airflow/.local/lib/python3.7/site-packages/airflow/example_dags/example_short_circuit_operator.py
[2022-03-24 03:20:24,087] {processor.py:642} INFO - Processing file /home/airflow/.local/lib/python3.7/site-packages/airflow/example_dags/example_short_circuit_operator.py for tasks to queue
[2022-03-24 03:20:24,088] {logging_mixin.py:109} INFO - [2022-03-24 03:20:24,088] {dagbag.py:500} INFO - Filling up the DagBag from /home/airflow/.local/lib/python3.7/site-packages/airflow/example_dags/example_short_circuit_operator.py
[2022-03-24 03:20:24,130] {processor.py:654} INFO - DAG(s) dict_keys(['example_short_circuit_operator']) retrieved from /home/airflow/.local/lib/python3.7/site-packages/airflow/example_dags/example_short_circuit_operator.py
[2022-03-24 03:20:24,145] {logging_mixin.py:109} INFO - [2022-03-24 03:20:24,145] {dag.py:2398} INFO - Sync 1 DAGs
[2022-03-24 03:20:24,159] {logging_mixin.py:109} INFO - [2022-03-24 03:20:24,159] {dag.py:2937} INFO - Setting next_dagrun for example_short_circuit_operator to 2022-03-23T03:20:24.159026+00:00
[2022-03-24 03:20:24,170] {processor.py:171} INFO - Processing /home/airflow/.local/lib/python3.7/site-packages/airflow/example_dags/example_short_circuit_operator.py took 0.093 seconds
