[2022-03-24 02:49:57,719] {processor.py:163} INFO - Started process (PID=199) to work on /home/airflow/.local/lib/python3.7/site-packages/airflow/example_dags/example_branch_datetime_operator.py
[2022-03-24 02:49:57,725] {processor.py:642} INFO - Processing file /home/airflow/.local/lib/python3.7/site-packages/airflow/example_dags/example_branch_datetime_operator.py for tasks to queue
[2022-03-24 02:49:57,729] {logging_mixin.py:109} INFO - [2022-03-24 02:49:57,729] {dagbag.py:500} INFO - Filling up the DagBag from /home/airflow/.local/lib/python3.7/site-packages/airflow/example_dags/example_branch_datetime_operator.py
[2022-03-24 02:49:58,361] {processor.py:654} INFO - DAG(s) dict_keys(['example_branch_datetime_operator_2']) retrieved from /home/airflow/.local/lib/python3.7/site-packages/airflow/example_dags/example_branch_datetime_operator.py
[2022-03-24 02:50:06,598] {logging_mixin.py:109} INFO - [2022-03-24 02:50:06,598] {manager.py:496} INFO - Created Permission View: can edit on DAG:example_branch_datetime_operator_2
[2022-03-24 02:50:06,630] {logging_mixin.py:109} INFO - [2022-03-24 02:50:06,630] {manager.py:496} INFO - Created Permission View: can read on DAG:example_branch_datetime_operator_2
[2022-03-24 02:50:06,638] {logging_mixin.py:109} INFO - [2022-03-24 02:50:06,632] {dag.py:2398} INFO - Sync 1 DAGs
[2022-03-24 02:50:06,673] {logging_mixin.py:109} INFO - [2022-03-24 02:50:06,673] {dag.py:2417} INFO - Creating ORM DAG for example_branch_datetime_operator_2
[2022-03-24 02:50:06,745] {logging_mixin.py:109} INFO - [2022-03-24 02:50:06,744] {dag.py:2937} INFO - Setting next_dagrun for example_branch_datetime_operator_2 to 2022-03-23 00:00:00+00:00
[2022-03-24 02:50:06,789] {processor.py:171} INFO - Processing /home/airflow/.local/lib/python3.7/site-packages/airflow/example_dags/example_branch_datetime_operator.py took 9.081 seconds
[2022-03-24 02:50:46,112] {processor.py:163} INFO - Started process (PID=293) to work on /home/airflow/.local/lib/python3.7/site-packages/airflow/example_dags/example_branch_datetime_operator.py
[2022-03-24 02:50:46,115] {processor.py:642} INFO - Processing file /home/airflow/.local/lib/python3.7/site-packages/airflow/example_dags/example_branch_datetime_operator.py for tasks to queue
[2022-03-24 02:50:46,119] {logging_mixin.py:109} INFO - [2022-03-24 02:50:46,118] {dagbag.py:500} INFO - Filling up the DagBag from /home/airflow/.local/lib/python3.7/site-packages/airflow/example_dags/example_branch_datetime_operator.py
[2022-03-24 02:50:46,200] {processor.py:654} INFO - DAG(s) dict_keys(['example_branch_datetime_operator_2']) retrieved from /home/airflow/.local/lib/python3.7/site-packages/airflow/example_dags/example_branch_datetime_operator.py
[2022-03-24 02:50:46,212] {logging_mixin.py:109} INFO - [2022-03-24 02:50:46,212] {dag.py:2398} INFO - Sync 1 DAGs
[2022-03-24 02:50:46,231] {logging_mixin.py:109} INFO - [2022-03-24 02:50:46,231] {dag.py:2937} INFO - Setting next_dagrun for example_branch_datetime_operator_2 to 2022-03-23 00:00:00+00:00
[2022-03-24 02:50:46,245] {processor.py:171} INFO - Processing /home/airflow/.local/lib/python3.7/site-packages/airflow/example_dags/example_branch_datetime_operator.py took 0.144 seconds
[2022-03-24 02:51:17,901] {processor.py:163} INFO - Started process (PID=345) to work on /home/airflow/.local/lib/python3.7/site-packages/airflow/example_dags/example_branch_datetime_operator.py
[2022-03-24 02:51:17,908] {processor.py:642} INFO - Processing file /home/airflow/.local/lib/python3.7/site-packages/airflow/example_dags/example_branch_datetime_operator.py for tasks to queue
[2022-03-24 02:51:17,911] {logging_mixin.py:109} INFO - [2022-03-24 02:51:17,911] {dagbag.py:500} INFO - Filling up the DagBag from /home/airflow/.local/lib/python3.7/site-packages/airflow/example_dags/example_branch_datetime_operator.py
[2022-03-24 02:51:18,004] {processor.py:654} INFO - DAG(s) dict_keys(['example_branch_datetime_operator_2']) retrieved from /home/airflow/.local/lib/python3.7/site-packages/airflow/example_dags/example_branch_datetime_operator.py
[2022-03-24 02:51:18,054] {logging_mixin.py:109} INFO - [2022-03-24 02:51:18,053] {dag.py:2398} INFO - Sync 1 DAGs
[2022-03-24 02:51:18,117] {logging_mixin.py:109} INFO - [2022-03-24 02:51:18,117] {dag.py:2937} INFO - Setting next_dagrun for example_branch_datetime_operator_2 to 2022-03-23 00:00:00+00:00
[2022-03-24 02:51:18,170] {processor.py:171} INFO - Processing /home/airflow/.local/lib/python3.7/site-packages/airflow/example_dags/example_branch_datetime_operator.py took 0.313 seconds
[2022-03-24 02:51:49,391] {processor.py:163} INFO - Started process (PID=402) to work on /home/airflow/.local/lib/python3.7/site-packages/airflow/example_dags/example_branch_datetime_operator.py
[2022-03-24 02:51:49,409] {processor.py:642} INFO - Processing file /home/airflow/.local/lib/python3.7/site-packages/airflow/example_dags/example_branch_datetime_operator.py for tasks to queue
[2022-03-24 02:51:49,433] {logging_mixin.py:109} INFO - [2022-03-24 02:51:49,433] {dagbag.py:500} INFO - Filling up the DagBag from /home/airflow/.local/lib/python3.7/site-packages/airflow/example_dags/example_branch_datetime_operator.py
[2022-03-24 02:51:49,725] {processor.py:654} INFO - DAG(s) dict_keys(['example_branch_datetime_operator_2']) retrieved from /home/airflow/.local/lib/python3.7/site-packages/airflow/example_dags/example_branch_datetime_operator.py
[2022-03-24 02:51:49,812] {logging_mixin.py:109} INFO - [2022-03-24 02:51:49,812] {dag.py:2398} INFO - Sync 1 DAGs
[2022-03-24 02:51:49,959] {logging_mixin.py:109} INFO - [2022-03-24 02:51:49,959] {dag.py:2937} INFO - Setting next_dagrun for example_branch_datetime_operator_2 to 2022-03-23 00:00:00+00:00
[2022-03-24 02:51:50,064] {processor.py:171} INFO - Processing /home/airflow/.local/lib/python3.7/site-packages/airflow/example_dags/example_branch_datetime_operator.py took 0.685 seconds
[2022-03-24 02:52:20,492] {processor.py:163} INFO - Started process (PID=455) to work on /home/airflow/.local/lib/python3.7/site-packages/airflow/example_dags/example_branch_datetime_operator.py
[2022-03-24 02:52:20,496] {processor.py:642} INFO - Processing file /home/airflow/.local/lib/python3.7/site-packages/airflow/example_dags/example_branch_datetime_operator.py for tasks to queue
[2022-03-24 02:52:20,501] {logging_mixin.py:109} INFO - [2022-03-24 02:52:20,500] {dagbag.py:500} INFO - Filling up the DagBag from /home/airflow/.local/lib/python3.7/site-packages/airflow/example_dags/example_branch_datetime_operator.py
[2022-03-24 02:52:20,615] {processor.py:654} INFO - DAG(s) dict_keys(['example_branch_datetime_operator_2']) retrieved from /home/airflow/.local/lib/python3.7/site-packages/airflow/example_dags/example_branch_datetime_operator.py
[2022-03-24 02:52:20,649] {logging_mixin.py:109} INFO - [2022-03-24 02:52:20,649] {dag.py:2398} INFO - Sync 1 DAGs
[2022-03-24 02:52:20,691] {logging_mixin.py:109} INFO - [2022-03-24 02:52:20,691] {dag.py:2937} INFO - Setting next_dagrun for example_branch_datetime_operator_2 to 2022-03-23 00:00:00+00:00
[2022-03-24 02:52:20,740] {processor.py:171} INFO - Processing /home/airflow/.local/lib/python3.7/site-packages/airflow/example_dags/example_branch_datetime_operator.py took 0.266 seconds
[2022-03-24 02:52:51,757] {processor.py:163} INFO - Started process (PID=505) to work on /home/airflow/.local/lib/python3.7/site-packages/airflow/example_dags/example_branch_datetime_operator.py
[2022-03-24 02:52:51,769] {processor.py:642} INFO - Processing file /home/airflow/.local/lib/python3.7/site-packages/airflow/example_dags/example_branch_datetime_operator.py for tasks to queue
[2022-03-24 02:52:51,780] {logging_mixin.py:109} INFO - [2022-03-24 02:52:51,780] {dagbag.py:500} INFO - Filling up the DagBag from /home/airflow/.local/lib/python3.7/site-packages/airflow/example_dags/example_branch_datetime_operator.py
[2022-03-24 02:52:51,847] {processor.py:654} INFO - DAG(s) dict_keys(['example_branch_datetime_operator_2']) retrieved from /home/airflow/.local/lib/python3.7/site-packages/airflow/example_dags/example_branch_datetime_operator.py
[2022-03-24 02:52:51,860] {logging_mixin.py:109} INFO - [2022-03-24 02:52:51,860] {dag.py:2398} INFO - Sync 1 DAGs
[2022-03-24 02:52:51,880] {logging_mixin.py:109} INFO - [2022-03-24 02:52:51,880] {dag.py:2937} INFO - Setting next_dagrun for example_branch_datetime_operator_2 to 2022-03-23 00:00:00+00:00
[2022-03-24 02:52:51,894] {processor.py:171} INFO - Processing /home/airflow/.local/lib/python3.7/site-packages/airflow/example_dags/example_branch_datetime_operator.py took 0.144 seconds
[2022-03-24 02:53:22,773] {processor.py:163} INFO - Started process (PID=554) to work on /home/airflow/.local/lib/python3.7/site-packages/airflow/example_dags/example_branch_datetime_operator.py
[2022-03-24 02:53:22,777] {processor.py:642} INFO - Processing file /home/airflow/.local/lib/python3.7/site-packages/airflow/example_dags/example_branch_datetime_operator.py for tasks to queue
[2022-03-24 02:53:22,779] {logging_mixin.py:109} INFO - [2022-03-24 02:53:22,779] {dagbag.py:500} INFO - Filling up the DagBag from /home/airflow/.local/lib/python3.7/site-packages/airflow/example_dags/example_branch_datetime_operator.py
[2022-03-24 02:53:22,882] {processor.py:654} INFO - DAG(s) dict_keys(['example_branch_datetime_operator_2']) retrieved from /home/airflow/.local/lib/python3.7/site-packages/airflow/example_dags/example_branch_datetime_operator.py
[2022-03-24 02:53:22,911] {logging_mixin.py:109} INFO - [2022-03-24 02:53:22,911] {dag.py:2398} INFO - Sync 1 DAGs
[2022-03-24 02:53:22,945] {logging_mixin.py:109} INFO - [2022-03-24 02:53:22,944] {dag.py:2937} INFO - Setting next_dagrun for example_branch_datetime_operator_2 to 2022-03-23 00:00:00+00:00
[2022-03-24 02:53:22,970] {processor.py:171} INFO - Processing /home/airflow/.local/lib/python3.7/site-packages/airflow/example_dags/example_branch_datetime_operator.py took 0.209 seconds
[2022-03-24 02:53:55,677] {processor.py:163} INFO - Started process (PID=604) to work on /home/airflow/.local/lib/python3.7/site-packages/airflow/example_dags/example_branch_datetime_operator.py
[2022-03-24 02:53:57,115] {processor.py:642} INFO - Processing file /home/airflow/.local/lib/python3.7/site-packages/airflow/example_dags/example_branch_datetime_operator.py for tasks to queue
[2022-03-24 02:53:57,801] {logging_mixin.py:109} INFO - [2022-03-24 02:53:57,800] {dagbag.py:500} INFO - Filling up the DagBag from /home/airflow/.local/lib/python3.7/site-packages/airflow/example_dags/example_branch_datetime_operator.py
[2022-03-24 02:53:57,998] {processor.py:654} INFO - DAG(s) dict_keys(['example_branch_datetime_operator_2']) retrieved from /home/airflow/.local/lib/python3.7/site-packages/airflow/example_dags/example_branch_datetime_operator.py
[2022-03-24 02:53:58,534] {logging_mixin.py:109} INFO - [2022-03-24 02:53:58,530] {dag.py:2398} INFO - Sync 1 DAGs
[2022-03-24 02:53:59,921] {logging_mixin.py:109} INFO - [2022-03-24 02:53:59,921] {dag.py:2937} INFO - Setting next_dagrun for example_branch_datetime_operator_2 to 2022-03-23 00:00:00+00:00
[2022-03-24 02:54:03,298] {processor.py:171} INFO - Processing /home/airflow/.local/lib/python3.7/site-packages/airflow/example_dags/example_branch_datetime_operator.py took 7.677 seconds
[2022-03-24 02:54:35,989] {processor.py:163} INFO - Started process (PID=664) to work on /home/airflow/.local/lib/python3.7/site-packages/airflow/example_dags/example_branch_datetime_operator.py
[2022-03-24 02:54:36,284] {processor.py:642} INFO - Processing file /home/airflow/.local/lib/python3.7/site-packages/airflow/example_dags/example_branch_datetime_operator.py for tasks to queue
[2022-03-24 02:54:37,173] {logging_mixin.py:109} INFO - [2022-03-24 02:54:37,173] {dagbag.py:500} INFO - Filling up the DagBag from /home/airflow/.local/lib/python3.7/site-packages/airflow/example_dags/example_branch_datetime_operator.py
[2022-03-24 02:54:37,551] {processor.py:654} INFO - DAG(s) dict_keys(['example_branch_datetime_operator_2']) retrieved from /home/airflow/.local/lib/python3.7/site-packages/airflow/example_dags/example_branch_datetime_operator.py
[2022-03-24 02:54:38,654] {logging_mixin.py:109} INFO - [2022-03-24 02:54:38,654] {dag.py:2398} INFO - Sync 1 DAGs
[2022-03-24 02:54:39,523] {logging_mixin.py:109} INFO - [2022-03-24 02:54:39,522] {dag.py:2937} INFO - Setting next_dagrun for example_branch_datetime_operator_2 to 2022-03-23 00:00:00+00:00
[2022-03-24 02:54:40,329] {processor.py:171} INFO - Processing /home/airflow/.local/lib/python3.7/site-packages/airflow/example_dags/example_branch_datetime_operator.py took 4.365 seconds
[2022-03-24 02:55:10,663] {processor.py:163} INFO - Started process (PID=715) to work on /home/airflow/.local/lib/python3.7/site-packages/airflow/example_dags/example_branch_datetime_operator.py
[2022-03-24 02:55:10,670] {processor.py:642} INFO - Processing file /home/airflow/.local/lib/python3.7/site-packages/airflow/example_dags/example_branch_datetime_operator.py for tasks to queue
[2022-03-24 02:55:10,675] {logging_mixin.py:109} INFO - [2022-03-24 02:55:10,675] {dagbag.py:500} INFO - Filling up the DagBag from /home/airflow/.local/lib/python3.7/site-packages/airflow/example_dags/example_branch_datetime_operator.py
[2022-03-24 02:55:10,886] {processor.py:654} INFO - DAG(s) dict_keys(['example_branch_datetime_operator_2']) retrieved from /home/airflow/.local/lib/python3.7/site-packages/airflow/example_dags/example_branch_datetime_operator.py
[2022-03-24 02:55:10,949] {logging_mixin.py:109} INFO - [2022-03-24 02:55:10,949] {dag.py:2398} INFO - Sync 1 DAGs
[2022-03-24 02:55:10,999] {logging_mixin.py:109} INFO - [2022-03-24 02:55:10,999] {dag.py:2937} INFO - Setting next_dagrun for example_branch_datetime_operator_2 to 2022-03-23 00:00:00+00:00
[2022-03-24 02:55:11,044] {processor.py:171} INFO - Processing /home/airflow/.local/lib/python3.7/site-packages/airflow/example_dags/example_branch_datetime_operator.py took 0.386 seconds
[2022-03-24 02:55:41,240] {processor.py:163} INFO - Started process (PID=766) to work on /home/airflow/.local/lib/python3.7/site-packages/airflow/example_dags/example_branch_datetime_operator.py
[2022-03-24 02:55:41,242] {processor.py:642} INFO - Processing file /home/airflow/.local/lib/python3.7/site-packages/airflow/example_dags/example_branch_datetime_operator.py for tasks to queue
[2022-03-24 02:55:41,245] {logging_mixin.py:109} INFO - [2022-03-24 02:55:41,245] {dagbag.py:500} INFO - Filling up the DagBag from /home/airflow/.local/lib/python3.7/site-packages/airflow/example_dags/example_branch_datetime_operator.py
[2022-03-24 02:55:41,393] {processor.py:654} INFO - DAG(s) dict_keys(['example_branch_datetime_operator_2']) retrieved from /home/airflow/.local/lib/python3.7/site-packages/airflow/example_dags/example_branch_datetime_operator.py
[2022-03-24 02:55:41,456] {logging_mixin.py:109} INFO - [2022-03-24 02:55:41,456] {dag.py:2398} INFO - Sync 1 DAGs
[2022-03-24 02:55:41,692] {logging_mixin.py:109} INFO - [2022-03-24 02:55:41,683] {dag.py:2937} INFO - Setting next_dagrun for example_branch_datetime_operator_2 to 2022-03-23 00:00:00+00:00
[2022-03-24 02:55:41,776] {processor.py:171} INFO - Processing /home/airflow/.local/lib/python3.7/site-packages/airflow/example_dags/example_branch_datetime_operator.py took 0.549 seconds
[2022-03-24 02:56:12,465] {processor.py:163} INFO - Started process (PID=807) to work on /home/airflow/.local/lib/python3.7/site-packages/airflow/example_dags/example_branch_datetime_operator.py
[2022-03-24 02:56:12,661] {processor.py:642} INFO - Processing file /home/airflow/.local/lib/python3.7/site-packages/airflow/example_dags/example_branch_datetime_operator.py for tasks to queue
[2022-03-24 02:56:12,665] {logging_mixin.py:109} INFO - [2022-03-24 02:56:12,664] {dagbag.py:500} INFO - Filling up the DagBag from /home/airflow/.local/lib/python3.7/site-packages/airflow/example_dags/example_branch_datetime_operator.py
[2022-03-24 02:56:12,744] {processor.py:654} INFO - DAG(s) dict_keys(['example_branch_datetime_operator_2']) retrieved from /home/airflow/.local/lib/python3.7/site-packages/airflow/example_dags/example_branch_datetime_operator.py
[2022-03-24 02:56:12,765] {logging_mixin.py:109} INFO - [2022-03-24 02:56:12,764] {dag.py:2398} INFO - Sync 1 DAGs
[2022-03-24 02:56:12,794] {logging_mixin.py:109} INFO - [2022-03-24 02:56:12,794] {dag.py:2937} INFO - Setting next_dagrun for example_branch_datetime_operator_2 to 2022-03-23 00:00:00+00:00
[2022-03-24 02:56:12,851] {processor.py:171} INFO - Processing /home/airflow/.local/lib/python3.7/site-packages/airflow/example_dags/example_branch_datetime_operator.py took 0.390 seconds
[2022-03-24 02:56:43,047] {processor.py:163} INFO - Started process (PID=858) to work on /home/airflow/.local/lib/python3.7/site-packages/airflow/example_dags/example_branch_datetime_operator.py
[2022-03-24 02:56:43,058] {processor.py:642} INFO - Processing file /home/airflow/.local/lib/python3.7/site-packages/airflow/example_dags/example_branch_datetime_operator.py for tasks to queue
[2022-03-24 02:56:43,062] {logging_mixin.py:109} INFO - [2022-03-24 02:56:43,062] {dagbag.py:500} INFO - Filling up the DagBag from /home/airflow/.local/lib/python3.7/site-packages/airflow/example_dags/example_branch_datetime_operator.py
[2022-03-24 02:56:43,135] {processor.py:654} INFO - DAG(s) dict_keys(['example_branch_datetime_operator_2']) retrieved from /home/airflow/.local/lib/python3.7/site-packages/airflow/example_dags/example_branch_datetime_operator.py
[2022-03-24 02:56:43,150] {logging_mixin.py:109} INFO - [2022-03-24 02:56:43,150] {dag.py:2398} INFO - Sync 1 DAGs
[2022-03-24 02:56:43,178] {logging_mixin.py:109} INFO - [2022-03-24 02:56:43,178] {dag.py:2937} INFO - Setting next_dagrun for example_branch_datetime_operator_2 to 2022-03-23 00:00:00+00:00
[2022-03-24 02:56:43,218] {processor.py:171} INFO - Processing /home/airflow/.local/lib/python3.7/site-packages/airflow/example_dags/example_branch_datetime_operator.py took 0.192 seconds
[2022-03-24 02:57:14,055] {processor.py:163} INFO - Started process (PID=916) to work on /home/airflow/.local/lib/python3.7/site-packages/airflow/example_dags/example_branch_datetime_operator.py
[2022-03-24 02:57:14,122] {processor.py:642} INFO - Processing file /home/airflow/.local/lib/python3.7/site-packages/airflow/example_dags/example_branch_datetime_operator.py for tasks to queue
[2022-03-24 02:57:14,128] {logging_mixin.py:109} INFO - [2022-03-24 02:57:14,127] {dagbag.py:500} INFO - Filling up the DagBag from /home/airflow/.local/lib/python3.7/site-packages/airflow/example_dags/example_branch_datetime_operator.py
[2022-03-24 02:57:14,227] {processor.py:654} INFO - DAG(s) dict_keys(['example_branch_datetime_operator_2']) retrieved from /home/airflow/.local/lib/python3.7/site-packages/airflow/example_dags/example_branch_datetime_operator.py
[2022-03-24 02:57:14,366] {logging_mixin.py:109} INFO - [2022-03-24 02:57:14,366] {dag.py:2398} INFO - Sync 1 DAGs
[2022-03-24 02:57:14,391] {logging_mixin.py:109} INFO - [2022-03-24 02:57:14,390] {dag.py:2937} INFO - Setting next_dagrun for example_branch_datetime_operator_2 to 2022-03-23 00:00:00+00:00
[2022-03-24 02:57:14,412] {processor.py:171} INFO - Processing /home/airflow/.local/lib/python3.7/site-packages/airflow/example_dags/example_branch_datetime_operator.py took 0.374 seconds
[2022-03-24 02:57:44,723] {processor.py:163} INFO - Started process (PID=968) to work on /home/airflow/.local/lib/python3.7/site-packages/airflow/example_dags/example_branch_datetime_operator.py
[2022-03-24 02:57:44,728] {processor.py:642} INFO - Processing file /home/airflow/.local/lib/python3.7/site-packages/airflow/example_dags/example_branch_datetime_operator.py for tasks to queue
[2022-03-24 02:57:44,730] {logging_mixin.py:109} INFO - [2022-03-24 02:57:44,730] {dagbag.py:500} INFO - Filling up the DagBag from /home/airflow/.local/lib/python3.7/site-packages/airflow/example_dags/example_branch_datetime_operator.py
[2022-03-24 02:57:44,794] {processor.py:654} INFO - DAG(s) dict_keys(['example_branch_datetime_operator_2']) retrieved from /home/airflow/.local/lib/python3.7/site-packages/airflow/example_dags/example_branch_datetime_operator.py
[2022-03-24 02:57:44,808] {logging_mixin.py:109} INFO - [2022-03-24 02:57:44,807] {dag.py:2398} INFO - Sync 1 DAGs
[2022-03-24 02:57:44,828] {logging_mixin.py:109} INFO - [2022-03-24 02:57:44,828] {dag.py:2937} INFO - Setting next_dagrun for example_branch_datetime_operator_2 to 2022-03-23 00:00:00+00:00
[2022-03-24 02:57:44,841] {processor.py:171} INFO - Processing /home/airflow/.local/lib/python3.7/site-packages/airflow/example_dags/example_branch_datetime_operator.py took 0.127 seconds
[2022-03-24 02:58:15,000] {processor.py:163} INFO - Started process (PID=1018) to work on /home/airflow/.local/lib/python3.7/site-packages/airflow/example_dags/example_branch_datetime_operator.py
[2022-03-24 02:58:15,004] {processor.py:642} INFO - Processing file /home/airflow/.local/lib/python3.7/site-packages/airflow/example_dags/example_branch_datetime_operator.py for tasks to queue
[2022-03-24 02:58:15,006] {logging_mixin.py:109} INFO - [2022-03-24 02:58:15,006] {dagbag.py:500} INFO - Filling up the DagBag from /home/airflow/.local/lib/python3.7/site-packages/airflow/example_dags/example_branch_datetime_operator.py
[2022-03-24 02:58:15,064] {processor.py:654} INFO - DAG(s) dict_keys(['example_branch_datetime_operator_2']) retrieved from /home/airflow/.local/lib/python3.7/site-packages/airflow/example_dags/example_branch_datetime_operator.py
[2022-03-24 02:58:15,079] {logging_mixin.py:109} INFO - [2022-03-24 02:58:15,079] {dag.py:2398} INFO - Sync 1 DAGs
[2022-03-24 02:58:15,103] {logging_mixin.py:109} INFO - [2022-03-24 02:58:15,102] {dag.py:2937} INFO - Setting next_dagrun for example_branch_datetime_operator_2 to 2022-03-23 00:00:00+00:00
[2022-03-24 02:58:15,121] {processor.py:171} INFO - Processing /home/airflow/.local/lib/python3.7/site-packages/airflow/example_dags/example_branch_datetime_operator.py took 0.131 seconds
[2022-03-24 02:58:45,290] {processor.py:163} INFO - Started process (PID=1069) to work on /home/airflow/.local/lib/python3.7/site-packages/airflow/example_dags/example_branch_datetime_operator.py
[2022-03-24 02:58:45,338] {processor.py:642} INFO - Processing file /home/airflow/.local/lib/python3.7/site-packages/airflow/example_dags/example_branch_datetime_operator.py for tasks to queue
[2022-03-24 02:58:45,454] {logging_mixin.py:109} INFO - [2022-03-24 02:58:45,454] {dagbag.py:500} INFO - Filling up the DagBag from /home/airflow/.local/lib/python3.7/site-packages/airflow/example_dags/example_branch_datetime_operator.py
[2022-03-24 02:58:45,551] {processor.py:654} INFO - DAG(s) dict_keys(['example_branch_datetime_operator_2']) retrieved from /home/airflow/.local/lib/python3.7/site-packages/airflow/example_dags/example_branch_datetime_operator.py
[2022-03-24 02:58:45,634] {logging_mixin.py:109} INFO - [2022-03-24 02:58:45,634] {dag.py:2398} INFO - Sync 1 DAGs
[2022-03-24 02:58:45,662] {logging_mixin.py:109} INFO - [2022-03-24 02:58:45,661] {dag.py:2937} INFO - Setting next_dagrun for example_branch_datetime_operator_2 to 2022-03-23 00:00:00+00:00
[2022-03-24 02:58:45,923] {processor.py:171} INFO - Processing /home/airflow/.local/lib/python3.7/site-packages/airflow/example_dags/example_branch_datetime_operator.py took 0.646 seconds
[2022-03-24 02:59:16,161] {processor.py:163} INFO - Started process (PID=1121) to work on /home/airflow/.local/lib/python3.7/site-packages/airflow/example_dags/example_branch_datetime_operator.py
[2022-03-24 02:59:16,799] {processor.py:642} INFO - Processing file /home/airflow/.local/lib/python3.7/site-packages/airflow/example_dags/example_branch_datetime_operator.py for tasks to queue
[2022-03-24 02:59:16,810] {logging_mixin.py:109} INFO - [2022-03-24 02:59:16,805] {dagbag.py:500} INFO - Filling up the DagBag from /home/airflow/.local/lib/python3.7/site-packages/airflow/example_dags/example_branch_datetime_operator.py
[2022-03-24 02:59:16,861] {processor.py:654} INFO - DAG(s) dict_keys(['example_branch_datetime_operator_2']) retrieved from /home/airflow/.local/lib/python3.7/site-packages/airflow/example_dags/example_branch_datetime_operator.py
[2022-03-24 02:59:16,891] {logging_mixin.py:109} INFO - [2022-03-24 02:59:16,888] {dag.py:2398} INFO - Sync 1 DAGs
[2022-03-24 02:59:16,951] {logging_mixin.py:109} INFO - [2022-03-24 02:59:16,951] {dag.py:2937} INFO - Setting next_dagrun for example_branch_datetime_operator_2 to 2022-03-23 00:00:00+00:00
[2022-03-24 02:59:18,047] {processor.py:171} INFO - Processing /home/airflow/.local/lib/python3.7/site-packages/airflow/example_dags/example_branch_datetime_operator.py took 1.929 seconds
[2022-03-24 02:59:48,654] {processor.py:163} INFO - Started process (PID=1174) to work on /home/airflow/.local/lib/python3.7/site-packages/airflow/example_dags/example_branch_datetime_operator.py
[2022-03-24 02:59:48,659] {processor.py:642} INFO - Processing file /home/airflow/.local/lib/python3.7/site-packages/airflow/example_dags/example_branch_datetime_operator.py for tasks to queue
[2022-03-24 02:59:48,661] {logging_mixin.py:109} INFO - [2022-03-24 02:59:48,661] {dagbag.py:500} INFO - Filling up the DagBag from /home/airflow/.local/lib/python3.7/site-packages/airflow/example_dags/example_branch_datetime_operator.py
[2022-03-24 02:59:48,707] {processor.py:654} INFO - DAG(s) dict_keys(['example_branch_datetime_operator_2']) retrieved from /home/airflow/.local/lib/python3.7/site-packages/airflow/example_dags/example_branch_datetime_operator.py
[2022-03-24 02:59:48,721] {logging_mixin.py:109} INFO - [2022-03-24 02:59:48,721] {dag.py:2398} INFO - Sync 1 DAGs
[2022-03-24 02:59:48,741] {logging_mixin.py:109} INFO - [2022-03-24 02:59:48,741] {dag.py:2937} INFO - Setting next_dagrun for example_branch_datetime_operator_2 to 2022-03-23 00:00:00+00:00
[2022-03-24 02:59:48,757] {processor.py:171} INFO - Processing /home/airflow/.local/lib/python3.7/site-packages/airflow/example_dags/example_branch_datetime_operator.py took 0.106 seconds
[2022-03-24 03:00:18,864] {processor.py:163} INFO - Started process (PID=1224) to work on /home/airflow/.local/lib/python3.7/site-packages/airflow/example_dags/example_branch_datetime_operator.py
[2022-03-24 03:00:18,876] {processor.py:642} INFO - Processing file /home/airflow/.local/lib/python3.7/site-packages/airflow/example_dags/example_branch_datetime_operator.py for tasks to queue
[2022-03-24 03:00:18,880] {logging_mixin.py:109} INFO - [2022-03-24 03:00:18,880] {dagbag.py:500} INFO - Filling up the DagBag from /home/airflow/.local/lib/python3.7/site-packages/airflow/example_dags/example_branch_datetime_operator.py
[2022-03-24 03:00:18,948] {processor.py:654} INFO - DAG(s) dict_keys(['example_branch_datetime_operator_2']) retrieved from /home/airflow/.local/lib/python3.7/site-packages/airflow/example_dags/example_branch_datetime_operator.py
[2022-03-24 03:00:18,980] {logging_mixin.py:109} INFO - [2022-03-24 03:00:18,979] {dag.py:2398} INFO - Sync 1 DAGs
[2022-03-24 03:00:18,999] {logging_mixin.py:109} INFO - [2022-03-24 03:00:18,999] {dag.py:2937} INFO - Setting next_dagrun for example_branch_datetime_operator_2 to 2022-03-23 00:00:00+00:00
[2022-03-24 03:00:19,012] {processor.py:171} INFO - Processing /home/airflow/.local/lib/python3.7/site-packages/airflow/example_dags/example_branch_datetime_operator.py took 0.159 seconds
[2022-03-24 03:00:49,368] {processor.py:163} INFO - Started process (PID=1274) to work on /home/airflow/.local/lib/python3.7/site-packages/airflow/example_dags/example_branch_datetime_operator.py
[2022-03-24 03:00:49,374] {processor.py:642} INFO - Processing file /home/airflow/.local/lib/python3.7/site-packages/airflow/example_dags/example_branch_datetime_operator.py for tasks to queue
[2022-03-24 03:00:49,375] {logging_mixin.py:109} INFO - [2022-03-24 03:00:49,375] {dagbag.py:500} INFO - Filling up the DagBag from /home/airflow/.local/lib/python3.7/site-packages/airflow/example_dags/example_branch_datetime_operator.py
[2022-03-24 03:00:49,412] {processor.py:654} INFO - DAG(s) dict_keys(['example_branch_datetime_operator_2']) retrieved from /home/airflow/.local/lib/python3.7/site-packages/airflow/example_dags/example_branch_datetime_operator.py
[2022-03-24 03:00:49,426] {logging_mixin.py:109} INFO - [2022-03-24 03:00:49,425] {dag.py:2398} INFO - Sync 1 DAGs
[2022-03-24 03:00:49,449] {logging_mixin.py:109} INFO - [2022-03-24 03:00:49,449] {dag.py:2937} INFO - Setting next_dagrun for example_branch_datetime_operator_2 to 2022-03-23 00:00:00+00:00
[2022-03-24 03:00:49,472] {processor.py:171} INFO - Processing /home/airflow/.local/lib/python3.7/site-packages/airflow/example_dags/example_branch_datetime_operator.py took 0.107 seconds
[2022-03-24 03:01:19,530] {processor.py:163} INFO - Started process (PID=1324) to work on /home/airflow/.local/lib/python3.7/site-packages/airflow/example_dags/example_branch_datetime_operator.py
[2022-03-24 03:01:19,754] {processor.py:642} INFO - Processing file /home/airflow/.local/lib/python3.7/site-packages/airflow/example_dags/example_branch_datetime_operator.py for tasks to queue
[2022-03-24 03:01:19,765] {logging_mixin.py:109} INFO - [2022-03-24 03:01:19,765] {dagbag.py:500} INFO - Filling up the DagBag from /home/airflow/.local/lib/python3.7/site-packages/airflow/example_dags/example_branch_datetime_operator.py
[2022-03-24 03:01:19,984] {processor.py:654} INFO - DAG(s) dict_keys(['example_branch_datetime_operator_2']) retrieved from /home/airflow/.local/lib/python3.7/site-packages/airflow/example_dags/example_branch_datetime_operator.py
[2022-03-24 03:01:20,415] {logging_mixin.py:109} INFO - [2022-03-24 03:01:20,415] {dag.py:2398} INFO - Sync 1 DAGs
[2022-03-24 03:01:20,503] {logging_mixin.py:109} INFO - [2022-03-24 03:01:20,502] {dag.py:2937} INFO - Setting next_dagrun for example_branch_datetime_operator_2 to 2022-03-23 00:00:00+00:00
[2022-03-24 03:01:21,396] {processor.py:171} INFO - Processing /home/airflow/.local/lib/python3.7/site-packages/airflow/example_dags/example_branch_datetime_operator.py took 1.877 seconds
[2022-03-24 03:01:52,010] {processor.py:163} INFO - Started process (PID=1376) to work on /home/airflow/.local/lib/python3.7/site-packages/airflow/example_dags/example_branch_datetime_operator.py
[2022-03-24 03:01:52,012] {processor.py:642} INFO - Processing file /home/airflow/.local/lib/python3.7/site-packages/airflow/example_dags/example_branch_datetime_operator.py for tasks to queue
[2022-03-24 03:01:52,014] {logging_mixin.py:109} INFO - [2022-03-24 03:01:52,014] {dagbag.py:500} INFO - Filling up the DagBag from /home/airflow/.local/lib/python3.7/site-packages/airflow/example_dags/example_branch_datetime_operator.py
[2022-03-24 03:01:52,059] {processor.py:654} INFO - DAG(s) dict_keys(['example_branch_datetime_operator_2']) retrieved from /home/airflow/.local/lib/python3.7/site-packages/airflow/example_dags/example_branch_datetime_operator.py
[2022-03-24 03:01:52,073] {logging_mixin.py:109} INFO - [2022-03-24 03:01:52,073] {dag.py:2398} INFO - Sync 1 DAGs
[2022-03-24 03:01:52,097] {logging_mixin.py:109} INFO - [2022-03-24 03:01:52,096] {dag.py:2937} INFO - Setting next_dagrun for example_branch_datetime_operator_2 to 2022-03-23 00:00:00+00:00
[2022-03-24 03:01:52,109] {processor.py:171} INFO - Processing /home/airflow/.local/lib/python3.7/site-packages/airflow/example_dags/example_branch_datetime_operator.py took 0.108 seconds
[2022-03-24 03:02:22,553] {processor.py:163} INFO - Started process (PID=1427) to work on /home/airflow/.local/lib/python3.7/site-packages/airflow/example_dags/example_branch_datetime_operator.py
[2022-03-24 03:02:22,558] {processor.py:642} INFO - Processing file /home/airflow/.local/lib/python3.7/site-packages/airflow/example_dags/example_branch_datetime_operator.py for tasks to queue
[2022-03-24 03:02:22,560] {logging_mixin.py:109} INFO - [2022-03-24 03:02:22,560] {dagbag.py:500} INFO - Filling up the DagBag from /home/airflow/.local/lib/python3.7/site-packages/airflow/example_dags/example_branch_datetime_operator.py
[2022-03-24 03:02:22,667] {processor.py:654} INFO - DAG(s) dict_keys(['example_branch_datetime_operator_2']) retrieved from /home/airflow/.local/lib/python3.7/site-packages/airflow/example_dags/example_branch_datetime_operator.py
[2022-03-24 03:02:22,695] {logging_mixin.py:109} INFO - [2022-03-24 03:02:22,695] {dag.py:2398} INFO - Sync 1 DAGs
[2022-03-24 03:02:22,734] {logging_mixin.py:109} INFO - [2022-03-24 03:02:22,733] {dag.py:2937} INFO - Setting next_dagrun for example_branch_datetime_operator_2 to 2022-03-23 00:00:00+00:00
[2022-03-24 03:02:22,775] {processor.py:171} INFO - Processing /home/airflow/.local/lib/python3.7/site-packages/airflow/example_dags/example_branch_datetime_operator.py took 0.230 seconds
[2022-03-24 03:02:52,820] {processor.py:163} INFO - Started process (PID=1479) to work on /home/airflow/.local/lib/python3.7/site-packages/airflow/example_dags/example_branch_datetime_operator.py
[2022-03-24 03:02:52,828] {processor.py:642} INFO - Processing file /home/airflow/.local/lib/python3.7/site-packages/airflow/example_dags/example_branch_datetime_operator.py for tasks to queue
[2022-03-24 03:02:52,830] {logging_mixin.py:109} INFO - [2022-03-24 03:02:52,830] {dagbag.py:500} INFO - Filling up the DagBag from /home/airflow/.local/lib/python3.7/site-packages/airflow/example_dags/example_branch_datetime_operator.py
[2022-03-24 03:02:52,881] {processor.py:654} INFO - DAG(s) dict_keys(['example_branch_datetime_operator_2']) retrieved from /home/airflow/.local/lib/python3.7/site-packages/airflow/example_dags/example_branch_datetime_operator.py
[2022-03-24 03:02:52,898] {logging_mixin.py:109} INFO - [2022-03-24 03:02:52,898] {dag.py:2398} INFO - Sync 1 DAGs
[2022-03-24 03:02:52,922] {logging_mixin.py:109} INFO - [2022-03-24 03:02:52,922] {dag.py:2937} INFO - Setting next_dagrun for example_branch_datetime_operator_2 to 2022-03-23 00:00:00+00:00
[2022-03-24 03:02:52,943] {processor.py:171} INFO - Processing /home/airflow/.local/lib/python3.7/site-packages/airflow/example_dags/example_branch_datetime_operator.py took 0.131 seconds
[2022-03-24 03:03:23,175] {processor.py:163} INFO - Started process (PID=1541) to work on /home/airflow/.local/lib/python3.7/site-packages/airflow/example_dags/example_branch_datetime_operator.py
[2022-03-24 03:03:23,180] {processor.py:642} INFO - Processing file /home/airflow/.local/lib/python3.7/site-packages/airflow/example_dags/example_branch_datetime_operator.py for tasks to queue
[2022-03-24 03:03:23,183] {logging_mixin.py:109} INFO - [2022-03-24 03:03:23,183] {dagbag.py:500} INFO - Filling up the DagBag from /home/airflow/.local/lib/python3.7/site-packages/airflow/example_dags/example_branch_datetime_operator.py
[2022-03-24 03:03:23,237] {processor.py:654} INFO - DAG(s) dict_keys(['example_branch_datetime_operator_2']) retrieved from /home/airflow/.local/lib/python3.7/site-packages/airflow/example_dags/example_branch_datetime_operator.py
[2022-03-24 03:03:23,254] {logging_mixin.py:109} INFO - [2022-03-24 03:03:23,254] {dag.py:2398} INFO - Sync 1 DAGs
[2022-03-24 03:03:23,279] {logging_mixin.py:109} INFO - [2022-03-24 03:03:23,279] {dag.py:2937} INFO - Setting next_dagrun for example_branch_datetime_operator_2 to 2022-03-23 00:00:00+00:00
[2022-03-24 03:03:23,302] {processor.py:171} INFO - Processing /home/airflow/.local/lib/python3.7/site-packages/airflow/example_dags/example_branch_datetime_operator.py took 0.135 seconds
[2022-03-24 03:03:53,902] {processor.py:163} INFO - Started process (PID=1591) to work on /home/airflow/.local/lib/python3.7/site-packages/airflow/example_dags/example_branch_datetime_operator.py
[2022-03-24 03:03:54,072] {processor.py:642} INFO - Processing file /home/airflow/.local/lib/python3.7/site-packages/airflow/example_dags/example_branch_datetime_operator.py for tasks to queue
[2022-03-24 03:03:54,077] {logging_mixin.py:109} INFO - [2022-03-24 03:03:54,076] {dagbag.py:500} INFO - Filling up the DagBag from /home/airflow/.local/lib/python3.7/site-packages/airflow/example_dags/example_branch_datetime_operator.py
[2022-03-24 03:03:54,418] {processor.py:654} INFO - DAG(s) dict_keys(['example_branch_datetime_operator_2']) retrieved from /home/airflow/.local/lib/python3.7/site-packages/airflow/example_dags/example_branch_datetime_operator.py
[2022-03-24 03:03:54,485] {logging_mixin.py:109} INFO - [2022-03-24 03:03:54,485] {dag.py:2398} INFO - Sync 1 DAGs
[2022-03-24 03:03:54,853] {logging_mixin.py:109} INFO - [2022-03-24 03:03:54,853] {dag.py:2937} INFO - Setting next_dagrun for example_branch_datetime_operator_2 to 2022-03-23 00:00:00+00:00
[2022-03-24 03:03:55,704] {processor.py:171} INFO - Processing /home/airflow/.local/lib/python3.7/site-packages/airflow/example_dags/example_branch_datetime_operator.py took 1.811 seconds
[2022-03-24 03:04:26,240] {processor.py:163} INFO - Started process (PID=1643) to work on /home/airflow/.local/lib/python3.7/site-packages/airflow/example_dags/example_branch_datetime_operator.py
[2022-03-24 03:04:26,247] {processor.py:642} INFO - Processing file /home/airflow/.local/lib/python3.7/site-packages/airflow/example_dags/example_branch_datetime_operator.py for tasks to queue
[2022-03-24 03:04:26,249] {logging_mixin.py:109} INFO - [2022-03-24 03:04:26,249] {dagbag.py:500} INFO - Filling up the DagBag from /home/airflow/.local/lib/python3.7/site-packages/airflow/example_dags/example_branch_datetime_operator.py
[2022-03-24 03:04:26,298] {processor.py:654} INFO - DAG(s) dict_keys(['example_branch_datetime_operator_2']) retrieved from /home/airflow/.local/lib/python3.7/site-packages/airflow/example_dags/example_branch_datetime_operator.py
[2022-03-24 03:04:26,321] {logging_mixin.py:109} INFO - [2022-03-24 03:04:26,321] {dag.py:2398} INFO - Sync 1 DAGs
[2022-03-24 03:04:26,356] {logging_mixin.py:109} INFO - [2022-03-24 03:04:26,355] {dag.py:2937} INFO - Setting next_dagrun for example_branch_datetime_operator_2 to 2022-03-23 00:00:00+00:00
[2022-03-24 03:04:26,373] {processor.py:171} INFO - Processing /home/airflow/.local/lib/python3.7/site-packages/airflow/example_dags/example_branch_datetime_operator.py took 0.143 seconds
[2022-03-24 03:04:56,489] {processor.py:163} INFO - Started process (PID=1706) to work on /home/airflow/.local/lib/python3.7/site-packages/airflow/example_dags/example_branch_datetime_operator.py
[2022-03-24 03:04:56,500] {processor.py:642} INFO - Processing file /home/airflow/.local/lib/python3.7/site-packages/airflow/example_dags/example_branch_datetime_operator.py for tasks to queue
[2022-03-24 03:04:56,502] {logging_mixin.py:109} INFO - [2022-03-24 03:04:56,502] {dagbag.py:500} INFO - Filling up the DagBag from /home/airflow/.local/lib/python3.7/site-packages/airflow/example_dags/example_branch_datetime_operator.py
[2022-03-24 03:04:56,702] {processor.py:654} INFO - DAG(s) dict_keys(['example_branch_datetime_operator_2']) retrieved from /home/airflow/.local/lib/python3.7/site-packages/airflow/example_dags/example_branch_datetime_operator.py
[2022-03-24 03:04:56,774] {logging_mixin.py:109} INFO - [2022-03-24 03:04:56,774] {dag.py:2398} INFO - Sync 1 DAGs
[2022-03-24 03:04:56,838] {logging_mixin.py:109} INFO - [2022-03-24 03:04:56,838] {dag.py:2937} INFO - Setting next_dagrun for example_branch_datetime_operator_2 to 2022-03-23 00:00:00+00:00
[2022-03-24 03:04:56,859] {processor.py:171} INFO - Processing /home/airflow/.local/lib/python3.7/site-packages/airflow/example_dags/example_branch_datetime_operator.py took 0.386 seconds
[2022-03-24 03:05:27,499] {processor.py:163} INFO - Started process (PID=1757) to work on /home/airflow/.local/lib/python3.7/site-packages/airflow/example_dags/example_branch_datetime_operator.py
[2022-03-24 03:05:27,504] {processor.py:642} INFO - Processing file /home/airflow/.local/lib/python3.7/site-packages/airflow/example_dags/example_branch_datetime_operator.py for tasks to queue
[2022-03-24 03:05:27,512] {logging_mixin.py:109} INFO - [2022-03-24 03:05:27,512] {dagbag.py:500} INFO - Filling up the DagBag from /home/airflow/.local/lib/python3.7/site-packages/airflow/example_dags/example_branch_datetime_operator.py
[2022-03-24 03:05:27,727] {processor.py:654} INFO - DAG(s) dict_keys(['example_branch_datetime_operator_2']) retrieved from /home/airflow/.local/lib/python3.7/site-packages/airflow/example_dags/example_branch_datetime_operator.py
[2022-03-24 03:05:27,758] {logging_mixin.py:109} INFO - [2022-03-24 03:05:27,757] {dag.py:2398} INFO - Sync 1 DAGs
[2022-03-24 03:05:27,846] {logging_mixin.py:109} INFO - [2022-03-24 03:05:27,846] {dag.py:2937} INFO - Setting next_dagrun for example_branch_datetime_operator_2 to 2022-03-23 00:00:00+00:00
[2022-03-24 03:05:27,878] {processor.py:171} INFO - Processing /home/airflow/.local/lib/python3.7/site-packages/airflow/example_dags/example_branch_datetime_operator.py took 0.407 seconds
[2022-03-24 03:05:58,281] {processor.py:163} INFO - Started process (PID=1808) to work on /home/airflow/.local/lib/python3.7/site-packages/airflow/example_dags/example_branch_datetime_operator.py
[2022-03-24 03:05:58,288] {processor.py:642} INFO - Processing file /home/airflow/.local/lib/python3.7/site-packages/airflow/example_dags/example_branch_datetime_operator.py for tasks to queue
[2022-03-24 03:05:58,291] {logging_mixin.py:109} INFO - [2022-03-24 03:05:58,290] {dagbag.py:500} INFO - Filling up the DagBag from /home/airflow/.local/lib/python3.7/site-packages/airflow/example_dags/example_branch_datetime_operator.py
[2022-03-24 03:05:58,399] {processor.py:654} INFO - DAG(s) dict_keys(['example_branch_datetime_operator_2']) retrieved from /home/airflow/.local/lib/python3.7/site-packages/airflow/example_dags/example_branch_datetime_operator.py
[2022-03-24 03:05:58,434] {logging_mixin.py:109} INFO - [2022-03-24 03:05:58,434] {dag.py:2398} INFO - Sync 1 DAGs
[2022-03-24 03:05:58,500] {logging_mixin.py:109} INFO - [2022-03-24 03:05:58,499] {dag.py:2937} INFO - Setting next_dagrun for example_branch_datetime_operator_2 to 2022-03-23 00:00:00+00:00
[2022-03-24 03:05:58,548] {processor.py:171} INFO - Processing /home/airflow/.local/lib/python3.7/site-packages/airflow/example_dags/example_branch_datetime_operator.py took 0.280 seconds
[2022-03-24 03:06:28,700] {processor.py:163} INFO - Started process (PID=1857) to work on /home/airflow/.local/lib/python3.7/site-packages/airflow/example_dags/example_branch_datetime_operator.py
[2022-03-24 03:06:28,708] {processor.py:642} INFO - Processing file /home/airflow/.local/lib/python3.7/site-packages/airflow/example_dags/example_branch_datetime_operator.py for tasks to queue
[2022-03-24 03:06:28,711] {logging_mixin.py:109} INFO - [2022-03-24 03:06:28,710] {dagbag.py:500} INFO - Filling up the DagBag from /home/airflow/.local/lib/python3.7/site-packages/airflow/example_dags/example_branch_datetime_operator.py
[2022-03-24 03:06:28,816] {processor.py:654} INFO - DAG(s) dict_keys(['example_branch_datetime_operator_2']) retrieved from /home/airflow/.local/lib/python3.7/site-packages/airflow/example_dags/example_branch_datetime_operator.py
[2022-03-24 03:06:28,833] {logging_mixin.py:109} INFO - [2022-03-24 03:06:28,833] {dag.py:2398} INFO - Sync 1 DAGs
[2022-03-24 03:06:28,865] {logging_mixin.py:109} INFO - [2022-03-24 03:06:28,865] {dag.py:2937} INFO - Setting next_dagrun for example_branch_datetime_operator_2 to 2022-03-23 00:00:00+00:00
[2022-03-24 03:06:28,876] {processor.py:171} INFO - Processing /home/airflow/.local/lib/python3.7/site-packages/airflow/example_dags/example_branch_datetime_operator.py took 0.186 seconds
[2022-03-24 03:06:59,646] {processor.py:163} INFO - Started process (PID=1909) to work on /home/airflow/.local/lib/python3.7/site-packages/airflow/example_dags/example_branch_datetime_operator.py
[2022-03-24 03:06:59,656] {processor.py:642} INFO - Processing file /home/airflow/.local/lib/python3.7/site-packages/airflow/example_dags/example_branch_datetime_operator.py for tasks to queue
[2022-03-24 03:06:59,661] {logging_mixin.py:109} INFO - [2022-03-24 03:06:59,660] {dagbag.py:500} INFO - Filling up the DagBag from /home/airflow/.local/lib/python3.7/site-packages/airflow/example_dags/example_branch_datetime_operator.py
[2022-03-24 03:06:59,716] {processor.py:654} INFO - DAG(s) dict_keys(['example_branch_datetime_operator_2']) retrieved from /home/airflow/.local/lib/python3.7/site-packages/airflow/example_dags/example_branch_datetime_operator.py
[2022-03-24 03:06:59,904] {logging_mixin.py:109} INFO - [2022-03-24 03:06:59,904] {dag.py:2398} INFO - Sync 1 DAGs
[2022-03-24 03:07:00,095] {logging_mixin.py:109} INFO - [2022-03-24 03:07:00,095] {dag.py:2937} INFO - Setting next_dagrun for example_branch_datetime_operator_2 to 2022-03-23 00:00:00+00:00
[2022-03-24 03:07:00,283] {processor.py:171} INFO - Processing /home/airflow/.local/lib/python3.7/site-packages/airflow/example_dags/example_branch_datetime_operator.py took 0.655 seconds
[2022-03-24 03:07:30,372] {processor.py:163} INFO - Started process (PID=1960) to work on /home/airflow/.local/lib/python3.7/site-packages/airflow/example_dags/example_branch_datetime_operator.py
[2022-03-24 03:07:30,417] {processor.py:642} INFO - Processing file /home/airflow/.local/lib/python3.7/site-packages/airflow/example_dags/example_branch_datetime_operator.py for tasks to queue
[2022-03-24 03:07:30,425] {logging_mixin.py:109} INFO - [2022-03-24 03:07:30,425] {dagbag.py:500} INFO - Filling up the DagBag from /home/airflow/.local/lib/python3.7/site-packages/airflow/example_dags/example_branch_datetime_operator.py
[2022-03-24 03:07:30,524] {processor.py:654} INFO - DAG(s) dict_keys(['example_branch_datetime_operator_2']) retrieved from /home/airflow/.local/lib/python3.7/site-packages/airflow/example_dags/example_branch_datetime_operator.py
[2022-03-24 03:07:30,548] {logging_mixin.py:109} INFO - [2022-03-24 03:07:30,548] {dag.py:2398} INFO - Sync 1 DAGs
[2022-03-24 03:07:31,038] {logging_mixin.py:109} INFO - [2022-03-24 03:07:31,038] {dag.py:2937} INFO - Setting next_dagrun for example_branch_datetime_operator_2 to 2022-03-23 00:00:00+00:00
[2022-03-24 03:07:31,058] {processor.py:171} INFO - Processing /home/airflow/.local/lib/python3.7/site-packages/airflow/example_dags/example_branch_datetime_operator.py took 0.715 seconds
[2022-03-24 03:08:02,029] {processor.py:163} INFO - Started process (PID=2010) to work on /home/airflow/.local/lib/python3.7/site-packages/airflow/example_dags/example_branch_datetime_operator.py
[2022-03-24 03:08:02,035] {processor.py:642} INFO - Processing file /home/airflow/.local/lib/python3.7/site-packages/airflow/example_dags/example_branch_datetime_operator.py for tasks to queue
[2022-03-24 03:08:02,038] {logging_mixin.py:109} INFO - [2022-03-24 03:08:02,038] {dagbag.py:500} INFO - Filling up the DagBag from /home/airflow/.local/lib/python3.7/site-packages/airflow/example_dags/example_branch_datetime_operator.py
[2022-03-24 03:08:02,108] {processor.py:654} INFO - DAG(s) dict_keys(['example_branch_datetime_operator_2']) retrieved from /home/airflow/.local/lib/python3.7/site-packages/airflow/example_dags/example_branch_datetime_operator.py
[2022-03-24 03:08:02,130] {logging_mixin.py:109} INFO - [2022-03-24 03:08:02,129] {dag.py:2398} INFO - Sync 1 DAGs
[2022-03-24 03:08:02,182] {logging_mixin.py:109} INFO - [2022-03-24 03:08:02,182] {dag.py:2937} INFO - Setting next_dagrun for example_branch_datetime_operator_2 to 2022-03-23 00:00:00+00:00
[2022-03-24 03:08:02,262] {processor.py:171} INFO - Processing /home/airflow/.local/lib/python3.7/site-packages/airflow/example_dags/example_branch_datetime_operator.py took 0.244 seconds
[2022-03-24 03:08:32,535] {processor.py:163} INFO - Started process (PID=2061) to work on /home/airflow/.local/lib/python3.7/site-packages/airflow/example_dags/example_branch_datetime_operator.py
[2022-03-24 03:08:32,660] {processor.py:642} INFO - Processing file /home/airflow/.local/lib/python3.7/site-packages/airflow/example_dags/example_branch_datetime_operator.py for tasks to queue
[2022-03-24 03:08:32,664] {logging_mixin.py:109} INFO - [2022-03-24 03:08:32,664] {dagbag.py:500} INFO - Filling up the DagBag from /home/airflow/.local/lib/python3.7/site-packages/airflow/example_dags/example_branch_datetime_operator.py
[2022-03-24 03:08:32,745] {processor.py:654} INFO - DAG(s) dict_keys(['example_branch_datetime_operator_2']) retrieved from /home/airflow/.local/lib/python3.7/site-packages/airflow/example_dags/example_branch_datetime_operator.py
[2022-03-24 03:08:32,884] {logging_mixin.py:109} INFO - [2022-03-24 03:08:32,884] {dag.py:2398} INFO - Sync 1 DAGs
[2022-03-24 03:08:33,035] {logging_mixin.py:109} INFO - [2022-03-24 03:08:33,034] {dag.py:2937} INFO - Setting next_dagrun for example_branch_datetime_operator_2 to 2022-03-23 00:00:00+00:00
[2022-03-24 03:08:33,463] {processor.py:171} INFO - Processing /home/airflow/.local/lib/python3.7/site-packages/airflow/example_dags/example_branch_datetime_operator.py took 0.936 seconds
[2022-03-24 03:09:03,931] {processor.py:163} INFO - Started process (PID=2115) to work on /home/airflow/.local/lib/python3.7/site-packages/airflow/example_dags/example_branch_datetime_operator.py
[2022-03-24 03:09:03,935] {processor.py:642} INFO - Processing file /home/airflow/.local/lib/python3.7/site-packages/airflow/example_dags/example_branch_datetime_operator.py for tasks to queue
[2022-03-24 03:09:03,937] {logging_mixin.py:109} INFO - [2022-03-24 03:09:03,937] {dagbag.py:500} INFO - Filling up the DagBag from /home/airflow/.local/lib/python3.7/site-packages/airflow/example_dags/example_branch_datetime_operator.py
[2022-03-24 03:09:03,976] {processor.py:654} INFO - DAG(s) dict_keys(['example_branch_datetime_operator_2']) retrieved from /home/airflow/.local/lib/python3.7/site-packages/airflow/example_dags/example_branch_datetime_operator.py
[2022-03-24 03:09:03,993] {logging_mixin.py:109} INFO - [2022-03-24 03:09:03,993] {dag.py:2398} INFO - Sync 1 DAGs
[2022-03-24 03:09:04,012] {logging_mixin.py:109} INFO - [2022-03-24 03:09:04,012] {dag.py:2937} INFO - Setting next_dagrun for example_branch_datetime_operator_2 to 2022-03-23 00:00:00+00:00
[2022-03-24 03:09:04,029] {processor.py:171} INFO - Processing /home/airflow/.local/lib/python3.7/site-packages/airflow/example_dags/example_branch_datetime_operator.py took 0.107 seconds
[2022-03-24 03:09:34,605] {processor.py:163} INFO - Started process (PID=2173) to work on /home/airflow/.local/lib/python3.7/site-packages/airflow/example_dags/example_branch_datetime_operator.py
[2022-03-24 03:09:34,611] {processor.py:642} INFO - Processing file /home/airflow/.local/lib/python3.7/site-packages/airflow/example_dags/example_branch_datetime_operator.py for tasks to queue
[2022-03-24 03:09:34,612] {logging_mixin.py:109} INFO - [2022-03-24 03:09:34,612] {dagbag.py:500} INFO - Filling up the DagBag from /home/airflow/.local/lib/python3.7/site-packages/airflow/example_dags/example_branch_datetime_operator.py
[2022-03-24 03:09:34,719] {processor.py:654} INFO - DAG(s) dict_keys(['example_branch_datetime_operator_2']) retrieved from /home/airflow/.local/lib/python3.7/site-packages/airflow/example_dags/example_branch_datetime_operator.py
[2022-03-24 03:09:34,753] {logging_mixin.py:109} INFO - [2022-03-24 03:09:34,752] {dag.py:2398} INFO - Sync 1 DAGs
[2022-03-24 03:09:34,792] {logging_mixin.py:109} INFO - [2022-03-24 03:09:34,792] {dag.py:2937} INFO - Setting next_dagrun for example_branch_datetime_operator_2 to 2022-03-23 00:00:00+00:00
[2022-03-24 03:09:34,818] {processor.py:171} INFO - Processing /home/airflow/.local/lib/python3.7/site-packages/airflow/example_dags/example_branch_datetime_operator.py took 0.218 seconds
[2022-03-24 03:10:04,980] {processor.py:163} INFO - Started process (PID=2217) to work on /home/airflow/.local/lib/python3.7/site-packages/airflow/example_dags/example_branch_datetime_operator.py
[2022-03-24 03:10:04,984] {processor.py:642} INFO - Processing file /home/airflow/.local/lib/python3.7/site-packages/airflow/example_dags/example_branch_datetime_operator.py for tasks to queue
[2022-03-24 03:10:04,986] {logging_mixin.py:109} INFO - [2022-03-24 03:10:04,986] {dagbag.py:500} INFO - Filling up the DagBag from /home/airflow/.local/lib/python3.7/site-packages/airflow/example_dags/example_branch_datetime_operator.py
[2022-03-24 03:10:05,037] {processor.py:654} INFO - DAG(s) dict_keys(['example_branch_datetime_operator_2']) retrieved from /home/airflow/.local/lib/python3.7/site-packages/airflow/example_dags/example_branch_datetime_operator.py
[2022-03-24 03:10:05,052] {logging_mixin.py:109} INFO - [2022-03-24 03:10:05,051] {dag.py:2398} INFO - Sync 1 DAGs
[2022-03-24 03:10:05,072] {logging_mixin.py:109} INFO - [2022-03-24 03:10:05,072] {dag.py:2937} INFO - Setting next_dagrun for example_branch_datetime_operator_2 to 2022-03-23 00:00:00+00:00
[2022-03-24 03:10:05,085] {processor.py:171} INFO - Processing /home/airflow/.local/lib/python3.7/site-packages/airflow/example_dags/example_branch_datetime_operator.py took 0.114 seconds
[2022-03-24 03:10:35,850] {processor.py:163} INFO - Started process (PID=2269) to work on /home/airflow/.local/lib/python3.7/site-packages/airflow/example_dags/example_branch_datetime_operator.py
[2022-03-24 03:10:35,854] {processor.py:642} INFO - Processing file /home/airflow/.local/lib/python3.7/site-packages/airflow/example_dags/example_branch_datetime_operator.py for tasks to queue
[2022-03-24 03:10:35,856] {logging_mixin.py:109} INFO - [2022-03-24 03:10:35,856] {dagbag.py:500} INFO - Filling up the DagBag from /home/airflow/.local/lib/python3.7/site-packages/airflow/example_dags/example_branch_datetime_operator.py
[2022-03-24 03:10:35,898] {processor.py:654} INFO - DAG(s) dict_keys(['example_branch_datetime_operator_2']) retrieved from /home/airflow/.local/lib/python3.7/site-packages/airflow/example_dags/example_branch_datetime_operator.py
[2022-03-24 03:10:35,911] {logging_mixin.py:109} INFO - [2022-03-24 03:10:35,911] {dag.py:2398} INFO - Sync 1 DAGs
[2022-03-24 03:10:35,931] {logging_mixin.py:109} INFO - [2022-03-24 03:10:35,930] {dag.py:2937} INFO - Setting next_dagrun for example_branch_datetime_operator_2 to 2022-03-23 00:00:00+00:00
[2022-03-24 03:10:35,946] {processor.py:171} INFO - Processing /home/airflow/.local/lib/python3.7/site-packages/airflow/example_dags/example_branch_datetime_operator.py took 0.103 seconds
[2022-03-24 03:11:06,110] {processor.py:163} INFO - Started process (PID=2319) to work on /home/airflow/.local/lib/python3.7/site-packages/airflow/example_dags/example_branch_datetime_operator.py
[2022-03-24 03:11:06,112] {processor.py:642} INFO - Processing file /home/airflow/.local/lib/python3.7/site-packages/airflow/example_dags/example_branch_datetime_operator.py for tasks to queue
[2022-03-24 03:11:06,114] {logging_mixin.py:109} INFO - [2022-03-24 03:11:06,114] {dagbag.py:500} INFO - Filling up the DagBag from /home/airflow/.local/lib/python3.7/site-packages/airflow/example_dags/example_branch_datetime_operator.py
[2022-03-24 03:11:06,159] {processor.py:654} INFO - DAG(s) dict_keys(['example_branch_datetime_operator_2']) retrieved from /home/airflow/.local/lib/python3.7/site-packages/airflow/example_dags/example_branch_datetime_operator.py
[2022-03-24 03:11:06,195] {logging_mixin.py:109} INFO - [2022-03-24 03:11:06,195] {dag.py:2398} INFO - Sync 1 DAGs
[2022-03-24 03:11:06,226] {logging_mixin.py:109} INFO - [2022-03-24 03:11:06,226] {dag.py:2937} INFO - Setting next_dagrun for example_branch_datetime_operator_2 to 2022-03-23 00:00:00+00:00
[2022-03-24 03:11:06,250] {processor.py:171} INFO - Processing /home/airflow/.local/lib/python3.7/site-packages/airflow/example_dags/example_branch_datetime_operator.py took 0.143 seconds
[2022-03-24 03:11:36,325] {processor.py:163} INFO - Started process (PID=2370) to work on /home/airflow/.local/lib/python3.7/site-packages/airflow/example_dags/example_branch_datetime_operator.py
[2022-03-24 03:11:36,331] {processor.py:642} INFO - Processing file /home/airflow/.local/lib/python3.7/site-packages/airflow/example_dags/example_branch_datetime_operator.py for tasks to queue
[2022-03-24 03:11:36,333] {logging_mixin.py:109} INFO - [2022-03-24 03:11:36,333] {dagbag.py:500} INFO - Filling up the DagBag from /home/airflow/.local/lib/python3.7/site-packages/airflow/example_dags/example_branch_datetime_operator.py
[2022-03-24 03:11:36,375] {processor.py:654} INFO - DAG(s) dict_keys(['example_branch_datetime_operator_2']) retrieved from /home/airflow/.local/lib/python3.7/site-packages/airflow/example_dags/example_branch_datetime_operator.py
[2022-03-24 03:11:36,390] {logging_mixin.py:109} INFO - [2022-03-24 03:11:36,389] {dag.py:2398} INFO - Sync 1 DAGs
[2022-03-24 03:11:36,408] {logging_mixin.py:109} INFO - [2022-03-24 03:11:36,408] {dag.py:2937} INFO - Setting next_dagrun for example_branch_datetime_operator_2 to 2022-03-23 00:00:00+00:00
[2022-03-24 03:11:36,420] {processor.py:171} INFO - Processing /home/airflow/.local/lib/python3.7/site-packages/airflow/example_dags/example_branch_datetime_operator.py took 0.099 seconds
[2022-03-24 03:12:06,480] {processor.py:163} INFO - Started process (PID=2419) to work on /home/airflow/.local/lib/python3.7/site-packages/airflow/example_dags/example_branch_datetime_operator.py
[2022-03-24 03:12:06,484] {processor.py:642} INFO - Processing file /home/airflow/.local/lib/python3.7/site-packages/airflow/example_dags/example_branch_datetime_operator.py for tasks to queue
[2022-03-24 03:12:06,486] {logging_mixin.py:109} INFO - [2022-03-24 03:12:06,486] {dagbag.py:500} INFO - Filling up the DagBag from /home/airflow/.local/lib/python3.7/site-packages/airflow/example_dags/example_branch_datetime_operator.py
[2022-03-24 03:12:06,528] {processor.py:654} INFO - DAG(s) dict_keys(['example_branch_datetime_operator_2']) retrieved from /home/airflow/.local/lib/python3.7/site-packages/airflow/example_dags/example_branch_datetime_operator.py
[2022-03-24 03:12:06,542] {logging_mixin.py:109} INFO - [2022-03-24 03:12:06,542] {dag.py:2398} INFO - Sync 1 DAGs
[2022-03-24 03:12:06,565] {logging_mixin.py:109} INFO - [2022-03-24 03:12:06,565] {dag.py:2937} INFO - Setting next_dagrun for example_branch_datetime_operator_2 to 2022-03-23 00:00:00+00:00
[2022-03-24 03:12:06,582] {processor.py:171} INFO - Processing /home/airflow/.local/lib/python3.7/site-packages/airflow/example_dags/example_branch_datetime_operator.py took 0.108 seconds
[2022-03-24 03:12:36,768] {processor.py:163} INFO - Started process (PID=2467) to work on /home/airflow/.local/lib/python3.7/site-packages/airflow/example_dags/example_branch_datetime_operator.py
[2022-03-24 03:12:36,771] {processor.py:642} INFO - Processing file /home/airflow/.local/lib/python3.7/site-packages/airflow/example_dags/example_branch_datetime_operator.py for tasks to queue
[2022-03-24 03:12:36,775] {logging_mixin.py:109} INFO - [2022-03-24 03:12:36,775] {dagbag.py:500} INFO - Filling up the DagBag from /home/airflow/.local/lib/python3.7/site-packages/airflow/example_dags/example_branch_datetime_operator.py
[2022-03-24 03:12:36,863] {processor.py:654} INFO - DAG(s) dict_keys(['example_branch_datetime_operator_2']) retrieved from /home/airflow/.local/lib/python3.7/site-packages/airflow/example_dags/example_branch_datetime_operator.py
[2022-03-24 03:12:36,880] {logging_mixin.py:109} INFO - [2022-03-24 03:12:36,880] {dag.py:2398} INFO - Sync 1 DAGs
[2022-03-24 03:12:36,904] {logging_mixin.py:109} INFO - [2022-03-24 03:12:36,904] {dag.py:2937} INFO - Setting next_dagrun for example_branch_datetime_operator_2 to 2022-03-23 00:00:00+00:00
[2022-03-24 03:12:36,915] {processor.py:171} INFO - Processing /home/airflow/.local/lib/python3.7/site-packages/airflow/example_dags/example_branch_datetime_operator.py took 0.155 seconds
[2022-03-24 03:13:07,235] {processor.py:163} INFO - Started process (PID=2519) to work on /home/airflow/.local/lib/python3.7/site-packages/airflow/example_dags/example_branch_datetime_operator.py
[2022-03-24 03:13:07,240] {processor.py:642} INFO - Processing file /home/airflow/.local/lib/python3.7/site-packages/airflow/example_dags/example_branch_datetime_operator.py for tasks to queue
[2022-03-24 03:13:07,242] {logging_mixin.py:109} INFO - [2022-03-24 03:13:07,242] {dagbag.py:500} INFO - Filling up the DagBag from /home/airflow/.local/lib/python3.7/site-packages/airflow/example_dags/example_branch_datetime_operator.py
[2022-03-24 03:13:07,286] {processor.py:654} INFO - DAG(s) dict_keys(['example_branch_datetime_operator_2']) retrieved from /home/airflow/.local/lib/python3.7/site-packages/airflow/example_dags/example_branch_datetime_operator.py
[2022-03-24 03:13:07,300] {logging_mixin.py:109} INFO - [2022-03-24 03:13:07,300] {dag.py:2398} INFO - Sync 1 DAGs
[2022-03-24 03:13:07,334] {logging_mixin.py:109} INFO - [2022-03-24 03:13:07,334] {dag.py:2937} INFO - Setting next_dagrun for example_branch_datetime_operator_2 to 2022-03-23 00:00:00+00:00
[2022-03-24 03:13:07,352] {processor.py:171} INFO - Processing /home/airflow/.local/lib/python3.7/site-packages/airflow/example_dags/example_branch_datetime_operator.py took 0.130 seconds
[2022-03-24 03:13:37,610] {processor.py:163} INFO - Started process (PID=2570) to work on /home/airflow/.local/lib/python3.7/site-packages/airflow/example_dags/example_branch_datetime_operator.py
[2022-03-24 03:13:37,613] {processor.py:642} INFO - Processing file /home/airflow/.local/lib/python3.7/site-packages/airflow/example_dags/example_branch_datetime_operator.py for tasks to queue
[2022-03-24 03:13:37,615] {logging_mixin.py:109} INFO - [2022-03-24 03:13:37,615] {dagbag.py:500} INFO - Filling up the DagBag from /home/airflow/.local/lib/python3.7/site-packages/airflow/example_dags/example_branch_datetime_operator.py
[2022-03-24 03:13:37,660] {processor.py:654} INFO - DAG(s) dict_keys(['example_branch_datetime_operator_2']) retrieved from /home/airflow/.local/lib/python3.7/site-packages/airflow/example_dags/example_branch_datetime_operator.py
[2022-03-24 03:13:37,673] {logging_mixin.py:109} INFO - [2022-03-24 03:13:37,672] {dag.py:2398} INFO - Sync 1 DAGs
[2022-03-24 03:13:37,701] {logging_mixin.py:109} INFO - [2022-03-24 03:13:37,701] {dag.py:2937} INFO - Setting next_dagrun for example_branch_datetime_operator_2 to 2022-03-23 00:00:00+00:00
[2022-03-24 03:13:37,724] {processor.py:171} INFO - Processing /home/airflow/.local/lib/python3.7/site-packages/airflow/example_dags/example_branch_datetime_operator.py took 0.118 seconds
[2022-03-24 03:14:07,961] {processor.py:163} INFO - Started process (PID=2632) to work on /home/airflow/.local/lib/python3.7/site-packages/airflow/example_dags/example_branch_datetime_operator.py
[2022-03-24 03:14:07,974] {processor.py:642} INFO - Processing file /home/airflow/.local/lib/python3.7/site-packages/airflow/example_dags/example_branch_datetime_operator.py for tasks to queue
[2022-03-24 03:14:07,998] {logging_mixin.py:109} INFO - [2022-03-24 03:14:07,998] {dagbag.py:500} INFO - Filling up the DagBag from /home/airflow/.local/lib/python3.7/site-packages/airflow/example_dags/example_branch_datetime_operator.py
[2022-03-24 03:14:08,117] {processor.py:654} INFO - DAG(s) dict_keys(['example_branch_datetime_operator_2']) retrieved from /home/airflow/.local/lib/python3.7/site-packages/airflow/example_dags/example_branch_datetime_operator.py
[2022-03-24 03:14:08,151] {logging_mixin.py:109} INFO - [2022-03-24 03:14:08,151] {dag.py:2398} INFO - Sync 1 DAGs
[2022-03-24 03:14:08,211] {logging_mixin.py:109} INFO - [2022-03-24 03:14:08,210] {dag.py:2937} INFO - Setting next_dagrun for example_branch_datetime_operator_2 to 2022-03-23 00:00:00+00:00
[2022-03-24 03:14:08,246] {processor.py:171} INFO - Processing /home/airflow/.local/lib/python3.7/site-packages/airflow/example_dags/example_branch_datetime_operator.py took 0.296 seconds
[2022-03-24 03:14:39,020] {processor.py:163} INFO - Started process (PID=2685) to work on /home/airflow/.local/lib/python3.7/site-packages/airflow/example_dags/example_branch_datetime_operator.py
[2022-03-24 03:14:39,026] {processor.py:642} INFO - Processing file /home/airflow/.local/lib/python3.7/site-packages/airflow/example_dags/example_branch_datetime_operator.py for tasks to queue
[2022-03-24 03:14:39,031] {logging_mixin.py:109} INFO - [2022-03-24 03:14:39,031] {dagbag.py:500} INFO - Filling up the DagBag from /home/airflow/.local/lib/python3.7/site-packages/airflow/example_dags/example_branch_datetime_operator.py
[2022-03-24 03:14:39,155] {processor.py:654} INFO - DAG(s) dict_keys(['example_branch_datetime_operator_2']) retrieved from /home/airflow/.local/lib/python3.7/site-packages/airflow/example_dags/example_branch_datetime_operator.py
[2022-03-24 03:14:39,179] {logging_mixin.py:109} INFO - [2022-03-24 03:14:39,178] {dag.py:2398} INFO - Sync 1 DAGs
[2022-03-24 03:14:39,244] {logging_mixin.py:109} INFO - [2022-03-24 03:14:39,243] {dag.py:2937} INFO - Setting next_dagrun for example_branch_datetime_operator_2 to 2022-03-23 00:00:00+00:00
[2022-03-24 03:14:39,279] {processor.py:171} INFO - Processing /home/airflow/.local/lib/python3.7/site-packages/airflow/example_dags/example_branch_datetime_operator.py took 0.278 seconds
[2022-03-24 03:15:10,009] {processor.py:163} INFO - Started process (PID=2742) to work on /home/airflow/.local/lib/python3.7/site-packages/airflow/example_dags/example_branch_datetime_operator.py
[2022-03-24 03:15:10,023] {processor.py:642} INFO - Processing file /home/airflow/.local/lib/python3.7/site-packages/airflow/example_dags/example_branch_datetime_operator.py for tasks to queue
[2022-03-24 03:15:10,025] {logging_mixin.py:109} INFO - [2022-03-24 03:15:10,025] {dagbag.py:500} INFO - Filling up the DagBag from /home/airflow/.local/lib/python3.7/site-packages/airflow/example_dags/example_branch_datetime_operator.py
[2022-03-24 03:15:10,230] {processor.py:654} INFO - DAG(s) dict_keys(['example_branch_datetime_operator_2']) retrieved from /home/airflow/.local/lib/python3.7/site-packages/airflow/example_dags/example_branch_datetime_operator.py
[2022-03-24 03:15:10,297] {logging_mixin.py:109} INFO - [2022-03-24 03:15:10,297] {dag.py:2398} INFO - Sync 1 DAGs
[2022-03-24 03:15:10,393] {logging_mixin.py:109} INFO - [2022-03-24 03:15:10,388] {dag.py:2937} INFO - Setting next_dagrun for example_branch_datetime_operator_2 to 2022-03-23 00:00:00+00:00
[2022-03-24 03:15:10,442] {processor.py:171} INFO - Processing /home/airflow/.local/lib/python3.7/site-packages/airflow/example_dags/example_branch_datetime_operator.py took 0.445 seconds
[2022-03-24 03:15:41,228] {processor.py:163} INFO - Started process (PID=2788) to work on /home/airflow/.local/lib/python3.7/site-packages/airflow/example_dags/example_branch_datetime_operator.py
[2022-03-24 03:15:41,242] {processor.py:642} INFO - Processing file /home/airflow/.local/lib/python3.7/site-packages/airflow/example_dags/example_branch_datetime_operator.py for tasks to queue
[2022-03-24 03:15:41,255] {logging_mixin.py:109} INFO - [2022-03-24 03:15:41,255] {dagbag.py:500} INFO - Filling up the DagBag from /home/airflow/.local/lib/python3.7/site-packages/airflow/example_dags/example_branch_datetime_operator.py
[2022-03-24 03:15:41,491] {processor.py:654} INFO - DAG(s) dict_keys(['example_branch_datetime_operator_2']) retrieved from /home/airflow/.local/lib/python3.7/site-packages/airflow/example_dags/example_branch_datetime_operator.py
[2022-03-24 03:15:41,586] {logging_mixin.py:109} INFO - [2022-03-24 03:15:41,586] {dag.py:2398} INFO - Sync 1 DAGs
[2022-03-24 03:15:41,704] {logging_mixin.py:109} INFO - [2022-03-24 03:15:41,703] {dag.py:2937} INFO - Setting next_dagrun for example_branch_datetime_operator_2 to 2022-03-23 00:00:00+00:00
[2022-03-24 03:15:41,761] {processor.py:171} INFO - Processing /home/airflow/.local/lib/python3.7/site-packages/airflow/example_dags/example_branch_datetime_operator.py took 0.559 seconds
[2022-03-24 03:16:12,545] {processor.py:163} INFO - Started process (PID=2839) to work on /home/airflow/.local/lib/python3.7/site-packages/airflow/example_dags/example_branch_datetime_operator.py
[2022-03-24 03:16:12,555] {processor.py:642} INFO - Processing file /home/airflow/.local/lib/python3.7/site-packages/airflow/example_dags/example_branch_datetime_operator.py for tasks to queue
[2022-03-24 03:16:12,568] {logging_mixin.py:109} INFO - [2022-03-24 03:16:12,565] {dagbag.py:500} INFO - Filling up the DagBag from /home/airflow/.local/lib/python3.7/site-packages/airflow/example_dags/example_branch_datetime_operator.py
[2022-03-24 03:16:12,859] {processor.py:654} INFO - DAG(s) dict_keys(['example_branch_datetime_operator_2']) retrieved from /home/airflow/.local/lib/python3.7/site-packages/airflow/example_dags/example_branch_datetime_operator.py
[2022-03-24 03:16:12,943] {logging_mixin.py:109} INFO - [2022-03-24 03:16:12,943] {dag.py:2398} INFO - Sync 1 DAGs
[2022-03-24 03:16:13,028] {logging_mixin.py:109} INFO - [2022-03-24 03:16:13,028] {dag.py:2937} INFO - Setting next_dagrun for example_branch_datetime_operator_2 to 2022-03-23 00:00:00+00:00
[2022-03-24 03:16:13,086] {processor.py:171} INFO - Processing /home/airflow/.local/lib/python3.7/site-packages/airflow/example_dags/example_branch_datetime_operator.py took 0.572 seconds
[2022-03-24 03:16:43,878] {processor.py:163} INFO - Started process (PID=2891) to work on /home/airflow/.local/lib/python3.7/site-packages/airflow/example_dags/example_branch_datetime_operator.py
[2022-03-24 03:16:43,882] {processor.py:642} INFO - Processing file /home/airflow/.local/lib/python3.7/site-packages/airflow/example_dags/example_branch_datetime_operator.py for tasks to queue
[2022-03-24 03:16:43,885] {logging_mixin.py:109} INFO - [2022-03-24 03:16:43,885] {dagbag.py:500} INFO - Filling up the DagBag from /home/airflow/.local/lib/python3.7/site-packages/airflow/example_dags/example_branch_datetime_operator.py
[2022-03-24 03:16:43,992] {processor.py:654} INFO - DAG(s) dict_keys(['example_branch_datetime_operator_2']) retrieved from /home/airflow/.local/lib/python3.7/site-packages/airflow/example_dags/example_branch_datetime_operator.py
[2022-03-24 03:16:44,010] {logging_mixin.py:109} INFO - [2022-03-24 03:16:44,010] {dag.py:2398} INFO - Sync 1 DAGs
[2022-03-24 03:16:44,045] {logging_mixin.py:109} INFO - [2022-03-24 03:16:44,045] {dag.py:2937} INFO - Setting next_dagrun for example_branch_datetime_operator_2 to 2022-03-23 00:00:00+00:00
[2022-03-24 03:16:44,099] {processor.py:171} INFO - Processing /home/airflow/.local/lib/python3.7/site-packages/airflow/example_dags/example_branch_datetime_operator.py took 0.226 seconds
[2022-03-24 03:17:14,224] {processor.py:163} INFO - Started process (PID=2942) to work on /home/airflow/.local/lib/python3.7/site-packages/airflow/example_dags/example_branch_datetime_operator.py
[2022-03-24 03:17:14,228] {processor.py:642} INFO - Processing file /home/airflow/.local/lib/python3.7/site-packages/airflow/example_dags/example_branch_datetime_operator.py for tasks to queue
[2022-03-24 03:17:14,230] {logging_mixin.py:109} INFO - [2022-03-24 03:17:14,230] {dagbag.py:500} INFO - Filling up the DagBag from /home/airflow/.local/lib/python3.7/site-packages/airflow/example_dags/example_branch_datetime_operator.py
[2022-03-24 03:17:14,294] {processor.py:654} INFO - DAG(s) dict_keys(['example_branch_datetime_operator_2']) retrieved from /home/airflow/.local/lib/python3.7/site-packages/airflow/example_dags/example_branch_datetime_operator.py
[2022-03-24 03:17:14,310] {logging_mixin.py:109} INFO - [2022-03-24 03:17:14,310] {dag.py:2398} INFO - Sync 1 DAGs
[2022-03-24 03:17:14,343] {logging_mixin.py:109} INFO - [2022-03-24 03:17:14,343] {dag.py:2937} INFO - Setting next_dagrun for example_branch_datetime_operator_2 to 2022-03-23 00:00:00+00:00
[2022-03-24 03:17:14,359] {processor.py:171} INFO - Processing /home/airflow/.local/lib/python3.7/site-packages/airflow/example_dags/example_branch_datetime_operator.py took 0.144 seconds
[2022-03-24 03:17:44,901] {processor.py:163} INFO - Started process (PID=2994) to work on /home/airflow/.local/lib/python3.7/site-packages/airflow/example_dags/example_branch_datetime_operator.py
[2022-03-24 03:17:44,905] {processor.py:642} INFO - Processing file /home/airflow/.local/lib/python3.7/site-packages/airflow/example_dags/example_branch_datetime_operator.py for tasks to queue
[2022-03-24 03:17:44,908] {logging_mixin.py:109} INFO - [2022-03-24 03:17:44,908] {dagbag.py:500} INFO - Filling up the DagBag from /home/airflow/.local/lib/python3.7/site-packages/airflow/example_dags/example_branch_datetime_operator.py
[2022-03-24 03:17:44,963] {processor.py:654} INFO - DAG(s) dict_keys(['example_branch_datetime_operator_2']) retrieved from /home/airflow/.local/lib/python3.7/site-packages/airflow/example_dags/example_branch_datetime_operator.py
[2022-03-24 03:17:44,979] {logging_mixin.py:109} INFO - [2022-03-24 03:17:44,979] {dag.py:2398} INFO - Sync 1 DAGs
[2022-03-24 03:17:45,002] {logging_mixin.py:109} INFO - [2022-03-24 03:17:45,002] {dag.py:2937} INFO - Setting next_dagrun for example_branch_datetime_operator_2 to 2022-03-23 00:00:00+00:00
[2022-03-24 03:17:45,070] {processor.py:171} INFO - Processing /home/airflow/.local/lib/python3.7/site-packages/airflow/example_dags/example_branch_datetime_operator.py took 0.178 seconds
[2022-03-24 03:18:15,297] {processor.py:163} INFO - Started process (PID=3046) to work on /home/airflow/.local/lib/python3.7/site-packages/airflow/example_dags/example_branch_datetime_operator.py
[2022-03-24 03:18:15,383] {processor.py:642} INFO - Processing file /home/airflow/.local/lib/python3.7/site-packages/airflow/example_dags/example_branch_datetime_operator.py for tasks to queue
[2022-03-24 03:18:15,387] {logging_mixin.py:109} INFO - [2022-03-24 03:18:15,386] {dagbag.py:500} INFO - Filling up the DagBag from /home/airflow/.local/lib/python3.7/site-packages/airflow/example_dags/example_branch_datetime_operator.py
[2022-03-24 03:18:15,459] {processor.py:654} INFO - DAG(s) dict_keys(['example_branch_datetime_operator_2']) retrieved from /home/airflow/.local/lib/python3.7/site-packages/airflow/example_dags/example_branch_datetime_operator.py
[2022-03-24 03:18:15,797] {logging_mixin.py:109} INFO - [2022-03-24 03:18:15,797] {dag.py:2398} INFO - Sync 1 DAGs
[2022-03-24 03:18:15,828] {logging_mixin.py:109} INFO - [2022-03-24 03:18:15,828] {dag.py:2937} INFO - Setting next_dagrun for example_branch_datetime_operator_2 to 2022-03-23 00:00:00+00:00
[2022-03-24 03:18:16,070] {processor.py:171} INFO - Processing /home/airflow/.local/lib/python3.7/site-packages/airflow/example_dags/example_branch_datetime_operator.py took 0.777 seconds
[2022-03-24 03:18:46,761] {processor.py:163} INFO - Started process (PID=3107) to work on /home/airflow/.local/lib/python3.7/site-packages/airflow/example_dags/example_branch_datetime_operator.py
[2022-03-24 03:18:46,782] {processor.py:642} INFO - Processing file /home/airflow/.local/lib/python3.7/site-packages/airflow/example_dags/example_branch_datetime_operator.py for tasks to queue
[2022-03-24 03:18:46,785] {logging_mixin.py:109} INFO - [2022-03-24 03:18:46,785] {dagbag.py:500} INFO - Filling up the DagBag from /home/airflow/.local/lib/python3.7/site-packages/airflow/example_dags/example_branch_datetime_operator.py
[2022-03-24 03:18:46,936] {processor.py:654} INFO - DAG(s) dict_keys(['example_branch_datetime_operator_2']) retrieved from /home/airflow/.local/lib/python3.7/site-packages/airflow/example_dags/example_branch_datetime_operator.py
[2022-03-24 03:18:46,973] {logging_mixin.py:109} INFO - [2022-03-24 03:18:46,973] {dag.py:2398} INFO - Sync 1 DAGs
[2022-03-24 03:18:47,023] {logging_mixin.py:109} INFO - [2022-03-24 03:18:47,023] {dag.py:2937} INFO - Setting next_dagrun for example_branch_datetime_operator_2 to 2022-03-23 00:00:00+00:00
[2022-03-24 03:18:47,094] {processor.py:171} INFO - Processing /home/airflow/.local/lib/python3.7/site-packages/airflow/example_dags/example_branch_datetime_operator.py took 0.337 seconds
[2022-03-24 03:19:17,993] {processor.py:163} INFO - Started process (PID=3161) to work on /home/airflow/.local/lib/python3.7/site-packages/airflow/example_dags/example_branch_datetime_operator.py
[2022-03-24 03:19:17,999] {processor.py:642} INFO - Processing file /home/airflow/.local/lib/python3.7/site-packages/airflow/example_dags/example_branch_datetime_operator.py for tasks to queue
[2022-03-24 03:19:18,004] {logging_mixin.py:109} INFO - [2022-03-24 03:19:18,003] {dagbag.py:500} INFO - Filling up the DagBag from /home/airflow/.local/lib/python3.7/site-packages/airflow/example_dags/example_branch_datetime_operator.py
[2022-03-24 03:19:18,093] {processor.py:654} INFO - DAG(s) dict_keys(['example_branch_datetime_operator_2']) retrieved from /home/airflow/.local/lib/python3.7/site-packages/airflow/example_dags/example_branch_datetime_operator.py
[2022-03-24 03:19:18,120] {logging_mixin.py:109} INFO - [2022-03-24 03:19:18,120] {dag.py:2398} INFO - Sync 1 DAGs
[2022-03-24 03:19:18,163] {logging_mixin.py:109} INFO - [2022-03-24 03:19:18,163] {dag.py:2937} INFO - Setting next_dagrun for example_branch_datetime_operator_2 to 2022-03-23 00:00:00+00:00
[2022-03-24 03:19:18,223] {processor.py:171} INFO - Processing /home/airflow/.local/lib/python3.7/site-packages/airflow/example_dags/example_branch_datetime_operator.py took 0.249 seconds
[2022-03-24 03:19:48,318] {processor.py:163} INFO - Started process (PID=3217) to work on /home/airflow/.local/lib/python3.7/site-packages/airflow/example_dags/example_branch_datetime_operator.py
[2022-03-24 03:19:48,397] {processor.py:642} INFO - Processing file /home/airflow/.local/lib/python3.7/site-packages/airflow/example_dags/example_branch_datetime_operator.py for tasks to queue
[2022-03-24 03:19:48,406] {logging_mixin.py:109} INFO - [2022-03-24 03:19:48,405] {dagbag.py:500} INFO - Filling up the DagBag from /home/airflow/.local/lib/python3.7/site-packages/airflow/example_dags/example_branch_datetime_operator.py
[2022-03-24 03:19:48,472] {processor.py:654} INFO - DAG(s) dict_keys(['example_branch_datetime_operator_2']) retrieved from /home/airflow/.local/lib/python3.7/site-packages/airflow/example_dags/example_branch_datetime_operator.py
[2022-03-24 03:19:48,590] {logging_mixin.py:109} INFO - [2022-03-24 03:19:48,590] {dag.py:2398} INFO - Sync 1 DAGs
[2022-03-24 03:19:48,613] {logging_mixin.py:109} INFO - [2022-03-24 03:19:48,613] {dag.py:2937} INFO - Setting next_dagrun for example_branch_datetime_operator_2 to 2022-03-23 00:00:00+00:00
[2022-03-24 03:19:48,629] {processor.py:171} INFO - Processing /home/airflow/.local/lib/python3.7/site-packages/airflow/example_dags/example_branch_datetime_operator.py took 0.326 seconds
[2022-03-24 03:20:18,934] {processor.py:163} INFO - Started process (PID=3268) to work on /home/airflow/.local/lib/python3.7/site-packages/airflow/example_dags/example_branch_datetime_operator.py
[2022-03-24 03:20:18,936] {processor.py:642} INFO - Processing file /home/airflow/.local/lib/python3.7/site-packages/airflow/example_dags/example_branch_datetime_operator.py for tasks to queue
[2022-03-24 03:20:18,938] {logging_mixin.py:109} INFO - [2022-03-24 03:20:18,938] {dagbag.py:500} INFO - Filling up the DagBag from /home/airflow/.local/lib/python3.7/site-packages/airflow/example_dags/example_branch_datetime_operator.py
[2022-03-24 03:20:19,004] {processor.py:654} INFO - DAG(s) dict_keys(['example_branch_datetime_operator_2']) retrieved from /home/airflow/.local/lib/python3.7/site-packages/airflow/example_dags/example_branch_datetime_operator.py
[2022-03-24 03:20:19,021] {logging_mixin.py:109} INFO - [2022-03-24 03:20:19,021] {dag.py:2398} INFO - Sync 1 DAGs
[2022-03-24 03:20:19,046] {logging_mixin.py:109} INFO - [2022-03-24 03:20:19,046] {dag.py:2937} INFO - Setting next_dagrun for example_branch_datetime_operator_2 to 2022-03-23 00:00:00+00:00
[2022-03-24 03:20:19,064] {processor.py:171} INFO - Processing /home/airflow/.local/lib/python3.7/site-packages/airflow/example_dags/example_branch_datetime_operator.py took 0.134 seconds
