[2022-03-24 02:50:29,025] {processor.py:163} INFO - Started process (PID=254) to work on /home/airflow/.local/lib/python3.7/site-packages/airflow/example_dags/tutorial_etl_dag.py
[2022-03-24 02:50:29,029] {processor.py:642} INFO - Processing file /home/airflow/.local/lib/python3.7/site-packages/airflow/example_dags/tutorial_etl_dag.py for tasks to queue
[2022-03-24 02:50:29,031] {logging_mixin.py:109} INFO - [2022-03-24 02:50:29,031] {dagbag.py:500} INFO - Filling up the DagBag from /home/airflow/.local/lib/python3.7/site-packages/airflow/example_dags/tutorial_etl_dag.py
[2022-03-24 02:50:29,087] {processor.py:654} INFO - DAG(s) dict_keys(['tutorial_etl_dag']) retrieved from /home/airflow/.local/lib/python3.7/site-packages/airflow/example_dags/tutorial_etl_dag.py
[2022-03-24 02:50:34,997] {logging_mixin.py:109} INFO - [2022-03-24 02:50:34,997] {manager.py:496} INFO - Created Permission View: can edit on DAG:tutorial_etl_dag
[2022-03-24 02:50:35,097] {logging_mixin.py:109} INFO - [2022-03-24 02:50:35,096] {manager.py:496} INFO - Created Permission View: can read on DAG:tutorial_etl_dag
[2022-03-24 02:50:35,102] {logging_mixin.py:109} INFO - [2022-03-24 02:50:35,101] {dag.py:2398} INFO - Sync 1 DAGs
[2022-03-24 02:50:35,172] {logging_mixin.py:109} INFO - [2022-03-24 02:50:35,171] {dag.py:2417} INFO - Creating ORM DAG for tutorial_etl_dag
[2022-03-24 02:50:35,313] {logging_mixin.py:109} INFO - [2022-03-24 02:50:35,311] {dag.py:2937} INFO - Setting next_dagrun for tutorial_etl_dag to None
[2022-03-24 02:50:35,408] {processor.py:171} INFO - Processing /home/airflow/.local/lib/python3.7/site-packages/airflow/example_dags/tutorial_etl_dag.py took 6.391 seconds
[2022-03-24 02:51:05,711] {processor.py:163} INFO - Started process (PID=316) to work on /home/airflow/.local/lib/python3.7/site-packages/airflow/example_dags/tutorial_etl_dag.py
[2022-03-24 02:51:05,716] {processor.py:642} INFO - Processing file /home/airflow/.local/lib/python3.7/site-packages/airflow/example_dags/tutorial_etl_dag.py for tasks to queue
[2022-03-24 02:51:05,718] {logging_mixin.py:109} INFO - [2022-03-24 02:51:05,718] {dagbag.py:500} INFO - Filling up the DagBag from /home/airflow/.local/lib/python3.7/site-packages/airflow/example_dags/tutorial_etl_dag.py
[2022-03-24 02:51:05,761] {processor.py:654} INFO - DAG(s) dict_keys(['tutorial_etl_dag']) retrieved from /home/airflow/.local/lib/python3.7/site-packages/airflow/example_dags/tutorial_etl_dag.py
[2022-03-24 02:51:05,774] {logging_mixin.py:109} INFO - [2022-03-24 02:51:05,773] {dag.py:2398} INFO - Sync 1 DAGs
[2022-03-24 02:51:05,796] {logging_mixin.py:109} INFO - [2022-03-24 02:51:05,796] {dag.py:2937} INFO - Setting next_dagrun for tutorial_etl_dag to None
[2022-03-24 02:51:05,812] {processor.py:171} INFO - Processing /home/airflow/.local/lib/python3.7/site-packages/airflow/example_dags/tutorial_etl_dag.py took 0.105 seconds
[2022-03-24 02:51:35,909] {processor.py:163} INFO - Started process (PID=376) to work on /home/airflow/.local/lib/python3.7/site-packages/airflow/example_dags/tutorial_etl_dag.py
[2022-03-24 02:51:35,920] {processor.py:642} INFO - Processing file /home/airflow/.local/lib/python3.7/site-packages/airflow/example_dags/tutorial_etl_dag.py for tasks to queue
[2022-03-24 02:51:35,922] {logging_mixin.py:109} INFO - [2022-03-24 02:51:35,922] {dagbag.py:500} INFO - Filling up the DagBag from /home/airflow/.local/lib/python3.7/site-packages/airflow/example_dags/tutorial_etl_dag.py
[2022-03-24 02:51:36,002] {processor.py:654} INFO - DAG(s) dict_keys(['tutorial_etl_dag']) retrieved from /home/airflow/.local/lib/python3.7/site-packages/airflow/example_dags/tutorial_etl_dag.py
[2022-03-24 02:51:36,032] {logging_mixin.py:109} INFO - [2022-03-24 02:51:36,032] {dag.py:2398} INFO - Sync 1 DAGs
[2022-03-24 02:51:36,067] {logging_mixin.py:109} INFO - [2022-03-24 02:51:36,067] {dag.py:2937} INFO - Setting next_dagrun for tutorial_etl_dag to None
[2022-03-24 02:51:36,092] {processor.py:171} INFO - Processing /home/airflow/.local/lib/python3.7/site-packages/airflow/example_dags/tutorial_etl_dag.py took 0.193 seconds
[2022-03-24 02:52:06,292] {processor.py:163} INFO - Started process (PID=427) to work on /home/airflow/.local/lib/python3.7/site-packages/airflow/example_dags/tutorial_etl_dag.py
[2022-03-24 02:52:06,300] {processor.py:642} INFO - Processing file /home/airflow/.local/lib/python3.7/site-packages/airflow/example_dags/tutorial_etl_dag.py for tasks to queue
[2022-03-24 02:52:06,305] {logging_mixin.py:109} INFO - [2022-03-24 02:52:06,305] {dagbag.py:500} INFO - Filling up the DagBag from /home/airflow/.local/lib/python3.7/site-packages/airflow/example_dags/tutorial_etl_dag.py
[2022-03-24 02:52:06,377] {processor.py:654} INFO - DAG(s) dict_keys(['tutorial_etl_dag']) retrieved from /home/airflow/.local/lib/python3.7/site-packages/airflow/example_dags/tutorial_etl_dag.py
[2022-03-24 02:52:06,402] {logging_mixin.py:109} INFO - [2022-03-24 02:52:06,402] {dag.py:2398} INFO - Sync 1 DAGs
[2022-03-24 02:52:06,440] {logging_mixin.py:109} INFO - [2022-03-24 02:52:06,440] {dag.py:2937} INFO - Setting next_dagrun for tutorial_etl_dag to None
[2022-03-24 02:52:06,458] {processor.py:171} INFO - Processing /home/airflow/.local/lib/python3.7/site-packages/airflow/example_dags/tutorial_etl_dag.py took 0.177 seconds
[2022-03-24 02:52:36,567] {processor.py:163} INFO - Started process (PID=478) to work on /home/airflow/.local/lib/python3.7/site-packages/airflow/example_dags/tutorial_etl_dag.py
[2022-03-24 02:52:36,570] {processor.py:642} INFO - Processing file /home/airflow/.local/lib/python3.7/site-packages/airflow/example_dags/tutorial_etl_dag.py for tasks to queue
[2022-03-24 02:52:36,572] {logging_mixin.py:109} INFO - [2022-03-24 02:52:36,572] {dagbag.py:500} INFO - Filling up the DagBag from /home/airflow/.local/lib/python3.7/site-packages/airflow/example_dags/tutorial_etl_dag.py
[2022-03-24 02:52:36,616] {processor.py:654} INFO - DAG(s) dict_keys(['tutorial_etl_dag']) retrieved from /home/airflow/.local/lib/python3.7/site-packages/airflow/example_dags/tutorial_etl_dag.py
[2022-03-24 02:52:36,628] {logging_mixin.py:109} INFO - [2022-03-24 02:52:36,628] {dag.py:2398} INFO - Sync 1 DAGs
[2022-03-24 02:52:36,646] {logging_mixin.py:109} INFO - [2022-03-24 02:52:36,645] {dag.py:2937} INFO - Setting next_dagrun for tutorial_etl_dag to None
[2022-03-24 02:52:36,659] {processor.py:171} INFO - Processing /home/airflow/.local/lib/python3.7/site-packages/airflow/example_dags/tutorial_etl_dag.py took 0.098 seconds
[2022-03-24 02:53:07,269] {processor.py:163} INFO - Started process (PID=527) to work on /home/airflow/.local/lib/python3.7/site-packages/airflow/example_dags/tutorial_etl_dag.py
[2022-03-24 02:53:07,274] {processor.py:642} INFO - Processing file /home/airflow/.local/lib/python3.7/site-packages/airflow/example_dags/tutorial_etl_dag.py for tasks to queue
[2022-03-24 02:53:07,277] {logging_mixin.py:109} INFO - [2022-03-24 02:53:07,276] {dagbag.py:500} INFO - Filling up the DagBag from /home/airflow/.local/lib/python3.7/site-packages/airflow/example_dags/tutorial_etl_dag.py
[2022-03-24 02:53:07,326] {processor.py:654} INFO - DAG(s) dict_keys(['tutorial_etl_dag']) retrieved from /home/airflow/.local/lib/python3.7/site-packages/airflow/example_dags/tutorial_etl_dag.py
[2022-03-24 02:53:07,339] {logging_mixin.py:109} INFO - [2022-03-24 02:53:07,339] {dag.py:2398} INFO - Sync 1 DAGs
[2022-03-24 02:53:07,357] {logging_mixin.py:109} INFO - [2022-03-24 02:53:07,357] {dag.py:2937} INFO - Setting next_dagrun for tutorial_etl_dag to None
[2022-03-24 02:53:07,373] {processor.py:171} INFO - Processing /home/airflow/.local/lib/python3.7/site-packages/airflow/example_dags/tutorial_etl_dag.py took 0.110 seconds
[2022-03-24 02:53:38,020] {processor.py:163} INFO - Started process (PID=576) to work on /home/airflow/.local/lib/python3.7/site-packages/airflow/example_dags/tutorial_etl_dag.py
[2022-03-24 02:53:38,079] {processor.py:642} INFO - Processing file /home/airflow/.local/lib/python3.7/site-packages/airflow/example_dags/tutorial_etl_dag.py for tasks to queue
[2022-03-24 02:53:38,080] {logging_mixin.py:109} INFO - [2022-03-24 02:53:38,080] {dagbag.py:500} INFO - Filling up the DagBag from /home/airflow/.local/lib/python3.7/site-packages/airflow/example_dags/tutorial_etl_dag.py
[2022-03-24 02:53:38,144] {processor.py:654} INFO - DAG(s) dict_keys(['tutorial_etl_dag']) retrieved from /home/airflow/.local/lib/python3.7/site-packages/airflow/example_dags/tutorial_etl_dag.py
[2022-03-24 02:53:38,265] {logging_mixin.py:109} INFO - [2022-03-24 02:53:38,265] {dag.py:2398} INFO - Sync 1 DAGs
[2022-03-24 02:53:38,283] {logging_mixin.py:109} INFO - [2022-03-24 02:53:38,283] {dag.py:2937} INFO - Setting next_dagrun for tutorial_etl_dag to None
[2022-03-24 02:53:38,489] {processor.py:171} INFO - Processing /home/airflow/.local/lib/python3.7/site-packages/airflow/example_dags/tutorial_etl_dag.py took 0.482 seconds
[2022-03-24 02:54:13,063] {processor.py:163} INFO - Started process (PID=627) to work on /home/airflow/.local/lib/python3.7/site-packages/airflow/example_dags/tutorial_etl_dag.py
[2022-03-24 02:54:13,071] {processor.py:642} INFO - Processing file /home/airflow/.local/lib/python3.7/site-packages/airflow/example_dags/tutorial_etl_dag.py for tasks to queue
[2022-03-24 02:54:13,075] {logging_mixin.py:109} INFO - [2022-03-24 02:54:13,075] {dagbag.py:500} INFO - Filling up the DagBag from /home/airflow/.local/lib/python3.7/site-packages/airflow/example_dags/tutorial_etl_dag.py
[2022-03-24 02:54:13,167] {processor.py:654} INFO - DAG(s) dict_keys(['tutorial_etl_dag']) retrieved from /home/airflow/.local/lib/python3.7/site-packages/airflow/example_dags/tutorial_etl_dag.py
[2022-03-24 02:54:13,272] {logging_mixin.py:109} INFO - [2022-03-24 02:54:13,272] {dag.py:2398} INFO - Sync 1 DAGs
[2022-03-24 02:54:13,449] {logging_mixin.py:109} INFO - [2022-03-24 02:54:13,449] {dag.py:2937} INFO - Setting next_dagrun for tutorial_etl_dag to None
[2022-03-24 02:54:13,828] {processor.py:171} INFO - Processing /home/airflow/.local/lib/python3.7/site-packages/airflow/example_dags/tutorial_etl_dag.py took 0.774 seconds
[2022-03-24 02:54:49,369] {processor.py:163} INFO - Started process (PID=679) to work on /home/airflow/.local/lib/python3.7/site-packages/airflow/example_dags/tutorial_etl_dag.py
[2022-03-24 02:54:49,372] {processor.py:642} INFO - Processing file /home/airflow/.local/lib/python3.7/site-packages/airflow/example_dags/tutorial_etl_dag.py for tasks to queue
[2022-03-24 02:54:49,374] {logging_mixin.py:109} INFO - [2022-03-24 02:54:49,374] {dagbag.py:500} INFO - Filling up the DagBag from /home/airflow/.local/lib/python3.7/site-packages/airflow/example_dags/tutorial_etl_dag.py
[2022-03-24 02:54:49,417] {processor.py:654} INFO - DAG(s) dict_keys(['tutorial_etl_dag']) retrieved from /home/airflow/.local/lib/python3.7/site-packages/airflow/example_dags/tutorial_etl_dag.py
[2022-03-24 02:54:49,430] {logging_mixin.py:109} INFO - [2022-03-24 02:54:49,430] {dag.py:2398} INFO - Sync 1 DAGs
[2022-03-24 02:54:49,447] {logging_mixin.py:109} INFO - [2022-03-24 02:54:49,447] {dag.py:2937} INFO - Setting next_dagrun for tutorial_etl_dag to None
[2022-03-24 02:54:49,460] {processor.py:171} INFO - Processing /home/airflow/.local/lib/python3.7/site-packages/airflow/example_dags/tutorial_etl_dag.py took 0.095 seconds
[2022-03-24 02:55:20,837] {processor.py:163} INFO - Started process (PID=730) to work on /home/airflow/.local/lib/python3.7/site-packages/airflow/example_dags/tutorial_etl_dag.py
[2022-03-24 02:55:20,844] {processor.py:642} INFO - Processing file /home/airflow/.local/lib/python3.7/site-packages/airflow/example_dags/tutorial_etl_dag.py for tasks to queue
[2022-03-24 02:55:20,849] {logging_mixin.py:109} INFO - [2022-03-24 02:55:20,848] {dagbag.py:500} INFO - Filling up the DagBag from /home/airflow/.local/lib/python3.7/site-packages/airflow/example_dags/tutorial_etl_dag.py
[2022-03-24 02:55:20,995] {processor.py:654} INFO - DAG(s) dict_keys(['tutorial_etl_dag']) retrieved from /home/airflow/.local/lib/python3.7/site-packages/airflow/example_dags/tutorial_etl_dag.py
[2022-03-24 02:55:21,030] {logging_mixin.py:109} INFO - [2022-03-24 02:55:21,030] {dag.py:2398} INFO - Sync 1 DAGs
[2022-03-24 02:55:21,068] {logging_mixin.py:109} INFO - [2022-03-24 02:55:21,068] {dag.py:2937} INFO - Setting next_dagrun for tutorial_etl_dag to None
[2022-03-24 02:55:21,132] {processor.py:171} INFO - Processing /home/airflow/.local/lib/python3.7/site-packages/airflow/example_dags/tutorial_etl_dag.py took 0.317 seconds
[2022-03-24 02:55:51,795] {processor.py:163} INFO - Started process (PID=781) to work on /home/airflow/.local/lib/python3.7/site-packages/airflow/example_dags/tutorial_etl_dag.py
[2022-03-24 02:55:51,801] {processor.py:642} INFO - Processing file /home/airflow/.local/lib/python3.7/site-packages/airflow/example_dags/tutorial_etl_dag.py for tasks to queue
[2022-03-24 02:55:51,805] {logging_mixin.py:109} INFO - [2022-03-24 02:55:51,804] {dagbag.py:500} INFO - Filling up the DagBag from /home/airflow/.local/lib/python3.7/site-packages/airflow/example_dags/tutorial_etl_dag.py
[2022-03-24 02:55:51,859] {processor.py:654} INFO - DAG(s) dict_keys(['tutorial_etl_dag']) retrieved from /home/airflow/.local/lib/python3.7/site-packages/airflow/example_dags/tutorial_etl_dag.py
[2022-03-24 02:55:51,870] {logging_mixin.py:109} INFO - [2022-03-24 02:55:51,870] {dag.py:2398} INFO - Sync 1 DAGs
[2022-03-24 02:55:51,891] {logging_mixin.py:109} INFO - [2022-03-24 02:55:51,891] {dag.py:2937} INFO - Setting next_dagrun for tutorial_etl_dag to None
[2022-03-24 02:55:52,060] {processor.py:171} INFO - Processing /home/airflow/.local/lib/python3.7/site-packages/airflow/example_dags/tutorial_etl_dag.py took 0.294 seconds
[2022-03-24 02:56:26,930] {processor.py:163} INFO - Started process (PID=839) to work on /home/airflow/.local/lib/python3.7/site-packages/airflow/example_dags/tutorial_etl_dag.py
[2022-03-24 02:56:26,949] {processor.py:642} INFO - Processing file /home/airflow/.local/lib/python3.7/site-packages/airflow/example_dags/tutorial_etl_dag.py for tasks to queue
[2022-03-24 02:56:27,938] {logging_mixin.py:109} INFO - [2022-03-24 02:56:27,937] {dagbag.py:500} INFO - Filling up the DagBag from /home/airflow/.local/lib/python3.7/site-packages/airflow/example_dags/tutorial_etl_dag.py
[2022-03-24 02:56:28,070] {processor.py:654} INFO - DAG(s) dict_keys(['tutorial_etl_dag']) retrieved from /home/airflow/.local/lib/python3.7/site-packages/airflow/example_dags/tutorial_etl_dag.py
[2022-03-24 02:56:28,173] {logging_mixin.py:109} INFO - [2022-03-24 02:56:28,173] {dag.py:2398} INFO - Sync 1 DAGs
[2022-03-24 02:56:28,272] {logging_mixin.py:109} INFO - [2022-03-24 02:56:28,272] {dag.py:2937} INFO - Setting next_dagrun for tutorial_etl_dag to None
[2022-03-24 02:56:28,751] {processor.py:171} INFO - Processing /home/airflow/.local/lib/python3.7/site-packages/airflow/example_dags/tutorial_etl_dag.py took 1.848 seconds
[2022-03-24 02:56:58,959] {processor.py:163} INFO - Started process (PID=891) to work on /home/airflow/.local/lib/python3.7/site-packages/airflow/example_dags/tutorial_etl_dag.py
[2022-03-24 02:56:58,967] {processor.py:642} INFO - Processing file /home/airflow/.local/lib/python3.7/site-packages/airflow/example_dags/tutorial_etl_dag.py for tasks to queue
[2022-03-24 02:56:58,969] {logging_mixin.py:109} INFO - [2022-03-24 02:56:58,969] {dagbag.py:500} INFO - Filling up the DagBag from /home/airflow/.local/lib/python3.7/site-packages/airflow/example_dags/tutorial_etl_dag.py
[2022-03-24 02:56:59,055] {processor.py:654} INFO - DAG(s) dict_keys(['tutorial_etl_dag']) retrieved from /home/airflow/.local/lib/python3.7/site-packages/airflow/example_dags/tutorial_etl_dag.py
[2022-03-24 02:56:59,075] {logging_mixin.py:109} INFO - [2022-03-24 02:56:59,074] {dag.py:2398} INFO - Sync 1 DAGs
[2022-03-24 02:56:59,107] {logging_mixin.py:109} INFO - [2022-03-24 02:56:59,106] {dag.py:2937} INFO - Setting next_dagrun for tutorial_etl_dag to None
[2022-03-24 02:56:59,136] {processor.py:171} INFO - Processing /home/airflow/.local/lib/python3.7/site-packages/airflow/example_dags/tutorial_etl_dag.py took 0.196 seconds
[2022-03-24 02:57:29,264] {processor.py:163} INFO - Started process (PID=941) to work on /home/airflow/.local/lib/python3.7/site-packages/airflow/example_dags/tutorial_etl_dag.py
[2022-03-24 02:57:29,269] {processor.py:642} INFO - Processing file /home/airflow/.local/lib/python3.7/site-packages/airflow/example_dags/tutorial_etl_dag.py for tasks to queue
[2022-03-24 02:57:29,271] {logging_mixin.py:109} INFO - [2022-03-24 02:57:29,271] {dagbag.py:500} INFO - Filling up the DagBag from /home/airflow/.local/lib/python3.7/site-packages/airflow/example_dags/tutorial_etl_dag.py
[2022-03-24 02:57:29,322] {processor.py:654} INFO - DAG(s) dict_keys(['tutorial_etl_dag']) retrieved from /home/airflow/.local/lib/python3.7/site-packages/airflow/example_dags/tutorial_etl_dag.py
[2022-03-24 02:57:29,344] {logging_mixin.py:109} INFO - [2022-03-24 02:57:29,343] {dag.py:2398} INFO - Sync 1 DAGs
[2022-03-24 02:57:29,370] {logging_mixin.py:109} INFO - [2022-03-24 02:57:29,370] {dag.py:2937} INFO - Setting next_dagrun for tutorial_etl_dag to None
[2022-03-24 02:57:29,388] {processor.py:171} INFO - Processing /home/airflow/.local/lib/python3.7/site-packages/airflow/example_dags/tutorial_etl_dag.py took 0.139 seconds
[2022-03-24 02:58:00,881] {processor.py:163} INFO - Started process (PID=993) to work on /home/airflow/.local/lib/python3.7/site-packages/airflow/example_dags/tutorial_etl_dag.py
[2022-03-24 02:58:00,887] {processor.py:642} INFO - Processing file /home/airflow/.local/lib/python3.7/site-packages/airflow/example_dags/tutorial_etl_dag.py for tasks to queue
[2022-03-24 02:58:00,888] {logging_mixin.py:109} INFO - [2022-03-24 02:58:00,888] {dagbag.py:500} INFO - Filling up the DagBag from /home/airflow/.local/lib/python3.7/site-packages/airflow/example_dags/tutorial_etl_dag.py
[2022-03-24 02:58:00,935] {processor.py:654} INFO - DAG(s) dict_keys(['tutorial_etl_dag']) retrieved from /home/airflow/.local/lib/python3.7/site-packages/airflow/example_dags/tutorial_etl_dag.py
[2022-03-24 02:58:00,951] {logging_mixin.py:109} INFO - [2022-03-24 02:58:00,951] {dag.py:2398} INFO - Sync 1 DAGs
[2022-03-24 02:58:00,969] {logging_mixin.py:109} INFO - [2022-03-24 02:58:00,969] {dag.py:2937} INFO - Setting next_dagrun for tutorial_etl_dag to None
[2022-03-24 02:58:01,004] {processor.py:171} INFO - Processing /home/airflow/.local/lib/python3.7/site-packages/airflow/example_dags/tutorial_etl_dag.py took 0.127 seconds
[2022-03-24 02:58:31,334] {processor.py:163} INFO - Started process (PID=1044) to work on /home/airflow/.local/lib/python3.7/site-packages/airflow/example_dags/tutorial_etl_dag.py
[2022-03-24 02:58:31,338] {processor.py:642} INFO - Processing file /home/airflow/.local/lib/python3.7/site-packages/airflow/example_dags/tutorial_etl_dag.py for tasks to queue
[2022-03-24 02:58:31,342] {logging_mixin.py:109} INFO - [2022-03-24 02:58:31,342] {dagbag.py:500} INFO - Filling up the DagBag from /home/airflow/.local/lib/python3.7/site-packages/airflow/example_dags/tutorial_etl_dag.py
[2022-03-24 02:58:31,445] {processor.py:654} INFO - DAG(s) dict_keys(['tutorial_etl_dag']) retrieved from /home/airflow/.local/lib/python3.7/site-packages/airflow/example_dags/tutorial_etl_dag.py
[2022-03-24 02:58:31,473] {logging_mixin.py:109} INFO - [2022-03-24 02:58:31,473] {dag.py:2398} INFO - Sync 1 DAGs
[2022-03-24 02:58:31,514] {logging_mixin.py:109} INFO - [2022-03-24 02:58:31,513] {dag.py:2937} INFO - Setting next_dagrun for tutorial_etl_dag to None
[2022-03-24 02:58:31,536] {processor.py:171} INFO - Processing /home/airflow/.local/lib/python3.7/site-packages/airflow/example_dags/tutorial_etl_dag.py took 0.213 seconds
[2022-03-24 02:59:01,596] {processor.py:163} INFO - Started process (PID=1095) to work on /home/airflow/.local/lib/python3.7/site-packages/airflow/example_dags/tutorial_etl_dag.py
[2022-03-24 02:59:01,598] {processor.py:642} INFO - Processing file /home/airflow/.local/lib/python3.7/site-packages/airflow/example_dags/tutorial_etl_dag.py for tasks to queue
[2022-03-24 02:59:01,600] {logging_mixin.py:109} INFO - [2022-03-24 02:59:01,600] {dagbag.py:500} INFO - Filling up the DagBag from /home/airflow/.local/lib/python3.7/site-packages/airflow/example_dags/tutorial_etl_dag.py
[2022-03-24 02:59:01,639] {processor.py:654} INFO - DAG(s) dict_keys(['tutorial_etl_dag']) retrieved from /home/airflow/.local/lib/python3.7/site-packages/airflow/example_dags/tutorial_etl_dag.py
[2022-03-24 02:59:01,653] {logging_mixin.py:109} INFO - [2022-03-24 02:59:01,652] {dag.py:2398} INFO - Sync 1 DAGs
[2022-03-24 02:59:01,682] {logging_mixin.py:109} INFO - [2022-03-24 02:59:01,682] {dag.py:2937} INFO - Setting next_dagrun for tutorial_etl_dag to None
[2022-03-24 02:59:01,703] {processor.py:171} INFO - Processing /home/airflow/.local/lib/python3.7/site-packages/airflow/example_dags/tutorial_etl_dag.py took 0.112 seconds
[2022-03-24 02:59:32,298] {processor.py:163} INFO - Started process (PID=1148) to work on /home/airflow/.local/lib/python3.7/site-packages/airflow/example_dags/tutorial_etl_dag.py
[2022-03-24 02:59:32,302] {processor.py:642} INFO - Processing file /home/airflow/.local/lib/python3.7/site-packages/airflow/example_dags/tutorial_etl_dag.py for tasks to queue
[2022-03-24 02:59:32,306] {logging_mixin.py:109} INFO - [2022-03-24 02:59:32,305] {dagbag.py:500} INFO - Filling up the DagBag from /home/airflow/.local/lib/python3.7/site-packages/airflow/example_dags/tutorial_etl_dag.py
[2022-03-24 02:59:32,363] {processor.py:654} INFO - DAG(s) dict_keys(['tutorial_etl_dag']) retrieved from /home/airflow/.local/lib/python3.7/site-packages/airflow/example_dags/tutorial_etl_dag.py
[2022-03-24 02:59:32,376] {logging_mixin.py:109} INFO - [2022-03-24 02:59:32,376] {dag.py:2398} INFO - Sync 1 DAGs
[2022-03-24 02:59:32,393] {logging_mixin.py:109} INFO - [2022-03-24 02:59:32,393] {dag.py:2937} INFO - Setting next_dagrun for tutorial_etl_dag to None
[2022-03-24 02:59:32,408] {processor.py:171} INFO - Processing /home/airflow/.local/lib/python3.7/site-packages/airflow/example_dags/tutorial_etl_dag.py took 0.119 seconds
[2022-03-24 03:00:04,252] {processor.py:163} INFO - Started process (PID=1200) to work on /home/airflow/.local/lib/python3.7/site-packages/airflow/example_dags/tutorial_etl_dag.py
[2022-03-24 03:00:04,378] {processor.py:642} INFO - Processing file /home/airflow/.local/lib/python3.7/site-packages/airflow/example_dags/tutorial_etl_dag.py for tasks to queue
[2022-03-24 03:00:04,380] {logging_mixin.py:109} INFO - [2022-03-24 03:00:04,380] {dagbag.py:500} INFO - Filling up the DagBag from /home/airflow/.local/lib/python3.7/site-packages/airflow/example_dags/tutorial_etl_dag.py
[2022-03-24 03:00:04,441] {processor.py:654} INFO - DAG(s) dict_keys(['tutorial_etl_dag']) retrieved from /home/airflow/.local/lib/python3.7/site-packages/airflow/example_dags/tutorial_etl_dag.py
[2022-03-24 03:00:04,593] {logging_mixin.py:109} INFO - [2022-03-24 03:00:04,593] {dag.py:2398} INFO - Sync 1 DAGs
[2022-03-24 03:00:04,611] {logging_mixin.py:109} INFO - [2022-03-24 03:00:04,611] {dag.py:2937} INFO - Setting next_dagrun for tutorial_etl_dag to None
[2022-03-24 03:00:04,630] {processor.py:171} INFO - Processing /home/airflow/.local/lib/python3.7/site-packages/airflow/example_dags/tutorial_etl_dag.py took 0.384 seconds
[2022-03-24 03:00:34,781] {processor.py:163} INFO - Started process (PID=1251) to work on /home/airflow/.local/lib/python3.7/site-packages/airflow/example_dags/tutorial_etl_dag.py
[2022-03-24 03:00:34,791] {processor.py:642} INFO - Processing file /home/airflow/.local/lib/python3.7/site-packages/airflow/example_dags/tutorial_etl_dag.py for tasks to queue
[2022-03-24 03:00:34,793] {logging_mixin.py:109} INFO - [2022-03-24 03:00:34,793] {dagbag.py:500} INFO - Filling up the DagBag from /home/airflow/.local/lib/python3.7/site-packages/airflow/example_dags/tutorial_etl_dag.py
[2022-03-24 03:00:34,867] {processor.py:654} INFO - DAG(s) dict_keys(['tutorial_etl_dag']) retrieved from /home/airflow/.local/lib/python3.7/site-packages/airflow/example_dags/tutorial_etl_dag.py
[2022-03-24 03:00:34,908] {logging_mixin.py:109} INFO - [2022-03-24 03:00:34,907] {dag.py:2398} INFO - Sync 1 DAGs
[2022-03-24 03:00:34,944] {logging_mixin.py:109} INFO - [2022-03-24 03:00:34,944] {dag.py:2937} INFO - Setting next_dagrun for tutorial_etl_dag to None
[2022-03-24 03:00:34,967] {processor.py:171} INFO - Processing /home/airflow/.local/lib/python3.7/site-packages/airflow/example_dags/tutorial_etl_dag.py took 0.193 seconds
[2022-03-24 03:01:05,134] {processor.py:163} INFO - Started process (PID=1301) to work on /home/airflow/.local/lib/python3.7/site-packages/airflow/example_dags/tutorial_etl_dag.py
[2022-03-24 03:01:05,141] {processor.py:642} INFO - Processing file /home/airflow/.local/lib/python3.7/site-packages/airflow/example_dags/tutorial_etl_dag.py for tasks to queue
[2022-03-24 03:01:05,145] {logging_mixin.py:109} INFO - [2022-03-24 03:01:05,145] {dagbag.py:500} INFO - Filling up the DagBag from /home/airflow/.local/lib/python3.7/site-packages/airflow/example_dags/tutorial_etl_dag.py
[2022-03-24 03:01:05,212] {processor.py:654} INFO - DAG(s) dict_keys(['tutorial_etl_dag']) retrieved from /home/airflow/.local/lib/python3.7/site-packages/airflow/example_dags/tutorial_etl_dag.py
[2022-03-24 03:01:05,241] {logging_mixin.py:109} INFO - [2022-03-24 03:01:05,240] {dag.py:2398} INFO - Sync 1 DAGs
[2022-03-24 03:01:05,269] {logging_mixin.py:109} INFO - [2022-03-24 03:01:05,268] {dag.py:2937} INFO - Setting next_dagrun for tutorial_etl_dag to None
[2022-03-24 03:01:05,298] {processor.py:171} INFO - Processing /home/airflow/.local/lib/python3.7/site-packages/airflow/example_dags/tutorial_etl_dag.py took 0.170 seconds
[2022-03-24 03:01:43,930] {processor.py:163} INFO - Started process (PID=1351) to work on /home/airflow/.local/lib/python3.7/site-packages/airflow/example_dags/tutorial_etl_dag.py
[2022-03-24 03:01:43,940] {processor.py:642} INFO - Processing file /home/airflow/.local/lib/python3.7/site-packages/airflow/example_dags/tutorial_etl_dag.py for tasks to queue
[2022-03-24 03:01:43,945] {logging_mixin.py:109} INFO - [2022-03-24 03:01:43,944] {dagbag.py:500} INFO - Filling up the DagBag from /home/airflow/.local/lib/python3.7/site-packages/airflow/example_dags/tutorial_etl_dag.py
[2022-03-24 03:01:44,024] {processor.py:654} INFO - DAG(s) dict_keys(['tutorial_etl_dag']) retrieved from /home/airflow/.local/lib/python3.7/site-packages/airflow/example_dags/tutorial_etl_dag.py
[2022-03-24 03:01:44,051] {logging_mixin.py:109} INFO - [2022-03-24 03:01:44,051] {dag.py:2398} INFO - Sync 1 DAGs
[2022-03-24 03:01:44,089] {logging_mixin.py:109} INFO - [2022-03-24 03:01:44,088] {dag.py:2937} INFO - Setting next_dagrun for tutorial_etl_dag to None
[2022-03-24 03:01:44,106] {processor.py:171} INFO - Processing /home/airflow/.local/lib/python3.7/site-packages/airflow/example_dags/tutorial_etl_dag.py took 0.188 seconds
[2022-03-24 03:02:14,242] {processor.py:163} INFO - Started process (PID=1409) to work on /home/airflow/.local/lib/python3.7/site-packages/airflow/example_dags/tutorial_etl_dag.py
[2022-03-24 03:02:14,251] {processor.py:642} INFO - Processing file /home/airflow/.local/lib/python3.7/site-packages/airflow/example_dags/tutorial_etl_dag.py for tasks to queue
[2022-03-24 03:02:14,255] {logging_mixin.py:109} INFO - [2022-03-24 03:02:14,255] {dagbag.py:500} INFO - Filling up the DagBag from /home/airflow/.local/lib/python3.7/site-packages/airflow/example_dags/tutorial_etl_dag.py
[2022-03-24 03:02:14,328] {processor.py:654} INFO - DAG(s) dict_keys(['tutorial_etl_dag']) retrieved from /home/airflow/.local/lib/python3.7/site-packages/airflow/example_dags/tutorial_etl_dag.py
[2022-03-24 03:02:14,358] {logging_mixin.py:109} INFO - [2022-03-24 03:02:14,358] {dag.py:2398} INFO - Sync 1 DAGs
[2022-03-24 03:02:14,417] {logging_mixin.py:109} INFO - [2022-03-24 03:02:14,417] {dag.py:2937} INFO - Setting next_dagrun for tutorial_etl_dag to None
[2022-03-24 03:02:14,450] {processor.py:171} INFO - Processing /home/airflow/.local/lib/python3.7/site-packages/airflow/example_dags/tutorial_etl_dag.py took 0.234 seconds
[2022-03-24 03:02:44,600] {processor.py:163} INFO - Started process (PID=1463) to work on /home/airflow/.local/lib/python3.7/site-packages/airflow/example_dags/tutorial_etl_dag.py
[2022-03-24 03:02:44,604] {processor.py:642} INFO - Processing file /home/airflow/.local/lib/python3.7/site-packages/airflow/example_dags/tutorial_etl_dag.py for tasks to queue
[2022-03-24 03:02:44,607] {logging_mixin.py:109} INFO - [2022-03-24 03:02:44,607] {dagbag.py:500} INFO - Filling up the DagBag from /home/airflow/.local/lib/python3.7/site-packages/airflow/example_dags/tutorial_etl_dag.py
[2022-03-24 03:02:44,691] {processor.py:654} INFO - DAG(s) dict_keys(['tutorial_etl_dag']) retrieved from /home/airflow/.local/lib/python3.7/site-packages/airflow/example_dags/tutorial_etl_dag.py
[2022-03-24 03:02:44,722] {logging_mixin.py:109} INFO - [2022-03-24 03:02:44,722] {dag.py:2398} INFO - Sync 1 DAGs
[2022-03-24 03:02:44,763] {logging_mixin.py:109} INFO - [2022-03-24 03:02:44,763] {dag.py:2937} INFO - Setting next_dagrun for tutorial_etl_dag to None
[2022-03-24 03:02:44,797] {processor.py:171} INFO - Processing /home/airflow/.local/lib/python3.7/site-packages/airflow/example_dags/tutorial_etl_dag.py took 0.202 seconds
[2022-03-24 03:03:15,780] {processor.py:163} INFO - Started process (PID=1516) to work on /home/airflow/.local/lib/python3.7/site-packages/airflow/example_dags/tutorial_etl_dag.py
[2022-03-24 03:03:15,785] {processor.py:642} INFO - Processing file /home/airflow/.local/lib/python3.7/site-packages/airflow/example_dags/tutorial_etl_dag.py for tasks to queue
[2022-03-24 03:03:15,788] {logging_mixin.py:109} INFO - [2022-03-24 03:03:15,787] {dagbag.py:500} INFO - Filling up the DagBag from /home/airflow/.local/lib/python3.7/site-packages/airflow/example_dags/tutorial_etl_dag.py
[2022-03-24 03:03:15,832] {processor.py:654} INFO - DAG(s) dict_keys(['tutorial_etl_dag']) retrieved from /home/airflow/.local/lib/python3.7/site-packages/airflow/example_dags/tutorial_etl_dag.py
[2022-03-24 03:03:15,844] {logging_mixin.py:109} INFO - [2022-03-24 03:03:15,844] {dag.py:2398} INFO - Sync 1 DAGs
[2022-03-24 03:03:15,860] {logging_mixin.py:109} INFO - [2022-03-24 03:03:15,860] {dag.py:2937} INFO - Setting next_dagrun for tutorial_etl_dag to None
[2022-03-24 03:03:15,872] {processor.py:171} INFO - Processing /home/airflow/.local/lib/python3.7/site-packages/airflow/example_dags/tutorial_etl_dag.py took 0.096 seconds
[2022-03-24 03:03:46,560] {processor.py:163} INFO - Started process (PID=1570) to work on /home/airflow/.local/lib/python3.7/site-packages/airflow/example_dags/tutorial_etl_dag.py
[2022-03-24 03:03:46,679] {processor.py:642} INFO - Processing file /home/airflow/.local/lib/python3.7/site-packages/airflow/example_dags/tutorial_etl_dag.py for tasks to queue
[2022-03-24 03:03:46,681] {logging_mixin.py:109} INFO - [2022-03-24 03:03:46,681] {dagbag.py:500} INFO - Filling up the DagBag from /home/airflow/.local/lib/python3.7/site-packages/airflow/example_dags/tutorial_etl_dag.py
[2022-03-24 03:03:46,767] {processor.py:654} INFO - DAG(s) dict_keys(['tutorial_etl_dag']) retrieved from /home/airflow/.local/lib/python3.7/site-packages/airflow/example_dags/tutorial_etl_dag.py
[2022-03-24 03:03:46,793] {logging_mixin.py:109} INFO - [2022-03-24 03:03:46,793] {dag.py:2398} INFO - Sync 1 DAGs
[2022-03-24 03:03:46,865] {logging_mixin.py:109} INFO - [2022-03-24 03:03:46,865] {dag.py:2937} INFO - Setting next_dagrun for tutorial_etl_dag to None
[2022-03-24 03:03:46,892] {processor.py:171} INFO - Processing /home/airflow/.local/lib/python3.7/site-packages/airflow/example_dags/tutorial_etl_dag.py took 0.347 seconds
[2022-03-24 03:04:17,086] {processor.py:163} INFO - Started process (PID=1630) to work on /home/airflow/.local/lib/python3.7/site-packages/airflow/example_dags/tutorial_etl_dag.py
[2022-03-24 03:04:17,091] {processor.py:642} INFO - Processing file /home/airflow/.local/lib/python3.7/site-packages/airflow/example_dags/tutorial_etl_dag.py for tasks to queue
[2022-03-24 03:04:17,094] {logging_mixin.py:109} INFO - [2022-03-24 03:04:17,094] {dagbag.py:500} INFO - Filling up the DagBag from /home/airflow/.local/lib/python3.7/site-packages/airflow/example_dags/tutorial_etl_dag.py
[2022-03-24 03:04:17,142] {processor.py:654} INFO - DAG(s) dict_keys(['tutorial_etl_dag']) retrieved from /home/airflow/.local/lib/python3.7/site-packages/airflow/example_dags/tutorial_etl_dag.py
[2022-03-24 03:04:17,161] {logging_mixin.py:109} INFO - [2022-03-24 03:04:17,161] {dag.py:2398} INFO - Sync 1 DAGs
[2022-03-24 03:04:17,187] {logging_mixin.py:109} INFO - [2022-03-24 03:04:17,187] {dag.py:2937} INFO - Setting next_dagrun for tutorial_etl_dag to None
[2022-03-24 03:04:17,206] {processor.py:171} INFO - Processing /home/airflow/.local/lib/python3.7/site-packages/airflow/example_dags/tutorial_etl_dag.py took 0.129 seconds
[2022-03-24 03:04:47,263] {processor.py:163} INFO - Started process (PID=1680) to work on /home/airflow/.local/lib/python3.7/site-packages/airflow/example_dags/tutorial_etl_dag.py
[2022-03-24 03:04:47,266] {processor.py:642} INFO - Processing file /home/airflow/.local/lib/python3.7/site-packages/airflow/example_dags/tutorial_etl_dag.py for tasks to queue
[2022-03-24 03:04:47,270] {logging_mixin.py:109} INFO - [2022-03-24 03:04:47,270] {dagbag.py:500} INFO - Filling up the DagBag from /home/airflow/.local/lib/python3.7/site-packages/airflow/example_dags/tutorial_etl_dag.py
[2022-03-24 03:04:47,360] {processor.py:654} INFO - DAG(s) dict_keys(['tutorial_etl_dag']) retrieved from /home/airflow/.local/lib/python3.7/site-packages/airflow/example_dags/tutorial_etl_dag.py
[2022-03-24 03:04:47,379] {logging_mixin.py:109} INFO - [2022-03-24 03:04:47,379] {dag.py:2398} INFO - Sync 1 DAGs
[2022-03-24 03:04:47,409] {logging_mixin.py:109} INFO - [2022-03-24 03:04:47,409] {dag.py:2937} INFO - Setting next_dagrun for tutorial_etl_dag to None
[2022-03-24 03:04:47,428] {processor.py:171} INFO - Processing /home/airflow/.local/lib/python3.7/site-packages/airflow/example_dags/tutorial_etl_dag.py took 0.171 seconds
[2022-03-24 03:05:18,308] {processor.py:163} INFO - Started process (PID=1734) to work on /home/airflow/.local/lib/python3.7/site-packages/airflow/example_dags/tutorial_etl_dag.py
[2022-03-24 03:05:18,311] {processor.py:642} INFO - Processing file /home/airflow/.local/lib/python3.7/site-packages/airflow/example_dags/tutorial_etl_dag.py for tasks to queue
[2022-03-24 03:05:18,314] {logging_mixin.py:109} INFO - [2022-03-24 03:05:18,314] {dagbag.py:500} INFO - Filling up the DagBag from /home/airflow/.local/lib/python3.7/site-packages/airflow/example_dags/tutorial_etl_dag.py
[2022-03-24 03:05:18,359] {processor.py:654} INFO - DAG(s) dict_keys(['tutorial_etl_dag']) retrieved from /home/airflow/.local/lib/python3.7/site-packages/airflow/example_dags/tutorial_etl_dag.py
[2022-03-24 03:05:18,378] {logging_mixin.py:109} INFO - [2022-03-24 03:05:18,378] {dag.py:2398} INFO - Sync 1 DAGs
[2022-03-24 03:05:18,421] {logging_mixin.py:109} INFO - [2022-03-24 03:05:18,421] {dag.py:2937} INFO - Setting next_dagrun for tutorial_etl_dag to None
[2022-03-24 03:05:18,441] {processor.py:171} INFO - Processing /home/airflow/.local/lib/python3.7/site-packages/airflow/example_dags/tutorial_etl_dag.py took 0.142 seconds
[2022-03-24 03:05:48,630] {processor.py:163} INFO - Started process (PID=1786) to work on /home/airflow/.local/lib/python3.7/site-packages/airflow/example_dags/tutorial_etl_dag.py
[2022-03-24 03:05:48,633] {processor.py:642} INFO - Processing file /home/airflow/.local/lib/python3.7/site-packages/airflow/example_dags/tutorial_etl_dag.py for tasks to queue
[2022-03-24 03:05:48,643] {logging_mixin.py:109} INFO - [2022-03-24 03:05:48,642] {dagbag.py:500} INFO - Filling up the DagBag from /home/airflow/.local/lib/python3.7/site-packages/airflow/example_dags/tutorial_etl_dag.py
[2022-03-24 03:05:48,742] {processor.py:654} INFO - DAG(s) dict_keys(['tutorial_etl_dag']) retrieved from /home/airflow/.local/lib/python3.7/site-packages/airflow/example_dags/tutorial_etl_dag.py
[2022-03-24 03:05:48,756] {logging_mixin.py:109} INFO - [2022-03-24 03:05:48,755] {dag.py:2398} INFO - Sync 1 DAGs
[2022-03-24 03:05:48,778] {logging_mixin.py:109} INFO - [2022-03-24 03:05:48,778] {dag.py:2937} INFO - Setting next_dagrun for tutorial_etl_dag to None
[2022-03-24 03:05:48,794] {processor.py:171} INFO - Processing /home/airflow/.local/lib/python3.7/site-packages/airflow/example_dags/tutorial_etl_dag.py took 0.177 seconds
[2022-03-24 03:06:19,043] {processor.py:163} INFO - Started process (PID=1836) to work on /home/airflow/.local/lib/python3.7/site-packages/airflow/example_dags/tutorial_etl_dag.py
[2022-03-24 03:06:19,048] {processor.py:642} INFO - Processing file /home/airflow/.local/lib/python3.7/site-packages/airflow/example_dags/tutorial_etl_dag.py for tasks to queue
[2022-03-24 03:06:19,051] {logging_mixin.py:109} INFO - [2022-03-24 03:06:19,051] {dagbag.py:500} INFO - Filling up the DagBag from /home/airflow/.local/lib/python3.7/site-packages/airflow/example_dags/tutorial_etl_dag.py
[2022-03-24 03:06:19,109] {processor.py:654} INFO - DAG(s) dict_keys(['tutorial_etl_dag']) retrieved from /home/airflow/.local/lib/python3.7/site-packages/airflow/example_dags/tutorial_etl_dag.py
[2022-03-24 03:06:19,128] {logging_mixin.py:109} INFO - [2022-03-24 03:06:19,128] {dag.py:2398} INFO - Sync 1 DAGs
[2022-03-24 03:06:19,159] {logging_mixin.py:109} INFO - [2022-03-24 03:06:19,159] {dag.py:2937} INFO - Setting next_dagrun for tutorial_etl_dag to None
[2022-03-24 03:06:19,183] {processor.py:171} INFO - Processing /home/airflow/.local/lib/python3.7/site-packages/airflow/example_dags/tutorial_etl_dag.py took 0.149 seconds
[2022-03-24 03:06:49,258] {processor.py:163} INFO - Started process (PID=1885) to work on /home/airflow/.local/lib/python3.7/site-packages/airflow/example_dags/tutorial_etl_dag.py
[2022-03-24 03:06:49,262] {processor.py:642} INFO - Processing file /home/airflow/.local/lib/python3.7/site-packages/airflow/example_dags/tutorial_etl_dag.py for tasks to queue
[2022-03-24 03:06:49,264] {logging_mixin.py:109} INFO - [2022-03-24 03:06:49,264] {dagbag.py:500} INFO - Filling up the DagBag from /home/airflow/.local/lib/python3.7/site-packages/airflow/example_dags/tutorial_etl_dag.py
[2022-03-24 03:06:49,312] {processor.py:654} INFO - DAG(s) dict_keys(['tutorial_etl_dag']) retrieved from /home/airflow/.local/lib/python3.7/site-packages/airflow/example_dags/tutorial_etl_dag.py
[2022-03-24 03:06:49,324] {logging_mixin.py:109} INFO - [2022-03-24 03:06:49,324] {dag.py:2398} INFO - Sync 1 DAGs
[2022-03-24 03:06:49,339] {logging_mixin.py:109} INFO - [2022-03-24 03:06:49,339] {dag.py:2937} INFO - Setting next_dagrun for tutorial_etl_dag to None
[2022-03-24 03:06:49,354] {processor.py:171} INFO - Processing /home/airflow/.local/lib/python3.7/site-packages/airflow/example_dags/tutorial_etl_dag.py took 0.104 seconds
[2022-03-24 03:07:20,016] {processor.py:163} INFO - Started process (PID=1936) to work on /home/airflow/.local/lib/python3.7/site-packages/airflow/example_dags/tutorial_etl_dag.py
[2022-03-24 03:07:20,020] {processor.py:642} INFO - Processing file /home/airflow/.local/lib/python3.7/site-packages/airflow/example_dags/tutorial_etl_dag.py for tasks to queue
[2022-03-24 03:07:20,022] {logging_mixin.py:109} INFO - [2022-03-24 03:07:20,022] {dagbag.py:500} INFO - Filling up the DagBag from /home/airflow/.local/lib/python3.7/site-packages/airflow/example_dags/tutorial_etl_dag.py
[2022-03-24 03:07:20,102] {processor.py:654} INFO - DAG(s) dict_keys(['tutorial_etl_dag']) retrieved from /home/airflow/.local/lib/python3.7/site-packages/airflow/example_dags/tutorial_etl_dag.py
[2022-03-24 03:07:20,122] {logging_mixin.py:109} INFO - [2022-03-24 03:07:20,122] {dag.py:2398} INFO - Sync 1 DAGs
[2022-03-24 03:07:20,151] {logging_mixin.py:109} INFO - [2022-03-24 03:07:20,151] {dag.py:2937} INFO - Setting next_dagrun for tutorial_etl_dag to None
[2022-03-24 03:07:20,172] {processor.py:171} INFO - Processing /home/airflow/.local/lib/python3.7/site-packages/airflow/example_dags/tutorial_etl_dag.py took 0.167 seconds
[2022-03-24 03:07:50,598] {processor.py:163} INFO - Started process (PID=1988) to work on /home/airflow/.local/lib/python3.7/site-packages/airflow/example_dags/tutorial_etl_dag.py
[2022-03-24 03:07:50,603] {processor.py:642} INFO - Processing file /home/airflow/.local/lib/python3.7/site-packages/airflow/example_dags/tutorial_etl_dag.py for tasks to queue
[2022-03-24 03:07:50,605] {logging_mixin.py:109} INFO - [2022-03-24 03:07:50,604] {dagbag.py:500} INFO - Filling up the DagBag from /home/airflow/.local/lib/python3.7/site-packages/airflow/example_dags/tutorial_etl_dag.py
[2022-03-24 03:07:50,719] {processor.py:654} INFO - DAG(s) dict_keys(['tutorial_etl_dag']) retrieved from /home/airflow/.local/lib/python3.7/site-packages/airflow/example_dags/tutorial_etl_dag.py
[2022-03-24 03:07:50,740] {logging_mixin.py:109} INFO - [2022-03-24 03:07:50,740] {dag.py:2398} INFO - Sync 1 DAGs
[2022-03-24 03:07:50,765] {logging_mixin.py:109} INFO - [2022-03-24 03:07:50,765] {dag.py:2937} INFO - Setting next_dagrun for tutorial_etl_dag to None
[2022-03-24 03:07:50,782] {processor.py:171} INFO - Processing /home/airflow/.local/lib/python3.7/site-packages/airflow/example_dags/tutorial_etl_dag.py took 0.194 seconds
[2022-03-24 03:08:22,012] {processor.py:163} INFO - Started process (PID=2045) to work on /home/airflow/.local/lib/python3.7/site-packages/airflow/example_dags/tutorial_etl_dag.py
[2022-03-24 03:08:22,026] {processor.py:642} INFO - Processing file /home/airflow/.local/lib/python3.7/site-packages/airflow/example_dags/tutorial_etl_dag.py for tasks to queue
[2022-03-24 03:08:22,033] {logging_mixin.py:109} INFO - [2022-03-24 03:08:22,032] {dagbag.py:500} INFO - Filling up the DagBag from /home/airflow/.local/lib/python3.7/site-packages/airflow/example_dags/tutorial_etl_dag.py
[2022-03-24 03:08:22,194] {processor.py:654} INFO - DAG(s) dict_keys(['tutorial_etl_dag']) retrieved from /home/airflow/.local/lib/python3.7/site-packages/airflow/example_dags/tutorial_etl_dag.py
[2022-03-24 03:08:22,227] {logging_mixin.py:109} INFO - [2022-03-24 03:08:22,227] {dag.py:2398} INFO - Sync 1 DAGs
[2022-03-24 03:08:22,266] {logging_mixin.py:109} INFO - [2022-03-24 03:08:22,266] {dag.py:2937} INFO - Setting next_dagrun for tutorial_etl_dag to None
[2022-03-24 03:08:22,292] {processor.py:171} INFO - Processing /home/airflow/.local/lib/python3.7/site-packages/airflow/example_dags/tutorial_etl_dag.py took 0.291 seconds
[2022-03-24 03:08:52,692] {processor.py:163} INFO - Started process (PID=2103) to work on /home/airflow/.local/lib/python3.7/site-packages/airflow/example_dags/tutorial_etl_dag.py
[2022-03-24 03:08:52,695] {processor.py:642} INFO - Processing file /home/airflow/.local/lib/python3.7/site-packages/airflow/example_dags/tutorial_etl_dag.py for tasks to queue
[2022-03-24 03:08:52,699] {logging_mixin.py:109} INFO - [2022-03-24 03:08:52,699] {dagbag.py:500} INFO - Filling up the DagBag from /home/airflow/.local/lib/python3.7/site-packages/airflow/example_dags/tutorial_etl_dag.py
[2022-03-24 03:08:52,776] {processor.py:654} INFO - DAG(s) dict_keys(['tutorial_etl_dag']) retrieved from /home/airflow/.local/lib/python3.7/site-packages/airflow/example_dags/tutorial_etl_dag.py
[2022-03-24 03:08:52,803] {logging_mixin.py:109} INFO - [2022-03-24 03:08:52,803] {dag.py:2398} INFO - Sync 1 DAGs
[2022-03-24 03:08:52,840] {logging_mixin.py:109} INFO - [2022-03-24 03:08:52,840] {dag.py:2937} INFO - Setting next_dagrun for tutorial_etl_dag to None
[2022-03-24 03:08:52,859] {processor.py:171} INFO - Processing /home/airflow/.local/lib/python3.7/site-packages/airflow/example_dags/tutorial_etl_dag.py took 0.183 seconds
[2022-03-24 03:09:23,230] {processor.py:163} INFO - Started process (PID=2154) to work on /home/airflow/.local/lib/python3.7/site-packages/airflow/example_dags/tutorial_etl_dag.py
[2022-03-24 03:09:23,237] {processor.py:642} INFO - Processing file /home/airflow/.local/lib/python3.7/site-packages/airflow/example_dags/tutorial_etl_dag.py for tasks to queue
[2022-03-24 03:09:23,241] {logging_mixin.py:109} INFO - [2022-03-24 03:09:23,240] {dagbag.py:500} INFO - Filling up the DagBag from /home/airflow/.local/lib/python3.7/site-packages/airflow/example_dags/tutorial_etl_dag.py
[2022-03-24 03:09:23,337] {processor.py:654} INFO - DAG(s) dict_keys(['tutorial_etl_dag']) retrieved from /home/airflow/.local/lib/python3.7/site-packages/airflow/example_dags/tutorial_etl_dag.py
[2022-03-24 03:09:23,370] {logging_mixin.py:109} INFO - [2022-03-24 03:09:23,369] {dag.py:2398} INFO - Sync 1 DAGs
[2022-03-24 03:09:23,421] {logging_mixin.py:109} INFO - [2022-03-24 03:09:23,421] {dag.py:2937} INFO - Setting next_dagrun for tutorial_etl_dag to None
[2022-03-24 03:09:23,461] {processor.py:171} INFO - Processing /home/airflow/.local/lib/python3.7/site-packages/airflow/example_dags/tutorial_etl_dag.py took 0.243 seconds
[2022-03-24 03:09:54,028] {processor.py:163} INFO - Started process (PID=2205) to work on /home/airflow/.local/lib/python3.7/site-packages/airflow/example_dags/tutorial_etl_dag.py
[2022-03-24 03:09:54,037] {processor.py:642} INFO - Processing file /home/airflow/.local/lib/python3.7/site-packages/airflow/example_dags/tutorial_etl_dag.py for tasks to queue
[2022-03-24 03:09:54,043] {logging_mixin.py:109} INFO - [2022-03-24 03:09:54,042] {dagbag.py:500} INFO - Filling up the DagBag from /home/airflow/.local/lib/python3.7/site-packages/airflow/example_dags/tutorial_etl_dag.py
[2022-03-24 03:09:54,188] {processor.py:654} INFO - DAG(s) dict_keys(['tutorial_etl_dag']) retrieved from /home/airflow/.local/lib/python3.7/site-packages/airflow/example_dags/tutorial_etl_dag.py
[2022-03-24 03:09:54,239] {logging_mixin.py:109} INFO - [2022-03-24 03:09:54,238] {dag.py:2398} INFO - Sync 1 DAGs
[2022-03-24 03:09:54,325] {logging_mixin.py:109} INFO - [2022-03-24 03:09:54,323] {dag.py:2937} INFO - Setting next_dagrun for tutorial_etl_dag to None
[2022-03-24 03:09:54,376] {processor.py:171} INFO - Processing /home/airflow/.local/lib/python3.7/site-packages/airflow/example_dags/tutorial_etl_dag.py took 0.362 seconds
[2022-03-24 03:10:24,590] {processor.py:163} INFO - Started process (PID=2253) to work on /home/airflow/.local/lib/python3.7/site-packages/airflow/example_dags/tutorial_etl_dag.py
[2022-03-24 03:10:24,618] {processor.py:642} INFO - Processing file /home/airflow/.local/lib/python3.7/site-packages/airflow/example_dags/tutorial_etl_dag.py for tasks to queue
[2022-03-24 03:10:24,633] {logging_mixin.py:109} INFO - [2022-03-24 03:10:24,630] {dagbag.py:500} INFO - Filling up the DagBag from /home/airflow/.local/lib/python3.7/site-packages/airflow/example_dags/tutorial_etl_dag.py
[2022-03-24 03:10:24,929] {processor.py:654} INFO - DAG(s) dict_keys(['tutorial_etl_dag']) retrieved from /home/airflow/.local/lib/python3.7/site-packages/airflow/example_dags/tutorial_etl_dag.py
[2022-03-24 03:10:24,993] {logging_mixin.py:109} INFO - [2022-03-24 03:10:24,993] {dag.py:2398} INFO - Sync 1 DAGs
[2022-03-24 03:10:25,087] {logging_mixin.py:109} INFO - [2022-03-24 03:10:25,087] {dag.py:2937} INFO - Setting next_dagrun for tutorial_etl_dag to None
[2022-03-24 03:10:25,879] {processor.py:171} INFO - Processing /home/airflow/.local/lib/python3.7/site-packages/airflow/example_dags/tutorial_etl_dag.py took 1.353 seconds
[2022-03-24 03:10:56,355] {processor.py:163} INFO - Started process (PID=2297) to work on /home/airflow/.local/lib/python3.7/site-packages/airflow/example_dags/tutorial_etl_dag.py
[2022-03-24 03:10:56,422] {processor.py:642} INFO - Processing file /home/airflow/.local/lib/python3.7/site-packages/airflow/example_dags/tutorial_etl_dag.py for tasks to queue
[2022-03-24 03:10:56,430] {logging_mixin.py:109} INFO - [2022-03-24 03:10:56,430] {dagbag.py:500} INFO - Filling up the DagBag from /home/airflow/.local/lib/python3.7/site-packages/airflow/example_dags/tutorial_etl_dag.py
[2022-03-24 03:10:56,604] {processor.py:654} INFO - DAG(s) dict_keys(['tutorial_etl_dag']) retrieved from /home/airflow/.local/lib/python3.7/site-packages/airflow/example_dags/tutorial_etl_dag.py
[2022-03-24 03:10:56,719] {logging_mixin.py:109} INFO - [2022-03-24 03:10:56,719] {dag.py:2398} INFO - Sync 1 DAGs
[2022-03-24 03:10:56,816] {logging_mixin.py:109} INFO - [2022-03-24 03:10:56,816] {dag.py:2937} INFO - Setting next_dagrun for tutorial_etl_dag to None
[2022-03-24 03:10:57,009] {processor.py:171} INFO - Processing /home/airflow/.local/lib/python3.7/site-packages/airflow/example_dags/tutorial_etl_dag.py took 0.667 seconds
[2022-03-24 03:11:27,613] {processor.py:163} INFO - Started process (PID=2355) to work on /home/airflow/.local/lib/python3.7/site-packages/airflow/example_dags/tutorial_etl_dag.py
[2022-03-24 03:11:27,620] {processor.py:642} INFO - Processing file /home/airflow/.local/lib/python3.7/site-packages/airflow/example_dags/tutorial_etl_dag.py for tasks to queue
[2022-03-24 03:11:27,622] {logging_mixin.py:109} INFO - [2022-03-24 03:11:27,622] {dagbag.py:500} INFO - Filling up the DagBag from /home/airflow/.local/lib/python3.7/site-packages/airflow/example_dags/tutorial_etl_dag.py
[2022-03-24 03:11:27,780] {processor.py:654} INFO - DAG(s) dict_keys(['tutorial_etl_dag']) retrieved from /home/airflow/.local/lib/python3.7/site-packages/airflow/example_dags/tutorial_etl_dag.py
[2022-03-24 03:11:27,823] {logging_mixin.py:109} INFO - [2022-03-24 03:11:27,823] {dag.py:2398} INFO - Sync 1 DAGs
[2022-03-24 03:11:27,915] {logging_mixin.py:109} INFO - [2022-03-24 03:11:27,915] {dag.py:2937} INFO - Setting next_dagrun for tutorial_etl_dag to None
[2022-03-24 03:11:27,995] {processor.py:171} INFO - Processing /home/airflow/.local/lib/python3.7/site-packages/airflow/example_dags/tutorial_etl_dag.py took 0.399 seconds
[2022-03-24 03:11:58,951] {processor.py:163} INFO - Started process (PID=2406) to work on /home/airflow/.local/lib/python3.7/site-packages/airflow/example_dags/tutorial_etl_dag.py
[2022-03-24 03:11:58,957] {processor.py:642} INFO - Processing file /home/airflow/.local/lib/python3.7/site-packages/airflow/example_dags/tutorial_etl_dag.py for tasks to queue
[2022-03-24 03:11:58,963] {logging_mixin.py:109} INFO - [2022-03-24 03:11:58,961] {dagbag.py:500} INFO - Filling up the DagBag from /home/airflow/.local/lib/python3.7/site-packages/airflow/example_dags/tutorial_etl_dag.py
[2022-03-24 03:11:59,057] {processor.py:654} INFO - DAG(s) dict_keys(['tutorial_etl_dag']) retrieved from /home/airflow/.local/lib/python3.7/site-packages/airflow/example_dags/tutorial_etl_dag.py
[2022-03-24 03:11:59,098] {logging_mixin.py:109} INFO - [2022-03-24 03:11:59,098] {dag.py:2398} INFO - Sync 1 DAGs
[2022-03-24 03:11:59,138] {logging_mixin.py:109} INFO - [2022-03-24 03:11:59,138] {dag.py:2937} INFO - Setting next_dagrun for tutorial_etl_dag to None
[2022-03-24 03:11:59,165] {processor.py:171} INFO - Processing /home/airflow/.local/lib/python3.7/site-packages/airflow/example_dags/tutorial_etl_dag.py took 0.237 seconds
[2022-03-24 03:12:29,421] {processor.py:163} INFO - Started process (PID=2457) to work on /home/airflow/.local/lib/python3.7/site-packages/airflow/example_dags/tutorial_etl_dag.py
[2022-03-24 03:12:29,428] {processor.py:642} INFO - Processing file /home/airflow/.local/lib/python3.7/site-packages/airflow/example_dags/tutorial_etl_dag.py for tasks to queue
[2022-03-24 03:12:29,431] {logging_mixin.py:109} INFO - [2022-03-24 03:12:29,431] {dagbag.py:500} INFO - Filling up the DagBag from /home/airflow/.local/lib/python3.7/site-packages/airflow/example_dags/tutorial_etl_dag.py
[2022-03-24 03:12:29,580] {processor.py:654} INFO - DAG(s) dict_keys(['tutorial_etl_dag']) retrieved from /home/airflow/.local/lib/python3.7/site-packages/airflow/example_dags/tutorial_etl_dag.py
[2022-03-24 03:12:29,616] {logging_mixin.py:109} INFO - [2022-03-24 03:12:29,616] {dag.py:2398} INFO - Sync 1 DAGs
[2022-03-24 03:12:29,655] {logging_mixin.py:109} INFO - [2022-03-24 03:12:29,655] {dag.py:2937} INFO - Setting next_dagrun for tutorial_etl_dag to None
[2022-03-24 03:12:29,682] {processor.py:171} INFO - Processing /home/airflow/.local/lib/python3.7/site-packages/airflow/example_dags/tutorial_etl_dag.py took 0.279 seconds
[2022-03-24 03:12:59,971] {processor.py:163} INFO - Started process (PID=2510) to work on /home/airflow/.local/lib/python3.7/site-packages/airflow/example_dags/tutorial_etl_dag.py
[2022-03-24 03:12:59,976] {processor.py:642} INFO - Processing file /home/airflow/.local/lib/python3.7/site-packages/airflow/example_dags/tutorial_etl_dag.py for tasks to queue
[2022-03-24 03:12:59,984] {logging_mixin.py:109} INFO - [2022-03-24 03:12:59,984] {dagbag.py:500} INFO - Filling up the DagBag from /home/airflow/.local/lib/python3.7/site-packages/airflow/example_dags/tutorial_etl_dag.py
[2022-03-24 03:13:00,062] {processor.py:654} INFO - DAG(s) dict_keys(['tutorial_etl_dag']) retrieved from /home/airflow/.local/lib/python3.7/site-packages/airflow/example_dags/tutorial_etl_dag.py
[2022-03-24 03:13:00,092] {logging_mixin.py:109} INFO - [2022-03-24 03:13:00,092] {dag.py:2398} INFO - Sync 1 DAGs
[2022-03-24 03:13:00,129] {logging_mixin.py:109} INFO - [2022-03-24 03:13:00,129] {dag.py:2937} INFO - Setting next_dagrun for tutorial_etl_dag to None
[2022-03-24 03:13:00,156] {processor.py:171} INFO - Processing /home/airflow/.local/lib/python3.7/site-packages/airflow/example_dags/tutorial_etl_dag.py took 0.196 seconds
[2022-03-24 03:13:30,646] {processor.py:163} INFO - Started process (PID=2562) to work on /home/airflow/.local/lib/python3.7/site-packages/airflow/example_dags/tutorial_etl_dag.py
[2022-03-24 03:13:30,675] {processor.py:642} INFO - Processing file /home/airflow/.local/lib/python3.7/site-packages/airflow/example_dags/tutorial_etl_dag.py for tasks to queue
[2022-03-24 03:13:30,678] {logging_mixin.py:109} INFO - [2022-03-24 03:13:30,677] {dagbag.py:500} INFO - Filling up the DagBag from /home/airflow/.local/lib/python3.7/site-packages/airflow/example_dags/tutorial_etl_dag.py
[2022-03-24 03:13:30,725] {processor.py:654} INFO - DAG(s) dict_keys(['tutorial_etl_dag']) retrieved from /home/airflow/.local/lib/python3.7/site-packages/airflow/example_dags/tutorial_etl_dag.py
[2022-03-24 03:13:30,739] {logging_mixin.py:109} INFO - [2022-03-24 03:13:30,738] {dag.py:2398} INFO - Sync 1 DAGs
[2022-03-24 03:13:30,756] {logging_mixin.py:109} INFO - [2022-03-24 03:13:30,756] {dag.py:2937} INFO - Setting next_dagrun for tutorial_etl_dag to None
[2022-03-24 03:13:30,777] {processor.py:171} INFO - Processing /home/airflow/.local/lib/python3.7/site-packages/airflow/example_dags/tutorial_etl_dag.py took 0.137 seconds
[2022-03-24 03:14:00,891] {processor.py:163} INFO - Started process (PID=2616) to work on /home/airflow/.local/lib/python3.7/site-packages/airflow/example_dags/tutorial_etl_dag.py
[2022-03-24 03:14:00,898] {processor.py:642} INFO - Processing file /home/airflow/.local/lib/python3.7/site-packages/airflow/example_dags/tutorial_etl_dag.py for tasks to queue
[2022-03-24 03:14:00,902] {logging_mixin.py:109} INFO - [2022-03-24 03:14:00,901] {dagbag.py:500} INFO - Filling up the DagBag from /home/airflow/.local/lib/python3.7/site-packages/airflow/example_dags/tutorial_etl_dag.py
[2022-03-24 03:14:00,961] {processor.py:654} INFO - DAG(s) dict_keys(['tutorial_etl_dag']) retrieved from /home/airflow/.local/lib/python3.7/site-packages/airflow/example_dags/tutorial_etl_dag.py
[2022-03-24 03:14:00,983] {logging_mixin.py:109} INFO - [2022-03-24 03:14:00,983] {dag.py:2398} INFO - Sync 1 DAGs
[2022-03-24 03:14:01,089] {logging_mixin.py:109} INFO - [2022-03-24 03:14:01,089] {dag.py:2937} INFO - Setting next_dagrun for tutorial_etl_dag to None
[2022-03-24 03:14:01,146] {processor.py:171} INFO - Processing /home/airflow/.local/lib/python3.7/site-packages/airflow/example_dags/tutorial_etl_dag.py took 0.255 seconds
[2022-03-24 03:14:31,671] {processor.py:163} INFO - Started process (PID=2666) to work on /home/airflow/.local/lib/python3.7/site-packages/airflow/example_dags/tutorial_etl_dag.py
[2022-03-24 03:14:31,677] {processor.py:642} INFO - Processing file /home/airflow/.local/lib/python3.7/site-packages/airflow/example_dags/tutorial_etl_dag.py for tasks to queue
[2022-03-24 03:14:31,679] {logging_mixin.py:109} INFO - [2022-03-24 03:14:31,678] {dagbag.py:500} INFO - Filling up the DagBag from /home/airflow/.local/lib/python3.7/site-packages/airflow/example_dags/tutorial_etl_dag.py
[2022-03-24 03:14:31,723] {processor.py:654} INFO - DAG(s) dict_keys(['tutorial_etl_dag']) retrieved from /home/airflow/.local/lib/python3.7/site-packages/airflow/example_dags/tutorial_etl_dag.py
[2022-03-24 03:14:31,735] {logging_mixin.py:109} INFO - [2022-03-24 03:14:31,735] {dag.py:2398} INFO - Sync 1 DAGs
[2022-03-24 03:14:31,778] {logging_mixin.py:109} INFO - [2022-03-24 03:14:31,778] {dag.py:2937} INFO - Setting next_dagrun for tutorial_etl_dag to None
[2022-03-24 03:14:31,812] {processor.py:171} INFO - Processing /home/airflow/.local/lib/python3.7/site-packages/airflow/example_dags/tutorial_etl_dag.py took 0.144 seconds
[2022-03-24 03:15:02,384] {processor.py:163} INFO - Started process (PID=2719) to work on /home/airflow/.local/lib/python3.7/site-packages/airflow/example_dags/tutorial_etl_dag.py
[2022-03-24 03:15:02,387] {processor.py:642} INFO - Processing file /home/airflow/.local/lib/python3.7/site-packages/airflow/example_dags/tutorial_etl_dag.py for tasks to queue
[2022-03-24 03:15:02,390] {logging_mixin.py:109} INFO - [2022-03-24 03:15:02,390] {dagbag.py:500} INFO - Filling up the DagBag from /home/airflow/.local/lib/python3.7/site-packages/airflow/example_dags/tutorial_etl_dag.py
[2022-03-24 03:15:02,472] {processor.py:654} INFO - DAG(s) dict_keys(['tutorial_etl_dag']) retrieved from /home/airflow/.local/lib/python3.7/site-packages/airflow/example_dags/tutorial_etl_dag.py
[2022-03-24 03:15:02,491] {logging_mixin.py:109} INFO - [2022-03-24 03:15:02,491] {dag.py:2398} INFO - Sync 1 DAGs
[2022-03-24 03:15:02,518] {logging_mixin.py:109} INFO - [2022-03-24 03:15:02,517] {dag.py:2937} INFO - Setting next_dagrun for tutorial_etl_dag to None
[2022-03-24 03:15:02,535] {processor.py:171} INFO - Processing /home/airflow/.local/lib/python3.7/site-packages/airflow/example_dags/tutorial_etl_dag.py took 0.155 seconds
[2022-03-24 03:15:32,596] {processor.py:163} INFO - Started process (PID=2773) to work on /home/airflow/.local/lib/python3.7/site-packages/airflow/example_dags/tutorial_etl_dag.py
[2022-03-24 03:15:32,598] {processor.py:642} INFO - Processing file /home/airflow/.local/lib/python3.7/site-packages/airflow/example_dags/tutorial_etl_dag.py for tasks to queue
[2022-03-24 03:15:32,600] {logging_mixin.py:109} INFO - [2022-03-24 03:15:32,599] {dagbag.py:500} INFO - Filling up the DagBag from /home/airflow/.local/lib/python3.7/site-packages/airflow/example_dags/tutorial_etl_dag.py
[2022-03-24 03:15:32,650] {processor.py:654} INFO - DAG(s) dict_keys(['tutorial_etl_dag']) retrieved from /home/airflow/.local/lib/python3.7/site-packages/airflow/example_dags/tutorial_etl_dag.py
[2022-03-24 03:15:32,677] {logging_mixin.py:109} INFO - [2022-03-24 03:15:32,677] {dag.py:2398} INFO - Sync 1 DAGs
[2022-03-24 03:15:32,713] {logging_mixin.py:109} INFO - [2022-03-24 03:15:32,713] {dag.py:2937} INFO - Setting next_dagrun for tutorial_etl_dag to None
[2022-03-24 03:15:32,728] {processor.py:171} INFO - Processing /home/airflow/.local/lib/python3.7/site-packages/airflow/example_dags/tutorial_etl_dag.py took 0.137 seconds
[2022-03-24 03:16:02,788] {processor.py:163} INFO - Started process (PID=2821) to work on /home/airflow/.local/lib/python3.7/site-packages/airflow/example_dags/tutorial_etl_dag.py
[2022-03-24 03:16:02,793] {processor.py:642} INFO - Processing file /home/airflow/.local/lib/python3.7/site-packages/airflow/example_dags/tutorial_etl_dag.py for tasks to queue
[2022-03-24 03:16:02,796] {logging_mixin.py:109} INFO - [2022-03-24 03:16:02,796] {dagbag.py:500} INFO - Filling up the DagBag from /home/airflow/.local/lib/python3.7/site-packages/airflow/example_dags/tutorial_etl_dag.py
[2022-03-24 03:16:02,840] {processor.py:654} INFO - DAG(s) dict_keys(['tutorial_etl_dag']) retrieved from /home/airflow/.local/lib/python3.7/site-packages/airflow/example_dags/tutorial_etl_dag.py
[2022-03-24 03:16:02,856] {logging_mixin.py:109} INFO - [2022-03-24 03:16:02,856] {dag.py:2398} INFO - Sync 1 DAGs
[2022-03-24 03:16:02,874] {logging_mixin.py:109} INFO - [2022-03-24 03:16:02,874] {dag.py:2937} INFO - Setting next_dagrun for tutorial_etl_dag to None
[2022-03-24 03:16:02,887] {processor.py:171} INFO - Processing /home/airflow/.local/lib/python3.7/site-packages/airflow/example_dags/tutorial_etl_dag.py took 0.103 seconds
[2022-03-24 03:16:33,342] {processor.py:163} INFO - Started process (PID=2872) to work on /home/airflow/.local/lib/python3.7/site-packages/airflow/example_dags/tutorial_etl_dag.py
[2022-03-24 03:16:33,349] {processor.py:642} INFO - Processing file /home/airflow/.local/lib/python3.7/site-packages/airflow/example_dags/tutorial_etl_dag.py for tasks to queue
[2022-03-24 03:16:33,354] {logging_mixin.py:109} INFO - [2022-03-24 03:16:33,353] {dagbag.py:500} INFO - Filling up the DagBag from /home/airflow/.local/lib/python3.7/site-packages/airflow/example_dags/tutorial_etl_dag.py
[2022-03-24 03:16:33,471] {processor.py:654} INFO - DAG(s) dict_keys(['tutorial_etl_dag']) retrieved from /home/airflow/.local/lib/python3.7/site-packages/airflow/example_dags/tutorial_etl_dag.py
[2022-03-24 03:16:33,494] {logging_mixin.py:109} INFO - [2022-03-24 03:16:33,494] {dag.py:2398} INFO - Sync 1 DAGs
[2022-03-24 03:16:33,521] {logging_mixin.py:109} INFO - [2022-03-24 03:16:33,521] {dag.py:2937} INFO - Setting next_dagrun for tutorial_etl_dag to None
[2022-03-24 03:16:33,543] {processor.py:171} INFO - Processing /home/airflow/.local/lib/python3.7/site-packages/airflow/example_dags/tutorial_etl_dag.py took 0.210 seconds
[2022-03-24 03:17:03,776] {processor.py:163} INFO - Started process (PID=2924) to work on /home/airflow/.local/lib/python3.7/site-packages/airflow/example_dags/tutorial_etl_dag.py
[2022-03-24 03:17:03,778] {processor.py:642} INFO - Processing file /home/airflow/.local/lib/python3.7/site-packages/airflow/example_dags/tutorial_etl_dag.py for tasks to queue
[2022-03-24 03:17:03,780] {logging_mixin.py:109} INFO - [2022-03-24 03:17:03,779] {dagbag.py:500} INFO - Filling up the DagBag from /home/airflow/.local/lib/python3.7/site-packages/airflow/example_dags/tutorial_etl_dag.py
[2022-03-24 03:17:03,832] {processor.py:654} INFO - DAG(s) dict_keys(['tutorial_etl_dag']) retrieved from /home/airflow/.local/lib/python3.7/site-packages/airflow/example_dags/tutorial_etl_dag.py
[2022-03-24 03:17:03,844] {logging_mixin.py:109} INFO - [2022-03-24 03:17:03,844] {dag.py:2398} INFO - Sync 1 DAGs
[2022-03-24 03:17:03,861] {logging_mixin.py:109} INFO - [2022-03-24 03:17:03,861] {dag.py:2937} INFO - Setting next_dagrun for tutorial_etl_dag to None
[2022-03-24 03:17:03,882] {processor.py:171} INFO - Processing /home/airflow/.local/lib/python3.7/site-packages/airflow/example_dags/tutorial_etl_dag.py took 0.110 seconds
[2022-03-24 03:17:34,228] {processor.py:163} INFO - Started process (PID=2974) to work on /home/airflow/.local/lib/python3.7/site-packages/airflow/example_dags/tutorial_etl_dag.py
[2022-03-24 03:17:34,232] {processor.py:642} INFO - Processing file /home/airflow/.local/lib/python3.7/site-packages/airflow/example_dags/tutorial_etl_dag.py for tasks to queue
[2022-03-24 03:17:34,238] {logging_mixin.py:109} INFO - [2022-03-24 03:17:34,238] {dagbag.py:500} INFO - Filling up the DagBag from /home/airflow/.local/lib/python3.7/site-packages/airflow/example_dags/tutorial_etl_dag.py
[2022-03-24 03:17:34,362] {processor.py:654} INFO - DAG(s) dict_keys(['tutorial_etl_dag']) retrieved from /home/airflow/.local/lib/python3.7/site-packages/airflow/example_dags/tutorial_etl_dag.py
[2022-03-24 03:17:34,380] {logging_mixin.py:109} INFO - [2022-03-24 03:17:34,380] {dag.py:2398} INFO - Sync 1 DAGs
[2022-03-24 03:17:34,437] {logging_mixin.py:109} INFO - [2022-03-24 03:17:34,436] {dag.py:2937} INFO - Setting next_dagrun for tutorial_etl_dag to None
[2022-03-24 03:17:34,475] {processor.py:171} INFO - Processing /home/airflow/.local/lib/python3.7/site-packages/airflow/example_dags/tutorial_etl_dag.py took 0.261 seconds
[2022-03-24 03:18:05,114] {processor.py:163} INFO - Started process (PID=3037) to work on /home/airflow/.local/lib/python3.7/site-packages/airflow/example_dags/tutorial_etl_dag.py
[2022-03-24 03:18:05,124] {processor.py:642} INFO - Processing file /home/airflow/.local/lib/python3.7/site-packages/airflow/example_dags/tutorial_etl_dag.py for tasks to queue
[2022-03-24 03:18:05,128] {logging_mixin.py:109} INFO - [2022-03-24 03:18:05,128] {dagbag.py:500} INFO - Filling up the DagBag from /home/airflow/.local/lib/python3.7/site-packages/airflow/example_dags/tutorial_etl_dag.py
[2022-03-24 03:18:05,247] {processor.py:654} INFO - DAG(s) dict_keys(['tutorial_etl_dag']) retrieved from /home/airflow/.local/lib/python3.7/site-packages/airflow/example_dags/tutorial_etl_dag.py
[2022-03-24 03:18:05,278] {logging_mixin.py:109} INFO - [2022-03-24 03:18:05,278] {dag.py:2398} INFO - Sync 1 DAGs
[2022-03-24 03:18:05,341] {logging_mixin.py:109} INFO - [2022-03-24 03:18:05,341] {dag.py:2937} INFO - Setting next_dagrun for tutorial_etl_dag to None
[2022-03-24 03:18:05,367] {processor.py:171} INFO - Processing /home/airflow/.local/lib/python3.7/site-packages/airflow/example_dags/tutorial_etl_dag.py took 0.258 seconds
[2022-03-24 03:18:35,829] {processor.py:163} INFO - Started process (PID=3088) to work on /home/airflow/.local/lib/python3.7/site-packages/airflow/example_dags/tutorial_etl_dag.py
[2022-03-24 03:18:35,832] {processor.py:642} INFO - Processing file /home/airflow/.local/lib/python3.7/site-packages/airflow/example_dags/tutorial_etl_dag.py for tasks to queue
[2022-03-24 03:18:35,835] {logging_mixin.py:109} INFO - [2022-03-24 03:18:35,834] {dagbag.py:500} INFO - Filling up the DagBag from /home/airflow/.local/lib/python3.7/site-packages/airflow/example_dags/tutorial_etl_dag.py
[2022-03-24 03:18:35,911] {processor.py:654} INFO - DAG(s) dict_keys(['tutorial_etl_dag']) retrieved from /home/airflow/.local/lib/python3.7/site-packages/airflow/example_dags/tutorial_etl_dag.py
[2022-03-24 03:18:35,944] {logging_mixin.py:109} INFO - [2022-03-24 03:18:35,944] {dag.py:2398} INFO - Sync 1 DAGs
[2022-03-24 03:18:35,974] {logging_mixin.py:109} INFO - [2022-03-24 03:18:35,973] {dag.py:2937} INFO - Setting next_dagrun for tutorial_etl_dag to None
[2022-03-24 03:18:36,032] {processor.py:171} INFO - Processing /home/airflow/.local/lib/python3.7/site-packages/airflow/example_dags/tutorial_etl_dag.py took 0.206 seconds
[2022-03-24 03:19:07,962] {processor.py:163} INFO - Started process (PID=3143) to work on /home/airflow/.local/lib/python3.7/site-packages/airflow/example_dags/tutorial_etl_dag.py
[2022-03-24 03:19:08,000] {processor.py:642} INFO - Processing file /home/airflow/.local/lib/python3.7/site-packages/airflow/example_dags/tutorial_etl_dag.py for tasks to queue
[2022-03-24 03:19:08,005] {logging_mixin.py:109} INFO - [2022-03-24 03:19:08,005] {dagbag.py:500} INFO - Filling up the DagBag from /home/airflow/.local/lib/python3.7/site-packages/airflow/example_dags/tutorial_etl_dag.py
[2022-03-24 03:19:08,059] {processor.py:654} INFO - DAG(s) dict_keys(['tutorial_etl_dag']) retrieved from /home/airflow/.local/lib/python3.7/site-packages/airflow/example_dags/tutorial_etl_dag.py
[2022-03-24 03:19:08,164] {logging_mixin.py:109} INFO - [2022-03-24 03:19:08,164] {dag.py:2398} INFO - Sync 1 DAGs
[2022-03-24 03:19:08,782] {logging_mixin.py:109} INFO - [2022-03-24 03:19:08,782] {dag.py:2937} INFO - Setting next_dagrun for tutorial_etl_dag to None
[2022-03-24 03:19:09,378] {processor.py:171} INFO - Processing /home/airflow/.local/lib/python3.7/site-packages/airflow/example_dags/tutorial_etl_dag.py took 1.425 seconds
[2022-03-24 03:19:40,162] {processor.py:163} INFO - Started process (PID=3195) to work on /home/airflow/.local/lib/python3.7/site-packages/airflow/example_dags/tutorial_etl_dag.py
[2022-03-24 03:19:40,164] {processor.py:642} INFO - Processing file /home/airflow/.local/lib/python3.7/site-packages/airflow/example_dags/tutorial_etl_dag.py for tasks to queue
[2022-03-24 03:19:40,166] {logging_mixin.py:109} INFO - [2022-03-24 03:19:40,166] {dagbag.py:500} INFO - Filling up the DagBag from /home/airflow/.local/lib/python3.7/site-packages/airflow/example_dags/tutorial_etl_dag.py
[2022-03-24 03:19:40,206] {processor.py:654} INFO - DAG(s) dict_keys(['tutorial_etl_dag']) retrieved from /home/airflow/.local/lib/python3.7/site-packages/airflow/example_dags/tutorial_etl_dag.py
[2022-03-24 03:19:40,219] {logging_mixin.py:109} INFO - [2022-03-24 03:19:40,219] {dag.py:2398} INFO - Sync 1 DAGs
[2022-03-24 03:19:40,238] {logging_mixin.py:109} INFO - [2022-03-24 03:19:40,238] {dag.py:2937} INFO - Setting next_dagrun for tutorial_etl_dag to None
[2022-03-24 03:19:40,255] {processor.py:171} INFO - Processing /home/airflow/.local/lib/python3.7/site-packages/airflow/example_dags/tutorial_etl_dag.py took 0.097 seconds
[2022-03-24 03:20:10,328] {processor.py:163} INFO - Started process (PID=3251) to work on /home/airflow/.local/lib/python3.7/site-packages/airflow/example_dags/tutorial_etl_dag.py
[2022-03-24 03:20:10,331] {processor.py:642} INFO - Processing file /home/airflow/.local/lib/python3.7/site-packages/airflow/example_dags/tutorial_etl_dag.py for tasks to queue
[2022-03-24 03:20:10,332] {logging_mixin.py:109} INFO - [2022-03-24 03:20:10,332] {dagbag.py:500} INFO - Filling up the DagBag from /home/airflow/.local/lib/python3.7/site-packages/airflow/example_dags/tutorial_etl_dag.py
[2022-03-24 03:20:10,373] {processor.py:654} INFO - DAG(s) dict_keys(['tutorial_etl_dag']) retrieved from /home/airflow/.local/lib/python3.7/site-packages/airflow/example_dags/tutorial_etl_dag.py
[2022-03-24 03:20:10,386] {logging_mixin.py:109} INFO - [2022-03-24 03:20:10,386] {dag.py:2398} INFO - Sync 1 DAGs
[2022-03-24 03:20:10,401] {logging_mixin.py:109} INFO - [2022-03-24 03:20:10,401] {dag.py:2937} INFO - Setting next_dagrun for tutorial_etl_dag to None
[2022-03-24 03:20:10,415] {processor.py:171} INFO - Processing /home/airflow/.local/lib/python3.7/site-packages/airflow/example_dags/tutorial_etl_dag.py took 0.092 seconds
