[2022-03-24 02:47:47,025] {processor.py:163} INFO - Started process (PID=109) to work on /home/airflow/.local/lib/python3.7/site-packages/airflow/example_dags/tutorial.py
[2022-03-24 02:47:47,037] {processor.py:642} INFO - Processing file /home/airflow/.local/lib/python3.7/site-packages/airflow/example_dags/tutorial.py for tasks to queue
[2022-03-24 02:47:47,058] {logging_mixin.py:109} INFO - [2022-03-24 02:47:47,057] {dagbag.py:500} INFO - Filling up the DagBag from /home/airflow/.local/lib/python3.7/site-packages/airflow/example_dags/tutorial.py
[2022-03-24 02:47:47,598] {processor.py:654} INFO - DAG(s) dict_keys(['tutorial']) retrieved from /home/airflow/.local/lib/python3.7/site-packages/airflow/example_dags/tutorial.py
[2022-03-24 02:48:06,554] {logging_mixin.py:109} INFO - [2022-03-24 02:48:06,554] {manager.py:496} INFO - Created Permission View: can edit on DAG:tutorial
[2022-03-24 02:48:06,622] {logging_mixin.py:109} INFO - [2022-03-24 02:48:06,622] {manager.py:496} INFO - Created Permission View: can read on DAG:tutorial
[2022-03-24 02:48:06,625] {logging_mixin.py:109} INFO - [2022-03-24 02:48:06,625] {dag.py:2398} INFO - Sync 1 DAGs
[2022-03-24 02:48:06,676] {logging_mixin.py:109} INFO - [2022-03-24 02:48:06,665] {dag.py:2417} INFO - Creating ORM DAG for tutorial
[2022-03-24 02:48:06,734] {logging_mixin.py:109} INFO - [2022-03-24 02:48:06,734] {dag.py:2937} INFO - Setting next_dagrun for tutorial to 2022-03-23T02:48:06.734344+00:00
[2022-03-24 02:48:07,704] {processor.py:171} INFO - Processing /home/airflow/.local/lib/python3.7/site-packages/airflow/example_dags/tutorial.py took 20.747 seconds
[2022-03-24 02:49:39,055] {processor.py:163} INFO - Started process (PID=183) to work on /home/airflow/.local/lib/python3.7/site-packages/airflow/example_dags/tutorial.py
[2022-03-24 02:49:39,099] {processor.py:642} INFO - Processing file /home/airflow/.local/lib/python3.7/site-packages/airflow/example_dags/tutorial.py for tasks to queue
[2022-03-24 02:49:39,102] {logging_mixin.py:109} INFO - [2022-03-24 02:49:39,102] {dagbag.py:500} INFO - Filling up the DagBag from /home/airflow/.local/lib/python3.7/site-packages/airflow/example_dags/tutorial.py
[2022-03-24 02:49:39,393] {processor.py:654} INFO - DAG(s) dict_keys(['tutorial']) retrieved from /home/airflow/.local/lib/python3.7/site-packages/airflow/example_dags/tutorial.py
[2022-03-24 02:49:39,502] {logging_mixin.py:109} INFO - [2022-03-24 02:49:39,502] {dag.py:2398} INFO - Sync 1 DAGs
[2022-03-24 02:49:39,812] {logging_mixin.py:109} INFO - [2022-03-24 02:49:39,812] {dag.py:2937} INFO - Setting next_dagrun for tutorial to 2022-03-23T02:49:39.811621+00:00
[2022-03-24 02:49:39,925] {processor.py:171} INFO - Processing /home/airflow/.local/lib/python3.7/site-packages/airflow/example_dags/tutorial.py took 0.892 seconds
[2022-03-24 02:50:44,916] {processor.py:163} INFO - Started process (PID=287) to work on /home/airflow/.local/lib/python3.7/site-packages/airflow/example_dags/tutorial.py
[2022-03-24 02:50:44,921] {processor.py:642} INFO - Processing file /home/airflow/.local/lib/python3.7/site-packages/airflow/example_dags/tutorial.py for tasks to queue
[2022-03-24 02:50:44,924] {logging_mixin.py:109} INFO - [2022-03-24 02:50:44,924] {dagbag.py:500} INFO - Filling up the DagBag from /home/airflow/.local/lib/python3.7/site-packages/airflow/example_dags/tutorial.py
[2022-03-24 02:50:44,984] {processor.py:654} INFO - DAG(s) dict_keys(['tutorial']) retrieved from /home/airflow/.local/lib/python3.7/site-packages/airflow/example_dags/tutorial.py
[2022-03-24 02:50:45,007] {logging_mixin.py:109} INFO - [2022-03-24 02:50:45,007] {dag.py:2398} INFO - Sync 1 DAGs
[2022-03-24 02:50:45,029] {logging_mixin.py:109} INFO - [2022-03-24 02:50:45,029] {dag.py:2937} INFO - Setting next_dagrun for tutorial to 2022-03-23T02:50:45.028968+00:00
[2022-03-24 02:50:45,050] {processor.py:171} INFO - Processing /home/airflow/.local/lib/python3.7/site-packages/airflow/example_dags/tutorial.py took 0.142 seconds
[2022-03-24 02:51:16,101] {processor.py:163} INFO - Started process (PID=339) to work on /home/airflow/.local/lib/python3.7/site-packages/airflow/example_dags/tutorial.py
[2022-03-24 02:51:16,113] {processor.py:642} INFO - Processing file /home/airflow/.local/lib/python3.7/site-packages/airflow/example_dags/tutorial.py for tasks to queue
[2022-03-24 02:51:16,117] {logging_mixin.py:109} INFO - [2022-03-24 02:51:16,116] {dagbag.py:500} INFO - Filling up the DagBag from /home/airflow/.local/lib/python3.7/site-packages/airflow/example_dags/tutorial.py
[2022-03-24 02:51:16,167] {processor.py:654} INFO - DAG(s) dict_keys(['tutorial']) retrieved from /home/airflow/.local/lib/python3.7/site-packages/airflow/example_dags/tutorial.py
[2022-03-24 02:51:16,187] {logging_mixin.py:109} INFO - [2022-03-24 02:51:16,187] {dag.py:2398} INFO - Sync 1 DAGs
[2022-03-24 02:51:16,249] {logging_mixin.py:109} INFO - [2022-03-24 02:51:16,249] {dag.py:2937} INFO - Setting next_dagrun for tutorial to 2022-03-23T02:51:16.249244+00:00
[2022-03-24 02:51:16,298] {processor.py:171} INFO - Processing /home/airflow/.local/lib/python3.7/site-packages/airflow/example_dags/tutorial.py took 0.216 seconds
[2022-03-24 02:51:46,844] {processor.py:163} INFO - Started process (PID=388) to work on /home/airflow/.local/lib/python3.7/site-packages/airflow/example_dags/tutorial.py
[2022-03-24 02:51:46,847] {processor.py:642} INFO - Processing file /home/airflow/.local/lib/python3.7/site-packages/airflow/example_dags/tutorial.py for tasks to queue
[2022-03-24 02:51:46,848] {logging_mixin.py:109} INFO - [2022-03-24 02:51:46,848] {dagbag.py:500} INFO - Filling up the DagBag from /home/airflow/.local/lib/python3.7/site-packages/airflow/example_dags/tutorial.py
[2022-03-24 02:51:46,977] {processor.py:654} INFO - DAG(s) dict_keys(['tutorial']) retrieved from /home/airflow/.local/lib/python3.7/site-packages/airflow/example_dags/tutorial.py
[2022-03-24 02:51:47,010] {logging_mixin.py:109} INFO - [2022-03-24 02:51:47,010] {dag.py:2398} INFO - Sync 1 DAGs
[2022-03-24 02:51:47,051] {logging_mixin.py:109} INFO - [2022-03-24 02:51:47,051] {dag.py:2937} INFO - Setting next_dagrun for tutorial to 2022-03-23T02:51:47.051195+00:00
[2022-03-24 02:51:47,072] {processor.py:171} INFO - Processing /home/airflow/.local/lib/python3.7/site-packages/airflow/example_dags/tutorial.py took 0.234 seconds
[2022-03-24 02:52:18,090] {processor.py:163} INFO - Started process (PID=439) to work on /home/airflow/.local/lib/python3.7/site-packages/airflow/example_dags/tutorial.py
[2022-03-24 02:52:18,098] {processor.py:642} INFO - Processing file /home/airflow/.local/lib/python3.7/site-packages/airflow/example_dags/tutorial.py for tasks to queue
[2022-03-24 02:52:18,102] {logging_mixin.py:109} INFO - [2022-03-24 02:52:18,101] {dagbag.py:500} INFO - Filling up the DagBag from /home/airflow/.local/lib/python3.7/site-packages/airflow/example_dags/tutorial.py
[2022-03-24 02:52:18,224] {processor.py:654} INFO - DAG(s) dict_keys(['tutorial']) retrieved from /home/airflow/.local/lib/python3.7/site-packages/airflow/example_dags/tutorial.py
[2022-03-24 02:52:18,308] {logging_mixin.py:109} INFO - [2022-03-24 02:52:18,308] {dag.py:2398} INFO - Sync 1 DAGs
[2022-03-24 02:52:18,434] {logging_mixin.py:109} INFO - [2022-03-24 02:52:18,434] {dag.py:2937} INFO - Setting next_dagrun for tutorial to 2022-03-23T02:52:18.434075+00:00
[2022-03-24 02:52:18,568] {processor.py:171} INFO - Processing /home/airflow/.local/lib/python3.7/site-packages/airflow/example_dags/tutorial.py took 0.489 seconds
[2022-03-24 02:52:49,236] {processor.py:163} INFO - Started process (PID=498) to work on /home/airflow/.local/lib/python3.7/site-packages/airflow/example_dags/tutorial.py
[2022-03-24 02:52:49,247] {processor.py:642} INFO - Processing file /home/airflow/.local/lib/python3.7/site-packages/airflow/example_dags/tutorial.py for tasks to queue
[2022-03-24 02:52:49,254] {logging_mixin.py:109} INFO - [2022-03-24 02:52:49,252] {dagbag.py:500} INFO - Filling up the DagBag from /home/airflow/.local/lib/python3.7/site-packages/airflow/example_dags/tutorial.py
[2022-03-24 02:52:49,439] {processor.py:654} INFO - DAG(s) dict_keys(['tutorial']) retrieved from /home/airflow/.local/lib/python3.7/site-packages/airflow/example_dags/tutorial.py
[2022-03-24 02:52:49,485] {logging_mixin.py:109} INFO - [2022-03-24 02:52:49,485] {dag.py:2398} INFO - Sync 1 DAGs
[2022-03-24 02:52:49,544] {logging_mixin.py:109} INFO - [2022-03-24 02:52:49,544] {dag.py:2937} INFO - Setting next_dagrun for tutorial to 2022-03-23T02:52:49.543630+00:00
[2022-03-24 02:52:49,579] {processor.py:171} INFO - Processing /home/airflow/.local/lib/python3.7/site-packages/airflow/example_dags/tutorial.py took 0.351 seconds
[2022-03-24 02:53:20,256] {processor.py:163} INFO - Started process (PID=546) to work on /home/airflow/.local/lib/python3.7/site-packages/airflow/example_dags/tutorial.py
[2022-03-24 02:53:20,263] {processor.py:642} INFO - Processing file /home/airflow/.local/lib/python3.7/site-packages/airflow/example_dags/tutorial.py for tasks to queue
[2022-03-24 02:53:20,265] {logging_mixin.py:109} INFO - [2022-03-24 02:53:20,264] {dagbag.py:500} INFO - Filling up the DagBag from /home/airflow/.local/lib/python3.7/site-packages/airflow/example_dags/tutorial.py
[2022-03-24 02:53:20,363] {processor.py:654} INFO - DAG(s) dict_keys(['tutorial']) retrieved from /home/airflow/.local/lib/python3.7/site-packages/airflow/example_dags/tutorial.py
[2022-03-24 02:53:20,393] {logging_mixin.py:109} INFO - [2022-03-24 02:53:20,393] {dag.py:2398} INFO - Sync 1 DAGs
[2022-03-24 02:53:20,429] {logging_mixin.py:109} INFO - [2022-03-24 02:53:20,429] {dag.py:2937} INFO - Setting next_dagrun for tutorial to 2022-03-23T02:53:20.429179+00:00
[2022-03-24 02:53:20,453] {processor.py:171} INFO - Processing /home/airflow/.local/lib/python3.7/site-packages/airflow/example_dags/tutorial.py took 0.201 seconds
[2022-03-24 02:53:50,643] {processor.py:163} INFO - Started process (PID=596) to work on /home/airflow/.local/lib/python3.7/site-packages/airflow/example_dags/tutorial.py
[2022-03-24 02:53:50,653] {processor.py:642} INFO - Processing file /home/airflow/.local/lib/python3.7/site-packages/airflow/example_dags/tutorial.py for tasks to queue
[2022-03-24 02:53:50,662] {logging_mixin.py:109} INFO - [2022-03-24 02:53:50,659] {dagbag.py:500} INFO - Filling up the DagBag from /home/airflow/.local/lib/python3.7/site-packages/airflow/example_dags/tutorial.py
[2022-03-24 02:53:50,845] {processor.py:654} INFO - DAG(s) dict_keys(['tutorial']) retrieved from /home/airflow/.local/lib/python3.7/site-packages/airflow/example_dags/tutorial.py
[2022-03-24 02:53:50,861] {logging_mixin.py:109} INFO - [2022-03-24 02:53:50,860] {dag.py:2398} INFO - Sync 1 DAGs
[2022-03-24 02:53:50,881] {logging_mixin.py:109} INFO - [2022-03-24 02:53:50,880] {dag.py:2937} INFO - Setting next_dagrun for tutorial to 2022-03-23T02:53:50.880572+00:00
[2022-03-24 02:53:50,895] {processor.py:171} INFO - Processing /home/airflow/.local/lib/python3.7/site-packages/airflow/example_dags/tutorial.py took 0.275 seconds
[2022-03-24 02:54:21,077] {processor.py:163} INFO - Started process (PID=647) to work on /home/airflow/.local/lib/python3.7/site-packages/airflow/example_dags/tutorial.py
[2022-03-24 02:54:21,083] {processor.py:642} INFO - Processing file /home/airflow/.local/lib/python3.7/site-packages/airflow/example_dags/tutorial.py for tasks to queue
[2022-03-24 02:54:21,086] {logging_mixin.py:109} INFO - [2022-03-24 02:54:21,086] {dagbag.py:500} INFO - Filling up the DagBag from /home/airflow/.local/lib/python3.7/site-packages/airflow/example_dags/tutorial.py
[2022-03-24 02:54:21,155] {processor.py:654} INFO - DAG(s) dict_keys(['tutorial']) retrieved from /home/airflow/.local/lib/python3.7/site-packages/airflow/example_dags/tutorial.py
[2022-03-24 02:54:21,183] {logging_mixin.py:109} INFO - [2022-03-24 02:54:21,183] {dag.py:2398} INFO - Sync 1 DAGs
[2022-03-24 02:54:21,211] {logging_mixin.py:109} INFO - [2022-03-24 02:54:21,211] {dag.py:2937} INFO - Setting next_dagrun for tutorial to 2022-03-23T02:54:21.211518+00:00
[2022-03-24 02:54:21,244] {processor.py:171} INFO - Processing /home/airflow/.local/lib/python3.7/site-packages/airflow/example_dags/tutorial.py took 0.179 seconds
[2022-03-24 02:54:51,711] {processor.py:163} INFO - Started process (PID=697) to work on /home/airflow/.local/lib/python3.7/site-packages/airflow/example_dags/tutorial.py
[2022-03-24 02:54:51,717] {processor.py:642} INFO - Processing file /home/airflow/.local/lib/python3.7/site-packages/airflow/example_dags/tutorial.py for tasks to queue
[2022-03-24 02:54:51,720] {logging_mixin.py:109} INFO - [2022-03-24 02:54:51,720] {dagbag.py:500} INFO - Filling up the DagBag from /home/airflow/.local/lib/python3.7/site-packages/airflow/example_dags/tutorial.py
[2022-03-24 02:54:51,901] {processor.py:654} INFO - DAG(s) dict_keys(['tutorial']) retrieved from /home/airflow/.local/lib/python3.7/site-packages/airflow/example_dags/tutorial.py
[2022-03-24 02:54:51,967] {logging_mixin.py:109} INFO - [2022-03-24 02:54:51,967] {dag.py:2398} INFO - Sync 1 DAGs
[2022-03-24 02:54:52,061] {logging_mixin.py:109} INFO - [2022-03-24 02:54:52,061] {dag.py:2937} INFO - Setting next_dagrun for tutorial to 2022-03-23T02:54:52.060828+00:00
[2022-03-24 02:54:52,096] {processor.py:171} INFO - Processing /home/airflow/.local/lib/python3.7/site-packages/airflow/example_dags/tutorial.py took 0.399 seconds
[2022-03-24 02:55:22,292] {processor.py:163} INFO - Started process (PID=748) to work on /home/airflow/.local/lib/python3.7/site-packages/airflow/example_dags/tutorial.py
[2022-03-24 02:55:22,295] {processor.py:642} INFO - Processing file /home/airflow/.local/lib/python3.7/site-packages/airflow/example_dags/tutorial.py for tasks to queue
[2022-03-24 02:55:22,297] {logging_mixin.py:109} INFO - [2022-03-24 02:55:22,297] {dagbag.py:500} INFO - Filling up the DagBag from /home/airflow/.local/lib/python3.7/site-packages/airflow/example_dags/tutorial.py
[2022-03-24 02:55:22,533] {processor.py:654} INFO - DAG(s) dict_keys(['tutorial']) retrieved from /home/airflow/.local/lib/python3.7/site-packages/airflow/example_dags/tutorial.py
[2022-03-24 02:55:22,789] {logging_mixin.py:109} INFO - [2022-03-24 02:55:22,789] {dag.py:2398} INFO - Sync 1 DAGs
[2022-03-24 02:55:22,929] {logging_mixin.py:109} INFO - [2022-03-24 02:55:22,929] {dag.py:2937} INFO - Setting next_dagrun for tutorial to 2022-03-23T02:55:22.928919+00:00
[2022-03-24 02:55:23,169] {processor.py:171} INFO - Processing /home/airflow/.local/lib/python3.7/site-packages/airflow/example_dags/tutorial.py took 0.890 seconds
[2022-03-24 02:55:53,902] {processor.py:163} INFO - Started process (PID=789) to work on /home/airflow/.local/lib/python3.7/site-packages/airflow/example_dags/tutorial.py
[2022-03-24 02:55:53,909] {processor.py:642} INFO - Processing file /home/airflow/.local/lib/python3.7/site-packages/airflow/example_dags/tutorial.py for tasks to queue
[2022-03-24 02:55:53,912] {logging_mixin.py:109} INFO - [2022-03-24 02:55:53,912] {dagbag.py:500} INFO - Filling up the DagBag from /home/airflow/.local/lib/python3.7/site-packages/airflow/example_dags/tutorial.py
[2022-03-24 02:55:53,965] {processor.py:654} INFO - DAG(s) dict_keys(['tutorial']) retrieved from /home/airflow/.local/lib/python3.7/site-packages/airflow/example_dags/tutorial.py
[2022-03-24 02:55:53,982] {logging_mixin.py:109} INFO - [2022-03-24 02:55:53,982] {dag.py:2398} INFO - Sync 1 DAGs
[2022-03-24 02:55:54,005] {logging_mixin.py:109} INFO - [2022-03-24 02:55:54,004] {dag.py:2937} INFO - Setting next_dagrun for tutorial to 2022-03-23T02:55:54.004475+00:00
[2022-03-24 02:55:54,026] {processor.py:171} INFO - Processing /home/airflow/.local/lib/python3.7/site-packages/airflow/example_dags/tutorial.py took 0.132 seconds
[2022-03-24 02:56:34,143] {processor.py:163} INFO - Started process (PID=847) to work on /home/airflow/.local/lib/python3.7/site-packages/airflow/example_dags/tutorial.py
[2022-03-24 02:56:34,162] {processor.py:642} INFO - Processing file /home/airflow/.local/lib/python3.7/site-packages/airflow/example_dags/tutorial.py for tasks to queue
[2022-03-24 02:56:34,173] {logging_mixin.py:109} INFO - [2022-03-24 02:56:34,171] {dagbag.py:500} INFO - Filling up the DagBag from /home/airflow/.local/lib/python3.7/site-packages/airflow/example_dags/tutorial.py
[2022-03-24 02:56:34,346] {processor.py:654} INFO - DAG(s) dict_keys(['tutorial']) retrieved from /home/airflow/.local/lib/python3.7/site-packages/airflow/example_dags/tutorial.py
[2022-03-24 02:56:34,738] {logging_mixin.py:109} INFO - [2022-03-24 02:56:34,738] {dag.py:2398} INFO - Sync 1 DAGs
[2022-03-24 02:56:34,779] {logging_mixin.py:109} INFO - [2022-03-24 02:56:34,779] {dag.py:2937} INFO - Setting next_dagrun for tutorial to 2022-03-23T02:56:34.778956+00:00
[2022-03-24 02:56:35,564] {processor.py:171} INFO - Processing /home/airflow/.local/lib/python3.7/site-packages/airflow/example_dags/tutorial.py took 1.432 seconds
[2022-03-24 02:57:06,592] {processor.py:163} INFO - Started process (PID=897) to work on /home/airflow/.local/lib/python3.7/site-packages/airflow/example_dags/tutorial.py
[2022-03-24 02:57:06,599] {processor.py:642} INFO - Processing file /home/airflow/.local/lib/python3.7/site-packages/airflow/example_dags/tutorial.py for tasks to queue
[2022-03-24 02:57:06,603] {logging_mixin.py:109} INFO - [2022-03-24 02:57:06,603] {dagbag.py:500} INFO - Filling up the DagBag from /home/airflow/.local/lib/python3.7/site-packages/airflow/example_dags/tutorial.py
[2022-03-24 02:57:06,657] {processor.py:654} INFO - DAG(s) dict_keys(['tutorial']) retrieved from /home/airflow/.local/lib/python3.7/site-packages/airflow/example_dags/tutorial.py
[2022-03-24 02:57:06,671] {logging_mixin.py:109} INFO - [2022-03-24 02:57:06,671] {dag.py:2398} INFO - Sync 1 DAGs
[2022-03-24 02:57:06,689] {logging_mixin.py:109} INFO - [2022-03-24 02:57:06,689] {dag.py:2937} INFO - Setting next_dagrun for tutorial to 2022-03-23T02:57:06.688309+00:00
[2022-03-24 02:57:06,701] {processor.py:171} INFO - Processing /home/airflow/.local/lib/python3.7/site-packages/airflow/example_dags/tutorial.py took 0.122 seconds
[2022-03-24 02:57:37,135] {processor.py:163} INFO - Started process (PID=947) to work on /home/airflow/.local/lib/python3.7/site-packages/airflow/example_dags/tutorial.py
[2022-03-24 02:57:37,138] {processor.py:642} INFO - Processing file /home/airflow/.local/lib/python3.7/site-packages/airflow/example_dags/tutorial.py for tasks to queue
[2022-03-24 02:57:37,143] {logging_mixin.py:109} INFO - [2022-03-24 02:57:37,140] {dagbag.py:500} INFO - Filling up the DagBag from /home/airflow/.local/lib/python3.7/site-packages/airflow/example_dags/tutorial.py
[2022-03-24 02:57:37,234] {processor.py:654} INFO - DAG(s) dict_keys(['tutorial']) retrieved from /home/airflow/.local/lib/python3.7/site-packages/airflow/example_dags/tutorial.py
[2022-03-24 02:57:37,313] {logging_mixin.py:109} INFO - [2022-03-24 02:57:37,311] {dag.py:2398} INFO - Sync 1 DAGs
[2022-03-24 02:57:37,379] {logging_mixin.py:109} INFO - [2022-03-24 02:57:37,379] {dag.py:2937} INFO - Setting next_dagrun for tutorial to 2022-03-23T02:57:37.379406+00:00
[2022-03-24 02:57:37,430] {processor.py:171} INFO - Processing /home/airflow/.local/lib/python3.7/site-packages/airflow/example_dags/tutorial.py took 0.301 seconds
[2022-03-24 02:58:08,298] {processor.py:163} INFO - Started process (PID=999) to work on /home/airflow/.local/lib/python3.7/site-packages/airflow/example_dags/tutorial.py
[2022-03-24 02:58:08,311] {processor.py:642} INFO - Processing file /home/airflow/.local/lib/python3.7/site-packages/airflow/example_dags/tutorial.py for tasks to queue
[2022-03-24 02:58:08,314] {logging_mixin.py:109} INFO - [2022-03-24 02:58:08,314] {dagbag.py:500} INFO - Filling up the DagBag from /home/airflow/.local/lib/python3.7/site-packages/airflow/example_dags/tutorial.py
[2022-03-24 02:58:08,400] {processor.py:654} INFO - DAG(s) dict_keys(['tutorial']) retrieved from /home/airflow/.local/lib/python3.7/site-packages/airflow/example_dags/tutorial.py
[2022-03-24 02:58:08,423] {logging_mixin.py:109} INFO - [2022-03-24 02:58:08,423] {dag.py:2398} INFO - Sync 1 DAGs
[2022-03-24 02:58:08,463] {logging_mixin.py:109} INFO - [2022-03-24 02:58:08,463] {dag.py:2937} INFO - Setting next_dagrun for tutorial to 2022-03-23T02:58:08.463081+00:00
[2022-03-24 02:58:08,480] {processor.py:171} INFO - Processing /home/airflow/.local/lib/python3.7/site-packages/airflow/example_dags/tutorial.py took 0.187 seconds
[2022-03-24 02:58:38,635] {processor.py:163} INFO - Started process (PID=1060) to work on /home/airflow/.local/lib/python3.7/site-packages/airflow/example_dags/tutorial.py
[2022-03-24 02:58:38,643] {processor.py:642} INFO - Processing file /home/airflow/.local/lib/python3.7/site-packages/airflow/example_dags/tutorial.py for tasks to queue
[2022-03-24 02:58:38,646] {logging_mixin.py:109} INFO - [2022-03-24 02:58:38,646] {dagbag.py:500} INFO - Filling up the DagBag from /home/airflow/.local/lib/python3.7/site-packages/airflow/example_dags/tutorial.py
[2022-03-24 02:58:38,801] {processor.py:654} INFO - DAG(s) dict_keys(['tutorial']) retrieved from /home/airflow/.local/lib/python3.7/site-packages/airflow/example_dags/tutorial.py
[2022-03-24 02:58:38,847] {logging_mixin.py:109} INFO - [2022-03-24 02:58:38,847] {dag.py:2398} INFO - Sync 1 DAGs
[2022-03-24 02:58:38,882] {logging_mixin.py:109} INFO - [2022-03-24 02:58:38,882] {dag.py:2937} INFO - Setting next_dagrun for tutorial to 2022-03-23T02:58:38.882401+00:00
[2022-03-24 02:58:38,911] {processor.py:171} INFO - Processing /home/airflow/.local/lib/python3.7/site-packages/airflow/example_dags/tutorial.py took 0.289 seconds
[2022-03-24 02:59:09,243] {processor.py:163} INFO - Started process (PID=1112) to work on /home/airflow/.local/lib/python3.7/site-packages/airflow/example_dags/tutorial.py
[2022-03-24 02:59:09,247] {processor.py:642} INFO - Processing file /home/airflow/.local/lib/python3.7/site-packages/airflow/example_dags/tutorial.py for tasks to queue
[2022-03-24 02:59:09,253] {logging_mixin.py:109} INFO - [2022-03-24 02:59:09,252] {dagbag.py:500} INFO - Filling up the DagBag from /home/airflow/.local/lib/python3.7/site-packages/airflow/example_dags/tutorial.py
[2022-03-24 02:59:09,363] {processor.py:654} INFO - DAG(s) dict_keys(['tutorial']) retrieved from /home/airflow/.local/lib/python3.7/site-packages/airflow/example_dags/tutorial.py
[2022-03-24 02:59:09,396] {logging_mixin.py:109} INFO - [2022-03-24 02:59:09,396] {dag.py:2398} INFO - Sync 1 DAGs
[2022-03-24 02:59:09,480] {logging_mixin.py:109} INFO - [2022-03-24 02:59:09,480] {dag.py:2937} INFO - Setting next_dagrun for tutorial to 2022-03-23T02:59:09.479796+00:00
[2022-03-24 02:59:09,516] {processor.py:171} INFO - Processing /home/airflow/.local/lib/python3.7/site-packages/airflow/example_dags/tutorial.py took 0.291 seconds
[2022-03-24 02:59:40,054] {processor.py:163} INFO - Started process (PID=1165) to work on /home/airflow/.local/lib/python3.7/site-packages/airflow/example_dags/tutorial.py
[2022-03-24 02:59:40,067] {processor.py:642} INFO - Processing file /home/airflow/.local/lib/python3.7/site-packages/airflow/example_dags/tutorial.py for tasks to queue
[2022-03-24 02:59:40,070] {logging_mixin.py:109} INFO - [2022-03-24 02:59:40,070] {dagbag.py:500} INFO - Filling up the DagBag from /home/airflow/.local/lib/python3.7/site-packages/airflow/example_dags/tutorial.py
[2022-03-24 02:59:40,123] {processor.py:654} INFO - DAG(s) dict_keys(['tutorial']) retrieved from /home/airflow/.local/lib/python3.7/site-packages/airflow/example_dags/tutorial.py
[2022-03-24 02:59:40,142] {logging_mixin.py:109} INFO - [2022-03-24 02:59:40,141] {dag.py:2398} INFO - Sync 1 DAGs
[2022-03-24 02:59:40,165] {logging_mixin.py:109} INFO - [2022-03-24 02:59:40,165] {dag.py:2937} INFO - Setting next_dagrun for tutorial to 2022-03-23T02:59:40.165438+00:00
[2022-03-24 02:59:40,189] {processor.py:171} INFO - Processing /home/airflow/.local/lib/python3.7/site-packages/airflow/example_dags/tutorial.py took 0.151 seconds
[2022-03-24 03:00:11,456] {processor.py:163} INFO - Started process (PID=1215) to work on /home/airflow/.local/lib/python3.7/site-packages/airflow/example_dags/tutorial.py
[2022-03-24 03:00:11,472] {processor.py:642} INFO - Processing file /home/airflow/.local/lib/python3.7/site-packages/airflow/example_dags/tutorial.py for tasks to queue
[2022-03-24 03:00:11,498] {logging_mixin.py:109} INFO - [2022-03-24 03:00:11,498] {dagbag.py:500} INFO - Filling up the DagBag from /home/airflow/.local/lib/python3.7/site-packages/airflow/example_dags/tutorial.py
[2022-03-24 03:00:11,756] {processor.py:654} INFO - DAG(s) dict_keys(['tutorial']) retrieved from /home/airflow/.local/lib/python3.7/site-packages/airflow/example_dags/tutorial.py
[2022-03-24 03:00:11,828] {logging_mixin.py:109} INFO - [2022-03-24 03:00:11,827] {dag.py:2398} INFO - Sync 1 DAGs
[2022-03-24 03:00:11,912] {logging_mixin.py:109} INFO - [2022-03-24 03:00:11,911] {dag.py:2937} INFO - Setting next_dagrun for tutorial to 2022-03-23T03:00:11.911407+00:00
[2022-03-24 03:00:11,958] {processor.py:171} INFO - Processing /home/airflow/.local/lib/python3.7/site-packages/airflow/example_dags/tutorial.py took 0.524 seconds
[2022-03-24 03:00:42,358] {processor.py:163} INFO - Started process (PID=1264) to work on /home/airflow/.local/lib/python3.7/site-packages/airflow/example_dags/tutorial.py
[2022-03-24 03:00:42,420] {processor.py:642} INFO - Processing file /home/airflow/.local/lib/python3.7/site-packages/airflow/example_dags/tutorial.py for tasks to queue
[2022-03-24 03:00:42,425] {logging_mixin.py:109} INFO - [2022-03-24 03:00:42,425] {dagbag.py:500} INFO - Filling up the DagBag from /home/airflow/.local/lib/python3.7/site-packages/airflow/example_dags/tutorial.py
[2022-03-24 03:00:42,579] {processor.py:654} INFO - DAG(s) dict_keys(['tutorial']) retrieved from /home/airflow/.local/lib/python3.7/site-packages/airflow/example_dags/tutorial.py
[2022-03-24 03:00:42,639] {logging_mixin.py:109} INFO - [2022-03-24 03:00:42,639] {dag.py:2398} INFO - Sync 1 DAGs
[2022-03-24 03:00:42,699] {logging_mixin.py:109} INFO - [2022-03-24 03:00:42,699] {dag.py:2937} INFO - Setting next_dagrun for tutorial to 2022-03-23T03:00:42.698674+00:00
[2022-03-24 03:00:42,740] {processor.py:171} INFO - Processing /home/airflow/.local/lib/python3.7/site-packages/airflow/example_dags/tutorial.py took 0.386 seconds
[2022-03-24 03:01:13,121] {processor.py:163} INFO - Started process (PID=1314) to work on /home/airflow/.local/lib/python3.7/site-packages/airflow/example_dags/tutorial.py
[2022-03-24 03:01:13,128] {processor.py:642} INFO - Processing file /home/airflow/.local/lib/python3.7/site-packages/airflow/example_dags/tutorial.py for tasks to queue
[2022-03-24 03:01:13,132] {logging_mixin.py:109} INFO - [2022-03-24 03:01:13,132] {dagbag.py:500} INFO - Filling up the DagBag from /home/airflow/.local/lib/python3.7/site-packages/airflow/example_dags/tutorial.py
[2022-03-24 03:01:13,204] {processor.py:654} INFO - DAG(s) dict_keys(['tutorial']) retrieved from /home/airflow/.local/lib/python3.7/site-packages/airflow/example_dags/tutorial.py
[2022-03-24 03:01:13,227] {logging_mixin.py:109} INFO - [2022-03-24 03:01:13,226] {dag.py:2398} INFO - Sync 1 DAGs
[2022-03-24 03:01:13,255] {logging_mixin.py:109} INFO - [2022-03-24 03:01:13,255] {dag.py:2937} INFO - Setting next_dagrun for tutorial to 2022-03-23T03:01:13.254777+00:00
[2022-03-24 03:01:13,276] {processor.py:171} INFO - Processing /home/airflow/.local/lib/python3.7/site-packages/airflow/example_dags/tutorial.py took 0.169 seconds
[2022-03-24 03:01:44,773] {processor.py:163} INFO - Started process (PID=1355) to work on /home/airflow/.local/lib/python3.7/site-packages/airflow/example_dags/tutorial.py
[2022-03-24 03:01:44,780] {processor.py:642} INFO - Processing file /home/airflow/.local/lib/python3.7/site-packages/airflow/example_dags/tutorial.py for tasks to queue
[2022-03-24 03:01:44,790] {logging_mixin.py:109} INFO - [2022-03-24 03:01:44,788] {dagbag.py:500} INFO - Filling up the DagBag from /home/airflow/.local/lib/python3.7/site-packages/airflow/example_dags/tutorial.py
[2022-03-24 03:01:44,935] {processor.py:654} INFO - DAG(s) dict_keys(['tutorial']) retrieved from /home/airflow/.local/lib/python3.7/site-packages/airflow/example_dags/tutorial.py
[2022-03-24 03:01:44,979] {logging_mixin.py:109} INFO - [2022-03-24 03:01:44,979] {dag.py:2398} INFO - Sync 1 DAGs
[2022-03-24 03:01:45,040] {logging_mixin.py:109} INFO - [2022-03-24 03:01:45,040] {dag.py:2937} INFO - Setting next_dagrun for tutorial to 2022-03-23T03:01:45.040432+00:00
[2022-03-24 03:01:45,063] {processor.py:171} INFO - Processing /home/airflow/.local/lib/python3.7/site-packages/airflow/example_dags/tutorial.py took 0.327 seconds
[2022-03-24 03:02:15,551] {processor.py:163} INFO - Started process (PID=1417) to work on /home/airflow/.local/lib/python3.7/site-packages/airflow/example_dags/tutorial.py
[2022-03-24 03:02:15,558] {processor.py:642} INFO - Processing file /home/airflow/.local/lib/python3.7/site-packages/airflow/example_dags/tutorial.py for tasks to queue
[2022-03-24 03:02:15,561] {logging_mixin.py:109} INFO - [2022-03-24 03:02:15,560] {dagbag.py:500} INFO - Filling up the DagBag from /home/airflow/.local/lib/python3.7/site-packages/airflow/example_dags/tutorial.py
[2022-03-24 03:02:15,639] {processor.py:654} INFO - DAG(s) dict_keys(['tutorial']) retrieved from /home/airflow/.local/lib/python3.7/site-packages/airflow/example_dags/tutorial.py
[2022-03-24 03:02:15,675] {logging_mixin.py:109} INFO - [2022-03-24 03:02:15,675] {dag.py:2398} INFO - Sync 1 DAGs
[2022-03-24 03:02:15,722] {logging_mixin.py:109} INFO - [2022-03-24 03:02:15,722] {dag.py:2937} INFO - Setting next_dagrun for tutorial to 2022-03-23T03:02:15.722228+00:00
[2022-03-24 03:02:15,895] {processor.py:171} INFO - Processing /home/airflow/.local/lib/python3.7/site-packages/airflow/example_dags/tutorial.py took 0.353 seconds
[2022-03-24 03:02:46,718] {processor.py:163} INFO - Started process (PID=1470) to work on /home/airflow/.local/lib/python3.7/site-packages/airflow/example_dags/tutorial.py
[2022-03-24 03:02:46,723] {processor.py:642} INFO - Processing file /home/airflow/.local/lib/python3.7/site-packages/airflow/example_dags/tutorial.py for tasks to queue
[2022-03-24 03:02:46,730] {logging_mixin.py:109} INFO - [2022-03-24 03:02:46,730] {dagbag.py:500} INFO - Filling up the DagBag from /home/airflow/.local/lib/python3.7/site-packages/airflow/example_dags/tutorial.py
[2022-03-24 03:02:46,802] {processor.py:654} INFO - DAG(s) dict_keys(['tutorial']) retrieved from /home/airflow/.local/lib/python3.7/site-packages/airflow/example_dags/tutorial.py
[2022-03-24 03:02:46,826] {logging_mixin.py:109} INFO - [2022-03-24 03:02:46,826] {dag.py:2398} INFO - Sync 1 DAGs
[2022-03-24 03:02:46,856] {logging_mixin.py:109} INFO - [2022-03-24 03:02:46,855] {dag.py:2937} INFO - Setting next_dagrun for tutorial to 2022-03-23T03:02:46.855507+00:00
[2022-03-24 03:02:46,878] {processor.py:171} INFO - Processing /home/airflow/.local/lib/python3.7/site-packages/airflow/example_dags/tutorial.py took 0.164 seconds
[2022-03-24 03:03:17,321] {processor.py:163} INFO - Started process (PID=1521) to work on /home/airflow/.local/lib/python3.7/site-packages/airflow/example_dags/tutorial.py
[2022-03-24 03:03:17,325] {processor.py:642} INFO - Processing file /home/airflow/.local/lib/python3.7/site-packages/airflow/example_dags/tutorial.py for tasks to queue
[2022-03-24 03:03:17,326] {logging_mixin.py:109} INFO - [2022-03-24 03:03:17,326] {dagbag.py:500} INFO - Filling up the DagBag from /home/airflow/.local/lib/python3.7/site-packages/airflow/example_dags/tutorial.py
[2022-03-24 03:03:17,378] {processor.py:654} INFO - DAG(s) dict_keys(['tutorial']) retrieved from /home/airflow/.local/lib/python3.7/site-packages/airflow/example_dags/tutorial.py
[2022-03-24 03:03:17,404] {logging_mixin.py:109} INFO - [2022-03-24 03:03:17,404] {dag.py:2398} INFO - Sync 1 DAGs
[2022-03-24 03:03:17,429] {logging_mixin.py:109} INFO - [2022-03-24 03:03:17,429] {dag.py:2937} INFO - Setting next_dagrun for tutorial to 2022-03-23T03:03:17.428878+00:00
[2022-03-24 03:03:17,449] {processor.py:171} INFO - Processing /home/airflow/.local/lib/python3.7/site-packages/airflow/example_dags/tutorial.py took 0.167 seconds
[2022-03-24 03:03:48,676] {processor.py:163} INFO - Started process (PID=1583) to work on /home/airflow/.local/lib/python3.7/site-packages/airflow/example_dags/tutorial.py
[2022-03-24 03:03:48,693] {processor.py:642} INFO - Processing file /home/airflow/.local/lib/python3.7/site-packages/airflow/example_dags/tutorial.py for tasks to queue
[2022-03-24 03:03:48,699] {logging_mixin.py:109} INFO - [2022-03-24 03:03:48,699] {dagbag.py:500} INFO - Filling up the DagBag from /home/airflow/.local/lib/python3.7/site-packages/airflow/example_dags/tutorial.py
[2022-03-24 03:03:48,803] {processor.py:654} INFO - DAG(s) dict_keys(['tutorial']) retrieved from /home/airflow/.local/lib/python3.7/site-packages/airflow/example_dags/tutorial.py
[2022-03-24 03:03:48,845] {logging_mixin.py:109} INFO - [2022-03-24 03:03:48,844] {dag.py:2398} INFO - Sync 1 DAGs
[2022-03-24 03:03:48,887] {logging_mixin.py:109} INFO - [2022-03-24 03:03:48,887] {dag.py:2937} INFO - Setting next_dagrun for tutorial to 2022-03-23T03:03:48.886593+00:00
[2022-03-24 03:03:48,912] {processor.py:171} INFO - Processing /home/airflow/.local/lib/python3.7/site-packages/airflow/example_dags/tutorial.py took 0.258 seconds
[2022-03-24 03:04:19,089] {processor.py:163} INFO - Started process (PID=1634) to work on /home/airflow/.local/lib/python3.7/site-packages/airflow/example_dags/tutorial.py
[2022-03-24 03:04:19,096] {processor.py:642} INFO - Processing file /home/airflow/.local/lib/python3.7/site-packages/airflow/example_dags/tutorial.py for tasks to queue
[2022-03-24 03:04:19,098] {logging_mixin.py:109} INFO - [2022-03-24 03:04:19,098] {dagbag.py:500} INFO - Filling up the DagBag from /home/airflow/.local/lib/python3.7/site-packages/airflow/example_dags/tutorial.py
[2022-03-24 03:04:19,162] {processor.py:654} INFO - DAG(s) dict_keys(['tutorial']) retrieved from /home/airflow/.local/lib/python3.7/site-packages/airflow/example_dags/tutorial.py
[2022-03-24 03:04:19,185] {logging_mixin.py:109} INFO - [2022-03-24 03:04:19,185] {dag.py:2398} INFO - Sync 1 DAGs
[2022-03-24 03:04:19,209] {logging_mixin.py:109} INFO - [2022-03-24 03:04:19,209] {dag.py:2937} INFO - Setting next_dagrun for tutorial to 2022-03-23T03:04:19.208945+00:00
[2022-03-24 03:04:19,233] {processor.py:171} INFO - Processing /home/airflow/.local/lib/python3.7/site-packages/airflow/example_dags/tutorial.py took 0.148 seconds
[2022-03-24 03:04:49,426] {processor.py:163} INFO - Started process (PID=1681) to work on /home/airflow/.local/lib/python3.7/site-packages/airflow/example_dags/tutorial.py
[2022-03-24 03:04:49,428] {processor.py:642} INFO - Processing file /home/airflow/.local/lib/python3.7/site-packages/airflow/example_dags/tutorial.py for tasks to queue
[2022-03-24 03:04:49,430] {logging_mixin.py:109} INFO - [2022-03-24 03:04:49,430] {dagbag.py:500} INFO - Filling up the DagBag from /home/airflow/.local/lib/python3.7/site-packages/airflow/example_dags/tutorial.py
[2022-03-24 03:04:49,474] {processor.py:654} INFO - DAG(s) dict_keys(['tutorial']) retrieved from /home/airflow/.local/lib/python3.7/site-packages/airflow/example_dags/tutorial.py
[2022-03-24 03:04:49,489] {logging_mixin.py:109} INFO - [2022-03-24 03:04:49,489] {dag.py:2398} INFO - Sync 1 DAGs
[2022-03-24 03:04:49,529] {logging_mixin.py:109} INFO - [2022-03-24 03:04:49,529] {dag.py:2937} INFO - Setting next_dagrun for tutorial to 2022-03-23T03:04:49.528773+00:00
[2022-03-24 03:04:49,541] {processor.py:171} INFO - Processing /home/airflow/.local/lib/python3.7/site-packages/airflow/example_dags/tutorial.py took 0.119 seconds
[2022-03-24 03:05:20,470] {processor.py:163} INFO - Started process (PID=1735) to work on /home/airflow/.local/lib/python3.7/site-packages/airflow/example_dags/tutorial.py
[2022-03-24 03:05:20,473] {processor.py:642} INFO - Processing file /home/airflow/.local/lib/python3.7/site-packages/airflow/example_dags/tutorial.py for tasks to queue
[2022-03-24 03:05:20,475] {logging_mixin.py:109} INFO - [2022-03-24 03:05:20,475] {dagbag.py:500} INFO - Filling up the DagBag from /home/airflow/.local/lib/python3.7/site-packages/airflow/example_dags/tutorial.py
[2022-03-24 03:05:20,516] {processor.py:654} INFO - DAG(s) dict_keys(['tutorial']) retrieved from /home/airflow/.local/lib/python3.7/site-packages/airflow/example_dags/tutorial.py
[2022-03-24 03:05:20,528] {logging_mixin.py:109} INFO - [2022-03-24 03:05:20,527] {dag.py:2398} INFO - Sync 1 DAGs
[2022-03-24 03:05:20,546] {logging_mixin.py:109} INFO - [2022-03-24 03:05:20,545] {dag.py:2937} INFO - Setting next_dagrun for tutorial to 2022-03-23T03:05:20.545456+00:00
[2022-03-24 03:05:20,565] {processor.py:171} INFO - Processing /home/airflow/.local/lib/python3.7/site-packages/airflow/example_dags/tutorial.py took 0.099 seconds
[2022-03-24 03:05:50,831] {processor.py:163} INFO - Started process (PID=1787) to work on /home/airflow/.local/lib/python3.7/site-packages/airflow/example_dags/tutorial.py
[2022-03-24 03:05:50,945] {processor.py:642} INFO - Processing file /home/airflow/.local/lib/python3.7/site-packages/airflow/example_dags/tutorial.py for tasks to queue
[2022-03-24 03:05:50,948] {logging_mixin.py:109} INFO - [2022-03-24 03:05:50,948] {dagbag.py:500} INFO - Filling up the DagBag from /home/airflow/.local/lib/python3.7/site-packages/airflow/example_dags/tutorial.py
[2022-03-24 03:05:51,013] {processor.py:654} INFO - DAG(s) dict_keys(['tutorial']) retrieved from /home/airflow/.local/lib/python3.7/site-packages/airflow/example_dags/tutorial.py
[2022-03-24 03:05:51,130] {logging_mixin.py:109} INFO - [2022-03-24 03:05:51,129] {dag.py:2398} INFO - Sync 1 DAGs
[2022-03-24 03:05:51,152] {logging_mixin.py:109} INFO - [2022-03-24 03:05:51,152] {dag.py:2937} INFO - Setting next_dagrun for tutorial to 2022-03-23T03:05:51.151592+00:00
[2022-03-24 03:05:51,588] {processor.py:171} INFO - Processing /home/airflow/.local/lib/python3.7/site-packages/airflow/example_dags/tutorial.py took 0.761 seconds
[2022-03-24 03:06:22,217] {processor.py:163} INFO - Started process (PID=1837) to work on /home/airflow/.local/lib/python3.7/site-packages/airflow/example_dags/tutorial.py
[2022-03-24 03:06:22,223] {processor.py:642} INFO - Processing file /home/airflow/.local/lib/python3.7/site-packages/airflow/example_dags/tutorial.py for tasks to queue
[2022-03-24 03:06:22,225] {logging_mixin.py:109} INFO - [2022-03-24 03:06:22,224] {dagbag.py:500} INFO - Filling up the DagBag from /home/airflow/.local/lib/python3.7/site-packages/airflow/example_dags/tutorial.py
[2022-03-24 03:06:22,266] {processor.py:654} INFO - DAG(s) dict_keys(['tutorial']) retrieved from /home/airflow/.local/lib/python3.7/site-packages/airflow/example_dags/tutorial.py
[2022-03-24 03:06:22,278] {logging_mixin.py:109} INFO - [2022-03-24 03:06:22,278] {dag.py:2398} INFO - Sync 1 DAGs
[2022-03-24 03:06:22,296] {logging_mixin.py:109} INFO - [2022-03-24 03:06:22,296] {dag.py:2937} INFO - Setting next_dagrun for tutorial to 2022-03-23T03:06:22.296103+00:00
[2022-03-24 03:06:22,308] {processor.py:171} INFO - Processing /home/airflow/.local/lib/python3.7/site-packages/airflow/example_dags/tutorial.py took 0.095 seconds
[2022-03-24 03:06:52,393] {processor.py:163} INFO - Started process (PID=1886) to work on /home/airflow/.local/lib/python3.7/site-packages/airflow/example_dags/tutorial.py
[2022-03-24 03:06:52,420] {processor.py:642} INFO - Processing file /home/airflow/.local/lib/python3.7/site-packages/airflow/example_dags/tutorial.py for tasks to queue
[2022-03-24 03:06:52,421] {logging_mixin.py:109} INFO - [2022-03-24 03:06:52,421] {dagbag.py:500} INFO - Filling up the DagBag from /home/airflow/.local/lib/python3.7/site-packages/airflow/example_dags/tutorial.py
[2022-03-24 03:06:52,469] {processor.py:654} INFO - DAG(s) dict_keys(['tutorial']) retrieved from /home/airflow/.local/lib/python3.7/site-packages/airflow/example_dags/tutorial.py
[2022-03-24 03:06:52,483] {logging_mixin.py:109} INFO - [2022-03-24 03:06:52,483] {dag.py:2398} INFO - Sync 1 DAGs
[2022-03-24 03:06:52,500] {logging_mixin.py:109} INFO - [2022-03-24 03:06:52,500] {dag.py:2937} INFO - Setting next_dagrun for tutorial to 2022-03-23T03:06:52.500299+00:00
[2022-03-24 03:06:52,515] {processor.py:171} INFO - Processing /home/airflow/.local/lib/python3.7/site-packages/airflow/example_dags/tutorial.py took 0.127 seconds
[2022-03-24 03:07:23,234] {processor.py:163} INFO - Started process (PID=1937) to work on /home/airflow/.local/lib/python3.7/site-packages/airflow/example_dags/tutorial.py
[2022-03-24 03:07:23,243] {processor.py:642} INFO - Processing file /home/airflow/.local/lib/python3.7/site-packages/airflow/example_dags/tutorial.py for tasks to queue
[2022-03-24 03:07:23,248] {logging_mixin.py:109} INFO - [2022-03-24 03:07:23,248] {dagbag.py:500} INFO - Filling up the DagBag from /home/airflow/.local/lib/python3.7/site-packages/airflow/example_dags/tutorial.py
[2022-03-24 03:07:23,336] {processor.py:654} INFO - DAG(s) dict_keys(['tutorial']) retrieved from /home/airflow/.local/lib/python3.7/site-packages/airflow/example_dags/tutorial.py
[2022-03-24 03:07:23,360] {logging_mixin.py:109} INFO - [2022-03-24 03:07:23,360] {dag.py:2398} INFO - Sync 1 DAGs
[2022-03-24 03:07:23,401] {logging_mixin.py:109} INFO - [2022-03-24 03:07:23,401] {dag.py:2937} INFO - Setting next_dagrun for tutorial to 2022-03-23T03:07:23.401035+00:00
[2022-03-24 03:07:23,423] {processor.py:171} INFO - Processing /home/airflow/.local/lib/python3.7/site-packages/airflow/example_dags/tutorial.py took 0.193 seconds
[2022-03-24 03:07:53,773] {processor.py:163} INFO - Started process (PID=1989) to work on /home/airflow/.local/lib/python3.7/site-packages/airflow/example_dags/tutorial.py
[2022-03-24 03:07:53,779] {processor.py:642} INFO - Processing file /home/airflow/.local/lib/python3.7/site-packages/airflow/example_dags/tutorial.py for tasks to queue
[2022-03-24 03:07:53,782] {logging_mixin.py:109} INFO - [2022-03-24 03:07:53,781] {dagbag.py:500} INFO - Filling up the DagBag from /home/airflow/.local/lib/python3.7/site-packages/airflow/example_dags/tutorial.py
[2022-03-24 03:07:53,854] {processor.py:654} INFO - DAG(s) dict_keys(['tutorial']) retrieved from /home/airflow/.local/lib/python3.7/site-packages/airflow/example_dags/tutorial.py
[2022-03-24 03:07:53,872] {logging_mixin.py:109} INFO - [2022-03-24 03:07:53,872] {dag.py:2398} INFO - Sync 1 DAGs
[2022-03-24 03:07:53,907] {logging_mixin.py:109} INFO - [2022-03-24 03:07:53,907] {dag.py:2937} INFO - Setting next_dagrun for tutorial to 2022-03-23T03:07:53.907206+00:00
[2022-03-24 03:07:53,930] {processor.py:171} INFO - Processing /home/airflow/.local/lib/python3.7/site-packages/airflow/example_dags/tutorial.py took 0.161 seconds
[2022-03-24 03:08:23,996] {processor.py:163} INFO - Started process (PID=2049) to work on /home/airflow/.local/lib/python3.7/site-packages/airflow/example_dags/tutorial.py
[2022-03-24 03:08:24,002] {processor.py:642} INFO - Processing file /home/airflow/.local/lib/python3.7/site-packages/airflow/example_dags/tutorial.py for tasks to queue
[2022-03-24 03:08:24,005] {logging_mixin.py:109} INFO - [2022-03-24 03:08:24,005] {dagbag.py:500} INFO - Filling up the DagBag from /home/airflow/.local/lib/python3.7/site-packages/airflow/example_dags/tutorial.py
[2022-03-24 03:08:24,076] {processor.py:654} INFO - DAG(s) dict_keys(['tutorial']) retrieved from /home/airflow/.local/lib/python3.7/site-packages/airflow/example_dags/tutorial.py
[2022-03-24 03:08:24,097] {logging_mixin.py:109} INFO - [2022-03-24 03:08:24,097] {dag.py:2398} INFO - Sync 1 DAGs
[2022-03-24 03:08:24,131] {logging_mixin.py:109} INFO - [2022-03-24 03:08:24,131] {dag.py:2937} INFO - Setting next_dagrun for tutorial to 2022-03-23T03:08:24.130571+00:00
[2022-03-24 03:08:24,154] {processor.py:171} INFO - Processing /home/airflow/.local/lib/python3.7/site-packages/airflow/example_dags/tutorial.py took 0.162 seconds
[2022-03-24 03:08:54,738] {processor.py:163} INFO - Started process (PID=2104) to work on /home/airflow/.local/lib/python3.7/site-packages/airflow/example_dags/tutorial.py
[2022-03-24 03:08:54,747] {processor.py:642} INFO - Processing file /home/airflow/.local/lib/python3.7/site-packages/airflow/example_dags/tutorial.py for tasks to queue
[2022-03-24 03:08:54,749] {logging_mixin.py:109} INFO - [2022-03-24 03:08:54,749] {dagbag.py:500} INFO - Filling up the DagBag from /home/airflow/.local/lib/python3.7/site-packages/airflow/example_dags/tutorial.py
[2022-03-24 03:08:54,914] {processor.py:654} INFO - DAG(s) dict_keys(['tutorial']) retrieved from /home/airflow/.local/lib/python3.7/site-packages/airflow/example_dags/tutorial.py
[2022-03-24 03:08:54,946] {logging_mixin.py:109} INFO - [2022-03-24 03:08:54,946] {dag.py:2398} INFO - Sync 1 DAGs
[2022-03-24 03:08:54,991] {logging_mixin.py:109} INFO - [2022-03-24 03:08:54,990] {dag.py:2937} INFO - Setting next_dagrun for tutorial to 2022-03-23T03:08:54.990416+00:00
[2022-03-24 03:08:55,022] {processor.py:171} INFO - Processing /home/airflow/.local/lib/python3.7/site-packages/airflow/example_dags/tutorial.py took 0.313 seconds
[2022-03-24 03:09:25,384] {processor.py:163} INFO - Started process (PID=2155) to work on /home/airflow/.local/lib/python3.7/site-packages/airflow/example_dags/tutorial.py
[2022-03-24 03:09:25,389] {processor.py:642} INFO - Processing file /home/airflow/.local/lib/python3.7/site-packages/airflow/example_dags/tutorial.py for tasks to queue
[2022-03-24 03:09:25,391] {logging_mixin.py:109} INFO - [2022-03-24 03:09:25,391] {dagbag.py:500} INFO - Filling up the DagBag from /home/airflow/.local/lib/python3.7/site-packages/airflow/example_dags/tutorial.py
[2022-03-24 03:09:25,446] {processor.py:654} INFO - DAG(s) dict_keys(['tutorial']) retrieved from /home/airflow/.local/lib/python3.7/site-packages/airflow/example_dags/tutorial.py
[2022-03-24 03:09:25,463] {logging_mixin.py:109} INFO - [2022-03-24 03:09:25,463] {dag.py:2398} INFO - Sync 1 DAGs
[2022-03-24 03:09:25,486] {logging_mixin.py:109} INFO - [2022-03-24 03:09:25,486] {dag.py:2937} INFO - Setting next_dagrun for tutorial to 2022-03-23T03:09:25.485673+00:00
[2022-03-24 03:09:25,513] {processor.py:171} INFO - Processing /home/airflow/.local/lib/python3.7/site-packages/airflow/example_dags/tutorial.py took 0.137 seconds
[2022-03-24 03:09:56,503] {processor.py:163} INFO - Started process (PID=2206) to work on /home/airflow/.local/lib/python3.7/site-packages/airflow/example_dags/tutorial.py
[2022-03-24 03:09:56,506] {processor.py:642} INFO - Processing file /home/airflow/.local/lib/python3.7/site-packages/airflow/example_dags/tutorial.py for tasks to queue
[2022-03-24 03:09:56,511] {logging_mixin.py:109} INFO - [2022-03-24 03:09:56,511] {dagbag.py:500} INFO - Filling up the DagBag from /home/airflow/.local/lib/python3.7/site-packages/airflow/example_dags/tutorial.py
[2022-03-24 03:09:56,682] {processor.py:654} INFO - DAG(s) dict_keys(['tutorial']) retrieved from /home/airflow/.local/lib/python3.7/site-packages/airflow/example_dags/tutorial.py
[2022-03-24 03:09:56,744] {logging_mixin.py:109} INFO - [2022-03-24 03:09:56,744] {dag.py:2398} INFO - Sync 1 DAGs
[2022-03-24 03:09:56,822] {logging_mixin.py:109} INFO - [2022-03-24 03:09:56,820] {dag.py:2937} INFO - Setting next_dagrun for tutorial to 2022-03-23T03:09:56.816141+00:00
[2022-03-24 03:09:56,864] {processor.py:171} INFO - Processing /home/airflow/.local/lib/python3.7/site-packages/airflow/example_dags/tutorial.py took 0.380 seconds
[2022-03-24 03:10:27,231] {processor.py:163} INFO - Started process (PID=2258) to work on /home/airflow/.local/lib/python3.7/site-packages/airflow/example_dags/tutorial.py
[2022-03-24 03:10:27,306] {processor.py:642} INFO - Processing file /home/airflow/.local/lib/python3.7/site-packages/airflow/example_dags/tutorial.py for tasks to queue
[2022-03-24 03:10:27,487] {logging_mixin.py:109} INFO - [2022-03-24 03:10:27,486] {dagbag.py:500} INFO - Filling up the DagBag from /home/airflow/.local/lib/python3.7/site-packages/airflow/example_dags/tutorial.py
[2022-03-24 03:10:27,646] {processor.py:654} INFO - DAG(s) dict_keys(['tutorial']) retrieved from /home/airflow/.local/lib/python3.7/site-packages/airflow/example_dags/tutorial.py
[2022-03-24 03:10:28,189] {logging_mixin.py:109} INFO - [2022-03-24 03:10:28,189] {dag.py:2398} INFO - Sync 1 DAGs
[2022-03-24 03:10:28,423] {logging_mixin.py:109} INFO - [2022-03-24 03:10:28,423] {dag.py:2937} INFO - Setting next_dagrun for tutorial to 2022-03-23T03:10:28.423431+00:00
[2022-03-24 03:10:28,530] {processor.py:171} INFO - Processing /home/airflow/.local/lib/python3.7/site-packages/airflow/example_dags/tutorial.py took 1.316 seconds
[2022-03-24 03:10:59,382] {processor.py:163} INFO - Started process (PID=2308) to work on /home/airflow/.local/lib/python3.7/site-packages/airflow/example_dags/tutorial.py
[2022-03-24 03:10:59,404] {processor.py:642} INFO - Processing file /home/airflow/.local/lib/python3.7/site-packages/airflow/example_dags/tutorial.py for tasks to queue
[2022-03-24 03:10:59,406] {logging_mixin.py:109} INFO - [2022-03-24 03:10:59,406] {dagbag.py:500} INFO - Filling up the DagBag from /home/airflow/.local/lib/python3.7/site-packages/airflow/example_dags/tutorial.py
[2022-03-24 03:10:59,538] {processor.py:654} INFO - DAG(s) dict_keys(['tutorial']) retrieved from /home/airflow/.local/lib/python3.7/site-packages/airflow/example_dags/tutorial.py
[2022-03-24 03:10:59,571] {logging_mixin.py:109} INFO - [2022-03-24 03:10:59,571] {dag.py:2398} INFO - Sync 1 DAGs
[2022-03-24 03:10:59,604] {logging_mixin.py:109} INFO - [2022-03-24 03:10:59,604] {dag.py:2937} INFO - Setting next_dagrun for tutorial to 2022-03-23T03:10:59.604484+00:00
[2022-03-24 03:10:59,633] {processor.py:171} INFO - Processing /home/airflow/.local/lib/python3.7/site-packages/airflow/example_dags/tutorial.py took 0.262 seconds
[2022-03-24 03:11:30,043] {processor.py:163} INFO - Started process (PID=2359) to work on /home/airflow/.local/lib/python3.7/site-packages/airflow/example_dags/tutorial.py
[2022-03-24 03:11:30,060] {processor.py:642} INFO - Processing file /home/airflow/.local/lib/python3.7/site-packages/airflow/example_dags/tutorial.py for tasks to queue
[2022-03-24 03:11:30,063] {logging_mixin.py:109} INFO - [2022-03-24 03:11:30,063] {dagbag.py:500} INFO - Filling up the DagBag from /home/airflow/.local/lib/python3.7/site-packages/airflow/example_dags/tutorial.py
[2022-03-24 03:11:30,111] {processor.py:654} INFO - DAG(s) dict_keys(['tutorial']) retrieved from /home/airflow/.local/lib/python3.7/site-packages/airflow/example_dags/tutorial.py
[2022-03-24 03:11:30,125] {logging_mixin.py:109} INFO - [2022-03-24 03:11:30,124] {dag.py:2398} INFO - Sync 1 DAGs
[2022-03-24 03:11:30,142] {logging_mixin.py:109} INFO - [2022-03-24 03:11:30,142] {dag.py:2937} INFO - Setting next_dagrun for tutorial to 2022-03-23T03:11:30.141810+00:00
[2022-03-24 03:11:30,156] {processor.py:171} INFO - Processing /home/airflow/.local/lib/python3.7/site-packages/airflow/example_dags/tutorial.py took 0.124 seconds
[2022-03-24 03:12:00,231] {processor.py:163} INFO - Started process (PID=2408) to work on /home/airflow/.local/lib/python3.7/site-packages/airflow/example_dags/tutorial.py
[2022-03-24 03:12:00,234] {processor.py:642} INFO - Processing file /home/airflow/.local/lib/python3.7/site-packages/airflow/example_dags/tutorial.py for tasks to queue
[2022-03-24 03:12:00,235] {logging_mixin.py:109} INFO - [2022-03-24 03:12:00,235] {dagbag.py:500} INFO - Filling up the DagBag from /home/airflow/.local/lib/python3.7/site-packages/airflow/example_dags/tutorial.py
[2022-03-24 03:12:00,279] {processor.py:654} INFO - DAG(s) dict_keys(['tutorial']) retrieved from /home/airflow/.local/lib/python3.7/site-packages/airflow/example_dags/tutorial.py
[2022-03-24 03:12:00,292] {logging_mixin.py:109} INFO - [2022-03-24 03:12:00,292] {dag.py:2398} INFO - Sync 1 DAGs
[2022-03-24 03:12:00,313] {logging_mixin.py:109} INFO - [2022-03-24 03:12:00,313] {dag.py:2937} INFO - Setting next_dagrun for tutorial to 2022-03-23T03:12:00.312756+00:00
[2022-03-24 03:12:00,329] {processor.py:171} INFO - Processing /home/airflow/.local/lib/python3.7/site-packages/airflow/example_dags/tutorial.py took 0.102 seconds
[2022-03-24 03:12:30,511] {processor.py:163} INFO - Started process (PID=2459) to work on /home/airflow/.local/lib/python3.7/site-packages/airflow/example_dags/tutorial.py
[2022-03-24 03:12:30,545] {processor.py:642} INFO - Processing file /home/airflow/.local/lib/python3.7/site-packages/airflow/example_dags/tutorial.py for tasks to queue
[2022-03-24 03:12:30,727] {logging_mixin.py:109} INFO - [2022-03-24 03:12:30,727] {dagbag.py:500} INFO - Filling up the DagBag from /home/airflow/.local/lib/python3.7/site-packages/airflow/example_dags/tutorial.py
[2022-03-24 03:12:30,880] {processor.py:654} INFO - DAG(s) dict_keys(['tutorial']) retrieved from /home/airflow/.local/lib/python3.7/site-packages/airflow/example_dags/tutorial.py
[2022-03-24 03:12:30,944] {logging_mixin.py:109} INFO - [2022-03-24 03:12:30,944] {dag.py:2398} INFO - Sync 1 DAGs
[2022-03-24 03:12:31,005] {logging_mixin.py:109} INFO - [2022-03-24 03:12:31,005] {dag.py:2937} INFO - Setting next_dagrun for tutorial to 2022-03-23T03:12:31.004739+00:00
[2022-03-24 03:12:31,026] {processor.py:171} INFO - Processing /home/airflow/.local/lib/python3.7/site-packages/airflow/example_dags/tutorial.py took 0.523 seconds
[2022-03-24 03:13:01,214] {processor.py:163} INFO - Started process (PID=2512) to work on /home/airflow/.local/lib/python3.7/site-packages/airflow/example_dags/tutorial.py
[2022-03-24 03:13:01,217] {processor.py:642} INFO - Processing file /home/airflow/.local/lib/python3.7/site-packages/airflow/example_dags/tutorial.py for tasks to queue
[2022-03-24 03:13:01,220] {logging_mixin.py:109} INFO - [2022-03-24 03:13:01,220] {dagbag.py:500} INFO - Filling up the DagBag from /home/airflow/.local/lib/python3.7/site-packages/airflow/example_dags/tutorial.py
[2022-03-24 03:13:01,289] {processor.py:654} INFO - DAG(s) dict_keys(['tutorial']) retrieved from /home/airflow/.local/lib/python3.7/site-packages/airflow/example_dags/tutorial.py
[2022-03-24 03:13:01,310] {logging_mixin.py:109} INFO - [2022-03-24 03:13:01,310] {dag.py:2398} INFO - Sync 1 DAGs
[2022-03-24 03:13:01,329] {logging_mixin.py:109} INFO - [2022-03-24 03:13:01,329] {dag.py:2937} INFO - Setting next_dagrun for tutorial to 2022-03-23T03:13:01.328691+00:00
[2022-03-24 03:13:01,343] {processor.py:171} INFO - Processing /home/airflow/.local/lib/python3.7/site-packages/airflow/example_dags/tutorial.py took 0.138 seconds
[2022-03-24 03:13:31,824] {processor.py:163} INFO - Started process (PID=2563) to work on /home/airflow/.local/lib/python3.7/site-packages/airflow/example_dags/tutorial.py
[2022-03-24 03:13:31,827] {processor.py:642} INFO - Processing file /home/airflow/.local/lib/python3.7/site-packages/airflow/example_dags/tutorial.py for tasks to queue
[2022-03-24 03:13:31,833] {logging_mixin.py:109} INFO - [2022-03-24 03:13:31,833] {dagbag.py:500} INFO - Filling up the DagBag from /home/airflow/.local/lib/python3.7/site-packages/airflow/example_dags/tutorial.py
[2022-03-24 03:13:31,895] {processor.py:654} INFO - DAG(s) dict_keys(['tutorial']) retrieved from /home/airflow/.local/lib/python3.7/site-packages/airflow/example_dags/tutorial.py
[2022-03-24 03:13:31,914] {logging_mixin.py:109} INFO - [2022-03-24 03:13:31,914] {dag.py:2398} INFO - Sync 1 DAGs
[2022-03-24 03:13:31,945] {logging_mixin.py:109} INFO - [2022-03-24 03:13:31,944] {dag.py:2937} INFO - Setting next_dagrun for tutorial to 2022-03-23T03:13:31.943780+00:00
[2022-03-24 03:13:31,967] {processor.py:171} INFO - Processing /home/airflow/.local/lib/python3.7/site-packages/airflow/example_dags/tutorial.py took 0.151 seconds
[2022-03-24 03:14:02,247] {processor.py:163} INFO - Started process (PID=2617) to work on /home/airflow/.local/lib/python3.7/site-packages/airflow/example_dags/tutorial.py
[2022-03-24 03:14:02,252] {processor.py:642} INFO - Processing file /home/airflow/.local/lib/python3.7/site-packages/airflow/example_dags/tutorial.py for tasks to queue
[2022-03-24 03:14:02,257] {logging_mixin.py:109} INFO - [2022-03-24 03:14:02,256] {dagbag.py:500} INFO - Filling up the DagBag from /home/airflow/.local/lib/python3.7/site-packages/airflow/example_dags/tutorial.py
[2022-03-24 03:14:02,408] {processor.py:654} INFO - DAG(s) dict_keys(['tutorial']) retrieved from /home/airflow/.local/lib/python3.7/site-packages/airflow/example_dags/tutorial.py
[2022-03-24 03:14:02,442] {logging_mixin.py:109} INFO - [2022-03-24 03:14:02,442] {dag.py:2398} INFO - Sync 1 DAGs
[2022-03-24 03:14:02,490] {logging_mixin.py:109} INFO - [2022-03-24 03:14:02,490] {dag.py:2937} INFO - Setting next_dagrun for tutorial to 2022-03-23T03:14:02.489698+00:00
[2022-03-24 03:14:02,528] {processor.py:171} INFO - Processing /home/airflow/.local/lib/python3.7/site-packages/airflow/example_dags/tutorial.py took 0.307 seconds
[2022-03-24 03:14:33,023] {processor.py:163} INFO - Started process (PID=2668) to work on /home/airflow/.local/lib/python3.7/site-packages/airflow/example_dags/tutorial.py
[2022-03-24 03:14:33,028] {processor.py:642} INFO - Processing file /home/airflow/.local/lib/python3.7/site-packages/airflow/example_dags/tutorial.py for tasks to queue
[2022-03-24 03:14:33,031] {logging_mixin.py:109} INFO - [2022-03-24 03:14:33,030] {dagbag.py:500} INFO - Filling up the DagBag from /home/airflow/.local/lib/python3.7/site-packages/airflow/example_dags/tutorial.py
[2022-03-24 03:14:33,101] {processor.py:654} INFO - DAG(s) dict_keys(['tutorial']) retrieved from /home/airflow/.local/lib/python3.7/site-packages/airflow/example_dags/tutorial.py
[2022-03-24 03:14:33,126] {logging_mixin.py:109} INFO - [2022-03-24 03:14:33,126] {dag.py:2398} INFO - Sync 1 DAGs
[2022-03-24 03:14:33,144] {logging_mixin.py:109} INFO - [2022-03-24 03:14:33,144] {dag.py:2937} INFO - Setting next_dagrun for tutorial to 2022-03-23T03:14:33.143946+00:00
[2022-03-24 03:14:33,162] {processor.py:171} INFO - Processing /home/airflow/.local/lib/python3.7/site-packages/airflow/example_dags/tutorial.py took 0.149 seconds
[2022-03-24 03:15:03,577] {processor.py:163} INFO - Started process (PID=2721) to work on /home/airflow/.local/lib/python3.7/site-packages/airflow/example_dags/tutorial.py
[2022-03-24 03:15:03,580] {processor.py:642} INFO - Processing file /home/airflow/.local/lib/python3.7/site-packages/airflow/example_dags/tutorial.py for tasks to queue
[2022-03-24 03:15:03,581] {logging_mixin.py:109} INFO - [2022-03-24 03:15:03,581] {dagbag.py:500} INFO - Filling up the DagBag from /home/airflow/.local/lib/python3.7/site-packages/airflow/example_dags/tutorial.py
[2022-03-24 03:15:03,632] {processor.py:654} INFO - DAG(s) dict_keys(['tutorial']) retrieved from /home/airflow/.local/lib/python3.7/site-packages/airflow/example_dags/tutorial.py
[2022-03-24 03:15:03,654] {logging_mixin.py:109} INFO - [2022-03-24 03:15:03,653] {dag.py:2398} INFO - Sync 1 DAGs
[2022-03-24 03:15:03,684] {logging_mixin.py:109} INFO - [2022-03-24 03:15:03,684] {dag.py:2937} INFO - Setting next_dagrun for tutorial to 2022-03-23T03:15:03.684147+00:00
[2022-03-24 03:15:03,697] {processor.py:171} INFO - Processing /home/airflow/.local/lib/python3.7/site-packages/airflow/example_dags/tutorial.py took 0.125 seconds
[2022-03-24 03:15:33,752] {processor.py:163} INFO - Started process (PID=2774) to work on /home/airflow/.local/lib/python3.7/site-packages/airflow/example_dags/tutorial.py
[2022-03-24 03:15:33,755] {processor.py:642} INFO - Processing file /home/airflow/.local/lib/python3.7/site-packages/airflow/example_dags/tutorial.py for tasks to queue
[2022-03-24 03:15:33,758] {logging_mixin.py:109} INFO - [2022-03-24 03:15:33,758] {dagbag.py:500} INFO - Filling up the DagBag from /home/airflow/.local/lib/python3.7/site-packages/airflow/example_dags/tutorial.py
[2022-03-24 03:15:33,872] {processor.py:654} INFO - DAG(s) dict_keys(['tutorial']) retrieved from /home/airflow/.local/lib/python3.7/site-packages/airflow/example_dags/tutorial.py
[2022-03-24 03:15:33,901] {logging_mixin.py:109} INFO - [2022-03-24 03:15:33,901] {dag.py:2398} INFO - Sync 1 DAGs
[2022-03-24 03:15:33,919] {logging_mixin.py:109} INFO - [2022-03-24 03:15:33,918] {dag.py:2937} INFO - Setting next_dagrun for tutorial to 2022-03-23T03:15:33.918508+00:00
[2022-03-24 03:15:33,937] {processor.py:171} INFO - Processing /home/airflow/.local/lib/python3.7/site-packages/airflow/example_dags/tutorial.py took 0.196 seconds
[2022-03-24 03:16:04,309] {processor.py:163} INFO - Started process (PID=2822) to work on /home/airflow/.local/lib/python3.7/site-packages/airflow/example_dags/tutorial.py
[2022-03-24 03:16:04,396] {processor.py:642} INFO - Processing file /home/airflow/.local/lib/python3.7/site-packages/airflow/example_dags/tutorial.py for tasks to queue
[2022-03-24 03:16:04,398] {logging_mixin.py:109} INFO - [2022-03-24 03:16:04,398] {dagbag.py:500} INFO - Filling up the DagBag from /home/airflow/.local/lib/python3.7/site-packages/airflow/example_dags/tutorial.py
[2022-03-24 03:16:04,445] {processor.py:654} INFO - DAG(s) dict_keys(['tutorial']) retrieved from /home/airflow/.local/lib/python3.7/site-packages/airflow/example_dags/tutorial.py
[2022-03-24 03:16:04,511] {logging_mixin.py:109} INFO - [2022-03-24 03:16:04,511] {dag.py:2398} INFO - Sync 1 DAGs
[2022-03-24 03:16:04,708] {logging_mixin.py:109} INFO - [2022-03-24 03:16:04,708] {dag.py:2937} INFO - Setting next_dagrun for tutorial to 2022-03-23T03:16:04.707068+00:00
[2022-03-24 03:16:04,910] {processor.py:171} INFO - Processing /home/airflow/.local/lib/python3.7/site-packages/airflow/example_dags/tutorial.py took 0.604 seconds
[2022-03-24 03:16:35,546] {processor.py:163} INFO - Started process (PID=2873) to work on /home/airflow/.local/lib/python3.7/site-packages/airflow/example_dags/tutorial.py
[2022-03-24 03:16:35,548] {processor.py:642} INFO - Processing file /home/airflow/.local/lib/python3.7/site-packages/airflow/example_dags/tutorial.py for tasks to queue
[2022-03-24 03:16:35,550] {logging_mixin.py:109} INFO - [2022-03-24 03:16:35,550] {dagbag.py:500} INFO - Filling up the DagBag from /home/airflow/.local/lib/python3.7/site-packages/airflow/example_dags/tutorial.py
[2022-03-24 03:16:35,589] {processor.py:654} INFO - DAG(s) dict_keys(['tutorial']) retrieved from /home/airflow/.local/lib/python3.7/site-packages/airflow/example_dags/tutorial.py
[2022-03-24 03:16:35,603] {logging_mixin.py:109} INFO - [2022-03-24 03:16:35,603] {dag.py:2398} INFO - Sync 1 DAGs
[2022-03-24 03:16:35,619] {logging_mixin.py:109} INFO - [2022-03-24 03:16:35,618] {dag.py:2937} INFO - Setting next_dagrun for tutorial to 2022-03-23T03:16:35.618555+00:00
[2022-03-24 03:16:35,641] {processor.py:171} INFO - Processing /home/airflow/.local/lib/python3.7/site-packages/airflow/example_dags/tutorial.py took 0.104 seconds
[2022-03-24 03:17:05,787] {processor.py:163} INFO - Started process (PID=2925) to work on /home/airflow/.local/lib/python3.7/site-packages/airflow/example_dags/tutorial.py
[2022-03-24 03:17:05,789] {processor.py:642} INFO - Processing file /home/airflow/.local/lib/python3.7/site-packages/airflow/example_dags/tutorial.py for tasks to queue
[2022-03-24 03:17:05,790] {logging_mixin.py:109} INFO - [2022-03-24 03:17:05,790] {dagbag.py:500} INFO - Filling up the DagBag from /home/airflow/.local/lib/python3.7/site-packages/airflow/example_dags/tutorial.py
[2022-03-24 03:17:05,871] {processor.py:654} INFO - DAG(s) dict_keys(['tutorial']) retrieved from /home/airflow/.local/lib/python3.7/site-packages/airflow/example_dags/tutorial.py
[2022-03-24 03:17:05,894] {logging_mixin.py:109} INFO - [2022-03-24 03:17:05,893] {dag.py:2398} INFO - Sync 1 DAGs
[2022-03-24 03:17:05,952] {logging_mixin.py:109} INFO - [2022-03-24 03:17:05,952] {dag.py:2937} INFO - Setting next_dagrun for tutorial to 2022-03-23T03:17:05.951810+00:00
[2022-03-24 03:17:05,979] {processor.py:171} INFO - Processing /home/airflow/.local/lib/python3.7/site-packages/airflow/example_dags/tutorial.py took 0.198 seconds
[2022-03-24 03:17:36,527] {processor.py:163} INFO - Started process (PID=2986) to work on /home/airflow/.local/lib/python3.7/site-packages/airflow/example_dags/tutorial.py
[2022-03-24 03:17:36,534] {processor.py:642} INFO - Processing file /home/airflow/.local/lib/python3.7/site-packages/airflow/example_dags/tutorial.py for tasks to queue
[2022-03-24 03:17:36,536] {logging_mixin.py:109} INFO - [2022-03-24 03:17:36,535] {dagbag.py:500} INFO - Filling up the DagBag from /home/airflow/.local/lib/python3.7/site-packages/airflow/example_dags/tutorial.py
[2022-03-24 03:17:36,739] {processor.py:654} INFO - DAG(s) dict_keys(['tutorial']) retrieved from /home/airflow/.local/lib/python3.7/site-packages/airflow/example_dags/tutorial.py
[2022-03-24 03:17:36,792] {logging_mixin.py:109} INFO - [2022-03-24 03:17:36,792] {dag.py:2398} INFO - Sync 1 DAGs
[2022-03-24 03:17:36,822] {logging_mixin.py:109} INFO - [2022-03-24 03:17:36,821] {dag.py:2937} INFO - Setting next_dagrun for tutorial to 2022-03-23T03:17:36.821163+00:00
[2022-03-24 03:17:36,849] {processor.py:171} INFO - Processing /home/airflow/.local/lib/python3.7/site-packages/airflow/example_dags/tutorial.py took 0.355 seconds
[2022-03-24 03:18:07,176] {processor.py:163} INFO - Started process (PID=3038) to work on /home/airflow/.local/lib/python3.7/site-packages/airflow/example_dags/tutorial.py
[2022-03-24 03:18:07,181] {processor.py:642} INFO - Processing file /home/airflow/.local/lib/python3.7/site-packages/airflow/example_dags/tutorial.py for tasks to queue
[2022-03-24 03:18:07,184] {logging_mixin.py:109} INFO - [2022-03-24 03:18:07,184] {dagbag.py:500} INFO - Filling up the DagBag from /home/airflow/.local/lib/python3.7/site-packages/airflow/example_dags/tutorial.py
[2022-03-24 03:18:07,283] {processor.py:654} INFO - DAG(s) dict_keys(['tutorial']) retrieved from /home/airflow/.local/lib/python3.7/site-packages/airflow/example_dags/tutorial.py
[2022-03-24 03:18:07,318] {logging_mixin.py:109} INFO - [2022-03-24 03:18:07,318] {dag.py:2398} INFO - Sync 1 DAGs
[2022-03-24 03:18:07,378] {logging_mixin.py:109} INFO - [2022-03-24 03:18:07,378] {dag.py:2937} INFO - Setting next_dagrun for tutorial to 2022-03-23T03:18:07.378294+00:00
[2022-03-24 03:18:07,425] {processor.py:171} INFO - Processing /home/airflow/.local/lib/python3.7/site-packages/airflow/example_dags/tutorial.py took 0.269 seconds
[2022-03-24 03:18:38,094] {processor.py:163} INFO - Started process (PID=3089) to work on /home/airflow/.local/lib/python3.7/site-packages/airflow/example_dags/tutorial.py
[2022-03-24 03:18:38,100] {processor.py:642} INFO - Processing file /home/airflow/.local/lib/python3.7/site-packages/airflow/example_dags/tutorial.py for tasks to queue
[2022-03-24 03:18:38,105] {logging_mixin.py:109} INFO - [2022-03-24 03:18:38,105] {dagbag.py:500} INFO - Filling up the DagBag from /home/airflow/.local/lib/python3.7/site-packages/airflow/example_dags/tutorial.py
[2022-03-24 03:18:38,234] {processor.py:654} INFO - DAG(s) dict_keys(['tutorial']) retrieved from /home/airflow/.local/lib/python3.7/site-packages/airflow/example_dags/tutorial.py
[2022-03-24 03:18:38,256] {logging_mixin.py:109} INFO - [2022-03-24 03:18:38,256] {dag.py:2398} INFO - Sync 1 DAGs
[2022-03-24 03:18:38,305] {logging_mixin.py:109} INFO - [2022-03-24 03:18:38,305] {dag.py:2937} INFO - Setting next_dagrun for tutorial to 2022-03-23T03:18:38.305429+00:00
[2022-03-24 03:18:38,337] {processor.py:171} INFO - Processing /home/airflow/.local/lib/python3.7/site-packages/airflow/example_dags/tutorial.py took 0.257 seconds
[2022-03-24 03:19:08,961] {processor.py:163} INFO - Started process (PID=3144) to work on /home/airflow/.local/lib/python3.7/site-packages/airflow/example_dags/tutorial.py
[2022-03-24 03:19:09,376] {processor.py:642} INFO - Processing file /home/airflow/.local/lib/python3.7/site-packages/airflow/example_dags/tutorial.py for tasks to queue
[2022-03-24 03:19:09,572] {logging_mixin.py:109} INFO - [2022-03-24 03:19:09,572] {dagbag.py:500} INFO - Filling up the DagBag from /home/airflow/.local/lib/python3.7/site-packages/airflow/example_dags/tutorial.py
[2022-03-24 03:19:09,796] {processor.py:654} INFO - DAG(s) dict_keys(['tutorial']) retrieved from /home/airflow/.local/lib/python3.7/site-packages/airflow/example_dags/tutorial.py
[2022-03-24 03:19:09,939] {logging_mixin.py:109} INFO - [2022-03-24 03:19:09,939] {dag.py:2398} INFO - Sync 1 DAGs
[2022-03-24 03:19:09,998] {logging_mixin.py:109} INFO - [2022-03-24 03:19:09,998] {dag.py:2937} INFO - Setting next_dagrun for tutorial to 2022-03-23T03:19:09.997647+00:00
[2022-03-24 03:19:10,038] {processor.py:171} INFO - Processing /home/airflow/.local/lib/python3.7/site-packages/airflow/example_dags/tutorial.py took 1.085 seconds
[2022-03-24 03:19:40,297] {processor.py:163} INFO - Started process (PID=3196) to work on /home/airflow/.local/lib/python3.7/site-packages/airflow/example_dags/tutorial.py
[2022-03-24 03:19:40,301] {processor.py:642} INFO - Processing file /home/airflow/.local/lib/python3.7/site-packages/airflow/example_dags/tutorial.py for tasks to queue
[2022-03-24 03:19:40,304] {logging_mixin.py:109} INFO - [2022-03-24 03:19:40,303] {dagbag.py:500} INFO - Filling up the DagBag from /home/airflow/.local/lib/python3.7/site-packages/airflow/example_dags/tutorial.py
[2022-03-24 03:19:40,351] {processor.py:654} INFO - DAG(s) dict_keys(['tutorial']) retrieved from /home/airflow/.local/lib/python3.7/site-packages/airflow/example_dags/tutorial.py
[2022-03-24 03:19:40,362] {logging_mixin.py:109} INFO - [2022-03-24 03:19:40,362] {dag.py:2398} INFO - Sync 1 DAGs
[2022-03-24 03:19:40,379] {logging_mixin.py:109} INFO - [2022-03-24 03:19:40,379] {dag.py:2937} INFO - Setting next_dagrun for tutorial to 2022-03-23T03:19:40.379337+00:00
[2022-03-24 03:19:40,395] {processor.py:171} INFO - Processing /home/airflow/.local/lib/python3.7/site-packages/airflow/example_dags/tutorial.py took 0.107 seconds
[2022-03-24 03:20:10,453] {processor.py:163} INFO - Started process (PID=3252) to work on /home/airflow/.local/lib/python3.7/site-packages/airflow/example_dags/tutorial.py
[2022-03-24 03:20:10,456] {processor.py:642} INFO - Processing file /home/airflow/.local/lib/python3.7/site-packages/airflow/example_dags/tutorial.py for tasks to queue
[2022-03-24 03:20:10,459] {logging_mixin.py:109} INFO - [2022-03-24 03:20:10,458] {dagbag.py:500} INFO - Filling up the DagBag from /home/airflow/.local/lib/python3.7/site-packages/airflow/example_dags/tutorial.py
[2022-03-24 03:20:10,498] {processor.py:654} INFO - DAG(s) dict_keys(['tutorial']) retrieved from /home/airflow/.local/lib/python3.7/site-packages/airflow/example_dags/tutorial.py
[2022-03-24 03:20:10,512] {logging_mixin.py:109} INFO - [2022-03-24 03:20:10,512] {dag.py:2398} INFO - Sync 1 DAGs
[2022-03-24 03:20:10,529] {logging_mixin.py:109} INFO - [2022-03-24 03:20:10,529] {dag.py:2937} INFO - Setting next_dagrun for tutorial to 2022-03-23T03:20:10.529424+00:00
[2022-03-24 03:20:10,543] {processor.py:171} INFO - Processing /home/airflow/.local/lib/python3.7/site-packages/airflow/example_dags/tutorial.py took 0.094 seconds
