[2022-04-20 02:27:41,755] {processor.py:163} INFO - Started process (PID=62) to work on /opt/airflow/dags/upload_to_drive_dag.py
[2022-04-20 02:27:41,792] {processor.py:642} INFO - Processing file /opt/airflow/dags/upload_to_drive_dag.py for tasks to queue
[2022-04-20 02:27:41,809] {logging_mixin.py:109} INFO - [2022-04-20 02:27:41,804] {dagbag.py:500} INFO - Filling up the DagBag from /opt/airflow/dags/upload_to_drive_dag.py
[2022-04-20 02:27:43,897] {processor.py:654} INFO - DAG(s) dict_keys(['upload_to_drive']) retrieved from /opt/airflow/dags/upload_to_drive_dag.py
[2022-04-20 02:28:43,721] {processor.py:163} INFO - Started process (PID=110) to work on /opt/airflow/dags/upload_to_drive_dag.py
[2022-04-20 02:28:43,773] {processor.py:642} INFO - Processing file /opt/airflow/dags/upload_to_drive_dag.py for tasks to queue
[2022-04-20 02:28:43,807] {logging_mixin.py:109} INFO - [2022-04-20 02:28:43,790] {dagbag.py:500} INFO - Filling up the DagBag from /opt/airflow/dags/upload_to_drive_dag.py
[2022-04-20 02:28:53,714] {processor.py:654} INFO - DAG(s) dict_keys(['upload_to_drive']) retrieved from /opt/airflow/dags/upload_to_drive_dag.py
[2022-04-20 02:29:44,369] {processor.py:163} INFO - Started process (PID=149) to work on /opt/airflow/dags/upload_to_drive_dag.py
[2022-04-20 02:29:44,413] {processor.py:642} INFO - Processing file /opt/airflow/dags/upload_to_drive_dag.py for tasks to queue
[2022-04-20 02:29:44,421] {logging_mixin.py:109} INFO - [2022-04-20 02:29:44,417] {dagbag.py:500} INFO - Filling up the DagBag from /opt/airflow/dags/upload_to_drive_dag.py
[2022-04-20 02:29:57,189] {processor.py:654} INFO - DAG(s) dict_keys(['upload_to_drive']) retrieved from /opt/airflow/dags/upload_to_drive_dag.py
[2022-04-20 02:30:22,444] {logging_mixin.py:109} INFO - [2022-04-20 02:30:22,443] {manager.py:496} INFO - Created Permission View: can read on DAG:upload_to_drive
[2022-04-20 02:30:22,562] {logging_mixin.py:109} INFO - [2022-04-20 02:30:22,562] {manager.py:496} INFO - Created Permission View: can edit on DAG:upload_to_drive
[2022-04-20 02:30:22,564] {logging_mixin.py:109} INFO - [2022-04-20 02:30:22,564] {dag.py:2398} INFO - Sync 1 DAGs
[2022-04-20 02:30:22,575] {logging_mixin.py:109} INFO - [2022-04-20 02:30:22,575] {dag.py:2417} INFO - Creating ORM DAG for upload_to_drive
[2022-04-20 02:30:22,585] {logging_mixin.py:109} INFO - [2022-04-20 02:30:22,584] {dag.py:2937} INFO - Setting next_dagrun for upload_to_drive to 2021-02-10T00:00:00+00:00
[2022-04-20 02:30:22,612] {processor.py:171} INFO - Processing /opt/airflow/dags/upload_to_drive_dag.py took 38.296 seconds
[2022-04-20 02:30:53,583] {processor.py:163} INFO - Started process (PID=250) to work on /opt/airflow/dags/upload_to_drive_dag.py
[2022-04-20 02:30:53,586] {processor.py:642} INFO - Processing file /opt/airflow/dags/upload_to_drive_dag.py for tasks to queue
[2022-04-20 02:30:53,587] {logging_mixin.py:109} INFO - [2022-04-20 02:30:53,587] {dagbag.py:500} INFO - Filling up the DagBag from /opt/airflow/dags/upload_to_drive_dag.py
[2022-04-20 02:30:53,726] {processor.py:654} INFO - DAG(s) dict_keys(['upload_to_drive']) retrieved from /opt/airflow/dags/upload_to_drive_dag.py
[2022-04-20 02:30:53,736] {logging_mixin.py:109} INFO - [2022-04-20 02:30:53,736] {dag.py:2398} INFO - Sync 1 DAGs
[2022-04-20 02:30:53,751] {logging_mixin.py:109} INFO - [2022-04-20 02:30:53,751] {dag.py:2937} INFO - Setting next_dagrun for upload_to_drive to 2021-02-10T00:00:00+00:00
[2022-04-20 02:30:53,773] {processor.py:171} INFO - Processing /opt/airflow/dags/upload_to_drive_dag.py took 0.193 seconds
[2022-04-20 02:31:23,869] {processor.py:163} INFO - Started process (PID=309) to work on /opt/airflow/dags/upload_to_drive_dag.py
[2022-04-20 02:31:24,629] {processor.py:642} INFO - Processing file /opt/airflow/dags/upload_to_drive_dag.py for tasks to queue
[2022-04-20 02:31:24,631] {logging_mixin.py:109} INFO - [2022-04-20 02:31:24,631] {dagbag.py:500} INFO - Filling up the DagBag from /opt/airflow/dags/upload_to_drive_dag.py
[2022-04-20 02:31:25,080] {processor.py:654} INFO - DAG(s) dict_keys(['upload_to_drive']) retrieved from /opt/airflow/dags/upload_to_drive_dag.py
[2022-04-20 02:31:25,116] {logging_mixin.py:109} INFO - [2022-04-20 02:31:25,115] {dag.py:2398} INFO - Sync 1 DAGs
[2022-04-20 02:31:25,164] {logging_mixin.py:109} INFO - [2022-04-20 02:31:25,164] {dag.py:2937} INFO - Setting next_dagrun for upload_to_drive to 2021-02-10T00:00:00+00:00
[2022-04-20 02:31:25,213] {processor.py:171} INFO - Processing /opt/airflow/dags/upload_to_drive_dag.py took 1.356 seconds
[2022-04-20 02:31:56,049] {processor.py:163} INFO - Started process (PID=362) to work on /opt/airflow/dags/upload_to_drive_dag.py
[2022-04-20 02:31:56,052] {processor.py:642} INFO - Processing file /opt/airflow/dags/upload_to_drive_dag.py for tasks to queue
[2022-04-20 02:31:56,054] {logging_mixin.py:109} INFO - [2022-04-20 02:31:56,054] {dagbag.py:500} INFO - Filling up the DagBag from /opt/airflow/dags/upload_to_drive_dag.py
[2022-04-20 02:31:56,192] {processor.py:654} INFO - DAG(s) dict_keys(['upload_to_drive']) retrieved from /opt/airflow/dags/upload_to_drive_dag.py
[2022-04-20 02:31:56,362] {logging_mixin.py:109} INFO - [2022-04-20 02:31:56,361] {dag.py:2398} INFO - Sync 1 DAGs
[2022-04-20 02:31:56,460] {logging_mixin.py:109} INFO - [2022-04-20 02:31:56,459] {dag.py:2937} INFO - Setting next_dagrun for upload_to_drive to 2021-02-10T00:00:00+00:00
[2022-04-20 02:31:56,476] {processor.py:171} INFO - Processing /opt/airflow/dags/upload_to_drive_dag.py took 0.434 seconds
[2022-04-20 02:32:32,185] {processor.py:163} INFO - Started process (PID=410) to work on /opt/airflow/dags/upload_to_drive_dag.py
[2022-04-20 02:32:32,193] {processor.py:642} INFO - Processing file /opt/airflow/dags/upload_to_drive_dag.py for tasks to queue
[2022-04-20 02:32:32,198] {logging_mixin.py:109} INFO - [2022-04-20 02:32:32,197] {dagbag.py:500} INFO - Filling up the DagBag from /opt/airflow/dags/upload_to_drive_dag.py
[2022-04-20 02:32:32,445] {processor.py:654} INFO - DAG(s) dict_keys(['upload_to_drive']) retrieved from /opt/airflow/dags/upload_to_drive_dag.py
[2022-04-20 02:32:32,463] {logging_mixin.py:109} INFO - [2022-04-20 02:32:32,462] {dag.py:2398} INFO - Sync 1 DAGs
[2022-04-20 02:32:32,532] {logging_mixin.py:109} INFO - [2022-04-20 02:32:32,531] {dag.py:2937} INFO - Setting next_dagrun for upload_to_drive to 2021-02-10T00:00:00+00:00
[2022-04-20 02:32:32,559] {processor.py:171} INFO - Processing /opt/airflow/dags/upload_to_drive_dag.py took 0.389 seconds
[2022-04-20 02:33:10,263] {processor.py:163} INFO - Started process (PID=462) to work on /opt/airflow/dags/upload_to_drive_dag.py
[2022-04-20 02:33:10,278] {processor.py:642} INFO - Processing file /opt/airflow/dags/upload_to_drive_dag.py for tasks to queue
[2022-04-20 02:33:10,280] {logging_mixin.py:109} INFO - [2022-04-20 02:33:10,280] {dagbag.py:500} INFO - Filling up the DagBag from /opt/airflow/dags/upload_to_drive_dag.py
[2022-04-20 02:33:10,440] {processor.py:654} INFO - DAG(s) dict_keys(['upload_to_drive']) retrieved from /opt/airflow/dags/upload_to_drive_dag.py
[2022-04-20 02:33:11,041] {logging_mixin.py:109} INFO - [2022-04-20 02:33:11,041] {dag.py:2398} INFO - Sync 1 DAGs
[2022-04-20 02:33:11,309] {logging_mixin.py:109} INFO - [2022-04-20 02:33:11,308] {dag.py:2937} INFO - Setting next_dagrun for upload_to_drive to 2021-02-10T00:00:00+00:00
[2022-04-20 02:33:11,458] {processor.py:171} INFO - Processing /opt/airflow/dags/upload_to_drive_dag.py took 1.199 seconds
[2022-04-20 02:33:41,808] {processor.py:163} INFO - Started process (PID=514) to work on /opt/airflow/dags/upload_to_drive_dag.py
[2022-04-20 02:33:41,813] {processor.py:642} INFO - Processing file /opt/airflow/dags/upload_to_drive_dag.py for tasks to queue
[2022-04-20 02:33:41,816] {logging_mixin.py:109} INFO - [2022-04-20 02:33:41,815] {dagbag.py:500} INFO - Filling up the DagBag from /opt/airflow/dags/upload_to_drive_dag.py
[2022-04-20 02:33:42,105] {processor.py:654} INFO - DAG(s) dict_keys(['upload_to_drive']) retrieved from /opt/airflow/dags/upload_to_drive_dag.py
[2022-04-20 02:33:42,122] {logging_mixin.py:109} INFO - [2022-04-20 02:33:42,122] {dag.py:2398} INFO - Sync 1 DAGs
[2022-04-20 02:33:42,144] {logging_mixin.py:109} INFO - [2022-04-20 02:33:42,144] {dag.py:2937} INFO - Setting next_dagrun for upload_to_drive to 2021-02-10T00:00:00+00:00
[2022-04-20 02:33:42,161] {processor.py:171} INFO - Processing /opt/airflow/dags/upload_to_drive_dag.py took 0.365 seconds
[2022-04-20 02:34:12,967] {processor.py:163} INFO - Started process (PID=580) to work on /opt/airflow/dags/upload_to_drive_dag.py
[2022-04-20 02:34:12,971] {processor.py:642} INFO - Processing file /opt/airflow/dags/upload_to_drive_dag.py for tasks to queue
[2022-04-20 02:34:12,973] {logging_mixin.py:109} INFO - [2022-04-20 02:34:12,973] {dagbag.py:500} INFO - Filling up the DagBag from /opt/airflow/dags/upload_to_drive_dag.py
[2022-04-20 02:34:13,133] {processor.py:654} INFO - DAG(s) dict_keys(['upload_to_drive']) retrieved from /opt/airflow/dags/upload_to_drive_dag.py
[2022-04-20 02:34:13,148] {logging_mixin.py:109} INFO - [2022-04-20 02:34:13,147] {dag.py:2398} INFO - Sync 1 DAGs
[2022-04-20 02:34:13,189] {logging_mixin.py:109} INFO - [2022-04-20 02:34:13,189] {dag.py:2937} INFO - Setting next_dagrun for upload_to_drive to 2021-02-10T00:00:00+00:00
[2022-04-20 02:34:13,207] {processor.py:171} INFO - Processing /opt/airflow/dags/upload_to_drive_dag.py took 0.245 seconds
[2022-04-20 02:34:43,434] {processor.py:163} INFO - Started process (PID=632) to work on /opt/airflow/dags/upload_to_drive_dag.py
[2022-04-20 02:34:43,436] {processor.py:642} INFO - Processing file /opt/airflow/dags/upload_to_drive_dag.py for tasks to queue
[2022-04-20 02:34:43,438] {logging_mixin.py:109} INFO - [2022-04-20 02:34:43,437] {dagbag.py:500} INFO - Filling up the DagBag from /opt/airflow/dags/upload_to_drive_dag.py
[2022-04-20 02:34:43,584] {processor.py:654} INFO - DAG(s) dict_keys(['upload_to_drive']) retrieved from /opt/airflow/dags/upload_to_drive_dag.py
[2022-04-20 02:34:43,763] {logging_mixin.py:109} INFO - [2022-04-20 02:34:43,763] {dag.py:2398} INFO - Sync 1 DAGs
[2022-04-20 02:34:43,789] {logging_mixin.py:109} INFO - [2022-04-20 02:34:43,788] {dag.py:2937} INFO - Setting next_dagrun for upload_to_drive to 2021-02-10T00:00:00+00:00
[2022-04-20 02:34:44,137] {processor.py:171} INFO - Processing /opt/airflow/dags/upload_to_drive_dag.py took 0.705 seconds
[2022-04-20 02:35:20,617] {processor.py:163} INFO - Started process (PID=680) to work on /opt/airflow/dags/upload_to_drive_dag.py
[2022-04-20 02:35:20,626] {processor.py:642} INFO - Processing file /opt/airflow/dags/upload_to_drive_dag.py for tasks to queue
[2022-04-20 02:35:20,628] {logging_mixin.py:109} INFO - [2022-04-20 02:35:20,628] {dagbag.py:500} INFO - Filling up the DagBag from /opt/airflow/dags/upload_to_drive_dag.py
[2022-04-20 02:35:21,178] {processor.py:654} INFO - DAG(s) dict_keys(['upload_to_drive']) retrieved from /opt/airflow/dags/upload_to_drive_dag.py
[2022-04-20 02:35:21,456] {logging_mixin.py:109} INFO - [2022-04-20 02:35:21,443] {dag.py:2398} INFO - Sync 1 DAGs
[2022-04-20 02:35:21,558] {logging_mixin.py:109} INFO - [2022-04-20 02:35:21,558] {dag.py:2937} INFO - Setting next_dagrun for upload_to_drive to 2021-02-10T00:00:00+00:00
[2022-04-20 02:35:21,939] {processor.py:171} INFO - Processing /opt/airflow/dags/upload_to_drive_dag.py took 1.353 seconds
[2022-04-20 02:35:55,447] {processor.py:163} INFO - Started process (PID=732) to work on /opt/airflow/dags/upload_to_drive_dag.py
[2022-04-20 02:35:55,452] {processor.py:642} INFO - Processing file /opt/airflow/dags/upload_to_drive_dag.py for tasks to queue
[2022-04-20 02:35:55,456] {logging_mixin.py:109} INFO - [2022-04-20 02:35:55,455] {dagbag.py:500} INFO - Filling up the DagBag from /opt/airflow/dags/upload_to_drive_dag.py
[2022-04-20 02:35:55,631] {processor.py:654} INFO - DAG(s) dict_keys(['upload_to_drive']) retrieved from /opt/airflow/dags/upload_to_drive_dag.py
[2022-04-20 02:35:55,761] {logging_mixin.py:109} INFO - [2022-04-20 02:35:55,760] {dag.py:2398} INFO - Sync 1 DAGs
[2022-04-20 02:35:55,786] {logging_mixin.py:109} INFO - [2022-04-20 02:35:55,786] {dag.py:2937} INFO - Setting next_dagrun for upload_to_drive to 2021-02-10T00:00:00+00:00
[2022-04-20 02:35:55,842] {processor.py:171} INFO - Processing /opt/airflow/dags/upload_to_drive_dag.py took 0.402 seconds
[2022-04-20 02:36:26,305] {processor.py:163} INFO - Started process (PID=785) to work on /opt/airflow/dags/upload_to_drive_dag.py
[2022-04-20 02:36:26,311] {processor.py:642} INFO - Processing file /opt/airflow/dags/upload_to_drive_dag.py for tasks to queue
[2022-04-20 02:36:26,313] {logging_mixin.py:109} INFO - [2022-04-20 02:36:26,313] {dagbag.py:500} INFO - Filling up the DagBag from /opt/airflow/dags/upload_to_drive_dag.py
[2022-04-20 02:36:26,518] {processor.py:654} INFO - DAG(s) dict_keys(['upload_to_drive']) retrieved from /opt/airflow/dags/upload_to_drive_dag.py
[2022-04-20 02:36:26,543] {logging_mixin.py:109} INFO - [2022-04-20 02:36:26,542] {dag.py:2398} INFO - Sync 1 DAGs
[2022-04-20 02:36:26,567] {logging_mixin.py:109} INFO - [2022-04-20 02:36:26,566] {dag.py:2937} INFO - Setting next_dagrun for upload_to_drive to 2021-02-10T00:00:00+00:00
[2022-04-20 02:36:26,601] {processor.py:171} INFO - Processing /opt/airflow/dags/upload_to_drive_dag.py took 0.302 seconds
[2022-04-20 02:36:58,845] {processor.py:163} INFO - Started process (PID=833) to work on /opt/airflow/dags/upload_to_drive_dag.py
[2022-04-20 02:36:58,851] {processor.py:642} INFO - Processing file /opt/airflow/dags/upload_to_drive_dag.py for tasks to queue
[2022-04-20 02:36:58,853] {logging_mixin.py:109} INFO - [2022-04-20 02:36:58,853] {dagbag.py:500} INFO - Filling up the DagBag from /opt/airflow/dags/upload_to_drive_dag.py
[2022-04-20 02:36:59,037] {processor.py:654} INFO - DAG(s) dict_keys(['upload_to_drive']) retrieved from /opt/airflow/dags/upload_to_drive_dag.py
[2022-04-20 02:36:59,054] {logging_mixin.py:109} INFO - [2022-04-20 02:36:59,053] {dag.py:2398} INFO - Sync 1 DAGs
[2022-04-20 02:36:59,073] {logging_mixin.py:109} INFO - [2022-04-20 02:36:59,073] {dag.py:2937} INFO - Setting next_dagrun for upload_to_drive to 2021-02-10T00:00:00+00:00
[2022-04-20 02:36:59,133] {processor.py:171} INFO - Processing /opt/airflow/dags/upload_to_drive_dag.py took 0.305 seconds
[2022-04-20 02:37:30,930] {processor.py:163} INFO - Started process (PID=882) to work on /opt/airflow/dags/upload_to_drive_dag.py
[2022-04-20 02:37:31,363] {processor.py:642} INFO - Processing file /opt/airflow/dags/upload_to_drive_dag.py for tasks to queue
[2022-04-20 02:37:31,369] {logging_mixin.py:109} INFO - [2022-04-20 02:37:31,369] {dagbag.py:500} INFO - Filling up the DagBag from /opt/airflow/dags/upload_to_drive_dag.py
[2022-04-20 02:37:31,800] {processor.py:654} INFO - DAG(s) dict_keys(['upload_to_drive']) retrieved from /opt/airflow/dags/upload_to_drive_dag.py
[2022-04-20 02:37:31,819] {logging_mixin.py:109} INFO - [2022-04-20 02:37:31,818] {dag.py:2398} INFO - Sync 1 DAGs
[2022-04-20 02:37:31,860] {logging_mixin.py:109} INFO - [2022-04-20 02:37:31,860] {dag.py:2937} INFO - Setting next_dagrun for upload_to_drive to None
[2022-04-20 02:37:31,917] {processor.py:171} INFO - Processing /opt/airflow/dags/upload_to_drive_dag.py took 0.995 seconds
[2022-04-20 02:38:14,577] {processor.py:163} INFO - Started process (PID=930) to work on /opt/airflow/dags/upload_to_drive_dag.py
[2022-04-20 02:38:14,583] {processor.py:642} INFO - Processing file /opt/airflow/dags/upload_to_drive_dag.py for tasks to queue
[2022-04-20 02:38:14,585] {logging_mixin.py:109} INFO - [2022-04-20 02:38:14,585] {dagbag.py:500} INFO - Filling up the DagBag from /opt/airflow/dags/upload_to_drive_dag.py
[2022-04-20 02:38:15,161] {processor.py:654} INFO - DAG(s) dict_keys(['upload_to_drive']) retrieved from /opt/airflow/dags/upload_to_drive_dag.py
[2022-04-20 02:38:16,177] {logging_mixin.py:109} INFO - [2022-04-20 02:38:16,177] {dag.py:2398} INFO - Sync 1 DAGs
[2022-04-20 02:38:16,296] {logging_mixin.py:109} INFO - [2022-04-20 02:38:16,296] {dag.py:2937} INFO - Setting next_dagrun for upload_to_drive to None
[2022-04-20 02:38:16,409] {processor.py:171} INFO - Processing /opt/airflow/dags/upload_to_drive_dag.py took 1.840 seconds
[2022-04-20 02:38:46,925] {processor.py:163} INFO - Started process (PID=983) to work on /opt/airflow/dags/upload_to_drive_dag.py
[2022-04-20 02:38:48,043] {processor.py:642} INFO - Processing file /opt/airflow/dags/upload_to_drive_dag.py for tasks to queue
[2022-04-20 02:38:48,044] {logging_mixin.py:109} INFO - [2022-04-20 02:38:48,044] {dagbag.py:500} INFO - Filling up the DagBag from /opt/airflow/dags/upload_to_drive_dag.py
[2022-04-20 02:38:48,211] {processor.py:654} INFO - DAG(s) dict_keys(['upload_to_drive']) retrieved from /opt/airflow/dags/upload_to_drive_dag.py
[2022-04-20 02:38:48,227] {logging_mixin.py:109} INFO - [2022-04-20 02:38:48,227] {dag.py:2398} INFO - Sync 1 DAGs
[2022-04-20 02:38:48,243] {logging_mixin.py:109} INFO - [2022-04-20 02:38:48,243] {dag.py:2937} INFO - Setting next_dagrun for upload_to_drive to None
[2022-04-20 02:38:48,255] {processor.py:171} INFO - Processing /opt/airflow/dags/upload_to_drive_dag.py took 1.337 seconds
[2022-04-20 02:39:26,509] {processor.py:163} INFO - Started process (PID=1039) to work on /opt/airflow/dags/upload_to_drive_dag.py
[2022-04-20 02:39:27,057] {processor.py:642} INFO - Processing file /opt/airflow/dags/upload_to_drive_dag.py for tasks to queue
[2022-04-20 02:39:27,508] {logging_mixin.py:109} INFO - [2022-04-20 02:39:27,508] {dagbag.py:500} INFO - Filling up the DagBag from /opt/airflow/dags/upload_to_drive_dag.py
[2022-04-20 02:39:28,337] {processor.py:654} INFO - DAG(s) dict_keys(['upload_to_drive']) retrieved from /opt/airflow/dags/upload_to_drive_dag.py
[2022-04-20 02:39:28,642] {logging_mixin.py:109} INFO - [2022-04-20 02:39:28,642] {dag.py:2398} INFO - Sync 1 DAGs
[2022-04-20 02:39:29,303] {logging_mixin.py:109} INFO - [2022-04-20 02:39:29,303] {dag.py:2937} INFO - Setting next_dagrun for upload_to_drive to None
[2022-04-20 02:39:31,243] {processor.py:171} INFO - Processing /opt/airflow/dags/upload_to_drive_dag.py took 4.738 seconds
[2022-04-20 02:39:52,209] {processor.py:163} INFO - Started process (PID=1078) to work on /opt/airflow/dags/upload_to_drive_dag.py
[2022-04-20 02:39:52,212] {processor.py:642} INFO - Processing file /opt/airflow/dags/upload_to_drive_dag.py for tasks to queue
[2022-04-20 02:39:52,214] {logging_mixin.py:109} INFO - [2022-04-20 02:39:52,213] {dagbag.py:500} INFO - Filling up the DagBag from /opt/airflow/dags/upload_to_drive_dag.py
[2022-04-20 02:39:52,558] {processor.py:654} INFO - DAG(s) dict_keys(['upload_to_drive']) retrieved from /opt/airflow/dags/upload_to_drive_dag.py
[2022-04-20 02:39:54,204] {logging_mixin.py:109} INFO - [2022-04-20 02:39:54,204] {dag.py:2398} INFO - Sync 1 DAGs
[2022-04-20 02:39:55,206] {logging_mixin.py:109} INFO - [2022-04-20 02:39:55,206] {dag.py:2937} INFO - Setting next_dagrun for upload_to_drive to None
[2022-04-20 02:39:55,420] {processor.py:171} INFO - Processing /opt/airflow/dags/upload_to_drive_dag.py took 3.214 seconds
[2022-04-20 02:39:56,340] {processor.py:163} INFO - Started process (PID=1080) to work on /opt/airflow/dags/upload_to_drive_dag.py
[2022-04-20 02:39:56,395] {processor.py:642} INFO - Processing file /opt/airflow/dags/upload_to_drive_dag.py for tasks to queue
[2022-04-20 02:39:56,432] {logging_mixin.py:109} INFO - [2022-04-20 02:39:56,431] {dagbag.py:500} INFO - Filling up the DagBag from /opt/airflow/dags/upload_to_drive_dag.py
[2022-04-20 02:39:57,702] {processor.py:654} INFO - DAG(s) dict_keys(['upload_to_drive']) retrieved from /opt/airflow/dags/upload_to_drive_dag.py
[2022-04-20 02:39:57,789] {logging_mixin.py:109} INFO - [2022-04-20 02:39:57,789] {dag.py:2398} INFO - Sync 1 DAGs
[2022-04-20 02:39:57,816] {logging_mixin.py:109} INFO - [2022-04-20 02:39:57,816] {dag.py:2937} INFO - Setting next_dagrun for upload_to_drive to None
[2022-04-20 02:39:57,970] {processor.py:171} INFO - Processing /opt/airflow/dags/upload_to_drive_dag.py took 1.634 seconds
[2022-04-20 02:39:59,043] {processor.py:163} INFO - Started process (PID=1091) to work on /opt/airflow/dags/upload_to_drive_dag.py
[2022-04-20 02:39:59,693] {processor.py:642} INFO - Processing file /opt/airflow/dags/upload_to_drive_dag.py for tasks to queue
[2022-04-20 02:39:59,703] {logging_mixin.py:109} INFO - [2022-04-20 02:39:59,702] {dagbag.py:500} INFO - Filling up the DagBag from /opt/airflow/dags/upload_to_drive_dag.py
[2022-04-20 02:40:00,086] {logging_mixin.py:109} INFO - [2022-04-20 02:40:00,070] {dagbag.py:334} ERROR - Failed to import: /opt/airflow/dags/upload_to_drive_dag.py
Traceback (most recent call last):
  File "/home/airflow/.local/lib/python3.7/site-packages/airflow/models/dagbag.py", line 331, in _load_modules_from_file
    loader.exec_module(new_module)
  File "<frozen importlib._bootstrap_external>", line 728, in exec_module
  File "<frozen importlib._bootstrap>", line 219, in _call_with_frames_removed
  File "/opt/airflow/dags/upload_to_drive_dag.py", line 15, in <module>
    end_date=datetime(2021, 2, 31)
ValueError: day is out of range for month
[2022-04-20 02:40:00,123] {processor.py:690} INFO - Deactivated 1 DAGs which are no longer present in /opt/airflow/dags/upload_to_drive_dag.py
[2022-04-20 02:40:00,125] {processor.py:656} WARNING - No viable dags retrieved from /opt/airflow/dags/upload_to_drive_dag.py
[2022-04-20 02:40:00,151] {processor.py:171} INFO - Processing /opt/airflow/dags/upload_to_drive_dag.py took 1.112 seconds
[2022-04-20 02:40:01,293] {processor.py:163} INFO - Started process (PID=1093) to work on /opt/airflow/dags/upload_to_drive_dag.py
[2022-04-20 02:40:01,300] {processor.py:642} INFO - Processing file /opt/airflow/dags/upload_to_drive_dag.py for tasks to queue
[2022-04-20 02:40:01,305] {logging_mixin.py:109} INFO - [2022-04-20 02:40:01,304] {dagbag.py:500} INFO - Filling up the DagBag from /opt/airflow/dags/upload_to_drive_dag.py
[2022-04-20 02:40:01,748] {processor.py:654} INFO - DAG(s) dict_keys(['upload_to_drive']) retrieved from /opt/airflow/dags/upload_to_drive_dag.py
[2022-04-20 02:40:02,701] {logging_mixin.py:109} INFO - [2022-04-20 02:40:02,701] {dag.py:2398} INFO - Sync 1 DAGs
[2022-04-20 02:40:02,753] {logging_mixin.py:109} INFO - [2022-04-20 02:40:02,753] {dag.py:2937} INFO - Setting next_dagrun for upload_to_drive to None
[2022-04-20 02:40:03,101] {processor.py:171} INFO - Processing /opt/airflow/dags/upload_to_drive_dag.py took 1.814 seconds
[2022-04-20 02:40:15,622] {processor.py:163} INFO - Started process (PID=1125) to work on /opt/airflow/dags/upload_to_drive_dag.py
[2022-04-20 02:40:16,188] {processor.py:642} INFO - Processing file /opt/airflow/dags/upload_to_drive_dag.py for tasks to queue
[2022-04-20 02:40:16,190] {logging_mixin.py:109} INFO - [2022-04-20 02:40:16,190] {dagbag.py:500} INFO - Filling up the DagBag from /opt/airflow/dags/upload_to_drive_dag.py
[2022-04-20 02:40:16,624] {processor.py:654} INFO - DAG(s) dict_keys(['upload_to_drive']) retrieved from /opt/airflow/dags/upload_to_drive_dag.py
[2022-04-20 02:40:16,649] {logging_mixin.py:109} INFO - [2022-04-20 02:40:16,648] {dag.py:2398} INFO - Sync 1 DAGs
[2022-04-20 02:40:16,849] {logging_mixin.py:109} INFO - [2022-04-20 02:40:16,848] {dag.py:2937} INFO - Setting next_dagrun for upload_to_drive to 2022-04-19T00:00:00+00:00
[2022-04-20 02:40:16,929] {processor.py:171} INFO - Processing /opt/airflow/dags/upload_to_drive_dag.py took 1.325 seconds
[2022-04-20 02:40:33,650] {processor.py:163} INFO - Started process (PID=1149) to work on /opt/airflow/dags/upload_to_drive_dag.py
[2022-04-20 02:40:33,652] {processor.py:642} INFO - Processing file /opt/airflow/dags/upload_to_drive_dag.py for tasks to queue
[2022-04-20 02:40:33,659] {logging_mixin.py:109} INFO - [2022-04-20 02:40:33,658] {dagbag.py:500} INFO - Filling up the DagBag from /opt/airflow/dags/upload_to_drive_dag.py
[2022-04-20 02:40:33,808] {logging_mixin.py:109} INFO - [2022-04-20 02:40:33,806] {dagbag.py:334} ERROR - Failed to import: /opt/airflow/dags/upload_to_drive_dag.py
Traceback (most recent call last):
  File "/home/airflow/.local/lib/python3.7/site-packages/airflow/models/dagbag.py", line 331, in _load_modules_from_file
    loader.exec_module(new_module)
  File "<frozen importlib._bootstrap_external>", line 728, in exec_module
  File "<frozen importlib._bootstrap>", line 219, in _call_with_frames_removed
  File "/opt/airflow/dags/upload_to_drive_dag.py", line 35, in <module>
    crupload_file
NameError: name 'crupload_file' is not defined
[2022-04-20 02:40:34,082] {processor.py:690} INFO - Deactivated 1 DAGs which are no longer present in /opt/airflow/dags/upload_to_drive_dag.py
[2022-04-20 02:40:34,084] {processor.py:656} WARNING - No viable dags retrieved from /opt/airflow/dags/upload_to_drive_dag.py
[2022-04-20 02:40:34,104] {processor.py:171} INFO - Processing /opt/airflow/dags/upload_to_drive_dag.py took 0.496 seconds
[2022-04-20 02:40:37,592] {processor.py:163} INFO - Started process (PID=1152) to work on /opt/airflow/dags/upload_to_drive_dag.py
[2022-04-20 02:40:37,696] {processor.py:642} INFO - Processing file /opt/airflow/dags/upload_to_drive_dag.py for tasks to queue
[2022-04-20 02:40:37,753] {logging_mixin.py:109} INFO - [2022-04-20 02:40:37,752] {dagbag.py:500} INFO - Filling up the DagBag from /opt/airflow/dags/upload_to_drive_dag.py
[2022-04-20 02:40:37,957] {processor.py:654} INFO - DAG(s) dict_keys(['upload_to_drive']) retrieved from /opt/airflow/dags/upload_to_drive_dag.py
[2022-04-20 02:40:38,442] {logging_mixin.py:109} INFO - [2022-04-20 02:40:38,442] {dag.py:2398} INFO - Sync 1 DAGs
[2022-04-20 02:40:38,503] {logging_mixin.py:109} INFO - [2022-04-20 02:40:38,503] {dag.py:2937} INFO - Setting next_dagrun for upload_to_drive to 2022-04-20T00:00:00+00:00
[2022-04-20 02:40:39,642] {processor.py:171} INFO - Processing /opt/airflow/dags/upload_to_drive_dag.py took 2.059 seconds
[2022-04-20 02:41:10,038] {processor.py:163} INFO - Started process (PID=1206) to work on /opt/airflow/dags/upload_to_drive_dag.py
[2022-04-20 02:41:10,147] {processor.py:642} INFO - Processing file /opt/airflow/dags/upload_to_drive_dag.py for tasks to queue
[2022-04-20 02:41:10,611] {logging_mixin.py:109} INFO - [2022-04-20 02:41:10,611] {dagbag.py:500} INFO - Filling up the DagBag from /opt/airflow/dags/upload_to_drive_dag.py
[2022-04-20 02:41:11,006] {processor.py:654} INFO - DAG(s) dict_keys(['upload_to_drive']) retrieved from /opt/airflow/dags/upload_to_drive_dag.py
[2022-04-20 02:41:11,377] {logging_mixin.py:109} INFO - [2022-04-20 02:41:11,377] {dag.py:2398} INFO - Sync 1 DAGs
[2022-04-20 02:41:11,778] {logging_mixin.py:109} INFO - [2022-04-20 02:41:11,778] {dag.py:2937} INFO - Setting next_dagrun for upload_to_drive to 2022-04-20T00:00:00+00:00
[2022-04-20 02:41:12,060] {processor.py:171} INFO - Processing /opt/airflow/dags/upload_to_drive_dag.py took 2.024 seconds
[2022-04-20 02:41:16,378] {processor.py:163} INFO - Started process (PID=1222) to work on /opt/airflow/dags/upload_to_drive_dag.py
[2022-04-20 02:41:16,547] {processor.py:642} INFO - Processing file /opt/airflow/dags/upload_to_drive_dag.py for tasks to queue
[2022-04-20 02:41:16,551] {logging_mixin.py:109} INFO - [2022-04-20 02:41:16,551] {dagbag.py:500} INFO - Filling up the DagBag from /opt/airflow/dags/upload_to_drive_dag.py
[2022-04-20 02:41:16,848] {processor.py:654} INFO - DAG(s) dict_keys(['upload_to_drive']) retrieved from /opt/airflow/dags/upload_to_drive_dag.py
[2022-04-20 02:41:16,859] {logging_mixin.py:109} INFO - [2022-04-20 02:41:16,859] {dag.py:2398} INFO - Sync 1 DAGs
[2022-04-20 02:41:16,914] {logging_mixin.py:109} INFO - [2022-04-20 02:41:16,913] {dag.py:2937} INFO - Setting next_dagrun for upload_to_drive to 2022-04-20T00:00:00+00:00
[2022-04-20 02:41:16,969] {processor.py:171} INFO - Processing /opt/airflow/dags/upload_to_drive_dag.py took 0.600 seconds
[2022-04-20 02:41:43,753] {processor.py:163} INFO - Started process (PID=1270) to work on /opt/airflow/dags/upload_to_drive_dag.py
[2022-04-20 02:41:43,884] {processor.py:642} INFO - Processing file /opt/airflow/dags/upload_to_drive_dag.py for tasks to queue
[2022-04-20 02:41:43,885] {logging_mixin.py:109} INFO - [2022-04-20 02:41:43,885] {dagbag.py:500} INFO - Filling up the DagBag from /opt/airflow/dags/upload_to_drive_dag.py
[2022-04-20 02:41:44,120] {processor.py:654} INFO - DAG(s) dict_keys(['upload_to_drive']) retrieved from /opt/airflow/dags/upload_to_drive_dag.py
[2022-04-20 02:41:44,164] {logging_mixin.py:109} INFO - [2022-04-20 02:41:44,164] {dag.py:2398} INFO - Sync 1 DAGs
[2022-04-20 02:41:44,186] {logging_mixin.py:109} INFO - [2022-04-20 02:41:44,185] {dag.py:2937} INFO - Setting next_dagrun for upload_to_drive to 2022-04-20T00:00:00+00:00
[2022-04-20 02:41:44,303] {processor.py:171} INFO - Processing /opt/airflow/dags/upload_to_drive_dag.py took 0.554 seconds
[2022-04-20 02:41:47,242] {processor.py:163} INFO - Started process (PID=1277) to work on /opt/airflow/dags/upload_to_drive_dag.py
[2022-04-20 02:41:47,245] {processor.py:642} INFO - Processing file /opt/airflow/dags/upload_to_drive_dag.py for tasks to queue
[2022-04-20 02:41:47,247] {logging_mixin.py:109} INFO - [2022-04-20 02:41:47,247] {dagbag.py:500} INFO - Filling up the DagBag from /opt/airflow/dags/upload_to_drive_dag.py
[2022-04-20 02:41:47,408] {processor.py:654} INFO - DAG(s) dict_keys(['upload_to_drive']) retrieved from /opt/airflow/dags/upload_to_drive_dag.py
[2022-04-20 02:41:47,425] {logging_mixin.py:109} INFO - [2022-04-20 02:41:47,424] {dag.py:2398} INFO - Sync 1 DAGs
[2022-04-20 02:41:47,445] {logging_mixin.py:109} INFO - [2022-04-20 02:41:47,445] {dag.py:2937} INFO - Setting next_dagrun for upload_to_drive to 2022-04-20T00:00:00+00:00
[2022-04-20 02:41:47,462] {processor.py:171} INFO - Processing /opt/airflow/dags/upload_to_drive_dag.py took 0.223 seconds
[2022-04-20 02:44:40,103] {processor.py:163} INFO - Started process (PID=62) to work on /opt/airflow/dags/upload_to_drive_dag.py
[2022-04-20 02:44:40,116] {processor.py:642} INFO - Processing file /opt/airflow/dags/upload_to_drive_dag.py for tasks to queue
[2022-04-20 02:44:40,123] {logging_mixin.py:109} INFO - [2022-04-20 02:44:40,120] {dagbag.py:500} INFO - Filling up the DagBag from /opt/airflow/dags/upload_to_drive_dag.py
[2022-04-20 02:44:40,656] {processor.py:654} INFO - DAG(s) dict_keys(['upload_to_drive']) retrieved from /opt/airflow/dags/upload_to_drive_dag.py
[2022-04-20 02:44:40,685] {logging_mixin.py:109} INFO - [2022-04-20 02:44:40,685] {dag.py:2398} INFO - Sync 1 DAGs
[2022-04-20 02:44:40,730] {logging_mixin.py:109} INFO - [2022-04-20 02:44:40,730] {dag.py:2937} INFO - Setting next_dagrun for upload_to_drive to 2022-04-20T00:00:00+00:00
[2022-04-20 02:44:40,760] {processor.py:171} INFO - Processing /opt/airflow/dags/upload_to_drive_dag.py took 0.711 seconds
[2022-04-20 02:45:11,577] {processor.py:163} INFO - Started process (PID=114) to work on /opt/airflow/dags/upload_to_drive_dag.py
[2022-04-20 02:45:11,580] {processor.py:642} INFO - Processing file /opt/airflow/dags/upload_to_drive_dag.py for tasks to queue
[2022-04-20 02:45:11,582] {logging_mixin.py:109} INFO - [2022-04-20 02:45:11,582] {dagbag.py:500} INFO - Filling up the DagBag from /opt/airflow/dags/upload_to_drive_dag.py
[2022-04-20 02:45:11,933] {processor.py:654} INFO - DAG(s) dict_keys(['upload_to_drive']) retrieved from /opt/airflow/dags/upload_to_drive_dag.py
[2022-04-20 02:45:11,944] {logging_mixin.py:109} INFO - [2022-04-20 02:45:11,944] {dag.py:2398} INFO - Sync 1 DAGs
[2022-04-20 02:45:11,964] {logging_mixin.py:109} INFO - [2022-04-20 02:45:11,964] {dag.py:2937} INFO - Setting next_dagrun for upload_to_drive to 2022-04-20T00:00:00+00:00
[2022-04-20 02:45:11,977] {processor.py:171} INFO - Processing /opt/airflow/dags/upload_to_drive_dag.py took 0.408 seconds
[2022-04-20 02:45:42,648] {processor.py:163} INFO - Started process (PID=164) to work on /opt/airflow/dags/upload_to_drive_dag.py
[2022-04-20 02:45:43,677] {processor.py:642} INFO - Processing file /opt/airflow/dags/upload_to_drive_dag.py for tasks to queue
[2022-04-20 02:45:43,686] {logging_mixin.py:109} INFO - [2022-04-20 02:45:43,685] {dagbag.py:500} INFO - Filling up the DagBag from /opt/airflow/dags/upload_to_drive_dag.py
[2022-04-20 02:45:45,419] {processor.py:654} INFO - DAG(s) dict_keys(['upload_to_drive']) retrieved from /opt/airflow/dags/upload_to_drive_dag.py
[2022-04-20 02:45:45,464] {logging_mixin.py:109} INFO - [2022-04-20 02:45:45,464] {dag.py:2398} INFO - Sync 1 DAGs
[2022-04-20 02:45:45,504] {logging_mixin.py:109} INFO - [2022-04-20 02:45:45,504] {dag.py:2937} INFO - Setting next_dagrun for upload_to_drive to 2022-04-20T00:00:00+00:00
[2022-04-20 02:45:45,522] {processor.py:171} INFO - Processing /opt/airflow/dags/upload_to_drive_dag.py took 2.902 seconds
[2022-04-20 02:46:16,127] {processor.py:163} INFO - Started process (PID=220) to work on /opt/airflow/dags/upload_to_drive_dag.py
[2022-04-20 02:46:16,135] {processor.py:642} INFO - Processing file /opt/airflow/dags/upload_to_drive_dag.py for tasks to queue
[2022-04-20 02:46:16,136] {logging_mixin.py:109} INFO - [2022-04-20 02:46:16,136] {dagbag.py:500} INFO - Filling up the DagBag from /opt/airflow/dags/upload_to_drive_dag.py
[2022-04-20 02:46:16,629] {processor.py:654} INFO - DAG(s) dict_keys(['upload_to_drive']) retrieved from /opt/airflow/dags/upload_to_drive_dag.py
[2022-04-20 02:46:16,667] {logging_mixin.py:109} INFO - [2022-04-20 02:46:16,666] {dag.py:2398} INFO - Sync 1 DAGs
[2022-04-20 02:46:16,714] {logging_mixin.py:109} INFO - [2022-04-20 02:46:16,714] {dag.py:2937} INFO - Setting next_dagrun for upload_to_drive to 2022-04-20T00:00:00+00:00
[2022-04-20 02:46:16,773] {processor.py:171} INFO - Processing /opt/airflow/dags/upload_to_drive_dag.py took 0.649 seconds
[2022-04-20 02:46:47,325] {processor.py:163} INFO - Started process (PID=272) to work on /opt/airflow/dags/upload_to_drive_dag.py
[2022-04-20 02:46:47,584] {processor.py:642} INFO - Processing file /opt/airflow/dags/upload_to_drive_dag.py for tasks to queue
[2022-04-20 02:46:47,586] {logging_mixin.py:109} INFO - [2022-04-20 02:46:47,586] {dagbag.py:500} INFO - Filling up the DagBag from /opt/airflow/dags/upload_to_drive_dag.py
[2022-04-20 02:46:48,021] {processor.py:654} INFO - DAG(s) dict_keys(['upload_to_drive']) retrieved from /opt/airflow/dags/upload_to_drive_dag.py
[2022-04-20 02:46:48,143] {logging_mixin.py:109} INFO - [2022-04-20 02:46:48,142] {dag.py:2398} INFO - Sync 1 DAGs
[2022-04-20 02:46:48,203] {logging_mixin.py:109} INFO - [2022-04-20 02:46:48,202] {dag.py:2937} INFO - Setting next_dagrun for upload_to_drive to 2022-04-20T00:00:00+00:00
[2022-04-20 02:46:48,235] {processor.py:171} INFO - Processing /opt/airflow/dags/upload_to_drive_dag.py took 0.924 seconds
[2022-04-20 02:47:18,424] {processor.py:163} INFO - Started process (PID=323) to work on /opt/airflow/dags/upload_to_drive_dag.py
[2022-04-20 02:47:19,188] {processor.py:642} INFO - Processing file /opt/airflow/dags/upload_to_drive_dag.py for tasks to queue
[2022-04-20 02:47:20,243] {logging_mixin.py:109} INFO - [2022-04-20 02:47:20,243] {dagbag.py:500} INFO - Filling up the DagBag from /opt/airflow/dags/upload_to_drive_dag.py
[2022-04-20 02:47:20,445] {processor.py:654} INFO - DAG(s) dict_keys(['upload_to_drive']) retrieved from /opt/airflow/dags/upload_to_drive_dag.py
[2022-04-20 02:47:20,687] {logging_mixin.py:109} INFO - [2022-04-20 02:47:20,687] {dag.py:2398} INFO - Sync 1 DAGs
[2022-04-20 02:47:20,733] {logging_mixin.py:109} INFO - [2022-04-20 02:47:20,733] {dag.py:2937} INFO - Setting next_dagrun for upload_to_drive to 2022-04-20T00:00:00+00:00
[2022-04-20 02:47:20,748] {processor.py:171} INFO - Processing /opt/airflow/dags/upload_to_drive_dag.py took 2.334 seconds
[2022-04-20 02:47:50,933] {processor.py:163} INFO - Started process (PID=383) to work on /opt/airflow/dags/upload_to_drive_dag.py
[2022-04-20 02:47:50,941] {processor.py:642} INFO - Processing file /opt/airflow/dags/upload_to_drive_dag.py for tasks to queue
[2022-04-20 02:47:50,943] {logging_mixin.py:109} INFO - [2022-04-20 02:47:50,943] {dagbag.py:500} INFO - Filling up the DagBag from /opt/airflow/dags/upload_to_drive_dag.py
[2022-04-20 02:47:51,160] {processor.py:654} INFO - DAG(s) dict_keys(['upload_to_drive']) retrieved from /opt/airflow/dags/upload_to_drive_dag.py
[2022-04-20 02:47:51,196] {logging_mixin.py:109} INFO - [2022-04-20 02:47:51,196] {dag.py:2398} INFO - Sync 1 DAGs
[2022-04-20 02:47:51,354] {logging_mixin.py:109} INFO - [2022-04-20 02:47:51,354] {dag.py:2937} INFO - Setting next_dagrun for upload_to_drive to 2022-04-20T00:00:00+00:00
[2022-04-20 02:47:51,389] {processor.py:171} INFO - Processing /opt/airflow/dags/upload_to_drive_dag.py took 0.467 seconds
[2022-04-20 02:50:41,784] {processor.py:163} INFO - Started process (PID=60) to work on /opt/airflow/dags/upload_to_drive_dag.py
[2022-04-20 02:50:41,790] {processor.py:642} INFO - Processing file /opt/airflow/dags/upload_to_drive_dag.py for tasks to queue
[2022-04-20 02:50:41,793] {logging_mixin.py:109} INFO - [2022-04-20 02:50:41,793] {dagbag.py:500} INFO - Filling up the DagBag from /opt/airflow/dags/upload_to_drive_dag.py
[2022-04-20 02:50:42,467] {processor.py:654} INFO - DAG(s) dict_keys(['upload_to_drive']) retrieved from /opt/airflow/dags/upload_to_drive_dag.py
[2022-04-20 02:50:42,532] {logging_mixin.py:109} INFO - [2022-04-20 02:50:42,530] {dag.py:2398} INFO - Sync 1 DAGs
[2022-04-20 02:50:42,616] {logging_mixin.py:109} INFO - [2022-04-20 02:50:42,616] {dag.py:2937} INFO - Setting next_dagrun for upload_to_drive to 2022-04-20T00:00:00+00:00
[2022-04-20 02:50:42,670] {processor.py:171} INFO - Processing /opt/airflow/dags/upload_to_drive_dag.py took 0.918 seconds
[2022-04-20 02:51:12,896] {processor.py:163} INFO - Started process (PID=111) to work on /opt/airflow/dags/upload_to_drive_dag.py
[2022-04-20 02:51:12,901] {processor.py:642} INFO - Processing file /opt/airflow/dags/upload_to_drive_dag.py for tasks to queue
[2022-04-20 02:51:12,903] {logging_mixin.py:109} INFO - [2022-04-20 02:51:12,903] {dagbag.py:500} INFO - Filling up the DagBag from /opt/airflow/dags/upload_to_drive_dag.py
[2022-04-20 02:51:15,572] {processor.py:654} INFO - DAG(s) dict_keys(['upload_to_drive']) retrieved from /opt/airflow/dags/upload_to_drive_dag.py
[2022-04-20 02:51:15,597] {logging_mixin.py:109} INFO - [2022-04-20 02:51:15,597] {dag.py:2398} INFO - Sync 1 DAGs
[2022-04-20 02:51:15,629] {logging_mixin.py:109} INFO - [2022-04-20 02:51:15,629] {dag.py:2937} INFO - Setting next_dagrun for upload_to_drive to 2022-04-20T00:00:00+00:00
[2022-04-20 02:51:15,864] {processor.py:171} INFO - Processing /opt/airflow/dags/upload_to_drive_dag.py took 2.972 seconds
[2022-04-20 02:51:46,805] {processor.py:163} INFO - Started process (PID=169) to work on /opt/airflow/dags/upload_to_drive_dag.py
[2022-04-20 02:51:47,102] {processor.py:642} INFO - Processing file /opt/airflow/dags/upload_to_drive_dag.py for tasks to queue
[2022-04-20 02:51:47,105] {logging_mixin.py:109} INFO - [2022-04-20 02:51:47,104] {dagbag.py:500} INFO - Filling up the DagBag from /opt/airflow/dags/upload_to_drive_dag.py
[2022-04-20 02:51:47,965] {processor.py:654} INFO - DAG(s) dict_keys(['upload_to_drive']) retrieved from /opt/airflow/dags/upload_to_drive_dag.py
[2022-04-20 02:51:48,047] {logging_mixin.py:109} INFO - [2022-04-20 02:51:48,047] {dag.py:2398} INFO - Sync 1 DAGs
[2022-04-20 02:51:48,065] {logging_mixin.py:109} INFO - [2022-04-20 02:51:48,065] {dag.py:2937} INFO - Setting next_dagrun for upload_to_drive to 2022-04-20T00:00:00+00:00
[2022-04-20 02:51:48,183] {processor.py:171} INFO - Processing /opt/airflow/dags/upload_to_drive_dag.py took 1.396 seconds
[2022-04-20 02:52:18,301] {processor.py:163} INFO - Started process (PID=221) to work on /opt/airflow/dags/upload_to_drive_dag.py
[2022-04-20 02:52:18,304] {processor.py:642} INFO - Processing file /opt/airflow/dags/upload_to_drive_dag.py for tasks to queue
[2022-04-20 02:52:18,308] {logging_mixin.py:109} INFO - [2022-04-20 02:52:18,307] {dagbag.py:500} INFO - Filling up the DagBag from /opt/airflow/dags/upload_to_drive_dag.py
[2022-04-20 02:52:18,751] {processor.py:654} INFO - DAG(s) dict_keys(['upload_to_drive']) retrieved from /opt/airflow/dags/upload_to_drive_dag.py
[2022-04-20 02:52:18,790] {logging_mixin.py:109} INFO - [2022-04-20 02:52:18,789] {dag.py:2398} INFO - Sync 1 DAGs
[2022-04-20 02:52:18,853] {logging_mixin.py:109} INFO - [2022-04-20 02:52:18,853] {dag.py:2937} INFO - Setting next_dagrun for upload_to_drive to 2022-04-20T00:00:00+00:00
[2022-04-20 02:52:18,871] {processor.py:171} INFO - Processing /opt/airflow/dags/upload_to_drive_dag.py took 0.573 seconds
[2022-04-20 02:52:49,097] {processor.py:163} INFO - Started process (PID=276) to work on /opt/airflow/dags/upload_to_drive_dag.py
[2022-04-20 02:52:49,108] {processor.py:642} INFO - Processing file /opt/airflow/dags/upload_to_drive_dag.py for tasks to queue
[2022-04-20 02:52:49,128] {logging_mixin.py:109} INFO - [2022-04-20 02:52:49,128] {dagbag.py:500} INFO - Filling up the DagBag from /opt/airflow/dags/upload_to_drive_dag.py
[2022-04-20 02:52:49,339] {processor.py:654} INFO - DAG(s) dict_keys(['upload_to_drive']) retrieved from /opt/airflow/dags/upload_to_drive_dag.py
[2022-04-20 02:52:49,349] {logging_mixin.py:109} INFO - [2022-04-20 02:52:49,349] {dag.py:2398} INFO - Sync 1 DAGs
[2022-04-20 02:52:49,369] {logging_mixin.py:109} INFO - [2022-04-20 02:52:49,369] {dag.py:2937} INFO - Setting next_dagrun for upload_to_drive to 2022-04-20T00:00:00+00:00
[2022-04-20 02:52:49,380] {processor.py:171} INFO - Processing /opt/airflow/dags/upload_to_drive_dag.py took 0.298 seconds
[2022-04-20 02:53:19,479] {processor.py:163} INFO - Started process (PID=330) to work on /opt/airflow/dags/upload_to_drive_dag.py
[2022-04-20 02:53:19,482] {processor.py:642} INFO - Processing file /opt/airflow/dags/upload_to_drive_dag.py for tasks to queue
[2022-04-20 02:53:19,484] {logging_mixin.py:109} INFO - [2022-04-20 02:53:19,484] {dagbag.py:500} INFO - Filling up the DagBag from /opt/airflow/dags/upload_to_drive_dag.py
[2022-04-20 02:53:19,735] {processor.py:654} INFO - DAG(s) dict_keys(['upload_to_drive']) retrieved from /opt/airflow/dags/upload_to_drive_dag.py
[2022-04-20 02:53:19,751] {logging_mixin.py:109} INFO - [2022-04-20 02:53:19,751] {dag.py:2398} INFO - Sync 1 DAGs
[2022-04-20 02:53:19,772] {logging_mixin.py:109} INFO - [2022-04-20 02:53:19,772] {dag.py:2937} INFO - Setting next_dagrun for upload_to_drive to 2022-04-20T00:00:00+00:00
[2022-04-20 02:53:19,782] {processor.py:171} INFO - Processing /opt/airflow/dags/upload_to_drive_dag.py took 0.307 seconds
[2022-04-20 02:53:49,943] {processor.py:163} INFO - Started process (PID=383) to work on /opt/airflow/dags/upload_to_drive_dag.py
[2022-04-20 02:53:49,947] {processor.py:642} INFO - Processing file /opt/airflow/dags/upload_to_drive_dag.py for tasks to queue
[2022-04-20 02:53:49,949] {logging_mixin.py:109} INFO - [2022-04-20 02:53:49,949] {dagbag.py:500} INFO - Filling up the DagBag from /opt/airflow/dags/upload_to_drive_dag.py
[2022-04-20 02:53:50,099] {processor.py:654} INFO - DAG(s) dict_keys(['upload_to_drive']) retrieved from /opt/airflow/dags/upload_to_drive_dag.py
[2022-04-20 02:53:50,114] {logging_mixin.py:109} INFO - [2022-04-20 02:53:50,114] {dag.py:2398} INFO - Sync 1 DAGs
[2022-04-20 02:53:50,137] {logging_mixin.py:109} INFO - [2022-04-20 02:53:50,137] {dag.py:2937} INFO - Setting next_dagrun for upload_to_drive to 2022-04-20T00:00:00+00:00
[2022-04-20 02:53:50,148] {processor.py:171} INFO - Processing /opt/airflow/dags/upload_to_drive_dag.py took 0.213 seconds
[2022-04-20 02:54:20,197] {processor.py:163} INFO - Started process (PID=443) to work on /opt/airflow/dags/upload_to_drive_dag.py
[2022-04-20 02:54:20,203] {processor.py:642} INFO - Processing file /opt/airflow/dags/upload_to_drive_dag.py for tasks to queue
[2022-04-20 02:54:20,204] {logging_mixin.py:109} INFO - [2022-04-20 02:54:20,204] {dagbag.py:500} INFO - Filling up the DagBag from /opt/airflow/dags/upload_to_drive_dag.py
[2022-04-20 02:54:20,610] {processor.py:654} INFO - DAG(s) dict_keys(['upload_to_drive']) retrieved from /opt/airflow/dags/upload_to_drive_dag.py
[2022-04-20 02:54:20,642] {logging_mixin.py:109} INFO - [2022-04-20 02:54:20,641] {dag.py:2398} INFO - Sync 1 DAGs
[2022-04-20 02:54:20,688] {logging_mixin.py:109} INFO - [2022-04-20 02:54:20,687] {dag.py:2937} INFO - Setting next_dagrun for upload_to_drive to 2022-04-20T00:00:00+00:00
[2022-04-20 02:54:20,713] {processor.py:171} INFO - Processing /opt/airflow/dags/upload_to_drive_dag.py took 0.521 seconds
[2022-04-20 02:54:51,593] {processor.py:163} INFO - Started process (PID=497) to work on /opt/airflow/dags/upload_to_drive_dag.py
[2022-04-20 02:54:51,596] {processor.py:642} INFO - Processing file /opt/airflow/dags/upload_to_drive_dag.py for tasks to queue
[2022-04-20 02:54:51,600] {logging_mixin.py:109} INFO - [2022-04-20 02:54:51,599] {dagbag.py:500} INFO - Filling up the DagBag from /opt/airflow/dags/upload_to_drive_dag.py
[2022-04-20 02:54:51,874] {processor.py:654} INFO - DAG(s) dict_keys(['upload_to_drive']) retrieved from /opt/airflow/dags/upload_to_drive_dag.py
[2022-04-20 02:54:51,889] {logging_mixin.py:109} INFO - [2022-04-20 02:54:51,888] {dag.py:2398} INFO - Sync 1 DAGs
[2022-04-20 02:54:51,908] {logging_mixin.py:109} INFO - [2022-04-20 02:54:51,908] {dag.py:2937} INFO - Setting next_dagrun for upload_to_drive to 2022-04-20T00:00:00+00:00
[2022-04-20 02:54:52,014] {processor.py:171} INFO - Processing /opt/airflow/dags/upload_to_drive_dag.py took 0.430 seconds
[2022-04-20 02:55:22,139] {processor.py:163} INFO - Started process (PID=551) to work on /opt/airflow/dags/upload_to_drive_dag.py
[2022-04-20 02:55:22,144] {processor.py:642} INFO - Processing file /opt/airflow/dags/upload_to_drive_dag.py for tasks to queue
[2022-04-20 02:55:22,148] {logging_mixin.py:109} INFO - [2022-04-20 02:55:22,147] {dagbag.py:500} INFO - Filling up the DagBag from /opt/airflow/dags/upload_to_drive_dag.py
[2022-04-20 02:55:22,298] {processor.py:654} INFO - DAG(s) dict_keys(['upload_to_drive']) retrieved from /opt/airflow/dags/upload_to_drive_dag.py
[2022-04-20 02:55:22,314] {logging_mixin.py:109} INFO - [2022-04-20 02:55:22,314] {dag.py:2398} INFO - Sync 1 DAGs
[2022-04-20 02:55:22,331] {logging_mixin.py:109} INFO - [2022-04-20 02:55:22,331] {dag.py:2937} INFO - Setting next_dagrun for upload_to_drive to 2022-04-20T00:00:00+00:00
[2022-04-20 02:55:22,347] {processor.py:171} INFO - Processing /opt/airflow/dags/upload_to_drive_dag.py took 0.215 seconds
[2022-04-20 02:55:52,438] {processor.py:163} INFO - Started process (PID=603) to work on /opt/airflow/dags/upload_to_drive_dag.py
[2022-04-20 02:55:52,440] {processor.py:642} INFO - Processing file /opt/airflow/dags/upload_to_drive_dag.py for tasks to queue
[2022-04-20 02:55:52,442] {logging_mixin.py:109} INFO - [2022-04-20 02:55:52,442] {dagbag.py:500} INFO - Filling up the DagBag from /opt/airflow/dags/upload_to_drive_dag.py
[2022-04-20 02:55:52,570] {processor.py:654} INFO - DAG(s) dict_keys(['upload_to_drive']) retrieved from /opt/airflow/dags/upload_to_drive_dag.py
[2022-04-20 02:55:53,065] {logging_mixin.py:109} INFO - [2022-04-20 02:55:53,064] {dag.py:2398} INFO - Sync 1 DAGs
[2022-04-20 02:55:53,081] {logging_mixin.py:109} INFO - [2022-04-20 02:55:53,081] {dag.py:2937} INFO - Setting next_dagrun for upload_to_drive to 2022-04-20T00:00:00+00:00
[2022-04-20 02:55:53,093] {processor.py:171} INFO - Processing /opt/airflow/dags/upload_to_drive_dag.py took 0.658 seconds
[2022-04-20 02:56:38,809] {processor.py:163} INFO - Started process (PID=663) to work on /opt/airflow/dags/upload_to_drive_dag.py
[2022-04-20 02:56:38,999] {processor.py:642} INFO - Processing file /opt/airflow/dags/upload_to_drive_dag.py for tasks to queue
[2022-04-20 02:56:39,132] {logging_mixin.py:109} INFO - [2022-04-20 02:56:39,132] {dagbag.py:500} INFO - Filling up the DagBag from /opt/airflow/dags/upload_to_drive_dag.py
[2022-04-20 02:56:39,292] {processor.py:654} INFO - DAG(s) dict_keys(['upload_to_drive']) retrieved from /opt/airflow/dags/upload_to_drive_dag.py
[2022-04-20 02:56:39,347] {logging_mixin.py:109} INFO - [2022-04-20 02:56:39,346] {dag.py:2398} INFO - Sync 1 DAGs
[2022-04-20 02:56:39,380] {logging_mixin.py:109} INFO - [2022-04-20 02:56:39,380] {dag.py:2937} INFO - Setting next_dagrun for upload_to_drive to 2022-04-20T00:00:00+00:00
[2022-04-20 02:56:39,504] {processor.py:171} INFO - Processing /opt/airflow/dags/upload_to_drive_dag.py took 0.707 seconds
[2022-04-20 02:57:12,187] {processor.py:163} INFO - Started process (PID=716) to work on /opt/airflow/dags/upload_to_drive_dag.py
[2022-04-20 02:57:13,867] {processor.py:642} INFO - Processing file /opt/airflow/dags/upload_to_drive_dag.py for tasks to queue
[2022-04-20 02:57:13,869] {logging_mixin.py:109} INFO - [2022-04-20 02:57:13,869] {dagbag.py:500} INFO - Filling up the DagBag from /opt/airflow/dags/upload_to_drive_dag.py
[2022-04-20 02:57:14,132] {processor.py:654} INFO - DAG(s) dict_keys(['upload_to_drive']) retrieved from /opt/airflow/dags/upload_to_drive_dag.py
[2022-04-20 02:57:14,429] {logging_mixin.py:109} INFO - [2022-04-20 02:57:14,428] {dag.py:2398} INFO - Sync 1 DAGs
[2022-04-20 02:57:14,669] {logging_mixin.py:109} INFO - [2022-04-20 02:57:14,669] {dag.py:2937} INFO - Setting next_dagrun for upload_to_drive to 2022-04-20T00:00:00+00:00
[2022-04-20 02:57:14,840] {processor.py:171} INFO - Processing /opt/airflow/dags/upload_to_drive_dag.py took 2.670 seconds
[2022-04-20 02:57:45,370] {processor.py:163} INFO - Started process (PID=766) to work on /opt/airflow/dags/upload_to_drive_dag.py
[2022-04-20 02:57:45,376] {processor.py:642} INFO - Processing file /opt/airflow/dags/upload_to_drive_dag.py for tasks to queue
[2022-04-20 02:57:45,384] {logging_mixin.py:109} INFO - [2022-04-20 02:57:45,377] {dagbag.py:500} INFO - Filling up the DagBag from /opt/airflow/dags/upload_to_drive_dag.py
[2022-04-20 02:57:45,609] {processor.py:654} INFO - DAG(s) dict_keys(['upload_to_drive']) retrieved from /opt/airflow/dags/upload_to_drive_dag.py
[2022-04-20 02:57:45,807] {logging_mixin.py:109} INFO - [2022-04-20 02:57:45,806] {dag.py:2398} INFO - Sync 1 DAGs
[2022-04-20 02:57:45,841] {logging_mixin.py:109} INFO - [2022-04-20 02:57:45,840] {dag.py:2937} INFO - Setting next_dagrun for upload_to_drive to 2022-04-20T00:00:00+00:00
[2022-04-20 02:57:46,078] {processor.py:171} INFO - Processing /opt/airflow/dags/upload_to_drive_dag.py took 0.711 seconds
[2022-04-20 02:58:16,482] {processor.py:163} INFO - Started process (PID=820) to work on /opt/airflow/dags/upload_to_drive_dag.py
[2022-04-20 02:58:16,486] {processor.py:642} INFO - Processing file /opt/airflow/dags/upload_to_drive_dag.py for tasks to queue
[2022-04-20 02:58:16,489] {logging_mixin.py:109} INFO - [2022-04-20 02:58:16,489] {dagbag.py:500} INFO - Filling up the DagBag from /opt/airflow/dags/upload_to_drive_dag.py
[2022-04-20 02:58:16,682] {processor.py:654} INFO - DAG(s) dict_keys(['upload_to_drive']) retrieved from /opt/airflow/dags/upload_to_drive_dag.py
[2022-04-20 02:58:16,693] {logging_mixin.py:109} INFO - [2022-04-20 02:58:16,693] {dag.py:2398} INFO - Sync 1 DAGs
[2022-04-20 02:58:16,739] {logging_mixin.py:109} INFO - [2022-04-20 02:58:16,739] {dag.py:2937} INFO - Setting next_dagrun for upload_to_drive to 2022-04-20T00:00:00+00:00
[2022-04-20 02:58:16,772] {processor.py:171} INFO - Processing /opt/airflow/dags/upload_to_drive_dag.py took 0.303 seconds
[2022-04-20 02:58:18,861] {processor.py:163} INFO - Started process (PID=829) to work on /opt/airflow/dags/upload_to_drive_dag.py
[2022-04-20 02:58:19,374] {processor.py:642} INFO - Processing file /opt/airflow/dags/upload_to_drive_dag.py for tasks to queue
[2022-04-20 02:58:19,377] {logging_mixin.py:109} INFO - [2022-04-20 02:58:19,377] {dagbag.py:500} INFO - Filling up the DagBag from /opt/airflow/dags/upload_to_drive_dag.py
[2022-04-20 02:58:20,471] {processor.py:654} INFO - DAG(s) dict_keys(['upload_to_drive']) retrieved from /opt/airflow/dags/upload_to_drive_dag.py
[2022-04-20 02:58:20,733] {logging_mixin.py:109} INFO - [2022-04-20 02:58:20,732] {dag.py:2398} INFO - Sync 1 DAGs
[2022-04-20 02:58:20,778] {logging_mixin.py:109} INFO - [2022-04-20 02:58:20,778] {dag.py:2937} INFO - Setting next_dagrun for upload_to_drive to 2022-04-20T00:00:00+00:00
[2022-04-20 02:58:20,839] {processor.py:171} INFO - Processing /opt/airflow/dags/upload_to_drive_dag.py took 1.983 seconds
[2022-04-20 02:58:23,197] {processor.py:163} INFO - Started process (PID=849) to work on /opt/airflow/dags/upload_to_drive_dag.py
[2022-04-20 02:58:23,202] {processor.py:642} INFO - Processing file /opt/airflow/dags/upload_to_drive_dag.py for tasks to queue
[2022-04-20 02:58:23,209] {logging_mixin.py:109} INFO - [2022-04-20 02:58:23,207] {dagbag.py:500} INFO - Filling up the DagBag from /opt/airflow/dags/upload_to_drive_dag.py
[2022-04-20 02:58:23,425] {processor.py:654} INFO - DAG(s) dict_keys(['upload_to_drive']) retrieved from /opt/airflow/dags/upload_to_drive_dag.py
[2022-04-20 02:58:23,721] {logging_mixin.py:109} INFO - [2022-04-20 02:58:23,721] {dag.py:2398} INFO - Sync 1 DAGs
[2022-04-20 02:58:24,033] {logging_mixin.py:109} INFO - [2022-04-20 02:58:24,032] {dag.py:2937} INFO - Setting next_dagrun for upload_to_drive to 2022-04-20T00:00:00+00:00
[2022-04-20 02:58:24,401] {processor.py:171} INFO - Processing /opt/airflow/dags/upload_to_drive_dag.py took 1.227 seconds
[2022-04-20 02:58:54,751] {processor.py:163} INFO - Started process (PID=902) to work on /opt/airflow/dags/upload_to_drive_dag.py
[2022-04-20 02:58:54,754] {processor.py:642} INFO - Processing file /opt/airflow/dags/upload_to_drive_dag.py for tasks to queue
[2022-04-20 02:58:54,757] {logging_mixin.py:109} INFO - [2022-04-20 02:58:54,757] {dagbag.py:500} INFO - Filling up the DagBag from /opt/airflow/dags/upload_to_drive_dag.py
[2022-04-20 02:58:54,930] {processor.py:654} INFO - DAG(s) dict_keys(['upload_to_drive']) retrieved from /opt/airflow/dags/upload_to_drive_dag.py
[2022-04-20 02:58:54,965] {logging_mixin.py:109} INFO - [2022-04-20 02:58:54,964] {dag.py:2398} INFO - Sync 1 DAGs
[2022-04-20 02:58:55,004] {logging_mixin.py:109} INFO - [2022-04-20 02:58:55,003] {dag.py:2937} INFO - Setting next_dagrun for upload_to_drive to 2022-04-20T00:00:00+00:00
[2022-04-20 02:58:55,048] {processor.py:171} INFO - Processing /opt/airflow/dags/upload_to_drive_dag.py took 0.305 seconds
[2022-04-20 02:59:31,651] {processor.py:163} INFO - Started process (PID=960) to work on /opt/airflow/dags/upload_to_drive_dag.py
[2022-04-20 02:59:31,877] {processor.py:642} INFO - Processing file /opt/airflow/dags/upload_to_drive_dag.py for tasks to queue
[2022-04-20 02:59:32,076] {logging_mixin.py:109} INFO - [2022-04-20 02:59:32,076] {dagbag.py:500} INFO - Filling up the DagBag from /opt/airflow/dags/upload_to_drive_dag.py
[2022-04-20 02:59:32,347] {processor.py:654} INFO - DAG(s) dict_keys(['upload_to_drive']) retrieved from /opt/airflow/dags/upload_to_drive_dag.py
[2022-04-20 02:59:32,411] {logging_mixin.py:109} INFO - [2022-04-20 02:59:32,410] {dag.py:2398} INFO - Sync 1 DAGs
[2022-04-20 02:59:32,843] {logging_mixin.py:109} INFO - [2022-04-20 02:59:32,843] {dag.py:2937} INFO - Setting next_dagrun for upload_to_drive to 2022-04-20T00:00:00+00:00
[2022-04-20 02:59:33,336] {processor.py:171} INFO - Processing /opt/airflow/dags/upload_to_drive_dag.py took 1.690 seconds
[2022-04-20 03:00:05,360] {processor.py:163} INFO - Started process (PID=1015) to work on /opt/airflow/dags/upload_to_drive_dag.py
[2022-04-20 03:00:05,581] {processor.py:642} INFO - Processing file /opt/airflow/dags/upload_to_drive_dag.py for tasks to queue
[2022-04-20 03:00:05,584] {logging_mixin.py:109} INFO - [2022-04-20 03:00:05,583] {dagbag.py:500} INFO - Filling up the DagBag from /opt/airflow/dags/upload_to_drive_dag.py
[2022-04-20 03:00:05,726] {processor.py:654} INFO - DAG(s) dict_keys(['upload_to_drive']) retrieved from /opt/airflow/dags/upload_to_drive_dag.py
[2022-04-20 03:00:06,174] {logging_mixin.py:109} INFO - [2022-04-20 03:00:06,173] {dag.py:2398} INFO - Sync 1 DAGs
[2022-04-20 03:00:06,196] {logging_mixin.py:109} INFO - [2022-04-20 03:00:06,195] {dag.py:2937} INFO - Setting next_dagrun for upload_to_drive to 2022-04-20T00:00:00+00:00
[2022-04-20 03:00:06,923] {processor.py:171} INFO - Processing /opt/airflow/dags/upload_to_drive_dag.py took 1.604 seconds
[2022-04-20 03:00:38,253] {processor.py:163} INFO - Started process (PID=1068) to work on /opt/airflow/dags/upload_to_drive_dag.py
[2022-04-20 03:00:38,280] {processor.py:642} INFO - Processing file /opt/airflow/dags/upload_to_drive_dag.py for tasks to queue
[2022-04-20 03:00:38,283] {logging_mixin.py:109} INFO - [2022-04-20 03:00:38,282] {dagbag.py:500} INFO - Filling up the DagBag from /opt/airflow/dags/upload_to_drive_dag.py
[2022-04-20 03:00:38,421] {processor.py:654} INFO - DAG(s) dict_keys(['upload_to_drive']) retrieved from /opt/airflow/dags/upload_to_drive_dag.py
[2022-04-20 03:00:38,474] {logging_mixin.py:109} INFO - [2022-04-20 03:00:38,474] {dag.py:2398} INFO - Sync 1 DAGs
[2022-04-20 03:00:38,681] {logging_mixin.py:109} INFO - [2022-04-20 03:00:38,680] {dag.py:2937} INFO - Setting next_dagrun for upload_to_drive to 2022-04-20T00:00:00+00:00
[2022-04-20 03:00:38,859] {processor.py:171} INFO - Processing /opt/airflow/dags/upload_to_drive_dag.py took 0.609 seconds
[2022-04-20 03:01:10,667] {processor.py:163} INFO - Started process (PID=1129) to work on /opt/airflow/dags/upload_to_drive_dag.py
[2022-04-20 03:01:10,686] {processor.py:642} INFO - Processing file /opt/airflow/dags/upload_to_drive_dag.py for tasks to queue
[2022-04-20 03:01:11,172] {logging_mixin.py:109} INFO - [2022-04-20 03:01:11,172] {dagbag.py:500} INFO - Filling up the DagBag from /opt/airflow/dags/upload_to_drive_dag.py
[2022-04-20 03:01:11,749] {processor.py:654} INFO - DAG(s) dict_keys(['upload_to_drive']) retrieved from /opt/airflow/dags/upload_to_drive_dag.py
[2022-04-20 03:01:11,812] {logging_mixin.py:109} INFO - [2022-04-20 03:01:11,811] {dag.py:2398} INFO - Sync 1 DAGs
[2022-04-20 03:01:11,929] {logging_mixin.py:109} INFO - [2022-04-20 03:01:11,929] {dag.py:2937} INFO - Setting next_dagrun for upload_to_drive to 2022-04-20T00:00:00+00:00
[2022-04-20 03:01:12,207] {processor.py:171} INFO - Processing /opt/airflow/dags/upload_to_drive_dag.py took 1.557 seconds
[2022-04-20 03:01:43,176] {processor.py:163} INFO - Started process (PID=1182) to work on /opt/airflow/dags/upload_to_drive_dag.py
[2022-04-20 03:01:43,177] {processor.py:642} INFO - Processing file /opt/airflow/dags/upload_to_drive_dag.py for tasks to queue
[2022-04-20 03:01:43,179] {logging_mixin.py:109} INFO - [2022-04-20 03:01:43,179] {dagbag.py:500} INFO - Filling up the DagBag from /opt/airflow/dags/upload_to_drive_dag.py
[2022-04-20 03:01:43,363] {processor.py:654} INFO - DAG(s) dict_keys(['upload_to_drive']) retrieved from /opt/airflow/dags/upload_to_drive_dag.py
[2022-04-20 03:01:43,377] {logging_mixin.py:109} INFO - [2022-04-20 03:01:43,377] {dag.py:2398} INFO - Sync 1 DAGs
[2022-04-20 03:01:43,406] {logging_mixin.py:109} INFO - [2022-04-20 03:01:43,406] {dag.py:2937} INFO - Setting next_dagrun for upload_to_drive to 2022-04-20T00:00:00+00:00
[2022-04-20 03:01:43,419] {processor.py:171} INFO - Processing /opt/airflow/dags/upload_to_drive_dag.py took 0.246 seconds
[2022-04-20 03:02:13,534] {processor.py:163} INFO - Started process (PID=1236) to work on /opt/airflow/dags/upload_to_drive_dag.py
[2022-04-20 03:02:13,542] {processor.py:642} INFO - Processing file /opt/airflow/dags/upload_to_drive_dag.py for tasks to queue
[2022-04-20 03:02:13,543] {logging_mixin.py:109} INFO - [2022-04-20 03:02:13,543] {dagbag.py:500} INFO - Filling up the DagBag from /opt/airflow/dags/upload_to_drive_dag.py
[2022-04-20 03:02:13,710] {processor.py:654} INFO - DAG(s) dict_keys(['upload_to_drive']) retrieved from /opt/airflow/dags/upload_to_drive_dag.py
[2022-04-20 03:02:13,727] {logging_mixin.py:109} INFO - [2022-04-20 03:02:13,726] {dag.py:2398} INFO - Sync 1 DAGs
[2022-04-20 03:02:13,755] {logging_mixin.py:109} INFO - [2022-04-20 03:02:13,754] {dag.py:2937} INFO - Setting next_dagrun for upload_to_drive to 2022-04-20T00:00:00+00:00
[2022-04-20 03:02:13,766] {processor.py:171} INFO - Processing /opt/airflow/dags/upload_to_drive_dag.py took 0.237 seconds
[2022-04-20 03:02:45,812] {processor.py:163} INFO - Started process (PID=1285) to work on /opt/airflow/dags/upload_to_drive_dag.py
[2022-04-20 03:02:45,816] {processor.py:642} INFO - Processing file /opt/airflow/dags/upload_to_drive_dag.py for tasks to queue
[2022-04-20 03:02:45,819] {logging_mixin.py:109} INFO - [2022-04-20 03:02:45,819] {dagbag.py:500} INFO - Filling up the DagBag from /opt/airflow/dags/upload_to_drive_dag.py
[2022-04-20 03:02:46,044] {processor.py:654} INFO - DAG(s) dict_keys(['upload_to_drive']) retrieved from /opt/airflow/dags/upload_to_drive_dag.py
[2022-04-20 03:02:46,056] {logging_mixin.py:109} INFO - [2022-04-20 03:02:46,055] {dag.py:2398} INFO - Sync 1 DAGs
[2022-04-20 03:02:46,076] {logging_mixin.py:109} INFO - [2022-04-20 03:02:46,076] {dag.py:2937} INFO - Setting next_dagrun for upload_to_drive to 2022-04-20T00:00:00+00:00
[2022-04-20 03:02:46,095] {processor.py:171} INFO - Processing /opt/airflow/dags/upload_to_drive_dag.py took 0.293 seconds
[2022-04-20 03:03:16,231] {processor.py:163} INFO - Started process (PID=1336) to work on /opt/airflow/dags/upload_to_drive_dag.py
[2022-04-20 03:03:16,234] {processor.py:642} INFO - Processing file /opt/airflow/dags/upload_to_drive_dag.py for tasks to queue
[2022-04-20 03:03:16,236] {logging_mixin.py:109} INFO - [2022-04-20 03:03:16,236] {dagbag.py:500} INFO - Filling up the DagBag from /opt/airflow/dags/upload_to_drive_dag.py
[2022-04-20 03:03:16,576] {processor.py:654} INFO - DAG(s) dict_keys(['upload_to_drive']) retrieved from /opt/airflow/dags/upload_to_drive_dag.py
[2022-04-20 03:03:16,591] {logging_mixin.py:109} INFO - [2022-04-20 03:03:16,590] {dag.py:2398} INFO - Sync 1 DAGs
[2022-04-20 03:03:16,631] {logging_mixin.py:109} INFO - [2022-04-20 03:03:16,631] {dag.py:2937} INFO - Setting next_dagrun for upload_to_drive to 2022-04-20T00:00:00+00:00
[2022-04-20 03:03:16,648] {processor.py:171} INFO - Processing /opt/airflow/dags/upload_to_drive_dag.py took 0.421 seconds
[2022-04-20 03:03:46,832] {processor.py:163} INFO - Started process (PID=1391) to work on /opt/airflow/dags/upload_to_drive_dag.py
[2022-04-20 03:03:48,498] {processor.py:642} INFO - Processing file /opt/airflow/dags/upload_to_drive_dag.py for tasks to queue
[2022-04-20 03:03:49,261] {logging_mixin.py:109} INFO - [2022-04-20 03:03:49,247] {dagbag.py:500} INFO - Filling up the DagBag from /opt/airflow/dags/upload_to_drive_dag.py
[2022-04-20 03:03:49,638] {processor.py:654} INFO - DAG(s) dict_keys(['upload_to_drive']) retrieved from /opt/airflow/dags/upload_to_drive_dag.py
[2022-04-20 03:03:49,661] {logging_mixin.py:109} INFO - [2022-04-20 03:03:49,661] {dag.py:2398} INFO - Sync 1 DAGs
[2022-04-20 03:03:49,682] {logging_mixin.py:109} INFO - [2022-04-20 03:03:49,682] {dag.py:2937} INFO - Setting next_dagrun for upload_to_drive to 2022-04-20T00:00:00+00:00
[2022-04-20 03:03:49,697] {processor.py:171} INFO - Processing /opt/airflow/dags/upload_to_drive_dag.py took 2.875 seconds
