[2022-04-23 21:19:12,756] {processor.py:163} INFO - Started process (PID=105) to work on /home/airflow/.local/lib/python3.7/site-packages/airflow/example_dags/example_python_operator.py
[2022-04-23 21:19:14,195] {processor.py:642} INFO - Processing file /home/airflow/.local/lib/python3.7/site-packages/airflow/example_dags/example_python_operator.py for tasks to queue
[2022-04-23 21:19:14,257] {logging_mixin.py:109} INFO - [2022-04-23 21:19:14,257] {dagbag.py:500} INFO - Filling up the DagBag from /home/airflow/.local/lib/python3.7/site-packages/airflow/example_dags/example_python_operator.py
[2022-04-23 21:19:48,587] {logging_mixin.py:109} INFO - [2022-04-23 21:19:48,585] {timeout.py:36} ERROR - Process timed out, PID: 105
[2022-04-23 21:19:50,991] {logging_mixin.py:109} INFO - [2022-04-23 21:19:48,588] {dagbag.py:334} ERROR - Failed to import: /home/airflow/.local/lib/python3.7/site-packages/airflow/example_dags/example_python_operator.py
Traceback (most recent call last):
  File "/home/airflow/.local/lib/python3.7/site-packages/airflow/models/dagbag.py", line 331, in _load_modules_from_file
    loader.exec_module(new_module)
  File "<frozen importlib._bootstrap_external>", line 728, in exec_module
  File "<frozen importlib._bootstrap>", line 219, in _call_with_frames_removed
  File "/home/airflow/.local/lib/python3.7/site-packages/airflow/example_dags/example_python_operator.py", line 31, in <module>
    from airflow.decorators import task
  File "/home/airflow/.local/lib/python3.7/site-packages/airflow/decorators/__init__.py", line 20, in <module>
    from airflow.decorators.python import PythonDecoratorMixin, python_task  # noqa
  File "/home/airflow/.local/lib/python3.7/site-packages/airflow/decorators/python.py", line 20, in <module>
    from airflow.decorators.base import DecoratedOperator, task_decorator_factory
  File "/home/airflow/.local/lib/python3.7/site-packages/airflow/decorators/base.py", line 28, in <module>
    from airflow.models.xcom_arg import XComArg
  File "<frozen importlib._bootstrap>", line 983, in _find_and_load
  File "<frozen importlib._bootstrap>", line 967, in _find_and_load_unlocked
  File "<frozen importlib._bootstrap>", line 677, in _load_unlocked
  File "<frozen importlib._bootstrap_external>", line 724, in exec_module
  File "<frozen importlib._bootstrap_external>", line 857, in get_code
  File "<frozen importlib._bootstrap_external>", line 525, in _compile_bytecode
  File "/home/airflow/.local/lib/python3.7/site-packages/airflow/utils/timeout.py", line 37, in handle_timeout
    raise AirflowTaskTimeout(self.error_message)
airflow.exceptions.AirflowTaskTimeout: DagBag import timeout for /home/airflow/.local/lib/python3.7/site-packages/airflow/example_dags/example_python_operator.py after 30.0s.
Please take a look at these docs to improve your DAG import time:
* https://airflow.apache.org/docs/apache-airflow/2.2.4/best-practices.html#top-level-python-code
* https://airflow.apache.org/docs/apache-airflow/2.2.4/best-practices.html#reducing-dag-complexity, PID: 105
[2022-04-23 21:19:56,067] {processor.py:690} INFO - Deactivated 1 DAGs which are no longer present in /home/airflow/.local/lib/python3.7/site-packages/airflow/example_dags/example_python_operator.py
[2022-04-23 21:19:56,068] {processor.py:656} WARNING - No viable dags retrieved from /home/airflow/.local/lib/python3.7/site-packages/airflow/example_dags/example_python_operator.py
[2022-04-23 21:20:55,409] {processor.py:163} INFO - Started process (PID=144) to work on /home/airflow/.local/lib/python3.7/site-packages/airflow/example_dags/example_python_operator.py
[2022-04-23 21:20:55,429] {processor.py:642} INFO - Processing file /home/airflow/.local/lib/python3.7/site-packages/airflow/example_dags/example_python_operator.py for tasks to queue
[2022-04-23 21:20:55,439] {logging_mixin.py:109} INFO - [2022-04-23 21:20:55,439] {dagbag.py:500} INFO - Filling up the DagBag from /home/airflow/.local/lib/python3.7/site-packages/airflow/example_dags/example_python_operator.py
[2022-04-23 21:20:55,877] {processor.py:654} INFO - DAG(s) dict_keys(['example_python_operator']) retrieved from /home/airflow/.local/lib/python3.7/site-packages/airflow/example_dags/example_python_operator.py
[2022-04-23 21:20:56,233] {logging_mixin.py:109} INFO - [2022-04-23 21:20:56,232] {dag.py:2398} INFO - Sync 1 DAGs
[2022-04-23 21:20:56,403] {logging_mixin.py:109} INFO - [2022-04-23 21:20:56,403] {dag.py:2937} INFO - Setting next_dagrun for example_python_operator to None
[2022-04-23 21:20:56,517] {processor.py:171} INFO - Processing /home/airflow/.local/lib/python3.7/site-packages/airflow/example_dags/example_python_operator.py took 1.140 seconds
