[2022-03-28 02:41:36,598] {processor.py:163} INFO - Started process (PID=95) to work on /home/airflow/.local/lib/python3.7/site-packages/airflow/example_dags/example_python_operator.py
[2022-03-28 02:41:36,605] {processor.py:642} INFO - Processing file /home/airflow/.local/lib/python3.7/site-packages/airflow/example_dags/example_python_operator.py for tasks to queue
[2022-03-28 02:41:36,612] {logging_mixin.py:109} INFO - [2022-03-28 02:41:36,611] {dagbag.py:500} INFO - Filling up the DagBag from /home/airflow/.local/lib/python3.7/site-packages/airflow/example_dags/example_python_operator.py
[2022-03-28 02:41:36,829] {processor.py:654} INFO - DAG(s) dict_keys(['example_python_operator']) retrieved from /home/airflow/.local/lib/python3.7/site-packages/airflow/example_dags/example_python_operator.py
[2022-03-28 02:41:36,907] {logging_mixin.py:109} INFO - [2022-03-28 02:41:36,907] {dag.py:2398} INFO - Sync 1 DAGs
[2022-03-28 02:41:37,013] {logging_mixin.py:109} INFO - [2022-03-28 02:41:37,013] {dag.py:2937} INFO - Setting next_dagrun for example_python_operator to None
[2022-03-28 02:41:37,044] {processor.py:171} INFO - Processing /home/airflow/.local/lib/python3.7/site-packages/airflow/example_dags/example_python_operator.py took 0.453 seconds
[2022-03-28 02:42:07,175] {processor.py:163} INFO - Started process (PID=146) to work on /home/airflow/.local/lib/python3.7/site-packages/airflow/example_dags/example_python_operator.py
[2022-03-28 02:42:07,178] {processor.py:642} INFO - Processing file /home/airflow/.local/lib/python3.7/site-packages/airflow/example_dags/example_python_operator.py for tasks to queue
[2022-03-28 02:42:07,191] {logging_mixin.py:109} INFO - [2022-03-28 02:42:07,191] {dagbag.py:500} INFO - Filling up the DagBag from /home/airflow/.local/lib/python3.7/site-packages/airflow/example_dags/example_python_operator.py
[2022-03-28 02:42:07,291] {processor.py:654} INFO - DAG(s) dict_keys(['example_python_operator']) retrieved from /home/airflow/.local/lib/python3.7/site-packages/airflow/example_dags/example_python_operator.py
[2022-03-28 02:42:07,301] {logging_mixin.py:109} INFO - [2022-03-28 02:42:07,301] {dag.py:2398} INFO - Sync 1 DAGs
[2022-03-28 02:42:07,318] {logging_mixin.py:109} INFO - [2022-03-28 02:42:07,318] {dag.py:2937} INFO - Setting next_dagrun for example_python_operator to None
[2022-03-28 02:42:07,327] {processor.py:171} INFO - Processing /home/airflow/.local/lib/python3.7/site-packages/airflow/example_dags/example_python_operator.py took 0.165 seconds
[2022-03-28 02:42:38,193] {processor.py:163} INFO - Started process (PID=196) to work on /home/airflow/.local/lib/python3.7/site-packages/airflow/example_dags/example_python_operator.py
[2022-03-28 02:42:38,195] {processor.py:642} INFO - Processing file /home/airflow/.local/lib/python3.7/site-packages/airflow/example_dags/example_python_operator.py for tasks to queue
[2022-03-28 02:42:38,197] {logging_mixin.py:109} INFO - [2022-03-28 02:42:38,196] {dagbag.py:500} INFO - Filling up the DagBag from /home/airflow/.local/lib/python3.7/site-packages/airflow/example_dags/example_python_operator.py
[2022-03-28 02:42:38,230] {processor.py:654} INFO - DAG(s) dict_keys(['example_python_operator']) retrieved from /home/airflow/.local/lib/python3.7/site-packages/airflow/example_dags/example_python_operator.py
[2022-03-28 02:42:38,242] {logging_mixin.py:109} INFO - [2022-03-28 02:42:38,242] {dag.py:2398} INFO - Sync 1 DAGs
[2022-03-28 02:42:38,262] {logging_mixin.py:109} INFO - [2022-03-28 02:42:38,262] {dag.py:2937} INFO - Setting next_dagrun for example_python_operator to None
[2022-03-28 02:42:38,271] {processor.py:171} INFO - Processing /home/airflow/.local/lib/python3.7/site-packages/airflow/example_dags/example_python_operator.py took 0.082 seconds
