[2022-03-28 02:41:36,763] {processor.py:163} INFO - Started process (PID=96) to work on /home/airflow/.local/lib/python3.7/site-packages/airflow/example_dags/example_branch_datetime_operator.py
[2022-03-28 02:41:36,773] {processor.py:642} INFO - Processing file /home/airflow/.local/lib/python3.7/site-packages/airflow/example_dags/example_branch_datetime_operator.py for tasks to queue
[2022-03-28 02:41:36,780] {logging_mixin.py:109} INFO - [2022-03-28 02:41:36,780] {dagbag.py:500} INFO - Filling up the DagBag from /home/airflow/.local/lib/python3.7/site-packages/airflow/example_dags/example_branch_datetime_operator.py
[2022-03-28 02:41:36,962] {processor.py:654} INFO - DAG(s) dict_keys(['example_branch_datetime_operator_2']) retrieved from /home/airflow/.local/lib/python3.7/site-packages/airflow/example_dags/example_branch_datetime_operator.py
[2022-03-28 02:41:37,016] {logging_mixin.py:109} INFO - [2022-03-28 02:41:37,016] {dag.py:2398} INFO - Sync 1 DAGs
[2022-03-28 02:41:37,257] {logging_mixin.py:109} INFO - [2022-03-28 02:41:37,257] {dag.py:2937} INFO - Setting next_dagrun for example_branch_datetime_operator_2 to 2022-03-27 00:00:00+00:00
[2022-03-28 02:41:37,353] {processor.py:171} INFO - Processing /home/airflow/.local/lib/python3.7/site-packages/airflow/example_dags/example_branch_datetime_operator.py took 0.610 seconds
[2022-03-28 02:42:08,348] {processor.py:163} INFO - Started process (PID=147) to work on /home/airflow/.local/lib/python3.7/site-packages/airflow/example_dags/example_branch_datetime_operator.py
[2022-03-28 02:42:08,353] {processor.py:642} INFO - Processing file /home/airflow/.local/lib/python3.7/site-packages/airflow/example_dags/example_branch_datetime_operator.py for tasks to queue
[2022-03-28 02:42:08,356] {logging_mixin.py:109} INFO - [2022-03-28 02:42:08,355] {dagbag.py:500} INFO - Filling up the DagBag from /home/airflow/.local/lib/python3.7/site-packages/airflow/example_dags/example_branch_datetime_operator.py
[2022-03-28 02:42:08,426] {processor.py:654} INFO - DAG(s) dict_keys(['example_branch_datetime_operator_2']) retrieved from /home/airflow/.local/lib/python3.7/site-packages/airflow/example_dags/example_branch_datetime_operator.py
[2022-03-28 02:42:08,445] {logging_mixin.py:109} INFO - [2022-03-28 02:42:08,445] {dag.py:2398} INFO - Sync 1 DAGs
[2022-03-28 02:42:08,477] {logging_mixin.py:109} INFO - [2022-03-28 02:42:08,477] {dag.py:2937} INFO - Setting next_dagrun for example_branch_datetime_operator_2 to 2022-03-27 00:00:00+00:00
[2022-03-28 02:42:08,502] {processor.py:171} INFO - Processing /home/airflow/.local/lib/python3.7/site-packages/airflow/example_dags/example_branch_datetime_operator.py took 0.163 seconds
[2022-03-28 02:42:39,311] {processor.py:163} INFO - Started process (PID=197) to work on /home/airflow/.local/lib/python3.7/site-packages/airflow/example_dags/example_branch_datetime_operator.py
[2022-03-28 02:42:39,313] {processor.py:642} INFO - Processing file /home/airflow/.local/lib/python3.7/site-packages/airflow/example_dags/example_branch_datetime_operator.py for tasks to queue
[2022-03-28 02:42:39,315] {logging_mixin.py:109} INFO - [2022-03-28 02:42:39,315] {dagbag.py:500} INFO - Filling up the DagBag from /home/airflow/.local/lib/python3.7/site-packages/airflow/example_dags/example_branch_datetime_operator.py
[2022-03-28 02:42:39,365] {processor.py:654} INFO - DAG(s) dict_keys(['example_branch_datetime_operator_2']) retrieved from /home/airflow/.local/lib/python3.7/site-packages/airflow/example_dags/example_branch_datetime_operator.py
[2022-03-28 02:42:39,378] {logging_mixin.py:109} INFO - [2022-03-28 02:42:39,378] {dag.py:2398} INFO - Sync 1 DAGs
[2022-03-28 02:42:39,403] {logging_mixin.py:109} INFO - [2022-03-28 02:42:39,402] {dag.py:2937} INFO - Setting next_dagrun for example_branch_datetime_operator_2 to 2022-03-27 00:00:00+00:00
[2022-03-28 02:42:39,415] {processor.py:171} INFO - Processing /home/airflow/.local/lib/python3.7/site-packages/airflow/example_dags/example_branch_datetime_operator.py took 0.114 seconds
