[2022-03-28 02:41:39,356] {processor.py:163} INFO - Started process (PID=102) to work on /home/airflow/.local/lib/python3.7/site-packages/airflow/example_dags/example_trigger_target_dag.py
[2022-03-28 02:41:39,365] {processor.py:642} INFO - Processing file /home/airflow/.local/lib/python3.7/site-packages/airflow/example_dags/example_trigger_target_dag.py for tasks to queue
[2022-03-28 02:41:39,372] {logging_mixin.py:109} INFO - [2022-03-28 02:41:39,370] {dagbag.py:500} INFO - Filling up the DagBag from /home/airflow/.local/lib/python3.7/site-packages/airflow/example_dags/example_trigger_target_dag.py
[2022-03-28 02:41:39,545] {processor.py:654} INFO - DAG(s) dict_keys(['example_trigger_target_dag']) retrieved from /home/airflow/.local/lib/python3.7/site-packages/airflow/example_dags/example_trigger_target_dag.py
[2022-03-28 02:41:39,681] {logging_mixin.py:109} INFO - [2022-03-28 02:41:39,681] {dag.py:2398} INFO - Sync 1 DAGs
[2022-03-28 02:41:39,768] {logging_mixin.py:109} INFO - [2022-03-28 02:41:39,768] {dag.py:2937} INFO - Setting next_dagrun for example_trigger_target_dag to None
[2022-03-28 02:41:40,046] {processor.py:171} INFO - Processing /home/airflow/.local/lib/python3.7/site-packages/airflow/example_dags/example_trigger_target_dag.py took 0.707 seconds
[2022-03-28 02:42:10,332] {processor.py:163} INFO - Started process (PID=153) to work on /home/airflow/.local/lib/python3.7/site-packages/airflow/example_dags/example_trigger_target_dag.py
[2022-03-28 02:42:10,334] {processor.py:642} INFO - Processing file /home/airflow/.local/lib/python3.7/site-packages/airflow/example_dags/example_trigger_target_dag.py for tasks to queue
[2022-03-28 02:42:10,335] {logging_mixin.py:109} INFO - [2022-03-28 02:42:10,335] {dagbag.py:500} INFO - Filling up the DagBag from /home/airflow/.local/lib/python3.7/site-packages/airflow/example_dags/example_trigger_target_dag.py
[2022-03-28 02:42:10,377] {processor.py:654} INFO - DAG(s) dict_keys(['example_trigger_target_dag']) retrieved from /home/airflow/.local/lib/python3.7/site-packages/airflow/example_dags/example_trigger_target_dag.py
[2022-03-28 02:42:10,387] {logging_mixin.py:109} INFO - [2022-03-28 02:42:10,387] {dag.py:2398} INFO - Sync 1 DAGs
[2022-03-28 02:42:10,404] {logging_mixin.py:109} INFO - [2022-03-28 02:42:10,404] {dag.py:2937} INFO - Setting next_dagrun for example_trigger_target_dag to None
[2022-03-28 02:42:10,423] {processor.py:171} INFO - Processing /home/airflow/.local/lib/python3.7/site-packages/airflow/example_dags/example_trigger_target_dag.py took 0.096 seconds
[2022-03-28 02:42:42,006] {processor.py:163} INFO - Started process (PID=203) to work on /home/airflow/.local/lib/python3.7/site-packages/airflow/example_dags/example_trigger_target_dag.py
[2022-03-28 02:42:42,011] {processor.py:642} INFO - Processing file /home/airflow/.local/lib/python3.7/site-packages/airflow/example_dags/example_trigger_target_dag.py for tasks to queue
[2022-03-28 02:42:42,013] {logging_mixin.py:109} INFO - [2022-03-28 02:42:42,013] {dagbag.py:500} INFO - Filling up the DagBag from /home/airflow/.local/lib/python3.7/site-packages/airflow/example_dags/example_trigger_target_dag.py
[2022-03-28 02:42:42,092] {processor.py:654} INFO - DAG(s) dict_keys(['example_trigger_target_dag']) retrieved from /home/airflow/.local/lib/python3.7/site-packages/airflow/example_dags/example_trigger_target_dag.py
[2022-03-28 02:42:42,116] {logging_mixin.py:109} INFO - [2022-03-28 02:42:42,116] {dag.py:2398} INFO - Sync 1 DAGs
[2022-03-28 02:42:42,153] {logging_mixin.py:109} INFO - [2022-03-28 02:42:42,153] {dag.py:2937} INFO - Setting next_dagrun for example_trigger_target_dag to None
[2022-03-28 02:42:42,173] {processor.py:171} INFO - Processing /home/airflow/.local/lib/python3.7/site-packages/airflow/example_dags/example_trigger_target_dag.py took 0.176 seconds
