[2022-03-28 02:41:44,249] {processor.py:163} INFO - Started process (PID=114) to work on /home/airflow/.local/lib/python3.7/site-packages/airflow/example_dags/example_xcom.py
[2022-03-28 02:41:44,266] {processor.py:642} INFO - Processing file /home/airflow/.local/lib/python3.7/site-packages/airflow/example_dags/example_xcom.py for tasks to queue
[2022-03-28 02:41:44,272] {logging_mixin.py:109} INFO - [2022-03-28 02:41:44,272] {dagbag.py:500} INFO - Filling up the DagBag from /home/airflow/.local/lib/python3.7/site-packages/airflow/example_dags/example_xcom.py
[2022-03-28 02:41:44,495] {processor.py:654} INFO - DAG(s) dict_keys(['example_xcom']) retrieved from /home/airflow/.local/lib/python3.7/site-packages/airflow/example_dags/example_xcom.py
[2022-03-28 02:41:45,603] {logging_mixin.py:109} INFO - [2022-03-28 02:41:45,603] {dag.py:2398} INFO - Sync 1 DAGs
[2022-03-28 02:41:45,654] {logging_mixin.py:109} INFO - [2022-03-28 02:41:45,654] {dag.py:2937} INFO - Setting next_dagrun for example_xcom to 2021-01-01T00:00:00+00:00
[2022-03-28 02:41:45,792] {processor.py:171} INFO - Processing /home/airflow/.local/lib/python3.7/site-packages/airflow/example_dags/example_xcom.py took 1.565 seconds
[2022-03-28 02:42:16,670] {processor.py:163} INFO - Started process (PID=158) to work on /home/airflow/.local/lib/python3.7/site-packages/airflow/example_dags/example_xcom.py
[2022-03-28 02:42:16,675] {processor.py:642} INFO - Processing file /home/airflow/.local/lib/python3.7/site-packages/airflow/example_dags/example_xcom.py for tasks to queue
[2022-03-28 02:42:16,678] {logging_mixin.py:109} INFO - [2022-03-28 02:42:16,677] {dagbag.py:500} INFO - Filling up the DagBag from /home/airflow/.local/lib/python3.7/site-packages/airflow/example_dags/example_xcom.py
[2022-03-28 02:42:16,760] {processor.py:654} INFO - DAG(s) dict_keys(['example_xcom']) retrieved from /home/airflow/.local/lib/python3.7/site-packages/airflow/example_dags/example_xcom.py
[2022-03-28 02:42:17,085] {logging_mixin.py:109} INFO - [2022-03-28 02:42:17,085] {dag.py:2398} INFO - Sync 1 DAGs
[2022-03-28 02:42:17,122] {logging_mixin.py:109} INFO - [2022-03-28 02:42:17,121] {dag.py:2937} INFO - Setting next_dagrun for example_xcom to 2021-01-01T00:00:00+00:00
[2022-03-28 02:42:17,148] {processor.py:171} INFO - Processing /home/airflow/.local/lib/python3.7/site-packages/airflow/example_dags/example_xcom.py took 0.488 seconds
[2022-03-28 02:42:47,253] {processor.py:163} INFO - Started process (PID=217) to work on /home/airflow/.local/lib/python3.7/site-packages/airflow/example_dags/example_xcom.py
[2022-03-28 02:42:47,256] {processor.py:642} INFO - Processing file /home/airflow/.local/lib/python3.7/site-packages/airflow/example_dags/example_xcom.py for tasks to queue
[2022-03-28 02:42:47,258] {logging_mixin.py:109} INFO - [2022-03-28 02:42:47,258] {dagbag.py:500} INFO - Filling up the DagBag from /home/airflow/.local/lib/python3.7/site-packages/airflow/example_dags/example_xcom.py
[2022-03-28 02:42:47,357] {processor.py:654} INFO - DAG(s) dict_keys(['example_xcom']) retrieved from /home/airflow/.local/lib/python3.7/site-packages/airflow/example_dags/example_xcom.py
[2022-03-28 02:42:47,648] {logging_mixin.py:109} INFO - [2022-03-28 02:42:47,648] {dag.py:2398} INFO - Sync 1 DAGs
[2022-03-28 02:42:47,661] {logging_mixin.py:109} INFO - [2022-03-28 02:42:47,661] {dag.py:2937} INFO - Setting next_dagrun for example_xcom to 2021-01-01T00:00:00+00:00
[2022-03-28 02:42:47,673] {processor.py:171} INFO - Processing /home/airflow/.local/lib/python3.7/site-packages/airflow/example_dags/example_xcom.py took 0.428 seconds
