[2022-03-28 02:41:41,189] {processor.py:163} INFO - Started process (PID=104) to work on /home/airflow/.local/lib/python3.7/site-packages/airflow/example_dags/example_nested_branch_dag.py
[2022-03-28 02:41:41,203] {processor.py:642} INFO - Processing file /home/airflow/.local/lib/python3.7/site-packages/airflow/example_dags/example_nested_branch_dag.py for tasks to queue
[2022-03-28 02:41:41,205] {logging_mixin.py:109} INFO - [2022-03-28 02:41:41,205] {dagbag.py:500} INFO - Filling up the DagBag from /home/airflow/.local/lib/python3.7/site-packages/airflow/example_dags/example_nested_branch_dag.py
[2022-03-28 02:41:41,384] {processor.py:654} INFO - DAG(s) dict_keys(['example_nested_branch_dag']) retrieved from /home/airflow/.local/lib/python3.7/site-packages/airflow/example_dags/example_nested_branch_dag.py
[2022-03-28 02:41:41,440] {logging_mixin.py:109} INFO - [2022-03-28 02:41:41,440] {dag.py:2398} INFO - Sync 1 DAGs
[2022-03-28 02:41:41,516] {logging_mixin.py:109} INFO - [2022-03-28 02:41:41,516] {dag.py:2937} INFO - Setting next_dagrun for example_nested_branch_dag to 2022-03-27 00:00:00+00:00
[2022-03-28 02:41:41,542] {processor.py:171} INFO - Processing /home/airflow/.local/lib/python3.7/site-packages/airflow/example_dags/example_nested_branch_dag.py took 0.361 seconds
[2022-03-28 02:42:12,343] {processor.py:163} INFO - Started process (PID=155) to work on /home/airflow/.local/lib/python3.7/site-packages/airflow/example_dags/example_nested_branch_dag.py
[2022-03-28 02:42:12,346] {processor.py:642} INFO - Processing file /home/airflow/.local/lib/python3.7/site-packages/airflow/example_dags/example_nested_branch_dag.py for tasks to queue
[2022-03-28 02:42:12,348] {logging_mixin.py:109} INFO - [2022-03-28 02:42:12,348] {dagbag.py:500} INFO - Filling up the DagBag from /home/airflow/.local/lib/python3.7/site-packages/airflow/example_dags/example_nested_branch_dag.py
[2022-03-28 02:42:12,385] {processor.py:654} INFO - DAG(s) dict_keys(['example_nested_branch_dag']) retrieved from /home/airflow/.local/lib/python3.7/site-packages/airflow/example_dags/example_nested_branch_dag.py
[2022-03-28 02:42:12,398] {logging_mixin.py:109} INFO - [2022-03-28 02:42:12,398] {dag.py:2398} INFO - Sync 1 DAGs
[2022-03-28 02:42:12,419] {logging_mixin.py:109} INFO - [2022-03-28 02:42:12,419] {dag.py:2937} INFO - Setting next_dagrun for example_nested_branch_dag to 2022-03-27 00:00:00+00:00
[2022-03-28 02:42:12,436] {processor.py:171} INFO - Processing /home/airflow/.local/lib/python3.7/site-packages/airflow/example_dags/example_nested_branch_dag.py took 0.097 seconds
[2022-03-28 02:42:43,220] {processor.py:163} INFO - Started process (PID=214) to work on /home/airflow/.local/lib/python3.7/site-packages/airflow/example_dags/example_nested_branch_dag.py
[2022-03-28 02:42:43,225] {processor.py:642} INFO - Processing file /home/airflow/.local/lib/python3.7/site-packages/airflow/example_dags/example_nested_branch_dag.py for tasks to queue
[2022-03-28 02:42:43,228] {logging_mixin.py:109} INFO - [2022-03-28 02:42:43,228] {dagbag.py:500} INFO - Filling up the DagBag from /home/airflow/.local/lib/python3.7/site-packages/airflow/example_dags/example_nested_branch_dag.py
[2022-03-28 02:42:43,293] {processor.py:654} INFO - DAG(s) dict_keys(['example_nested_branch_dag']) retrieved from /home/airflow/.local/lib/python3.7/site-packages/airflow/example_dags/example_nested_branch_dag.py
[2022-03-28 02:42:43,306] {logging_mixin.py:109} INFO - [2022-03-28 02:42:43,306] {dag.py:2398} INFO - Sync 1 DAGs
[2022-03-28 02:42:43,322] {logging_mixin.py:109} INFO - [2022-03-28 02:42:43,322] {dag.py:2937} INFO - Setting next_dagrun for example_nested_branch_dag to 2022-03-27 00:00:00+00:00
[2022-03-28 02:42:43,336] {processor.py:171} INFO - Processing /home/airflow/.local/lib/python3.7/site-packages/airflow/example_dags/example_nested_branch_dag.py took 0.127 seconds
