[2022-03-28 02:41:35,602] {processor.py:163} INFO - Started process (PID=92) to work on /home/airflow/.local/lib/python3.7/site-packages/airflow/example_dags/example_complex.py
[2022-03-28 02:41:35,610] {processor.py:642} INFO - Processing file /home/airflow/.local/lib/python3.7/site-packages/airflow/example_dags/example_complex.py for tasks to queue
[2022-03-28 02:41:35,616] {logging_mixin.py:109} INFO - [2022-03-28 02:41:35,614] {dagbag.py:500} INFO - Filling up the DagBag from /home/airflow/.local/lib/python3.7/site-packages/airflow/example_dags/example_complex.py
[2022-03-28 02:41:35,815] {processor.py:654} INFO - DAG(s) dict_keys(['example_complex']) retrieved from /home/airflow/.local/lib/python3.7/site-packages/airflow/example_dags/example_complex.py
[2022-03-28 02:41:35,932] {logging_mixin.py:109} INFO - [2022-03-28 02:41:35,932] {dag.py:2398} INFO - Sync 1 DAGs
[2022-03-28 02:41:36,036] {logging_mixin.py:109} INFO - [2022-03-28 02:41:36,036] {dag.py:2937} INFO - Setting next_dagrun for example_complex to None
[2022-03-28 02:41:36,145] {processor.py:171} INFO - Processing /home/airflow/.local/lib/python3.7/site-packages/airflow/example_dags/example_complex.py took 0.557 seconds
[2022-03-28 02:42:06,742] {processor.py:163} INFO - Started process (PID=143) to work on /home/airflow/.local/lib/python3.7/site-packages/airflow/example_dags/example_complex.py
[2022-03-28 02:42:06,743] {processor.py:642} INFO - Processing file /home/airflow/.local/lib/python3.7/site-packages/airflow/example_dags/example_complex.py for tasks to queue
[2022-03-28 02:42:06,746] {logging_mixin.py:109} INFO - [2022-03-28 02:42:06,745] {dagbag.py:500} INFO - Filling up the DagBag from /home/airflow/.local/lib/python3.7/site-packages/airflow/example_dags/example_complex.py
[2022-03-28 02:42:06,862] {processor.py:654} INFO - DAG(s) dict_keys(['example_complex']) retrieved from /home/airflow/.local/lib/python3.7/site-packages/airflow/example_dags/example_complex.py
[2022-03-28 02:42:06,919] {logging_mixin.py:109} INFO - [2022-03-28 02:42:06,919] {dag.py:2398} INFO - Sync 1 DAGs
[2022-03-28 02:42:06,991] {logging_mixin.py:109} INFO - [2022-03-28 02:42:06,991] {dag.py:2937} INFO - Setting next_dagrun for example_complex to None
[2022-03-28 02:42:07,025] {processor.py:171} INFO - Processing /home/airflow/.local/lib/python3.7/site-packages/airflow/example_dags/example_complex.py took 0.290 seconds
[2022-03-28 02:42:37,063] {processor.py:163} INFO - Started process (PID=193) to work on /home/airflow/.local/lib/python3.7/site-packages/airflow/example_dags/example_complex.py
[2022-03-28 02:42:37,065] {processor.py:642} INFO - Processing file /home/airflow/.local/lib/python3.7/site-packages/airflow/example_dags/example_complex.py for tasks to queue
[2022-03-28 02:42:37,066] {logging_mixin.py:109} INFO - [2022-03-28 02:42:37,066] {dagbag.py:500} INFO - Filling up the DagBag from /home/airflow/.local/lib/python3.7/site-packages/airflow/example_dags/example_complex.py
[2022-03-28 02:42:37,103] {processor.py:654} INFO - DAG(s) dict_keys(['example_complex']) retrieved from /home/airflow/.local/lib/python3.7/site-packages/airflow/example_dags/example_complex.py
[2022-03-28 02:42:37,117] {logging_mixin.py:109} INFO - [2022-03-28 02:42:37,117] {dag.py:2398} INFO - Sync 1 DAGs
[2022-03-28 02:42:37,132] {logging_mixin.py:109} INFO - [2022-03-28 02:42:37,132] {dag.py:2937} INFO - Setting next_dagrun for example_complex to None
[2022-03-28 02:42:37,143] {processor.py:171} INFO - Processing /home/airflow/.local/lib/python3.7/site-packages/airflow/example_dags/example_complex.py took 0.083 seconds
