[2022-03-28 02:41:39,156] {processor.py:163} INFO - Started process (PID=101) to work on /home/airflow/.local/lib/python3.7/site-packages/airflow/example_dags/example_kubernetes_executor.py
[2022-03-28 02:41:39,161] {processor.py:642} INFO - Processing file /home/airflow/.local/lib/python3.7/site-packages/airflow/example_dags/example_kubernetes_executor.py for tasks to queue
[2022-03-28 02:41:39,166] {logging_mixin.py:109} INFO - [2022-03-28 02:41:39,165] {dagbag.py:500} INFO - Filling up the DagBag from /home/airflow/.local/lib/python3.7/site-packages/airflow/example_dags/example_kubernetes_executor.py
[2022-03-28 02:41:39,383] {processor.py:654} INFO - DAG(s) dict_keys(['example_kubernetes_executor']) retrieved from /home/airflow/.local/lib/python3.7/site-packages/airflow/example_dags/example_kubernetes_executor.py
[2022-03-28 02:41:39,450] {logging_mixin.py:109} INFO - [2022-03-28 02:41:39,450] {dag.py:2398} INFO - Sync 1 DAGs
[2022-03-28 02:41:39,523] {logging_mixin.py:109} INFO - [2022-03-28 02:41:39,523] {dag.py:2937} INFO - Setting next_dagrun for example_kubernetes_executor to None
[2022-03-28 02:41:39,662] {processor.py:171} INFO - Processing /home/airflow/.local/lib/python3.7/site-packages/airflow/example_dags/example_kubernetes_executor.py took 0.525 seconds
[2022-03-28 02:42:09,797] {processor.py:163} INFO - Started process (PID=152) to work on /home/airflow/.local/lib/python3.7/site-packages/airflow/example_dags/example_kubernetes_executor.py
[2022-03-28 02:42:09,800] {processor.py:642} INFO - Processing file /home/airflow/.local/lib/python3.7/site-packages/airflow/example_dags/example_kubernetes_executor.py for tasks to queue
[2022-03-28 02:42:09,802] {logging_mixin.py:109} INFO - [2022-03-28 02:42:09,802] {dagbag.py:500} INFO - Filling up the DagBag from /home/airflow/.local/lib/python3.7/site-packages/airflow/example_dags/example_kubernetes_executor.py
[2022-03-28 02:42:09,844] {processor.py:654} INFO - DAG(s) dict_keys(['example_kubernetes_executor']) retrieved from /home/airflow/.local/lib/python3.7/site-packages/airflow/example_dags/example_kubernetes_executor.py
[2022-03-28 02:42:10,246] {logging_mixin.py:109} INFO - [2022-03-28 02:42:10,246] {dag.py:2398} INFO - Sync 1 DAGs
[2022-03-28 02:42:10,262] {logging_mixin.py:109} INFO - [2022-03-28 02:42:10,262] {dag.py:2937} INFO - Setting next_dagrun for example_kubernetes_executor to None
[2022-03-28 02:42:10,304] {processor.py:171} INFO - Processing /home/airflow/.local/lib/python3.7/site-packages/airflow/example_dags/example_kubernetes_executor.py took 0.511 seconds
[2022-03-28 02:42:41,863] {processor.py:163} INFO - Started process (PID=202) to work on /home/airflow/.local/lib/python3.7/site-packages/airflow/example_dags/example_kubernetes_executor.py
[2022-03-28 02:42:41,869] {processor.py:642} INFO - Processing file /home/airflow/.local/lib/python3.7/site-packages/airflow/example_dags/example_kubernetes_executor.py for tasks to queue
[2022-03-28 02:42:41,870] {logging_mixin.py:109} INFO - [2022-03-28 02:42:41,870] {dagbag.py:500} INFO - Filling up the DagBag from /home/airflow/.local/lib/python3.7/site-packages/airflow/example_dags/example_kubernetes_executor.py
[2022-03-28 02:42:41,914] {processor.py:654} INFO - DAG(s) dict_keys(['example_kubernetes_executor']) retrieved from /home/airflow/.local/lib/python3.7/site-packages/airflow/example_dags/example_kubernetes_executor.py
[2022-03-28 02:42:41,931] {logging_mixin.py:109} INFO - [2022-03-28 02:42:41,931] {dag.py:2398} INFO - Sync 1 DAGs
[2022-03-28 02:42:41,952] {logging_mixin.py:109} INFO - [2022-03-28 02:42:41,952] {dag.py:2937} INFO - Setting next_dagrun for example_kubernetes_executor to None
[2022-03-28 02:42:41,967] {processor.py:171} INFO - Processing /home/airflow/.local/lib/python3.7/site-packages/airflow/example_dags/example_kubernetes_executor.py took 0.110 seconds
