[2022-03-28 02:41:37,171] {processor.py:163} INFO - Started process (PID=97) to work on /home/airflow/.local/lib/python3.7/site-packages/airflow/example_dags/example_dag_decorator.py
[2022-03-28 02:41:37,182] {processor.py:642} INFO - Processing file /home/airflow/.local/lib/python3.7/site-packages/airflow/example_dags/example_dag_decorator.py for tasks to queue
[2022-03-28 02:41:37,186] {logging_mixin.py:109} INFO - [2022-03-28 02:41:37,185] {dagbag.py:500} INFO - Filling up the DagBag from /home/airflow/.local/lib/python3.7/site-packages/airflow/example_dags/example_dag_decorator.py
[2022-03-28 02:41:37,706] {processor.py:654} INFO - DAG(s) dict_keys(['example_dag_decorator']) retrieved from /home/airflow/.local/lib/python3.7/site-packages/airflow/example_dags/example_dag_decorator.py
[2022-03-28 02:41:38,978] {logging_mixin.py:109} INFO - [2022-03-28 02:41:38,977] {dag.py:2398} INFO - Sync 1 DAGs
[2022-03-28 02:41:39,028] {logging_mixin.py:109} INFO - [2022-03-28 02:41:39,028] {dag.py:2937} INFO - Setting next_dagrun for example_dag_decorator to None
[2022-03-28 02:41:39,075] {processor.py:171} INFO - Processing /home/airflow/.local/lib/python3.7/site-packages/airflow/example_dags/example_dag_decorator.py took 1.924 seconds
[2022-03-28 02:42:09,360] {processor.py:163} INFO - Started process (PID=149) to work on /home/airflow/.local/lib/python3.7/site-packages/airflow/example_dags/example_dag_decorator.py
[2022-03-28 02:42:09,366] {processor.py:642} INFO - Processing file /home/airflow/.local/lib/python3.7/site-packages/airflow/example_dags/example_dag_decorator.py for tasks to queue
[2022-03-28 02:42:09,368] {logging_mixin.py:109} INFO - [2022-03-28 02:42:09,368] {dagbag.py:500} INFO - Filling up the DagBag from /home/airflow/.local/lib/python3.7/site-packages/airflow/example_dags/example_dag_decorator.py
[2022-03-28 02:42:09,431] {processor.py:654} INFO - DAG(s) dict_keys(['example_dag_decorator']) retrieved from /home/airflow/.local/lib/python3.7/site-packages/airflow/example_dags/example_dag_decorator.py
[2022-03-28 02:42:09,633] {logging_mixin.py:109} INFO - [2022-03-28 02:42:09,633] {dag.py:2398} INFO - Sync 1 DAGs
[2022-03-28 02:42:09,746] {logging_mixin.py:109} INFO - [2022-03-28 02:42:09,746] {dag.py:2937} INFO - Setting next_dagrun for example_dag_decorator to None
[2022-03-28 02:42:09,756] {processor.py:171} INFO - Processing /home/airflow/.local/lib/python3.7/site-packages/airflow/example_dags/example_dag_decorator.py took 0.402 seconds
[2022-03-28 02:42:40,424] {processor.py:163} INFO - Started process (PID=199) to work on /home/airflow/.local/lib/python3.7/site-packages/airflow/example_dags/example_dag_decorator.py
[2022-03-28 02:42:40,487] {processor.py:642} INFO - Processing file /home/airflow/.local/lib/python3.7/site-packages/airflow/example_dags/example_dag_decorator.py for tasks to queue
[2022-03-28 02:42:40,490] {logging_mixin.py:109} INFO - [2022-03-28 02:42:40,490] {dagbag.py:500} INFO - Filling up the DagBag from /home/airflow/.local/lib/python3.7/site-packages/airflow/example_dags/example_dag_decorator.py
[2022-03-28 02:42:40,546] {processor.py:654} INFO - DAG(s) dict_keys(['example_dag_decorator']) retrieved from /home/airflow/.local/lib/python3.7/site-packages/airflow/example_dags/example_dag_decorator.py
[2022-03-28 02:42:40,746] {logging_mixin.py:109} INFO - [2022-03-28 02:42:40,746] {dag.py:2398} INFO - Sync 1 DAGs
[2022-03-28 02:42:40,842] {logging_mixin.py:109} INFO - [2022-03-28 02:42:40,842] {dag.py:2937} INFO - Setting next_dagrun for example_dag_decorator to None
[2022-03-28 02:42:41,645] {processor.py:171} INFO - Processing /home/airflow/.local/lib/python3.7/site-packages/airflow/example_dags/example_dag_decorator.py took 1.226 seconds
