[2022-03-28 02:41:33,011] {processor.py:163} INFO - Started process (PID=86) to work on /home/airflow/.local/lib/python3.7/site-packages/airflow/example_dags/example_branch_day_of_week_operator.py
[2022-03-28 02:41:33,021] {processor.py:642} INFO - Processing file /home/airflow/.local/lib/python3.7/site-packages/airflow/example_dags/example_branch_day_of_week_operator.py for tasks to queue
[2022-03-28 02:41:33,066] {logging_mixin.py:109} INFO - [2022-03-28 02:41:33,066] {dagbag.py:500} INFO - Filling up the DagBag from /home/airflow/.local/lib/python3.7/site-packages/airflow/example_dags/example_branch_day_of_week_operator.py
[2022-03-28 02:41:33,339] {processor.py:654} INFO - DAG(s) dict_keys(['example_weekday_branch_operator']) retrieved from /home/airflow/.local/lib/python3.7/site-packages/airflow/example_dags/example_branch_day_of_week_operator.py
[2022-03-28 02:41:33,552] {logging_mixin.py:109} INFO - [2022-03-28 02:41:33,551] {dag.py:2398} INFO - Sync 1 DAGs
[2022-03-28 02:41:33,699] {logging_mixin.py:109} INFO - [2022-03-28 02:41:33,699] {dag.py:2937} INFO - Setting next_dagrun for example_weekday_branch_operator to 2022-03-27 00:00:00+00:00
[2022-03-28 02:41:33,771] {processor.py:171} INFO - Processing /home/airflow/.local/lib/python3.7/site-packages/airflow/example_dags/example_branch_day_of_week_operator.py took 0.796 seconds
[2022-03-28 02:42:04,213] {processor.py:163} INFO - Started process (PID=137) to work on /home/airflow/.local/lib/python3.7/site-packages/airflow/example_dags/example_branch_day_of_week_operator.py
[2022-03-28 02:42:04,216] {processor.py:642} INFO - Processing file /home/airflow/.local/lib/python3.7/site-packages/airflow/example_dags/example_branch_day_of_week_operator.py for tasks to queue
[2022-03-28 02:42:04,222] {logging_mixin.py:109} INFO - [2022-03-28 02:42:04,222] {dagbag.py:500} INFO - Filling up the DagBag from /home/airflow/.local/lib/python3.7/site-packages/airflow/example_dags/example_branch_day_of_week_operator.py
[2022-03-28 02:42:04,337] {processor.py:654} INFO - DAG(s) dict_keys(['example_weekday_branch_operator']) retrieved from /home/airflow/.local/lib/python3.7/site-packages/airflow/example_dags/example_branch_day_of_week_operator.py
[2022-03-28 02:42:04,376] {logging_mixin.py:109} INFO - [2022-03-28 02:42:04,375] {dag.py:2398} INFO - Sync 1 DAGs
[2022-03-28 02:42:04,425] {logging_mixin.py:109} INFO - [2022-03-28 02:42:04,425] {dag.py:2937} INFO - Setting next_dagrun for example_weekday_branch_operator to 2022-03-27 00:00:00+00:00
[2022-03-28 02:42:04,484] {processor.py:171} INFO - Processing /home/airflow/.local/lib/python3.7/site-packages/airflow/example_dags/example_branch_day_of_week_operator.py took 0.280 seconds
[2022-03-28 02:42:34,577] {processor.py:163} INFO - Started process (PID=186) to work on /home/airflow/.local/lib/python3.7/site-packages/airflow/example_dags/example_branch_day_of_week_operator.py
[2022-03-28 02:42:34,578] {processor.py:642} INFO - Processing file /home/airflow/.local/lib/python3.7/site-packages/airflow/example_dags/example_branch_day_of_week_operator.py for tasks to queue
[2022-03-28 02:42:34,580] {logging_mixin.py:109} INFO - [2022-03-28 02:42:34,579] {dagbag.py:500} INFO - Filling up the DagBag from /home/airflow/.local/lib/python3.7/site-packages/airflow/example_dags/example_branch_day_of_week_operator.py
[2022-03-28 02:42:34,623] {processor.py:654} INFO - DAG(s) dict_keys(['example_weekday_branch_operator']) retrieved from /home/airflow/.local/lib/python3.7/site-packages/airflow/example_dags/example_branch_day_of_week_operator.py
[2022-03-28 02:42:34,637] {logging_mixin.py:109} INFO - [2022-03-28 02:42:34,637] {dag.py:2398} INFO - Sync 1 DAGs
[2022-03-28 02:42:34,660] {logging_mixin.py:109} INFO - [2022-03-28 02:42:34,660] {dag.py:2937} INFO - Setting next_dagrun for example_weekday_branch_operator to 2022-03-27 00:00:00+00:00
[2022-03-28 02:42:34,672] {processor.py:171} INFO - Processing /home/airflow/.local/lib/python3.7/site-packages/airflow/example_dags/example_branch_day_of_week_operator.py took 0.099 seconds
