[2022-03-28 02:41:36,323] {processor.py:163} INFO - Started process (PID=94) to work on /home/airflow/.local/lib/python3.7/site-packages/airflow/example_dags/example_branch_operator.py
[2022-03-28 02:41:36,332] {processor.py:642} INFO - Processing file /home/airflow/.local/lib/python3.7/site-packages/airflow/example_dags/example_branch_operator.py for tasks to queue
[2022-03-28 02:41:36,338] {logging_mixin.py:109} INFO - [2022-03-28 02:41:36,336] {dagbag.py:500} INFO - Filling up the DagBag from /home/airflow/.local/lib/python3.7/site-packages/airflow/example_dags/example_branch_operator.py
[2022-03-28 02:41:36,494] {processor.py:654} INFO - DAG(s) dict_keys(['example_branch_operator']) retrieved from /home/airflow/.local/lib/python3.7/site-packages/airflow/example_dags/example_branch_operator.py
[2022-03-28 02:41:36,523] {logging_mixin.py:109} INFO - [2022-03-28 02:41:36,523] {dag.py:2398} INFO - Sync 1 DAGs
[2022-03-28 02:41:36,629] {logging_mixin.py:109} INFO - [2022-03-28 02:41:36,628] {dag.py:2937} INFO - Setting next_dagrun for example_branch_operator to 2022-03-27 00:00:00+00:00
[2022-03-28 02:41:36,668] {processor.py:171} INFO - Processing /home/airflow/.local/lib/python3.7/site-packages/airflow/example_dags/example_branch_operator.py took 0.381 seconds
[2022-03-28 02:42:07,081] {processor.py:163} INFO - Started process (PID=145) to work on /home/airflow/.local/lib/python3.7/site-packages/airflow/example_dags/example_branch_operator.py
[2022-03-28 02:42:07,084] {processor.py:642} INFO - Processing file /home/airflow/.local/lib/python3.7/site-packages/airflow/example_dags/example_branch_operator.py for tasks to queue
[2022-03-28 02:42:07,088] {logging_mixin.py:109} INFO - [2022-03-28 02:42:07,088] {dagbag.py:500} INFO - Filling up the DagBag from /home/airflow/.local/lib/python3.7/site-packages/airflow/example_dags/example_branch_operator.py
[2022-03-28 02:42:07,200] {processor.py:654} INFO - DAG(s) dict_keys(['example_branch_operator']) retrieved from /home/airflow/.local/lib/python3.7/site-packages/airflow/example_dags/example_branch_operator.py
[2022-03-28 02:42:07,217] {logging_mixin.py:109} INFO - [2022-03-28 02:42:07,217] {dag.py:2398} INFO - Sync 1 DAGs
[2022-03-28 02:42:07,262] {logging_mixin.py:109} INFO - [2022-03-28 02:42:07,261] {dag.py:2937} INFO - Setting next_dagrun for example_branch_operator to 2022-03-27 00:00:00+00:00
[2022-03-28 02:42:07,281] {processor.py:171} INFO - Processing /home/airflow/.local/lib/python3.7/site-packages/airflow/example_dags/example_branch_operator.py took 0.213 seconds
[2022-03-28 02:42:38,189] {processor.py:163} INFO - Started process (PID=195) to work on /home/airflow/.local/lib/python3.7/site-packages/airflow/example_dags/example_branch_operator.py
[2022-03-28 02:42:38,192] {processor.py:642} INFO - Processing file /home/airflow/.local/lib/python3.7/site-packages/airflow/example_dags/example_branch_operator.py for tasks to queue
[2022-03-28 02:42:38,194] {logging_mixin.py:109} INFO - [2022-03-28 02:42:38,193] {dagbag.py:500} INFO - Filling up the DagBag from /home/airflow/.local/lib/python3.7/site-packages/airflow/example_dags/example_branch_operator.py
[2022-03-28 02:42:38,259] {processor.py:654} INFO - DAG(s) dict_keys(['example_branch_operator']) retrieved from /home/airflow/.local/lib/python3.7/site-packages/airflow/example_dags/example_branch_operator.py
[2022-03-28 02:42:38,275] {logging_mixin.py:109} INFO - [2022-03-28 02:42:38,275] {dag.py:2398} INFO - Sync 1 DAGs
[2022-03-28 02:42:38,298] {logging_mixin.py:109} INFO - [2022-03-28 02:42:38,298] {dag.py:2937} INFO - Setting next_dagrun for example_branch_operator to 2022-03-27 00:00:00+00:00
[2022-03-28 02:42:38,312] {processor.py:171} INFO - Processing /home/airflow/.local/lib/python3.7/site-packages/airflow/example_dags/example_branch_operator.py took 0.129 seconds
