[2022-03-28 02:41:47,647] {processor.py:163} INFO - Started process (PID=120) to work on /home/airflow/.local/lib/python3.7/site-packages/airflow/example_dags/example_task_group_decorator.py
[2022-03-28 02:41:47,651] {processor.py:642} INFO - Processing file /home/airflow/.local/lib/python3.7/site-packages/airflow/example_dags/example_task_group_decorator.py for tasks to queue
[2022-03-28 02:41:47,653] {logging_mixin.py:109} INFO - [2022-03-28 02:41:47,653] {dagbag.py:500} INFO - Filling up the DagBag from /home/airflow/.local/lib/python3.7/site-packages/airflow/example_dags/example_task_group_decorator.py
[2022-03-28 02:41:47,841] {processor.py:654} INFO - DAG(s) dict_keys(['example_task_group_decorator']) retrieved from /home/airflow/.local/lib/python3.7/site-packages/airflow/example_dags/example_task_group_decorator.py
[2022-03-28 02:41:50,593] {logging_mixin.py:109} INFO - [2022-03-28 02:41:50,586] {dag.py:2398} INFO - Sync 1 DAGs
[2022-03-28 02:41:50,652] {logging_mixin.py:109} INFO - [2022-03-28 02:41:50,652] {dag.py:2937} INFO - Setting next_dagrun for example_task_group_decorator to 2022-03-27T02:41:50.652312+00:00
[2022-03-28 02:41:50,727] {processor.py:171} INFO - Processing /home/airflow/.local/lib/python3.7/site-packages/airflow/example_dags/example_task_group_decorator.py took 3.100 seconds
[2022-03-28 02:42:21,365] {processor.py:163} INFO - Started process (PID=174) to work on /home/airflow/.local/lib/python3.7/site-packages/airflow/example_dags/example_task_group_decorator.py
[2022-03-28 02:42:21,370] {processor.py:642} INFO - Processing file /home/airflow/.local/lib/python3.7/site-packages/airflow/example_dags/example_task_group_decorator.py for tasks to queue
[2022-03-28 02:42:21,372] {logging_mixin.py:109} INFO - [2022-03-28 02:42:21,372] {dagbag.py:500} INFO - Filling up the DagBag from /home/airflow/.local/lib/python3.7/site-packages/airflow/example_dags/example_task_group_decorator.py
[2022-03-28 02:42:21,452] {processor.py:654} INFO - DAG(s) dict_keys(['example_task_group_decorator']) retrieved from /home/airflow/.local/lib/python3.7/site-packages/airflow/example_dags/example_task_group_decorator.py
[2022-03-28 02:42:21,657] {logging_mixin.py:109} INFO - [2022-03-28 02:42:21,657] {dag.py:2398} INFO - Sync 1 DAGs
[2022-03-28 02:42:21,680] {logging_mixin.py:109} INFO - [2022-03-28 02:42:21,680] {dag.py:2937} INFO - Setting next_dagrun for example_task_group_decorator to 2022-03-27T02:42:21.679872+00:00
[2022-03-28 02:42:21,697] {processor.py:171} INFO - Processing /home/airflow/.local/lib/python3.7/site-packages/airflow/example_dags/example_task_group_decorator.py took 0.340 seconds
[2022-03-28 02:42:51,991] {processor.py:163} INFO - Started process (PID=224) to work on /home/airflow/.local/lib/python3.7/site-packages/airflow/example_dags/example_task_group_decorator.py
[2022-03-28 02:42:51,999] {processor.py:642} INFO - Processing file /home/airflow/.local/lib/python3.7/site-packages/airflow/example_dags/example_task_group_decorator.py for tasks to queue
[2022-03-28 02:42:52,001] {logging_mixin.py:109} INFO - [2022-03-28 02:42:52,001] {dagbag.py:500} INFO - Filling up the DagBag from /home/airflow/.local/lib/python3.7/site-packages/airflow/example_dags/example_task_group_decorator.py
[2022-03-28 02:42:52,111] {processor.py:654} INFO - DAG(s) dict_keys(['example_task_group_decorator']) retrieved from /home/airflow/.local/lib/python3.7/site-packages/airflow/example_dags/example_task_group_decorator.py
[2022-03-28 02:42:52,408] {logging_mixin.py:109} INFO - [2022-03-28 02:42:52,408] {dag.py:2398} INFO - Sync 1 DAGs
[2022-03-28 02:42:52,425] {logging_mixin.py:109} INFO - [2022-03-28 02:42:52,425] {dag.py:2937} INFO - Setting next_dagrun for example_task_group_decorator to 2022-03-27T02:42:52.424762+00:00
[2022-03-28 02:42:52,437] {processor.py:171} INFO - Processing /home/airflow/.local/lib/python3.7/site-packages/airflow/example_dags/example_task_group_decorator.py took 0.451 seconds
