[2022-03-28 02:41:46,605] {processor.py:163} INFO - Started process (PID=119) to work on /home/airflow/.local/lib/python3.7/site-packages/airflow/example_dags/example_task_group.py
[2022-03-28 02:41:46,608] {processor.py:642} INFO - Processing file /home/airflow/.local/lib/python3.7/site-packages/airflow/example_dags/example_task_group.py for tasks to queue
[2022-03-28 02:41:46,622] {logging_mixin.py:109} INFO - [2022-03-28 02:41:46,622] {dagbag.py:500} INFO - Filling up the DagBag from /home/airflow/.local/lib/python3.7/site-packages/airflow/example_dags/example_task_group.py
[2022-03-28 02:41:47,453] {processor.py:654} INFO - DAG(s) dict_keys(['example_task_group']) retrieved from /home/airflow/.local/lib/python3.7/site-packages/airflow/example_dags/example_task_group.py
[2022-03-28 02:41:47,816] {logging_mixin.py:109} INFO - [2022-03-28 02:41:47,815] {dag.py:2398} INFO - Sync 1 DAGs
[2022-03-28 02:41:47,911] {logging_mixin.py:109} INFO - [2022-03-28 02:41:47,911] {dag.py:2937} INFO - Setting next_dagrun for example_task_group to 2022-03-27T02:41:47.910426+00:00
[2022-03-28 02:41:48,012] {processor.py:171} INFO - Processing /home/airflow/.local/lib/python3.7/site-packages/airflow/example_dags/example_task_group.py took 1.450 seconds
[2022-03-28 02:42:18,116] {processor.py:163} INFO - Started process (PID=170) to work on /home/airflow/.local/lib/python3.7/site-packages/airflow/example_dags/example_task_group.py
[2022-03-28 02:42:18,120] {processor.py:642} INFO - Processing file /home/airflow/.local/lib/python3.7/site-packages/airflow/example_dags/example_task_group.py for tasks to queue
[2022-03-28 02:42:18,124] {logging_mixin.py:109} INFO - [2022-03-28 02:42:18,124] {dagbag.py:500} INFO - Filling up the DagBag from /home/airflow/.local/lib/python3.7/site-packages/airflow/example_dags/example_task_group.py
[2022-03-28 02:42:18,198] {processor.py:654} INFO - DAG(s) dict_keys(['example_task_group']) retrieved from /home/airflow/.local/lib/python3.7/site-packages/airflow/example_dags/example_task_group.py
[2022-03-28 02:42:18,223] {logging_mixin.py:109} INFO - [2022-03-28 02:42:18,223] {dag.py:2398} INFO - Sync 1 DAGs
[2022-03-28 02:42:18,258] {logging_mixin.py:109} INFO - [2022-03-28 02:42:18,258] {dag.py:2937} INFO - Setting next_dagrun for example_task_group to 2022-03-27T02:42:18.258064+00:00
[2022-03-28 02:42:18,288] {processor.py:171} INFO - Processing /home/airflow/.local/lib/python3.7/site-packages/airflow/example_dags/example_task_group.py took 0.179 seconds
[2022-03-28 02:42:48,746] {processor.py:163} INFO - Started process (PID=220) to work on /home/airflow/.local/lib/python3.7/site-packages/airflow/example_dags/example_task_group.py
[2022-03-28 02:42:48,750] {processor.py:642} INFO - Processing file /home/airflow/.local/lib/python3.7/site-packages/airflow/example_dags/example_task_group.py for tasks to queue
[2022-03-28 02:42:48,752] {logging_mixin.py:109} INFO - [2022-03-28 02:42:48,752] {dagbag.py:500} INFO - Filling up the DagBag from /home/airflow/.local/lib/python3.7/site-packages/airflow/example_dags/example_task_group.py
[2022-03-28 02:42:48,797] {processor.py:654} INFO - DAG(s) dict_keys(['example_task_group']) retrieved from /home/airflow/.local/lib/python3.7/site-packages/airflow/example_dags/example_task_group.py
[2022-03-28 02:42:48,813] {logging_mixin.py:109} INFO - [2022-03-28 02:42:48,812] {dag.py:2398} INFO - Sync 1 DAGs
[2022-03-28 02:42:48,838] {logging_mixin.py:109} INFO - [2022-03-28 02:42:48,838] {dag.py:2937} INFO - Setting next_dagrun for example_task_group to 2022-03-27T02:42:48.838463+00:00
[2022-03-28 02:42:48,853] {processor.py:171} INFO - Processing /home/airflow/.local/lib/python3.7/site-packages/airflow/example_dags/example_task_group.py took 0.110 seconds
