[2022-03-28 02:41:32,426] {processor.py:163} INFO - Started process (PID=85) to work on /home/airflow/.local/lib/python3.7/site-packages/airflow/example_dags/example_latest_only_with_trigger.py
[2022-03-28 02:41:32,431] {processor.py:642} INFO - Processing file /home/airflow/.local/lib/python3.7/site-packages/airflow/example_dags/example_latest_only_with_trigger.py for tasks to queue
[2022-03-28 02:41:32,435] {logging_mixin.py:109} INFO - [2022-03-28 02:41:32,435] {dagbag.py:500} INFO - Filling up the DagBag from /home/airflow/.local/lib/python3.7/site-packages/airflow/example_dags/example_latest_only_with_trigger.py
[2022-03-28 02:41:32,908] {processor.py:654} INFO - DAG(s) dict_keys(['latest_only_with_trigger']) retrieved from /home/airflow/.local/lib/python3.7/site-packages/airflow/example_dags/example_latest_only_with_trigger.py
[2022-03-28 02:41:32,990] {logging_mixin.py:109} INFO - [2022-03-28 02:41:32,990] {dag.py:2398} INFO - Sync 1 DAGs
[2022-03-28 02:41:33,106] {logging_mixin.py:109} INFO - [2022-03-28 02:41:33,105] {dag.py:2937} INFO - Setting next_dagrun for latest_only_with_trigger to 2022-03-27T22:41:33.105501+00:00
[2022-03-28 02:41:33,160] {processor.py:171} INFO - Processing /home/airflow/.local/lib/python3.7/site-packages/airflow/example_dags/example_latest_only_with_trigger.py took 0.817 seconds
[2022-03-28 02:42:03,892] {processor.py:163} INFO - Started process (PID=136) to work on /home/airflow/.local/lib/python3.7/site-packages/airflow/example_dags/example_latest_only_with_trigger.py
[2022-03-28 02:42:03,900] {processor.py:642} INFO - Processing file /home/airflow/.local/lib/python3.7/site-packages/airflow/example_dags/example_latest_only_with_trigger.py for tasks to queue
[2022-03-28 02:42:03,925] {logging_mixin.py:109} INFO - [2022-03-28 02:42:03,925] {dagbag.py:500} INFO - Filling up the DagBag from /home/airflow/.local/lib/python3.7/site-packages/airflow/example_dags/example_latest_only_with_trigger.py
[2022-03-28 02:42:04,055] {processor.py:654} INFO - DAG(s) dict_keys(['latest_only_with_trigger']) retrieved from /home/airflow/.local/lib/python3.7/site-packages/airflow/example_dags/example_latest_only_with_trigger.py
[2022-03-28 02:42:04,081] {logging_mixin.py:109} INFO - [2022-03-28 02:42:04,081] {dag.py:2398} INFO - Sync 1 DAGs
[2022-03-28 02:42:04,131] {logging_mixin.py:109} INFO - [2022-03-28 02:42:04,131] {dag.py:2937} INFO - Setting next_dagrun for latest_only_with_trigger to 2022-03-27T22:42:04.131428+00:00
[2022-03-28 02:42:04,156] {processor.py:171} INFO - Processing /home/airflow/.local/lib/python3.7/site-packages/airflow/example_dags/example_latest_only_with_trigger.py took 0.284 seconds
[2022-03-28 02:42:34,467] {processor.py:163} INFO - Started process (PID=185) to work on /home/airflow/.local/lib/python3.7/site-packages/airflow/example_dags/example_latest_only_with_trigger.py
[2022-03-28 02:42:34,473] {processor.py:642} INFO - Processing file /home/airflow/.local/lib/python3.7/site-packages/airflow/example_dags/example_latest_only_with_trigger.py for tasks to queue
[2022-03-28 02:42:34,474] {logging_mixin.py:109} INFO - [2022-03-28 02:42:34,474] {dagbag.py:500} INFO - Filling up the DagBag from /home/airflow/.local/lib/python3.7/site-packages/airflow/example_dags/example_latest_only_with_trigger.py
[2022-03-28 02:42:34,510] {processor.py:654} INFO - DAG(s) dict_keys(['latest_only_with_trigger']) retrieved from /home/airflow/.local/lib/python3.7/site-packages/airflow/example_dags/example_latest_only_with_trigger.py
[2022-03-28 02:42:34,521] {logging_mixin.py:109} INFO - [2022-03-28 02:42:34,521] {dag.py:2398} INFO - Sync 1 DAGs
[2022-03-28 02:42:34,536] {logging_mixin.py:109} INFO - [2022-03-28 02:42:34,536] {dag.py:2937} INFO - Setting next_dagrun for latest_only_with_trigger to 2022-03-27T22:42:34.536403+00:00
[2022-03-28 02:42:34,549] {processor.py:171} INFO - Processing /home/airflow/.local/lib/python3.7/site-packages/airflow/example_dags/example_latest_only_with_trigger.py took 0.088 seconds
