[2022-03-28 02:41:36,128] {processor.py:163} INFO - Started process (PID=93) to work on /home/airflow/.local/lib/python3.7/site-packages/airflow/example_dags/example_skip_dag.py
[2022-03-28 02:41:36,133] {processor.py:642} INFO - Processing file /home/airflow/.local/lib/python3.7/site-packages/airflow/example_dags/example_skip_dag.py for tasks to queue
[2022-03-28 02:41:36,135] {logging_mixin.py:109} INFO - [2022-03-28 02:41:36,135] {dagbag.py:500} INFO - Filling up the DagBag from /home/airflow/.local/lib/python3.7/site-packages/airflow/example_dags/example_skip_dag.py
[2022-03-28 02:41:36,297] {processor.py:654} INFO - DAG(s) dict_keys(['example_skip_dag']) retrieved from /home/airflow/.local/lib/python3.7/site-packages/airflow/example_dags/example_skip_dag.py
[2022-03-28 02:41:36,354] {logging_mixin.py:109} INFO - [2022-03-28 02:41:36,353] {dag.py:2398} INFO - Sync 1 DAGs
[2022-03-28 02:41:36,430] {logging_mixin.py:109} INFO - [2022-03-28 02:41:36,430] {dag.py:2937} INFO - Setting next_dagrun for example_skip_dag to 2022-03-27T02:41:36.430294+00:00
[2022-03-28 02:41:36,468] {processor.py:171} INFO - Processing /home/airflow/.local/lib/python3.7/site-packages/airflow/example_dags/example_skip_dag.py took 0.383 seconds
[2022-03-28 02:42:06,769] {processor.py:163} INFO - Started process (PID=144) to work on /home/airflow/.local/lib/python3.7/site-packages/airflow/example_dags/example_skip_dag.py
[2022-03-28 02:42:06,772] {processor.py:642} INFO - Processing file /home/airflow/.local/lib/python3.7/site-packages/airflow/example_dags/example_skip_dag.py for tasks to queue
[2022-03-28 02:42:06,775] {logging_mixin.py:109} INFO - [2022-03-28 02:42:06,774] {dagbag.py:500} INFO - Filling up the DagBag from /home/airflow/.local/lib/python3.7/site-packages/airflow/example_dags/example_skip_dag.py
[2022-03-28 02:42:06,899] {processor.py:654} INFO - DAG(s) dict_keys(['example_skip_dag']) retrieved from /home/airflow/.local/lib/python3.7/site-packages/airflow/example_dags/example_skip_dag.py
[2022-03-28 02:42:07,004] {logging_mixin.py:109} INFO - [2022-03-28 02:42:07,004] {dag.py:2398} INFO - Sync 1 DAGs
[2022-03-28 02:42:07,068] {logging_mixin.py:109} INFO - [2022-03-28 02:42:07,068] {dag.py:2937} INFO - Setting next_dagrun for example_skip_dag to 2022-03-27T02:42:07.067745+00:00
[2022-03-28 02:42:07,103] {processor.py:171} INFO - Processing /home/airflow/.local/lib/python3.7/site-packages/airflow/example_dags/example_skip_dag.py took 0.340 seconds
[2022-03-28 02:42:37,173] {processor.py:163} INFO - Started process (PID=194) to work on /home/airflow/.local/lib/python3.7/site-packages/airflow/example_dags/example_skip_dag.py
[2022-03-28 02:42:37,175] {processor.py:642} INFO - Processing file /home/airflow/.local/lib/python3.7/site-packages/airflow/example_dags/example_skip_dag.py for tasks to queue
[2022-03-28 02:42:37,176] {logging_mixin.py:109} INFO - [2022-03-28 02:42:37,176] {dagbag.py:500} INFO - Filling up the DagBag from /home/airflow/.local/lib/python3.7/site-packages/airflow/example_dags/example_skip_dag.py
[2022-03-28 02:42:37,219] {processor.py:654} INFO - DAG(s) dict_keys(['example_skip_dag']) retrieved from /home/airflow/.local/lib/python3.7/site-packages/airflow/example_dags/example_skip_dag.py
[2022-03-28 02:42:37,235] {logging_mixin.py:109} INFO - [2022-03-28 02:42:37,235] {dag.py:2398} INFO - Sync 1 DAGs
[2022-03-28 02:42:37,256] {logging_mixin.py:109} INFO - [2022-03-28 02:42:37,256] {dag.py:2937} INFO - Setting next_dagrun for example_skip_dag to 2022-03-27T02:42:37.256045+00:00
[2022-03-28 02:42:37,281] {processor.py:171} INFO - Processing /home/airflow/.local/lib/python3.7/site-packages/airflow/example_dags/example_skip_dag.py took 0.112 seconds
