[2022-03-28 02:41:39,769] {processor.py:163} INFO - Started process (PID=103) to work on /home/airflow/.local/lib/python3.7/site-packages/airflow/example_dags/example_sla_dag.py
[2022-03-28 02:41:39,775] {processor.py:642} INFO - Processing file /home/airflow/.local/lib/python3.7/site-packages/airflow/example_dags/example_sla_dag.py for tasks to queue
[2022-03-28 02:41:39,780] {logging_mixin.py:109} INFO - [2022-03-28 02:41:39,780] {dagbag.py:500} INFO - Filling up the DagBag from /home/airflow/.local/lib/python3.7/site-packages/airflow/example_dags/example_sla_dag.py
[2022-03-28 02:41:39,836] {processor.py:654} INFO - DAG(s) dict_keys(['example_sla_dag']) retrieved from /home/airflow/.local/lib/python3.7/site-packages/airflow/example_dags/example_sla_dag.py
[2022-03-28 02:41:40,070] {logging_mixin.py:109} INFO - [2022-03-28 02:41:40,069] {dag.py:2398} INFO - Sync 1 DAGs
[2022-03-28 02:41:40,350] {logging_mixin.py:109} INFO - [2022-03-28 02:41:40,349] {dag.py:2937} INFO - Setting next_dagrun for example_sla_dag to 2022-03-28T02:38:00+00:00
[2022-03-28 02:41:41,229] {processor.py:171} INFO - Processing /home/airflow/.local/lib/python3.7/site-packages/airflow/example_dags/example_sla_dag.py took 1.477 seconds
[2022-03-28 02:42:11,335] {processor.py:163} INFO - Started process (PID=154) to work on /home/airflow/.local/lib/python3.7/site-packages/airflow/example_dags/example_sla_dag.py
[2022-03-28 02:42:11,337] {processor.py:642} INFO - Processing file /home/airflow/.local/lib/python3.7/site-packages/airflow/example_dags/example_sla_dag.py for tasks to queue
[2022-03-28 02:42:11,338] {logging_mixin.py:109} INFO - [2022-03-28 02:42:11,338] {dagbag.py:500} INFO - Filling up the DagBag from /home/airflow/.local/lib/python3.7/site-packages/airflow/example_dags/example_sla_dag.py
[2022-03-28 02:42:11,374] {processor.py:654} INFO - DAG(s) dict_keys(['example_sla_dag']) retrieved from /home/airflow/.local/lib/python3.7/site-packages/airflow/example_dags/example_sla_dag.py
[2022-03-28 02:42:11,386] {logging_mixin.py:109} INFO - [2022-03-28 02:42:11,386] {dag.py:2398} INFO - Sync 1 DAGs
[2022-03-28 02:42:11,406] {logging_mixin.py:109} INFO - [2022-03-28 02:42:11,406] {dag.py:2937} INFO - Setting next_dagrun for example_sla_dag to 2022-03-28T02:40:00+00:00
[2022-03-28 02:42:11,416] {processor.py:171} INFO - Processing /home/airflow/.local/lib/python3.7/site-packages/airflow/example_dags/example_sla_dag.py took 0.084 seconds
[2022-03-28 02:42:42,026] {processor.py:163} INFO - Started process (PID=204) to work on /home/airflow/.local/lib/python3.7/site-packages/airflow/example_dags/example_sla_dag.py
[2022-03-28 02:42:42,028] {processor.py:642} INFO - Processing file /home/airflow/.local/lib/python3.7/site-packages/airflow/example_dags/example_sla_dag.py for tasks to queue
[2022-03-28 02:42:42,031] {logging_mixin.py:109} INFO - [2022-03-28 02:42:42,031] {dagbag.py:500} INFO - Filling up the DagBag from /home/airflow/.local/lib/python3.7/site-packages/airflow/example_dags/example_sla_dag.py
[2022-03-28 02:42:42,111] {processor.py:654} INFO - DAG(s) dict_keys(['example_sla_dag']) retrieved from /home/airflow/.local/lib/python3.7/site-packages/airflow/example_dags/example_sla_dag.py
[2022-03-28 02:42:42,132] {logging_mixin.py:109} INFO - [2022-03-28 02:42:42,131] {dag.py:2398} INFO - Sync 1 DAGs
[2022-03-28 02:42:42,179] {logging_mixin.py:109} INFO - [2022-03-28 02:42:42,178] {dag.py:2937} INFO - Setting next_dagrun for example_sla_dag to 2022-03-28T02:40:00+00:00
[2022-03-28 02:42:42,197] {processor.py:171} INFO - Processing /home/airflow/.local/lib/python3.7/site-packages/airflow/example_dags/example_sla_dag.py took 0.181 seconds
