[2022-03-28 02:41:38,345] {processor.py:163} INFO - Started process (PID=99) to work on /home/airflow/.local/lib/python3.7/site-packages/airflow/example_dags/example_branch_python_dop_operator_3.py
[2022-03-28 02:41:38,350] {processor.py:642} INFO - Processing file /home/airflow/.local/lib/python3.7/site-packages/airflow/example_dags/example_branch_python_dop_operator_3.py for tasks to queue
[2022-03-28 02:41:38,367] {logging_mixin.py:109} INFO - [2022-03-28 02:41:38,355] {dagbag.py:500} INFO - Filling up the DagBag from /home/airflow/.local/lib/python3.7/site-packages/airflow/example_dags/example_branch_python_dop_operator_3.py
[2022-03-28 02:41:38,589] {processor.py:654} INFO - DAG(s) dict_keys(['example_branch_dop_operator_v3']) retrieved from /home/airflow/.local/lib/python3.7/site-packages/airflow/example_dags/example_branch_python_dop_operator_3.py
[2022-03-28 02:41:38,629] {logging_mixin.py:109} INFO - [2022-03-28 02:41:38,629] {dag.py:2398} INFO - Sync 1 DAGs
[2022-03-28 02:41:38,777] {logging_mixin.py:109} INFO - [2022-03-28 02:41:38,777] {dag.py:2937} INFO - Setting next_dagrun for example_branch_dop_operator_v3 to 2022-03-28T02:40:00+00:00
[2022-03-28 02:41:38,867] {processor.py:171} INFO - Processing /home/airflow/.local/lib/python3.7/site-packages/airflow/example_dags/example_branch_python_dop_operator_3.py took 0.542 seconds
[2022-03-28 02:42:09,366] {processor.py:163} INFO - Started process (PID=150) to work on /home/airflow/.local/lib/python3.7/site-packages/airflow/example_dags/example_branch_python_dop_operator_3.py
[2022-03-28 02:42:09,368] {processor.py:642} INFO - Processing file /home/airflow/.local/lib/python3.7/site-packages/airflow/example_dags/example_branch_python_dop_operator_3.py for tasks to queue
[2022-03-28 02:42:09,369] {logging_mixin.py:109} INFO - [2022-03-28 02:42:09,369] {dagbag.py:500} INFO - Filling up the DagBag from /home/airflow/.local/lib/python3.7/site-packages/airflow/example_dags/example_branch_python_dop_operator_3.py
[2022-03-28 02:42:09,405] {processor.py:654} INFO - DAG(s) dict_keys(['example_branch_dop_operator_v3']) retrieved from /home/airflow/.local/lib/python3.7/site-packages/airflow/example_dags/example_branch_python_dop_operator_3.py
[2022-03-28 02:42:09,425] {logging_mixin.py:109} INFO - [2022-03-28 02:42:09,425] {dag.py:2398} INFO - Sync 1 DAGs
[2022-03-28 02:42:09,450] {logging_mixin.py:109} INFO - [2022-03-28 02:42:09,450] {dag.py:2937} INFO - Setting next_dagrun for example_branch_dop_operator_v3 to 2022-03-28T02:41:00+00:00
[2022-03-28 02:42:09,460] {processor.py:171} INFO - Processing /home/airflow/.local/lib/python3.7/site-packages/airflow/example_dags/example_branch_python_dop_operator_3.py took 0.098 seconds
[2022-03-28 02:42:40,431] {processor.py:163} INFO - Started process (PID=200) to work on /home/airflow/.local/lib/python3.7/site-packages/airflow/example_dags/example_branch_python_dop_operator_3.py
[2022-03-28 02:42:40,486] {processor.py:642} INFO - Processing file /home/airflow/.local/lib/python3.7/site-packages/airflow/example_dags/example_branch_python_dop_operator_3.py for tasks to queue
[2022-03-28 02:42:40,487] {logging_mixin.py:109} INFO - [2022-03-28 02:42:40,487] {dagbag.py:500} INFO - Filling up the DagBag from /home/airflow/.local/lib/python3.7/site-packages/airflow/example_dags/example_branch_python_dop_operator_3.py
[2022-03-28 02:42:40,527] {processor.py:654} INFO - DAG(s) dict_keys(['example_branch_dop_operator_v3']) retrieved from /home/airflow/.local/lib/python3.7/site-packages/airflow/example_dags/example_branch_python_dop_operator_3.py
[2022-03-28 02:42:40,538] {logging_mixin.py:109} INFO - [2022-03-28 02:42:40,538] {dag.py:2398} INFO - Sync 1 DAGs
[2022-03-28 02:42:40,569] {logging_mixin.py:109} INFO - [2022-03-28 02:42:40,568] {dag.py:2937} INFO - Setting next_dagrun for example_branch_dop_operator_v3 to 2022-03-28T02:41:00+00:00
[2022-03-28 02:42:40,582] {processor.py:171} INFO - Processing /home/airflow/.local/lib/python3.7/site-packages/airflow/example_dags/example_branch_python_dop_operator_3.py took 0.154 seconds
