[2022-03-28 02:41:34,638] {processor.py:163} INFO - Started process (PID=89) to work on /home/airflow/.local/lib/python3.7/site-packages/airflow/example_dags/example_latest_only.py
[2022-03-28 02:41:34,646] {processor.py:642} INFO - Processing file /home/airflow/.local/lib/python3.7/site-packages/airflow/example_dags/example_latest_only.py for tasks to queue
[2022-03-28 02:41:34,655] {logging_mixin.py:109} INFO - [2022-03-28 02:41:34,654] {dagbag.py:500} INFO - Filling up the DagBag from /home/airflow/.local/lib/python3.7/site-packages/airflow/example_dags/example_latest_only.py
[2022-03-28 02:41:34,823] {processor.py:654} INFO - DAG(s) dict_keys(['latest_only']) retrieved from /home/airflow/.local/lib/python3.7/site-packages/airflow/example_dags/example_latest_only.py
[2022-03-28 02:41:34,858] {logging_mixin.py:109} INFO - [2022-03-28 02:41:34,858] {dag.py:2398} INFO - Sync 1 DAGs
[2022-03-28 02:41:34,935] {logging_mixin.py:109} INFO - [2022-03-28 02:41:34,935] {dag.py:2937} INFO - Setting next_dagrun for latest_only to 2022-03-27T22:41:34.934931+00:00
[2022-03-28 02:41:34,976] {processor.py:171} INFO - Processing /home/airflow/.local/lib/python3.7/site-packages/airflow/example_dags/example_latest_only.py took 0.367 seconds
[2022-03-28 02:42:05,915] {processor.py:163} INFO - Started process (PID=140) to work on /home/airflow/.local/lib/python3.7/site-packages/airflow/example_dags/example_latest_only.py
[2022-03-28 02:42:05,923] {processor.py:642} INFO - Processing file /home/airflow/.local/lib/python3.7/site-packages/airflow/example_dags/example_latest_only.py for tasks to queue
[2022-03-28 02:42:05,928] {logging_mixin.py:109} INFO - [2022-03-28 02:42:05,928] {dagbag.py:500} INFO - Filling up the DagBag from /home/airflow/.local/lib/python3.7/site-packages/airflow/example_dags/example_latest_only.py
[2022-03-28 02:42:06,066] {processor.py:654} INFO - DAG(s) dict_keys(['latest_only']) retrieved from /home/airflow/.local/lib/python3.7/site-packages/airflow/example_dags/example_latest_only.py
[2022-03-28 02:42:06,103] {logging_mixin.py:109} INFO - [2022-03-28 02:42:06,103] {dag.py:2398} INFO - Sync 1 DAGs
[2022-03-28 02:42:06,146] {logging_mixin.py:109} INFO - [2022-03-28 02:42:06,146] {dag.py:2937} INFO - Setting next_dagrun for latest_only to 2022-03-27T22:42:06.146369+00:00
[2022-03-28 02:42:06,180] {processor.py:171} INFO - Processing /home/airflow/.local/lib/python3.7/site-packages/airflow/example_dags/example_latest_only.py took 0.300 seconds
[2022-03-28 02:42:36,728] {processor.py:163} INFO - Started process (PID=190) to work on /home/airflow/.local/lib/python3.7/site-packages/airflow/example_dags/example_latest_only.py
[2022-03-28 02:42:36,730] {processor.py:642} INFO - Processing file /home/airflow/.local/lib/python3.7/site-packages/airflow/example_dags/example_latest_only.py for tasks to queue
[2022-03-28 02:42:36,732] {logging_mixin.py:109} INFO - [2022-03-28 02:42:36,732] {dagbag.py:500} INFO - Filling up the DagBag from /home/airflow/.local/lib/python3.7/site-packages/airflow/example_dags/example_latest_only.py
[2022-03-28 02:42:36,777] {processor.py:654} INFO - DAG(s) dict_keys(['latest_only']) retrieved from /home/airflow/.local/lib/python3.7/site-packages/airflow/example_dags/example_latest_only.py
[2022-03-28 02:42:36,786] {logging_mixin.py:109} INFO - [2022-03-28 02:42:36,786] {dag.py:2398} INFO - Sync 1 DAGs
[2022-03-28 02:42:36,801] {logging_mixin.py:109} INFO - [2022-03-28 02:42:36,801] {dag.py:2937} INFO - Setting next_dagrun for latest_only to 2022-03-27T22:42:36.801317+00:00
[2022-03-28 02:42:36,811] {processor.py:171} INFO - Processing /home/airflow/.local/lib/python3.7/site-packages/airflow/example_dags/example_latest_only.py took 0.089 seconds
