[2022-03-28 02:41:25,732] {processor.py:163} INFO - Started process (PID=83) to work on /home/airflow/.local/lib/python3.7/site-packages/airflow/example_dags/example_short_circuit_operator.py
[2022-03-28 02:41:25,749] {processor.py:642} INFO - Processing file /home/airflow/.local/lib/python3.7/site-packages/airflow/example_dags/example_short_circuit_operator.py for tasks to queue
[2022-03-28 02:41:25,770] {logging_mixin.py:109} INFO - [2022-03-28 02:41:25,754] {dagbag.py:500} INFO - Filling up the DagBag from /home/airflow/.local/lib/python3.7/site-packages/airflow/example_dags/example_short_circuit_operator.py
[2022-03-28 02:41:26,611] {processor.py:654} INFO - DAG(s) dict_keys(['example_short_circuit_operator']) retrieved from /home/airflow/.local/lib/python3.7/site-packages/airflow/example_dags/example_short_circuit_operator.py
[2022-03-28 02:41:27,023] {logging_mixin.py:109} INFO - [2022-03-28 02:41:27,022] {dag.py:2398} INFO - Sync 1 DAGs
[2022-03-28 02:41:27,245] {logging_mixin.py:109} INFO - [2022-03-28 02:41:27,245] {dag.py:2937} INFO - Setting next_dagrun for example_short_circuit_operator to 2022-03-27T02:41:27.245172+00:00
[2022-03-28 02:41:31,996] {processor.py:171} INFO - Processing /home/airflow/.local/lib/python3.7/site-packages/airflow/example_dags/example_short_circuit_operator.py took 6.333 seconds
[2022-03-28 02:42:02,617] {processor.py:163} INFO - Started process (PID=134) to work on /home/airflow/.local/lib/python3.7/site-packages/airflow/example_dags/example_short_circuit_operator.py
[2022-03-28 02:42:02,619] {processor.py:642} INFO - Processing file /home/airflow/.local/lib/python3.7/site-packages/airflow/example_dags/example_short_circuit_operator.py for tasks to queue
[2022-03-28 02:42:02,625] {logging_mixin.py:109} INFO - [2022-03-28 02:42:02,625] {dagbag.py:500} INFO - Filling up the DagBag from /home/airflow/.local/lib/python3.7/site-packages/airflow/example_dags/example_short_circuit_operator.py
[2022-03-28 02:42:02,691] {processor.py:654} INFO - DAG(s) dict_keys(['example_short_circuit_operator']) retrieved from /home/airflow/.local/lib/python3.7/site-packages/airflow/example_dags/example_short_circuit_operator.py
[2022-03-28 02:42:02,712] {logging_mixin.py:109} INFO - [2022-03-28 02:42:02,712] {dag.py:2398} INFO - Sync 1 DAGs
[2022-03-28 02:42:02,731] {logging_mixin.py:109} INFO - [2022-03-28 02:42:02,731] {dag.py:2937} INFO - Setting next_dagrun for example_short_circuit_operator to 2022-03-27T02:42:02.731149+00:00
[2022-03-28 02:42:02,742] {processor.py:171} INFO - Processing /home/airflow/.local/lib/python3.7/site-packages/airflow/example_dags/example_short_circuit_operator.py took 0.132 seconds
[2022-03-28 02:42:33,463] {processor.py:163} INFO - Started process (PID=184) to work on /home/airflow/.local/lib/python3.7/site-packages/airflow/example_dags/example_short_circuit_operator.py
[2022-03-28 02:42:33,468] {processor.py:642} INFO - Processing file /home/airflow/.local/lib/python3.7/site-packages/airflow/example_dags/example_short_circuit_operator.py for tasks to queue
[2022-03-28 02:42:33,476] {logging_mixin.py:109} INFO - [2022-03-28 02:42:33,476] {dagbag.py:500} INFO - Filling up the DagBag from /home/airflow/.local/lib/python3.7/site-packages/airflow/example_dags/example_short_circuit_operator.py
[2022-03-28 02:42:33,511] {processor.py:654} INFO - DAG(s) dict_keys(['example_short_circuit_operator']) retrieved from /home/airflow/.local/lib/python3.7/site-packages/airflow/example_dags/example_short_circuit_operator.py
[2022-03-28 02:42:33,524] {logging_mixin.py:109} INFO - [2022-03-28 02:42:33,524] {dag.py:2398} INFO - Sync 1 DAGs
[2022-03-28 02:42:33,542] {logging_mixin.py:109} INFO - [2022-03-28 02:42:33,542] {dag.py:2937} INFO - Setting next_dagrun for example_short_circuit_operator to 2022-03-27T02:42:33.542256+00:00
[2022-03-28 02:42:33,553] {processor.py:171} INFO - Processing /home/airflow/.local/lib/python3.7/site-packages/airflow/example_dags/example_short_circuit_operator.py took 0.096 seconds
