[2022-03-28 02:41:38,968] {processor.py:163} INFO - Started process (PID=100) to work on /home/airflow/.local/lib/python3.7/site-packages/airflow/example_dags/example_branch_labels.py
[2022-03-28 02:41:38,974] {processor.py:642} INFO - Processing file /home/airflow/.local/lib/python3.7/site-packages/airflow/example_dags/example_branch_labels.py for tasks to queue
[2022-03-28 02:41:38,984] {logging_mixin.py:109} INFO - [2022-03-28 02:41:38,983] {dagbag.py:500} INFO - Filling up the DagBag from /home/airflow/.local/lib/python3.7/site-packages/airflow/example_dags/example_branch_labels.py
[2022-03-28 02:41:39,100] {processor.py:654} INFO - DAG(s) dict_keys(['example_branch_labels']) retrieved from /home/airflow/.local/lib/python3.7/site-packages/airflow/example_dags/example_branch_labels.py
[2022-03-28 02:41:39,146] {logging_mixin.py:109} INFO - [2022-03-28 02:41:39,144] {dag.py:2398} INFO - Sync 1 DAGs
[2022-03-28 02:41:39,221] {logging_mixin.py:109} INFO - [2022-03-28 02:41:39,221] {dag.py:2937} INFO - Setting next_dagrun for example_branch_labels to 2022-03-27 00:00:00+00:00
[2022-03-28 02:41:39,256] {processor.py:171} INFO - Processing /home/airflow/.local/lib/python3.7/site-packages/airflow/example_dags/example_branch_labels.py took 0.304 seconds
[2022-03-28 02:42:09,488] {processor.py:163} INFO - Started process (PID=151) to work on /home/airflow/.local/lib/python3.7/site-packages/airflow/example_dags/example_branch_labels.py
[2022-03-28 02:42:09,493] {processor.py:642} INFO - Processing file /home/airflow/.local/lib/python3.7/site-packages/airflow/example_dags/example_branch_labels.py for tasks to queue
[2022-03-28 02:42:09,494] {logging_mixin.py:109} INFO - [2022-03-28 02:42:09,494] {dagbag.py:500} INFO - Filling up the DagBag from /home/airflow/.local/lib/python3.7/site-packages/airflow/example_dags/example_branch_labels.py
[2022-03-28 02:42:09,529] {processor.py:654} INFO - DAG(s) dict_keys(['example_branch_labels']) retrieved from /home/airflow/.local/lib/python3.7/site-packages/airflow/example_dags/example_branch_labels.py
[2022-03-28 02:42:09,742] {logging_mixin.py:109} INFO - [2022-03-28 02:42:09,742] {dag.py:2398} INFO - Sync 1 DAGs
[2022-03-28 02:42:09,767] {logging_mixin.py:109} INFO - [2022-03-28 02:42:09,767] {dag.py:2937} INFO - Setting next_dagrun for example_branch_labels to 2022-03-27 00:00:00+00:00
[2022-03-28 02:42:09,781] {processor.py:171} INFO - Processing /home/airflow/.local/lib/python3.7/site-packages/airflow/example_dags/example_branch_labels.py took 0.298 seconds
[2022-03-28 02:42:40,611] {processor.py:163} INFO - Started process (PID=201) to work on /home/airflow/.local/lib/python3.7/site-packages/airflow/example_dags/example_branch_labels.py
[2022-03-28 02:42:40,613] {processor.py:642} INFO - Processing file /home/airflow/.local/lib/python3.7/site-packages/airflow/example_dags/example_branch_labels.py for tasks to queue
[2022-03-28 02:42:40,615] {logging_mixin.py:109} INFO - [2022-03-28 02:42:40,615] {dagbag.py:500} INFO - Filling up the DagBag from /home/airflow/.local/lib/python3.7/site-packages/airflow/example_dags/example_branch_labels.py
[2022-03-28 02:42:40,651] {processor.py:654} INFO - DAG(s) dict_keys(['example_branch_labels']) retrieved from /home/airflow/.local/lib/python3.7/site-packages/airflow/example_dags/example_branch_labels.py
[2022-03-28 02:42:40,841] {logging_mixin.py:109} INFO - [2022-03-28 02:42:40,841] {dag.py:2398} INFO - Sync 1 DAGs
[2022-03-28 02:42:41,253] {logging_mixin.py:109} INFO - [2022-03-28 02:42:41,252] {dag.py:2937} INFO - Setting next_dagrun for example_branch_labels to 2022-03-27 00:00:00+00:00
[2022-03-28 02:42:41,830] {processor.py:171} INFO - Processing /home/airflow/.local/lib/python3.7/site-packages/airflow/example_dags/example_branch_labels.py took 1.225 seconds
