[2022-03-28 02:41:41,593] {processor.py:163} INFO - Started process (PID=106) to work on /home/airflow/.local/lib/python3.7/site-packages/airflow/example_dags/example_bash_operator.py
[2022-03-28 02:41:41,596] {processor.py:642} INFO - Processing file /home/airflow/.local/lib/python3.7/site-packages/airflow/example_dags/example_bash_operator.py for tasks to queue
[2022-03-28 02:41:41,598] {logging_mixin.py:109} INFO - [2022-03-28 02:41:41,598] {dagbag.py:500} INFO - Filling up the DagBag from /home/airflow/.local/lib/python3.7/site-packages/airflow/example_dags/example_bash_operator.py
[2022-03-28 02:41:41,668] {processor.py:654} INFO - DAG(s) dict_keys(['example_bash_operator']) retrieved from /home/airflow/.local/lib/python3.7/site-packages/airflow/example_dags/example_bash_operator.py
[2022-03-28 02:41:41,692] {logging_mixin.py:109} INFO - [2022-03-28 02:41:41,692] {dag.py:2398} INFO - Sync 1 DAGs
[2022-03-28 02:41:42,390] {logging_mixin.py:109} INFO - [2022-03-28 02:41:42,389] {dag.py:2937} INFO - Setting next_dagrun for example_bash_operator to 2022-03-27 00:00:00+00:00
[2022-03-28 02:41:44,040] {processor.py:171} INFO - Processing /home/airflow/.local/lib/python3.7/site-packages/airflow/example_dags/example_bash_operator.py took 2.455 seconds
[2022-03-28 02:42:14,455] {processor.py:163} INFO - Started process (PID=157) to work on /home/airflow/.local/lib/python3.7/site-packages/airflow/example_dags/example_bash_operator.py
[2022-03-28 02:42:14,457] {processor.py:642} INFO - Processing file /home/airflow/.local/lib/python3.7/site-packages/airflow/example_dags/example_bash_operator.py for tasks to queue
[2022-03-28 02:42:14,458] {logging_mixin.py:109} INFO - [2022-03-28 02:42:14,458] {dagbag.py:500} INFO - Filling up the DagBag from /home/airflow/.local/lib/python3.7/site-packages/airflow/example_dags/example_bash_operator.py
[2022-03-28 02:42:14,516] {processor.py:654} INFO - DAG(s) dict_keys(['example_bash_operator']) retrieved from /home/airflow/.local/lib/python3.7/site-packages/airflow/example_dags/example_bash_operator.py
[2022-03-28 02:42:14,535] {logging_mixin.py:109} INFO - [2022-03-28 02:42:14,535] {dag.py:2398} INFO - Sync 1 DAGs
[2022-03-28 02:42:14,567] {logging_mixin.py:109} INFO - [2022-03-28 02:42:14,567] {dag.py:2937} INFO - Setting next_dagrun for example_bash_operator to 2022-03-27 00:00:00+00:00
[2022-03-28 02:42:14,604] {processor.py:171} INFO - Processing /home/airflow/.local/lib/python3.7/site-packages/airflow/example_dags/example_bash_operator.py took 0.155 seconds
[2022-03-28 02:42:45,258] {processor.py:163} INFO - Started process (PID=216) to work on /home/airflow/.local/lib/python3.7/site-packages/airflow/example_dags/example_bash_operator.py
[2022-03-28 02:42:45,262] {processor.py:642} INFO - Processing file /home/airflow/.local/lib/python3.7/site-packages/airflow/example_dags/example_bash_operator.py for tasks to queue
[2022-03-28 02:42:45,264] {logging_mixin.py:109} INFO - [2022-03-28 02:42:45,264] {dagbag.py:500} INFO - Filling up the DagBag from /home/airflow/.local/lib/python3.7/site-packages/airflow/example_dags/example_bash_operator.py
[2022-03-28 02:42:45,363] {processor.py:654} INFO - DAG(s) dict_keys(['example_bash_operator']) retrieved from /home/airflow/.local/lib/python3.7/site-packages/airflow/example_dags/example_bash_operator.py
[2022-03-28 02:42:45,421] {logging_mixin.py:109} INFO - [2022-03-28 02:42:45,421] {dag.py:2398} INFO - Sync 1 DAGs
[2022-03-28 02:42:45,490] {logging_mixin.py:109} INFO - [2022-03-28 02:42:45,490] {dag.py:2937} INFO - Setting next_dagrun for example_bash_operator to 2022-03-27 00:00:00+00:00
[2022-03-28 02:42:46,198] {processor.py:171} INFO - Processing /home/airflow/.local/lib/python3.7/site-packages/airflow/example_dags/example_bash_operator.py took 0.948 seconds
