[2022-03-28 02:41:33,934] {processor.py:163} INFO - Started process (PID=88) to work on /home/airflow/.local/lib/python3.7/site-packages/airflow/example_dags/example_trigger_controller_dag.py
[2022-03-28 02:41:33,943] {processor.py:642} INFO - Processing file /home/airflow/.local/lib/python3.7/site-packages/airflow/example_dags/example_trigger_controller_dag.py for tasks to queue
[2022-03-28 02:41:33,950] {logging_mixin.py:109} INFO - [2022-03-28 02:41:33,950] {dagbag.py:500} INFO - Filling up the DagBag from /home/airflow/.local/lib/python3.7/site-packages/airflow/example_dags/example_trigger_controller_dag.py
[2022-03-28 02:41:34,242] {processor.py:654} INFO - DAG(s) dict_keys(['example_trigger_controller_dag']) retrieved from /home/airflow/.local/lib/python3.7/site-packages/airflow/example_dags/example_trigger_controller_dag.py
[2022-03-28 02:41:34,329] {logging_mixin.py:109} INFO - [2022-03-28 02:41:34,329] {dag.py:2398} INFO - Sync 1 DAGs
[2022-03-28 02:41:34,445] {logging_mixin.py:109} INFO - [2022-03-28 02:41:34,445] {dag.py:2937} INFO - Setting next_dagrun for example_trigger_controller_dag to 2021-01-01T00:00:00+00:00
[2022-03-28 02:41:34,501] {processor.py:171} INFO - Processing /home/airflow/.local/lib/python3.7/site-packages/airflow/example_dags/example_trigger_controller_dag.py took 0.596 seconds
[2022-03-28 02:42:04,796] {processor.py:163} INFO - Started process (PID=138) to work on /home/airflow/.local/lib/python3.7/site-packages/airflow/example_dags/example_trigger_controller_dag.py
[2022-03-28 02:42:04,802] {processor.py:642} INFO - Processing file /home/airflow/.local/lib/python3.7/site-packages/airflow/example_dags/example_trigger_controller_dag.py for tasks to queue
[2022-03-28 02:42:04,803] {logging_mixin.py:109} INFO - [2022-03-28 02:42:04,803] {dagbag.py:500} INFO - Filling up the DagBag from /home/airflow/.local/lib/python3.7/site-packages/airflow/example_dags/example_trigger_controller_dag.py
[2022-03-28 02:42:04,909] {processor.py:654} INFO - DAG(s) dict_keys(['example_trigger_controller_dag']) retrieved from /home/airflow/.local/lib/python3.7/site-packages/airflow/example_dags/example_trigger_controller_dag.py
[2022-03-28 02:42:04,928] {logging_mixin.py:109} INFO - [2022-03-28 02:42:04,928] {dag.py:2398} INFO - Sync 1 DAGs
[2022-03-28 02:42:04,961] {logging_mixin.py:109} INFO - [2022-03-28 02:42:04,961] {dag.py:2937} INFO - Setting next_dagrun for example_trigger_controller_dag to 2021-01-01T00:00:00+00:00
[2022-03-28 02:42:04,979] {processor.py:171} INFO - Processing /home/airflow/.local/lib/python3.7/site-packages/airflow/example_dags/example_trigger_controller_dag.py took 0.186 seconds
[2022-03-28 02:42:35,597] {processor.py:163} INFO - Started process (PID=188) to work on /home/airflow/.local/lib/python3.7/site-packages/airflow/example_dags/example_trigger_controller_dag.py
[2022-03-28 02:42:35,599] {processor.py:642} INFO - Processing file /home/airflow/.local/lib/python3.7/site-packages/airflow/example_dags/example_trigger_controller_dag.py for tasks to queue
[2022-03-28 02:42:35,601] {logging_mixin.py:109} INFO - [2022-03-28 02:42:35,600] {dagbag.py:500} INFO - Filling up the DagBag from /home/airflow/.local/lib/python3.7/site-packages/airflow/example_dags/example_trigger_controller_dag.py
[2022-03-28 02:42:35,646] {processor.py:654} INFO - DAG(s) dict_keys(['example_trigger_controller_dag']) retrieved from /home/airflow/.local/lib/python3.7/site-packages/airflow/example_dags/example_trigger_controller_dag.py
[2022-03-28 02:42:35,661] {logging_mixin.py:109} INFO - [2022-03-28 02:42:35,661] {dag.py:2398} INFO - Sync 1 DAGs
[2022-03-28 02:42:35,680] {logging_mixin.py:109} INFO - [2022-03-28 02:42:35,680] {dag.py:2937} INFO - Setting next_dagrun for example_trigger_controller_dag to 2021-01-01T00:00:00+00:00
[2022-03-28 02:42:35,690] {processor.py:171} INFO - Processing /home/airflow/.local/lib/python3.7/site-packages/airflow/example_dags/example_trigger_controller_dag.py took 0.099 seconds
