[2022-03-28 02:41:46,087] {processor.py:163} INFO - Started process (PID=118) to work on /home/airflow/.local/lib/python3.7/site-packages/airflow/example_dags/tutorial_etl_dag.py
[2022-03-28 02:41:46,105] {processor.py:642} INFO - Processing file /home/airflow/.local/lib/python3.7/site-packages/airflow/example_dags/tutorial_etl_dag.py for tasks to queue
[2022-03-28 02:41:46,110] {logging_mixin.py:109} INFO - [2022-03-28 02:41:46,110] {dagbag.py:500} INFO - Filling up the DagBag from /home/airflow/.local/lib/python3.7/site-packages/airflow/example_dags/tutorial_etl_dag.py
[2022-03-28 02:41:46,445] {processor.py:654} INFO - DAG(s) dict_keys(['tutorial_etl_dag']) retrieved from /home/airflow/.local/lib/python3.7/site-packages/airflow/example_dags/tutorial_etl_dag.py
[2022-03-28 02:41:46,660] {logging_mixin.py:109} INFO - [2022-03-28 02:41:46,660] {dag.py:2398} INFO - Sync 1 DAGs
[2022-03-28 02:41:47,151] {logging_mixin.py:109} INFO - [2022-03-28 02:41:47,150] {dag.py:2937} INFO - Setting next_dagrun for tutorial_etl_dag to None
[2022-03-28 02:41:47,583] {processor.py:171} INFO - Processing /home/airflow/.local/lib/python3.7/site-packages/airflow/example_dags/tutorial_etl_dag.py took 1.508 seconds
[2022-03-28 02:42:17,926] {processor.py:163} INFO - Started process (PID=169) to work on /home/airflow/.local/lib/python3.7/site-packages/airflow/example_dags/tutorial_etl_dag.py
[2022-03-28 02:42:17,934] {processor.py:642} INFO - Processing file /home/airflow/.local/lib/python3.7/site-packages/airflow/example_dags/tutorial_etl_dag.py for tasks to queue
[2022-03-28 02:42:17,935] {logging_mixin.py:109} INFO - [2022-03-28 02:42:17,935] {dagbag.py:500} INFO - Filling up the DagBag from /home/airflow/.local/lib/python3.7/site-packages/airflow/example_dags/tutorial_etl_dag.py
[2022-03-28 02:42:18,001] {processor.py:654} INFO - DAG(s) dict_keys(['tutorial_etl_dag']) retrieved from /home/airflow/.local/lib/python3.7/site-packages/airflow/example_dags/tutorial_etl_dag.py
[2022-03-28 02:42:18,022] {logging_mixin.py:109} INFO - [2022-03-28 02:42:18,022] {dag.py:2398} INFO - Sync 1 DAGs
[2022-03-28 02:42:18,044] {logging_mixin.py:109} INFO - [2022-03-28 02:42:18,044] {dag.py:2937} INFO - Setting next_dagrun for tutorial_etl_dag to None
[2022-03-28 02:42:18,061] {processor.py:171} INFO - Processing /home/airflow/.local/lib/python3.7/site-packages/airflow/example_dags/tutorial_etl_dag.py took 0.138 seconds
[2022-03-28 02:42:48,730] {processor.py:163} INFO - Started process (PID=219) to work on /home/airflow/.local/lib/python3.7/site-packages/airflow/example_dags/tutorial_etl_dag.py
[2022-03-28 02:42:48,736] {processor.py:642} INFO - Processing file /home/airflow/.local/lib/python3.7/site-packages/airflow/example_dags/tutorial_etl_dag.py for tasks to queue
[2022-03-28 02:42:48,737] {logging_mixin.py:109} INFO - [2022-03-28 02:42:48,737] {dagbag.py:500} INFO - Filling up the DagBag from /home/airflow/.local/lib/python3.7/site-packages/airflow/example_dags/tutorial_etl_dag.py
[2022-03-28 02:42:48,784] {processor.py:654} INFO - DAG(s) dict_keys(['tutorial_etl_dag']) retrieved from /home/airflow/.local/lib/python3.7/site-packages/airflow/example_dags/tutorial_etl_dag.py
[2022-03-28 02:42:48,799] {logging_mixin.py:109} INFO - [2022-03-28 02:42:48,799] {dag.py:2398} INFO - Sync 1 DAGs
[2022-03-28 02:42:48,815] {logging_mixin.py:109} INFO - [2022-03-28 02:42:48,815] {dag.py:2937} INFO - Setting next_dagrun for tutorial_etl_dag to None
[2022-03-28 02:42:48,826] {processor.py:171} INFO - Processing /home/airflow/.local/lib/python3.7/site-packages/airflow/example_dags/tutorial_etl_dag.py took 0.099 seconds
