[2022-03-28 02:41:35,081] {processor.py:163} INFO - Started process (PID=90) to work on /home/airflow/.local/lib/python3.7/site-packages/airflow/example_dags/tutorial.py
[2022-03-28 02:41:35,088] {processor.py:642} INFO - Processing file /home/airflow/.local/lib/python3.7/site-packages/airflow/example_dags/tutorial.py for tasks to queue
[2022-03-28 02:41:35,095] {logging_mixin.py:109} INFO - [2022-03-28 02:41:35,094] {dagbag.py:500} INFO - Filling up the DagBag from /home/airflow/.local/lib/python3.7/site-packages/airflow/example_dags/tutorial.py
[2022-03-28 02:41:35,227] {processor.py:654} INFO - DAG(s) dict_keys(['tutorial']) retrieved from /home/airflow/.local/lib/python3.7/site-packages/airflow/example_dags/tutorial.py
[2022-03-28 02:41:35,279] {logging_mixin.py:109} INFO - [2022-03-28 02:41:35,279] {dag.py:2398} INFO - Sync 1 DAGs
[2022-03-28 02:41:35,370] {logging_mixin.py:109} INFO - [2022-03-28 02:41:35,370] {dag.py:2937} INFO - Setting next_dagrun for tutorial to 2022-03-27T02:41:35.369906+00:00
[2022-03-28 02:41:35,455] {processor.py:171} INFO - Processing /home/airflow/.local/lib/python3.7/site-packages/airflow/example_dags/tutorial.py took 0.398 seconds
[2022-03-28 02:42:06,234] {processor.py:163} INFO - Started process (PID=141) to work on /home/airflow/.local/lib/python3.7/site-packages/airflow/example_dags/tutorial.py
[2022-03-28 02:42:06,240] {processor.py:642} INFO - Processing file /home/airflow/.local/lib/python3.7/site-packages/airflow/example_dags/tutorial.py for tasks to queue
[2022-03-28 02:42:06,248] {logging_mixin.py:109} INFO - [2022-03-28 02:42:06,245] {dagbag.py:500} INFO - Filling up the DagBag from /home/airflow/.local/lib/python3.7/site-packages/airflow/example_dags/tutorial.py
[2022-03-28 02:42:06,364] {processor.py:654} INFO - DAG(s) dict_keys(['tutorial']) retrieved from /home/airflow/.local/lib/python3.7/site-packages/airflow/example_dags/tutorial.py
[2022-03-28 02:42:06,381] {logging_mixin.py:109} INFO - [2022-03-28 02:42:06,381] {dag.py:2398} INFO - Sync 1 DAGs
[2022-03-28 02:42:06,409] {logging_mixin.py:109} INFO - [2022-03-28 02:42:06,409] {dag.py:2937} INFO - Setting next_dagrun for tutorial to 2022-03-27T02:42:06.409560+00:00
[2022-03-28 02:42:06,432] {processor.py:171} INFO - Processing /home/airflow/.local/lib/python3.7/site-packages/airflow/example_dags/tutorial.py took 0.208 seconds
[2022-03-28 02:42:36,855] {processor.py:163} INFO - Started process (PID=191) to work on /home/airflow/.local/lib/python3.7/site-packages/airflow/example_dags/tutorial.py
[2022-03-28 02:42:36,857] {processor.py:642} INFO - Processing file /home/airflow/.local/lib/python3.7/site-packages/airflow/example_dags/tutorial.py for tasks to queue
[2022-03-28 02:42:36,858] {logging_mixin.py:109} INFO - [2022-03-28 02:42:36,858] {dagbag.py:500} INFO - Filling up the DagBag from /home/airflow/.local/lib/python3.7/site-packages/airflow/example_dags/tutorial.py
[2022-03-28 02:42:36,888] {processor.py:654} INFO - DAG(s) dict_keys(['tutorial']) retrieved from /home/airflow/.local/lib/python3.7/site-packages/airflow/example_dags/tutorial.py
[2022-03-28 02:42:36,898] {logging_mixin.py:109} INFO - [2022-03-28 02:42:36,898] {dag.py:2398} INFO - Sync 1 DAGs
[2022-03-28 02:42:36,913] {logging_mixin.py:109} INFO - [2022-03-28 02:42:36,913] {dag.py:2937} INFO - Setting next_dagrun for tutorial to 2022-03-27T02:42:36.913306+00:00
[2022-03-28 02:42:36,924] {processor.py:171} INFO - Processing /home/airflow/.local/lib/python3.7/site-packages/airflow/example_dags/tutorial.py took 0.073 seconds
